
RAxML-NG v. 0.5.1b BETA released on 01.12.2017 by The Exelixis Lab.
Authors: Alexey Kozlov, Alexandros Stamatakis, Diego Darriba, Tomas Flouri, Benoit Morel.
Latest version: https://github.com/amkozlov/raxml-ng
Questions/problems/suggestions? Please visit: https://groups.google.com/forum/#!forum/raxml

WARNING: This is a BETA release, please use at your own risk!

RAxML-NG was called as follows:

raxml-ng-mpi --all --msa /mnt/lustre/scratch/home/uvi/be/avs/cancer_genes_selection/genes/MAPK1/align/MAPK1_align_DNA_trimmed2.fasta --model GTR+G -tree pars{10} --bs-trees 100 --prefix /mnt/lustre/scratch/home/uvi/be/avs/cancer_genes_selection/genes/MAPK1/tree/MAPK1_trimmed --redo

Analysis options:
  run mode: ML tree search + bootstrapping
  start tree(s): parsimony (10)
  random seed: 1522097424
  tip-inner: ON
  pattern compression: ON
  per-rate scalers: OFF
  site repeats: OFF
  branch lengths: ML estimate (linked)
  SIMD kernels: AVX2
  parallelization: NONE/sequential

WARNING: Running in REDO mode: existing checkpoints are ignored, and all result files will be overwritten!

[00:00:00] Reading alignment from file: /mnt/lustre/scratch/home/uvi/be/avs/cancer_genes_selection/genes/MAPK1/align/MAPK1_align_DNA_trimmed2.fasta
[00:00:01] Loaded alignment with 17 taxa and 1083 sites

Alignment comprises 1 partitions and 342 patterns

Partition 0: noname
Model: GTR+FO+G4m
Alignment sites / patterns: 1083 / 342
Gaps: 4.95 %
Invariant sites: 64.27 %


[00:00:01] Generating parsimony starting tree(s) with 17 taxa
[00:00:01] Data distribution: partitions/thread: 1-1, patterns/thread: 342-342

Starting ML tree search with 10 distinct starting trees

[00:00:05] ML tree search #1, logLikelihood: -5049.584131
[00:00:09] ML tree search #2, logLikelihood: -5049.584159
[00:00:13] ML tree search #3, logLikelihood: -5049.584177
[00:00:17] ML tree search #4, logLikelihood: -5049.584338
[00:00:22] ML tree search #5, logLikelihood: -5049.584216
[00:00:27] ML tree search #6, logLikelihood: -5049.584121
[00:00:31] ML tree search #7, logLikelihood: -5049.584249
[00:00:35] ML tree search #8, logLikelihood: -5049.584121
[00:00:39] ML tree search #9, logLikelihood: -5049.584237
[00:00:43] ML tree search #10, logLikelihood: -5049.584153

[00:00:44] ML tree search completed, best tree logLH: -5049.584121

[00:00:44] Starting bootstrapping analysis with 100 replicates.

[00:00:48] Bootstrap tree #1, logLikelihood: -4866.892207
[00:00:54] Bootstrap tree #2, logLikelihood: -5160.462785
[00:01:00] Bootstrap tree #3, logLikelihood: -5182.603917
[00:01:05] Bootstrap tree #4, logLikelihood: -5086.043036
[00:01:09] Bootstrap tree #5, logLikelihood: -5003.326218
[00:01:14] Bootstrap tree #6, logLikelihood: -5220.654922
[00:01:20] Bootstrap tree #7, logLikelihood: -5294.355599
[00:01:25] Bootstrap tree #8, logLikelihood: -4908.610437
[00:01:29] Bootstrap tree #9, logLikelihood: -5344.120273
[00:01:34] Bootstrap tree #10, logLikelihood: -4998.697499
[00:01:38] Bootstrap tree #11, logLikelihood: -4967.524013
[00:01:43] Bootstrap tree #12, logLikelihood: -5325.257479
[00:01:49] Bootstrap tree #13, logLikelihood: -4460.901011
[00:01:54] Bootstrap tree #14, logLikelihood: -5229.786807
[00:01:59] Bootstrap tree #15, logLikelihood: -4998.540388
[00:02:04] Bootstrap tree #16, logLikelihood: -4876.008310
[00:02:09] Bootstrap tree #17, logLikelihood: -4989.892114
[00:02:14] Bootstrap tree #18, logLikelihood: -4702.741938
[00:02:20] Bootstrap tree #19, logLikelihood: -4925.076361
[00:02:25] Bootstrap tree #20, logLikelihood: -4788.082567
[00:02:30] Bootstrap tree #21, logLikelihood: -5151.633057
[00:02:36] Bootstrap tree #22, logLikelihood: -4973.584584
[00:02:42] Bootstrap tree #23, logLikelihood: -5086.872800
[00:02:48] Bootstrap tree #24, logLikelihood: -4980.110561
[00:02:52] Bootstrap tree #25, logLikelihood: -5229.052525
[00:02:58] Bootstrap tree #26, logLikelihood: -5166.531115
[00:03:03] Bootstrap tree #27, logLikelihood: -5231.223255
[00:03:08] Bootstrap tree #28, logLikelihood: -5055.351403
[00:03:13] Bootstrap tree #29, logLikelihood: -5111.288780
[00:03:19] Bootstrap tree #30, logLikelihood: -5171.264817
[00:03:25] Bootstrap tree #31, logLikelihood: -4905.487888
[00:03:30] Bootstrap tree #32, logLikelihood: -4921.368811
[00:03:35] Bootstrap tree #33, logLikelihood: -5008.492529
[00:03:40] Bootstrap tree #34, logLikelihood: -5138.790710
[00:03:46] Bootstrap tree #35, logLikelihood: -5139.480409
[00:03:53] Bootstrap tree #36, logLikelihood: -4678.361765
[00:04:00] Bootstrap tree #37, logLikelihood: -4917.244012
[00:04:05] Bootstrap tree #38, logLikelihood: -5128.246748
[00:04:09] Bootstrap tree #39, logLikelihood: -4991.825878
[00:04:14] Bootstrap tree #40, logLikelihood: -4951.126527
[00:04:21] Bootstrap tree #41, logLikelihood: -5098.243629
[00:04:27] Bootstrap tree #42, logLikelihood: -5156.889164
[00:04:32] Bootstrap tree #43, logLikelihood: -4827.656113
[00:04:37] Bootstrap tree #44, logLikelihood: -5076.034482
[00:04:45] Bootstrap tree #45, logLikelihood: -5241.325422
[00:04:52] Bootstrap tree #46, logLikelihood: -4822.751821
[00:04:57] Bootstrap tree #47, logLikelihood: -4847.789165
[00:05:03] Bootstrap tree #48, logLikelihood: -5107.700338
[00:05:09] Bootstrap tree #49, logLikelihood: -4936.647287
[00:05:16] Bootstrap tree #50, logLikelihood: -4935.467234
[00:05:20] Bootstrap tree #51, logLikelihood: -5315.264312
[00:05:25] Bootstrap tree #52, logLikelihood: -4989.947646
[00:05:30] Bootstrap tree #53, logLikelihood: -4953.603467
[00:05:38] Bootstrap tree #54, logLikelihood: -4898.292778
[00:05:44] Bootstrap tree #55, logLikelihood: -5298.736178
[00:05:50] Bootstrap tree #56, logLikelihood: -4965.943500
[00:05:56] Bootstrap tree #57, logLikelihood: -5142.929911
[00:06:01] Bootstrap tree #58, logLikelihood: -5083.095893
[00:06:07] Bootstrap tree #59, logLikelihood: -5285.968236
[00:06:12] Bootstrap tree #60, logLikelihood: -4865.541997
[00:06:18] Bootstrap tree #61, logLikelihood: -5019.393293
[00:06:23] Bootstrap tree #62, logLikelihood: -4875.116307
[00:06:30] Bootstrap tree #63, logLikelihood: -4674.892167
[00:06:35] Bootstrap tree #64, logLikelihood: -5081.049439
[00:06:41] Bootstrap tree #65, logLikelihood: -5115.980857
[00:06:47] Bootstrap tree #66, logLikelihood: -5050.709653
[00:06:53] Bootstrap tree #67, logLikelihood: -5024.252774
[00:06:58] Bootstrap tree #68, logLikelihood: -5174.963059
[00:07:04] Bootstrap tree #69, logLikelihood: -4901.893201
[00:07:10] Bootstrap tree #70, logLikelihood: -5131.520556
[00:07:16] Bootstrap tree #71, logLikelihood: -4898.912829
[00:07:22] Bootstrap tree #72, logLikelihood: -4845.612527
[00:07:27] Bootstrap tree #73, logLikelihood: -4929.418561
[00:07:34] Bootstrap tree #74, logLikelihood: -5088.086361
[00:07:40] Bootstrap tree #75, logLikelihood: -5073.892358
[00:07:45] Bootstrap tree #76, logLikelihood: -5122.654946
[00:07:52] Bootstrap tree #77, logLikelihood: -4786.277190
[00:07:58] Bootstrap tree #78, logLikelihood: -4967.222948
[00:08:04] Bootstrap tree #79, logLikelihood: -5275.122204
[00:08:11] Bootstrap tree #80, logLikelihood: -4932.109863
[00:08:18] Bootstrap tree #81, logLikelihood: -5187.398904
[00:08:24] Bootstrap tree #82, logLikelihood: -5230.794370
[00:08:30] Bootstrap tree #83, logLikelihood: -4962.879375
[00:08:35] Bootstrap tree #84, logLikelihood: -4856.949950
[00:08:41] Bootstrap tree #85, logLikelihood: -5300.700279
[00:08:47] Bootstrap tree #86, logLikelihood: -4928.875841
[00:08:53] Bootstrap tree #87, logLikelihood: -5023.806096
[00:08:59] Bootstrap tree #88, logLikelihood: -4864.747911
[00:09:05] Bootstrap tree #89, logLikelihood: -4691.339723
[00:09:12] Bootstrap tree #90, logLikelihood: -5034.704568
[00:09:18] Bootstrap tree #91, logLikelihood: -5087.710792
[00:09:24] Bootstrap tree #92, logLikelihood: -5047.835855
[00:09:31] Bootstrap tree #93, logLikelihood: -4933.610034
[00:09:37] Bootstrap tree #94, logLikelihood: -4923.483195
[00:09:43] Bootstrap tree #95, logLikelihood: -4994.184577
[00:09:50] Bootstrap tree #96, logLikelihood: -4986.574556
[00:09:56] Bootstrap tree #97, logLikelihood: -4888.948381
[00:10:04] Bootstrap tree #98, logLikelihood: -5113.620668
[00:10:11] Bootstrap tree #99, logLikelihood: -5119.554540
[00:10:20] Bootstrap tree #100, logLikelihood: -5168.649401

Optimized model parameters:

   Partition 0: noname
   Rate heterogeneity: GAMMA (4 cats, mean),  alpha: 0.336930 (ML),  weights&rates: (0.250000,0.008763) (0.250000,0.133364) (0.250000,0.652915) (0.250000,3.204957) 
   Base frequencies (ML): 0.259539 0.271570 0.236038 0.232854 
   Substitution rates (ML): 0.640227 4.073407 0.648891 1.314211 7.912879 1.000000 

Final LogLikelihood: -5049.584121

All ML trees saved to: /mnt/lustre/scratch/home/uvi/be/avs/cancer_genes_selection/genes/MAPK1/tree/MAPK1_trimmed.raxml.mlTrees
Best ML tree saved to: /mnt/lustre/scratch/home/uvi/be/avs/cancer_genes_selection/genes/MAPK1/tree/MAPK1_trimmed.raxml.bestTree
Best ML tree with bootstrap support values saved to: /mnt/lustre/scratch/home/uvi/be/avs/cancer_genes_selection/genes/MAPK1/tree/MAPK1_trimmed.raxml.support
Optimized model saved to: /mnt/lustre/scratch/home/uvi/be/avs/cancer_genes_selection/genes/MAPK1/tree/MAPK1_trimmed.raxml.bestModel
Bootstrap trees saved to: /mnt/lustre/scratch/home/uvi/be/avs/cancer_genes_selection/genes/MAPK1/tree/MAPK1_trimmed.raxml.bootstraps

Execution log saved to: /mnt/lustre/scratch/home/uvi/be/avs/cancer_genes_selection/genes/MAPK1/tree/MAPK1_trimmed.raxml.log

Analysis started: 26-Mar-2018 22:50:23 / finished: 26-Mar-2018 23:00:47

Elapsed time: 623.968 seconds

