
RAxML-NG v. 0.5.1b BETA released on 01.12.2017 by The Exelixis Lab.
Authors: Alexey Kozlov, Alexandros Stamatakis, Diego Darriba, Tomas Flouri, Benoit Morel.
Latest version: https://github.com/amkozlov/raxml-ng
Questions/problems/suggestions? Please visit: https://groups.google.com/forum/#!forum/raxml

WARNING: This is a BETA release, please use at your own risk!

RAxML-NG was called as follows:

raxml-ng-mpi --all --msa /mnt/lustre/scratch/home/uvi/be/avs/cancer_genes_selection/genes/FAT4/align/FAT4_align_DNA_trimmed.fasta --model GTR+G -tree pars{10} --bs-trees 100 --prefix /mnt/lustre/scratch/home/uvi/be/avs/cancer_genes_selection/genes/FAT4/tree/FAT4 --redo

Analysis options:
  run mode: ML tree search + bootstrapping
  start tree(s): parsimony (10)
  random seed: 1521656279
  tip-inner: ON
  pattern compression: ON
  per-rate scalers: OFF
  site repeats: OFF
  branch lengths: ML estimate (linked)
  SIMD kernels: AVX2
  parallelization: NONE/sequential

WARNING: Running in REDO mode: existing checkpoints are ignored, and all result files will be overwritten!

[00:00:00] Reading alignment from file: /mnt/lustre/scratch/home/uvi/be/avs/cancer_genes_selection/genes/FAT4/align/FAT4_align_DNA_trimmed.fasta
[00:00:00] Loaded alignment with 25 taxa and 14952 sites

Alignment comprises 1 partitions and 5063 patterns

Partition 0: noname
Model: GTR+FO+G4m
Alignment sites / patterns: 14952 / 5063
Gaps: 1.10 %
Invariant sites: 54.95 %


[00:00:01] Generating parsimony starting tree(s) with 25 taxa
[00:00:01] Data distribution: partitions/thread: 1-1, patterns/thread: 5063-5063

Starting ML tree search with 10 distinct starting trees

[00:00:25] ML tree search #1, logLikelihood: -104871.935973
[00:00:49] ML tree search #2, logLikelihood: -104871.929188
[00:01:14] ML tree search #3, logLikelihood: -104871.928844
[00:01:38] ML tree search #4, logLikelihood: -104871.928340
[00:02:02] ML tree search #5, logLikelihood: -104871.930210
[00:02:26] ML tree search #6, logLikelihood: -104871.930020
[00:02:48] ML tree search #7, logLikelihood: -104871.930527
[00:03:12] ML tree search #8, logLikelihood: -104871.929400
[00:03:36] ML tree search #9, logLikelihood: -104871.929820
[00:03:59] ML tree search #10, logLikelihood: -104871.930184

[00:03:59] ML tree search completed, best tree logLH: -104871.928340

[00:03:59] Starting bootstrapping analysis with 100 replicates.

[00:04:21] Bootstrap tree #1, logLikelihood: -104950.093230
[00:04:43] Bootstrap tree #2, logLikelihood: -106336.941491
[00:05:02] Bootstrap tree #3, logLikelihood: -106346.723131
[00:05:24] Bootstrap tree #4, logLikelihood: -104823.262784
[00:05:46] Bootstrap tree #5, logLikelihood: -105556.542326
[00:06:06] Bootstrap tree #6, logLikelihood: -105672.366161
[00:06:27] Bootstrap tree #7, logLikelihood: -106593.815813
[00:06:51] Bootstrap tree #8, logLikelihood: -104177.396678
[00:07:14] Bootstrap tree #9, logLikelihood: -104829.142293
[00:07:36] Bootstrap tree #10, logLikelihood: -104357.771518
[00:07:59] Bootstrap tree #11, logLikelihood: -105266.239436
[00:08:23] Bootstrap tree #12, logLikelihood: -104034.733780
[00:08:44] Bootstrap tree #13, logLikelihood: -104681.212305
[00:09:06] Bootstrap tree #14, logLikelihood: -104113.295854
[00:09:27] Bootstrap tree #15, logLikelihood: -104629.327570
[00:09:49] Bootstrap tree #16, logLikelihood: -105638.655185
[00:10:10] Bootstrap tree #17, logLikelihood: -104429.072979
[00:10:29] Bootstrap tree #18, logLikelihood: -105281.081817
[00:10:53] Bootstrap tree #19, logLikelihood: -103792.390565
[00:11:14] Bootstrap tree #20, logLikelihood: -104363.965371
[00:11:36] Bootstrap tree #21, logLikelihood: -104385.433907
[00:12:01] Bootstrap tree #22, logLikelihood: -106018.755215
[00:12:23] Bootstrap tree #23, logLikelihood: -105379.081924
[00:12:44] Bootstrap tree #24, logLikelihood: -105313.641640
[00:13:06] Bootstrap tree #25, logLikelihood: -104885.660276
[00:13:28] Bootstrap tree #26, logLikelihood: -105035.481561
[00:13:52] Bootstrap tree #27, logLikelihood: -105530.460031
[00:14:15] Bootstrap tree #28, logLikelihood: -105185.473639
[00:14:40] Bootstrap tree #29, logLikelihood: -104529.433052
[00:15:04] Bootstrap tree #30, logLikelihood: -105270.586433
[00:15:26] Bootstrap tree #31, logLikelihood: -106216.781221
[00:15:48] Bootstrap tree #32, logLikelihood: -106353.108989
[00:16:08] Bootstrap tree #33, logLikelihood: -104519.497297
[00:16:29] Bootstrap tree #34, logLikelihood: -104337.350345
[00:16:51] Bootstrap tree #35, logLikelihood: -105740.763975
[00:17:12] Bootstrap tree #36, logLikelihood: -104361.126122
[00:17:35] Bootstrap tree #37, logLikelihood: -104879.849873
[00:17:57] Bootstrap tree #38, logLikelihood: -104024.364506
[00:18:22] Bootstrap tree #39, logLikelihood: -104464.019648
[00:18:46] Bootstrap tree #40, logLikelihood: -103939.461963
[00:19:09] Bootstrap tree #41, logLikelihood: -104227.345586
[00:19:35] Bootstrap tree #42, logLikelihood: -104837.497259
[00:20:03] Bootstrap tree #43, logLikelihood: -105057.014741
[00:20:23] Bootstrap tree #44, logLikelihood: -103449.019455
[00:20:45] Bootstrap tree #45, logLikelihood: -106118.144093
[00:21:07] Bootstrap tree #46, logLikelihood: -106216.533401
[00:21:27] Bootstrap tree #47, logLikelihood: -105089.530537
[00:21:50] Bootstrap tree #48, logLikelihood: -104430.727719
[00:22:12] Bootstrap tree #49, logLikelihood: -105641.189361
[00:22:38] Bootstrap tree #50, logLikelihood: -104026.853294
[00:23:00] Bootstrap tree #51, logLikelihood: -103521.193896
[00:23:22] Bootstrap tree #52, logLikelihood: -104534.268650
[00:23:43] Bootstrap tree #53, logLikelihood: -104466.134245
[00:24:06] Bootstrap tree #54, logLikelihood: -105476.061401
[00:24:29] Bootstrap tree #55, logLikelihood: -105241.396449
[00:24:51] Bootstrap tree #56, logLikelihood: -104556.207362
[00:25:12] Bootstrap tree #57, logLikelihood: -105142.306360
[00:25:34] Bootstrap tree #58, logLikelihood: -106194.947673
[00:25:56] Bootstrap tree #59, logLikelihood: -106306.309453
[00:26:18] Bootstrap tree #60, logLikelihood: -105849.269010
[00:26:40] Bootstrap tree #61, logLikelihood: -105514.801300
[00:27:02] Bootstrap tree #62, logLikelihood: -104650.826579
[00:27:30] Bootstrap tree #63, logLikelihood: -105145.699207
[00:27:53] Bootstrap tree #64, logLikelihood: -105133.720174
[00:28:21] Bootstrap tree #65, logLikelihood: -103370.101132
[00:28:43] Bootstrap tree #66, logLikelihood: -104628.481070
[00:29:07] Bootstrap tree #67, logLikelihood: -103522.125785
[00:29:29] Bootstrap tree #68, logLikelihood: -105482.427714
[00:29:50] Bootstrap tree #69, logLikelihood: -104071.800855
[00:30:14] Bootstrap tree #70, logLikelihood: -103505.642211
[00:30:37] Bootstrap tree #71, logLikelihood: -104618.726333
[00:31:01] Bootstrap tree #72, logLikelihood: -104733.096048
[00:31:27] Bootstrap tree #73, logLikelihood: -104524.920270
[00:31:50] Bootstrap tree #74, logLikelihood: -105044.786584
[00:32:13] Bootstrap tree #75, logLikelihood: -104910.642959
[00:32:36] Bootstrap tree #76, logLikelihood: -105616.719353
[00:32:56] Bootstrap tree #77, logLikelihood: -105215.218306
[00:33:22] Bootstrap tree #78, logLikelihood: -104924.272123
[00:33:44] Bootstrap tree #79, logLikelihood: -104317.802565
[00:34:07] Bootstrap tree #80, logLikelihood: -104601.651980
[00:34:28] Bootstrap tree #81, logLikelihood: -105727.851893
[00:34:48] Bootstrap tree #82, logLikelihood: -104220.314907
[00:35:10] Bootstrap tree #83, logLikelihood: -106707.817349
[00:35:31] Bootstrap tree #84, logLikelihood: -104485.372993
[00:35:51] Bootstrap tree #85, logLikelihood: -105809.458410
[00:36:13] Bootstrap tree #86, logLikelihood: -104267.427653
[00:36:41] Bootstrap tree #87, logLikelihood: -106891.872922
[00:37:03] Bootstrap tree #88, logLikelihood: -106951.346041
[00:37:26] Bootstrap tree #89, logLikelihood: -103417.527520
[00:37:49] Bootstrap tree #90, logLikelihood: -105295.183456
[00:38:11] Bootstrap tree #91, logLikelihood: -104215.676759
[00:38:34] Bootstrap tree #92, logLikelihood: -105117.807410
[00:38:57] Bootstrap tree #93, logLikelihood: -104964.541376
[00:39:20] Bootstrap tree #94, logLikelihood: -106109.222381
[00:39:41] Bootstrap tree #95, logLikelihood: -104251.982687
[00:40:02] Bootstrap tree #96, logLikelihood: -104469.236056
[00:40:23] Bootstrap tree #97, logLikelihood: -104063.682223
[00:40:46] Bootstrap tree #98, logLikelihood: -104307.126758
[00:41:06] Bootstrap tree #99, logLikelihood: -103803.704822
[00:41:28] Bootstrap tree #100, logLikelihood: -103695.977614

Optimized model parameters:

   Partition 0: noname
   Rate heterogeneity: GAMMA (4 cats, mean),  alpha: 0.340288 (ML),  weights&rates: (0.250000,0.009124) (0.250000,0.135988) (0.250000,0.657655) (0.250000,3.197233) 
   Base frequencies (ML): 0.239349 0.269378 0.253396 0.237878 
   Substitution rates (ML): 1.567755 5.590191 0.866377 0.992407 7.076847 1.000000 

Final LogLikelihood: -104871.928340

All ML trees saved to: /mnt/lustre/scratch/home/uvi/be/avs/cancer_genes_selection/genes/FAT4/tree/FAT4.raxml.mlTrees
Best ML tree saved to: /mnt/lustre/scratch/home/uvi/be/avs/cancer_genes_selection/genes/FAT4/tree/FAT4.raxml.bestTree
Best ML tree with bootstrap support values saved to: /mnt/lustre/scratch/home/uvi/be/avs/cancer_genes_selection/genes/FAT4/tree/FAT4.raxml.support
Optimized model saved to: /mnt/lustre/scratch/home/uvi/be/avs/cancer_genes_selection/genes/FAT4/tree/FAT4.raxml.bestModel
Bootstrap trees saved to: /mnt/lustre/scratch/home/uvi/be/avs/cancer_genes_selection/genes/FAT4/tree/FAT4.raxml.bootstraps

Execution log saved to: /mnt/lustre/scratch/home/uvi/be/avs/cancer_genes_selection/genes/FAT4/tree/FAT4.raxml.log

Analysis started: 21-Mar-2018 19:17:59 / finished: 21-Mar-2018 19:59:30

Elapsed time: 2490.763 seconds

