
RAxML-NG v. 0.5.1b BETA released on 01.12.2017 by The Exelixis Lab.
Authors: Alexey Kozlov, Alexandros Stamatakis, Diego Darriba, Tomas Flouri, Benoit Morel.
Latest version: https://github.com/amkozlov/raxml-ng
Questions/problems/suggestions? Please visit: https://groups.google.com/forum/#!forum/raxml

WARNING: This is a BETA release, please use at your own risk!

RAxML-NG was called as follows:

raxml-ng-mpi --all --msa /mnt/lustre/scratch/home/uvi/be/avs/cancer_genes_selection/genes/GOPC/align/GOPC_align_DNA_trimmed.fasta --model GTR+G -tree pars{10} --bs-trees 100 --prefix /mnt/lustre/scratch/home/uvi/be/avs/cancer_genes_selection/genes/GOPC/tree/GOPC --redo

Analysis options:
  run mode: ML tree search + bootstrapping
  start tree(s): parsimony (10)
  random seed: 1521657961
  tip-inner: ON
  pattern compression: ON
  per-rate scalers: OFF
  site repeats: OFF
  branch lengths: ML estimate (linked)
  SIMD kernels: AVX2
  parallelization: NONE/sequential

WARNING: Running in REDO mode: existing checkpoints are ignored, and all result files will be overwritten!

[00:00:00] Reading alignment from file: /mnt/lustre/scratch/home/uvi/be/avs/cancer_genes_selection/genes/GOPC/align/GOPC_align_DNA_trimmed.fasta
[00:00:00] Loaded alignment with 24 taxa and 1392 sites

Alignment comprises 1 partitions and 586 patterns

Partition 0: noname
Model: GTR+FO+G4m
Alignment sites / patterns: 1392 / 586
Gaps: 3.70 %
Invariant sites: 57.54 %


[00:00:01] Generating parsimony starting tree(s) with 24 taxa
[00:00:04] Data distribution: partitions/thread: 1-1, patterns/thread: 586-586

Starting ML tree search with 10 distinct starting trees

[00:00:10] ML tree search #1, logLikelihood: -8695.743507
[00:00:15] ML tree search #2, logLikelihood: -8695.744331
[00:00:20] ML tree search #3, logLikelihood: -8695.743756
[00:00:24] ML tree search #4, logLikelihood: -8695.744349
[00:00:29] ML tree search #5, logLikelihood: -8695.744265
[00:00:34] ML tree search #6, logLikelihood: -8695.743507
[00:00:39] ML tree search #7, logLikelihood: -8695.744297
[00:00:44] ML tree search #8, logLikelihood: -8695.744311
[00:00:49] ML tree search #9, logLikelihood: -8695.745014
[00:00:55] ML tree search #10, logLikelihood: -8695.745038

[00:00:55] ML tree search completed, best tree logLH: -8695.743507

[00:00:55] Starting bootstrapping analysis with 100 replicates.

[00:00:59] Bootstrap tree #1, logLikelihood: -8477.974568
[00:01:09] Bootstrap tree #2, logLikelihood: -8814.468839
[00:01:14] Bootstrap tree #3, logLikelihood: -8366.195063
[00:01:18] Bootstrap tree #4, logLikelihood: -8677.773164
[00:01:24] Bootstrap tree #5, logLikelihood: -8766.505606
[00:01:29] Bootstrap tree #6, logLikelihood: -8437.177618
[00:01:34] Bootstrap tree #7, logLikelihood: -8845.637970
[00:01:40] Bootstrap tree #8, logLikelihood: -9071.588657
[00:01:45] Bootstrap tree #9, logLikelihood: -8954.860732
[00:01:51] Bootstrap tree #10, logLikelihood: -8685.265882
[00:01:56] Bootstrap tree #11, logLikelihood: -8719.955530
[00:02:01] Bootstrap tree #12, logLikelihood: -8703.664480
[00:02:06] Bootstrap tree #13, logLikelihood: -8879.226405
[00:02:11] Bootstrap tree #14, logLikelihood: -8431.374336
[00:02:16] Bootstrap tree #15, logLikelihood: -8384.898801
[00:02:22] Bootstrap tree #16, logLikelihood: -8517.168976
[00:02:27] Bootstrap tree #17, logLikelihood: -8676.834152
[00:02:33] Bootstrap tree #18, logLikelihood: -8667.482418
[00:02:38] Bootstrap tree #19, logLikelihood: -8823.631156
[00:02:44] Bootstrap tree #20, logLikelihood: -9032.028762
[00:02:50] Bootstrap tree #21, logLikelihood: -8764.093342
[00:02:55] Bootstrap tree #22, logLikelihood: -9147.763935
[00:03:01] Bootstrap tree #23, logLikelihood: -8704.904666
[00:03:06] Bootstrap tree #24, logLikelihood: -8637.139139
[00:03:11] Bootstrap tree #25, logLikelihood: -8464.558873
[00:03:17] Bootstrap tree #26, logLikelihood: -8604.203489
[00:03:27] Bootstrap tree #27, logLikelihood: -8825.026844
[00:03:33] Bootstrap tree #28, logLikelihood: -8541.460810
[00:03:39] Bootstrap tree #29, logLikelihood: -8266.399825
[00:03:45] Bootstrap tree #30, logLikelihood: -8525.330361
[00:03:50] Bootstrap tree #31, logLikelihood: -8984.378002
[00:03:55] Bootstrap tree #32, logLikelihood: -8604.904487
[00:04:03] Bootstrap tree #33, logLikelihood: -8722.867219
[00:04:08] Bootstrap tree #34, logLikelihood: -8702.780936
[00:04:14] Bootstrap tree #35, logLikelihood: -8678.641916
[00:04:18] Bootstrap tree #36, logLikelihood: -8454.748445
[00:04:24] Bootstrap tree #37, logLikelihood: -8890.208274
[00:04:30] Bootstrap tree #38, logLikelihood: -8909.823555
[00:04:36] Bootstrap tree #39, logLikelihood: -8782.382500
[00:04:41] Bootstrap tree #40, logLikelihood: -8737.340677
[00:04:46] Bootstrap tree #41, logLikelihood: -8762.345926
[00:04:52] Bootstrap tree #42, logLikelihood: -8844.595963
[00:04:58] Bootstrap tree #43, logLikelihood: -8798.658837
[00:05:04] Bootstrap tree #44, logLikelihood: -8585.286101
[00:05:11] Bootstrap tree #45, logLikelihood: -8676.492943
[00:05:17] Bootstrap tree #46, logLikelihood: -9004.343508
[00:05:23] Bootstrap tree #47, logLikelihood: -7939.437508
[00:05:29] Bootstrap tree #48, logLikelihood: -8312.355137
[00:05:35] Bootstrap tree #49, logLikelihood: -8666.536768
[00:05:41] Bootstrap tree #50, logLikelihood: -8811.115382
[00:05:46] Bootstrap tree #51, logLikelihood: -8735.520021
[00:05:52] Bootstrap tree #52, logLikelihood: -8574.931264
[00:06:00] Bootstrap tree #53, logLikelihood: -8966.760895
[00:06:06] Bootstrap tree #54, logLikelihood: -8680.959180
[00:06:13] Bootstrap tree #55, logLikelihood: -8931.618725
[00:06:19] Bootstrap tree #56, logLikelihood: -8504.578282
[00:06:27] Bootstrap tree #57, logLikelihood: -8577.287608
[00:06:33] Bootstrap tree #58, logLikelihood: -8899.419082
[00:06:39] Bootstrap tree #59, logLikelihood: -8566.725950
[00:06:45] Bootstrap tree #60, logLikelihood: -8939.298878
[00:06:51] Bootstrap tree #61, logLikelihood: -8723.618139
[00:06:56] Bootstrap tree #62, logLikelihood: -8818.922269
[00:07:03] Bootstrap tree #63, logLikelihood: -8610.437342
[00:07:09] Bootstrap tree #64, logLikelihood: -8911.966219
[00:07:15] Bootstrap tree #65, logLikelihood: -8673.598812
[00:07:20] Bootstrap tree #66, logLikelihood: -8838.827651
[00:07:28] Bootstrap tree #67, logLikelihood: -8192.052995
[00:07:34] Bootstrap tree #68, logLikelihood: -8773.071018
[00:07:40] Bootstrap tree #69, logLikelihood: -8348.035005
[00:07:46] Bootstrap tree #70, logLikelihood: -8842.837082
[00:07:53] Bootstrap tree #71, logLikelihood: -8702.211057
[00:07:58] Bootstrap tree #72, logLikelihood: -8453.602177
[00:08:04] Bootstrap tree #73, logLikelihood: -9041.273494
[00:08:10] Bootstrap tree #74, logLikelihood: -8623.701330
[00:08:17] Bootstrap tree #75, logLikelihood: -8721.089571
[00:08:23] Bootstrap tree #76, logLikelihood: -8543.342982
[00:08:29] Bootstrap tree #77, logLikelihood: -8780.099888
[00:08:35] Bootstrap tree #78, logLikelihood: -8939.128070
[00:08:41] Bootstrap tree #79, logLikelihood: -8726.361251
[00:08:47] Bootstrap tree #80, logLikelihood: -8632.976686
[00:08:53] Bootstrap tree #81, logLikelihood: -8370.267382
[00:08:59] Bootstrap tree #82, logLikelihood: -8428.018709
[00:09:04] Bootstrap tree #83, logLikelihood: -8748.370455
[00:09:10] Bootstrap tree #84, logLikelihood: -8517.520640
[00:09:16] Bootstrap tree #85, logLikelihood: -8616.216542
[00:09:23] Bootstrap tree #86, logLikelihood: -8758.735324
[00:09:28] Bootstrap tree #87, logLikelihood: -8847.832078
[00:09:34] Bootstrap tree #88, logLikelihood: -8402.396452
[00:09:42] Bootstrap tree #89, logLikelihood: -8348.481388
[00:09:49] Bootstrap tree #90, logLikelihood: -8334.696421
[00:09:55] Bootstrap tree #91, logLikelihood: -8800.629908
[00:10:01] Bootstrap tree #92, logLikelihood: -8545.511802
[00:10:10] Bootstrap tree #93, logLikelihood: -8929.631197
[00:10:17] Bootstrap tree #94, logLikelihood: -8985.509708
[00:10:24] Bootstrap tree #95, logLikelihood: -8892.673563
[00:10:32] Bootstrap tree #96, logLikelihood: -8365.709959
[00:10:38] Bootstrap tree #97, logLikelihood: -8481.200776
[00:10:44] Bootstrap tree #98, logLikelihood: -9091.694742
[00:10:51] Bootstrap tree #99, logLikelihood: -8622.297151
[00:10:57] Bootstrap tree #100, logLikelihood: -9019.307577

Optimized model parameters:

   Partition 0: noname
   Rate heterogeneity: GAMMA (4 cats, mean),  alpha: 0.379022 (ML),  weights&rates: (0.250000,0.013808) (0.250000,0.165920) (0.250000,0.707544) (0.250000,3.112728) 
   Base frequencies (ML): 0.239120 0.235294 0.296260 0.229325 
   Substitution rates (ML): 1.915224 7.349174 1.335860 1.174038 9.270207 1.000000 

Final LogLikelihood: -8695.743507

All ML trees saved to: /mnt/lustre/scratch/home/uvi/be/avs/cancer_genes_selection/genes/GOPC/tree/GOPC.raxml.mlTrees
Best ML tree saved to: /mnt/lustre/scratch/home/uvi/be/avs/cancer_genes_selection/genes/GOPC/tree/GOPC.raxml.bestTree
Best ML tree with bootstrap support values saved to: /mnt/lustre/scratch/home/uvi/be/avs/cancer_genes_selection/genes/GOPC/tree/GOPC.raxml.support
Optimized model saved to: /mnt/lustre/scratch/home/uvi/be/avs/cancer_genes_selection/genes/GOPC/tree/GOPC.raxml.bestModel
Bootstrap trees saved to: /mnt/lustre/scratch/home/uvi/be/avs/cancer_genes_selection/genes/GOPC/tree/GOPC.raxml.bootstraps

Execution log saved to: /mnt/lustre/scratch/home/uvi/be/avs/cancer_genes_selection/genes/GOPC/tree/GOPC.raxml.log

Analysis started: 21-Mar-2018 19:46:01 / finished: 21-Mar-2018 19:57:01

Elapsed time: 660.486 seconds

