
RAxML-NG v. 0.5.1b BETA released on 01.12.2017 by The Exelixis Lab.
Authors: Alexey Kozlov, Alexandros Stamatakis, Diego Darriba, Tomas Flouri, Benoit Morel.
Latest version: https://github.com/amkozlov/raxml-ng
Questions/problems/suggestions? Please visit: https://groups.google.com/forum/#!forum/raxml

WARNING: This is a BETA release, please use at your own risk!

RAxML-NG was called as follows:

raxml-ng-mpi --all --msa /mnt/lustre/scratch/home/uvi/be/avs/cancer_genes_selection/genes/CHD4/align/CHD4_align_DNA_trimmed.fasta --model GTR+G -tree pars{10} --bs-trees 100 --prefix /mnt/lustre/scratch/home/uvi/be/avs/cancer_genes_selection/genes/CHD4/tree/CHD4 --redo

Analysis options:
  run mode: ML tree search + bootstrapping
  start tree(s): parsimony (10)
  random seed: 1521650648
  tip-inner: ON
  pattern compression: ON
  per-rate scalers: OFF
  site repeats: OFF
  branch lengths: ML estimate (linked)
  SIMD kernels: AVX2
  parallelization: NONE/sequential

WARNING: Running in REDO mode: existing checkpoints are ignored, and all result files will be overwritten!

[00:00:00] Reading alignment from file: /mnt/lustre/scratch/home/uvi/be/avs/cancer_genes_selection/genes/CHD4/align/CHD4_align_DNA_trimmed.fasta
[00:00:00] Loaded alignment with 25 taxa and 5748 sites

Alignment comprises 1 partitions and 1906 patterns

Partition 0: noname
Model: GTR+FO+G4m
Alignment sites / patterns: 5748 / 1906
Gaps: 5.98 %
Invariant sites: 58.96 %


[00:00:00] Generating parsimony starting tree(s) with 25 taxa
[00:00:01] Data distribution: partitions/thread: 1-1, patterns/thread: 1906-1906

Starting ML tree search with 10 distinct starting trees

[00:00:14] ML tree search #1, logLikelihood: -33238.408977
[00:00:27] ML tree search #2, logLikelihood: -33238.409365
[00:00:39] ML tree search #3, logLikelihood: -33238.408032
[00:00:51] ML tree search #4, logLikelihood: -33238.408308
[00:01:02] ML tree search #5, logLikelihood: -33238.408319
[00:01:15] ML tree search #6, logLikelihood: -33238.407949
[00:01:27] ML tree search #7, logLikelihood: -33238.408448
[00:01:40] ML tree search #8, logLikelihood: -33238.408069
[00:01:50] ML tree search #9, logLikelihood: -33238.408226
[00:02:02] ML tree search #10, logLikelihood: -33238.408375

[00:02:03] ML tree search completed, best tree logLH: -33238.407949

[00:02:03] Starting bootstrapping analysis with 100 replicates.

[00:02:15] Bootstrap tree #1, logLikelihood: -33289.795029
[00:02:28] Bootstrap tree #2, logLikelihood: -33149.997942
[00:02:39] Bootstrap tree #3, logLikelihood: -33534.938472
[00:02:49] Bootstrap tree #4, logLikelihood: -32868.454346
[00:03:00] Bootstrap tree #5, logLikelihood: -33359.112112
[00:03:15] Bootstrap tree #6, logLikelihood: -33011.388047
[00:03:27] Bootstrap tree #7, logLikelihood: -33029.682127
[00:03:38] Bootstrap tree #8, logLikelihood: -33249.193463
[00:03:50] Bootstrap tree #9, logLikelihood: -33139.959565
[00:04:05] Bootstrap tree #10, logLikelihood: -33602.143561
[00:04:16] Bootstrap tree #11, logLikelihood: -32999.607997
[00:04:27] Bootstrap tree #12, logLikelihood: -33733.681666
[00:04:40] Bootstrap tree #13, logLikelihood: -33314.720193
[00:04:53] Bootstrap tree #14, logLikelihood: -32665.820865
[00:05:08] Bootstrap tree #15, logLikelihood: -33484.462956
[00:05:20] Bootstrap tree #16, logLikelihood: -33014.558305
[00:05:33] Bootstrap tree #17, logLikelihood: -33126.696325
[00:05:44] Bootstrap tree #18, logLikelihood: -34222.406600
[00:06:01] Bootstrap tree #19, logLikelihood: -32894.719711
[00:06:15] Bootstrap tree #20, logLikelihood: -33847.315360
[00:06:27] Bootstrap tree #21, logLikelihood: -32413.270270
[00:06:39] Bootstrap tree #22, logLikelihood: -32951.812870
[00:06:50] Bootstrap tree #23, logLikelihood: -33074.799869
[00:07:01] Bootstrap tree #24, logLikelihood: -33388.366437
[00:07:14] Bootstrap tree #25, logLikelihood: -33615.917231
[00:07:27] Bootstrap tree #26, logLikelihood: -32728.848483
[00:07:39] Bootstrap tree #27, logLikelihood: -32264.416897
[00:07:52] Bootstrap tree #28, logLikelihood: -32106.652902
[00:08:08] Bootstrap tree #29, logLikelihood: -33034.995899
[00:08:18] Bootstrap tree #30, logLikelihood: -33395.933629
[00:08:32] Bootstrap tree #31, logLikelihood: -34157.353167
[00:08:44] Bootstrap tree #32, logLikelihood: -33333.097348
[00:08:56] Bootstrap tree #33, logLikelihood: -33388.011809
[00:09:07] Bootstrap tree #34, logLikelihood: -33721.769598
[00:09:17] Bootstrap tree #35, logLikelihood: -33212.233691
[00:09:35] Bootstrap tree #36, logLikelihood: -33949.649964
[00:09:47] Bootstrap tree #37, logLikelihood: -32913.327162
[00:09:58] Bootstrap tree #38, logLikelihood: -33292.676573
[00:10:09] Bootstrap tree #39, logLikelihood: -32931.158281
[00:10:23] Bootstrap tree #40, logLikelihood: -33797.150264
[00:10:34] Bootstrap tree #41, logLikelihood: -33388.527431
[00:10:46] Bootstrap tree #42, logLikelihood: -33045.786299
[00:10:59] Bootstrap tree #43, logLikelihood: -32642.476697
[00:11:11] Bootstrap tree #44, logLikelihood: -33944.012925
[00:11:22] Bootstrap tree #45, logLikelihood: -32827.240333
[00:11:35] Bootstrap tree #46, logLikelihood: -32993.516441
[00:11:47] Bootstrap tree #47, logLikelihood: -32681.583787
[00:11:59] Bootstrap tree #48, logLikelihood: -32857.973122
[00:12:10] Bootstrap tree #49, logLikelihood: -33127.421298
[00:12:21] Bootstrap tree #50, logLikelihood: -33555.009355
[00:12:37] Bootstrap tree #51, logLikelihood: -32181.702260
[00:12:50] Bootstrap tree #52, logLikelihood: -33899.414318
[00:13:04] Bootstrap tree #53, logLikelihood: -32889.686533
[00:13:17] Bootstrap tree #54, logLikelihood: -33494.160269
[00:13:30] Bootstrap tree #55, logLikelihood: -32859.678657
[00:13:41] Bootstrap tree #56, logLikelihood: -33305.559942
[00:13:55] Bootstrap tree #57, logLikelihood: -33894.003868
[00:14:06] Bootstrap tree #58, logLikelihood: -32865.322031
[00:14:18] Bootstrap tree #59, logLikelihood: -33349.212178
[00:14:33] Bootstrap tree #60, logLikelihood: -33046.880715
[00:14:44] Bootstrap tree #61, logLikelihood: -32640.328800
[00:14:55] Bootstrap tree #62, logLikelihood: -33355.253668
[00:15:13] Bootstrap tree #63, logLikelihood: -32874.928679
[00:15:25] Bootstrap tree #64, logLikelihood: -33338.082687
[00:15:36] Bootstrap tree #65, logLikelihood: -34108.170365
[00:15:52] Bootstrap tree #66, logLikelihood: -33791.761986
[00:16:04] Bootstrap tree #67, logLikelihood: -33002.859089
[00:16:21] Bootstrap tree #68, logLikelihood: -33984.568715
[00:16:34] Bootstrap tree #69, logLikelihood: -33530.213975
[00:16:47] Bootstrap tree #70, logLikelihood: -33273.232690
[00:16:58] Bootstrap tree #71, logLikelihood: -33468.354675
[00:17:09] Bootstrap tree #72, logLikelihood: -32505.859649
[00:17:23] Bootstrap tree #73, logLikelihood: -33451.505311
[00:17:36] Bootstrap tree #74, logLikelihood: -32271.458287
[00:17:49] Bootstrap tree #75, logLikelihood: -33235.571562
[00:18:02] Bootstrap tree #76, logLikelihood: -33543.286278
[00:18:15] Bootstrap tree #77, logLikelihood: -33441.401934
[00:18:32] Bootstrap tree #78, logLikelihood: -32126.876236
[00:19:38] Bootstrap tree #79, logLikelihood: -33262.378190
[00:19:49] Bootstrap tree #80, logLikelihood: -33762.728616
[00:20:04] Bootstrap tree #81, logLikelihood: -32899.284668
[00:20:18] Bootstrap tree #82, logLikelihood: -32757.724768
[00:20:33] Bootstrap tree #83, logLikelihood: -32950.894744
[00:20:47] Bootstrap tree #84, logLikelihood: -33191.412305
[00:21:00] Bootstrap tree #85, logLikelihood: -33363.208640
[00:21:13] Bootstrap tree #86, logLikelihood: -33358.890897
[00:21:25] Bootstrap tree #87, logLikelihood: -33103.419160
[00:21:37] Bootstrap tree #88, logLikelihood: -33764.420071
[00:21:52] Bootstrap tree #89, logLikelihood: -32399.474114
[00:22:06] Bootstrap tree #90, logLikelihood: -33038.110225
[00:22:23] Bootstrap tree #91, logLikelihood: -33264.456455
[00:22:35] Bootstrap tree #92, logLikelihood: -32053.495612
[00:22:47] Bootstrap tree #93, logLikelihood: -33793.200425
[00:22:59] Bootstrap tree #94, logLikelihood: -33373.695413
[00:23:12] Bootstrap tree #95, logLikelihood: -33068.386284
[00:23:25] Bootstrap tree #96, logLikelihood: -33242.115115
[00:23:37] Bootstrap tree #97, logLikelihood: -32561.269035
[00:23:50] Bootstrap tree #98, logLikelihood: -33419.064454
[00:24:09] Bootstrap tree #99, logLikelihood: -33238.791780
[00:24:26] Bootstrap tree #100, logLikelihood: -33404.414997

Optimized model parameters:

   Partition 0: noname
   Rate heterogeneity: GAMMA (4 cats, mean),  alpha: 0.325230 (ML),  weights&rates: (0.250000,0.007564) (0.250000,0.124211) (0.250000,0.635838) (0.250000,3.232387) 
   Base frequencies (ML): 0.247053 0.262543 0.286824 0.203580 
   Substitution rates (ML): 1.006587 4.039729 1.065198 0.604720 7.540625 1.000000 

Final LogLikelihood: -33238.407949

All ML trees saved to: /mnt/lustre/scratch/home/uvi/be/avs/cancer_genes_selection/genes/CHD4/tree/CHD4.raxml.mlTrees
Best ML tree saved to: /mnt/lustre/scratch/home/uvi/be/avs/cancer_genes_selection/genes/CHD4/tree/CHD4.raxml.bestTree
Best ML tree with bootstrap support values saved to: /mnt/lustre/scratch/home/uvi/be/avs/cancer_genes_selection/genes/CHD4/tree/CHD4.raxml.support
Optimized model saved to: /mnt/lustre/scratch/home/uvi/be/avs/cancer_genes_selection/genes/CHD4/tree/CHD4.raxml.bestModel
Bootstrap trees saved to: /mnt/lustre/scratch/home/uvi/be/avs/cancer_genes_selection/genes/CHD4/tree/CHD4.raxml.bootstraps

Execution log saved to: /mnt/lustre/scratch/home/uvi/be/avs/cancer_genes_selection/genes/CHD4/tree/CHD4.raxml.log

Analysis started: 21-Mar-2018 17:44:08 / finished: 21-Mar-2018 18:08:36

Elapsed time: 1468.634 seconds

