
RAxML-NG v. 0.5.1b BETA released on 01.12.2017 by The Exelixis Lab.
Authors: Alexey Kozlov, Alexandros Stamatakis, Diego Darriba, Tomas Flouri, Benoit Morel.
Latest version: https://github.com/amkozlov/raxml-ng
Questions/problems/suggestions? Please visit: https://groups.google.com/forum/#!forum/raxml

WARNING: This is a BETA release, please use at your own risk!

RAxML-NG was called as follows:

raxml-ng-mpi --all --msa /mnt/lustre/scratch/home/uvi/be/avs/cancer_genes_selection/genes/SRSF3/align/SRSF3_align_DNA_trimmed2.fasta --model GTR+G -tree pars{10} --bs-trees 100 --prefix /mnt/lustre/scratch/home/uvi/be/avs/cancer_genes_selection/genes/SRSF3/tree/SRSF3_trimmed --redo

Analysis options:
  run mode: ML tree search + bootstrapping
  start tree(s): parsimony (10)
  random seed: 1522105521
  tip-inner: ON
  pattern compression: ON
  per-rate scalers: OFF
  site repeats: OFF
  branch lengths: ML estimate (linked)
  SIMD kernels: AVX2
  parallelization: NONE/sequential

WARNING: Running in REDO mode: existing checkpoints are ignored, and all result files will be overwritten!

[00:00:00] Reading alignment from file: /mnt/lustre/scratch/home/uvi/be/avs/cancer_genes_selection/genes/SRSF3/align/SRSF3_align_DNA_trimmed2.fasta
[00:00:01] Loaded alignment with 28 taxa and 495 sites

Alignment comprises 1 partitions and 283 patterns

Partition 0: noname
Model: GTR+FO+G4m
Alignment sites / patterns: 495 / 283
Gaps: 3.62 %
Invariant sites: 45.86 %


[00:00:01] Generating parsimony starting tree(s) with 28 taxa
[00:00:01] Data distribution: partitions/thread: 1-1, patterns/thread: 283-283

Starting ML tree search with 10 distinct starting trees

[00:00:11] ML tree search #1, logLikelihood: -3472.055522
[00:00:18] ML tree search #2, logLikelihood: -3472.717237
[00:00:25] ML tree search #3, logLikelihood: -3472.058862
[00:00:36] ML tree search #4, logLikelihood: -3472.718539
[00:00:42] ML tree search #5, logLikelihood: -3472.055855
[00:00:49] ML tree search #6, logLikelihood: -3472.056277
[00:00:56] ML tree search #7, logLikelihood: -3472.056212
[00:01:04] ML tree search #8, logLikelihood: -3473.647579
[00:01:12] ML tree search #9, logLikelihood: -3472.714760
[00:01:18] ML tree search #10, logLikelihood: -3473.726658

[00:01:19] ML tree search completed, best tree logLH: -3472.055522

[00:01:19] Starting bootstrapping analysis with 100 replicates.

[00:01:26] Bootstrap tree #1, logLikelihood: -3593.705197
[00:01:34] Bootstrap tree #2, logLikelihood: -3408.714920
[00:01:43] Bootstrap tree #3, logLikelihood: -3513.286202
[00:01:53] Bootstrap tree #4, logLikelihood: -3612.786008
[00:02:00] Bootstrap tree #5, logLikelihood: -3416.834827
[00:02:08] Bootstrap tree #6, logLikelihood: -3426.334795
[00:02:17] Bootstrap tree #7, logLikelihood: -3254.528019
[00:02:27] Bootstrap tree #8, logLikelihood: -3431.460956
[00:02:34] Bootstrap tree #9, logLikelihood: -3608.568420
[00:02:43] Bootstrap tree #10, logLikelihood: -3282.323941
[00:02:52] Bootstrap tree #11, logLikelihood: -3406.195652
[00:03:01] Bootstrap tree #12, logLikelihood: -3353.411855
[00:03:10] Bootstrap tree #13, logLikelihood: -3521.258823
[00:03:20] Bootstrap tree #14, logLikelihood: -3591.137171
[00:03:29] Bootstrap tree #15, logLikelihood: -3469.429301
[00:03:38] Bootstrap tree #16, logLikelihood: -3201.959686
[00:03:47] Bootstrap tree #17, logLikelihood: -3564.515086
[00:03:57] Bootstrap tree #18, logLikelihood: -3480.099879
[00:04:08] Bootstrap tree #19, logLikelihood: -3460.557868
[00:04:18] Bootstrap tree #20, logLikelihood: -3344.967509
[00:04:28] Bootstrap tree #21, logLikelihood: -3215.252009
[00:04:37] Bootstrap tree #22, logLikelihood: -3037.129204
[00:04:45] Bootstrap tree #23, logLikelihood: -3497.775864
[00:04:54] Bootstrap tree #24, logLikelihood: -3482.749594
[00:05:02] Bootstrap tree #25, logLikelihood: -3390.377782
[00:05:10] Bootstrap tree #26, logLikelihood: -3278.734266
[00:05:19] Bootstrap tree #27, logLikelihood: -3556.140647
[00:05:28] Bootstrap tree #28, logLikelihood: -3394.298206
[00:05:36] Bootstrap tree #29, logLikelihood: -3426.321926
[00:05:44] Bootstrap tree #30, logLikelihood: -3180.950535
[00:05:53] Bootstrap tree #31, logLikelihood: -3400.173044
[00:06:01] Bootstrap tree #32, logLikelihood: -3368.699802
[00:06:09] Bootstrap tree #33, logLikelihood: -3282.006501
[00:06:18] Bootstrap tree #34, logLikelihood: -3316.725934
[00:06:29] Bootstrap tree #35, logLikelihood: -3393.715700
[00:06:38] Bootstrap tree #36, logLikelihood: -3512.005170
[00:06:49] Bootstrap tree #37, logLikelihood: -3163.967932
[00:06:58] Bootstrap tree #38, logLikelihood: -3524.497505
[00:07:06] Bootstrap tree #39, logLikelihood: -3331.709893
[00:07:14] Bootstrap tree #40, logLikelihood: -3240.014431
[00:07:23] Bootstrap tree #41, logLikelihood: -3321.711100
[00:07:34] Bootstrap tree #42, logLikelihood: -3498.414349
[00:07:42] Bootstrap tree #43, logLikelihood: -3084.795195
[00:07:51] Bootstrap tree #44, logLikelihood: -3468.897999
[00:08:00] Bootstrap tree #45, logLikelihood: -3347.509666
[00:08:09] Bootstrap tree #46, logLikelihood: -3571.469582
[00:08:17] Bootstrap tree #47, logLikelihood: -3511.838595
[00:08:25] Bootstrap tree #48, logLikelihood: -3251.136770
[00:08:36] Bootstrap tree #49, logLikelihood: -3390.218613
[00:08:46] Bootstrap tree #50, logLikelihood: -3383.954023
[00:08:56] Bootstrap tree #51, logLikelihood: -3212.675292
[00:09:06] Bootstrap tree #52, logLikelihood: -3274.366646
[00:09:17] Bootstrap tree #53, logLikelihood: -3683.333175
[00:09:26] Bootstrap tree #54, logLikelihood: -3675.384044
[00:09:36] Bootstrap tree #55, logLikelihood: -3438.972360
[00:09:45] Bootstrap tree #56, logLikelihood: -3214.355239
[00:09:53] Bootstrap tree #57, logLikelihood: -3300.430240
[00:10:02] Bootstrap tree #58, logLikelihood: -3488.511240
[00:10:10] Bootstrap tree #59, logLikelihood: -3580.517593
[00:10:19] Bootstrap tree #60, logLikelihood: -3719.963621
[00:10:29] Bootstrap tree #61, logLikelihood: -3375.968043
[00:10:37] Bootstrap tree #62, logLikelihood: -3642.468660
[00:10:47] Bootstrap tree #63, logLikelihood: -3222.663824
[00:10:58] Bootstrap tree #64, logLikelihood: -3330.309003
[00:11:08] Bootstrap tree #65, logLikelihood: -3545.605961
[00:11:20] Bootstrap tree #66, logLikelihood: -3315.880753
[00:11:30] Bootstrap tree #67, logLikelihood: -3533.676809
[00:11:40] Bootstrap tree #68, logLikelihood: -3488.085311
[00:11:50] Bootstrap tree #69, logLikelihood: -3286.251731
[00:11:58] Bootstrap tree #70, logLikelihood: -3213.959762
[00:12:09] Bootstrap tree #71, logLikelihood: -3436.321860
[00:12:19] Bootstrap tree #72, logLikelihood: -3307.399514
[00:12:28] Bootstrap tree #73, logLikelihood: -3446.927514
[00:12:38] Bootstrap tree #74, logLikelihood: -3538.157785
[00:12:47] Bootstrap tree #75, logLikelihood: -3320.046391
[00:12:56] Bootstrap tree #76, logLikelihood: -3356.146977
[00:13:07] Bootstrap tree #77, logLikelihood: -3355.683288
[00:13:16] Bootstrap tree #78, logLikelihood: -3498.677810
[00:13:25] Bootstrap tree #79, logLikelihood: -3557.448678
[00:13:34] Bootstrap tree #80, logLikelihood: -3606.637703
[00:13:42] Bootstrap tree #81, logLikelihood: -3379.206607
[00:13:54] Bootstrap tree #82, logLikelihood: -3623.732474
[00:14:02] Bootstrap tree #83, logLikelihood: -3498.289422
[00:14:12] Bootstrap tree #84, logLikelihood: -3492.078963
[00:14:20] Bootstrap tree #85, logLikelihood: -3430.644985
[00:14:30] Bootstrap tree #86, logLikelihood: -3436.755863
[00:14:39] Bootstrap tree #87, logLikelihood: -3357.225716
[00:14:48] Bootstrap tree #88, logLikelihood: -3284.230175
[00:14:59] Bootstrap tree #89, logLikelihood: -3403.759904
[00:15:06] Bootstrap tree #90, logLikelihood: -3446.337713
[00:15:15] Bootstrap tree #91, logLikelihood: -3408.210195
[00:15:24] Bootstrap tree #92, logLikelihood: -3518.525154
[00:15:34] Bootstrap tree #93, logLikelihood: -3724.838597
[00:15:43] Bootstrap tree #94, logLikelihood: -3166.273592
[00:15:52] Bootstrap tree #95, logLikelihood: -3519.533101
[00:16:03] Bootstrap tree #96, logLikelihood: -3337.486513
[00:16:11] Bootstrap tree #97, logLikelihood: -3720.569678
[00:16:22] Bootstrap tree #98, logLikelihood: -3472.010601
[00:16:31] Bootstrap tree #99, logLikelihood: -3312.761210
[00:16:40] Bootstrap tree #100, logLikelihood: -3466.181872

Optimized model parameters:

   Partition 0: noname
   Rate heterogeneity: GAMMA (4 cats, mean),  alpha: 0.835804 (ML),  weights&rates: (0.250000,0.103151) (0.250000,0.421159) (0.250000,0.966402) (0.250000,2.509287) 
   Base frequencies (ML): 0.265302 0.191030 0.287351 0.256316 
   Substitution rates (ML): 2.500890 2.543523 0.824691 1.178343 4.412816 1.000000 

Final LogLikelihood: -3472.055522

All ML trees saved to: /mnt/lustre/scratch/home/uvi/be/avs/cancer_genes_selection/genes/SRSF3/tree/SRSF3_trimmed.raxml.mlTrees
Best ML tree saved to: /mnt/lustre/scratch/home/uvi/be/avs/cancer_genes_selection/genes/SRSF3/tree/SRSF3_trimmed.raxml.bestTree
Best ML tree with bootstrap support values saved to: /mnt/lustre/scratch/home/uvi/be/avs/cancer_genes_selection/genes/SRSF3/tree/SRSF3_trimmed.raxml.support
Optimized model saved to: /mnt/lustre/scratch/home/uvi/be/avs/cancer_genes_selection/genes/SRSF3/tree/SRSF3_trimmed.raxml.bestModel
Bootstrap trees saved to: /mnt/lustre/scratch/home/uvi/be/avs/cancer_genes_selection/genes/SRSF3/tree/SRSF3_trimmed.raxml.bootstraps

Execution log saved to: /mnt/lustre/scratch/home/uvi/be/avs/cancer_genes_selection/genes/SRSF3/tree/SRSF3_trimmed.raxml.log

Analysis started: 27-Mar-2018 01:05:21 / finished: 27-Mar-2018 01:22:07

Elapsed time: 1006.005 seconds

