
RAxML-NG v. 0.5.1b BETA released on 01.12.2017 by The Exelixis Lab.
Authors: Alexey Kozlov, Alexandros Stamatakis, Diego Darriba, Tomas Flouri, Benoit Morel.
Latest version: https://github.com/amkozlov/raxml-ng
Questions/problems/suggestions? Please visit: https://groups.google.com/forum/#!forum/raxml

WARNING: This is a BETA release, please use at your own risk!

RAxML-NG was called as follows:

raxml-ng-mpi --all --msa /mnt/lustre/scratch/home/uvi/be/avs/cancer_genes_selection/genes/DNAJB1/align/DNAJB1_align_DNA_trimmed2.fasta --model GTR+G -tree pars{10} --bs-trees 100 --prefix /mnt/lustre/scratch/home/uvi/be/avs/cancer_genes_selection/genes/DNAJB1/tree/DNAJB1_trimmed --redo

Analysis options:
  run mode: ML tree search + bootstrapping
  start tree(s): parsimony (10)
  random seed: 1522090464
  tip-inner: ON
  pattern compression: ON
  per-rate scalers: OFF
  site repeats: OFF
  branch lengths: ML estimate (linked)
  SIMD kernels: AVX2
  parallelization: NONE/sequential

WARNING: Running in REDO mode: existing checkpoints are ignored, and all result files will be overwritten!

[00:00:00] Reading alignment from file: /mnt/lustre/scratch/home/uvi/be/avs/cancer_genes_selection/genes/DNAJB1/align/DNAJB1_align_DNA_trimmed2.fasta
[00:00:01] Loaded alignment with 24 taxa and 1023 sites

Alignment comprises 1 partitions and 483 patterns

Partition 0: noname
Model: GTR+FO+G4m
Alignment sites / patterns: 1023 / 483
Gaps: 5.45 %
Invariant sites: 51.52 %


[00:00:01] Generating parsimony starting tree(s) with 24 taxa
[00:00:01] Data distribution: partitions/thread: 1-1, patterns/thread: 483-483

Starting ML tree search with 10 distinct starting trees

[00:00:08] ML tree search #1, logLikelihood: -7086.217894
[00:00:14] ML tree search #2, logLikelihood: -7086.229977
[00:00:21] ML tree search #3, logLikelihood: -7086.226231
[00:00:27] ML tree search #4, logLikelihood: -7086.229258
[00:00:34] ML tree search #5, logLikelihood: -7086.215258
[00:00:40] ML tree search #6, logLikelihood: -7086.231179
[00:00:46] ML tree search #7, logLikelihood: -7086.214353
[00:00:53] ML tree search #8, logLikelihood: -7086.217713
[00:01:00] ML tree search #9, logLikelihood: -7086.218874
[00:01:06] ML tree search #10, logLikelihood: -7086.217425

[00:01:06] ML tree search completed, best tree logLH: -7086.214353

[00:01:06] Starting bootstrapping analysis with 100 replicates.

[00:01:13] Bootstrap tree #1, logLikelihood: -7086.191793
[00:01:19] Bootstrap tree #2, logLikelihood: -7165.554089
[00:01:28] Bootstrap tree #3, logLikelihood: -7477.844356
[00:01:36] Bootstrap tree #4, logLikelihood: -6822.777598
[00:01:43] Bootstrap tree #5, logLikelihood: -6959.796890
[00:01:49] Bootstrap tree #6, logLikelihood: -7152.280330
[00:01:59] Bootstrap tree #7, logLikelihood: -6934.163951
[00:02:06] Bootstrap tree #8, logLikelihood: -7092.893778
[00:02:16] Bootstrap tree #9, logLikelihood: -6996.897211
[00:02:24] Bootstrap tree #10, logLikelihood: -7219.049477
[00:02:30] Bootstrap tree #11, logLikelihood: -7099.954662
[00:02:37] Bootstrap tree #12, logLikelihood: -7116.638792
[00:02:44] Bootstrap tree #13, logLikelihood: -7083.506445
[00:02:52] Bootstrap tree #14, logLikelihood: -6609.608633
[00:02:59] Bootstrap tree #15, logLikelihood: -6801.342235
[00:03:06] Bootstrap tree #16, logLikelihood: -6820.139429
[00:03:15] Bootstrap tree #17, logLikelihood: -6908.757449
[00:03:23] Bootstrap tree #18, logLikelihood: -7000.470999
[00:03:31] Bootstrap tree #19, logLikelihood: -6974.775943
[00:03:39] Bootstrap tree #20, logLikelihood: -6649.086627
[00:03:47] Bootstrap tree #21, logLikelihood: -7245.702967
[00:03:54] Bootstrap tree #22, logLikelihood: -7214.198792
[00:04:03] Bootstrap tree #23, logLikelihood: -6607.753079
[00:04:09] Bootstrap tree #24, logLikelihood: -6961.336782
[00:04:16] Bootstrap tree #25, logLikelihood: -7199.803380
[00:04:23] Bootstrap tree #26, logLikelihood: -7017.568155
[00:04:31] Bootstrap tree #27, logLikelihood: -7106.508127
[00:04:38] Bootstrap tree #28, logLikelihood: -7208.211213
[00:04:46] Bootstrap tree #29, logLikelihood: -7366.183675
[00:04:53] Bootstrap tree #30, logLikelihood: -6902.007008
[00:05:03] Bootstrap tree #31, logLikelihood: -7202.364862
[00:05:12] Bootstrap tree #32, logLikelihood: -6762.469769
[00:05:19] Bootstrap tree #33, logLikelihood: -7101.801364
[00:05:26] Bootstrap tree #34, logLikelihood: -7163.799735
[00:05:33] Bootstrap tree #35, logLikelihood: -7552.202592
[00:05:39] Bootstrap tree #36, logLikelihood: -7041.547519
[00:05:47] Bootstrap tree #37, logLikelihood: -7031.148928
[00:05:55] Bootstrap tree #38, logLikelihood: -6913.255496
[00:06:02] Bootstrap tree #39, logLikelihood: -6818.633250
[00:06:10] Bootstrap tree #40, logLikelihood: -7021.303413
[00:06:18] Bootstrap tree #41, logLikelihood: -7051.983095
[00:06:25] Bootstrap tree #42, logLikelihood: -7168.202058
[00:06:34] Bootstrap tree #43, logLikelihood: -7300.997426
[00:06:41] Bootstrap tree #44, logLikelihood: -6876.220141
[00:06:50] Bootstrap tree #45, logLikelihood: -6924.007110
[00:06:57] Bootstrap tree #46, logLikelihood: -7399.185081
[00:07:05] Bootstrap tree #47, logLikelihood: -7349.197162
[00:07:12] Bootstrap tree #48, logLikelihood: -7474.440157
[00:07:21] Bootstrap tree #49, logLikelihood: -6886.064881
[00:07:29] Bootstrap tree #50, logLikelihood: -6893.490850
[00:07:36] Bootstrap tree #51, logLikelihood: -7085.158510
[00:07:45] Bootstrap tree #52, logLikelihood: -7153.674300
[00:07:52] Bootstrap tree #53, logLikelihood: -7082.753782
[00:07:59] Bootstrap tree #54, logLikelihood: -7159.060625
[00:08:06] Bootstrap tree #55, logLikelihood: -6919.663564
[00:08:14] Bootstrap tree #56, logLikelihood: -6927.488225
[00:08:21] Bootstrap tree #57, logLikelihood: -7126.776914
[00:08:29] Bootstrap tree #58, logLikelihood: -6983.989598
[00:08:39] Bootstrap tree #59, logLikelihood: -6996.325283
[00:08:47] Bootstrap tree #60, logLikelihood: -7136.876616
[00:08:53] Bootstrap tree #61, logLikelihood: -7369.563547
[00:09:03] Bootstrap tree #62, logLikelihood: -7158.280275
[00:09:11] Bootstrap tree #63, logLikelihood: -7041.923666
[00:09:19] Bootstrap tree #64, logLikelihood: -6970.840218
[00:09:28] Bootstrap tree #65, logLikelihood: -7051.687214
[00:09:38] Bootstrap tree #66, logLikelihood: -7345.933892
[00:09:45] Bootstrap tree #67, logLikelihood: -6901.957012
[00:09:53] Bootstrap tree #68, logLikelihood: -7079.971311
[00:10:02] Bootstrap tree #69, logLikelihood: -7131.746098
[00:10:10] Bootstrap tree #70, logLikelihood: -7414.806118
[00:10:17] Bootstrap tree #71, logLikelihood: -7074.731264
[00:10:27] Bootstrap tree #72, logLikelihood: -7313.197215
[00:10:34] Bootstrap tree #73, logLikelihood: -7215.040177
[00:10:42] Bootstrap tree #74, logLikelihood: -7319.738064
[00:10:50] Bootstrap tree #75, logLikelihood: -7168.476901
[00:10:59] Bootstrap tree #76, logLikelihood: -6751.372364
[00:11:07] Bootstrap tree #77, logLikelihood: -6949.875725
[00:11:15] Bootstrap tree #78, logLikelihood: -7322.683643
[00:11:22] Bootstrap tree #79, logLikelihood: -7296.502827
[00:11:30] Bootstrap tree #80, logLikelihood: -7007.013273
[00:11:38] Bootstrap tree #81, logLikelihood: -6919.394428
[00:11:45] Bootstrap tree #82, logLikelihood: -7182.084326
[00:11:53] Bootstrap tree #83, logLikelihood: -7376.471874
[00:12:02] Bootstrap tree #84, logLikelihood: -6635.969401
[00:12:10] Bootstrap tree #85, logLikelihood: -7376.001575
[00:12:19] Bootstrap tree #86, logLikelihood: -6938.652311
[00:12:28] Bootstrap tree #87, logLikelihood: -6797.250118
[00:12:36] Bootstrap tree #88, logLikelihood: -6727.725257
[00:12:47] Bootstrap tree #89, logLikelihood: -7050.804145
[00:12:55] Bootstrap tree #90, logLikelihood: -6995.832158
[00:13:03] Bootstrap tree #91, logLikelihood: -6943.424183
[00:13:11] Bootstrap tree #92, logLikelihood: -7270.462054
[00:13:19] Bootstrap tree #93, logLikelihood: -6934.101524
[00:13:26] Bootstrap tree #94, logLikelihood: -7231.464995
[00:13:34] Bootstrap tree #95, logLikelihood: -7077.895015
[00:13:43] Bootstrap tree #96, logLikelihood: -7297.486861
[00:13:53] Bootstrap tree #97, logLikelihood: -7091.266898
[00:14:01] Bootstrap tree #98, logLikelihood: -7257.132533
[00:14:09] Bootstrap tree #99, logLikelihood: -6806.782804
[00:14:19] Bootstrap tree #100, logLikelihood: -7081.189745

Optimized model parameters:

   Partition 0: noname
   Rate heterogeneity: GAMMA (4 cats, mean),  alpha: 0.397573 (ML),  weights&rates: (0.250000,0.016366) (0.250000,0.179941) (0.250000,0.728641) (0.250000,3.075053) 
   Base frequencies (ML): 0.222011 0.307190 0.314959 0.155840 
   Substitution rates (ML): 1.586340 5.674550 1.113579 1.219266 11.787543 1.000000 

Final LogLikelihood: -7086.214353

All ML trees saved to: /mnt/lustre/scratch/home/uvi/be/avs/cancer_genes_selection/genes/DNAJB1/tree/DNAJB1_trimmed.raxml.mlTrees
Best ML tree saved to: /mnt/lustre/scratch/home/uvi/be/avs/cancer_genes_selection/genes/DNAJB1/tree/DNAJB1_trimmed.raxml.bestTree
Best ML tree with bootstrap support values saved to: /mnt/lustre/scratch/home/uvi/be/avs/cancer_genes_selection/genes/DNAJB1/tree/DNAJB1_trimmed.raxml.support
Optimized model saved to: /mnt/lustre/scratch/home/uvi/be/avs/cancer_genes_selection/genes/DNAJB1/tree/DNAJB1_trimmed.raxml.bestModel
Bootstrap trees saved to: /mnt/lustre/scratch/home/uvi/be/avs/cancer_genes_selection/genes/DNAJB1/tree/DNAJB1_trimmed.raxml.bootstraps

Execution log saved to: /mnt/lustre/scratch/home/uvi/be/avs/cancer_genes_selection/genes/DNAJB1/tree/DNAJB1_trimmed.raxml.log

Analysis started: 26-Mar-2018 20:54:24 / finished: 26-Mar-2018 21:08:47

Elapsed time: 862.754 seconds

