
RAxML-NG v. 0.5.1b BETA released on 01.12.2017 by The Exelixis Lab.
Authors: Alexey Kozlov, Alexandros Stamatakis, Diego Darriba, Tomas Flouri, Benoit Morel.
Latest version: https://github.com/amkozlov/raxml-ng
Questions/problems/suggestions? Please visit: https://groups.google.com/forum/#!forum/raxml

WARNING: This is a BETA release, please use at your own risk!

RAxML-NG was called as follows:

raxml-ng-mpi --all --msa /mnt/lustre/scratch/home/uvi/be/avs/cancer_genes_selection/genes/ZBTB16/align/ZBTB16_align_DNA_trimmed.fasta --model GTR+G -tree pars{10} --bs-trees 100 --prefix /mnt/lustre/scratch/home/uvi/be/avs/cancer_genes_selection/genes/ZBTB16/tree/ZBTB16 --redo

Analysis options:
  run mode: ML tree search + bootstrapping
  start tree(s): parsimony (10)
  random seed: 1521675746
  tip-inner: ON
  pattern compression: ON
  per-rate scalers: OFF
  site repeats: OFF
  branch lengths: ML estimate (linked)
  SIMD kernels: AVX2
  parallelization: NONE/sequential

WARNING: Running in REDO mode: existing checkpoints are ignored, and all result files will be overwritten!

[00:00:00] Reading alignment from file: /mnt/lustre/scratch/home/uvi/be/avs/cancer_genes_selection/genes/ZBTB16/align/ZBTB16_align_DNA_trimmed.fasta
[00:00:00] Loaded alignment with 31 taxa and 2022 sites

Alignment comprises 1 partitions and 703 patterns

Partition 0: noname
Model: GTR+FO+G4m
Alignment sites / patterns: 2022 / 703
Gaps: 2.47 %
Invariant sites: 61.92 %


[00:00:01] Generating parsimony starting tree(s) with 31 taxa
[00:00:01] Data distribution: partitions/thread: 1-1, patterns/thread: 703-703

Starting ML tree search with 10 distinct starting trees

[00:00:08] ML tree search #1, logLikelihood: -13329.098180
[00:00:18] ML tree search #2, logLikelihood: -13329.090965
[00:00:26] ML tree search #3, logLikelihood: -13329.087996
[00:00:33] ML tree search #4, logLikelihood: -13329.080783
[00:00:40] ML tree search #5, logLikelihood: -13329.094147
[00:00:51] ML tree search #6, logLikelihood: -13329.094667
[00:01:01] ML tree search #7, logLikelihood: -13329.092122
[00:01:09] ML tree search #8, logLikelihood: -13329.081276
[00:01:17] ML tree search #9, logLikelihood: -13329.092481
[00:01:26] ML tree search #10, logLikelihood: -13329.087521

[00:01:27] ML tree search completed, best tree logLH: -13329.080783

[00:01:27] Starting bootstrapping analysis with 100 replicates.

[00:01:33] Bootstrap tree #1, logLikelihood: -13380.073349
[00:01:40] Bootstrap tree #2, logLikelihood: -13208.810400
[00:01:47] Bootstrap tree #3, logLikelihood: -12913.424237
[00:01:56] Bootstrap tree #4, logLikelihood: -14308.709932
[00:02:04] Bootstrap tree #5, logLikelihood: -13256.091024
[00:02:15] Bootstrap tree #6, logLikelihood: -12980.054206
[00:02:23] Bootstrap tree #7, logLikelihood: -12683.850089
[00:02:31] Bootstrap tree #8, logLikelihood: -13805.826606
[00:02:39] Bootstrap tree #9, logLikelihood: -13783.848786
[00:02:47] Bootstrap tree #10, logLikelihood: -13152.856104
[00:02:56] Bootstrap tree #11, logLikelihood: -13801.959732
[00:03:04] Bootstrap tree #12, logLikelihood: -13300.552994
[00:03:13] Bootstrap tree #13, logLikelihood: -13090.757307
[00:03:20] Bootstrap tree #14, logLikelihood: -13459.452107
[00:03:29] Bootstrap tree #15, logLikelihood: -13540.759497
[00:03:37] Bootstrap tree #16, logLikelihood: -13481.821394
[00:03:52] Bootstrap tree #17, logLikelihood: -14042.116216
[00:03:58] Bootstrap tree #18, logLikelihood: -12811.710480
[00:04:07] Bootstrap tree #19, logLikelihood: -13657.308580
[00:04:15] Bootstrap tree #20, logLikelihood: -13118.758875
[00:04:23] Bootstrap tree #21, logLikelihood: -13385.037842
[00:04:31] Bootstrap tree #22, logLikelihood: -13199.745900
[00:04:39] Bootstrap tree #23, logLikelihood: -13913.618512
[00:04:47] Bootstrap tree #24, logLikelihood: -13058.537162
[00:04:56] Bootstrap tree #25, logLikelihood: -13227.704830
[00:05:05] Bootstrap tree #26, logLikelihood: -13164.819964
[00:05:12] Bootstrap tree #27, logLikelihood: -13499.542305
[00:05:20] Bootstrap tree #28, logLikelihood: -13347.705472
[00:05:28] Bootstrap tree #29, logLikelihood: -13830.775561
[00:05:37] Bootstrap tree #30, logLikelihood: -13285.207543
[00:05:44] Bootstrap tree #31, logLikelihood: -13352.444969
[00:05:53] Bootstrap tree #32, logLikelihood: -13600.113663
[00:06:02] Bootstrap tree #33, logLikelihood: -13585.868130
[00:06:11] Bootstrap tree #34, logLikelihood: -12816.729349
[00:06:18] Bootstrap tree #35, logLikelihood: -13319.489856
[00:06:27] Bootstrap tree #36, logLikelihood: -13318.968777
[00:06:35] Bootstrap tree #37, logLikelihood: -13445.140802
[00:06:44] Bootstrap tree #38, logLikelihood: -12987.652151
[00:06:52] Bootstrap tree #39, logLikelihood: -13320.198684
[00:07:00] Bootstrap tree #40, logLikelihood: -13174.439844
[00:07:07] Bootstrap tree #41, logLikelihood: -12797.787799
[00:07:16] Bootstrap tree #42, logLikelihood: -12959.318199
[00:07:25] Bootstrap tree #43, logLikelihood: -13182.207357
[00:07:33] Bootstrap tree #44, logLikelihood: -13078.631486
[00:07:41] Bootstrap tree #45, logLikelihood: -13032.419609
[00:07:50] Bootstrap tree #46, logLikelihood: -13125.732153
[00:07:57] Bootstrap tree #47, logLikelihood: -13308.163933
[00:08:07] Bootstrap tree #48, logLikelihood: -12682.503719
[00:08:16] Bootstrap tree #49, logLikelihood: -13109.547962
[00:08:24] Bootstrap tree #50, logLikelihood: -13170.527721
[00:08:31] Bootstrap tree #51, logLikelihood: -12493.531814
[00:08:40] Bootstrap tree #52, logLikelihood: -12748.820685
[00:08:49] Bootstrap tree #53, logLikelihood: -12599.796947
[00:08:59] Bootstrap tree #54, logLikelihood: -13135.172354
[00:09:09] Bootstrap tree #55, logLikelihood: -13597.235031
[00:09:18] Bootstrap tree #56, logLikelihood: -14081.675048
[00:09:26] Bootstrap tree #57, logLikelihood: -13228.615608
[00:09:35] Bootstrap tree #58, logLikelihood: -13520.539691
[00:09:43] Bootstrap tree #59, logLikelihood: -13513.333963
[00:09:54] Bootstrap tree #60, logLikelihood: -13253.152137
[00:10:02] Bootstrap tree #61, logLikelihood: -13073.880369
[00:10:11] Bootstrap tree #62, logLikelihood: -13038.822968
[00:10:19] Bootstrap tree #63, logLikelihood: -12989.662123
[00:10:27] Bootstrap tree #64, logLikelihood: -13166.796537
[00:10:36] Bootstrap tree #65, logLikelihood: -12751.458845
[00:10:45] Bootstrap tree #66, logLikelihood: -13510.068608
[00:10:53] Bootstrap tree #67, logLikelihood: -13138.513113
[00:11:03] Bootstrap tree #68, logLikelihood: -13033.788899
[00:11:11] Bootstrap tree #69, logLikelihood: -13330.098229
[00:11:22] Bootstrap tree #70, logLikelihood: -13346.648820
[00:11:31] Bootstrap tree #71, logLikelihood: -13223.944000
[00:11:42] Bootstrap tree #72, logLikelihood: -13127.259154
[00:11:55] Bootstrap tree #73, logLikelihood: -12686.001874
[00:12:04] Bootstrap tree #74, logLikelihood: -13348.636611
[00:12:12] Bootstrap tree #75, logLikelihood: -13688.702243
[00:12:21] Bootstrap tree #76, logLikelihood: -13214.142831
[00:12:30] Bootstrap tree #77, logLikelihood: -13873.279442
[00:12:39] Bootstrap tree #78, logLikelihood: -12641.678040
[00:12:48] Bootstrap tree #79, logLikelihood: -13031.125230
[00:12:56] Bootstrap tree #80, logLikelihood: -13492.731906
[00:13:05] Bootstrap tree #81, logLikelihood: -13116.233064
[00:13:14] Bootstrap tree #82, logLikelihood: -13007.185773
[00:13:22] Bootstrap tree #83, logLikelihood: -12901.973252
[00:13:32] Bootstrap tree #84, logLikelihood: -13132.162124
[00:13:42] Bootstrap tree #85, logLikelihood: -13273.281727
[00:13:53] Bootstrap tree #86, logLikelihood: -13488.041113
[00:14:03] Bootstrap tree #87, logLikelihood: -13359.641742
[00:14:13] Bootstrap tree #88, logLikelihood: -13285.829507
[00:14:21] Bootstrap tree #89, logLikelihood: -12697.813616
[00:14:29] Bootstrap tree #90, logLikelihood: -13226.947253
[00:14:37] Bootstrap tree #91, logLikelihood: -14029.737011
[00:14:45] Bootstrap tree #92, logLikelihood: -13042.816157
[00:14:55] Bootstrap tree #93, logLikelihood: -13281.651136
[00:15:06] Bootstrap tree #94, logLikelihood: -13158.028923
[00:15:16] Bootstrap tree #95, logLikelihood: -12847.555528
[00:15:24] Bootstrap tree #96, logLikelihood: -13252.607975
[00:15:33] Bootstrap tree #97, logLikelihood: -13037.595377
[00:15:44] Bootstrap tree #98, logLikelihood: -13877.831598
[00:15:54] Bootstrap tree #99, logLikelihood: -13493.932427
[00:16:04] Bootstrap tree #100, logLikelihood: -12786.410243

Optimized model parameters:

   Partition 0: noname
   Rate heterogeneity: GAMMA (4 cats, mean),  alpha: 0.250931 (ML),  weights&rates: (0.250000,0.002155) (0.250000,0.067363) (0.250000,0.503444) (0.250000,3.427037) 
   Base frequencies (ML): 0.226475 0.293285 0.311670 0.168569 
   Substitution rates (ML): 1.486017 4.451893 1.595917 1.089031 11.415362 1.000000 

Final LogLikelihood: -13329.080783

All ML trees saved to: /mnt/lustre/scratch/home/uvi/be/avs/cancer_genes_selection/genes/ZBTB16/tree/ZBTB16.raxml.mlTrees
Best ML tree saved to: /mnt/lustre/scratch/home/uvi/be/avs/cancer_genes_selection/genes/ZBTB16/tree/ZBTB16.raxml.bestTree
Best ML tree with bootstrap support values saved to: /mnt/lustre/scratch/home/uvi/be/avs/cancer_genes_selection/genes/ZBTB16/tree/ZBTB16.raxml.support
Optimized model saved to: /mnt/lustre/scratch/home/uvi/be/avs/cancer_genes_selection/genes/ZBTB16/tree/ZBTB16.raxml.bestModel
Bootstrap trees saved to: /mnt/lustre/scratch/home/uvi/be/avs/cancer_genes_selection/genes/ZBTB16/tree/ZBTB16.raxml.bootstraps

Execution log saved to: /mnt/lustre/scratch/home/uvi/be/avs/cancer_genes_selection/genes/ZBTB16/tree/ZBTB16.raxml.log

Analysis started: 22-Mar-2018 00:42:26 / finished: 22-Mar-2018 00:58:34

Elapsed time: 968.169 seconds

