
RAxML-NG v. 0.5.1b BETA released on 01.12.2017 by The Exelixis Lab.
Authors: Alexey Kozlov, Alexandros Stamatakis, Diego Darriba, Tomas Flouri, Benoit Morel.
Latest version: https://github.com/amkozlov/raxml-ng
Questions/problems/suggestions? Please visit: https://groups.google.com/forum/#!forum/raxml

WARNING: This is a BETA release, please use at your own risk!

RAxML-NG was called as follows:

raxml-ng-mpi --all --msa /mnt/lustre/scratch/home/uvi/be/avs/cancer_genes_selection/genes/STAT3/align/STAT3_align_DNA_trimmed.fasta --model GTR+G -tree pars{10} --bs-trees 100 --prefix /mnt/lustre/scratch/home/uvi/be/avs/cancer_genes_selection/genes/STAT3/tree/STAT3 --redo

Analysis options:
  run mode: ML tree search + bootstrapping
  start tree(s): parsimony (10)
  random seed: 1521671235
  tip-inner: ON
  pattern compression: ON
  per-rate scalers: OFF
  site repeats: OFF
  branch lengths: ML estimate (linked)
  SIMD kernels: AVX2
  parallelization: NONE/sequential

WARNING: Running in REDO mode: existing checkpoints are ignored, and all result files will be overwritten!

[00:00:00] Reading alignment from file: /mnt/lustre/scratch/home/uvi/be/avs/cancer_genes_selection/genes/STAT3/align/STAT3_align_DNA_trimmed.fasta
[00:00:00] Loaded alignment with 27 taxa and 2313 sites

Alignment comprises 1 partitions and 800 patterns

Partition 0: noname
Model: GTR+FO+G4m
Alignment sites / patterns: 2313 / 800
Gaps: 4.19 %
Invariant sites: 61.48 %


[00:00:01] Generating parsimony starting tree(s) with 27 taxa
[00:00:01] Data distribution: partitions/thread: 1-1, patterns/thread: 800-800

Starting ML tree search with 10 distinct starting trees

[00:00:07] ML tree search #1, logLikelihood: -15061.043823
[00:00:14] ML tree search #2, logLikelihood: -15061.044273
[00:00:23] ML tree search #3, logLikelihood: -15061.048736
[00:00:29] ML tree search #4, logLikelihood: -15061.044285
[00:00:36] ML tree search #5, logLikelihood: -15061.043108
[00:00:44] ML tree search #6, logLikelihood: -15061.043732
[00:00:50] ML tree search #7, logLikelihood: -15061.043772
[00:00:58] ML tree search #8, logLikelihood: -15061.044488
[00:01:04] ML tree search #9, logLikelihood: -15061.045274
[00:01:11] ML tree search #10, logLikelihood: -15061.045769

[00:01:11] ML tree search completed, best tree logLH: -15061.043108

[00:01:12] Starting bootstrapping analysis with 100 replicates.

[00:01:20] Bootstrap tree #1, logLikelihood: -15553.171894
[00:01:26] Bootstrap tree #2, logLikelihood: -15120.928348
[00:01:34] Bootstrap tree #3, logLikelihood: -15787.484826
[00:01:44] Bootstrap tree #4, logLikelihood: -14916.701015
[00:01:51] Bootstrap tree #5, logLikelihood: -14848.456277
[00:01:59] Bootstrap tree #6, logLikelihood: -14991.420293
[00:02:06] Bootstrap tree #7, logLikelihood: -14627.107440
[00:02:16] Bootstrap tree #8, logLikelihood: -15174.552192
[00:02:23] Bootstrap tree #9, logLikelihood: -15102.583317
[00:02:30] Bootstrap tree #10, logLikelihood: -14749.623753
[00:02:41] Bootstrap tree #11, logLikelihood: -15065.620821
[00:02:50] Bootstrap tree #12, logLikelihood: -15260.669277
[00:03:00] Bootstrap tree #13, logLikelihood: -15467.956013
[00:03:07] Bootstrap tree #14, logLikelihood: -15194.625738
[00:03:15] Bootstrap tree #15, logLikelihood: -15474.974822
[00:03:21] Bootstrap tree #16, logLikelihood: -14358.417442
[00:03:28] Bootstrap tree #17, logLikelihood: -14795.707938
[00:03:37] Bootstrap tree #18, logLikelihood: -15010.221436
[00:03:47] Bootstrap tree #19, logLikelihood: -15109.385495
[00:03:55] Bootstrap tree #20, logLikelihood: -14827.144060
[00:04:03] Bootstrap tree #21, logLikelihood: -14837.425539
[00:04:10] Bootstrap tree #22, logLikelihood: -14949.962917
[00:04:20] Bootstrap tree #23, logLikelihood: -15411.302914
[00:04:28] Bootstrap tree #24, logLikelihood: -15116.807278
[00:04:37] Bootstrap tree #25, logLikelihood: -15313.532168
[00:04:43] Bootstrap tree #26, logLikelihood: -15003.970703
[00:04:51] Bootstrap tree #27, logLikelihood: -15045.652716
[00:05:00] Bootstrap tree #28, logLikelihood: -14833.134441
[00:05:08] Bootstrap tree #29, logLikelihood: -14685.137951
[00:05:16] Bootstrap tree #30, logLikelihood: -15040.063167
[00:05:24] Bootstrap tree #31, logLikelihood: -15564.813510
[00:05:32] Bootstrap tree #32, logLikelihood: -14849.010469
[00:05:41] Bootstrap tree #33, logLikelihood: -15464.671822
[00:05:48] Bootstrap tree #34, logLikelihood: -15003.898119
[00:05:55] Bootstrap tree #35, logLikelihood: -14592.263180
[00:06:02] Bootstrap tree #36, logLikelihood: -14351.943957
[00:06:10] Bootstrap tree #37, logLikelihood: -14686.656825
[00:06:17] Bootstrap tree #38, logLikelihood: -14790.840776
[00:06:24] Bootstrap tree #39, logLikelihood: -15311.201887
[00:06:34] Bootstrap tree #40, logLikelihood: -14711.548643
[00:06:41] Bootstrap tree #41, logLikelihood: -14507.381843
[00:06:52] Bootstrap tree #42, logLikelihood: -15166.923457
[00:06:59] Bootstrap tree #43, logLikelihood: -14846.679830
[00:07:07] Bootstrap tree #44, logLikelihood: -15397.275366
[00:07:16] Bootstrap tree #45, logLikelihood: -15170.784881
[00:07:25] Bootstrap tree #46, logLikelihood: -14738.175238
[00:07:32] Bootstrap tree #47, logLikelihood: -14905.969466
[00:07:40] Bootstrap tree #48, logLikelihood: -15233.976800
[00:07:48] Bootstrap tree #49, logLikelihood: -14942.646159
[00:07:58] Bootstrap tree #50, logLikelihood: -15557.258640
[00:08:08] Bootstrap tree #51, logLikelihood: -15353.271248
[00:08:16] Bootstrap tree #52, logLikelihood: -14748.452236
[00:08:24] Bootstrap tree #53, logLikelihood: -15697.896969
[00:08:31] Bootstrap tree #54, logLikelihood: -14609.932866
[00:08:39] Bootstrap tree #55, logLikelihood: -15076.607646
[00:08:48] Bootstrap tree #56, logLikelihood: -14602.714285
[00:08:59] Bootstrap tree #57, logLikelihood: -14834.612677
[00:09:08] Bootstrap tree #58, logLikelihood: -14598.390243
[00:09:17] Bootstrap tree #59, logLikelihood: -15509.153429
[00:09:25] Bootstrap tree #60, logLikelihood: -15733.565744
[00:09:33] Bootstrap tree #61, logLikelihood: -15111.043288
[00:09:42] Bootstrap tree #62, logLikelihood: -14951.062697
[00:09:50] Bootstrap tree #63, logLikelihood: -14790.478494
[00:09:59] Bootstrap tree #64, logLikelihood: -15281.075562
[00:10:06] Bootstrap tree #65, logLikelihood: -14975.379762
[00:10:15] Bootstrap tree #66, logLikelihood: -15037.323134
[00:10:24] Bootstrap tree #67, logLikelihood: -15376.232759
[00:10:31] Bootstrap tree #68, logLikelihood: -14410.496247
[00:10:40] Bootstrap tree #69, logLikelihood: -15349.731951
[00:10:48] Bootstrap tree #70, logLikelihood: -14638.335293
[00:10:56] Bootstrap tree #71, logLikelihood: -15215.918585
[00:11:06] Bootstrap tree #72, logLikelihood: -15479.612924
[00:11:15] Bootstrap tree #73, logLikelihood: -15270.776618
[00:11:26] Bootstrap tree #74, logLikelihood: -15133.542375
[00:11:35] Bootstrap tree #75, logLikelihood: -14440.877781
[00:11:42] Bootstrap tree #76, logLikelihood: -14824.526339
[00:11:52] Bootstrap tree #77, logLikelihood: -15289.629429
[00:12:00] Bootstrap tree #78, logLikelihood: -14982.535273
[00:12:09] Bootstrap tree #79, logLikelihood: -15325.903639
[00:12:17] Bootstrap tree #80, logLikelihood: -15308.437905
[00:12:25] Bootstrap tree #81, logLikelihood: -15551.942296
[00:12:34] Bootstrap tree #82, logLikelihood: -15623.339967
[00:12:42] Bootstrap tree #83, logLikelihood: -15018.061299
[00:12:52] Bootstrap tree #84, logLikelihood: -14325.254726
[00:13:02] Bootstrap tree #85, logLikelihood: -14700.325093
[00:13:10] Bootstrap tree #86, logLikelihood: -15230.934128
[00:13:19] Bootstrap tree #87, logLikelihood: -14502.633683
[00:13:28] Bootstrap tree #88, logLikelihood: -14642.259940
[00:13:38] Bootstrap tree #89, logLikelihood: -15782.831620
[00:13:47] Bootstrap tree #90, logLikelihood: -14617.664252
[00:13:55] Bootstrap tree #91, logLikelihood: -15171.200911
[00:14:07] Bootstrap tree #92, logLikelihood: -15114.546657
[00:14:15] Bootstrap tree #93, logLikelihood: -15333.061978
[00:14:25] Bootstrap tree #94, logLikelihood: -14869.280582
[00:14:32] Bootstrap tree #95, logLikelihood: -15058.519699
[00:14:42] Bootstrap tree #96, logLikelihood: -15560.046275
[00:14:51] Bootstrap tree #97, logLikelihood: -15690.912904
[00:15:02] Bootstrap tree #98, logLikelihood: -15268.434152
[00:15:10] Bootstrap tree #99, logLikelihood: -14819.656762
[00:15:19] Bootstrap tree #100, logLikelihood: -15338.220720

Optimized model parameters:

   Partition 0: noname
   Rate heterogeneity: GAMMA (4 cats, mean),  alpha: 0.266894 (ML),  weights&rates: (0.250000,0.002994) (0.250000,0.079134) (0.250000,0.535786) (0.250000,3.382086) 
   Base frequencies (ML): 0.245668 0.288685 0.273742 0.191905 
   Substitution rates (ML): 1.201708 4.933823 1.200236 1.065998 5.951262 1.000000 

Final LogLikelihood: -15061.043108

All ML trees saved to: /mnt/lustre/scratch/home/uvi/be/avs/cancer_genes_selection/genes/STAT3/tree/STAT3.raxml.mlTrees
Best ML tree saved to: /mnt/lustre/scratch/home/uvi/be/avs/cancer_genes_selection/genes/STAT3/tree/STAT3.raxml.bestTree
Best ML tree with bootstrap support values saved to: /mnt/lustre/scratch/home/uvi/be/avs/cancer_genes_selection/genes/STAT3/tree/STAT3.raxml.support
Optimized model saved to: /mnt/lustre/scratch/home/uvi/be/avs/cancer_genes_selection/genes/STAT3/tree/STAT3.raxml.bestModel
Bootstrap trees saved to: /mnt/lustre/scratch/home/uvi/be/avs/cancer_genes_selection/genes/STAT3/tree/STAT3.raxml.bootstraps

Execution log saved to: /mnt/lustre/scratch/home/uvi/be/avs/cancer_genes_selection/genes/STAT3/tree/STAT3.raxml.log

Analysis started: 21-Mar-2018 23:27:14 / finished: 21-Mar-2018 23:42:37

Elapsed time: 922.147 seconds

