
RAxML-NG v. 0.5.1b BETA released on 01.12.2017 by The Exelixis Lab.
Authors: Alexey Kozlov, Alexandros Stamatakis, Diego Darriba, Tomas Flouri, Benoit Morel.
Latest version: https://github.com/amkozlov/raxml-ng
Questions/problems/suggestions? Please visit: https://groups.google.com/forum/#!forum/raxml

WARNING: This is a BETA release, please use at your own risk!

RAxML-NG was called as follows:

raxml-ng-mpi --all --msa /mnt/lustre/scratch/home/uvi/be/avs/cancer_genes_selection/genes/CIITA/align/CIITA_align_DNA_trimmed2.fasta --model GTR+G -tree pars{10} --bs-trees 100 --prefix /mnt/lustre/scratch/home/uvi/be/avs/cancer_genes_selection/genes/CIITA/tree/CIITA_trimmed --redo

Analysis options:
  run mode: ML tree search + bootstrapping
  start tree(s): parsimony (10)
  random seed: 1522089010
  tip-inner: ON
  pattern compression: ON
  per-rate scalers: OFF
  site repeats: OFF
  branch lengths: ML estimate (linked)
  SIMD kernels: AVX2
  parallelization: NONE/sequential

WARNING: Running in REDO mode: existing checkpoints are ignored, and all result files will be overwritten!

[00:00:00] Reading alignment from file: /mnt/lustre/scratch/home/uvi/be/avs/cancer_genes_selection/genes/CIITA/align/CIITA_align_DNA_trimmed2.fasta
[00:00:01] Loaded alignment with 27 taxa and 3480 sites

Alignment comprises 1 partitions and 2259 patterns

Partition 0: noname
Model: GTR+FO+G4m
Alignment sites / patterns: 3480 / 2259
Gaps: 4.90 %
Invariant sites: 28.65 %


[00:00:01] Generating parsimony starting tree(s) with 27 taxa
[00:00:01] Data distribution: partitions/thread: 1-1, patterns/thread: 2259-2259

Starting ML tree search with 10 distinct starting trees

[00:00:19] ML tree search #1, logLikelihood: -38653.517678
[00:00:38] ML tree search #2, logLikelihood: -38653.515072
[00:00:54] ML tree search #3, logLikelihood: -38653.514344
[00:01:10] ML tree search #4, logLikelihood: -38653.523087
[00:01:28] ML tree search #5, logLikelihood: -38653.526776
[00:01:45] ML tree search #6, logLikelihood: -38653.513884
[00:02:01] ML tree search #7, logLikelihood: -38653.516818
[00:02:19] ML tree search #8, logLikelihood: -38653.521011
[00:02:38] ML tree search #9, logLikelihood: -38653.514264
[00:02:56] ML tree search #10, logLikelihood: -38653.514934

[00:02:56] ML tree search completed, best tree logLH: -38653.513884

[00:02:56] Starting bootstrapping analysis with 100 replicates.

[00:03:14] Bootstrap tree #1, logLikelihood: -38890.192277
[00:03:31] Bootstrap tree #2, logLikelihood: -38029.727449
[00:03:49] Bootstrap tree #3, logLikelihood: -37979.061906
[00:04:07] Bootstrap tree #4, logLikelihood: -39256.578050
[00:04:23] Bootstrap tree #5, logLikelihood: -39053.199211
[00:04:41] Bootstrap tree #6, logLikelihood: -38959.230125
[00:04:59] Bootstrap tree #7, logLikelihood: -38122.112534
[00:05:19] Bootstrap tree #8, logLikelihood: -38013.761344
[00:05:35] Bootstrap tree #9, logLikelihood: -39048.866830
[00:05:53] Bootstrap tree #10, logLikelihood: -38551.493452
[00:06:13] Bootstrap tree #11, logLikelihood: -38529.280844
[00:06:31] Bootstrap tree #12, logLikelihood: -38044.319495
[00:06:48] Bootstrap tree #13, logLikelihood: -38729.547068
[00:07:08] Bootstrap tree #14, logLikelihood: -38336.024603
[00:07:27] Bootstrap tree #15, logLikelihood: -39047.929889
[00:07:46] Bootstrap tree #16, logLikelihood: -39179.375134
[00:08:07] Bootstrap tree #17, logLikelihood: -38343.584856
[00:08:26] Bootstrap tree #18, logLikelihood: -38682.346278
[00:08:43] Bootstrap tree #19, logLikelihood: -37758.543580
[00:09:00] Bootstrap tree #20, logLikelihood: -39578.562232
[00:09:21] Bootstrap tree #21, logLikelihood: -39029.068210
[00:09:38] Bootstrap tree #22, logLikelihood: -38266.868583
[00:09:54] Bootstrap tree #23, logLikelihood: -38342.415829
[00:10:14] Bootstrap tree #24, logLikelihood: -38552.281562
[00:10:33] Bootstrap tree #25, logLikelihood: -38447.490959
[00:10:52] Bootstrap tree #26, logLikelihood: -38878.245098
[00:11:11] Bootstrap tree #27, logLikelihood: -39116.440082
[00:11:29] Bootstrap tree #28, logLikelihood: -38833.649534
[00:11:47] Bootstrap tree #29, logLikelihood: -38321.528494
[00:12:02] Bootstrap tree #30, logLikelihood: -38337.205359
[00:12:23] Bootstrap tree #31, logLikelihood: -37978.771526
[00:12:39] Bootstrap tree #32, logLikelihood: -38405.613521
[00:12:57] Bootstrap tree #33, logLikelihood: -39255.052461
[00:13:14] Bootstrap tree #34, logLikelihood: -38688.348318
[00:13:33] Bootstrap tree #35, logLikelihood: -37502.594224
[00:13:52] Bootstrap tree #36, logLikelihood: -38711.741612
[00:14:11] Bootstrap tree #37, logLikelihood: -38392.752298
[00:14:29] Bootstrap tree #38, logLikelihood: -38854.053198
[00:14:44] Bootstrap tree #39, logLikelihood: -38007.624087
[00:15:05] Bootstrap tree #40, logLikelihood: -38722.421425
[00:15:25] Bootstrap tree #41, logLikelihood: -38639.192697
[00:15:41] Bootstrap tree #42, logLikelihood: -39036.883601
[00:15:59] Bootstrap tree #43, logLikelihood: -39337.761204
[00:16:21] Bootstrap tree #44, logLikelihood: -38941.410924
[00:16:39] Bootstrap tree #45, logLikelihood: -38149.466445
[00:16:57] Bootstrap tree #46, logLikelihood: -38877.387245
[00:17:16] Bootstrap tree #47, logLikelihood: -38470.491087
[00:17:34] Bootstrap tree #48, logLikelihood: -38947.243129
[00:17:51] Bootstrap tree #49, logLikelihood: -38746.447752
[00:18:11] Bootstrap tree #50, logLikelihood: -38417.118734
[00:18:29] Bootstrap tree #51, logLikelihood: -37302.351487
[00:18:50] Bootstrap tree #52, logLikelihood: -38734.919654
[00:19:10] Bootstrap tree #53, logLikelihood: -37323.937367
[00:19:29] Bootstrap tree #54, logLikelihood: -38172.869256
[00:19:49] Bootstrap tree #55, logLikelihood: -38591.715731
[00:20:09] Bootstrap tree #56, logLikelihood: -38274.001168
[00:20:30] Bootstrap tree #57, logLikelihood: -38386.017204
[00:20:49] Bootstrap tree #58, logLikelihood: -39036.875948
[00:21:09] Bootstrap tree #59, logLikelihood: -38860.187854
[00:21:28] Bootstrap tree #60, logLikelihood: -39426.564753
[00:21:45] Bootstrap tree #61, logLikelihood: -38296.882781
[00:22:04] Bootstrap tree #62, logLikelihood: -38843.247943
[00:22:24] Bootstrap tree #63, logLikelihood: -38799.030032
[00:22:40] Bootstrap tree #64, logLikelihood: -38758.183761
[00:22:57] Bootstrap tree #65, logLikelihood: -38952.833382
[00:23:15] Bootstrap tree #66, logLikelihood: -38409.702271
[00:23:31] Bootstrap tree #67, logLikelihood: -37999.282183
[00:23:53] Bootstrap tree #68, logLikelihood: -38026.902638
[00:24:11] Bootstrap tree #69, logLikelihood: -38713.887637
[00:24:30] Bootstrap tree #70, logLikelihood: -39444.724199
[00:24:47] Bootstrap tree #71, logLikelihood: -38542.426929
[00:25:04] Bootstrap tree #72, logLikelihood: -37804.950757
[00:25:21] Bootstrap tree #73, logLikelihood: -38583.343777
[00:25:45] Bootstrap tree #74, logLikelihood: -38940.151736
[00:26:06] Bootstrap tree #75, logLikelihood: -37994.403907
[00:26:29] Bootstrap tree #76, logLikelihood: -38715.324217
[00:26:48] Bootstrap tree #77, logLikelihood: -39007.382738
[00:27:06] Bootstrap tree #78, logLikelihood: -37887.620003
[00:27:25] Bootstrap tree #79, logLikelihood: -39479.975124
[00:27:41] Bootstrap tree #80, logLikelihood: -39162.090704
[00:28:02] Bootstrap tree #81, logLikelihood: -38263.542032
[00:28:22] Bootstrap tree #82, logLikelihood: -39072.195878
[00:28:44] Bootstrap tree #83, logLikelihood: -38437.968914
[00:29:04] Bootstrap tree #84, logLikelihood: -38917.354740
[00:29:23] Bootstrap tree #85, logLikelihood: -38639.953437
[00:29:40] Bootstrap tree #86, logLikelihood: -38051.790557
[00:29:59] Bootstrap tree #87, logLikelihood: -38146.119861
[00:30:18] Bootstrap tree #88, logLikelihood: -38541.540693
[00:30:36] Bootstrap tree #89, logLikelihood: -38515.389671
[00:30:52] Bootstrap tree #90, logLikelihood: -38309.234104
[00:31:12] Bootstrap tree #91, logLikelihood: -38527.044091
[00:31:36] Bootstrap tree #92, logLikelihood: -37770.762698
[00:31:58] Bootstrap tree #93, logLikelihood: -38695.378212
[00:32:17] Bootstrap tree #94, logLikelihood: -38961.105539
[00:32:35] Bootstrap tree #95, logLikelihood: -38528.854323
[00:32:56] Bootstrap tree #96, logLikelihood: -39512.415837
[00:33:14] Bootstrap tree #97, logLikelihood: -38246.970615
[00:33:31] Bootstrap tree #98, logLikelihood: -38951.791495
[00:33:52] Bootstrap tree #99, logLikelihood: -39278.649485
[00:34:14] Bootstrap tree #100, logLikelihood: -38749.564146

Optimized model parameters:

   Partition 0: noname
   Rate heterogeneity: GAMMA (4 cats, mean),  alpha: 0.682506 (ML),  weights&rates: (0.250000,0.070456) (0.250000,0.355158) (0.250000,0.918209) (0.250000,2.656178) 
   Base frequencies (ML): 0.191543 0.322869 0.312995 0.172592 
   Substitution rates (ML): 1.205131 4.617118 1.077447 0.881782 4.938393 1.000000 

Final LogLikelihood: -38653.513884

All ML trees saved to: /mnt/lustre/scratch/home/uvi/be/avs/cancer_genes_selection/genes/CIITA/tree/CIITA_trimmed.raxml.mlTrees
Best ML tree saved to: /mnt/lustre/scratch/home/uvi/be/avs/cancer_genes_selection/genes/CIITA/tree/CIITA_trimmed.raxml.bestTree
Best ML tree with bootstrap support values saved to: /mnt/lustre/scratch/home/uvi/be/avs/cancer_genes_selection/genes/CIITA/tree/CIITA_trimmed.raxml.support
Optimized model saved to: /mnt/lustre/scratch/home/uvi/be/avs/cancer_genes_selection/genes/CIITA/tree/CIITA_trimmed.raxml.bestModel
Bootstrap trees saved to: /mnt/lustre/scratch/home/uvi/be/avs/cancer_genes_selection/genes/CIITA/tree/CIITA_trimmed.raxml.bootstraps

Execution log saved to: /mnt/lustre/scratch/home/uvi/be/avs/cancer_genes_selection/genes/CIITA/tree/CIITA_trimmed.raxml.log

Analysis started: 26-Mar-2018 20:30:10 / finished: 26-Mar-2018 21:04:27

Elapsed time: 2057.849 seconds

