
RAxML-NG v. 0.5.1b BETA released on 01.12.2017 by The Exelixis Lab.
Authors: Alexey Kozlov, Alexandros Stamatakis, Diego Darriba, Tomas Flouri, Benoit Morel.
Latest version: https://github.com/amkozlov/raxml-ng
Questions/problems/suggestions? Please visit: https://groups.google.com/forum/#!forum/raxml

WARNING: This is a BETA release, please use at your own risk!

RAxML-NG was called as follows:

raxml-ng-mpi --all --msa /mnt/lustre/scratch/home/uvi/be/avs/cancer_genes_selection/genes/PPP6C/align/PPP6C_align_DNA_trimmed2.fasta --model GTR+G -tree pars{10} --bs-trees 100 --prefix /mnt/lustre/scratch/home/uvi/be/avs/cancer_genes_selection/genes/PPP6C/tree/PPP6C_trimmed --redo

Analysis options:
  run mode: ML tree search + bootstrapping
  start tree(s): parsimony (10)
  random seed: 1522101925
  tip-inner: ON
  pattern compression: ON
  per-rate scalers: OFF
  site repeats: OFF
  branch lengths: ML estimate (linked)
  SIMD kernels: AVX2
  parallelization: NONE/sequential

WARNING: Running in REDO mode: existing checkpoints are ignored, and all result files will be overwritten!

[00:00:00] Reading alignment from file: /mnt/lustre/scratch/home/uvi/be/avs/cancer_genes_selection/genes/PPP6C/align/PPP6C_align_DNA_trimmed2.fasta
[00:00:00] Loaded alignment with 21 taxa and 918 sites

Alignment comprises 1 partitions and 197 patterns

Partition 0: noname
Model: GTR+FO+G4m
Alignment sites / patterns: 918 / 197
Gaps: 0.62 %
Invariant sites: 74.62 %


[00:00:01] Generating parsimony starting tree(s) with 21 taxa
[00:00:01] Data distribution: partitions/thread: 1-1, patterns/thread: 197-197

Starting ML tree search with 10 distinct starting trees

[00:00:05] ML tree search #1, logLikelihood: -3543.354776
[00:00:11] ML tree search #2, logLikelihood: -3542.839348
[00:00:15] ML tree search #3, logLikelihood: -3543.354818
[00:00:20] ML tree search #4, logLikelihood: -3542.842144
[00:00:25] ML tree search #5, logLikelihood: -3542.839355
[00:00:30] ML tree search #6, logLikelihood: -3542.839373
[00:00:35] ML tree search #7, logLikelihood: -3542.839479
[00:00:40] ML tree search #8, logLikelihood: -3542.842073
[00:00:45] ML tree search #9, logLikelihood: -3542.839466
[00:00:51] ML tree search #10, logLikelihood: -3542.839553

[00:00:51] ML tree search completed, best tree logLH: -3542.839348

[00:00:51] Starting bootstrapping analysis with 100 replicates.

[00:00:57] Bootstrap tree #1, logLikelihood: -3322.133478
[00:01:03] Bootstrap tree #2, logLikelihood: -3660.173651
[00:01:11] Bootstrap tree #3, logLikelihood: -3562.754042
[00:01:17] Bootstrap tree #4, logLikelihood: -3664.805273
[00:01:23] Bootstrap tree #5, logLikelihood: -3421.930204
[00:01:29] Bootstrap tree #6, logLikelihood: -3702.050543
[00:01:35] Bootstrap tree #7, logLikelihood: -3517.764026
[00:01:41] Bootstrap tree #8, logLikelihood: -3431.486820
[00:01:48] Bootstrap tree #9, logLikelihood: -3619.346285
[00:01:53] Bootstrap tree #10, logLikelihood: -3371.693967
[00:01:59] Bootstrap tree #11, logLikelihood: -3582.937913
[00:02:05] Bootstrap tree #12, logLikelihood: -3415.490328
[00:02:11] Bootstrap tree #13, logLikelihood: -3379.482666
[00:02:17] Bootstrap tree #14, logLikelihood: -3406.851888
[00:02:24] Bootstrap tree #15, logLikelihood: -3593.805295
[00:02:31] Bootstrap tree #16, logLikelihood: -3560.278927
[00:02:37] Bootstrap tree #17, logLikelihood: -3382.193924
[00:02:44] Bootstrap tree #18, logLikelihood: -3486.908394
[00:02:49] Bootstrap tree #19, logLikelihood: -3397.488424
[00:02:57] Bootstrap tree #20, logLikelihood: -3744.080359
[00:03:03] Bootstrap tree #21, logLikelihood: -3313.589321
[00:03:09] Bootstrap tree #22, logLikelihood: -3472.062835
[00:03:16] Bootstrap tree #23, logLikelihood: -3472.138790
[00:03:22] Bootstrap tree #24, logLikelihood: -3369.503096
[00:03:28] Bootstrap tree #25, logLikelihood: -3699.785122
[00:03:34] Bootstrap tree #26, logLikelihood: -3360.240224
[00:03:40] Bootstrap tree #27, logLikelihood: -3585.905980
[00:03:48] Bootstrap tree #28, logLikelihood: -3384.121225
[00:03:54] Bootstrap tree #29, logLikelihood: -3477.158016
[00:03:59] Bootstrap tree #30, logLikelihood: -3536.481958
[00:04:04] Bootstrap tree #31, logLikelihood: -3409.975463
[00:04:10] Bootstrap tree #32, logLikelihood: -3296.682418
[00:04:17] Bootstrap tree #33, logLikelihood: -3441.091257
[00:04:23] Bootstrap tree #34, logLikelihood: -3360.121475
[00:04:29] Bootstrap tree #35, logLikelihood: -3599.556324
[00:04:35] Bootstrap tree #36, logLikelihood: -3349.304422
[00:04:40] Bootstrap tree #37, logLikelihood: -3545.259811
[00:04:46] Bootstrap tree #38, logLikelihood: -3323.823890
[00:04:52] Bootstrap tree #39, logLikelihood: -3550.264719
[00:04:59] Bootstrap tree #40, logLikelihood: -3705.177153
[00:05:05] Bootstrap tree #41, logLikelihood: -3376.063029
[00:05:11] Bootstrap tree #42, logLikelihood: -3583.671142
[00:05:18] Bootstrap tree #43, logLikelihood: -3474.731521
[00:05:24] Bootstrap tree #44, logLikelihood: -3653.777808
[00:05:31] Bootstrap tree #45, logLikelihood: -3409.276621
[00:05:36] Bootstrap tree #46, logLikelihood: -3423.718974
[00:05:43] Bootstrap tree #47, logLikelihood: -3510.736615
[00:05:49] Bootstrap tree #48, logLikelihood: -3645.550348
[00:05:56] Bootstrap tree #49, logLikelihood: -3541.914934
[00:06:03] Bootstrap tree #50, logLikelihood: -3512.876438
[00:06:10] Bootstrap tree #51, logLikelihood: -3449.535409
[00:06:17] Bootstrap tree #52, logLikelihood: -3488.682211
[00:06:23] Bootstrap tree #53, logLikelihood: -3333.595016
[00:06:31] Bootstrap tree #54, logLikelihood: -3543.958616
[00:06:38] Bootstrap tree #55, logLikelihood: -3418.850233
[00:06:47] Bootstrap tree #56, logLikelihood: -3538.168519
[00:06:56] Bootstrap tree #57, logLikelihood: -3512.644403
[00:07:03] Bootstrap tree #58, logLikelihood: -3360.062424
[00:07:09] Bootstrap tree #59, logLikelihood: -3524.012001
[00:07:17] Bootstrap tree #60, logLikelihood: -3502.710685
[00:07:24] Bootstrap tree #61, logLikelihood: -3646.379951
[00:07:30] Bootstrap tree #62, logLikelihood: -3316.348961
[00:07:36] Bootstrap tree #63, logLikelihood: -3393.927259
[00:07:44] Bootstrap tree #64, logLikelihood: -3513.783038
[00:07:51] Bootstrap tree #65, logLikelihood: -3298.197776
[00:07:57] Bootstrap tree #66, logLikelihood: -3152.615828
[00:08:04] Bootstrap tree #67, logLikelihood: -3500.273154
[00:08:12] Bootstrap tree #68, logLikelihood: -3386.318291
[00:08:19] Bootstrap tree #69, logLikelihood: -3448.899812
[00:08:25] Bootstrap tree #70, logLikelihood: -3379.372062
[00:08:33] Bootstrap tree #71, logLikelihood: -3662.856947
[00:08:41] Bootstrap tree #72, logLikelihood: -3315.007607
[00:08:48] Bootstrap tree #73, logLikelihood: -3699.404393
[00:08:55] Bootstrap tree #74, logLikelihood: -3552.952762
[00:09:02] Bootstrap tree #75, logLikelihood: -3237.812889
[00:09:08] Bootstrap tree #76, logLikelihood: -3412.050271
[00:09:15] Bootstrap tree #77, logLikelihood: -3251.257575
[00:09:23] Bootstrap tree #78, logLikelihood: -3516.696834
[00:09:30] Bootstrap tree #79, logLikelihood: -3359.134757
[00:09:37] Bootstrap tree #80, logLikelihood: -3315.353387
[00:09:44] Bootstrap tree #81, logLikelihood: -3522.346524
[00:09:51] Bootstrap tree #82, logLikelihood: -3518.815274
[00:09:57] Bootstrap tree #83, logLikelihood: -3373.036184
[00:10:03] Bootstrap tree #84, logLikelihood: -3447.077964
[00:10:09] Bootstrap tree #85, logLikelihood: -3802.612581
[00:10:16] Bootstrap tree #86, logLikelihood: -3374.458447
[00:10:25] Bootstrap tree #87, logLikelihood: -3707.467953
[00:10:31] Bootstrap tree #88, logLikelihood: -3556.437644
[00:10:38] Bootstrap tree #89, logLikelihood: -3570.055267
[00:10:45] Bootstrap tree #90, logLikelihood: -3408.052728
[00:10:51] Bootstrap tree #91, logLikelihood: -3386.835998
[00:10:59] Bootstrap tree #92, logLikelihood: -3629.860460
[00:11:06] Bootstrap tree #93, logLikelihood: -3454.290549
[00:11:13] Bootstrap tree #94, logLikelihood: -3561.006208
[00:11:21] Bootstrap tree #95, logLikelihood: -3569.540273
[00:11:28] Bootstrap tree #96, logLikelihood: -3757.869926
[00:11:36] Bootstrap tree #97, logLikelihood: -3521.075042
[00:11:43] Bootstrap tree #98, logLikelihood: -3395.988701
[00:11:50] Bootstrap tree #99, logLikelihood: -3453.372882
[00:12:01] Bootstrap tree #100, logLikelihood: -3654.474979

Optimized model parameters:

   Partition 0: noname
   Rate heterogeneity: GAMMA (4 cats, mean),  alpha: 0.209312 (ML),  weights&rates: (0.250000,0.000722) (0.250000,0.039314) (0.250000,0.407521) (0.250000,3.552443) 
   Base frequencies (ML): 0.285643 0.186201 0.239819 0.288337 
   Substitution rates (ML): 1.981097 9.019166 1.374633 2.280496 10.514803 1.000000 

Final LogLikelihood: -3542.839348

All ML trees saved to: /mnt/lustre/scratch/home/uvi/be/avs/cancer_genes_selection/genes/PPP6C/tree/PPP6C_trimmed.raxml.mlTrees
Best ML tree saved to: /mnt/lustre/scratch/home/uvi/be/avs/cancer_genes_selection/genes/PPP6C/tree/PPP6C_trimmed.raxml.bestTree
Best ML tree with bootstrap support values saved to: /mnt/lustre/scratch/home/uvi/be/avs/cancer_genes_selection/genes/PPP6C/tree/PPP6C_trimmed.raxml.support
Optimized model saved to: /mnt/lustre/scratch/home/uvi/be/avs/cancer_genes_selection/genes/PPP6C/tree/PPP6C_trimmed.raxml.bestModel
Bootstrap trees saved to: /mnt/lustre/scratch/home/uvi/be/avs/cancer_genes_selection/genes/PPP6C/tree/PPP6C_trimmed.raxml.bootstraps

Execution log saved to: /mnt/lustre/scratch/home/uvi/be/avs/cancer_genes_selection/genes/PPP6C/tree/PPP6C_trimmed.raxml.log

Analysis started: 27-Mar-2018 00:05:25 / finished: 27-Mar-2018 00:17:30

Elapsed time: 725.436 seconds

