
RAxML-NG v. 0.5.1b BETA released on 01.12.2017 by The Exelixis Lab.
Authors: Alexey Kozlov, Alexandros Stamatakis, Diego Darriba, Tomas Flouri, Benoit Morel.
Latest version: https://github.com/amkozlov/raxml-ng
Questions/problems/suggestions? Please visit: https://groups.google.com/forum/#!forum/raxml

WARNING: This is a BETA release, please use at your own risk!

RAxML-NG was called as follows:

raxml-ng-mpi --all --msa /mnt/lustre/scratch/home/uvi/be/avs/cancer_genes_selection/genes/PIK3CB/align/PIK3CB_align_DNA_trimmed.fasta --model GTR+G -tree pars{10} --bs-trees 100 --prefix /mnt/lustre/scratch/home/uvi/be/avs/cancer_genes_selection/genes/PIK3CB/tree/PIK3CB --redo

Analysis options:
  run mode: ML tree search + bootstrapping
  start tree(s): parsimony (10)
  random seed: 1521666279
  tip-inner: ON
  pattern compression: ON
  per-rate scalers: OFF
  site repeats: OFF
  branch lengths: ML estimate (linked)
  SIMD kernels: AVX2
  parallelization: NONE/sequential

WARNING: Running in REDO mode: existing checkpoints are ignored, and all result files will be overwritten!

[00:00:00] Reading alignment from file: /mnt/lustre/scratch/home/uvi/be/avs/cancer_genes_selection/genes/PIK3CB/align/PIK3CB_align_DNA_trimmed.fasta
[00:00:00] Loaded alignment with 28 taxa and 3213 sites

Alignment comprises 1 partitions and 1238 patterns

Partition 0: noname
Model: GTR+FO+G4m
Alignment sites / patterns: 3213 / 1238
Gaps: 2.82 %
Invariant sites: 58.05 %


[00:00:00] Generating parsimony starting tree(s) with 28 taxa
[00:00:01] Data distribution: partitions/thread: 1-1, patterns/thread: 1238-1238

Starting ML tree search with 10 distinct starting trees

[00:00:10] ML tree search #1, logLikelihood: -20837.946697
[00:00:20] ML tree search #2, logLikelihood: -20837.946324
[00:00:28] ML tree search #3, logLikelihood: -20837.946195
[00:00:39] ML tree search #4, logLikelihood: -20837.945984
[00:00:48] ML tree search #5, logLikelihood: -20837.946390
[00:01:00] ML tree search #6, logLikelihood: -20837.946003
[00:01:09] ML tree search #7, logLikelihood: -20837.946056
[00:01:19] ML tree search #8, logLikelihood: -20837.945953
[00:01:29] ML tree search #9, logLikelihood: -20837.946058
[00:01:39] ML tree search #10, logLikelihood: -20837.946089

[00:01:39] ML tree search completed, best tree logLH: -20837.945953

[00:01:39] Starting bootstrapping analysis with 100 replicates.

[00:01:48] Bootstrap tree #1, logLikelihood: -21038.130103
[00:01:58] Bootstrap tree #2, logLikelihood: -20545.631462
[00:02:08] Bootstrap tree #3, logLikelihood: -20095.773043
[00:02:17] Bootstrap tree #4, logLikelihood: -20436.880009
[00:02:28] Bootstrap tree #5, logLikelihood: -21325.527956
[00:02:37] Bootstrap tree #6, logLikelihood: -20346.335990
[00:02:50] Bootstrap tree #7, logLikelihood: -20482.186805
[00:02:59] Bootstrap tree #8, logLikelihood: -20689.308633
[00:03:08] Bootstrap tree #9, logLikelihood: -20892.224560
[00:03:19] Bootstrap tree #10, logLikelihood: -20850.813242
[00:03:27] Bootstrap tree #11, logLikelihood: -20267.127490
[00:03:38] Bootstrap tree #12, logLikelihood: -19980.119562
[00:03:49] Bootstrap tree #13, logLikelihood: -20636.263630
[00:03:59] Bootstrap tree #14, logLikelihood: -20844.223158
[00:04:08] Bootstrap tree #15, logLikelihood: -20223.570156
[00:04:18] Bootstrap tree #16, logLikelihood: -20941.820031
[00:04:28] Bootstrap tree #17, logLikelihood: -20334.287558
[00:04:37] Bootstrap tree #18, logLikelihood: -21638.295109
[00:04:50] Bootstrap tree #19, logLikelihood: -20768.839049
[00:05:04] Bootstrap tree #20, logLikelihood: -20547.505352
[00:05:15] Bootstrap tree #21, logLikelihood: -21033.196103
[00:05:27] Bootstrap tree #22, logLikelihood: -20720.265929
[00:05:38] Bootstrap tree #23, logLikelihood: -20911.255552
[00:05:47] Bootstrap tree #24, logLikelihood: -21099.545697
[00:05:58] Bootstrap tree #25, logLikelihood: -20348.485278
[00:06:09] Bootstrap tree #26, logLikelihood: -21319.644497
[00:06:17] Bootstrap tree #27, logLikelihood: -20834.405851
[00:06:29] Bootstrap tree #28, logLikelihood: -20996.292518
[00:06:39] Bootstrap tree #29, logLikelihood: -21799.926174
[00:06:48] Bootstrap tree #30, logLikelihood: -20953.001152
[00:06:56] Bootstrap tree #31, logLikelihood: -21544.451798
[00:07:07] Bootstrap tree #32, logLikelihood: -20168.908283
[00:07:18] Bootstrap tree #33, logLikelihood: -20771.622947
[00:07:27] Bootstrap tree #34, logLikelihood: -21171.542651
[00:07:37] Bootstrap tree #35, logLikelihood: -21006.070061
[00:07:47] Bootstrap tree #36, logLikelihood: -20914.066658
[00:07:56] Bootstrap tree #37, logLikelihood: -20840.683248
[00:08:04] Bootstrap tree #38, logLikelihood: -20587.902829
[00:08:15] Bootstrap tree #39, logLikelihood: -20622.037245
[00:08:24] Bootstrap tree #40, logLikelihood: -20461.703348
[00:08:34] Bootstrap tree #41, logLikelihood: -20716.172772
[00:08:42] Bootstrap tree #42, logLikelihood: -20522.484519
[00:08:54] Bootstrap tree #43, logLikelihood: -21656.218118
[00:09:05] Bootstrap tree #44, logLikelihood: -20804.868203
[00:09:16] Bootstrap tree #45, logLikelihood: -20809.759086
[00:09:26] Bootstrap tree #46, logLikelihood: -20838.824412
[00:09:35] Bootstrap tree #47, logLikelihood: -20562.151421
[00:09:44] Bootstrap tree #48, logLikelihood: -20565.082223
[00:09:54] Bootstrap tree #49, logLikelihood: -21017.270516
[00:10:02] Bootstrap tree #50, logLikelihood: -20813.200024
[00:10:16] Bootstrap tree #51, logLikelihood: -20377.437966
[00:10:28] Bootstrap tree #52, logLikelihood: -20577.347421
[00:10:39] Bootstrap tree #53, logLikelihood: -20497.233950
[00:10:51] Bootstrap tree #54, logLikelihood: -20925.502578
[00:11:03] Bootstrap tree #55, logLikelihood: -21048.696002
[00:11:22] Bootstrap tree #56, logLikelihood: -20149.525032
[00:11:31] Bootstrap tree #57, logLikelihood: -20036.217854
[00:11:45] Bootstrap tree #58, logLikelihood: -21462.442287
[00:11:56] Bootstrap tree #59, logLikelihood: -20388.185632
[00:12:07] Bootstrap tree #60, logLikelihood: -20525.581291
[00:12:17] Bootstrap tree #61, logLikelihood: -21323.337832
[00:12:27] Bootstrap tree #62, logLikelihood: -21029.775284
[00:12:39] Bootstrap tree #63, logLikelihood: -20469.167305
[00:12:48] Bootstrap tree #64, logLikelihood: -20965.131137
[00:13:00] Bootstrap tree #65, logLikelihood: -21156.317854
[00:13:12] Bootstrap tree #66, logLikelihood: -20883.411265
[00:13:23] Bootstrap tree #67, logLikelihood: -20867.477734
[00:13:37] Bootstrap tree #68, logLikelihood: -21258.279492
[00:13:49] Bootstrap tree #69, logLikelihood: -20913.378626
[00:14:02] Bootstrap tree #70, logLikelihood: -21139.505030
[00:14:13] Bootstrap tree #71, logLikelihood: -21592.937324
[00:14:25] Bootstrap tree #72, logLikelihood: -20697.643561
[00:14:36] Bootstrap tree #73, logLikelihood: -20467.152113
[00:14:47] Bootstrap tree #74, logLikelihood: -20922.746912
[00:14:56] Bootstrap tree #75, logLikelihood: -21034.616396
[00:15:07] Bootstrap tree #76, logLikelihood: -20785.873470
[00:15:21] Bootstrap tree #77, logLikelihood: -20344.636124
[00:15:32] Bootstrap tree #78, logLikelihood: -20349.586258
[00:15:46] Bootstrap tree #79, logLikelihood: -20644.811725
[00:15:57] Bootstrap tree #80, logLikelihood: -21691.425694
[00:16:07] Bootstrap tree #81, logLikelihood: -20570.801625
[00:16:20] Bootstrap tree #82, logLikelihood: -20738.901682
[00:16:30] Bootstrap tree #83, logLikelihood: -20225.990484
[00:16:42] Bootstrap tree #84, logLikelihood: -20097.008859
[00:16:52] Bootstrap tree #85, logLikelihood: -20731.728077
[00:17:01] Bootstrap tree #86, logLikelihood: -20349.621071
[00:17:12] Bootstrap tree #87, logLikelihood: -21024.122999
[00:17:23] Bootstrap tree #88, logLikelihood: -21087.313877
[00:17:34] Bootstrap tree #89, logLikelihood: -20545.218549
[00:17:44] Bootstrap tree #90, logLikelihood: -20478.544655
[00:17:56] Bootstrap tree #91, logLikelihood: -20412.308189
[00:18:07] Bootstrap tree #92, logLikelihood: -21285.869909
[00:18:17] Bootstrap tree #93, logLikelihood: -21124.259080
[00:18:27] Bootstrap tree #94, logLikelihood: -20411.773069
[00:18:38] Bootstrap tree #95, logLikelihood: -20212.197155
[00:18:50] Bootstrap tree #96, logLikelihood: -20828.390203
[00:19:01] Bootstrap tree #97, logLikelihood: -21625.777291
[00:19:11] Bootstrap tree #98, logLikelihood: -20567.086539
[00:19:21] Bootstrap tree #99, logLikelihood: -20258.085882
[00:19:32] Bootstrap tree #100, logLikelihood: -20535.449407

Optimized model parameters:

   Partition 0: noname
   Rate heterogeneity: GAMMA (4 cats, mean),  alpha: 0.332021 (ML),  weights&rates: (0.250000,0.008249) (0.250000,0.129526) (0.250000,0.645859) (0.250000,3.216367) 
   Base frequencies (ML): 0.300962 0.209162 0.217508 0.272368 
   Substitution rates (ML): 1.436284 5.935200 0.660951 1.044689 7.254889 1.000000 

Final LogLikelihood: -20837.945953

All ML trees saved to: /mnt/lustre/scratch/home/uvi/be/avs/cancer_genes_selection/genes/PIK3CB/tree/PIK3CB.raxml.mlTrees
Best ML tree saved to: /mnt/lustre/scratch/home/uvi/be/avs/cancer_genes_selection/genes/PIK3CB/tree/PIK3CB.raxml.bestTree
Best ML tree with bootstrap support values saved to: /mnt/lustre/scratch/home/uvi/be/avs/cancer_genes_selection/genes/PIK3CB/tree/PIK3CB.raxml.support
Optimized model saved to: /mnt/lustre/scratch/home/uvi/be/avs/cancer_genes_selection/genes/PIK3CB/tree/PIK3CB.raxml.bestModel
Bootstrap trees saved to: /mnt/lustre/scratch/home/uvi/be/avs/cancer_genes_selection/genes/PIK3CB/tree/PIK3CB.raxml.bootstraps

Execution log saved to: /mnt/lustre/scratch/home/uvi/be/avs/cancer_genes_selection/genes/PIK3CB/tree/PIK3CB.raxml.log

Analysis started: 21-Mar-2018 22:04:39 / finished: 21-Mar-2018 22:24:16

Elapsed time: 1176.438 seconds

