
RAxML-NG v. 0.5.1b BETA released on 01.12.2017 by The Exelixis Lab.
Authors: Alexey Kozlov, Alexandros Stamatakis, Diego Darriba, Tomas Flouri, Benoit Morel.
Latest version: https://github.com/amkozlov/raxml-ng
Questions/problems/suggestions? Please visit: https://groups.google.com/forum/#!forum/raxml

WARNING: This is a BETA release, please use at your own risk!

RAxML-NG was called as follows:

raxml-ng-mpi --all --msa /mnt/lustre/scratch/home/uvi/be/avs/cancer_genes_selection/genes/WAS/align/WAS_align_DNA_trimmed2.fasta --model GTR+G -tree pars{10} --bs-trees 100 --prefix /mnt/lustre/scratch/home/uvi/be/avs/cancer_genes_selection/genes/WAS/tree/WAS_trimmed --redo

Analysis options:
  run mode: ML tree search + bootstrapping
  start tree(s): parsimony (10)
  random seed: 1522107899
  tip-inner: ON
  pattern compression: ON
  per-rate scalers: OFF
  site repeats: OFF
  branch lengths: ML estimate (linked)
  SIMD kernels: AVX2
  parallelization: NONE/sequential

WARNING: Running in REDO mode: existing checkpoints are ignored, and all result files will be overwritten!

[00:00:00] Reading alignment from file: /mnt/lustre/scratch/home/uvi/be/avs/cancer_genes_selection/genes/WAS/align/WAS_align_DNA_trimmed2.fasta
[00:00:01] Loaded alignment with 26 taxa and 1512 sites

Alignment comprises 1 partitions and 988 patterns

Partition 0: noname
Model: GTR+FO+G4m
Alignment sites / patterns: 1512 / 988
Gaps: 5.92 %
Invariant sites: 31.68 %


[00:00:01] Generating parsimony starting tree(s) with 26 taxa
[00:00:01] Data distribution: partitions/thread: 1-1, patterns/thread: 988-988

Starting ML tree search with 10 distinct starting trees

[00:00:12] ML tree search #1, logLikelihood: -13840.407566
[00:00:25] ML tree search #2, logLikelihood: -13840.749316
[00:00:36] ML tree search #3, logLikelihood: -13840.408858
[00:00:47] ML tree search #4, logLikelihood: -13840.602010
[00:01:00] ML tree search #5, logLikelihood: -13840.748580
[00:01:10] ML tree search #6, logLikelihood: -13840.746244
[00:01:22] ML tree search #7, logLikelihood: -13840.407584
[00:01:35] ML tree search #8, logLikelihood: -13840.749511
[00:01:47] ML tree search #9, logLikelihood: -13840.748326
[00:01:59] ML tree search #10, logLikelihood: -13840.748636

[00:01:59] ML tree search completed, best tree logLH: -13840.407566

[00:01:59] Starting bootstrapping analysis with 100 replicates.

[00:02:13] Bootstrap tree #1, logLikelihood: -14309.543926
[00:02:25] Bootstrap tree #2, logLikelihood: -14199.285555
[00:02:34] Bootstrap tree #3, logLikelihood: -13427.841910
[00:02:48] Bootstrap tree #4, logLikelihood: -14004.047054
[00:02:59] Bootstrap tree #5, logLikelihood: -13775.980235
[00:03:13] Bootstrap tree #6, logLikelihood: -14130.115457
[00:03:25] Bootstrap tree #7, logLikelihood: -13852.917111
[00:03:39] Bootstrap tree #8, logLikelihood: -14058.414097
[00:03:51] Bootstrap tree #9, logLikelihood: -13582.065005
[00:04:05] Bootstrap tree #10, logLikelihood: -13963.007707
[00:04:18] Bootstrap tree #11, logLikelihood: -13417.463461
[00:04:29] Bootstrap tree #12, logLikelihood: -14206.861369
[00:04:41] Bootstrap tree #13, logLikelihood: -13562.930397
[00:04:54] Bootstrap tree #14, logLikelihood: -13663.988501
[00:05:08] Bootstrap tree #15, logLikelihood: -13851.739829
[00:05:19] Bootstrap tree #16, logLikelihood: -14236.715859
[00:05:29] Bootstrap tree #17, logLikelihood: -13584.763456
[00:05:43] Bootstrap tree #18, logLikelihood: -13881.247185
[00:05:54] Bootstrap tree #19, logLikelihood: -13947.151985
[00:06:06] Bootstrap tree #20, logLikelihood: -14339.420254
[00:06:20] Bootstrap tree #21, logLikelihood: -14083.935857
[00:06:32] Bootstrap tree #22, logLikelihood: -14027.706557
[00:06:42] Bootstrap tree #23, logLikelihood: -13922.023737
[00:06:55] Bootstrap tree #24, logLikelihood: -13932.542220
[00:07:07] Bootstrap tree #25, logLikelihood: -13721.102143
[00:07:20] Bootstrap tree #26, logLikelihood: -13930.774605
[00:07:33] Bootstrap tree #27, logLikelihood: -13989.435810
[00:07:43] Bootstrap tree #28, logLikelihood: -13847.842766
[00:07:56] Bootstrap tree #29, logLikelihood: -13974.007352
[00:08:11] Bootstrap tree #30, logLikelihood: -13832.306201
[00:08:23] Bootstrap tree #31, logLikelihood: -14033.979357
[00:08:35] Bootstrap tree #32, logLikelihood: -13839.669378
[00:08:48] Bootstrap tree #33, logLikelihood: -13755.647353
[00:09:02] Bootstrap tree #34, logLikelihood: -13912.330260
[00:09:16] Bootstrap tree #35, logLikelihood: -13940.769319
[00:09:29] Bootstrap tree #36, logLikelihood: -13765.780714
[00:09:40] Bootstrap tree #37, logLikelihood: -14147.210782
[00:09:53] Bootstrap tree #38, logLikelihood: -13990.488116
[00:10:06] Bootstrap tree #39, logLikelihood: -13409.393377
[00:10:17] Bootstrap tree #40, logLikelihood: -14081.129767
[00:10:27] Bootstrap tree #41, logLikelihood: -13706.078506
[00:10:39] Bootstrap tree #42, logLikelihood: -13778.289672
[00:10:55] Bootstrap tree #43, logLikelihood: -13829.927034
[00:11:07] Bootstrap tree #44, logLikelihood: -13625.045119
[00:11:20] Bootstrap tree #45, logLikelihood: -13825.796018
[00:11:32] Bootstrap tree #46, logLikelihood: -14070.951630
[00:11:46] Bootstrap tree #47, logLikelihood: -13320.690509
[00:11:57] Bootstrap tree #48, logLikelihood: -13294.368699
[00:12:09] Bootstrap tree #49, logLikelihood: -13917.810385
[00:12:23] Bootstrap tree #50, logLikelihood: -13581.548903
[00:12:36] Bootstrap tree #51, logLikelihood: -13529.465297
[00:12:49] Bootstrap tree #52, logLikelihood: -13942.435007
[00:13:01] Bootstrap tree #53, logLikelihood: -13669.007007
[00:13:17] Bootstrap tree #54, logLikelihood: -13661.767736
[00:13:29] Bootstrap tree #55, logLikelihood: -13902.917208
[00:13:42] Bootstrap tree #56, logLikelihood: -14107.259106
[00:13:54] Bootstrap tree #57, logLikelihood: -13723.296333
[00:14:05] Bootstrap tree #58, logLikelihood: -13530.763528
[00:14:18] Bootstrap tree #59, logLikelihood: -13442.764944
[00:14:32] Bootstrap tree #60, logLikelihood: -14132.992092
[00:14:44] Bootstrap tree #61, logLikelihood: -13636.081384
[00:14:58] Bootstrap tree #62, logLikelihood: -13566.968554
[00:15:12] Bootstrap tree #63, logLikelihood: -14180.291143
[00:15:25] Bootstrap tree #64, logLikelihood: -13651.088716
[00:15:38] Bootstrap tree #65, logLikelihood: -13898.234691
[00:15:52] Bootstrap tree #66, logLikelihood: -13678.372008
[00:16:04] Bootstrap tree #67, logLikelihood: -13254.721724
[00:16:16] Bootstrap tree #68, logLikelihood: -13407.410891
[00:16:30] Bootstrap tree #69, logLikelihood: -13842.984087
[00:16:41] Bootstrap tree #70, logLikelihood: -13679.548195
[00:16:54] Bootstrap tree #71, logLikelihood: -14079.143105
[00:17:05] Bootstrap tree #72, logLikelihood: -13324.405622
[00:17:16] Bootstrap tree #73, logLikelihood: -14376.512779
[00:17:29] Bootstrap tree #74, logLikelihood: -13834.668589
[00:17:40] Bootstrap tree #75, logLikelihood: -13639.322536
[00:17:57] Bootstrap tree #76, logLikelihood: -14026.614523
[00:18:08] Bootstrap tree #77, logLikelihood: -13576.715241
[00:18:17] Bootstrap tree #78, logLikelihood: -13724.958163
[00:18:28] Bootstrap tree #79, logLikelihood: -13899.450139
[00:18:44] Bootstrap tree #80, logLikelihood: -13846.579329
[00:18:55] Bootstrap tree #81, logLikelihood: -13828.807992
[00:19:07] Bootstrap tree #82, logLikelihood: -13862.422500
[00:19:18] Bootstrap tree #83, logLikelihood: -14036.656249
[00:19:30] Bootstrap tree #84, logLikelihood: -13469.008643
[00:19:41] Bootstrap tree #85, logLikelihood: -13289.135521
[00:19:51] Bootstrap tree #86, logLikelihood: -13355.836745
[00:20:08] Bootstrap tree #87, logLikelihood: -13545.008078
[00:20:27] Bootstrap tree #88, logLikelihood: -13958.497381
[00:20:45] Bootstrap tree #89, logLikelihood: -13741.406035
[00:21:07] Bootstrap tree #90, logLikelihood: -13974.236465
[00:21:23] Bootstrap tree #91, logLikelihood: -14024.907039
[00:21:35] Bootstrap tree #92, logLikelihood: -13746.338557
[00:21:48] Bootstrap tree #93, logLikelihood: -13064.394486
[00:22:00] Bootstrap tree #94, logLikelihood: -14192.133206
[00:22:11] Bootstrap tree #95, logLikelihood: -13960.338775
[00:22:24] Bootstrap tree #96, logLikelihood: -13405.044147
[00:22:36] Bootstrap tree #97, logLikelihood: -14252.682085
[00:22:47] Bootstrap tree #98, logLikelihood: -14019.423604
[00:23:01] Bootstrap tree #99, logLikelihood: -14258.286704
[00:23:13] Bootstrap tree #100, logLikelihood: -13341.102733

Optimized model parameters:

   Partition 0: noname
   Rate heterogeneity: GAMMA (4 cats, mean),  alpha: 0.619879 (ML),  weights&rates: (0.250000,0.057232) (0.250000,0.323143) (0.250000,0.891131) (0.250000,2.728493) 
   Base frequencies (ML): 0.207326 0.322049 0.282155 0.188470 
   Substitution rates (ML): 1.050964 3.059228 1.574340 0.651126 3.540665 1.000000 

Final LogLikelihood: -13840.407566

All ML trees saved to: /mnt/lustre/scratch/home/uvi/be/avs/cancer_genes_selection/genes/WAS/tree/WAS_trimmed.raxml.mlTrees
Best ML tree saved to: /mnt/lustre/scratch/home/uvi/be/avs/cancer_genes_selection/genes/WAS/tree/WAS_trimmed.raxml.bestTree
Best ML tree with bootstrap support values saved to: /mnt/lustre/scratch/home/uvi/be/avs/cancer_genes_selection/genes/WAS/tree/WAS_trimmed.raxml.support
Optimized model saved to: /mnt/lustre/scratch/home/uvi/be/avs/cancer_genes_selection/genes/WAS/tree/WAS_trimmed.raxml.bestModel
Bootstrap trees saved to: /mnt/lustre/scratch/home/uvi/be/avs/cancer_genes_selection/genes/WAS/tree/WAS_trimmed.raxml.bootstraps

Execution log saved to: /mnt/lustre/scratch/home/uvi/be/avs/cancer_genes_selection/genes/WAS/tree/WAS_trimmed.raxml.log

Analysis started: 27-Mar-2018 01:44:59 / finished: 27-Mar-2018 02:08:16

Elapsed time: 1397.324 seconds

