
RAxML-NG v. 0.5.1b BETA released on 01.12.2017 by The Exelixis Lab.
Authors: Alexey Kozlov, Alexandros Stamatakis, Diego Darriba, Tomas Flouri, Benoit Morel.
Latest version: https://github.com/amkozlov/raxml-ng
Questions/problems/suggestions? Please visit: https://groups.google.com/forum/#!forum/raxml

WARNING: This is a BETA release, please use at your own risk!

RAxML-NG was called as follows:

raxml-ng-mpi --all --msa /mnt/lustre/scratch/home/uvi/be/avs/cancer_genes_selection/genes/SIX1/align/SIX1_align_DNA_trimmed.fasta --model GTR+G -tree pars{10} --bs-trees 100 --prefix /mnt/lustre/scratch/home/uvi/be/avs/cancer_genes_selection/genes/SIX1/tree/SIX1 --redo

Analysis options:
  run mode: ML tree search + bootstrapping
  start tree(s): parsimony (10)
  random seed: 1521669490
  tip-inner: ON
  pattern compression: ON
  per-rate scalers: OFF
  site repeats: OFF
  branch lengths: ML estimate (linked)
  SIMD kernels: AVX2
  parallelization: NONE/sequential

WARNING: Running in REDO mode: existing checkpoints are ignored, and all result files will be overwritten!

[00:00:00] Reading alignment from file: /mnt/lustre/scratch/home/uvi/be/avs/cancer_genes_selection/genes/SIX1/align/SIX1_align_DNA_trimmed.fasta
[00:00:00] Loaded alignment with 17 taxa and 855 sites

Alignment comprises 1 partitions and 167 patterns

Partition 0: noname
Model: GTR+FO+G4m
Alignment sites / patterns: 855 / 167
Gaps: 0.08 %
Invariant sites: 78.25 %


[00:00:00] Generating parsimony starting tree(s) with 17 taxa
[00:00:00] Data distribution: partitions/thread: 1-1, patterns/thread: 167-167

Starting ML tree search with 10 distinct starting trees

[00:00:03] ML tree search #1, logLikelihood: -3054.047712
[00:00:06] ML tree search #2, logLikelihood: -3054.047898
[00:00:08] ML tree search #3, logLikelihood: -3054.047962
[00:00:11] ML tree search #4, logLikelihood: -3054.047853
[00:00:14] ML tree search #5, logLikelihood: -3054.047846
[00:00:17] ML tree search #6, logLikelihood: -3054.047703
[00:00:19] ML tree search #7, logLikelihood: -3054.047726
[00:00:22] ML tree search #8, logLikelihood: -3054.047859
[00:00:24] ML tree search #9, logLikelihood: -3054.047984
[00:00:27] ML tree search #10, logLikelihood: -3054.047861

[00:00:27] ML tree search completed, best tree logLH: -3054.047703

[00:00:27] Starting bootstrapping analysis with 100 replicates.

[00:00:30] Bootstrap tree #1, logLikelihood: -2847.095056
[00:00:33] Bootstrap tree #2, logLikelihood: -2988.095533
[00:00:36] Bootstrap tree #3, logLikelihood: -3022.480813
[00:00:39] Bootstrap tree #4, logLikelihood: -3165.372825
[00:00:42] Bootstrap tree #5, logLikelihood: -3083.685279
[00:00:46] Bootstrap tree #6, logLikelihood: -2886.674643
[00:00:49] Bootstrap tree #7, logLikelihood: -2884.552256
[00:00:52] Bootstrap tree #8, logLikelihood: -2975.525966
[00:00:55] Bootstrap tree #9, logLikelihood: -2985.219052
[00:00:58] Bootstrap tree #10, logLikelihood: -3169.130162
[00:01:01] Bootstrap tree #11, logLikelihood: -3049.447897
[00:01:04] Bootstrap tree #12, logLikelihood: -3084.103696
[00:01:08] Bootstrap tree #13, logLikelihood: -3215.505890
[00:01:11] Bootstrap tree #14, logLikelihood: -3071.538555
[00:01:14] Bootstrap tree #15, logLikelihood: -3109.078379
[00:01:17] Bootstrap tree #16, logLikelihood: -3097.179787
[00:01:21] Bootstrap tree #17, logLikelihood: -3113.516413
[00:01:26] Bootstrap tree #18, logLikelihood: -2873.230794
[00:01:30] Bootstrap tree #19, logLikelihood: -2903.419564
[00:01:34] Bootstrap tree #20, logLikelihood: -2932.966800
[00:01:38] Bootstrap tree #21, logLikelihood: -3207.381054
[00:01:41] Bootstrap tree #22, logLikelihood: -2973.418582
[00:01:45] Bootstrap tree #23, logLikelihood: -2978.353332
[00:01:48] Bootstrap tree #24, logLikelihood: -3002.440778
[00:01:52] Bootstrap tree #25, logLikelihood: -3030.449507
[00:01:55] Bootstrap tree #26, logLikelihood: -2966.515787
[00:01:58] Bootstrap tree #27, logLikelihood: -3086.125724
[00:02:01] Bootstrap tree #28, logLikelihood: -3051.633244
[00:02:04] Bootstrap tree #29, logLikelihood: -2914.998767
[00:02:07] Bootstrap tree #30, logLikelihood: -3200.870739
[00:02:10] Bootstrap tree #31, logLikelihood: -2975.734797
[00:02:15] Bootstrap tree #32, logLikelihood: -3088.271192
[00:02:19] Bootstrap tree #33, logLikelihood: -3232.788319
[00:02:22] Bootstrap tree #34, logLikelihood: -2955.713498
[00:02:26] Bootstrap tree #35, logLikelihood: -3249.084003
[00:02:29] Bootstrap tree #36, logLikelihood: -3109.777877
[00:02:33] Bootstrap tree #37, logLikelihood: -3238.617669
[00:02:39] Bootstrap tree #38, logLikelihood: -3039.028718
[00:02:42] Bootstrap tree #39, logLikelihood: -2901.866920
[00:02:45] Bootstrap tree #40, logLikelihood: -2854.280885
[00:02:48] Bootstrap tree #41, logLikelihood: -3060.113309
[00:02:51] Bootstrap tree #42, logLikelihood: -3165.894415
[00:02:54] Bootstrap tree #43, logLikelihood: -2996.479247
[00:02:58] Bootstrap tree #44, logLikelihood: -3168.415242
[00:03:01] Bootstrap tree #45, logLikelihood: -3231.619267
[00:03:05] Bootstrap tree #46, logLikelihood: -3093.224782
[00:03:09] Bootstrap tree #47, logLikelihood: -3146.800196
[00:03:12] Bootstrap tree #48, logLikelihood: -3025.367900
[00:03:17] Bootstrap tree #49, logLikelihood: -2826.202175
[00:03:21] Bootstrap tree #50, logLikelihood: -3319.902222
[00:03:24] Bootstrap tree #51, logLikelihood: -3049.880400
[00:03:28] Bootstrap tree #52, logLikelihood: -2950.923588
[00:03:31] Bootstrap tree #53, logLikelihood: -3015.277786
[00:03:34] Bootstrap tree #54, logLikelihood: -3300.151024
[00:03:37] Bootstrap tree #55, logLikelihood: -3099.836210
[00:03:41] Bootstrap tree #56, logLikelihood: -3329.677494
[00:03:45] Bootstrap tree #57, logLikelihood: -3079.803806
[00:03:48] Bootstrap tree #58, logLikelihood: -3064.078576
[00:03:52] Bootstrap tree #59, logLikelihood: -3051.287083
[00:03:55] Bootstrap tree #60, logLikelihood: -3042.278892
[00:03:58] Bootstrap tree #61, logLikelihood: -3060.468397
[00:04:02] Bootstrap tree #62, logLikelihood: -3156.527644
[00:04:05] Bootstrap tree #63, logLikelihood: -2960.220581
[00:04:08] Bootstrap tree #64, logLikelihood: -3032.647467
[00:04:12] Bootstrap tree #65, logLikelihood: -3306.465302
[00:04:16] Bootstrap tree #66, logLikelihood: -2769.467852
[00:04:20] Bootstrap tree #67, logLikelihood: -3085.867773
[00:04:24] Bootstrap tree #68, logLikelihood: -3063.720872
[00:04:27] Bootstrap tree #69, logLikelihood: -2992.116240
[00:04:31] Bootstrap tree #70, logLikelihood: -2996.346721
[00:04:34] Bootstrap tree #71, logLikelihood: -3156.517144
[00:04:38] Bootstrap tree #72, logLikelihood: -3115.334139
[00:04:41] Bootstrap tree #73, logLikelihood: -2907.144540
[00:04:45] Bootstrap tree #74, logLikelihood: -2919.382439
[00:04:48] Bootstrap tree #75, logLikelihood: -2911.794425
[00:04:52] Bootstrap tree #76, logLikelihood: -3227.929080
[00:04:56] Bootstrap tree #77, logLikelihood: -2892.653811
[00:05:00] Bootstrap tree #78, logLikelihood: -3018.751923
[00:05:04] Bootstrap tree #79, logLikelihood: -2999.437103
[00:05:07] Bootstrap tree #80, logLikelihood: -2981.413888
[00:05:12] Bootstrap tree #81, logLikelihood: -2936.868340
[00:05:15] Bootstrap tree #82, logLikelihood: -3018.809991
[00:05:19] Bootstrap tree #83, logLikelihood: -2974.109165
[00:05:23] Bootstrap tree #84, logLikelihood: -2833.364586
[00:05:27] Bootstrap tree #85, logLikelihood: -2993.654005
[00:05:30] Bootstrap tree #86, logLikelihood: -3074.340768
[00:05:34] Bootstrap tree #87, logLikelihood: -3199.364730
[00:05:38] Bootstrap tree #88, logLikelihood: -3050.649640
[00:05:41] Bootstrap tree #89, logLikelihood: -3010.804482
[00:05:45] Bootstrap tree #90, logLikelihood: -3155.009032
[00:05:48] Bootstrap tree #91, logLikelihood: -3042.128427
[00:05:53] Bootstrap tree #92, logLikelihood: -3068.730731
[00:05:57] Bootstrap tree #93, logLikelihood: -3064.405540
[00:06:01] Bootstrap tree #94, logLikelihood: -2814.565258
[00:06:04] Bootstrap tree #95, logLikelihood: -2981.010693
[00:06:08] Bootstrap tree #96, logLikelihood: -3131.411370
[00:06:11] Bootstrap tree #97, logLikelihood: -2872.208087
[00:06:15] Bootstrap tree #98, logLikelihood: -2965.846402
[00:06:19] Bootstrap tree #99, logLikelihood: -2908.917811
[00:06:23] Bootstrap tree #100, logLikelihood: -2950.099781

Optimized model parameters:

   Partition 0: noname
   Rate heterogeneity: GAMMA (4 cats, mean),  alpha: 0.136576 (ML),  weights&rates: (0.250000,0.000021) (0.250000,0.006853) (0.250000,0.201069) (0.250000,3.792057) 
   Base frequencies (ML): 0.231947 0.320800 0.282725 0.164528 
   Substitution rates (ML): 0.488950 3.451471 0.001000 0.647234 5.636393 1.000000 

Final LogLikelihood: -3054.047703

All ML trees saved to: /mnt/lustre/scratch/home/uvi/be/avs/cancer_genes_selection/genes/SIX1/tree/SIX1.raxml.mlTrees
Best ML tree saved to: /mnt/lustre/scratch/home/uvi/be/avs/cancer_genes_selection/genes/SIX1/tree/SIX1.raxml.bestTree
Best ML tree with bootstrap support values saved to: /mnt/lustre/scratch/home/uvi/be/avs/cancer_genes_selection/genes/SIX1/tree/SIX1.raxml.support
Optimized model saved to: /mnt/lustre/scratch/home/uvi/be/avs/cancer_genes_selection/genes/SIX1/tree/SIX1.raxml.bestModel
Bootstrap trees saved to: /mnt/lustre/scratch/home/uvi/be/avs/cancer_genes_selection/genes/SIX1/tree/SIX1.raxml.bootstraps

Execution log saved to: /mnt/lustre/scratch/home/uvi/be/avs/cancer_genes_selection/genes/SIX1/tree/SIX1.raxml.log

Analysis started: 21-Mar-2018 22:58:10 / finished: 21-Mar-2018 23:04:37

Elapsed time: 386.986 seconds

