
RAxML-NG v. 0.5.1b BETA released on 01.12.2017 by The Exelixis Lab.
Authors: Alexey Kozlov, Alexandros Stamatakis, Diego Darriba, Tomas Flouri, Benoit Morel.
Latest version: https://github.com/amkozlov/raxml-ng
Questions/problems/suggestions? Please visit: https://groups.google.com/forum/#!forum/raxml

WARNING: This is a BETA release, please use at your own risk!

RAxML-NG was called as follows:

raxml-ng-mpi --all --msa /mnt/lustre/scratch/home/uvi/be/avs/cancer_genes_selection/genes/CBFA2T3/align/CBFA2T3_align_DNA_trimmed.fasta --model GTR+G -tree pars{10} --bs-trees 100 --prefix /mnt/lustre/scratch/home/uvi/be/avs/cancer_genes_selection/genes/CBFA2T3/tree/CBFA2T3 --redo

Analysis options:
  run mode: ML tree search + bootstrapping
  start tree(s): parsimony (10)
  random seed: 1521648006
  tip-inner: ON
  pattern compression: ON
  per-rate scalers: OFF
  site repeats: OFF
  branch lengths: ML estimate (linked)
  SIMD kernels: AVX2
  parallelization: NONE/sequential

WARNING: Running in REDO mode: existing checkpoints are ignored, and all result files will be overwritten!

[00:00:00] Reading alignment from file: /mnt/lustre/scratch/home/uvi/be/avs/cancer_genes_selection/genes/CBFA2T3/align/CBFA2T3_align_DNA_trimmed.fasta
[00:00:00] Loaded alignment with 25 taxa and 1902 sites

Alignment comprises 1 partitions and 1097 patterns

Partition 0: noname
Model: GTR+FO+G4m
Alignment sites / patterns: 1902 / 1097
Gaps: 5.99 %
Invariant sites: 38.43 %


[00:00:00] Generating parsimony starting tree(s) with 25 taxa
[00:00:01] Data distribution: partitions/thread: 1-1, patterns/thread: 1097-1097

Starting ML tree search with 10 distinct starting trees

[00:00:11] ML tree search #1, logLikelihood: -17859.827732
[00:00:20] ML tree search #2, logLikelihood: -17859.831777
[00:00:30] ML tree search #3, logLikelihood: -17859.817435
[00:00:40] ML tree search #4, logLikelihood: -17859.829247
[00:00:51] ML tree search #5, logLikelihood: -17859.828217
[00:01:00] ML tree search #6, logLikelihood: -17859.818260
[00:01:15] ML tree search #7, logLikelihood: -17859.829398
[00:01:25] ML tree search #8, logLikelihood: -17859.825734
[00:01:35] ML tree search #9, logLikelihood: -17859.829645
[00:01:45] ML tree search #10, logLikelihood: -17859.831902

[00:01:45] ML tree search completed, best tree logLH: -17859.817435

[00:01:45] Starting bootstrapping analysis with 100 replicates.

[00:01:53] Bootstrap tree #1, logLikelihood: -18217.493067
[00:02:01] Bootstrap tree #2, logLikelihood: -18181.937877
[00:02:08] Bootstrap tree #3, logLikelihood: -17426.882556
[00:02:16] Bootstrap tree #4, logLikelihood: -17951.178404
[00:02:27] Bootstrap tree #5, logLikelihood: -17638.471841
[00:02:37] Bootstrap tree #6, logLikelihood: -17610.253519
[00:02:46] Bootstrap tree #7, logLikelihood: -17889.690355
[00:02:53] Bootstrap tree #8, logLikelihood: -18075.724942
[00:03:01] Bootstrap tree #9, logLikelihood: -17290.934061
[00:03:09] Bootstrap tree #10, logLikelihood: -18504.239366
[00:03:18] Bootstrap tree #11, logLikelihood: -17515.105474
[00:03:26] Bootstrap tree #12, logLikelihood: -18190.548231
[00:03:35] Bootstrap tree #13, logLikelihood: -17718.302301
[00:03:43] Bootstrap tree #14, logLikelihood: -17439.102543
[00:03:52] Bootstrap tree #15, logLikelihood: -17657.594939
[00:04:00] Bootstrap tree #16, logLikelihood: -17776.302054
[00:04:07] Bootstrap tree #17, logLikelihood: -18262.264200
[00:04:16] Bootstrap tree #18, logLikelihood: -17719.409170
[00:04:26] Bootstrap tree #19, logLikelihood: -18003.854361
[00:04:34] Bootstrap tree #20, logLikelihood: -17954.818755
[00:04:44] Bootstrap tree #21, logLikelihood: -18242.218958
[00:04:51] Bootstrap tree #22, logLikelihood: -17843.453239
[00:04:58] Bootstrap tree #23, logLikelihood: -17310.920426
[00:05:05] Bootstrap tree #24, logLikelihood: -17534.782491
[00:05:14] Bootstrap tree #25, logLikelihood: -17609.572926
[00:05:22] Bootstrap tree #26, logLikelihood: -17696.884729
[00:05:30] Bootstrap tree #27, logLikelihood: -17630.069049
[00:05:39] Bootstrap tree #28, logLikelihood: -17135.031388
[00:05:48] Bootstrap tree #29, logLikelihood: -17896.982600
[00:05:56] Bootstrap tree #30, logLikelihood: -17628.480542
[00:06:05] Bootstrap tree #31, logLikelihood: -17509.285892
[00:06:13] Bootstrap tree #32, logLikelihood: -17332.655166
[00:06:21] Bootstrap tree #33, logLikelihood: -18482.281591
[00:06:29] Bootstrap tree #34, logLikelihood: -17871.132654
[00:06:36] Bootstrap tree #35, logLikelihood: -18075.707113
[00:06:44] Bootstrap tree #36, logLikelihood: -17937.377819
[00:06:50] Bootstrap tree #37, logLikelihood: -18195.743173
[00:06:58] Bootstrap tree #38, logLikelihood: -17659.998779
[00:07:05] Bootstrap tree #39, logLikelihood: -17360.604128
[00:07:14] Bootstrap tree #40, logLikelihood: -17392.764116
[00:07:23] Bootstrap tree #41, logLikelihood: -17630.072762
[00:07:31] Bootstrap tree #42, logLikelihood: -18574.649893
[00:07:40] Bootstrap tree #43, logLikelihood: -18486.611233
[00:07:49] Bootstrap tree #44, logLikelihood: -17731.619796
[00:07:57] Bootstrap tree #45, logLikelihood: -17772.520884
[00:08:05] Bootstrap tree #46, logLikelihood: -17421.922165
[00:08:16] Bootstrap tree #47, logLikelihood: -17856.351023
[00:08:26] Bootstrap tree #48, logLikelihood: -17593.666148
[00:08:35] Bootstrap tree #49, logLikelihood: -17596.641296
[00:08:43] Bootstrap tree #50, logLikelihood: -18116.801945
[00:08:50] Bootstrap tree #51, logLikelihood: -17689.290874
[00:09:00] Bootstrap tree #52, logLikelihood: -17470.193690
[00:09:10] Bootstrap tree #53, logLikelihood: -17897.906587
[00:09:19] Bootstrap tree #54, logLikelihood: -17646.969781
[00:09:31] Bootstrap tree #55, logLikelihood: -18179.989639
[00:09:42] Bootstrap tree #56, logLikelihood: -17982.370017
[00:09:50] Bootstrap tree #57, logLikelihood: -17632.410009
[00:10:00] Bootstrap tree #58, logLikelihood: -18019.272747
[00:10:09] Bootstrap tree #59, logLikelihood: -18193.845919
[00:10:17] Bootstrap tree #60, logLikelihood: -18064.750593
[00:10:25] Bootstrap tree #61, logLikelihood: -18348.285347
[00:10:33] Bootstrap tree #62, logLikelihood: -17766.457803
[00:10:43] Bootstrap tree #63, logLikelihood: -17438.292306
[00:10:54] Bootstrap tree #64, logLikelihood: -17410.001761
[00:11:04] Bootstrap tree #65, logLikelihood: -17636.031614
[00:11:12] Bootstrap tree #66, logLikelihood: -17508.866460
[00:11:24] Bootstrap tree #67, logLikelihood: -17301.434886
[00:11:33] Bootstrap tree #68, logLikelihood: -18098.028885
[00:11:40] Bootstrap tree #69, logLikelihood: -17363.726203
[00:11:48] Bootstrap tree #70, logLikelihood: -18508.335574
[00:11:58] Bootstrap tree #71, logLikelihood: -17816.086357
[00:12:06] Bootstrap tree #72, logLikelihood: -17330.689701
[00:12:17] Bootstrap tree #73, logLikelihood: -17553.105614
[00:12:24] Bootstrap tree #74, logLikelihood: -17070.267158
[00:12:33] Bootstrap tree #75, logLikelihood: -18048.443695
[00:12:43] Bootstrap tree #76, logLikelihood: -18010.847855
[00:12:52] Bootstrap tree #77, logLikelihood: -18060.475220
[00:12:59] Bootstrap tree #78, logLikelihood: -17634.337256
[00:13:09] Bootstrap tree #79, logLikelihood: -18321.497649
[00:13:19] Bootstrap tree #80, logLikelihood: -17869.768433
[00:13:29] Bootstrap tree #81, logLikelihood: -18150.368962
[00:13:38] Bootstrap tree #82, logLikelihood: -17804.950749
[00:13:47] Bootstrap tree #83, logLikelihood: -17586.453589
[00:13:55] Bootstrap tree #84, logLikelihood: -17006.540424
[00:14:05] Bootstrap tree #85, logLikelihood: -18156.818145
[00:14:14] Bootstrap tree #86, logLikelihood: -17487.681175
[00:14:22] Bootstrap tree #87, logLikelihood: -17627.510330
[00:14:31] Bootstrap tree #88, logLikelihood: -17357.354994
[00:14:41] Bootstrap tree #89, logLikelihood: -18144.354461
[00:14:50] Bootstrap tree #90, logLikelihood: -17495.061333
[00:14:58] Bootstrap tree #91, logLikelihood: -17213.770253
[00:15:10] Bootstrap tree #92, logLikelihood: -17631.398625
[00:15:21] Bootstrap tree #93, logLikelihood: -17946.136553
[00:15:32] Bootstrap tree #94, logLikelihood: -18507.709651
[00:15:40] Bootstrap tree #95, logLikelihood: -17837.262671
[00:15:50] Bootstrap tree #96, logLikelihood: -18028.685515
[00:16:01] Bootstrap tree #97, logLikelihood: -17677.549246
[00:16:08] Bootstrap tree #98, logLikelihood: -18640.188447
[00:16:19] Bootstrap tree #99, logLikelihood: -17644.193387
[00:16:27] Bootstrap tree #100, logLikelihood: -17491.015781

Optimized model parameters:

   Partition 0: noname
   Rate heterogeneity: GAMMA (4 cats, mean),  alpha: 0.440281 (ML),  weights&rates: (0.250000,0.022928) (0.250000,0.211155) (0.250000,0.771433) (0.250000,2.994483) 
   Base frequencies (ML): 0.168980 0.379478 0.319310 0.132233 
   Substitution rates (ML): 0.905160 3.238937 1.472026 0.640006 4.597680 1.000000 

Final LogLikelihood: -17859.817435

All ML trees saved to: /mnt/lustre/scratch/home/uvi/be/avs/cancer_genes_selection/genes/CBFA2T3/tree/CBFA2T3.raxml.mlTrees
Best ML tree saved to: /mnt/lustre/scratch/home/uvi/be/avs/cancer_genes_selection/genes/CBFA2T3/tree/CBFA2T3.raxml.bestTree
Best ML tree with bootstrap support values saved to: /mnt/lustre/scratch/home/uvi/be/avs/cancer_genes_selection/genes/CBFA2T3/tree/CBFA2T3.raxml.support
Optimized model saved to: /mnt/lustre/scratch/home/uvi/be/avs/cancer_genes_selection/genes/CBFA2T3/tree/CBFA2T3.raxml.bestModel
Bootstrap trees saved to: /mnt/lustre/scratch/home/uvi/be/avs/cancer_genes_selection/genes/CBFA2T3/tree/CBFA2T3.raxml.bootstraps

Execution log saved to: /mnt/lustre/scratch/home/uvi/be/avs/cancer_genes_selection/genes/CBFA2T3/tree/CBFA2T3.raxml.log

Analysis started: 21-Mar-2018 17:00:06 / finished: 21-Mar-2018 17:16:36

Elapsed time: 989.541 seconds

