
RAxML-NG v. 0.5.1b BETA released on 01.12.2017 by The Exelixis Lab.
Authors: Alexey Kozlov, Alexandros Stamatakis, Diego Darriba, Tomas Flouri, Benoit Morel.
Latest version: https://github.com/amkozlov/raxml-ng
Questions/problems/suggestions? Please visit: https://groups.google.com/forum/#!forum/raxml

WARNING: This is a BETA release, please use at your own risk!

RAxML-NG was called as follows:

raxml-ng-mpi --all --msa /mnt/lustre/scratch/home/uvi/be/avs/cancer_genes_selection/genes/TGFBR2/align/TGFBR2_align_DNA_trimmed.fasta --model GTR+G -tree pars{10} --bs-trees 100 --prefix /mnt/lustre/scratch/home/uvi/be/avs/cancer_genes_selection/genes/TGFBR2/tree/TGFBR2 --redo

Analysis options:
  run mode: ML tree search + bootstrapping
  start tree(s): parsimony (10)
  random seed: 1521672742
  tip-inner: ON
  pattern compression: ON
  per-rate scalers: OFF
  site repeats: OFF
  branch lengths: ML estimate (linked)
  SIMD kernels: AVX2
  parallelization: NONE/sequential

WARNING: Running in REDO mode: existing checkpoints are ignored, and all result files will be overwritten!

[00:00:01] Reading alignment from file: /mnt/lustre/scratch/home/uvi/be/avs/cancer_genes_selection/genes/TGFBR2/align/TGFBR2_align_DNA_trimmed.fasta
[00:00:01] Loaded alignment with 16 taxa and 1779 sites

Alignment comprises 1 partitions and 545 patterns

Partition 0: noname
Model: GTR+FO+G4m
Alignment sites / patterns: 1779 / 545
Gaps: 3.63 %
Invariant sites: 63.29 %


[00:00:02] Generating parsimony starting tree(s) with 16 taxa
[00:00:02] Data distribution: partitions/thread: 1-1, patterns/thread: 545-545

Starting ML tree search with 10 distinct starting trees

[00:00:05] ML tree search #1, logLikelihood: -8912.625515
[00:00:08] ML tree search #2, logLikelihood: -8912.625601
[00:00:12] ML tree search #3, logLikelihood: -8912.625511
[00:00:15] ML tree search #4, logLikelihood: -8912.625808
[00:00:18] ML tree search #5, logLikelihood: -8912.625572
[00:00:20] ML tree search #6, logLikelihood: -8912.625765
[00:00:24] ML tree search #7, logLikelihood: -8912.625510
[00:00:27] ML tree search #8, logLikelihood: -8912.625764
[00:00:30] ML tree search #9, logLikelihood: -8912.625583
[00:00:33] ML tree search #10, logLikelihood: -8912.625742

[00:00:33] ML tree search completed, best tree logLH: -8912.625510

[00:00:34] Starting bootstrapping analysis with 100 replicates.

[00:00:37] Bootstrap tree #1, logLikelihood: -8752.061531
[00:00:40] Bootstrap tree #2, logLikelihood: -8730.962745
[00:00:43] Bootstrap tree #3, logLikelihood: -8584.294668
[00:00:47] Bootstrap tree #4, logLikelihood: -9035.758686
[00:00:50] Bootstrap tree #5, logLikelihood: -8868.445291
[00:00:53] Bootstrap tree #6, logLikelihood: -8749.674663
[00:00:57] Bootstrap tree #7, logLikelihood: -8879.873844
[00:01:00] Bootstrap tree #8, logLikelihood: -9023.646418
[00:01:04] Bootstrap tree #9, logLikelihood: -8893.750635
[00:01:08] Bootstrap tree #10, logLikelihood: -9123.065190
[00:01:11] Bootstrap tree #11, logLikelihood: -9028.907540
[00:01:14] Bootstrap tree #12, logLikelihood: -8693.722577
[00:01:18] Bootstrap tree #13, logLikelihood: -8407.153291
[00:01:21] Bootstrap tree #14, logLikelihood: -8867.273385
[00:01:25] Bootstrap tree #15, logLikelihood: -9068.698014
[00:01:28] Bootstrap tree #16, logLikelihood: -8776.773803
[00:01:31] Bootstrap tree #17, logLikelihood: -8922.298603
[00:01:35] Bootstrap tree #18, logLikelihood: -9072.859882
[00:01:38] Bootstrap tree #19, logLikelihood: -8651.913935
[00:01:41] Bootstrap tree #20, logLikelihood: -8515.972403
[00:01:45] Bootstrap tree #21, logLikelihood: -8708.811006
[00:01:48] Bootstrap tree #22, logLikelihood: -8859.534983
[00:01:52] Bootstrap tree #23, logLikelihood: -8615.013314
[00:01:56] Bootstrap tree #24, logLikelihood: -8873.928383
[00:01:59] Bootstrap tree #25, logLikelihood: -9150.126548
[00:02:03] Bootstrap tree #26, logLikelihood: -9126.410841
[00:02:06] Bootstrap tree #27, logLikelihood: -8895.207889
[00:02:10] Bootstrap tree #28, logLikelihood: -9024.196776
[00:02:14] Bootstrap tree #29, logLikelihood: -8749.913972
[00:02:17] Bootstrap tree #30, logLikelihood: -8466.002153
[00:02:21] Bootstrap tree #31, logLikelihood: -8839.014164
[00:02:24] Bootstrap tree #32, logLikelihood: -8997.772176
[00:02:28] Bootstrap tree #33, logLikelihood: -9148.263815
[00:02:32] Bootstrap tree #34, logLikelihood: -9148.371237
[00:02:35] Bootstrap tree #35, logLikelihood: -8616.256358
[00:02:38] Bootstrap tree #36, logLikelihood: -8506.501368
[00:02:42] Bootstrap tree #37, logLikelihood: -9114.098912
[00:02:46] Bootstrap tree #38, logLikelihood: -8487.419281
[00:02:49] Bootstrap tree #39, logLikelihood: -9092.811165
[00:02:54] Bootstrap tree #40, logLikelihood: -8990.405525
[00:02:58] Bootstrap tree #41, logLikelihood: -8712.224714
[00:03:03] Bootstrap tree #42, logLikelihood: -8581.903754
[00:03:07] Bootstrap tree #43, logLikelihood: -8982.283569
[00:03:16] Bootstrap tree #44, logLikelihood: -9156.409711
[00:03:30] Bootstrap tree #45, logLikelihood: -8590.675337
[00:03:37] Bootstrap tree #46, logLikelihood: -8879.297001
[00:03:44] Bootstrap tree #47, logLikelihood: -8417.906314
[00:03:52] Bootstrap tree #48, logLikelihood: -8388.549868
[00:03:59] Bootstrap tree #49, logLikelihood: -8935.264460
[00:04:02] Bootstrap tree #50, logLikelihood: -9231.439170
[00:04:06] Bootstrap tree #51, logLikelihood: -8820.467258
[00:04:12] Bootstrap tree #52, logLikelihood: -8501.892057
[00:04:16] Bootstrap tree #53, logLikelihood: -8521.942292
[00:04:20] Bootstrap tree #54, logLikelihood: -8685.350013
[00:04:24] Bootstrap tree #55, logLikelihood: -8822.238322
[00:04:29] Bootstrap tree #56, logLikelihood: -8679.306920
[00:04:33] Bootstrap tree #57, logLikelihood: -8846.593732
[00:04:37] Bootstrap tree #58, logLikelihood: -8814.744974
[00:04:41] Bootstrap tree #59, logLikelihood: -8748.610483
[00:04:44] Bootstrap tree #60, logLikelihood: -8845.742101
[00:04:48] Bootstrap tree #61, logLikelihood: -8971.910623
[00:04:52] Bootstrap tree #62, logLikelihood: -8887.836161
[00:04:55] Bootstrap tree #63, logLikelihood: -8884.358084
[00:04:59] Bootstrap tree #64, logLikelihood: -8795.738774
[00:05:05] Bootstrap tree #65, logLikelihood: -9038.031254
[00:05:10] Bootstrap tree #66, logLikelihood: -8762.118873
[00:05:13] Bootstrap tree #67, logLikelihood: -9034.750656
[00:05:18] Bootstrap tree #68, logLikelihood: -9558.424979
[00:05:22] Bootstrap tree #69, logLikelihood: -9093.884935
[00:05:26] Bootstrap tree #70, logLikelihood: -8875.868365
[00:05:30] Bootstrap tree #71, logLikelihood: -8891.800871
[00:05:35] Bootstrap tree #72, logLikelihood: -8708.603924
[00:05:39] Bootstrap tree #73, logLikelihood: -8932.759189
[00:05:43] Bootstrap tree #74, logLikelihood: -8961.861760
[00:05:48] Bootstrap tree #75, logLikelihood: -8706.147293
[00:05:52] Bootstrap tree #76, logLikelihood: -9393.394471
[00:05:56] Bootstrap tree #77, logLikelihood: -8751.384739
[00:06:00] Bootstrap tree #78, logLikelihood: -8770.427405
[00:06:04] Bootstrap tree #79, logLikelihood: -8703.663149
[00:06:08] Bootstrap tree #80, logLikelihood: -9001.319655
[00:06:12] Bootstrap tree #81, logLikelihood: -8825.994505
[00:06:16] Bootstrap tree #82, logLikelihood: -8770.280739
[00:06:20] Bootstrap tree #83, logLikelihood: -8795.674764
[00:06:25] Bootstrap tree #84, logLikelihood: -9273.974544
[00:06:29] Bootstrap tree #85, logLikelihood: -8939.848589
[00:06:32] Bootstrap tree #86, logLikelihood: -8834.348351
[00:06:36] Bootstrap tree #87, logLikelihood: -8944.479115
[00:06:40] Bootstrap tree #88, logLikelihood: -8536.741204
[00:06:45] Bootstrap tree #89, logLikelihood: -9118.666647
[00:06:49] Bootstrap tree #90, logLikelihood: -9274.493641
[00:06:53] Bootstrap tree #91, logLikelihood: -8884.925512
[00:06:57] Bootstrap tree #92, logLikelihood: -9314.530406
[00:07:02] Bootstrap tree #93, logLikelihood: -9001.603261
[00:07:07] Bootstrap tree #94, logLikelihood: -9185.586067
[00:07:12] Bootstrap tree #95, logLikelihood: -8662.909604
[00:07:16] Bootstrap tree #96, logLikelihood: -9046.207988
[00:07:20] Bootstrap tree #97, logLikelihood: -9155.997164
[00:07:24] Bootstrap tree #98, logLikelihood: -8399.643868
[00:07:29] Bootstrap tree #99, logLikelihood: -8780.497549
[00:07:33] Bootstrap tree #100, logLikelihood: -8955.123510

Optimized model parameters:

   Partition 0: noname
   Rate heterogeneity: GAMMA (4 cats, mean),  alpha: 0.256388 (ML),  weights&rates: (0.250000,0.002423) (0.250000,0.071341) (0.250000,0.514766) (0.250000,3.411471) 
   Base frequencies (ML): 0.248973 0.267335 0.274127 0.209565 
   Substitution rates (ML): 1.970577 6.279852 1.543830 2.055808 10.685629 1.000000 

Final LogLikelihood: -8912.625510

All ML trees saved to: /mnt/lustre/scratch/home/uvi/be/avs/cancer_genes_selection/genes/TGFBR2/tree/TGFBR2.raxml.mlTrees
Best ML tree saved to: /mnt/lustre/scratch/home/uvi/be/avs/cancer_genes_selection/genes/TGFBR2/tree/TGFBR2.raxml.bestTree
Best ML tree with bootstrap support values saved to: /mnt/lustre/scratch/home/uvi/be/avs/cancer_genes_selection/genes/TGFBR2/tree/TGFBR2.raxml.support
Optimized model saved to: /mnt/lustre/scratch/home/uvi/be/avs/cancer_genes_selection/genes/TGFBR2/tree/TGFBR2.raxml.bestModel
Bootstrap trees saved to: /mnt/lustre/scratch/home/uvi/be/avs/cancer_genes_selection/genes/TGFBR2/tree/TGFBR2.raxml.bootstraps

Execution log saved to: /mnt/lustre/scratch/home/uvi/be/avs/cancer_genes_selection/genes/TGFBR2/tree/TGFBR2.raxml.log

Analysis started: 21-Mar-2018 23:52:22 / finished: 21-Mar-2018 23:59:58

Elapsed time: 456.145 seconds

