
RAxML-NG v. 0.5.1b BETA released on 01.12.2017 by The Exelixis Lab.
Authors: Alexey Kozlov, Alexandros Stamatakis, Diego Darriba, Tomas Flouri, Benoit Morel.
Latest version: https://github.com/amkozlov/raxml-ng
Questions/problems/suggestions? Please visit: https://groups.google.com/forum/#!forum/raxml

WARNING: This is a BETA release, please use at your own risk!

RAxML-NG was called as follows:

raxml-ng-mpi --all --msa /mnt/lustre/scratch/home/uvi/be/avs/cancer_genes_selection/genes/MLLT11/align/MLLT11_align_DNA_trimmed.fasta --model GTR+G -tree pars{10} --bs-trees 100 --prefix /mnt/lustre/scratch/home/uvi/be/avs/cancer_genes_selection/genes/MLLT11/tree/MLLT11 --redo

Analysis options:
  run mode: ML tree search + bootstrapping
  start tree(s): parsimony (10)
  random seed: 1521662697
  tip-inner: ON
  pattern compression: ON
  per-rate scalers: OFF
  site repeats: OFF
  branch lengths: ML estimate (linked)
  SIMD kernels: AVX2
  parallelization: NONE/sequential

WARNING: Running in REDO mode: existing checkpoints are ignored, and all result files will be overwritten!

[00:00:00] Reading alignment from file: /mnt/lustre/scratch/home/uvi/be/avs/cancer_genes_selection/genes/MLLT11/align/MLLT11_align_DNA_trimmed.fasta
[00:00:00] Loaded alignment with 23 taxa and 273 sites

Alignment comprises 1 partitions and 137 patterns

Partition 0: noname
Model: GTR+FO+G4m
Alignment sites / patterns: 273 / 137
Gaps: 0.24 %
Invariant sites: 49.45 %


[00:00:00] Generating parsimony starting tree(s) with 23 taxa
[00:00:01] Data distribution: partitions/thread: 1-1, patterns/thread: 137-137

Starting ML tree search with 10 distinct starting trees

[00:00:04] ML tree search #1, logLikelihood: -1877.182117
[00:00:09] ML tree search #2, logLikelihood: -1877.178198
[00:00:13] ML tree search #3, logLikelihood: -1876.851125
[00:00:17] ML tree search #4, logLikelihood: -1877.180329
[00:00:22] ML tree search #5, logLikelihood: -1876.817063
[00:00:26] ML tree search #6, logLikelihood: -1876.816824
[00:00:30] ML tree search #7, logLikelihood: -1877.179705
[00:00:34] ML tree search #8, logLikelihood: -1876.816364
[00:00:37] ML tree search #9, logLikelihood: -1877.181414
[00:00:40] ML tree search #10, logLikelihood: -1877.178118

[00:00:41] ML tree search completed, best tree logLH: -1876.816364

[00:00:41] Starting bootstrapping analysis with 100 replicates.

[00:00:44] Bootstrap tree #1, logLikelihood: -1838.095071
[00:00:48] Bootstrap tree #2, logLikelihood: -1919.047365
[00:00:52] Bootstrap tree #3, logLikelihood: -1788.844629
[00:00:55] Bootstrap tree #4, logLikelihood: -1936.814023
[00:00:59] Bootstrap tree #5, logLikelihood: -1876.139602
[00:01:02] Bootstrap tree #6, logLikelihood: -1691.851640
[00:01:06] Bootstrap tree #7, logLikelihood: -1979.612453
[00:01:10] Bootstrap tree #8, logLikelihood: -2034.256551
[00:01:13] Bootstrap tree #9, logLikelihood: -2065.359243
[00:01:17] Bootstrap tree #10, logLikelihood: -1871.763016
[00:01:21] Bootstrap tree #11, logLikelihood: -2055.327741
[00:01:24] Bootstrap tree #12, logLikelihood: -1797.586089
[00:01:28] Bootstrap tree #13, logLikelihood: -1748.553629
[00:01:39] Bootstrap tree #14, logLikelihood: -1937.903282
[00:01:46] Bootstrap tree #15, logLikelihood: -1704.229805
[00:01:57] Bootstrap tree #16, logLikelihood: -1839.011091
[00:02:05] Bootstrap tree #17, logLikelihood: -1876.915332
[00:02:16] Bootstrap tree #18, logLikelihood: -1691.537395
[00:02:19] Bootstrap tree #19, logLikelihood: -1647.707504
[00:02:23] Bootstrap tree #20, logLikelihood: -1839.061616
[00:02:27] Bootstrap tree #21, logLikelihood: -1755.861405
[00:02:33] Bootstrap tree #22, logLikelihood: -1754.293638
[00:02:38] Bootstrap tree #23, logLikelihood: -1690.694486
[00:02:43] Bootstrap tree #24, logLikelihood: -1744.902854
[00:02:48] Bootstrap tree #25, logLikelihood: -1842.956562
[00:02:52] Bootstrap tree #26, logLikelihood: -1811.260614
[00:02:56] Bootstrap tree #27, logLikelihood: -1742.578866
[00:03:00] Bootstrap tree #28, logLikelihood: -1909.454635
[00:03:11] Bootstrap tree #29, logLikelihood: -1732.140218
[00:03:23] Bootstrap tree #30, logLikelihood: -1842.119702
[00:03:34] Bootstrap tree #31, logLikelihood: -1746.401688
[00:03:53] Bootstrap tree #32, logLikelihood: -1701.347697
[00:03:57] Bootstrap tree #33, logLikelihood: -1851.859897
[00:04:01] Bootstrap tree #34, logLikelihood: -1850.649957
[00:04:05] Bootstrap tree #35, logLikelihood: -1827.234045
[00:04:09] Bootstrap tree #36, logLikelihood: -1627.423958
[00:04:13] Bootstrap tree #37, logLikelihood: -1658.216888
[00:04:17] Bootstrap tree #38, logLikelihood: -1831.499011
[00:04:21] Bootstrap tree #39, logLikelihood: -1765.965265
[00:04:24] Bootstrap tree #40, logLikelihood: -1644.457150
[00:04:29] Bootstrap tree #41, logLikelihood: -1684.349779
[00:04:36] Bootstrap tree #42, logLikelihood: -1786.551530
[00:04:40] Bootstrap tree #43, logLikelihood: -1717.007983
[00:04:44] Bootstrap tree #44, logLikelihood: -1835.173983
[00:04:49] Bootstrap tree #45, logLikelihood: -1773.847036
[00:04:53] Bootstrap tree #46, logLikelihood: -1838.854751
[00:04:58] Bootstrap tree #47, logLikelihood: -1731.648628
[00:05:02] Bootstrap tree #48, logLikelihood: -1665.978169
[00:05:05] Bootstrap tree #49, logLikelihood: -1831.878089
[00:05:10] Bootstrap tree #50, logLikelihood: -1928.115659
[00:05:14] Bootstrap tree #51, logLikelihood: -1710.980921
[00:05:18] Bootstrap tree #52, logLikelihood: -1845.382640
[00:05:23] Bootstrap tree #53, logLikelihood: -1900.684418
[00:05:27] Bootstrap tree #54, logLikelihood: -1713.315149
[00:05:31] Bootstrap tree #55, logLikelihood: -1899.359371
[00:05:36] Bootstrap tree #56, logLikelihood: -1837.402045
[00:05:41] Bootstrap tree #57, logLikelihood: -1755.101358
[00:05:45] Bootstrap tree #58, logLikelihood: -1854.835675
[00:05:49] Bootstrap tree #59, logLikelihood: -1806.262255
[00:05:54] Bootstrap tree #60, logLikelihood: -1775.960119
[00:06:02] Bootstrap tree #61, logLikelihood: -1832.064514
[00:06:07] Bootstrap tree #62, logLikelihood: -1676.671588
[00:06:10] Bootstrap tree #63, logLikelihood: -1797.655138
[00:06:14] Bootstrap tree #64, logLikelihood: -1887.980846
[00:06:18] Bootstrap tree #65, logLikelihood: -1787.422141
[00:06:23] Bootstrap tree #66, logLikelihood: -1730.715412
[00:06:27] Bootstrap tree #67, logLikelihood: -1924.996700
[00:06:32] Bootstrap tree #68, logLikelihood: -1971.642700
[00:06:37] Bootstrap tree #69, logLikelihood: -1891.854347
[00:06:44] Bootstrap tree #70, logLikelihood: -1845.275175
[00:06:49] Bootstrap tree #71, logLikelihood: -1806.402995
[00:06:54] Bootstrap tree #72, logLikelihood: -1784.400636
[00:06:58] Bootstrap tree #73, logLikelihood: -2019.499763
[00:07:02] Bootstrap tree #74, logLikelihood: -1710.416517
[00:07:07] Bootstrap tree #75, logLikelihood: -1789.205383
[00:07:12] Bootstrap tree #76, logLikelihood: -1782.337659
[00:07:17] Bootstrap tree #77, logLikelihood: -1931.701271
[00:07:22] Bootstrap tree #78, logLikelihood: -1796.846053
[00:07:26] Bootstrap tree #79, logLikelihood: -1785.878061
[00:07:31] Bootstrap tree #80, logLikelihood: -1880.616116
[00:07:40] Bootstrap tree #81, logLikelihood: -1799.837998
[00:07:45] Bootstrap tree #82, logLikelihood: -1721.133995
[00:07:49] Bootstrap tree #83, logLikelihood: -1741.885496
[00:07:54] Bootstrap tree #84, logLikelihood: -1642.411868
[00:08:00] Bootstrap tree #85, logLikelihood: -2067.399521
[00:08:04] Bootstrap tree #86, logLikelihood: -1798.332753
[00:08:09] Bootstrap tree #87, logLikelihood: -1809.762044
[00:08:18] Bootstrap tree #88, logLikelihood: -1773.987272
[00:08:23] Bootstrap tree #89, logLikelihood: -1711.915690
[00:08:27] Bootstrap tree #90, logLikelihood: -1775.783170
[00:08:31] Bootstrap tree #91, logLikelihood: -1561.492383
[00:08:36] Bootstrap tree #92, logLikelihood: -1927.910327
[00:08:42] Bootstrap tree #93, logLikelihood: -1866.010927
[00:08:47] Bootstrap tree #94, logLikelihood: -1798.815521
[00:08:55] Bootstrap tree #95, logLikelihood: -1575.571805
[00:09:00] Bootstrap tree #96, logLikelihood: -1823.315017
[00:09:04] Bootstrap tree #97, logLikelihood: -1680.506054
[00:09:09] Bootstrap tree #98, logLikelihood: -1940.184592
[00:09:14] Bootstrap tree #99, logLikelihood: -1876.542832
[00:09:20] Bootstrap tree #100, logLikelihood: -1741.489572

Optimized model parameters:

   Partition 0: noname
   Rate heterogeneity: GAMMA (4 cats, mean),  alpha: 0.619519 (ML),  weights&rates: (0.250000,0.057157) (0.250000,0.322949) (0.250000,0.890959) (0.250000,2.728934) 
   Base frequencies (ML): 0.272628 0.259294 0.214917 0.253161 
   Substitution rates (ML): 1.501930 6.494719 0.068059 1.849787 5.545196 1.000000 

Final LogLikelihood: -1876.816364

All ML trees saved to: /mnt/lustre/scratch/home/uvi/be/avs/cancer_genes_selection/genes/MLLT11/tree/MLLT11.raxml.mlTrees
Best ML tree saved to: /mnt/lustre/scratch/home/uvi/be/avs/cancer_genes_selection/genes/MLLT11/tree/MLLT11.raxml.bestTree
Best ML tree with bootstrap support values saved to: /mnt/lustre/scratch/home/uvi/be/avs/cancer_genes_selection/genes/MLLT11/tree/MLLT11.raxml.support
Optimized model saved to: /mnt/lustre/scratch/home/uvi/be/avs/cancer_genes_selection/genes/MLLT11/tree/MLLT11.raxml.bestModel
Bootstrap trees saved to: /mnt/lustre/scratch/home/uvi/be/avs/cancer_genes_selection/genes/MLLT11/tree/MLLT11.raxml.bootstraps

Execution log saved to: /mnt/lustre/scratch/home/uvi/be/avs/cancer_genes_selection/genes/MLLT11/tree/MLLT11.raxml.log

Analysis started: 21-Mar-2018 21:04:57 / finished: 21-Mar-2018 21:14:20

Elapsed time: 562.600 seconds

