
RAxML-NG v. 0.5.1b BETA released on 01.12.2017 by The Exelixis Lab.
Authors: Alexey Kozlov, Alexandros Stamatakis, Diego Darriba, Tomas Flouri, Benoit Morel.
Latest version: https://github.com/amkozlov/raxml-ng
Questions/problems/suggestions? Please visit: https://groups.google.com/forum/#!forum/raxml

WARNING: This is a BETA release, please use at your own risk!

RAxML-NG was called as follows:

raxml-ng-mpi --all --msa /mnt/lustre/scratch/home/uvi/be/avs/cancer_genes_selection/genes/RBM10/align/RBM10_align_DNA_trimmed2.fasta --model GTR+G -tree pars{10} --bs-trees 100 --prefix /mnt/lustre/scratch/home/uvi/be/avs/cancer_genes_selection/genes/RBM10/tree/RBM10_trimmed --redo

Analysis options:
  run mode: ML tree search + bootstrapping
  start tree(s): parsimony (10)
  random seed: 1522103186
  tip-inner: ON
  pattern compression: ON
  per-rate scalers: OFF
  site repeats: OFF
  branch lengths: ML estimate (linked)
  SIMD kernels: AVX2
  parallelization: NONE/sequential

WARNING: Running in REDO mode: existing checkpoints are ignored, and all result files will be overwritten!

[00:00:00] Reading alignment from file: /mnt/lustre/scratch/home/uvi/be/avs/cancer_genes_selection/genes/RBM10/align/RBM10_align_DNA_trimmed2.fasta
[00:00:01] Loaded alignment with 25 taxa and 2802 sites

Alignment comprises 1 partitions and 1185 patterns

Partition 0: noname
Model: GTR+FO+G4m
Alignment sites / patterns: 2802 / 1185
Gaps: 4.09 %
Invariant sites: 50.18 %


[00:00:01] Generating parsimony starting tree(s) with 25 taxa
[00:00:01] Data distribution: partitions/thread: 1-1, patterns/thread: 1185-1185

Starting ML tree search with 10 distinct starting trees

[00:00:10] ML tree search #1, logLikelihood: -18552.468078
[00:00:19] ML tree search #2, logLikelihood: -18552.465828
[00:00:29] ML tree search #3, logLikelihood: -18552.467051
[00:00:40] ML tree search #4, logLikelihood: -18554.652962
[00:00:48] ML tree search #5, logLikelihood: -18554.651646
[00:00:59] ML tree search #6, logLikelihood: -18552.466496
[00:01:08] ML tree search #7, logLikelihood: -18552.467189
[00:01:18] ML tree search #8, logLikelihood: -18552.465850
[00:01:28] ML tree search #9, logLikelihood: -18552.466256
[00:01:38] ML tree search #10, logLikelihood: -18554.651191

[00:01:39] ML tree search completed, best tree logLH: -18552.465828

[00:01:39] Starting bootstrapping analysis with 100 replicates.

[00:01:48] Bootstrap tree #1, logLikelihood: -18525.193723
[00:02:04] Bootstrap tree #2, logLikelihood: -18502.584291
[00:02:15] Bootstrap tree #3, logLikelihood: -18254.135189
[00:02:28] Bootstrap tree #4, logLikelihood: -18679.760218
[00:02:38] Bootstrap tree #5, logLikelihood: -18754.171263
[00:02:48] Bootstrap tree #6, logLikelihood: -17983.426011
[00:03:02] Bootstrap tree #7, logLikelihood: -18111.033579
[00:03:13] Bootstrap tree #8, logLikelihood: -18489.141531
[00:03:25] Bootstrap tree #9, logLikelihood: -17976.949744
[00:03:37] Bootstrap tree #10, logLikelihood: -18679.774979
[00:03:48] Bootstrap tree #11, logLikelihood: -18382.226130
[00:04:01] Bootstrap tree #12, logLikelihood: -18970.225794
[00:04:11] Bootstrap tree #13, logLikelihood: -18065.907206
[00:04:22] Bootstrap tree #14, logLikelihood: -18986.055528
[00:04:32] Bootstrap tree #15, logLikelihood: -18376.371474
[00:04:43] Bootstrap tree #16, logLikelihood: -18093.946933
[00:04:53] Bootstrap tree #17, logLikelihood: -18077.467265
[00:05:03] Bootstrap tree #18, logLikelihood: -18978.909857
[00:05:12] Bootstrap tree #19, logLikelihood: -18458.976148
[00:05:22] Bootstrap tree #20, logLikelihood: -18853.360451
[00:05:32] Bootstrap tree #21, logLikelihood: -18088.658011
[00:05:42] Bootstrap tree #22, logLikelihood: -18663.438043
[00:05:53] Bootstrap tree #23, logLikelihood: -18525.075416
[00:06:05] Bootstrap tree #24, logLikelihood: -18348.302922
[00:06:17] Bootstrap tree #25, logLikelihood: -18906.181724
[00:06:27] Bootstrap tree #26, logLikelihood: -18266.796075
[00:06:39] Bootstrap tree #27, logLikelihood: -18485.052761
[00:06:50] Bootstrap tree #28, logLikelihood: -18640.948126
[00:07:01] Bootstrap tree #29, logLikelihood: -18391.294930
[00:07:12] Bootstrap tree #30, logLikelihood: -18680.347288
[00:07:25] Bootstrap tree #31, logLikelihood: -18777.397858
[00:07:36] Bootstrap tree #32, logLikelihood: -18523.742211
[00:07:47] Bootstrap tree #33, logLikelihood: -18711.480536
[00:07:57] Bootstrap tree #34, logLikelihood: -18210.222088
[00:08:07] Bootstrap tree #35, logLikelihood: -18107.473380
[00:08:18] Bootstrap tree #36, logLikelihood: -18545.273295
[00:08:30] Bootstrap tree #37, logLikelihood: -18373.382061
[00:08:41] Bootstrap tree #38, logLikelihood: -18284.268646
[00:08:53] Bootstrap tree #39, logLikelihood: -18449.478201
[00:09:07] Bootstrap tree #40, logLikelihood: -17782.204560
[00:09:17] Bootstrap tree #41, logLikelihood: -19146.490590
[00:09:28] Bootstrap tree #42, logLikelihood: -18940.538897
[00:09:39] Bootstrap tree #43, logLikelihood: -18180.475275
[00:09:52] Bootstrap tree #44, logLikelihood: -18647.371158
[00:10:03] Bootstrap tree #45, logLikelihood: -18877.039477
[00:10:14] Bootstrap tree #46, logLikelihood: -18395.563134
[00:10:24] Bootstrap tree #47, logLikelihood: -18349.496819
[00:10:35] Bootstrap tree #48, logLikelihood: -17701.599335
[00:10:49] Bootstrap tree #49, logLikelihood: -18347.088642
[00:10:59] Bootstrap tree #50, logLikelihood: -18019.908676
[00:11:12] Bootstrap tree #51, logLikelihood: -18460.315290
[00:11:22] Bootstrap tree #52, logLikelihood: -18471.469088
[00:11:35] Bootstrap tree #53, logLikelihood: -18981.786681
[00:11:46] Bootstrap tree #54, logLikelihood: -18935.394722
[00:12:00] Bootstrap tree #55, logLikelihood: -18419.331565
[00:12:12] Bootstrap tree #56, logLikelihood: -18394.715191
[00:12:25] Bootstrap tree #57, logLikelihood: -18068.857834
[00:12:36] Bootstrap tree #58, logLikelihood: -18914.208767
[00:12:48] Bootstrap tree #59, logLikelihood: -18141.301182
[00:12:59] Bootstrap tree #60, logLikelihood: -18896.365938
[00:13:10] Bootstrap tree #61, logLikelihood: -18087.542657
[00:13:21] Bootstrap tree #62, logLikelihood: -18435.097076
[00:13:33] Bootstrap tree #63, logLikelihood: -18215.263781
[00:13:44] Bootstrap tree #64, logLikelihood: -18173.486171
[00:13:55] Bootstrap tree #65, logLikelihood: -18670.940625
[00:14:09] Bootstrap tree #66, logLikelihood: -19291.842284
[00:14:22] Bootstrap tree #67, logLikelihood: -18535.494526
[00:14:32] Bootstrap tree #68, logLikelihood: -18174.059884
[00:14:45] Bootstrap tree #69, logLikelihood: -19194.726358
[00:14:58] Bootstrap tree #70, logLikelihood: -18534.749714
[00:15:08] Bootstrap tree #71, logLikelihood: -18936.967271
[00:15:18] Bootstrap tree #72, logLikelihood: -18843.276210
[00:15:31] Bootstrap tree #73, logLikelihood: -18500.566591
[00:15:44] Bootstrap tree #74, logLikelihood: -18996.395796
[00:15:59] Bootstrap tree #75, logLikelihood: -18707.595016
[00:16:12] Bootstrap tree #76, logLikelihood: -18704.965451
[00:16:23] Bootstrap tree #77, logLikelihood: -18938.104384
[00:16:36] Bootstrap tree #78, logLikelihood: -18706.440413
[00:16:48] Bootstrap tree #79, logLikelihood: -18240.200721
[00:17:01] Bootstrap tree #80, logLikelihood: -18810.412468
[00:17:15] Bootstrap tree #81, logLikelihood: -19178.994360
[00:17:29] Bootstrap tree #82, logLikelihood: -18510.791368
[00:17:44] Bootstrap tree #83, logLikelihood: -18530.777311
[00:17:56] Bootstrap tree #84, logLikelihood: -18566.102211
[00:18:08] Bootstrap tree #85, logLikelihood: -18532.569651
[00:18:22] Bootstrap tree #86, logLikelihood: -18655.411428
[00:18:36] Bootstrap tree #87, logLikelihood: -18714.020491
[00:18:49] Bootstrap tree #88, logLikelihood: -18293.366123
[00:19:04] Bootstrap tree #89, logLikelihood: -18044.484072
[00:19:18] Bootstrap tree #90, logLikelihood: -18014.291791
[00:19:31] Bootstrap tree #91, logLikelihood: -18157.696139
[00:19:43] Bootstrap tree #92, logLikelihood: -18007.154518
[00:19:56] Bootstrap tree #93, logLikelihood: -18748.573251
[00:20:10] Bootstrap tree #94, logLikelihood: -18083.864544
[00:20:24] Bootstrap tree #95, logLikelihood: -19046.615701
[00:20:36] Bootstrap tree #96, logLikelihood: -18563.946521
[00:20:51] Bootstrap tree #97, logLikelihood: -18565.815793
[00:21:03] Bootstrap tree #98, logLikelihood: -18447.109397
[00:21:16] Bootstrap tree #99, logLikelihood: -18067.583968
[00:21:29] Bootstrap tree #100, logLikelihood: -18666.079378

Optimized model parameters:

   Partition 0: noname
   Rate heterogeneity: GAMMA (4 cats, mean),  alpha: 0.419813 (ML),  weights&rates: (0.250000,0.019673) (0.250000,0.196395) (0.250000,0.751860) (0.250000,3.032071) 
   Base frequencies (ML): 0.241547 0.308845 0.295877 0.153731 
   Substitution rates (ML): 0.753063 2.567303 0.983590 0.614908 4.853037 1.000000 

Final LogLikelihood: -18552.465828

All ML trees saved to: /mnt/lustre/scratch/home/uvi/be/avs/cancer_genes_selection/genes/RBM10/tree/RBM10_trimmed.raxml.mlTrees
Best ML tree saved to: /mnt/lustre/scratch/home/uvi/be/avs/cancer_genes_selection/genes/RBM10/tree/RBM10_trimmed.raxml.bestTree
Best ML tree with bootstrap support values saved to: /mnt/lustre/scratch/home/uvi/be/avs/cancer_genes_selection/genes/RBM10/tree/RBM10_trimmed.raxml.support
Optimized model saved to: /mnt/lustre/scratch/home/uvi/be/avs/cancer_genes_selection/genes/RBM10/tree/RBM10_trimmed.raxml.bestModel
Bootstrap trees saved to: /mnt/lustre/scratch/home/uvi/be/avs/cancer_genes_selection/genes/RBM10/tree/RBM10_trimmed.raxml.bootstraps

Execution log saved to: /mnt/lustre/scratch/home/uvi/be/avs/cancer_genes_selection/genes/RBM10/tree/RBM10_trimmed.raxml.log

Analysis started: 27-Mar-2018 00:26:25 / finished: 27-Mar-2018 00:47:59

Elapsed time: 1293.403 seconds

