
RAxML-NG v. 0.5.1b BETA released on 01.12.2017 by The Exelixis Lab.
Authors: Alexey Kozlov, Alexandros Stamatakis, Diego Darriba, Tomas Flouri, Benoit Morel.
Latest version: https://github.com/amkozlov/raxml-ng
Questions/problems/suggestions? Please visit: https://groups.google.com/forum/#!forum/raxml

WARNING: This is a BETA release, please use at your own risk!

RAxML-NG was called as follows:

raxml-ng-mpi --all --msa /mnt/lustre/scratch/home/uvi/be/avs/cancer_genes_selection/genes/EML4/align/EML4_align_DNA_trimmed.fasta --model GTR+G -tree pars{10} --bs-trees 100 --prefix /mnt/lustre/scratch/home/uvi/be/avs/cancer_genes_selection/genes/EML4/tree/EML4 --redo

Analysis options:
  run mode: ML tree search + bootstrapping
  start tree(s): parsimony (10)
  random seed: 1521654445
  tip-inner: ON
  pattern compression: ON
  per-rate scalers: OFF
  site repeats: OFF
  branch lengths: ML estimate (linked)
  SIMD kernels: AVX2
  parallelization: NONE/sequential

WARNING: Running in REDO mode: existing checkpoints are ignored, and all result files will be overwritten!

[00:00:01] Reading alignment from file: /mnt/lustre/scratch/home/uvi/be/avs/cancer_genes_selection/genes/EML4/align/EML4_align_DNA_trimmed.fasta
[00:00:01] Loaded alignment with 24 taxa and 2946 sites

Alignment comprises 1 partitions and 1325 patterns

Partition 0: noname
Model: GTR+FO+G4m
Alignment sites / patterns: 2946 / 1325
Gaps: 4.47 %
Invariant sites: 47.01 %


[00:00:01] Generating parsimony starting tree(s) with 24 taxa
[00:00:01] Data distribution: partitions/thread: 1-1, patterns/thread: 1325-1325

Starting ML tree search with 10 distinct starting trees

[00:00:09] ML tree search #1, logLikelihood: -20120.942489
[00:00:17] ML tree search #2, logLikelihood: -20123.338723
[00:00:27] ML tree search #3, logLikelihood: -20120.942294
[00:00:36] ML tree search #4, logLikelihood: -20120.942468
[00:00:47] ML tree search #5, logLikelihood: -20120.943182
[00:00:55] ML tree search #6, logLikelihood: -20120.941494
[00:01:04] ML tree search #7, logLikelihood: -20120.942017
[00:01:14] ML tree search #8, logLikelihood: -20120.941762
[00:01:24] ML tree search #9, logLikelihood: -20120.942681
[00:01:35] ML tree search #10, logLikelihood: -20123.338986

[00:01:35] ML tree search completed, best tree logLH: -20120.941494

[00:01:35] Starting bootstrapping analysis with 100 replicates.

[00:01:43] Bootstrap tree #1, logLikelihood: -20289.619934
[00:01:50] Bootstrap tree #2, logLikelihood: -19716.179655
[00:01:58] Bootstrap tree #3, logLikelihood: -19872.756354
[00:02:05] Bootstrap tree #4, logLikelihood: -20637.845880
[00:02:15] Bootstrap tree #5, logLikelihood: -20036.424817
[00:02:23] Bootstrap tree #6, logLikelihood: -19748.106029
[00:02:33] Bootstrap tree #7, logLikelihood: -19972.125444
[00:02:43] Bootstrap tree #8, logLikelihood: -19862.312183
[00:02:53] Bootstrap tree #9, logLikelihood: -20401.706613
[00:03:01] Bootstrap tree #10, logLikelihood: -20298.121158
[00:03:09] Bootstrap tree #11, logLikelihood: -20361.917282
[00:03:15] Bootstrap tree #12, logLikelihood: -19924.312618
[00:03:26] Bootstrap tree #13, logLikelihood: -19975.896370
[00:03:34] Bootstrap tree #14, logLikelihood: -19533.802739
[00:03:46] Bootstrap tree #15, logLikelihood: -20449.065923
[00:03:55] Bootstrap tree #16, logLikelihood: -20327.721297
[00:04:05] Bootstrap tree #17, logLikelihood: -19818.659275
[00:04:13] Bootstrap tree #18, logLikelihood: -20215.931679
[00:04:22] Bootstrap tree #19, logLikelihood: -19951.458135
[00:04:31] Bootstrap tree #20, logLikelihood: -19944.112480
[00:04:41] Bootstrap tree #21, logLikelihood: -20091.776544
[00:04:51] Bootstrap tree #22, logLikelihood: -19770.610040
[00:04:59] Bootstrap tree #23, logLikelihood: -20719.999085
[00:05:10] Bootstrap tree #24, logLikelihood: -20088.890984
[00:05:25] Bootstrap tree #25, logLikelihood: -20123.525134
[00:05:37] Bootstrap tree #26, logLikelihood: -20035.216027
[00:05:50] Bootstrap tree #27, logLikelihood: -19905.726995
[00:06:00] Bootstrap tree #28, logLikelihood: -20035.998503
[00:06:11] Bootstrap tree #29, logLikelihood: -20332.198825
[00:06:19] Bootstrap tree #30, logLikelihood: -19698.041217
[00:06:31] Bootstrap tree #31, logLikelihood: -20177.524303
[00:06:39] Bootstrap tree #32, logLikelihood: -20506.466691
[00:06:50] Bootstrap tree #33, logLikelihood: -20142.248192
[00:07:01] Bootstrap tree #34, logLikelihood: -20241.369394
[00:07:09] Bootstrap tree #35, logLikelihood: -19701.676542
[00:07:17] Bootstrap tree #36, logLikelihood: -19561.479599
[00:07:26] Bootstrap tree #37, logLikelihood: -20267.639618
[00:07:37] Bootstrap tree #38, logLikelihood: -19663.411394
[00:07:47] Bootstrap tree #39, logLikelihood: -19810.645165
[00:07:57] Bootstrap tree #40, logLikelihood: -19343.902749
[00:08:05] Bootstrap tree #41, logLikelihood: -19834.289788
[00:08:16] Bootstrap tree #42, logLikelihood: -19973.767249
[00:08:24] Bootstrap tree #43, logLikelihood: -19721.096646
[00:08:32] Bootstrap tree #44, logLikelihood: -19835.885453
[00:08:42] Bootstrap tree #45, logLikelihood: -20042.025314
[00:08:54] Bootstrap tree #46, logLikelihood: -20030.031130
[00:09:04] Bootstrap tree #47, logLikelihood: -19552.046559
[00:09:16] Bootstrap tree #48, logLikelihood: -20173.065715
[00:09:23] Bootstrap tree #49, logLikelihood: -19940.274165
[00:09:32] Bootstrap tree #50, logLikelihood: -20467.264576
[00:09:42] Bootstrap tree #51, logLikelihood: -19996.317898
[00:09:52] Bootstrap tree #52, logLikelihood: -19825.407812
[00:09:59] Bootstrap tree #53, logLikelihood: -20305.559831
[00:10:08] Bootstrap tree #54, logLikelihood: -19704.414522
[00:10:21] Bootstrap tree #55, logLikelihood: -20313.162320
[00:10:30] Bootstrap tree #56, logLikelihood: -20267.590742
[00:10:38] Bootstrap tree #57, logLikelihood: -20135.034663
[00:10:46] Bootstrap tree #58, logLikelihood: -20155.753214
[00:11:04] Bootstrap tree #59, logLikelihood: -20190.064701
[00:11:13] Bootstrap tree #60, logLikelihood: -19747.782341
[00:11:21] Bootstrap tree #61, logLikelihood: -19734.323540
[00:11:29] Bootstrap tree #62, logLikelihood: -20417.486631
[00:11:38] Bootstrap tree #63, logLikelihood: -19942.645382
[00:11:46] Bootstrap tree #64, logLikelihood: -20076.686090
[00:11:56] Bootstrap tree #65, logLikelihood: -20061.894085
[00:12:10] Bootstrap tree #66, logLikelihood: -20120.547835
[00:12:20] Bootstrap tree #67, logLikelihood: -20049.341802
[00:12:32] Bootstrap tree #68, logLikelihood: -20011.550540
[00:12:46] Bootstrap tree #69, logLikelihood: -19955.180399
[00:12:57] Bootstrap tree #70, logLikelihood: -20391.582668
[00:13:07] Bootstrap tree #71, logLikelihood: -19775.223583
[00:13:16] Bootstrap tree #72, logLikelihood: -20152.098681
[00:13:24] Bootstrap tree #73, logLikelihood: -19900.852521
[00:13:34] Bootstrap tree #74, logLikelihood: -20308.360536
[00:13:46] Bootstrap tree #75, logLikelihood: -19652.419352
[00:13:58] Bootstrap tree #76, logLikelihood: -20308.310702
[00:14:08] Bootstrap tree #77, logLikelihood: -20170.506272
[00:14:21] Bootstrap tree #78, logLikelihood: -20307.587453
[00:14:31] Bootstrap tree #79, logLikelihood: -19862.950403
[00:14:42] Bootstrap tree #80, logLikelihood: -20409.416220
[00:14:56] Bootstrap tree #81, logLikelihood: -19751.662135
[00:15:04] Bootstrap tree #82, logLikelihood: -20021.081334
[00:15:17] Bootstrap tree #83, logLikelihood: -19991.210402
[00:15:27] Bootstrap tree #84, logLikelihood: -19771.394861
[00:15:38] Bootstrap tree #85, logLikelihood: -20010.927976
[00:15:48] Bootstrap tree #86, logLikelihood: -20220.548521
[00:16:01] Bootstrap tree #87, logLikelihood: -20081.096147
[00:16:10] Bootstrap tree #88, logLikelihood: -19755.294138
[00:16:20] Bootstrap tree #89, logLikelihood: -20071.251815
[00:16:29] Bootstrap tree #90, logLikelihood: -20599.357658
[00:16:40] Bootstrap tree #91, logLikelihood: -20093.981283
[00:16:49] Bootstrap tree #92, logLikelihood: -19586.088453
[00:16:59] Bootstrap tree #93, logLikelihood: -21109.278170
[00:17:09] Bootstrap tree #94, logLikelihood: -20304.793296
[00:17:20] Bootstrap tree #95, logLikelihood: -20228.989114
[00:17:33] Bootstrap tree #96, logLikelihood: -19894.894288
[00:17:45] Bootstrap tree #97, logLikelihood: -19964.900204
[00:17:56] Bootstrap tree #98, logLikelihood: -20212.155128
[00:18:08] Bootstrap tree #99, logLikelihood: -20040.085896
[00:18:17] Bootstrap tree #100, logLikelihood: -20256.507267

Optimized model parameters:

   Partition 0: noname
   Rate heterogeneity: GAMMA (4 cats, mean),  alpha: 0.462495 (ML),  weights&rates: (0.250000,0.026665) (0.250000,0.226728) (0.250000,0.790936) (0.250000,2.955670) 
   Base frequencies (ML): 0.282707 0.236720 0.257804 0.222769 
   Substitution rates (ML): 1.733545 4.162011 0.976158 1.052097 6.307700 1.000000 

Final LogLikelihood: -20120.941494

All ML trees saved to: /mnt/lustre/scratch/home/uvi/be/avs/cancer_genes_selection/genes/EML4/tree/EML4.raxml.mlTrees
Best ML tree saved to: /mnt/lustre/scratch/home/uvi/be/avs/cancer_genes_selection/genes/EML4/tree/EML4.raxml.bestTree
Best ML tree with bootstrap support values saved to: /mnt/lustre/scratch/home/uvi/be/avs/cancer_genes_selection/genes/EML4/tree/EML4.raxml.support
Optimized model saved to: /mnt/lustre/scratch/home/uvi/be/avs/cancer_genes_selection/genes/EML4/tree/EML4.raxml.bestModel
Bootstrap trees saved to: /mnt/lustre/scratch/home/uvi/be/avs/cancer_genes_selection/genes/EML4/tree/EML4.raxml.bootstraps

Execution log saved to: /mnt/lustre/scratch/home/uvi/be/avs/cancer_genes_selection/genes/EML4/tree/EML4.raxml.log

Analysis started: 21-Mar-2018 18:47:25 / finished: 21-Mar-2018 19:05:45

Elapsed time: 1100.110 seconds

