
RAxML-NG v. 0.5.1b BETA released on 01.12.2017 by The Exelixis Lab.
Authors: Alexey Kozlov, Alexandros Stamatakis, Diego Darriba, Tomas Flouri, Benoit Morel.
Latest version: https://github.com/amkozlov/raxml-ng
Questions/problems/suggestions? Please visit: https://groups.google.com/forum/#!forum/raxml

WARNING: This is a BETA release, please use at your own risk!

RAxML-NG was called as follows:

raxml-ng-mpi --all --msa /mnt/lustre/scratch/home/uvi/be/avs/cancer_genes_selection/genes/TP63/align/TP63_align_DNA_trimmed.fasta --model GTR+G -tree pars{10} --bs-trees 100 --prefix /mnt/lustre/scratch/home/uvi/be/avs/cancer_genes_selection/genes/TP63/tree/TP63 --redo

Analysis options:
  run mode: ML tree search + bootstrapping
  start tree(s): parsimony (10)
  random seed: 1521673643
  tip-inner: ON
  pattern compression: ON
  per-rate scalers: OFF
  site repeats: OFF
  branch lengths: ML estimate (linked)
  SIMD kernels: AVX2
  parallelization: NONE/sequential

WARNING: Running in REDO mode: existing checkpoints are ignored, and all result files will be overwritten!

[00:00:00] Reading alignment from file: /mnt/lustre/scratch/home/uvi/be/avs/cancer_genes_selection/genes/TP63/align/TP63_align_DNA_trimmed.fasta
[00:00:00] Loaded alignment with 24 taxa and 2043 sites

Alignment comprises 1 partitions and 666 patterns

Partition 0: noname
Model: GTR+FO+G4m
Alignment sites / patterns: 2043 / 666
Gaps: 3.96 %
Invariant sites: 67.11 %


[00:00:01] Generating parsimony starting tree(s) with 24 taxa
[00:00:01] Data distribution: partitions/thread: 1-1, patterns/thread: 666-666

Starting ML tree search with 10 distinct starting trees

[00:00:09] ML tree search #1, logLikelihood: -11160.926788
[00:00:17] ML tree search #2, logLikelihood: -11160.813505
[00:00:24] ML tree search #3, logLikelihood: -11162.389304
[00:00:29] ML tree search #4, logLikelihood: -11164.707310
[00:00:35] ML tree search #5, logLikelihood: -11164.751486
[00:00:40] ML tree search #6, logLikelihood: -11162.389687
[00:00:48] ML tree search #7, logLikelihood: -11160.814422
[00:00:53] ML tree search #8, logLikelihood: -11160.925785
[00:00:58] ML tree search #9, logLikelihood: -11162.229984
[00:01:03] ML tree search #10, logLikelihood: -11165.294107

[00:01:04] ML tree search completed, best tree logLH: -11160.813505

[00:01:04] Starting bootstrapping analysis with 100 replicates.

[00:01:11] Bootstrap tree #1, logLikelihood: -11092.869313
[00:01:16] Bootstrap tree #2, logLikelihood: -11838.018521
[00:01:22] Bootstrap tree #3, logLikelihood: -10879.640264
[00:01:28] Bootstrap tree #4, logLikelihood: -11401.603731
[00:01:33] Bootstrap tree #5, logLikelihood: -11162.240228
[00:01:41] Bootstrap tree #6, logLikelihood: -11305.200266
[00:01:46] Bootstrap tree #7, logLikelihood: -11115.211559
[00:01:52] Bootstrap tree #8, logLikelihood: -10718.985144
[00:01:58] Bootstrap tree #9, logLikelihood: -11077.464390
[00:02:05] Bootstrap tree #10, logLikelihood: -10936.775560
[00:02:12] Bootstrap tree #11, logLikelihood: -11254.500186
[00:02:18] Bootstrap tree #12, logLikelihood: -10933.221648
[00:02:23] Bootstrap tree #13, logLikelihood: -10702.314326
[00:02:31] Bootstrap tree #14, logLikelihood: -11174.490859
[00:02:36] Bootstrap tree #15, logLikelihood: -10937.194029
[00:02:42] Bootstrap tree #16, logLikelihood: -10878.561157
[00:02:47] Bootstrap tree #17, logLikelihood: -11010.504100
[00:02:52] Bootstrap tree #18, logLikelihood: -11005.485613
[00:02:58] Bootstrap tree #19, logLikelihood: -11164.327603
[00:03:04] Bootstrap tree #20, logLikelihood: -11448.534263
[00:03:12] Bootstrap tree #21, logLikelihood: -11414.897604
[00:03:19] Bootstrap tree #22, logLikelihood: -11294.713000
[00:03:26] Bootstrap tree #23, logLikelihood: -11093.825237
[00:03:31] Bootstrap tree #24, logLikelihood: -11163.245015
[00:03:37] Bootstrap tree #25, logLikelihood: -11298.654518
[00:03:42] Bootstrap tree #26, logLikelihood: -11016.691229
[00:03:48] Bootstrap tree #27, logLikelihood: -11293.333179
[00:03:54] Bootstrap tree #28, logLikelihood: -10825.989646
[00:04:00] Bootstrap tree #29, logLikelihood: -11121.628139
[00:04:06] Bootstrap tree #30, logLikelihood: -11545.753902
[00:04:13] Bootstrap tree #31, logLikelihood: -11391.512788
[00:04:20] Bootstrap tree #32, logLikelihood: -11121.467320
[00:04:28] Bootstrap tree #33, logLikelihood: -11267.533188
[00:04:35] Bootstrap tree #34, logLikelihood: -10900.989706
[00:04:41] Bootstrap tree #35, logLikelihood: -11022.876302
[00:04:48] Bootstrap tree #36, logLikelihood: -11004.731676
[00:04:53] Bootstrap tree #37, logLikelihood: -11153.678894
[00:04:59] Bootstrap tree #38, logLikelihood: -11283.110651
[00:05:04] Bootstrap tree #39, logLikelihood: -10800.673656
[00:05:11] Bootstrap tree #40, logLikelihood: -11507.038446
[00:05:19] Bootstrap tree #41, logLikelihood: -10694.886739
[00:05:30] Bootstrap tree #42, logLikelihood: -10896.266159
[00:05:36] Bootstrap tree #43, logLikelihood: -11521.670102
[00:05:43] Bootstrap tree #44, logLikelihood: -10798.968270
[00:05:49] Bootstrap tree #45, logLikelihood: -10916.022967
[00:05:55] Bootstrap tree #46, logLikelihood: -10740.051122
[00:06:02] Bootstrap tree #47, logLikelihood: -11586.231291
[00:06:09] Bootstrap tree #48, logLikelihood: -10856.282387
[00:06:16] Bootstrap tree #49, logLikelihood: -11349.019650
[00:06:22] Bootstrap tree #50, logLikelihood: -11522.049641
[00:06:29] Bootstrap tree #51, logLikelihood: -11194.480664
[00:06:36] Bootstrap tree #52, logLikelihood: -11338.075290
[00:06:42] Bootstrap tree #53, logLikelihood: -11163.863026
[00:06:49] Bootstrap tree #54, logLikelihood: -10971.753756
[00:06:56] Bootstrap tree #55, logLikelihood: -10611.478372
[00:07:03] Bootstrap tree #56, logLikelihood: -11026.321863
[00:07:11] Bootstrap tree #57, logLikelihood: -11297.155127
[00:07:18] Bootstrap tree #58, logLikelihood: -10648.364589
[00:07:24] Bootstrap tree #59, logLikelihood: -11268.316589
[00:07:30] Bootstrap tree #60, logLikelihood: -10748.357335
[00:07:36] Bootstrap tree #61, logLikelihood: -11110.021443
[00:07:44] Bootstrap tree #62, logLikelihood: -11805.091964
[00:07:50] Bootstrap tree #63, logLikelihood: -11488.334121
[00:07:56] Bootstrap tree #64, logLikelihood: -10830.799988
[00:08:02] Bootstrap tree #65, logLikelihood: -10835.270689
[00:08:13] Bootstrap tree #66, logLikelihood: -11225.600003
[00:08:21] Bootstrap tree #67, logLikelihood: -11190.613726
[00:08:32] Bootstrap tree #68, logLikelihood: -11590.920966
[00:08:38] Bootstrap tree #69, logLikelihood: -10767.567600
[00:08:45] Bootstrap tree #70, logLikelihood: -11144.886919
[00:08:52] Bootstrap tree #71, logLikelihood: -11139.671328
[00:09:01] Bootstrap tree #72, logLikelihood: -10750.563000
[00:09:09] Bootstrap tree #73, logLikelihood: -11091.456302
[00:09:16] Bootstrap tree #74, logLikelihood: -11017.307652
[00:09:22] Bootstrap tree #75, logLikelihood: -10945.269589
[00:09:31] Bootstrap tree #76, logLikelihood: -11446.035095
[00:09:40] Bootstrap tree #77, logLikelihood: -11049.408673
[00:09:47] Bootstrap tree #78, logLikelihood: -10962.841118
[00:09:53] Bootstrap tree #79, logLikelihood: -11026.133156
[00:10:00] Bootstrap tree #80, logLikelihood: -10449.390450
[00:10:07] Bootstrap tree #81, logLikelihood: -11279.725709
[00:10:14] Bootstrap tree #82, logLikelihood: -10411.901845
[00:10:21] Bootstrap tree #83, logLikelihood: -10836.907462
[00:10:30] Bootstrap tree #84, logLikelihood: -11265.305576
[00:10:38] Bootstrap tree #85, logLikelihood: -11207.711855
[00:10:44] Bootstrap tree #86, logLikelihood: -11474.820666
[00:10:50] Bootstrap tree #87, logLikelihood: -10921.706649
[00:10:56] Bootstrap tree #88, logLikelihood: -11213.920710
[00:11:04] Bootstrap tree #89, logLikelihood: -10632.896643
[00:11:12] Bootstrap tree #90, logLikelihood: -10937.071303
[00:11:19] Bootstrap tree #91, logLikelihood: -11355.068488
[00:11:26] Bootstrap tree #92, logLikelihood: -11003.565096
[00:11:33] Bootstrap tree #93, logLikelihood: -11164.502391
[00:11:39] Bootstrap tree #94, logLikelihood: -10686.674315
[00:11:47] Bootstrap tree #95, logLikelihood: -11205.488415
[00:11:54] Bootstrap tree #96, logLikelihood: -11026.312005
[00:12:03] Bootstrap tree #97, logLikelihood: -11316.059961
[00:12:10] Bootstrap tree #98, logLikelihood: -10997.931595
[00:12:17] Bootstrap tree #99, logLikelihood: -10963.706796
[00:12:25] Bootstrap tree #100, logLikelihood: -11420.880117

Optimized model parameters:

   Partition 0: noname
   Rate heterogeneity: GAMMA (4 cats, mean),  alpha: 0.209021 (ML),  weights&rates: (0.250000,0.000716) (0.250000,0.039136) (0.250000,0.406788) (0.250000,3.553360) 
   Base frequencies (ML): 0.277656 0.292789 0.220792 0.208763 
   Substitution rates (ML): 1.169040 5.400331 0.527578 0.960445 4.936553 1.000000 

Final LogLikelihood: -11160.813505

All ML trees saved to: /mnt/lustre/scratch/home/uvi/be/avs/cancer_genes_selection/genes/TP63/tree/TP63.raxml.mlTrees
Best ML tree saved to: /mnt/lustre/scratch/home/uvi/be/avs/cancer_genes_selection/genes/TP63/tree/TP63.raxml.bestTree
Best ML tree with bootstrap support values saved to: /mnt/lustre/scratch/home/uvi/be/avs/cancer_genes_selection/genes/TP63/tree/TP63.raxml.support
Optimized model saved to: /mnt/lustre/scratch/home/uvi/be/avs/cancer_genes_selection/genes/TP63/tree/TP63.raxml.bestModel
Bootstrap trees saved to: /mnt/lustre/scratch/home/uvi/be/avs/cancer_genes_selection/genes/TP63/tree/TP63.raxml.bootstraps

Execution log saved to: /mnt/lustre/scratch/home/uvi/be/avs/cancer_genes_selection/genes/TP63/tree/TP63.raxml.log

Analysis started: 22-Mar-2018 00:07:23 / finished: 22-Mar-2018 00:19:50

Elapsed time: 747.841 seconds

