
RAxML-NG v. 0.5.1b BETA released on 01.12.2017 by The Exelixis Lab.
Authors: Alexey Kozlov, Alexandros Stamatakis, Diego Darriba, Tomas Flouri, Benoit Morel.
Latest version: https://github.com/amkozlov/raxml-ng
Questions/problems/suggestions? Please visit: https://groups.google.com/forum/#!forum/raxml

WARNING: This is a BETA release, please use at your own risk!

RAxML-NG was called as follows:

raxml-ng-mpi --all --msa /mnt/lustre/scratch/home/uvi/be/avs/cancer_genes_selection/genes/FOXP1/align/FOXP1_align_DNA_trimmed2.fasta --model GTR+G -tree pars{10} --bs-trees 100 --prefix /mnt/lustre/scratch/home/uvi/be/avs/cancer_genes_selection/genes/FOXP1/tree/FOXP1_trimmed --redo

Analysis options:
  run mode: ML tree search + bootstrapping
  start tree(s): parsimony (10)
  random seed: 1522093569
  tip-inner: ON
  pattern compression: ON
  per-rate scalers: OFF
  site repeats: OFF
  branch lengths: ML estimate (linked)
  SIMD kernels: AVX2
  parallelization: NONE/sequential

WARNING: Running in REDO mode: existing checkpoints are ignored, and all result files will be overwritten!

[00:00:00] Reading alignment from file: /mnt/lustre/scratch/home/uvi/be/avs/cancer_genes_selection/genes/FOXP1/align/FOXP1_align_DNA_trimmed2.fasta
[00:00:00] Loaded alignment with 25 taxa and 2034 sites

Alignment comprises 1 partitions and 648 patterns

Partition 0: noname
Model: GTR+FO+G4m
Alignment sites / patterns: 2034 / 648
Gaps: 3.59 %
Invariant sites: 67.11 %


[00:00:01] Generating parsimony starting tree(s) with 25 taxa
[00:00:01] Data distribution: partitions/thread: 1-1, patterns/thread: 648-648

Starting ML tree search with 10 distinct starting trees

[00:00:09] ML tree search #1, logLikelihood: -11223.965236
[00:00:20] ML tree search #2, logLikelihood: -11224.622266
[00:00:28] ML tree search #3, logLikelihood: -11224.620547
[00:00:35] ML tree search #4, logLikelihood: -11224.620264
[00:00:43] ML tree search #5, logLikelihood: -11224.621664
[00:00:53] ML tree search #6, logLikelihood: -11224.621360
[00:01:00] ML tree search #7, logLikelihood: -11223.965874
[00:01:09] ML tree search #8, logLikelihood: -11223.965831
[00:01:17] ML tree search #9, logLikelihood: -11224.620435
[00:01:26] ML tree search #10, logLikelihood: -11223.966107

[00:01:26] ML tree search completed, best tree logLH: -11223.965236

[00:01:26] Starting bootstrapping analysis with 100 replicates.

[00:01:34] Bootstrap tree #1, logLikelihood: -11434.363717
[00:01:44] Bootstrap tree #2, logLikelihood: -11466.094203
[00:01:53] Bootstrap tree #3, logLikelihood: -11588.391726
[00:02:00] Bootstrap tree #4, logLikelihood: -11345.225346
[00:02:09] Bootstrap tree #5, logLikelihood: -10564.561698
[00:02:16] Bootstrap tree #6, logLikelihood: -11025.243762
[00:02:26] Bootstrap tree #7, logLikelihood: -11343.276798
[00:02:37] Bootstrap tree #8, logLikelihood: -11240.311000
[00:02:48] Bootstrap tree #9, logLikelihood: -11451.654061
[00:02:55] Bootstrap tree #10, logLikelihood: -10465.695652
[00:03:02] Bootstrap tree #11, logLikelihood: -11614.634292
[00:03:09] Bootstrap tree #12, logLikelihood: -10994.981701
[00:03:19] Bootstrap tree #13, logLikelihood: -11145.896766
[00:03:28] Bootstrap tree #14, logLikelihood: -11164.465375
[00:03:36] Bootstrap tree #15, logLikelihood: -11330.226742
[00:03:47] Bootstrap tree #16, logLikelihood: -11221.604134
[00:03:57] Bootstrap tree #17, logLikelihood: -11013.117974
[00:04:05] Bootstrap tree #18, logLikelihood: -11157.314756
[00:04:13] Bootstrap tree #19, logLikelihood: -10926.184390
[00:04:24] Bootstrap tree #20, logLikelihood: -11334.787177
[00:04:33] Bootstrap tree #21, logLikelihood: -10862.020441
[00:04:42] Bootstrap tree #22, logLikelihood: -11266.663923
[00:04:50] Bootstrap tree #23, logLikelihood: -11265.260735
[00:05:00] Bootstrap tree #24, logLikelihood: -11064.714596
[00:05:09] Bootstrap tree #25, logLikelihood: -12061.911583
[00:05:17] Bootstrap tree #26, logLikelihood: -10997.555025
[00:05:25] Bootstrap tree #27, logLikelihood: -10910.281574
[00:05:35] Bootstrap tree #28, logLikelihood: -11051.264141
[00:05:43] Bootstrap tree #29, logLikelihood: -10745.527270
[00:05:52] Bootstrap tree #30, logLikelihood: -10488.776382
[00:06:00] Bootstrap tree #31, logLikelihood: -10850.975644
[00:06:11] Bootstrap tree #32, logLikelihood: -11090.063588
[00:06:19] Bootstrap tree #33, logLikelihood: -10817.269943
[00:06:27] Bootstrap tree #34, logLikelihood: -11290.312647
[00:06:39] Bootstrap tree #35, logLikelihood: -11538.884646
[00:06:48] Bootstrap tree #36, logLikelihood: -11498.806616
[00:06:57] Bootstrap tree #37, logLikelihood: -11137.373217
[00:07:07] Bootstrap tree #38, logLikelihood: -11185.812474
[00:07:17] Bootstrap tree #39, logLikelihood: -11001.293785
[00:07:26] Bootstrap tree #40, logLikelihood: -11134.451363
[00:07:36] Bootstrap tree #41, logLikelihood: -11644.909225
[00:07:46] Bootstrap tree #42, logLikelihood: -11444.070007
[00:07:54] Bootstrap tree #43, logLikelihood: -11028.078693
[00:08:03] Bootstrap tree #44, logLikelihood: -11354.420845
[00:08:11] Bootstrap tree #45, logLikelihood: -11110.960462
[00:08:21] Bootstrap tree #46, logLikelihood: -10847.074606
[00:08:31] Bootstrap tree #47, logLikelihood: -11112.151238
[00:08:39] Bootstrap tree #48, logLikelihood: -11576.073198
[00:08:48] Bootstrap tree #49, logLikelihood: -11605.307112
[00:08:58] Bootstrap tree #50, logLikelihood: -11187.604521
[00:09:08] Bootstrap tree #51, logLikelihood: -11151.590369
[00:09:17] Bootstrap tree #52, logLikelihood: -11052.161864
[00:09:26] Bootstrap tree #53, logLikelihood: -10498.654425
[00:09:35] Bootstrap tree #54, logLikelihood: -11056.011564
[00:09:43] Bootstrap tree #55, logLikelihood: -10967.809981
[00:09:51] Bootstrap tree #56, logLikelihood: -11285.861582
[00:10:02] Bootstrap tree #57, logLikelihood: -11173.025935
[00:10:09] Bootstrap tree #58, logLikelihood: -11140.521014
[00:10:19] Bootstrap tree #59, logLikelihood: -11725.578130
[00:10:28] Bootstrap tree #60, logLikelihood: -11333.908980
[00:10:38] Bootstrap tree #61, logLikelihood: -11642.252882
[00:10:47] Bootstrap tree #62, logLikelihood: -11011.269665
[00:10:58] Bootstrap tree #63, logLikelihood: -11011.323559
[00:11:09] Bootstrap tree #64, logLikelihood: -10971.881123
[00:11:17] Bootstrap tree #65, logLikelihood: -11689.465386
[00:11:26] Bootstrap tree #66, logLikelihood: -11395.027050
[00:11:35] Bootstrap tree #67, logLikelihood: -11450.189966
[00:11:42] Bootstrap tree #68, logLikelihood: -11211.652658
[00:11:53] Bootstrap tree #69, logLikelihood: -11178.641987
[00:12:01] Bootstrap tree #70, logLikelihood: -11547.538329
[00:12:10] Bootstrap tree #71, logLikelihood: -11222.790277
[00:12:22] Bootstrap tree #72, logLikelihood: -11155.932420
[00:12:33] Bootstrap tree #73, logLikelihood: -10925.507440
[00:12:44] Bootstrap tree #74, logLikelihood: -10571.044607
[00:12:53] Bootstrap tree #75, logLikelihood: -11034.412046
[00:13:03] Bootstrap tree #76, logLikelihood: -10649.850331
[00:13:11] Bootstrap tree #77, logLikelihood: -11344.084968
[00:13:22] Bootstrap tree #78, logLikelihood: -11135.288859
[00:13:31] Bootstrap tree #79, logLikelihood: -11140.724620
[00:13:39] Bootstrap tree #80, logLikelihood: -11559.778181
[00:13:48] Bootstrap tree #81, logLikelihood: -11239.560965
[00:13:57] Bootstrap tree #82, logLikelihood: -11212.731905
[00:14:07] Bootstrap tree #83, logLikelihood: -10965.320642
[00:14:19] Bootstrap tree #84, logLikelihood: -11182.285369
[00:14:31] Bootstrap tree #85, logLikelihood: -11324.607416
[00:14:40] Bootstrap tree #86, logLikelihood: -11244.717313
[00:14:50] Bootstrap tree #87, logLikelihood: -11379.401087
[00:14:58] Bootstrap tree #88, logLikelihood: -11231.152928
[00:15:08] Bootstrap tree #89, logLikelihood: -10725.612028
[00:15:17] Bootstrap tree #90, logLikelihood: -10978.865892
[00:15:28] Bootstrap tree #91, logLikelihood: -11164.103216
[00:15:37] Bootstrap tree #92, logLikelihood: -11029.435598
[00:15:49] Bootstrap tree #93, logLikelihood: -10831.953930
[00:16:00] Bootstrap tree #94, logLikelihood: -11403.058764
[00:16:10] Bootstrap tree #95, logLikelihood: -11252.863968
[00:16:21] Bootstrap tree #96, logLikelihood: -10901.385967
[00:16:30] Bootstrap tree #97, logLikelihood: -11055.964407
[00:16:38] Bootstrap tree #98, logLikelihood: -11002.437410
[00:16:47] Bootstrap tree #99, logLikelihood: -10521.826487
[00:16:59] Bootstrap tree #100, logLikelihood: -11504.940350

Optimized model parameters:

   Partition 0: noname
   Rate heterogeneity: GAMMA (4 cats, mean),  alpha: 0.209267 (ML),  weights&rates: (0.250000,0.000721) (0.250000,0.039287) (0.250000,0.407409) (0.250000,3.552583) 
   Base frequencies (ML): 0.270385 0.301594 0.231354 0.196668 
   Substitution rates (ML): 1.172670 5.771010 0.616431 1.360590 6.787371 1.000000 

Final LogLikelihood: -11223.965236

All ML trees saved to: /mnt/lustre/scratch/home/uvi/be/avs/cancer_genes_selection/genes/FOXP1/tree/FOXP1_trimmed.raxml.mlTrees
Best ML tree saved to: /mnt/lustre/scratch/home/uvi/be/avs/cancer_genes_selection/genes/FOXP1/tree/FOXP1_trimmed.raxml.bestTree
Best ML tree with bootstrap support values saved to: /mnt/lustre/scratch/home/uvi/be/avs/cancer_genes_selection/genes/FOXP1/tree/FOXP1_trimmed.raxml.support
Optimized model saved to: /mnt/lustre/scratch/home/uvi/be/avs/cancer_genes_selection/genes/FOXP1/tree/FOXP1_trimmed.raxml.bestModel
Bootstrap trees saved to: /mnt/lustre/scratch/home/uvi/be/avs/cancer_genes_selection/genes/FOXP1/tree/FOXP1_trimmed.raxml.bootstraps

Execution log saved to: /mnt/lustre/scratch/home/uvi/be/avs/cancer_genes_selection/genes/FOXP1/tree/FOXP1_trimmed.raxml.log

Analysis started: 26-Mar-2018 21:46:09 / finished: 26-Mar-2018 22:03:11

Elapsed time: 1022.103 seconds

