
RAxML-NG v. 0.5.1b BETA released on 01.12.2017 by The Exelixis Lab.
Authors: Alexey Kozlov, Alexandros Stamatakis, Diego Darriba, Tomas Flouri, Benoit Morel.
Latest version: https://github.com/amkozlov/raxml-ng
Questions/problems/suggestions? Please visit: https://groups.google.com/forum/#!forum/raxml

WARNING: This is a BETA release, please use at your own risk!

RAxML-NG was called as follows:

raxml-ng-mpi --all --msa /mnt/lustre/scratch/home/uvi/be/avs/cancer_genes_selection/genes/NBN/align/NBN_align_DNA_trimmed2.fasta --model GTR+G -tree pars{10} --bs-trees 100 --prefix /mnt/lustre/scratch/home/uvi/be/avs/cancer_genes_selection/genes/NBN/tree/NBN_trimmed --redo

Analysis options:
  run mode: ML tree search + bootstrapping
  start tree(s): parsimony (10)
  random seed: 1522098491
  tip-inner: ON
  pattern compression: ON
  per-rate scalers: OFF
  site repeats: OFF
  branch lengths: ML estimate (linked)
  SIMD kernels: AVX2
  parallelization: NONE/sequential

WARNING: Running in REDO mode: existing checkpoints are ignored, and all result files will be overwritten!

[00:00:00] Reading alignment from file: /mnt/lustre/scratch/home/uvi/be/avs/cancer_genes_selection/genes/NBN/align/NBN_align_DNA_trimmed2.fasta
[00:00:01] Loaded alignment with 15 taxa and 2268 sites

Alignment comprises 1 partitions and 908 patterns

Partition 0: noname
Model: GTR+FO+G4m
Alignment sites / patterns: 2268 / 908
Gaps: 5.69 %
Invariant sites: 51.76 %


[00:00:01] Generating parsimony starting tree(s) with 15 taxa
[00:00:01] Data distribution: partitions/thread: 1-1, patterns/thread: 908-908

Starting ML tree search with 10 distinct starting trees

[00:00:07] ML tree search #1, logLikelihood: -11625.579949
[00:00:14] ML tree search #2, logLikelihood: -11625.580059
[00:00:20] ML tree search #3, logLikelihood: -11625.580106
[00:00:27] ML tree search #4, logLikelihood: -11625.580007
[00:00:33] ML tree search #5, logLikelihood: -11625.579963
[00:00:40] ML tree search #6, logLikelihood: -11625.580062
[00:00:46] ML tree search #7, logLikelihood: -11625.579963
[00:00:54] ML tree search #8, logLikelihood: -11625.580063
[00:01:02] ML tree search #9, logLikelihood: -11625.580062
[00:01:09] ML tree search #10, logLikelihood: -11625.580062

[00:01:10] ML tree search completed, best tree logLH: -11625.579949

[00:01:10] Starting bootstrapping analysis with 100 replicates.

[00:01:17] Bootstrap tree #1, logLikelihood: -11962.925539
[00:01:26] Bootstrap tree #2, logLikelihood: -11681.609597
[00:01:33] Bootstrap tree #3, logLikelihood: -11861.489908
[00:01:41] Bootstrap tree #4, logLikelihood: -11637.927349
[00:01:49] Bootstrap tree #5, logLikelihood: -11618.028177
[00:01:55] Bootstrap tree #6, logLikelihood: -11606.640700
[00:02:02] Bootstrap tree #7, logLikelihood: -11767.836938
[00:02:10] Bootstrap tree #8, logLikelihood: -11945.926723
[00:02:18] Bootstrap tree #9, logLikelihood: -11618.832282
[00:02:25] Bootstrap tree #10, logLikelihood: -11654.624468
[00:02:34] Bootstrap tree #11, logLikelihood: -11724.147471
[00:02:42] Bootstrap tree #12, logLikelihood: -11858.044257
[00:02:51] Bootstrap tree #13, logLikelihood: -11567.049642
[00:02:58] Bootstrap tree #14, logLikelihood: -11729.705437
[00:03:06] Bootstrap tree #15, logLikelihood: -11747.215308
[00:03:21] Bootstrap tree #16, logLikelihood: -11352.250476
[00:03:27] Bootstrap tree #17, logLikelihood: -11483.847602
[00:03:36] Bootstrap tree #18, logLikelihood: -11677.347028
[00:03:45] Bootstrap tree #19, logLikelihood: -11779.981480
[00:03:53] Bootstrap tree #20, logLikelihood: -11490.929511
[00:04:00] Bootstrap tree #21, logLikelihood: -11634.563699
[00:04:06] Bootstrap tree #22, logLikelihood: -11750.994464
[00:04:15] Bootstrap tree #23, logLikelihood: -11835.564966
[00:04:23] Bootstrap tree #24, logLikelihood: -11599.803485
[00:04:30] Bootstrap tree #25, logLikelihood: -11532.116909
[00:04:37] Bootstrap tree #26, logLikelihood: -11652.831523
[00:04:45] Bootstrap tree #27, logLikelihood: -11673.890257
[00:04:52] Bootstrap tree #28, logLikelihood: -11568.920164
[00:04:59] Bootstrap tree #29, logLikelihood: -11264.442584
[00:05:07] Bootstrap tree #30, logLikelihood: -11822.500641
[00:05:14] Bootstrap tree #31, logLikelihood: -11466.328521
[00:05:21] Bootstrap tree #32, logLikelihood: -11471.814998
[00:05:28] Bootstrap tree #33, logLikelihood: -11847.573405
[00:05:36] Bootstrap tree #34, logLikelihood: -11289.703329
[00:05:45] Bootstrap tree #35, logLikelihood: -11488.810643
[00:05:52] Bootstrap tree #36, logLikelihood: -11689.908291
[00:06:00] Bootstrap tree #37, logLikelihood: -11330.942814
[00:06:07] Bootstrap tree #38, logLikelihood: -11811.458287
[00:06:14] Bootstrap tree #39, logLikelihood: -11437.686419
[00:06:22] Bootstrap tree #40, logLikelihood: -11762.585152
[00:06:31] Bootstrap tree #41, logLikelihood: -11662.504455
[00:06:39] Bootstrap tree #42, logLikelihood: -12014.312614
[00:06:49] Bootstrap tree #43, logLikelihood: -11716.338862
[00:06:56] Bootstrap tree #44, logLikelihood: -11438.225881
[00:07:02] Bootstrap tree #45, logLikelihood: -11601.144410
[00:07:10] Bootstrap tree #46, logLikelihood: -11239.694080
[00:07:17] Bootstrap tree #47, logLikelihood: -11599.497333
[00:07:28] Bootstrap tree #48, logLikelihood: -11737.834515
[00:07:34] Bootstrap tree #49, logLikelihood: -11755.063186
[00:07:41] Bootstrap tree #50, logLikelihood: -11433.792224
[00:07:47] Bootstrap tree #51, logLikelihood: -11963.047405
[00:07:56] Bootstrap tree #52, logLikelihood: -11655.413150
[00:08:06] Bootstrap tree #53, logLikelihood: -11286.278464
[00:08:13] Bootstrap tree #54, logLikelihood: -11708.014662
[00:08:21] Bootstrap tree #55, logLikelihood: -11392.774230
[00:08:28] Bootstrap tree #56, logLikelihood: -11336.688369
[00:08:34] Bootstrap tree #57, logLikelihood: -11594.229551
[00:08:42] Bootstrap tree #58, logLikelihood: -11736.826892
[00:08:48] Bootstrap tree #59, logLikelihood: -11401.559073
[00:08:54] Bootstrap tree #60, logLikelihood: -12037.080532
[00:09:03] Bootstrap tree #61, logLikelihood: -11303.318111
[00:09:09] Bootstrap tree #62, logLikelihood: -11596.001796
[00:09:15] Bootstrap tree #63, logLikelihood: -11414.204512
[00:09:21] Bootstrap tree #64, logLikelihood: -11449.275196
[00:09:28] Bootstrap tree #65, logLikelihood: -11486.279245
[00:09:35] Bootstrap tree #66, logLikelihood: -11570.659761
[00:09:41] Bootstrap tree #67, logLikelihood: -11444.225965
[00:09:47] Bootstrap tree #68, logLikelihood: -11601.283274
[00:09:53] Bootstrap tree #69, logLikelihood: -11798.238629
[00:09:59] Bootstrap tree #70, logLikelihood: -11867.891337
[00:10:06] Bootstrap tree #71, logLikelihood: -11629.646372
[00:10:12] Bootstrap tree #72, logLikelihood: -11457.157031
[00:10:19] Bootstrap tree #73, logLikelihood: -11550.305272
[00:10:25] Bootstrap tree #74, logLikelihood: -11760.183382
[00:10:31] Bootstrap tree #75, logLikelihood: -11575.606673
[00:10:39] Bootstrap tree #76, logLikelihood: -11991.256058
[00:10:47] Bootstrap tree #77, logLikelihood: -11674.627465
[00:10:54] Bootstrap tree #78, logLikelihood: -11637.687741
[00:11:00] Bootstrap tree #79, logLikelihood: -11789.523079
[00:11:08] Bootstrap tree #80, logLikelihood: -11387.362478
[00:11:15] Bootstrap tree #81, logLikelihood: -11467.190176
[00:11:21] Bootstrap tree #82, logLikelihood: -11467.678411
[00:11:29] Bootstrap tree #83, logLikelihood: -11655.084820
[00:11:36] Bootstrap tree #84, logLikelihood: -11573.568770
[00:11:43] Bootstrap tree #85, logLikelihood: -11501.296067
[00:11:50] Bootstrap tree #86, logLikelihood: -11667.546831
[00:11:57] Bootstrap tree #87, logLikelihood: -11507.384556
[00:12:04] Bootstrap tree #88, logLikelihood: -11824.612994
[00:12:11] Bootstrap tree #89, logLikelihood: -12145.366524
[00:12:16] Bootstrap tree #90, logLikelihood: -11430.051748
[00:12:22] Bootstrap tree #91, logLikelihood: -11682.462009
[00:12:29] Bootstrap tree #92, logLikelihood: -11552.934524
[00:12:37] Bootstrap tree #93, logLikelihood: -11655.628294
[00:12:44] Bootstrap tree #94, logLikelihood: -11869.336498
[00:12:49] Bootstrap tree #95, logLikelihood: -11485.150682
[00:12:56] Bootstrap tree #96, logLikelihood: -11375.016826
[00:13:02] Bootstrap tree #97, logLikelihood: -11261.039337
[00:13:09] Bootstrap tree #98, logLikelihood: -11589.999778
[00:13:17] Bootstrap tree #99, logLikelihood: -11427.086830
[00:13:25] Bootstrap tree #100, logLikelihood: -11772.754579

Optimized model parameters:

   Partition 0: noname
   Rate heterogeneity: GAMMA (4 cats, mean),  alpha: 0.890220 (ML),  weights&rates: (0.250000,0.114563) (0.250000,0.441072) (0.250000,0.979129) (0.250000,2.465236) 
   Base frequencies (ML): 0.343701 0.186729 0.213821 0.255750 
   Substitution rates (ML): 1.083269 5.212426 0.766731 1.780271 5.139434 1.000000 

Final LogLikelihood: -11625.579949

All ML trees saved to: /mnt/lustre/scratch/home/uvi/be/avs/cancer_genes_selection/genes/NBN/tree/NBN_trimmed.raxml.mlTrees
Best ML tree saved to: /mnt/lustre/scratch/home/uvi/be/avs/cancer_genes_selection/genes/NBN/tree/NBN_trimmed.raxml.bestTree
Best ML tree with bootstrap support values saved to: /mnt/lustre/scratch/home/uvi/be/avs/cancer_genes_selection/genes/NBN/tree/NBN_trimmed.raxml.support
Optimized model saved to: /mnt/lustre/scratch/home/uvi/be/avs/cancer_genes_selection/genes/NBN/tree/NBN_trimmed.raxml.bestModel
Bootstrap trees saved to: /mnt/lustre/scratch/home/uvi/be/avs/cancer_genes_selection/genes/NBN/tree/NBN_trimmed.raxml.bootstraps

Execution log saved to: /mnt/lustre/scratch/home/uvi/be/avs/cancer_genes_selection/genes/NBN/tree/NBN_trimmed.raxml.log

Analysis started: 26-Mar-2018 23:08:10 / finished: 26-Mar-2018 23:21:39

Elapsed time: 808.245 seconds

