
RAxML-NG v. 0.5.1b BETA released on 01.12.2017 by The Exelixis Lab.
Authors: Alexey Kozlov, Alexandros Stamatakis, Diego Darriba, Tomas Flouri, Benoit Morel.
Latest version: https://github.com/amkozlov/raxml-ng
Questions/problems/suggestions? Please visit: https://groups.google.com/forum/#!forum/raxml

WARNING: This is a BETA release, please use at your own risk!

RAxML-NG was called as follows:

raxml-ng-mpi --all --msa /mnt/lustre/scratch/home/uvi/be/avs/cancer_genes_selection/genes/PRKAR1A/align/PRKAR1A_align_DNA_trimmed2.fasta --model GTR+G -tree pars{10} --bs-trees 100 --prefix /mnt/lustre/scratch/home/uvi/be/avs/cancer_genes_selection/genes/PRKAR1A/tree/PRKAR1A_trimmed --redo

Analysis options:
  run mode: ML tree search + bootstrapping
  start tree(s): parsimony (10)
  random seed: 1522102346
  tip-inner: ON
  pattern compression: ON
  per-rate scalers: OFF
  site repeats: OFF
  branch lengths: ML estimate (linked)
  SIMD kernels: AVX2
  parallelization: NONE/sequential

WARNING: Running in REDO mode: existing checkpoints are ignored, and all result files will be overwritten!

[00:00:01] Reading alignment from file: /mnt/lustre/scratch/home/uvi/be/avs/cancer_genes_selection/genes/PRKAR1A/align/PRKAR1A_align_DNA_trimmed2.fasta
[00:00:01] Loaded alignment with 29 taxa and 1146 sites

Alignment comprises 1 partitions and 405 patterns

Partition 0: noname
Model: GTR+FO+G4m
Alignment sites / patterns: 1146 / 405
Gaps: 0.14 %
Invariant sites: 62.65 %


[00:00:01] Generating parsimony starting tree(s) with 29 taxa
[00:00:01] Data distribution: partitions/thread: 1-1, patterns/thread: 405-405

Starting ML tree search with 10 distinct starting trees

[00:00:10] ML tree search #1, logLikelihood: -7952.118557
[00:00:20] ML tree search #2, logLikelihood: -7952.114260
[00:00:27] ML tree search #3, logLikelihood: -7952.116981
[00:00:36] ML tree search #4, logLikelihood: -7952.115566
[00:00:47] ML tree search #5, logLikelihood: -7951.906317
[00:00:58] ML tree search #6, logLikelihood: -7952.121387
[00:01:10] ML tree search #7, logLikelihood: -7952.117115
[00:01:20] ML tree search #8, logLikelihood: -7952.116668
[00:01:32] ML tree search #9, logLikelihood: -7952.118965
[00:01:44] ML tree search #10, logLikelihood: -7951.700737

[00:01:44] ML tree search completed, best tree logLH: -7951.700737

[00:01:44] Starting bootstrapping analysis with 100 replicates.

[00:01:53] Bootstrap tree #1, logLikelihood: -7886.495127
[00:02:03] Bootstrap tree #2, logLikelihood: -7979.723181
[00:02:12] Bootstrap tree #3, logLikelihood: -8115.771014
[00:02:22] Bootstrap tree #4, logLikelihood: -7967.846084
[00:02:30] Bootstrap tree #5, logLikelihood: -7801.973628
[00:02:39] Bootstrap tree #6, logLikelihood: -7887.954113
[00:02:49] Bootstrap tree #7, logLikelihood: -8341.355042
[00:02:57] Bootstrap tree #8, logLikelihood: -8093.055296
[00:03:07] Bootstrap tree #9, logLikelihood: -7870.408578
[00:03:19] Bootstrap tree #10, logLikelihood: -7167.886376
[00:03:31] Bootstrap tree #11, logLikelihood: -7567.897890
[00:03:40] Bootstrap tree #12, logLikelihood: -7992.703701
[00:03:50] Bootstrap tree #13, logLikelihood: -8223.266467
[00:03:59] Bootstrap tree #14, logLikelihood: -7998.301597
[00:04:09] Bootstrap tree #15, logLikelihood: -7597.659903
[00:04:21] Bootstrap tree #16, logLikelihood: -7888.309044
[00:04:31] Bootstrap tree #17, logLikelihood: -7114.185233
[00:04:41] Bootstrap tree #18, logLikelihood: -8020.004249
[00:04:51] Bootstrap tree #19, logLikelihood: -7793.624462
[00:05:04] Bootstrap tree #20, logLikelihood: -7967.167418
[00:05:14] Bootstrap tree #21, logLikelihood: -7780.897495
[00:05:28] Bootstrap tree #22, logLikelihood: -7556.249031
[00:05:38] Bootstrap tree #23, logLikelihood: -8117.270195
[00:05:46] Bootstrap tree #24, logLikelihood: -7809.564649
[00:05:55] Bootstrap tree #25, logLikelihood: -7802.648714
[00:06:06] Bootstrap tree #26, logLikelihood: -7817.774740
[00:06:15] Bootstrap tree #27, logLikelihood: -7535.329468
[00:06:25] Bootstrap tree #28, logLikelihood: -7642.715736
[00:06:35] Bootstrap tree #29, logLikelihood: -7695.285701
[00:06:44] Bootstrap tree #30, logLikelihood: -7714.990733
[00:06:55] Bootstrap tree #31, logLikelihood: -7951.093745
[00:07:06] Bootstrap tree #32, logLikelihood: -7720.538298
[00:07:16] Bootstrap tree #33, logLikelihood: -7792.517797
[00:07:26] Bootstrap tree #34, logLikelihood: -7991.669150
[00:07:37] Bootstrap tree #35, logLikelihood: -7759.114248
[00:07:46] Bootstrap tree #36, logLikelihood: -7792.119132
[00:07:56] Bootstrap tree #37, logLikelihood: -7549.947298
[00:08:06] Bootstrap tree #38, logLikelihood: -8083.214494
[00:08:15] Bootstrap tree #39, logLikelihood: -7837.571104
[00:08:25] Bootstrap tree #40, logLikelihood: -8119.115149
[00:08:35] Bootstrap tree #41, logLikelihood: -8130.183213
[00:08:46] Bootstrap tree #42, logLikelihood: -7505.381332
[00:08:55] Bootstrap tree #43, logLikelihood: -7755.692216
[00:09:04] Bootstrap tree #44, logLikelihood: -7739.053515
[00:09:14] Bootstrap tree #45, logLikelihood: -7552.881503
[00:09:24] Bootstrap tree #46, logLikelihood: -7273.207328
[00:09:37] Bootstrap tree #47, logLikelihood: -8010.935087
[00:09:47] Bootstrap tree #48, logLikelihood: -8016.473293
[00:09:58] Bootstrap tree #49, logLikelihood: -8386.652937
[00:10:08] Bootstrap tree #50, logLikelihood: -7671.886650
[00:10:21] Bootstrap tree #51, logLikelihood: -8039.231383
[00:10:33] Bootstrap tree #52, logLikelihood: -7747.913146
[00:10:46] Bootstrap tree #53, logLikelihood: -7292.834401
[00:11:02] Bootstrap tree #54, logLikelihood: -8227.418218
[00:11:12] Bootstrap tree #55, logLikelihood: -8238.123192
[00:11:24] Bootstrap tree #56, logLikelihood: -7861.353553
[00:11:34] Bootstrap tree #57, logLikelihood: -8132.193673
[00:11:43] Bootstrap tree #58, logLikelihood: -8142.932312
[00:11:53] Bootstrap tree #59, logLikelihood: -7766.291698
[00:12:05] Bootstrap tree #60, logLikelihood: -8301.184468
[00:12:16] Bootstrap tree #61, logLikelihood: -8368.926819
[00:12:30] Bootstrap tree #62, logLikelihood: -8236.305195
[00:12:40] Bootstrap tree #63, logLikelihood: -7837.365780
[00:12:50] Bootstrap tree #64, logLikelihood: -7849.848179
[00:13:03] Bootstrap tree #65, logLikelihood: -8021.358112
[00:13:14] Bootstrap tree #66, logLikelihood: -7951.306600
[00:13:24] Bootstrap tree #67, logLikelihood: -7992.701750
[00:13:36] Bootstrap tree #68, logLikelihood: -7736.451734
[00:13:47] Bootstrap tree #69, logLikelihood: -7667.637124
[00:13:57] Bootstrap tree #70, logLikelihood: -7901.354291
[00:14:07] Bootstrap tree #71, logLikelihood: -8140.408352
[00:14:16] Bootstrap tree #72, logLikelihood: -7370.347260
[00:14:28] Bootstrap tree #73, logLikelihood: -7729.881529
[00:14:42] Bootstrap tree #74, logLikelihood: -8385.546527
[00:14:54] Bootstrap tree #75, logLikelihood: -8159.252570
[00:15:06] Bootstrap tree #76, logLikelihood: -7512.863586
[00:15:19] Bootstrap tree #77, logLikelihood: -7794.927919
[00:15:31] Bootstrap tree #78, logLikelihood: -8340.193794
[00:15:43] Bootstrap tree #79, logLikelihood: -7810.984248
[00:15:53] Bootstrap tree #80, logLikelihood: -8328.452693
[00:16:07] Bootstrap tree #81, logLikelihood: -7882.454505
[00:16:17] Bootstrap tree #82, logLikelihood: -7805.929973
[00:16:27] Bootstrap tree #83, logLikelihood: -7559.992098
[00:16:37] Bootstrap tree #84, logLikelihood: -7931.918706
[00:16:48] Bootstrap tree #85, logLikelihood: -8138.069148
[00:16:59] Bootstrap tree #86, logLikelihood: -7900.531080
[00:17:10] Bootstrap tree #87, logLikelihood: -7305.182053
[00:17:20] Bootstrap tree #88, logLikelihood: -7840.968891
[00:17:33] Bootstrap tree #89, logLikelihood: -7921.204871
[00:17:45] Bootstrap tree #90, logLikelihood: -8084.656207
[00:17:57] Bootstrap tree #91, logLikelihood: -7343.024492
[00:18:10] Bootstrap tree #92, logLikelihood: -7892.168739
[00:18:20] Bootstrap tree #93, logLikelihood: -7503.225739
[00:18:34] Bootstrap tree #94, logLikelihood: -7772.329919
[00:18:46] Bootstrap tree #95, logLikelihood: -7733.704606
[00:18:57] Bootstrap tree #96, logLikelihood: -8091.162615
[00:19:09] Bootstrap tree #97, logLikelihood: -7699.066982
[00:19:22] Bootstrap tree #98, logLikelihood: -7950.023438
[00:19:33] Bootstrap tree #99, logLikelihood: -7959.043902
[00:19:44] Bootstrap tree #100, logLikelihood: -7370.403849

Optimized model parameters:

   Partition 0: noname
   Rate heterogeneity: GAMMA (4 cats, mean),  alpha: 0.208217 (ML),  weights&rates: (0.250000,0.000698) (0.250000,0.038647) (0.250000,0.404762) (0.250000,3.555894) 
   Base frequencies (ML): 0.236527 0.224929 0.291499 0.247045 
   Substitution rates (ML): 2.080093 7.264407 1.553365 1.400546 11.884040 1.000000 

Final LogLikelihood: -7951.700737

All ML trees saved to: /mnt/lustre/scratch/home/uvi/be/avs/cancer_genes_selection/genes/PRKAR1A/tree/PRKAR1A_trimmed.raxml.mlTrees
Best ML tree saved to: /mnt/lustre/scratch/home/uvi/be/avs/cancer_genes_selection/genes/PRKAR1A/tree/PRKAR1A_trimmed.raxml.bestTree
Best ML tree with bootstrap support values saved to: /mnt/lustre/scratch/home/uvi/be/avs/cancer_genes_selection/genes/PRKAR1A/tree/PRKAR1A_trimmed.raxml.support
Optimized model saved to: /mnt/lustre/scratch/home/uvi/be/avs/cancer_genes_selection/genes/PRKAR1A/tree/PRKAR1A_trimmed.raxml.bestModel
Bootstrap trees saved to: /mnt/lustre/scratch/home/uvi/be/avs/cancer_genes_selection/genes/PRKAR1A/tree/PRKAR1A_trimmed.raxml.bootstraps

Execution log saved to: /mnt/lustre/scratch/home/uvi/be/avs/cancer_genes_selection/genes/PRKAR1A/tree/PRKAR1A_trimmed.raxml.log

Analysis started: 27-Mar-2018 00:12:25 / finished: 27-Mar-2018 00:32:14

Elapsed time: 1188.872 seconds

