
RAxML-NG v. 0.5.1b BETA released on 01.12.2017 by The Exelixis Lab.
Authors: Alexey Kozlov, Alexandros Stamatakis, Diego Darriba, Tomas Flouri, Benoit Morel.
Latest version: https://github.com/amkozlov/raxml-ng
Questions/problems/suggestions? Please visit: https://groups.google.com/forum/#!forum/raxml

WARNING: This is a BETA release, please use at your own risk!

RAxML-NG was called as follows:

raxml-ng-mpi --all --msa /mnt/lustre/scratch/home/uvi/be/avs/cancer_genes_selection/genes/ETV4/align/ETV4_align_DNA_trimmed2.fasta --model GTR+G -tree pars{10} --bs-trees 100 --prefix /mnt/lustre/scratch/home/uvi/be/avs/cancer_genes_selection/genes/ETV4/tree/ETV4_trimmed --redo

Analysis options:
  run mode: ML tree search + bootstrapping
  start tree(s): parsimony (10)
  random seed: 1522091710
  tip-inner: ON
  pattern compression: ON
  per-rate scalers: OFF
  site repeats: OFF
  branch lengths: ML estimate (linked)
  SIMD kernels: AVX2
  parallelization: NONE/sequential

WARNING: Running in REDO mode: existing checkpoints are ignored, and all result files will be overwritten!

[00:00:00] Reading alignment from file: /mnt/lustre/scratch/home/uvi/be/avs/cancer_genes_selection/genes/ETV4/align/ETV4_align_DNA_trimmed2.fasta
[00:00:01] Loaded alignment with 27 taxa and 1458 sites

Alignment comprises 1 partitions and 597 patterns

Partition 0: noname
Model: GTR+FO+G4m
Alignment sites / patterns: 1458 / 597
Gaps: 1.77 %
Invariant sites: 54.39 %


[00:00:01] Generating parsimony starting tree(s) with 27 taxa
[00:00:01] Data distribution: partitions/thread: 1-1, patterns/thread: 597-597

Starting ML tree search with 10 distinct starting trees

[00:00:09] ML tree search #1, logLikelihood: -9288.109193
[00:00:18] ML tree search #2, logLikelihood: -9288.109535
[00:00:27] ML tree search #3, logLikelihood: -9288.110077
[00:00:34] ML tree search #4, logLikelihood: -9288.109357
[00:00:42] ML tree search #5, logLikelihood: -9288.109173
[00:00:51] ML tree search #6, logLikelihood: -9288.109277
[00:00:59] ML tree search #7, logLikelihood: -9288.109624
[00:01:08] ML tree search #8, logLikelihood: -9288.109617
[00:01:16] ML tree search #9, logLikelihood: -9288.109532
[00:01:23] ML tree search #10, logLikelihood: -9288.109632

[00:01:24] ML tree search completed, best tree logLH: -9288.109173

[00:01:24] Starting bootstrapping analysis with 100 replicates.

[00:01:36] Bootstrap tree #1, logLikelihood: -8914.500348
[00:01:44] Bootstrap tree #2, logLikelihood: -9347.569650
[00:01:53] Bootstrap tree #3, logLikelihood: -9433.524666
[00:02:02] Bootstrap tree #4, logLikelihood: -8904.966139
[00:02:13] Bootstrap tree #5, logLikelihood: -9504.104448
[00:02:22] Bootstrap tree #6, logLikelihood: -9172.666211
[00:02:30] Bootstrap tree #7, logLikelihood: -9344.375308
[00:02:38] Bootstrap tree #8, logLikelihood: -9203.827232
[00:02:47] Bootstrap tree #9, logLikelihood: -9239.917455
[00:02:54] Bootstrap tree #10, logLikelihood: -9296.494886
[00:03:04] Bootstrap tree #11, logLikelihood: -9159.268868
[00:03:12] Bootstrap tree #12, logLikelihood: -9172.435042
[00:03:20] Bootstrap tree #13, logLikelihood: -9586.584254
[00:03:29] Bootstrap tree #14, logLikelihood: -9150.885128
[00:03:38] Bootstrap tree #15, logLikelihood: -9199.332746
[00:03:48] Bootstrap tree #16, logLikelihood: -9538.512553
[00:03:58] Bootstrap tree #17, logLikelihood: -9297.728890
[00:04:07] Bootstrap tree #18, logLikelihood: -9334.420517
[00:04:17] Bootstrap tree #19, logLikelihood: -9295.158625
[00:04:25] Bootstrap tree #20, logLikelihood: -8952.866491
[00:04:35] Bootstrap tree #21, logLikelihood: -9207.376952
[00:04:44] Bootstrap tree #22, logLikelihood: -9038.894367
[00:04:53] Bootstrap tree #23, logLikelihood: -9709.792046
[00:05:03] Bootstrap tree #24, logLikelihood: -9453.430964
[00:05:14] Bootstrap tree #25, logLikelihood: -9320.891212
[00:05:24] Bootstrap tree #26, logLikelihood: -9081.333927
[00:05:32] Bootstrap tree #27, logLikelihood: -9021.220349
[00:05:41] Bootstrap tree #28, logLikelihood: -9189.721941
[00:05:51] Bootstrap tree #29, logLikelihood: -9180.794440
[00:05:59] Bootstrap tree #30, logLikelihood: -9552.032329
[00:06:09] Bootstrap tree #31, logLikelihood: -9193.305843
[00:06:20] Bootstrap tree #32, logLikelihood: -9645.777567
[00:06:27] Bootstrap tree #33, logLikelihood: -9349.555549
[00:06:38] Bootstrap tree #34, logLikelihood: -9243.598975
[00:06:47] Bootstrap tree #35, logLikelihood: -9308.836044
[00:06:58] Bootstrap tree #36, logLikelihood: -9160.939054
[00:07:10] Bootstrap tree #37, logLikelihood: -9152.729288
[00:07:21] Bootstrap tree #38, logLikelihood: -9086.008990
[00:07:32] Bootstrap tree #39, logLikelihood: -9083.318076
[00:07:40] Bootstrap tree #40, logLikelihood: -9122.856692
[00:07:49] Bootstrap tree #41, logLikelihood: -9334.796445
[00:08:00] Bootstrap tree #42, logLikelihood: -9181.489517
[00:08:09] Bootstrap tree #43, logLikelihood: -8933.337030
[00:08:19] Bootstrap tree #44, logLikelihood: -9460.244816
[00:08:31] Bootstrap tree #45, logLikelihood: -9113.014574
[00:08:43] Bootstrap tree #46, logLikelihood: -9142.750995
[00:08:52] Bootstrap tree #47, logLikelihood: -9257.039085
[00:09:02] Bootstrap tree #48, logLikelihood: -9184.967824
[00:09:13] Bootstrap tree #49, logLikelihood: -9532.177814
[00:09:23] Bootstrap tree #50, logLikelihood: -9358.225767
[00:09:32] Bootstrap tree #51, logLikelihood: -9138.493300
[00:09:42] Bootstrap tree #52, logLikelihood: -9242.484124
[00:09:55] Bootstrap tree #53, logLikelihood: -9000.609915
[00:10:05] Bootstrap tree #54, logLikelihood: -9079.469349
[00:10:15] Bootstrap tree #55, logLikelihood: -8719.218924
[00:10:25] Bootstrap tree #56, logLikelihood: -9359.313648
[00:10:34] Bootstrap tree #57, logLikelihood: -9770.908162
[00:10:44] Bootstrap tree #58, logLikelihood: -9157.125815
[00:10:53] Bootstrap tree #59, logLikelihood: -9608.039725
[00:11:03] Bootstrap tree #60, logLikelihood: -9114.760149
[00:11:15] Bootstrap tree #61, logLikelihood: -8921.270021
[00:11:24] Bootstrap tree #62, logLikelihood: -9299.615788
[00:11:33] Bootstrap tree #63, logLikelihood: -9398.548091
[00:11:44] Bootstrap tree #64, logLikelihood: -9454.392710
[00:11:54] Bootstrap tree #65, logLikelihood: -9600.552353
[00:12:06] Bootstrap tree #66, logLikelihood: -9236.110472
[00:12:17] Bootstrap tree #67, logLikelihood: -9090.643386
[00:12:29] Bootstrap tree #68, logLikelihood: -8773.348059
[00:12:41] Bootstrap tree #69, logLikelihood: -9205.534052
[00:12:54] Bootstrap tree #70, logLikelihood: -9209.816270
[00:13:04] Bootstrap tree #71, logLikelihood: -9182.597721
[00:13:15] Bootstrap tree #72, logLikelihood: -9437.884599
[00:13:25] Bootstrap tree #73, logLikelihood: -9200.544982
[00:13:35] Bootstrap tree #74, logLikelihood: -8891.316772
[00:13:46] Bootstrap tree #75, logLikelihood: -8950.156527
[00:13:56] Bootstrap tree #76, logLikelihood: -9069.415830
[00:14:06] Bootstrap tree #77, logLikelihood: -8967.538553
[00:14:18] Bootstrap tree #78, logLikelihood: -9429.787647
[00:14:28] Bootstrap tree #79, logLikelihood: -9253.270627
[00:14:38] Bootstrap tree #80, logLikelihood: -8678.909933
[00:14:48] Bootstrap tree #81, logLikelihood: -8975.796465
[00:15:01] Bootstrap tree #82, logLikelihood: -9027.578841
[00:15:14] Bootstrap tree #83, logLikelihood: -9021.104252
[00:15:26] Bootstrap tree #84, logLikelihood: -9166.102773
[00:15:36] Bootstrap tree #85, logLikelihood: -9317.762709
[00:15:47] Bootstrap tree #86, logLikelihood: -9357.442157
[00:15:57] Bootstrap tree #87, logLikelihood: -9399.161399
[00:16:08] Bootstrap tree #88, logLikelihood: -9254.814405
[00:16:18] Bootstrap tree #89, logLikelihood: -9381.767651
[00:16:29] Bootstrap tree #90, logLikelihood: -8953.062600
[00:16:39] Bootstrap tree #91, logLikelihood: -9351.870467
[00:16:50] Bootstrap tree #92, logLikelihood: -9475.646050
[00:17:01] Bootstrap tree #93, logLikelihood: -9213.943596
[00:17:11] Bootstrap tree #94, logLikelihood: -9076.037422
[00:17:21] Bootstrap tree #95, logLikelihood: -8997.985457
[00:17:37] Bootstrap tree #96, logLikelihood: -9445.460093
[00:17:48] Bootstrap tree #97, logLikelihood: -9372.737053
[00:17:59] Bootstrap tree #98, logLikelihood: -8992.226073
[00:18:11] Bootstrap tree #99, logLikelihood: -9470.781810
[00:18:21] Bootstrap tree #100, logLikelihood: -8917.778453

Optimized model parameters:

   Partition 0: noname
   Rate heterogeneity: GAMMA (4 cats, mean),  alpha: 0.374702 (ML),  weights&rates: (0.250000,0.013240) (0.250000,0.162620) (0.250000,0.702386) (0.250000,3.121753) 
   Base frequencies (ML): 0.229307 0.336323 0.251486 0.182884 
   Substitution rates (ML): 1.077235 4.158155 0.860864 0.784182 6.128100 1.000000 

Final LogLikelihood: -9288.109173

All ML trees saved to: /mnt/lustre/scratch/home/uvi/be/avs/cancer_genes_selection/genes/ETV4/tree/ETV4_trimmed.raxml.mlTrees
Best ML tree saved to: /mnt/lustre/scratch/home/uvi/be/avs/cancer_genes_selection/genes/ETV4/tree/ETV4_trimmed.raxml.bestTree
Best ML tree with bootstrap support values saved to: /mnt/lustre/scratch/home/uvi/be/avs/cancer_genes_selection/genes/ETV4/tree/ETV4_trimmed.raxml.support
Optimized model saved to: /mnt/lustre/scratch/home/uvi/be/avs/cancer_genes_selection/genes/ETV4/tree/ETV4_trimmed.raxml.bestModel
Bootstrap trees saved to: /mnt/lustre/scratch/home/uvi/be/avs/cancer_genes_selection/genes/ETV4/tree/ETV4_trimmed.raxml.bootstraps

Execution log saved to: /mnt/lustre/scratch/home/uvi/be/avs/cancer_genes_selection/genes/ETV4/tree/ETV4_trimmed.raxml.log

Analysis started: 26-Mar-2018 21:15:10 / finished: 26-Mar-2018 21:33:36

Elapsed time: 1105.638 seconds

