
RAxML-NG v. 0.5.1b BETA released on 01.12.2017 by The Exelixis Lab.
Authors: Alexey Kozlov, Alexandros Stamatakis, Diego Darriba, Tomas Flouri, Benoit Morel.
Latest version: https://github.com/amkozlov/raxml-ng
Questions/problems/suggestions? Please visit: https://groups.google.com/forum/#!forum/raxml

WARNING: This is a BETA release, please use at your own risk!

RAxML-NG was called as follows:

raxml-ng-mpi --all --msa /mnt/lustre/scratch/home/uvi/be/avs/cancer_genes_selection/genes/RSPO2/align/RSPO2_align_DNA_trimmed.fasta --model GTR+G -tree pars{10} --bs-trees 100 --prefix /mnt/lustre/scratch/home/uvi/be/avs/cancer_genes_selection/genes/RSPO2/tree/RSPO2 --redo

Analysis options:
  run mode: ML tree search + bootstrapping
  start tree(s): parsimony (10)
  random seed: 1521668586
  tip-inner: ON
  pattern compression: ON
  per-rate scalers: OFF
  site repeats: OFF
  branch lengths: ML estimate (linked)
  SIMD kernels: AVX2
  parallelization: NONE/sequential

WARNING: Running in REDO mode: existing checkpoints are ignored, and all result files will be overwritten!

[00:00:00] Reading alignment from file: /mnt/lustre/scratch/home/uvi/be/avs/cancer_genes_selection/genes/RSPO2/align/RSPO2_align_DNA_trimmed.fasta
[00:00:00] Loaded alignment with 25 taxa and 732 sites

Alignment comprises 1 partitions and 320 patterns

Partition 0: noname
Model: GTR+FO+G4m
Alignment sites / patterns: 732 / 320
Gaps: 10.39 %
Invariant sites: 58.33 %


[00:00:00] Generating parsimony starting tree(s) with 25 taxa
[00:00:01] Data distribution: partitions/thread: 1-1, patterns/thread: 320-320

Starting ML tree search with 10 distinct starting trees

[00:00:05] ML tree search #1, logLikelihood: -4044.852742
[00:00:10] ML tree search #2, logLikelihood: -4044.852695
[00:00:14] ML tree search #3, logLikelihood: -4044.851980
[00:00:18] ML tree search #4, logLikelihood: -4044.852064
[00:00:22] ML tree search #5, logLikelihood: -4044.852178
[00:00:27] ML tree search #6, logLikelihood: -4044.852812
[00:00:32] ML tree search #7, logLikelihood: -4044.853318
[00:00:36] ML tree search #8, logLikelihood: -4044.852024
[00:00:40] ML tree search #9, logLikelihood: -4044.852656
[00:00:44] ML tree search #10, logLikelihood: -4044.852728

[00:00:44] ML tree search completed, best tree logLH: -4044.851980

[00:00:44] Starting bootstrapping analysis with 100 replicates.

[00:00:50] Bootstrap tree #1, logLikelihood: -3866.553545
[00:00:54] Bootstrap tree #2, logLikelihood: -3759.039448
[00:01:00] Bootstrap tree #3, logLikelihood: -4011.546534
[00:01:06] Bootstrap tree #4, logLikelihood: -4132.785592
[00:01:10] Bootstrap tree #5, logLikelihood: -4259.458340
[00:01:16] Bootstrap tree #6, logLikelihood: -3904.078385
[00:01:20] Bootstrap tree #7, logLikelihood: -4115.050476
[00:01:26] Bootstrap tree #8, logLikelihood: -3963.740651
[00:01:30] Bootstrap tree #9, logLikelihood: -4081.998132
[00:01:34] Bootstrap tree #10, logLikelihood: -4029.590181
[00:01:39] Bootstrap tree #11, logLikelihood: -3964.094567
[00:01:43] Bootstrap tree #12, logLikelihood: -3915.926384
[00:01:49] Bootstrap tree #13, logLikelihood: -3612.630739
[00:01:53] Bootstrap tree #14, logLikelihood: -3855.704307
[00:01:57] Bootstrap tree #15, logLikelihood: -3936.862184
[00:02:02] Bootstrap tree #16, logLikelihood: -3923.330000
[00:02:08] Bootstrap tree #17, logLikelihood: -3930.685163
[00:02:12] Bootstrap tree #18, logLikelihood: -4023.047866
[00:02:17] Bootstrap tree #19, logLikelihood: -4154.829740
[00:02:23] Bootstrap tree #20, logLikelihood: -4027.198716
[00:02:28] Bootstrap tree #21, logLikelihood: -4051.156666
[00:02:33] Bootstrap tree #22, logLikelihood: -4065.291775
[00:02:38] Bootstrap tree #23, logLikelihood: -3922.782724
[00:02:43] Bootstrap tree #24, logLikelihood: -3909.693614
[00:02:47] Bootstrap tree #25, logLikelihood: -4220.526146
[00:02:52] Bootstrap tree #26, logLikelihood: -3954.142742
[00:03:27] Bootstrap tree #27, logLikelihood: -4070.868280
[00:03:44] Bootstrap tree #28, logLikelihood: -4045.470605
[00:03:49] Bootstrap tree #29, logLikelihood: -4092.215028
[00:03:55] Bootstrap tree #30, logLikelihood: -4007.377317
[00:04:00] Bootstrap tree #31, logLikelihood: -3825.717164
[00:04:06] Bootstrap tree #32, logLikelihood: -4007.694752
[00:04:12] Bootstrap tree #33, logLikelihood: -3931.322089
[00:04:17] Bootstrap tree #34, logLikelihood: -3778.174787
[00:04:22] Bootstrap tree #35, logLikelihood: -4096.399827
[00:04:27] Bootstrap tree #36, logLikelihood: -4006.520941
[00:04:33] Bootstrap tree #37, logLikelihood: -3791.639887
[00:04:38] Bootstrap tree #38, logLikelihood: -4143.522529
[00:04:43] Bootstrap tree #39, logLikelihood: -4096.195459
[00:04:49] Bootstrap tree #40, logLikelihood: -4205.101921
[00:04:55] Bootstrap tree #41, logLikelihood: -3925.352003
[00:05:00] Bootstrap tree #42, logLikelihood: -4186.651884
[00:05:06] Bootstrap tree #43, logLikelihood: -4030.597940
[00:05:10] Bootstrap tree #44, logLikelihood: -4172.642712
[00:05:17] Bootstrap tree #45, logLikelihood: -4041.656264
[00:05:22] Bootstrap tree #46, logLikelihood: -4035.621442
[00:05:29] Bootstrap tree #47, logLikelihood: -4161.006620
[00:05:34] Bootstrap tree #48, logLikelihood: -4071.242669
[00:05:39] Bootstrap tree #49, logLikelihood: -3931.080476
[00:05:44] Bootstrap tree #50, logLikelihood: -3931.467577
[00:05:50] Bootstrap tree #51, logLikelihood: -3981.746848
[00:05:56] Bootstrap tree #52, logLikelihood: -3778.923658
[00:06:00] Bootstrap tree #53, logLikelihood: -3928.574361
[00:06:07] Bootstrap tree #54, logLikelihood: -4042.254238
[00:06:15] Bootstrap tree #55, logLikelihood: -3994.956955
[00:06:21] Bootstrap tree #56, logLikelihood: -3934.047702
[00:06:27] Bootstrap tree #57, logLikelihood: -3735.796331
[00:06:33] Bootstrap tree #58, logLikelihood: -3715.469431
[00:06:38] Bootstrap tree #59, logLikelihood: -4034.019615
[00:06:43] Bootstrap tree #60, logLikelihood: -3950.361318
[00:06:49] Bootstrap tree #61, logLikelihood: -3937.606369
[00:06:56] Bootstrap tree #62, logLikelihood: -3996.451265
[00:07:02] Bootstrap tree #63, logLikelihood: -4045.313342
[00:07:08] Bootstrap tree #64, logLikelihood: -4258.660859
[00:07:15] Bootstrap tree #65, logLikelihood: -4042.529154
[00:07:21] Bootstrap tree #66, logLikelihood: -4119.249582
[00:07:26] Bootstrap tree #67, logLikelihood: -3883.219505
[00:07:33] Bootstrap tree #68, logLikelihood: -4066.045391
[00:07:39] Bootstrap tree #69, logLikelihood: -3977.411810
[00:07:45] Bootstrap tree #70, logLikelihood: -4014.502586
[00:07:52] Bootstrap tree #71, logLikelihood: -3892.647027
[00:07:58] Bootstrap tree #72, logLikelihood: -3851.646395
[00:08:03] Bootstrap tree #73, logLikelihood: -3668.715372
[00:08:09] Bootstrap tree #74, logLikelihood: -3781.650088
[00:08:15] Bootstrap tree #75, logLikelihood: -3856.961559
[00:08:21] Bootstrap tree #76, logLikelihood: -4065.576689
[00:08:27] Bootstrap tree #77, logLikelihood: -4023.736169
[00:08:33] Bootstrap tree #78, logLikelihood: -3836.552930
[00:08:39] Bootstrap tree #79, logLikelihood: -4072.976771
[00:08:45] Bootstrap tree #80, logLikelihood: -3685.105585
[00:08:51] Bootstrap tree #81, logLikelihood: -3908.809859
[00:08:59] Bootstrap tree #82, logLikelihood: -4025.714082
[00:09:04] Bootstrap tree #83, logLikelihood: -3911.640230
[00:09:10] Bootstrap tree #84, logLikelihood: -4178.425497
[00:09:16] Bootstrap tree #85, logLikelihood: -3814.768011
[00:09:22] Bootstrap tree #86, logLikelihood: -4028.083267
[00:09:28] Bootstrap tree #87, logLikelihood: -3935.296868
[00:09:33] Bootstrap tree #88, logLikelihood: -3906.411110
[00:09:40] Bootstrap tree #89, logLikelihood: -4334.605461
[00:09:46] Bootstrap tree #90, logLikelihood: -4163.285984
[00:09:52] Bootstrap tree #91, logLikelihood: -4195.786356
[00:10:00] Bootstrap tree #92, logLikelihood: -3903.647875
[00:10:08] Bootstrap tree #93, logLikelihood: -4118.162939
[00:10:14] Bootstrap tree #94, logLikelihood: -3985.949045
[00:10:21] Bootstrap tree #95, logLikelihood: -3964.190603
[00:10:28] Bootstrap tree #96, logLikelihood: -3837.485232
[00:10:34] Bootstrap tree #97, logLikelihood: -3990.856928
[00:10:40] Bootstrap tree #98, logLikelihood: -3990.071779
[00:10:47] Bootstrap tree #99, logLikelihood: -3917.901906
[00:10:54] Bootstrap tree #100, logLikelihood: -3851.665861

Optimized model parameters:

   Partition 0: noname
   Rate heterogeneity: GAMMA (4 cats, mean),  alpha: 0.338842 (ML),  weights&rates: (0.250000,0.008968) (0.250000,0.134858) (0.250000,0.655623) (0.250000,3.200551) 
   Base frequencies (ML): 0.292689 0.236856 0.266961 0.203493 
   Substitution rates (ML): 1.242234 4.359675 0.824225 1.316794 8.607546 1.000000 

Final LogLikelihood: -4044.851980

All ML trees saved to: /mnt/lustre/scratch/home/uvi/be/avs/cancer_genes_selection/genes/RSPO2/tree/RSPO2.raxml.mlTrees
Best ML tree saved to: /mnt/lustre/scratch/home/uvi/be/avs/cancer_genes_selection/genes/RSPO2/tree/RSPO2.raxml.bestTree
Best ML tree with bootstrap support values saved to: /mnt/lustre/scratch/home/uvi/be/avs/cancer_genes_selection/genes/RSPO2/tree/RSPO2.raxml.support
Optimized model saved to: /mnt/lustre/scratch/home/uvi/be/avs/cancer_genes_selection/genes/RSPO2/tree/RSPO2.raxml.bestModel
Bootstrap trees saved to: /mnt/lustre/scratch/home/uvi/be/avs/cancer_genes_selection/genes/RSPO2/tree/RSPO2.raxml.bootstraps

Execution log saved to: /mnt/lustre/scratch/home/uvi/be/avs/cancer_genes_selection/genes/RSPO2/tree/RSPO2.raxml.log

Analysis started: 21-Mar-2018 22:43:06 / finished: 21-Mar-2018 22:54:03

Elapsed time: 656.841 seconds

