
RAxML-NG v. 0.5.1b BETA released on 01.12.2017 by The Exelixis Lab.
Authors: Alexey Kozlov, Alexandros Stamatakis, Diego Darriba, Tomas Flouri, Benoit Morel.
Latest version: https://github.com/amkozlov/raxml-ng
Questions/problems/suggestions? Please visit: https://groups.google.com/forum/#!forum/raxml

WARNING: This is a BETA release, please use at your own risk!

RAxML-NG was called as follows:

raxml-ng-mpi --all --msa /mnt/lustre/scratch/home/uvi/be/avs/cancer_genes_selection/genes/HOOK3/align/HOOK3_align_DNA_trimmed2.fasta --model GTR+G -tree pars{10} --bs-trees 100 --prefix /mnt/lustre/scratch/home/uvi/be/avs/cancer_genes_selection/genes/HOOK3/tree/HOOK3_trimmed --redo

Analysis options:
  run mode: ML tree search + bootstrapping
  start tree(s): parsimony (10)
  random seed: 1522094776
  tip-inner: ON
  pattern compression: ON
  per-rate scalers: OFF
  site repeats: OFF
  branch lengths: ML estimate (linked)
  SIMD kernels: AVX2
  parallelization: NONE/sequential

WARNING: Running in REDO mode: existing checkpoints are ignored, and all result files will be overwritten!

[00:00:00] Reading alignment from file: /mnt/lustre/scratch/home/uvi/be/avs/cancer_genes_selection/genes/HOOK3/align/HOOK3_align_DNA_trimmed2.fasta
[00:00:01] Loaded alignment with 28 taxa and 2157 sites

Alignment comprises 1 partitions and 901 patterns

Partition 0: noname
Model: GTR+FO+G4m
Alignment sites / patterns: 2157 / 901
Gaps: 2.93 %
Invariant sites: 55.59 %


[00:00:01] Generating parsimony starting tree(s) with 28 taxa
[00:00:01] Data distribution: partitions/thread: 1-1, patterns/thread: 901-901

Starting ML tree search with 10 distinct starting trees

[00:00:14] ML tree search #1, logLikelihood: -14477.929799
[00:00:29] ML tree search #2, logLikelihood: -14477.928401
[00:00:43] ML tree search #3, logLikelihood: -14477.930024
[00:00:57] ML tree search #4, logLikelihood: -14477.929346
[00:01:12] ML tree search #5, logLikelihood: -14477.928683
[00:01:28] ML tree search #6, logLikelihood: -14477.928999
[00:01:44] ML tree search #7, logLikelihood: -14477.931019
[00:01:59] ML tree search #8, logLikelihood: -14477.929100
[00:02:13] ML tree search #9, logLikelihood: -14477.930848
[00:02:27] ML tree search #10, logLikelihood: -14477.929162

[00:02:28] ML tree search completed, best tree logLH: -14477.928401

[00:02:28] Starting bootstrapping analysis with 100 replicates.

[00:02:41] Bootstrap tree #1, logLikelihood: -14394.674880
[00:02:56] Bootstrap tree #2, logLikelihood: -14957.555559
[00:03:13] Bootstrap tree #3, logLikelihood: -13699.958402
[00:03:29] Bootstrap tree #4, logLikelihood: -14677.559802
[00:03:41] Bootstrap tree #5, logLikelihood: -14239.799079
[00:03:54] Bootstrap tree #6, logLikelihood: -14724.645995
[00:04:12] Bootstrap tree #7, logLikelihood: -14381.735547
[00:04:29] Bootstrap tree #8, logLikelihood: -14793.942115
[00:04:44] Bootstrap tree #9, logLikelihood: -14530.406059
[00:04:59] Bootstrap tree #10, logLikelihood: -14190.273354
[00:05:14] Bootstrap tree #11, logLikelihood: -13981.219355
[00:05:29] Bootstrap tree #12, logLikelihood: -14298.099382
[00:05:45] Bootstrap tree #13, logLikelihood: -14270.182235
[00:05:59] Bootstrap tree #14, logLikelihood: -14981.189674
[00:06:15] Bootstrap tree #15, logLikelihood: -14594.102123
[00:06:34] Bootstrap tree #16, logLikelihood: -14811.887026
[00:06:50] Bootstrap tree #17, logLikelihood: -14341.607118
[00:07:05] Bootstrap tree #18, logLikelihood: -14322.727224
[00:07:20] Bootstrap tree #19, logLikelihood: -15046.011556
[00:07:38] Bootstrap tree #20, logLikelihood: -14217.499475
[00:07:54] Bootstrap tree #21, logLikelihood: -14275.416737
[00:08:07] Bootstrap tree #22, logLikelihood: -14928.442860
[00:08:21] Bootstrap tree #23, logLikelihood: -14925.846899
[00:08:37] Bootstrap tree #24, logLikelihood: -14651.243078
[00:08:49] Bootstrap tree #25, logLikelihood: -14110.869672
[00:09:00] Bootstrap tree #26, logLikelihood: -14769.864175
[00:09:15] Bootstrap tree #27, logLikelihood: -14096.388579
[00:09:26] Bootstrap tree #28, logLikelihood: -14584.364866
[00:09:39] Bootstrap tree #29, logLikelihood: -14676.866712
[00:09:52] Bootstrap tree #30, logLikelihood: -14297.445644
[00:10:06] Bootstrap tree #31, logLikelihood: -14181.822187
[00:10:21] Bootstrap tree #32, logLikelihood: -14687.267496
[00:10:32] Bootstrap tree #33, logLikelihood: -14140.778599
[00:10:42] Bootstrap tree #34, logLikelihood: -14131.405306
[00:10:53] Bootstrap tree #35, logLikelihood: -14811.128004
[00:11:05] Bootstrap tree #36, logLikelihood: -14323.191786
[00:11:16] Bootstrap tree #37, logLikelihood: -14674.462464
[00:11:29] Bootstrap tree #38, logLikelihood: -14649.501887
[00:11:42] Bootstrap tree #39, logLikelihood: -14694.653231
[00:11:56] Bootstrap tree #40, logLikelihood: -14437.906148
[00:12:08] Bootstrap tree #41, logLikelihood: -13982.879077
[00:12:22] Bootstrap tree #42, logLikelihood: -14169.334540
[00:12:37] Bootstrap tree #43, logLikelihood: -14083.977746
[00:12:50] Bootstrap tree #44, logLikelihood: -14250.785666
[00:13:05] Bootstrap tree #45, logLikelihood: -14972.796079
[00:13:18] Bootstrap tree #46, logLikelihood: -14336.433349
[00:13:29] Bootstrap tree #47, logLikelihood: -14169.401577
[00:13:46] Bootstrap tree #48, logLikelihood: -14936.098443
[00:14:00] Bootstrap tree #49, logLikelihood: -14491.359806
[00:14:15] Bootstrap tree #50, logLikelihood: -14859.291595
[00:14:27] Bootstrap tree #51, logLikelihood: -14523.963328
[00:14:40] Bootstrap tree #52, logLikelihood: -14272.929429
[00:14:54] Bootstrap tree #53, logLikelihood: -14937.739674
[00:15:07] Bootstrap tree #54, logLikelihood: -14743.307620
[00:15:21] Bootstrap tree #55, logLikelihood: -14826.175753
[00:15:35] Bootstrap tree #56, logLikelihood: -14293.528475
[00:15:49] Bootstrap tree #57, logLikelihood: -13683.268363
[00:16:01] Bootstrap tree #58, logLikelihood: -15024.198412
[00:16:13] Bootstrap tree #59, logLikelihood: -14180.118637
[00:16:29] Bootstrap tree #60, logLikelihood: -14497.641604
[00:16:40] Bootstrap tree #61, logLikelihood: -14346.926739
[00:16:53] Bootstrap tree #62, logLikelihood: -14400.390225
[00:17:05] Bootstrap tree #63, logLikelihood: -14530.380863
[00:17:20] Bootstrap tree #64, logLikelihood: -14747.681448
[00:17:33] Bootstrap tree #65, logLikelihood: -14021.393385
[00:17:48] Bootstrap tree #66, logLikelihood: -13780.602545
[00:18:00] Bootstrap tree #67, logLikelihood: -14256.428919
[00:18:13] Bootstrap tree #68, logLikelihood: -14457.763472
[00:18:25] Bootstrap tree #69, logLikelihood: -14414.115545
[00:18:41] Bootstrap tree #70, logLikelihood: -14245.234484
[00:18:54] Bootstrap tree #71, logLikelihood: -14568.540914
[00:19:05] Bootstrap tree #72, logLikelihood: -14613.867145
[00:19:18] Bootstrap tree #73, logLikelihood: -14787.265514
[00:19:35] Bootstrap tree #74, logLikelihood: -14936.184655
[00:19:48] Bootstrap tree #75, logLikelihood: -15054.495453
[00:20:03] Bootstrap tree #76, logLikelihood: -14188.027425
[00:20:16] Bootstrap tree #77, logLikelihood: -14326.073443
[00:20:29] Bootstrap tree #78, logLikelihood: -14684.449905
[00:20:44] Bootstrap tree #79, logLikelihood: -14664.511371
[00:20:57] Bootstrap tree #80, logLikelihood: -14816.827172
[00:21:11] Bootstrap tree #81, logLikelihood: -14338.605288
[00:21:24] Bootstrap tree #82, logLikelihood: -14049.005976
[00:21:35] Bootstrap tree #83, logLikelihood: -14177.264471
[00:21:48] Bootstrap tree #84, logLikelihood: -14223.628248
[00:22:03] Bootstrap tree #85, logLikelihood: -13984.071139
[00:22:15] Bootstrap tree #86, logLikelihood: -14934.535260
[00:22:28] Bootstrap tree #87, logLikelihood: -14576.788140
[00:22:42] Bootstrap tree #88, logLikelihood: -13991.968923
[00:22:55] Bootstrap tree #89, logLikelihood: -14461.033477
[00:23:07] Bootstrap tree #90, logLikelihood: -14565.914774
[00:23:20] Bootstrap tree #91, logLikelihood: -14528.849469
[00:23:34] Bootstrap tree #92, logLikelihood: -14586.481079
[00:23:46] Bootstrap tree #93, logLikelihood: -14679.568896
[00:24:03] Bootstrap tree #94, logLikelihood: -14108.741660
[00:24:16] Bootstrap tree #95, logLikelihood: -14479.309126
[00:24:33] Bootstrap tree #96, logLikelihood: -14587.089091
[00:24:46] Bootstrap tree #97, logLikelihood: -14076.622431
[00:24:59] Bootstrap tree #98, logLikelihood: -14444.688474
[00:25:12] Bootstrap tree #99, logLikelihood: -14219.621830
[00:25:28] Bootstrap tree #100, logLikelihood: -14614.200554

Optimized model parameters:

   Partition 0: noname
   Rate heterogeneity: GAMMA (4 cats, mean),  alpha: 0.388841 (ML),  weights&rates: (0.250000,0.015138) (0.250000,0.173372) (0.250000,0.718918) (0.250000,3.092572) 
   Base frequencies (ML): 0.362822 0.175341 0.230893 0.230944 
   Substitution rates (ML): 0.971537 3.279957 0.481177 0.549872 6.613734 1.000000 

Final LogLikelihood: -14477.928401

All ML trees saved to: /mnt/lustre/scratch/home/uvi/be/avs/cancer_genes_selection/genes/HOOK3/tree/HOOK3_trimmed.raxml.mlTrees
Best ML tree saved to: /mnt/lustre/scratch/home/uvi/be/avs/cancer_genes_selection/genes/HOOK3/tree/HOOK3_trimmed.raxml.bestTree
Best ML tree with bootstrap support values saved to: /mnt/lustre/scratch/home/uvi/be/avs/cancer_genes_selection/genes/HOOK3/tree/HOOK3_trimmed.raxml.support
Optimized model saved to: /mnt/lustre/scratch/home/uvi/be/avs/cancer_genes_selection/genes/HOOK3/tree/HOOK3_trimmed.raxml.bestModel
Bootstrap trees saved to: /mnt/lustre/scratch/home/uvi/be/avs/cancer_genes_selection/genes/HOOK3/tree/HOOK3_trimmed.raxml.bootstraps

Execution log saved to: /mnt/lustre/scratch/home/uvi/be/avs/cancer_genes_selection/genes/HOOK3/tree/HOOK3_trimmed.raxml.log

Analysis started: 26-Mar-2018 22:06:16 / finished: 26-Mar-2018 22:31:49

Elapsed time: 1532.778 seconds

