
RAxML-NG v. 0.5.1b BETA released on 01.12.2017 by The Exelixis Lab.
Authors: Alexey Kozlov, Alexandros Stamatakis, Diego Darriba, Tomas Flouri, Benoit Morel.
Latest version: https://github.com/amkozlov/raxml-ng
Questions/problems/suggestions? Please visit: https://groups.google.com/forum/#!forum/raxml

WARNING: This is a BETA release, please use at your own risk!

RAxML-NG was called as follows:

raxml-ng-mpi --all --msa /mnt/lustre/scratch/home/uvi/be/avs/cancer_genes_selection/genes/TLX3/align/TLX3_align_DNA_trimmed2.fasta --model GTR+G -tree pars{10} --bs-trees 100 --prefix /mnt/lustre/scratch/home/uvi/be/avs/cancer_genes_selection/genes/TLX3/tree/TLX3_trimmed --redo

Analysis options:
  run mode: ML tree search + bootstrapping
  start tree(s): parsimony (10)
  random seed: 1522106911
  tip-inner: ON
  pattern compression: ON
  per-rate scalers: OFF
  site repeats: OFF
  branch lengths: ML estimate (linked)
  SIMD kernels: AVX2
  parallelization: NONE/sequential

WARNING: Running in REDO mode: existing checkpoints are ignored, and all result files will be overwritten!

[00:00:00] Reading alignment from file: /mnt/lustre/scratch/home/uvi/be/avs/cancer_genes_selection/genes/TLX3/align/TLX3_align_DNA_trimmed2.fasta
[00:00:01] Loaded alignment with 24 taxa and 876 sites

Alignment comprises 1 partitions and 316 patterns

Partition 0: noname
Model: GTR+FO+G4m
Alignment sites / patterns: 876 / 316
Gaps: 3.12 %
Invariant sites: 56.62 %


[00:00:01] Generating parsimony starting tree(s) with 24 taxa
[00:00:01] Data distribution: partitions/thread: 1-1, patterns/thread: 316-316

Starting ML tree search with 10 distinct starting trees

[00:00:07] ML tree search #1, logLikelihood: -4577.319771
[00:00:13] ML tree search #2, logLikelihood: -4577.314257
[00:00:19] ML tree search #3, logLikelihood: -4577.320058
[00:00:26] ML tree search #4, logLikelihood: -4574.814863
[00:00:31] ML tree search #5, logLikelihood: -4577.320241
[00:00:36] ML tree search #6, logLikelihood: -4577.323924
[00:00:42] ML tree search #7, logLikelihood: -4577.318929
[00:00:47] ML tree search #8, logLikelihood: -4577.321942
[00:00:53] ML tree search #9, logLikelihood: -4577.324689
[00:01:00] ML tree search #10, logLikelihood: -4577.367957

[00:01:01] ML tree search completed, best tree logLH: -4574.814863

[00:01:01] Starting bootstrapping analysis with 100 replicates.

[00:01:08] Bootstrap tree #1, logLikelihood: -4441.701497
[00:01:15] Bootstrap tree #2, logLikelihood: -4636.174496
[00:01:23] Bootstrap tree #3, logLikelihood: -4677.694660
[00:01:28] Bootstrap tree #4, logLikelihood: -4424.522880
[00:01:35] Bootstrap tree #5, logLikelihood: -4527.040568
[00:01:43] Bootstrap tree #6, logLikelihood: -4248.124426
[00:01:51] Bootstrap tree #7, logLikelihood: -4590.561624
[00:01:58] Bootstrap tree #8, logLikelihood: -4736.952492
[00:02:05] Bootstrap tree #9, logLikelihood: -4268.015672
[00:02:11] Bootstrap tree #10, logLikelihood: -4618.199992
[00:02:18] Bootstrap tree #11, logLikelihood: -4574.169083
[00:02:25] Bootstrap tree #12, logLikelihood: -4664.223735
[00:02:32] Bootstrap tree #13, logLikelihood: -4481.283723
[00:02:38] Bootstrap tree #14, logLikelihood: -4595.400771
[00:02:44] Bootstrap tree #15, logLikelihood: -4689.783530
[00:02:51] Bootstrap tree #16, logLikelihood: -4525.320289
[00:02:57] Bootstrap tree #17, logLikelihood: -4672.129424
[00:03:06] Bootstrap tree #18, logLikelihood: -4552.997656
[00:03:13] Bootstrap tree #19, logLikelihood: -4542.288424
[00:03:20] Bootstrap tree #20, logLikelihood: -4614.122360
[00:03:27] Bootstrap tree #21, logLikelihood: -4651.747741
[00:03:34] Bootstrap tree #22, logLikelihood: -4934.750589
[00:03:40] Bootstrap tree #23, logLikelihood: -4442.304108
[00:03:48] Bootstrap tree #24, logLikelihood: -4299.208060
[00:03:54] Bootstrap tree #25, logLikelihood: -4384.494253
[00:04:01] Bootstrap tree #26, logLikelihood: -4933.591585
[00:04:08] Bootstrap tree #27, logLikelihood: -4390.665321
[00:04:14] Bootstrap tree #28, logLikelihood: -4621.420584
[00:04:22] Bootstrap tree #29, logLikelihood: -4417.588602
[00:04:29] Bootstrap tree #30, logLikelihood: -4475.944209
[00:04:36] Bootstrap tree #31, logLikelihood: -4703.221511
[00:04:43] Bootstrap tree #32, logLikelihood: -4446.159724
[00:04:50] Bootstrap tree #33, logLikelihood: -4666.584223
[00:04:56] Bootstrap tree #34, logLikelihood: -4595.226116
[00:05:04] Bootstrap tree #35, logLikelihood: -4598.340294
[00:05:11] Bootstrap tree #36, logLikelihood: -4251.883823
[00:05:18] Bootstrap tree #37, logLikelihood: -4413.219774
[00:05:26] Bootstrap tree #38, logLikelihood: -4623.499035
[00:05:34] Bootstrap tree #39, logLikelihood: -4551.452084
[00:05:41] Bootstrap tree #40, logLikelihood: -4587.530007
[00:05:49] Bootstrap tree #41, logLikelihood: -4499.004053
[00:05:56] Bootstrap tree #42, logLikelihood: -4373.417801
[00:06:04] Bootstrap tree #43, logLikelihood: -4417.941037
[00:06:11] Bootstrap tree #44, logLikelihood: -4631.234378
[00:06:18] Bootstrap tree #45, logLikelihood: -4700.784867
[00:06:26] Bootstrap tree #46, logLikelihood: -4291.098529
[00:06:33] Bootstrap tree #47, logLikelihood: -4627.890300
[00:06:41] Bootstrap tree #48, logLikelihood: -4605.089568
[00:06:49] Bootstrap tree #49, logLikelihood: -4620.478205
[00:06:58] Bootstrap tree #50, logLikelihood: -4628.817104
[00:07:06] Bootstrap tree #51, logLikelihood: -4670.734362
[00:07:15] Bootstrap tree #52, logLikelihood: -4405.782187
[00:07:22] Bootstrap tree #53, logLikelihood: -4613.818605
[00:07:29] Bootstrap tree #54, logLikelihood: -4482.778366
[00:07:36] Bootstrap tree #55, logLikelihood: -4644.077256
[00:07:44] Bootstrap tree #56, logLikelihood: -4372.232777
[00:07:51] Bootstrap tree #57, logLikelihood: -4439.711819
[00:07:59] Bootstrap tree #58, logLikelihood: -4497.466762
[00:08:08] Bootstrap tree #59, logLikelihood: -4619.685278
[00:08:15] Bootstrap tree #60, logLikelihood: -4494.086977
[00:08:23] Bootstrap tree #61, logLikelihood: -4461.693281
[00:08:31] Bootstrap tree #62, logLikelihood: -4717.167937
[00:08:39] Bootstrap tree #63, logLikelihood: -4827.092639
[00:08:47] Bootstrap tree #64, logLikelihood: -4505.637275
[00:08:55] Bootstrap tree #65, logLikelihood: -4550.726758
[00:09:03] Bootstrap tree #66, logLikelihood: -4417.228715
[00:09:10] Bootstrap tree #67, logLikelihood: -4496.323346
[00:09:18] Bootstrap tree #68, logLikelihood: -4706.563690
[00:09:27] Bootstrap tree #69, logLikelihood: -4401.124514
[00:09:34] Bootstrap tree #70, logLikelihood: -4612.901050
[00:09:44] Bootstrap tree #71, logLikelihood: -4631.524654
[00:09:51] Bootstrap tree #72, logLikelihood: -4406.543136
[00:09:59] Bootstrap tree #73, logLikelihood: -4861.121234
[00:10:08] Bootstrap tree #74, logLikelihood: -4409.587320
[00:10:15] Bootstrap tree #75, logLikelihood: -4503.240549
[00:10:23] Bootstrap tree #76, logLikelihood: -4452.869840
[00:10:30] Bootstrap tree #77, logLikelihood: -4456.357194
[00:10:38] Bootstrap tree #78, logLikelihood: -4633.420871
[00:10:47] Bootstrap tree #79, logLikelihood: -4639.458505
[00:10:55] Bootstrap tree #80, logLikelihood: -4633.996149
[00:11:04] Bootstrap tree #81, logLikelihood: -4423.195629
[00:11:12] Bootstrap tree #82, logLikelihood: -4531.898743
[00:11:19] Bootstrap tree #83, logLikelihood: -4294.060762
[00:11:28] Bootstrap tree #84, logLikelihood: -4583.934607
[00:11:35] Bootstrap tree #85, logLikelihood: -4405.070817
[00:11:44] Bootstrap tree #86, logLikelihood: -4524.394909
[00:11:52] Bootstrap tree #87, logLikelihood: -4459.091874
[00:12:01] Bootstrap tree #88, logLikelihood: -4554.097870
[00:12:10] Bootstrap tree #89, logLikelihood: -4688.165287
[00:12:18] Bootstrap tree #90, logLikelihood: -4430.094235
[00:12:26] Bootstrap tree #91, logLikelihood: -4225.916524
[00:12:35] Bootstrap tree #92, logLikelihood: -4383.969927
[00:12:43] Bootstrap tree #93, logLikelihood: -4618.480803
[00:12:51] Bootstrap tree #94, logLikelihood: -4332.073060
[00:13:00] Bootstrap tree #95, logLikelihood: -4693.642385
[00:13:09] Bootstrap tree #96, logLikelihood: -4545.148415
[00:13:17] Bootstrap tree #97, logLikelihood: -4347.736540
[00:13:25] Bootstrap tree #98, logLikelihood: -4406.749898
[00:13:34] Bootstrap tree #99, logLikelihood: -4221.355941
[00:13:43] Bootstrap tree #100, logLikelihood: -4500.294758

Optimized model parameters:

   Partition 0: noname
   Rate heterogeneity: GAMMA (4 cats, mean),  alpha: 0.444039 (ML),  weights&rates: (0.250000,0.023546) (0.250000,0.213823) (0.250000,0.774855) (0.250000,2.987775) 
   Base frequencies (ML): 0.188938 0.373365 0.294451 0.143246 
   Substitution rates (ML): 0.512852 2.011510 0.649655 0.463314 2.477077 1.000000 

Final LogLikelihood: -4574.814863

All ML trees saved to: /mnt/lustre/scratch/home/uvi/be/avs/cancer_genes_selection/genes/TLX3/tree/TLX3_trimmed.raxml.mlTrees
Best ML tree saved to: /mnt/lustre/scratch/home/uvi/be/avs/cancer_genes_selection/genes/TLX3/tree/TLX3_trimmed.raxml.bestTree
Best ML tree with bootstrap support values saved to: /mnt/lustre/scratch/home/uvi/be/avs/cancer_genes_selection/genes/TLX3/tree/TLX3_trimmed.raxml.support
Optimized model saved to: /mnt/lustre/scratch/home/uvi/be/avs/cancer_genes_selection/genes/TLX3/tree/TLX3_trimmed.raxml.bestModel
Bootstrap trees saved to: /mnt/lustre/scratch/home/uvi/be/avs/cancer_genes_selection/genes/TLX3/tree/TLX3_trimmed.raxml.bootstraps

Execution log saved to: /mnt/lustre/scratch/home/uvi/be/avs/cancer_genes_selection/genes/TLX3/tree/TLX3_trimmed.raxml.log

Analysis started: 27-Mar-2018 01:28:31 / finished: 27-Mar-2018 01:42:18

Elapsed time: 827.069 seconds

