
RAxML-NG v. 0.5.1b BETA released on 01.12.2017 by The Exelixis Lab.
Authors: Alexey Kozlov, Alexandros Stamatakis, Diego Darriba, Tomas Flouri, Benoit Morel.
Latest version: https://github.com/amkozlov/raxml-ng
Questions/problems/suggestions? Please visit: https://groups.google.com/forum/#!forum/raxml

WARNING: This is a BETA release, please use at your own risk!

RAxML-NG was called as follows:

raxml-ng-mpi --all --msa /mnt/lustre/scratch/home/uvi/be/avs/cancer_genes_selection/genes/MAP3K1/align/MAP3K1_align_DNA_trimmed.fasta --model GTR+G -tree pars{10} --bs-trees 100 --prefix /mnt/lustre/scratch/home/uvi/be/avs/cancer_genes_selection/genes/MAP3K1/tree/MAP3K1 --redo

Analysis options:
  run mode: ML tree search + bootstrapping
  start tree(s): parsimony (10)
  random seed: 1521662079
  tip-inner: ON
  pattern compression: ON
  per-rate scalers: OFF
  site repeats: OFF
  branch lengths: ML estimate (linked)
  SIMD kernels: AVX2
  parallelization: NONE/sequential

WARNING: Running in REDO mode: existing checkpoints are ignored, and all result files will be overwritten!

[00:00:00] Reading alignment from file: /mnt/lustre/scratch/home/uvi/be/avs/cancer_genes_selection/genes/MAP3K1/align/MAP3K1_align_DNA_trimmed.fasta
[00:00:00] Loaded alignment with 27 taxa and 4527 sites

Alignment comprises 1 partitions and 1871 patterns

Partition 0: noname
Model: GTR+FO+G4m
Alignment sites / patterns: 4527 / 1871
Gaps: 5.73 %
Invariant sites: 52.18 %


[00:00:01] Generating parsimony starting tree(s) with 27 taxa
[00:00:01] Data distribution: partitions/thread: 1-1, patterns/thread: 1871-1871

Starting ML tree search with 10 distinct starting trees

[00:00:20] ML tree search #1, logLikelihood: -31528.376012
[00:00:34] ML tree search #2, logLikelihood: -31528.369574
[00:00:50] ML tree search #3, logLikelihood: -31528.369356
[00:01:05] ML tree search #4, logLikelihood: -31528.369448
[00:01:28] ML tree search #5, logLikelihood: -31528.375631
[00:01:42] ML tree search #6, logLikelihood: -31528.368878
[00:01:54] ML tree search #7, logLikelihood: -31528.369191
[00:02:15] ML tree search #8, logLikelihood: -31528.376423
[00:02:32] ML tree search #9, logLikelihood: -31528.370385
[00:02:52] ML tree search #10, logLikelihood: -31528.368794

[00:02:52] ML tree search completed, best tree logLH: -31528.368794

[00:02:52] Starting bootstrapping analysis with 100 replicates.

[00:03:03] Bootstrap tree #1, logLikelihood: -31602.898444
[00:03:16] Bootstrap tree #2, logLikelihood: -31969.362823
[00:03:26] Bootstrap tree #3, logLikelihood: -31927.259025
[00:03:39] Bootstrap tree #4, logLikelihood: -31733.969646
[00:03:53] Bootstrap tree #5, logLikelihood: -31700.694698
[00:04:07] Bootstrap tree #6, logLikelihood: -31560.693340
[00:04:22] Bootstrap tree #7, logLikelihood: -32246.096946
[00:04:34] Bootstrap tree #8, logLikelihood: -31734.560571
[00:04:46] Bootstrap tree #9, logLikelihood: -32277.034065
[00:04:56] Bootstrap tree #10, logLikelihood: -31662.242514
[00:05:06] Bootstrap tree #11, logLikelihood: -31519.854056
[00:05:18] Bootstrap tree #12, logLikelihood: -31360.338910
[00:05:35] Bootstrap tree #13, logLikelihood: -31059.212122
[00:05:46] Bootstrap tree #14, logLikelihood: -32125.107819
[00:06:00] Bootstrap tree #15, logLikelihood: -30974.217540
[00:06:14] Bootstrap tree #16, logLikelihood: -31431.576736
[00:06:28] Bootstrap tree #17, logLikelihood: -30981.107026
[00:06:43] Bootstrap tree #18, logLikelihood: -31389.882561
[00:06:58] Bootstrap tree #19, logLikelihood: -32108.823905
[00:07:10] Bootstrap tree #20, logLikelihood: -31073.251664
[00:07:22] Bootstrap tree #21, logLikelihood: -31817.750017
[00:07:33] Bootstrap tree #22, logLikelihood: -32053.411920
[00:07:47] Bootstrap tree #23, logLikelihood: -31844.922944
[00:08:01] Bootstrap tree #24, logLikelihood: -31083.011779
[00:08:16] Bootstrap tree #25, logLikelihood: -31931.128126
[00:08:30] Bootstrap tree #26, logLikelihood: -31082.840608
[00:08:43] Bootstrap tree #27, logLikelihood: -31510.661567
[00:08:57] Bootstrap tree #28, logLikelihood: -31013.644890
[00:09:12] Bootstrap tree #29, logLikelihood: -31207.264395
[00:09:26] Bootstrap tree #30, logLikelihood: -31339.077369
[00:09:37] Bootstrap tree #31, logLikelihood: -31845.811837
[00:09:47] Bootstrap tree #32, logLikelihood: -30860.192622
[00:10:01] Bootstrap tree #33, logLikelihood: -31104.662944
[00:10:11] Bootstrap tree #34, logLikelihood: -30718.003126
[00:10:24] Bootstrap tree #35, logLikelihood: -31675.309407
[00:10:36] Bootstrap tree #36, logLikelihood: -31511.409052
[00:10:53] Bootstrap tree #37, logLikelihood: -31165.196626
[00:11:05] Bootstrap tree #38, logLikelihood: -31733.573817
[00:11:16] Bootstrap tree #39, logLikelihood: -31244.718943
[00:11:29] Bootstrap tree #40, logLikelihood: -32288.300278
[00:11:42] Bootstrap tree #41, logLikelihood: -31930.705956
[00:11:59] Bootstrap tree #42, logLikelihood: -31337.009170
[00:12:18] Bootstrap tree #43, logLikelihood: -30479.169413
[00:12:36] Bootstrap tree #44, logLikelihood: -31825.155328
[00:12:47] Bootstrap tree #45, logLikelihood: -30279.283954
[00:13:02] Bootstrap tree #46, logLikelihood: -31443.262561
[00:13:15] Bootstrap tree #47, logLikelihood: -31215.455395
[00:13:40] Bootstrap tree #48, logLikelihood: -31017.171302
[00:14:07] Bootstrap tree #49, logLikelihood: -30269.164850
[00:14:22] Bootstrap tree #50, logLikelihood: -31259.391386
[00:14:37] Bootstrap tree #51, logLikelihood: -31284.863071
[00:14:49] Bootstrap tree #52, logLikelihood: -31278.403592
[00:15:05] Bootstrap tree #53, logLikelihood: -31480.340134
[00:15:20] Bootstrap tree #54, logLikelihood: -31335.637168
[00:15:38] Bootstrap tree #55, logLikelihood: -30891.904275
[00:15:49] Bootstrap tree #56, logLikelihood: -31094.531918
[00:16:00] Bootstrap tree #57, logLikelihood: -31488.043351
[00:16:11] Bootstrap tree #58, logLikelihood: -31091.341010
[00:16:25] Bootstrap tree #59, logLikelihood: -31213.873878
[00:16:40] Bootstrap tree #60, logLikelihood: -31340.968565
[00:16:52] Bootstrap tree #61, logLikelihood: -31479.109067
[00:17:05] Bootstrap tree #62, logLikelihood: -31257.581146
[00:17:21] Bootstrap tree #63, logLikelihood: -31327.484339
[00:17:41] Bootstrap tree #64, logLikelihood: -31125.999613
[00:17:55] Bootstrap tree #65, logLikelihood: -31644.873002
[00:18:09] Bootstrap tree #66, logLikelihood: -31023.314559
[00:18:23] Bootstrap tree #67, logLikelihood: -31826.675231
[00:18:36] Bootstrap tree #68, logLikelihood: -31796.130951
[00:18:50] Bootstrap tree #69, logLikelihood: -31378.415889
[00:19:06] Bootstrap tree #70, logLikelihood: -32102.405555
[00:19:23] Bootstrap tree #71, logLikelihood: -30760.801009
[00:19:33] Bootstrap tree #72, logLikelihood: -31609.803469
[00:19:46] Bootstrap tree #73, logLikelihood: -31023.855272
[00:19:58] Bootstrap tree #74, logLikelihood: -31762.296417
[00:20:12] Bootstrap tree #75, logLikelihood: -32285.437792
[00:20:26] Bootstrap tree #76, logLikelihood: -32238.637515
[00:20:41] Bootstrap tree #77, logLikelihood: -31070.645143
[00:20:56] Bootstrap tree #78, logLikelihood: -30849.091986
[00:21:07] Bootstrap tree #79, logLikelihood: -31835.159685
[00:21:20] Bootstrap tree #80, logLikelihood: -31056.044993
[00:21:35] Bootstrap tree #81, logLikelihood: -31819.759741
[00:21:47] Bootstrap tree #82, logLikelihood: -31660.758297
[00:21:59] Bootstrap tree #83, logLikelihood: -31816.586278
[00:22:10] Bootstrap tree #84, logLikelihood: -31620.203264
[00:22:23] Bootstrap tree #85, logLikelihood: -31411.683230
[00:22:36] Bootstrap tree #86, logLikelihood: -31736.012206
[00:22:49] Bootstrap tree #87, logLikelihood: -31655.486890
[00:23:05] Bootstrap tree #88, logLikelihood: -31076.255752
[00:23:17] Bootstrap tree #89, logLikelihood: -31609.964561
[00:23:29] Bootstrap tree #90, logLikelihood: -30714.048982
[00:23:45] Bootstrap tree #91, logLikelihood: -31539.786602
[00:24:03] Bootstrap tree #92, logLikelihood: -30937.138067
[00:24:18] Bootstrap tree #93, logLikelihood: -30629.330434
[00:24:33] Bootstrap tree #94, logLikelihood: -30586.285598
[00:24:45] Bootstrap tree #95, logLikelihood: -31127.757832
[00:25:00] Bootstrap tree #96, logLikelihood: -31296.881033
[00:25:14] Bootstrap tree #97, logLikelihood: -31611.461901
[00:25:29] Bootstrap tree #98, logLikelihood: -30821.688294
[00:25:42] Bootstrap tree #99, logLikelihood: -31728.286245
[00:25:55] Bootstrap tree #100, logLikelihood: -31758.272150

Optimized model parameters:

   Partition 0: noname
   Rate heterogeneity: GAMMA (4 cats, mean),  alpha: 0.400479 (ML),  weights&rates: (0.250000,0.016784) (0.250000,0.182114) (0.250000,0.731798) (0.250000,3.069304) 
   Base frequencies (ML): 0.239468 0.282400 0.273577 0.204556 
   Substitution rates (ML): 1.395261 5.487110 0.857817 1.124166 5.979967 1.000000 

Final LogLikelihood: -31528.368794

All ML trees saved to: /mnt/lustre/scratch/home/uvi/be/avs/cancer_genes_selection/genes/MAP3K1/tree/MAP3K1.raxml.mlTrees
Best ML tree saved to: /mnt/lustre/scratch/home/uvi/be/avs/cancer_genes_selection/genes/MAP3K1/tree/MAP3K1.raxml.bestTree
Best ML tree with bootstrap support values saved to: /mnt/lustre/scratch/home/uvi/be/avs/cancer_genes_selection/genes/MAP3K1/tree/MAP3K1.raxml.support
Optimized model saved to: /mnt/lustre/scratch/home/uvi/be/avs/cancer_genes_selection/genes/MAP3K1/tree/MAP3K1.raxml.bestModel
Bootstrap trees saved to: /mnt/lustre/scratch/home/uvi/be/avs/cancer_genes_selection/genes/MAP3K1/tree/MAP3K1.raxml.bootstraps

Execution log saved to: /mnt/lustre/scratch/home/uvi/be/avs/cancer_genes_selection/genes/MAP3K1/tree/MAP3K1.raxml.log

Analysis started: 21-Mar-2018 20:54:39 / finished: 21-Mar-2018 21:20:37

Elapsed time: 1557.916 seconds

