
RAxML-NG v. 0.5.1b BETA released on 01.12.2017 by The Exelixis Lab.
Authors: Alexey Kozlov, Alexandros Stamatakis, Diego Darriba, Tomas Flouri, Benoit Morel.
Latest version: https://github.com/amkozlov/raxml-ng
Questions/problems/suggestions? Please visit: https://groups.google.com/forum/#!forum/raxml

WARNING: This is a BETA release, please use at your own risk!

RAxML-NG was called as follows:

raxml-ng-mpi --all --msa /mnt/lustre/scratch/home/uvi/be/avs/cancer_genes_selection/genes/EWSR1/align/EWSR1_align_DNA_trimmed2.fasta --model GTR+G -tree pars{10} --bs-trees 100 --prefix /mnt/lustre/scratch/home/uvi/be/avs/cancer_genes_selection/genes/EWSR1/tree/EWSR1_trimmed --redo

Analysis options:
  run mode: ML tree search + bootstrapping
  start tree(s): parsimony (10)
  random seed: 1522091895
  tip-inner: ON
  pattern compression: ON
  per-rate scalers: OFF
  site repeats: OFF
  branch lengths: ML estimate (linked)
  SIMD kernels: AVX2
  parallelization: NONE/sequential

WARNING: Running in REDO mode: existing checkpoints are ignored, and all result files will be overwritten!

[00:00:00] Reading alignment from file: /mnt/lustre/scratch/home/uvi/be/avs/cancer_genes_selection/genes/EWSR1/align/EWSR1_align_DNA_trimmed2.fasta
[00:00:00] Loaded alignment with 20 taxa and 1986 sites

Alignment comprises 1 partitions and 670 patterns

Partition 0: noname
Model: GTR+FO+G4m
Alignment sites / patterns: 1986 / 670
Gaps: 3.71 %
Invariant sites: 59.16 %


[00:00:01] Generating parsimony starting tree(s) with 20 taxa
[00:00:01] Data distribution: partitions/thread: 1-1, patterns/thread: 670-670

Starting ML tree search with 10 distinct starting trees

[00:00:06] ML tree search #1, logLikelihood: -9667.773667
[00:00:12] ML tree search #2, logLikelihood: -9667.773572
[00:00:18] ML tree search #3, logLikelihood: -9667.773567
[00:00:25] ML tree search #4, logLikelihood: -9667.773614
[00:00:32] ML tree search #5, logLikelihood: -9667.774105
[00:00:38] ML tree search #6, logLikelihood: -9667.774125
[00:00:44] ML tree search #7, logLikelihood: -9667.773815
[00:00:52] ML tree search #8, logLikelihood: -9667.773798
[00:00:57] ML tree search #9, logLikelihood: -9667.773704
[00:01:03] ML tree search #10, logLikelihood: -9667.773912

[00:01:04] ML tree search completed, best tree logLH: -9667.773567

[00:01:04] Starting bootstrapping analysis with 100 replicates.

[00:01:10] Bootstrap tree #1, logLikelihood: -9581.611050
[00:01:16] Bootstrap tree #2, logLikelihood: -9395.307561
[00:01:22] Bootstrap tree #3, logLikelihood: -9732.869797
[00:01:28] Bootstrap tree #4, logLikelihood: -9317.941424
[00:01:35] Bootstrap tree #5, logLikelihood: -9423.516279
[00:01:42] Bootstrap tree #6, logLikelihood: -9687.733587
[00:01:48] Bootstrap tree #7, logLikelihood: -9631.930062
[00:01:54] Bootstrap tree #8, logLikelihood: -9773.929171
[00:02:02] Bootstrap tree #9, logLikelihood: -9341.443385
[00:02:09] Bootstrap tree #10, logLikelihood: -9796.399788
[00:02:15] Bootstrap tree #11, logLikelihood: -9702.626800
[00:02:21] Bootstrap tree #12, logLikelihood: -9846.140885
[00:02:27] Bootstrap tree #13, logLikelihood: -9085.725344
[00:02:33] Bootstrap tree #14, logLikelihood: -9973.183975
[00:02:39] Bootstrap tree #15, logLikelihood: -9865.632287
[00:02:45] Bootstrap tree #16, logLikelihood: -9706.963717
[00:02:51] Bootstrap tree #17, logLikelihood: -9818.273994
[00:02:57] Bootstrap tree #18, logLikelihood: -9656.298839
[00:03:03] Bootstrap tree #19, logLikelihood: -9502.002317
[00:03:11] Bootstrap tree #20, logLikelihood: -9407.177626
[00:03:17] Bootstrap tree #21, logLikelihood: -9645.866220
[00:03:23] Bootstrap tree #22, logLikelihood: -9436.242699
[00:03:30] Bootstrap tree #23, logLikelihood: -9745.877938
[00:03:38] Bootstrap tree #24, logLikelihood: -9461.528916
[00:03:45] Bootstrap tree #25, logLikelihood: -9900.901039
[00:03:54] Bootstrap tree #26, logLikelihood: -9797.383199
[00:04:02] Bootstrap tree #27, logLikelihood: -9469.557454
[00:04:11] Bootstrap tree #28, logLikelihood: -9647.746693
[00:04:16] Bootstrap tree #29, logLikelihood: -9729.484602
[00:04:24] Bootstrap tree #30, logLikelihood: -9612.887085
[00:04:30] Bootstrap tree #31, logLikelihood: -9887.317249
[00:04:36] Bootstrap tree #32, logLikelihood: -9636.399719
[00:04:43] Bootstrap tree #33, logLikelihood: -9695.735706
[00:04:51] Bootstrap tree #34, logLikelihood: -9423.616815
[00:04:58] Bootstrap tree #35, logLikelihood: -9848.264083
[00:05:05] Bootstrap tree #36, logLikelihood: -9710.325603
[00:05:13] Bootstrap tree #37, logLikelihood: -10026.507416
[00:05:20] Bootstrap tree #38, logLikelihood: -9705.309683
[00:05:27] Bootstrap tree #39, logLikelihood: -9713.847233
[00:05:37] Bootstrap tree #40, logLikelihood: -9378.663613
[00:05:44] Bootstrap tree #41, logLikelihood: -9479.374479
[00:05:52] Bootstrap tree #42, logLikelihood: -9386.393708
[00:05:59] Bootstrap tree #43, logLikelihood: -9573.988102
[00:06:06] Bootstrap tree #44, logLikelihood: -9544.973637
[00:06:13] Bootstrap tree #45, logLikelihood: -9925.608486
[00:06:21] Bootstrap tree #46, logLikelihood: -9329.501011
[00:06:29] Bootstrap tree #47, logLikelihood: -9037.370304
[00:06:35] Bootstrap tree #48, logLikelihood: -9351.457638
[00:06:42] Bootstrap tree #49, logLikelihood: -9815.151397
[00:06:49] Bootstrap tree #50, logLikelihood: -9195.187243
[00:06:56] Bootstrap tree #51, logLikelihood: -9511.931118
[00:07:03] Bootstrap tree #52, logLikelihood: -9581.066485
[00:07:11] Bootstrap tree #53, logLikelihood: -9592.465117
[00:07:18] Bootstrap tree #54, logLikelihood: -9737.883587
[00:07:25] Bootstrap tree #55, logLikelihood: -9507.869056
[00:07:32] Bootstrap tree #56, logLikelihood: -9475.134244
[00:07:39] Bootstrap tree #57, logLikelihood: -9576.544759
[00:07:46] Bootstrap tree #58, logLikelihood: -9551.166175
[00:07:54] Bootstrap tree #59, logLikelihood: -9540.461023
[00:08:02] Bootstrap tree #60, logLikelihood: -9681.003749
[00:08:11] Bootstrap tree #61, logLikelihood: -9463.726338
[00:08:18] Bootstrap tree #62, logLikelihood: -9944.506653
[00:08:25] Bootstrap tree #63, logLikelihood: -9709.850643
[00:08:32] Bootstrap tree #64, logLikelihood: -9374.960090
[00:08:39] Bootstrap tree #65, logLikelihood: -9506.735507
[00:08:46] Bootstrap tree #66, logLikelihood: -9309.948022
[00:08:53] Bootstrap tree #67, logLikelihood: -9652.123468
[00:09:01] Bootstrap tree #68, logLikelihood: -9398.312313
[00:09:09] Bootstrap tree #69, logLikelihood: -9609.310537
[00:09:18] Bootstrap tree #70, logLikelihood: -9758.073457
[00:09:24] Bootstrap tree #71, logLikelihood: -9586.707607
[00:09:31] Bootstrap tree #72, logLikelihood: -9478.576821
[00:09:38] Bootstrap tree #73, logLikelihood: -9149.099443
[00:09:46] Bootstrap tree #74, logLikelihood: -9572.240038
[00:09:54] Bootstrap tree #75, logLikelihood: -9879.833143
[00:10:02] Bootstrap tree #76, logLikelihood: -9671.825756
[00:10:09] Bootstrap tree #77, logLikelihood: -9930.580277
[00:10:17] Bootstrap tree #78, logLikelihood: -9485.019397
[00:10:24] Bootstrap tree #79, logLikelihood: -9191.712976
[00:10:31] Bootstrap tree #80, logLikelihood: -9359.985700
[00:10:40] Bootstrap tree #81, logLikelihood: -9567.176972
[00:10:48] Bootstrap tree #82, logLikelihood: -9609.345124
[00:10:58] Bootstrap tree #83, logLikelihood: -9694.891053
[00:11:06] Bootstrap tree #84, logLikelihood: -9524.720958
[00:11:13] Bootstrap tree #85, logLikelihood: -9847.005272
[00:11:20] Bootstrap tree #86, logLikelihood: -9775.092614
[00:11:28] Bootstrap tree #87, logLikelihood: -9739.298321
[00:11:36] Bootstrap tree #88, logLikelihood: -9388.647199
[00:11:47] Bootstrap tree #89, logLikelihood: -9636.889007
[00:11:54] Bootstrap tree #90, logLikelihood: -9643.296570
[00:12:01] Bootstrap tree #91, logLikelihood: -9166.368644
[00:12:09] Bootstrap tree #92, logLikelihood: -9319.815336
[00:12:16] Bootstrap tree #93, logLikelihood: -9994.971317
[00:12:24] Bootstrap tree #94, logLikelihood: -9855.425259
[00:12:31] Bootstrap tree #95, logLikelihood: -9634.580470
[00:12:38] Bootstrap tree #96, logLikelihood: -9884.939625
[00:12:44] Bootstrap tree #97, logLikelihood: -9400.609619
[00:12:54] Bootstrap tree #98, logLikelihood: -9752.855062
[00:13:03] Bootstrap tree #99, logLikelihood: -9600.183926
[00:13:12] Bootstrap tree #100, logLikelihood: -9794.684855

Optimized model parameters:

   Partition 0: noname
   Rate heterogeneity: GAMMA (4 cats, mean),  alpha: 0.416497 (ML),  weights&rates: (0.250000,0.019165) (0.250000,0.193968) (0.250000,0.748532) (0.250000,3.038335) 
   Base frequencies (ML): 0.263004 0.265039 0.302839 0.169118 
   Substitution rates (ML): 0.990733 4.158573 1.736066 0.512577 9.223331 1.000000 

Final LogLikelihood: -9667.773567

All ML trees saved to: /mnt/lustre/scratch/home/uvi/be/avs/cancer_genes_selection/genes/EWSR1/tree/EWSR1_trimmed.raxml.mlTrees
Best ML tree saved to: /mnt/lustre/scratch/home/uvi/be/avs/cancer_genes_selection/genes/EWSR1/tree/EWSR1_trimmed.raxml.bestTree
Best ML tree with bootstrap support values saved to: /mnt/lustre/scratch/home/uvi/be/avs/cancer_genes_selection/genes/EWSR1/tree/EWSR1_trimmed.raxml.support
Optimized model saved to: /mnt/lustre/scratch/home/uvi/be/avs/cancer_genes_selection/genes/EWSR1/tree/EWSR1_trimmed.raxml.bestModel
Bootstrap trees saved to: /mnt/lustre/scratch/home/uvi/be/avs/cancer_genes_selection/genes/EWSR1/tree/EWSR1_trimmed.raxml.bootstraps

Execution log saved to: /mnt/lustre/scratch/home/uvi/be/avs/cancer_genes_selection/genes/EWSR1/tree/EWSR1_trimmed.raxml.log

Analysis started: 26-Mar-2018 21:18:15 / finished: 26-Mar-2018 21:31:31

Elapsed time: 795.753 seconds

