
RAxML-NG v. 0.5.1b BETA released on 01.12.2017 by The Exelixis Lab.
Authors: Alexey Kozlov, Alexandros Stamatakis, Diego Darriba, Tomas Flouri, Benoit Morel.
Latest version: https://github.com/amkozlov/raxml-ng
Questions/problems/suggestions? Please visit: https://groups.google.com/forum/#!forum/raxml

WARNING: This is a BETA release, please use at your own risk!

RAxML-NG was called as follows:

raxml-ng-mpi --all --msa /mnt/lustre/scratch/home/uvi/be/avs/cancer_genes_selection/genes/EPAS1/align/EPAS1_align_DNA_trimmed2.fasta --model GTR+G -tree pars{10} --bs-trees 100 --prefix /mnt/lustre/scratch/home/uvi/be/avs/cancer_genes_selection/genes/EPAS1/tree/EPAS1_trimmed --redo

Analysis options:
  run mode: ML tree search + bootstrapping
  start tree(s): parsimony (10)
  random seed: 1522090943
  tip-inner: ON
  pattern compression: ON
  per-rate scalers: OFF
  site repeats: OFF
  branch lengths: ML estimate (linked)
  SIMD kernels: AVX2
  parallelization: NONE/sequential

WARNING: Running in REDO mode: existing checkpoints are ignored, and all result files will be overwritten!

[00:00:00] Reading alignment from file: /mnt/lustre/scratch/home/uvi/be/avs/cancer_genes_selection/genes/EPAS1/align/EPAS1_align_DNA_trimmed2.fasta
[00:00:01] Loaded alignment with 27 taxa and 2610 sites

Alignment comprises 1 partitions and 1333 patterns

Partition 0: noname
Model: GTR+FO+G4m
Alignment sites / patterns: 2610 / 1333
Gaps: 3.91 %
Invariant sites: 47.89 %


[00:00:01] Generating parsimony starting tree(s) with 27 taxa
[00:00:01] Data distribution: partitions/thread: 1-1, patterns/thread: 1333-1333

Starting ML tree search with 10 distinct starting trees

[00:00:13] ML tree search #1, logLikelihood: -21292.710036
[00:00:24] ML tree search #2, logLikelihood: -21292.710559
[00:00:36] ML tree search #3, logLikelihood: -21293.247735
[00:00:47] ML tree search #4, logLikelihood: -21292.710387
[00:00:59] ML tree search #5, logLikelihood: -21293.247522
[00:01:12] ML tree search #6, logLikelihood: -21292.709304
[00:01:24] ML tree search #7, logLikelihood: -21293.246320
[00:01:35] ML tree search #8, logLikelihood: -21293.248582
[00:01:48] ML tree search #9, logLikelihood: -21292.710203
[00:02:00] ML tree search #10, logLikelihood: -21293.247309

[00:02:01] ML tree search completed, best tree logLH: -21292.709304

[00:02:01] Starting bootstrapping analysis with 100 replicates.

[00:02:11] Bootstrap tree #1, logLikelihood: -20959.486310
[00:02:22] Bootstrap tree #2, logLikelihood: -22064.007719
[00:02:34] Bootstrap tree #3, logLikelihood: -21940.630247
[00:02:46] Bootstrap tree #4, logLikelihood: -21323.114121
[00:02:57] Bootstrap tree #5, logLikelihood: -21379.687701
[00:03:08] Bootstrap tree #6, logLikelihood: -21047.300086
[00:03:20] Bootstrap tree #7, logLikelihood: -21008.232503
[00:03:33] Bootstrap tree #8, logLikelihood: -20699.762703
[00:03:45] Bootstrap tree #9, logLikelihood: -21508.407255
[00:03:56] Bootstrap tree #10, logLikelihood: -21058.960516
[00:04:10] Bootstrap tree #11, logLikelihood: -20690.376088
[00:04:21] Bootstrap tree #12, logLikelihood: -21304.762782
[00:04:32] Bootstrap tree #13, logLikelihood: -21814.246834
[00:04:43] Bootstrap tree #14, logLikelihood: -21458.150480
[00:04:55] Bootstrap tree #15, logLikelihood: -20991.822928
[00:05:07] Bootstrap tree #16, logLikelihood: -21276.237148
[00:05:21] Bootstrap tree #17, logLikelihood: -21132.615943
[00:05:34] Bootstrap tree #18, logLikelihood: -21460.581963
[00:05:48] Bootstrap tree #19, logLikelihood: -21524.233044
[00:05:58] Bootstrap tree #20, logLikelihood: -21173.497635
[00:06:10] Bootstrap tree #21, logLikelihood: -21094.143564
[00:06:22] Bootstrap tree #22, logLikelihood: -21256.385921
[00:06:35] Bootstrap tree #23, logLikelihood: -21066.656697
[00:06:47] Bootstrap tree #24, logLikelihood: -21387.456134
[00:06:59] Bootstrap tree #25, logLikelihood: -21228.713117
[00:07:11] Bootstrap tree #26, logLikelihood: -21201.020318
[00:07:25] Bootstrap tree #27, logLikelihood: -21649.104408
[00:07:37] Bootstrap tree #28, logLikelihood: -21219.508830
[00:07:49] Bootstrap tree #29, logLikelihood: -20472.290161
[00:07:59] Bootstrap tree #30, logLikelihood: -21036.480716
[00:08:11] Bootstrap tree #31, logLikelihood: -21828.987411
[00:08:23] Bootstrap tree #32, logLikelihood: -21397.371921
[00:08:35] Bootstrap tree #33, logLikelihood: -20896.832000
[00:08:49] Bootstrap tree #34, logLikelihood: -21800.257307
[00:09:00] Bootstrap tree #35, logLikelihood: -21367.188805
[00:09:13] Bootstrap tree #36, logLikelihood: -20781.950308
[00:09:25] Bootstrap tree #37, logLikelihood: -22218.666283
[00:09:40] Bootstrap tree #38, logLikelihood: -21745.238429
[00:09:51] Bootstrap tree #39, logLikelihood: -22051.638210
[00:10:02] Bootstrap tree #40, logLikelihood: -21354.032788
[00:10:14] Bootstrap tree #41, logLikelihood: -20922.854534
[00:10:27] Bootstrap tree #42, logLikelihood: -21130.550387
[00:10:38] Bootstrap tree #43, logLikelihood: -21362.739944
[00:10:51] Bootstrap tree #44, logLikelihood: -21389.086230
[00:11:03] Bootstrap tree #45, logLikelihood: -20961.265754
[00:11:16] Bootstrap tree #46, logLikelihood: -20919.472911
[00:11:28] Bootstrap tree #47, logLikelihood: -21992.547203
[00:11:41] Bootstrap tree #48, logLikelihood: -20898.411472
[00:11:54] Bootstrap tree #49, logLikelihood: -21075.164890
[00:12:06] Bootstrap tree #50, logLikelihood: -20846.416977
[00:12:18] Bootstrap tree #51, logLikelihood: -21142.100480
[00:12:31] Bootstrap tree #52, logLikelihood: -21103.009385
[00:12:43] Bootstrap tree #53, logLikelihood: -20986.886376
[00:12:57] Bootstrap tree #54, logLikelihood: -21310.559166
[00:13:08] Bootstrap tree #55, logLikelihood: -21396.921836
[00:13:20] Bootstrap tree #56, logLikelihood: -21247.374747
[00:13:33] Bootstrap tree #57, logLikelihood: -21210.939129
[00:13:47] Bootstrap tree #58, logLikelihood: -21005.592540
[00:13:58] Bootstrap tree #59, logLikelihood: -21097.291671
[00:14:10] Bootstrap tree #60, logLikelihood: -21580.936812
[00:14:24] Bootstrap tree #61, logLikelihood: -21585.787410
[00:14:36] Bootstrap tree #62, logLikelihood: -20683.333223
[00:14:52] Bootstrap tree #63, logLikelihood: -21048.404204
[00:15:05] Bootstrap tree #64, logLikelihood: -20629.164898
[00:15:16] Bootstrap tree #65, logLikelihood: -20595.747239
[00:15:28] Bootstrap tree #66, logLikelihood: -21554.534626
[00:15:40] Bootstrap tree #67, logLikelihood: -20899.179452
[00:15:54] Bootstrap tree #68, logLikelihood: -21042.885314
[00:16:06] Bootstrap tree #69, logLikelihood: -21530.895460
[00:16:24] Bootstrap tree #70, logLikelihood: -20544.610399
[00:16:38] Bootstrap tree #71, logLikelihood: -20758.795914
[00:16:52] Bootstrap tree #72, logLikelihood: -20876.273736
[00:17:06] Bootstrap tree #73, logLikelihood: -20898.323637
[00:17:21] Bootstrap tree #74, logLikelihood: -21023.443011
[00:17:34] Bootstrap tree #75, logLikelihood: -21008.253243
[00:17:48] Bootstrap tree #76, logLikelihood: -21181.523578
[00:18:03] Bootstrap tree #77, logLikelihood: -21372.084393
[00:18:15] Bootstrap tree #78, logLikelihood: -20977.786307
[00:18:30] Bootstrap tree #79, logLikelihood: -21350.594282
[00:18:46] Bootstrap tree #80, logLikelihood: -21609.314787
[00:18:58] Bootstrap tree #81, logLikelihood: -21310.237695
[00:19:13] Bootstrap tree #82, logLikelihood: -21330.468050
[00:19:26] Bootstrap tree #83, logLikelihood: -21090.494068
[00:19:39] Bootstrap tree #84, logLikelihood: -21338.403049
[00:19:52] Bootstrap tree #85, logLikelihood: -21331.045876
[00:20:08] Bootstrap tree #86, logLikelihood: -21122.257475
[00:20:23] Bootstrap tree #87, logLikelihood: -21223.451251
[00:20:38] Bootstrap tree #88, logLikelihood: -21820.753571
[00:20:51] Bootstrap tree #89, logLikelihood: -21144.883395
[00:21:04] Bootstrap tree #90, logLikelihood: -21216.989713
[00:21:17] Bootstrap tree #91, logLikelihood: -20965.337239
[00:21:31] Bootstrap tree #92, logLikelihood: -22116.687799
[00:21:44] Bootstrap tree #93, logLikelihood: -21534.722640
[00:21:58] Bootstrap tree #94, logLikelihood: -20867.957422
[00:22:13] Bootstrap tree #95, logLikelihood: -20992.446837
[00:22:24] Bootstrap tree #96, logLikelihood: -20955.572457
[00:22:41] Bootstrap tree #97, logLikelihood: -21455.153370
[00:22:54] Bootstrap tree #98, logLikelihood: -21379.735352
[00:23:10] Bootstrap tree #99, logLikelihood: -21334.421672
[00:23:25] Bootstrap tree #100, logLikelihood: -21449.312087

Optimized model parameters:

   Partition 0: noname
   Rate heterogeneity: GAMMA (4 cats, mean),  alpha: 0.394537 (ML),  weights&rates: (0.250000,0.015934) (0.250000,0.177663) (0.250000,0.725300) (0.250000,3.081102) 
   Base frequencies (ML): 0.226244 0.306972 0.280972 0.185811 
   Substitution rates (ML): 1.346254 5.112498 0.982204 0.849351 6.398014 1.000000 

Final LogLikelihood: -21292.709304

All ML trees saved to: /mnt/lustre/scratch/home/uvi/be/avs/cancer_genes_selection/genes/EPAS1/tree/EPAS1_trimmed.raxml.mlTrees
Best ML tree saved to: /mnt/lustre/scratch/home/uvi/be/avs/cancer_genes_selection/genes/EPAS1/tree/EPAS1_trimmed.raxml.bestTree
Best ML tree with bootstrap support values saved to: /mnt/lustre/scratch/home/uvi/be/avs/cancer_genes_selection/genes/EPAS1/tree/EPAS1_trimmed.raxml.support
Optimized model saved to: /mnt/lustre/scratch/home/uvi/be/avs/cancer_genes_selection/genes/EPAS1/tree/EPAS1_trimmed.raxml.bestModel
Bootstrap trees saved to: /mnt/lustre/scratch/home/uvi/be/avs/cancer_genes_selection/genes/EPAS1/tree/EPAS1_trimmed.raxml.bootstraps

Execution log saved to: /mnt/lustre/scratch/home/uvi/be/avs/cancer_genes_selection/genes/EPAS1/tree/EPAS1_trimmed.raxml.log

Analysis started: 26-Mar-2018 21:02:22 / finished: 26-Mar-2018 21:25:51

Elapsed time: 1408.857 seconds

