
RAxML-NG v. 0.5.1b BETA released on 01.12.2017 by The Exelixis Lab.
Authors: Alexey Kozlov, Alexandros Stamatakis, Diego Darriba, Tomas Flouri, Benoit Morel.
Latest version: https://github.com/amkozlov/raxml-ng
Questions/problems/suggestions? Please visit: https://groups.google.com/forum/#!forum/raxml

WARNING: This is a BETA release, please use at your own risk!

RAxML-NG was called as follows:

raxml-ng-mpi --all --msa /mnt/lustre/scratch/home/uvi/be/avs/cancer_genes_selection/genes/EPAS1/align/EPAS1_align_DNA_trimmed.fasta --model GTR+G -tree pars{10} --bs-trees 100 --prefix /mnt/lustre/scratch/home/uvi/be/avs/cancer_genes_selection/genes/EPAS1/tree/EPAS1 --redo

Analysis options:
  run mode: ML tree search + bootstrapping
  start tree(s): parsimony (10)
  random seed: 1521654446
  tip-inner: ON
  pattern compression: ON
  per-rate scalers: OFF
  site repeats: OFF
  branch lengths: ML estimate (linked)
  SIMD kernels: AVX2
  parallelization: NONE/sequential

WARNING: Running in REDO mode: existing checkpoints are ignored, and all result files will be overwritten!

[00:00:00] Reading alignment from file: /mnt/lustre/scratch/home/uvi/be/avs/cancer_genes_selection/genes/EPAS1/align/EPAS1_align_DNA_trimmed.fasta
[00:00:00] Loaded alignment with 29 taxa and 2610 sites

Alignment comprises 1 partitions and 1457 patterns

Partition 0: noname
Model: GTR+FO+G4m
Alignment sites / patterns: 2610 / 1457
Gaps: 5.87 %
Invariant sites: 44.71 %


[00:00:00] Generating parsimony starting tree(s) with 29 taxa
[00:00:01] Data distribution: partitions/thread: 1-1, patterns/thread: 1457-1457

Starting ML tree search with 10 distinct starting trees

[00:00:13] ML tree search #1, logLikelihood: -23264.698998
[00:00:26] ML tree search #2, logLikelihood: -23264.702134
[00:00:38] ML tree search #3, logLikelihood: -23264.698179
[00:00:49] ML tree search #4, logLikelihood: -23264.700054
[00:01:00] ML tree search #5, logLikelihood: -23264.696903
[00:01:13] ML tree search #6, logLikelihood: -23264.699191
[00:01:24] ML tree search #7, logLikelihood: -23264.697920
[00:01:38] ML tree search #8, logLikelihood: -23264.700876
[00:01:50] ML tree search #9, logLikelihood: -23264.699358
[00:02:01] ML tree search #10, logLikelihood: -23264.008501

[00:02:01] ML tree search completed, best tree logLH: -23264.008501

[00:02:01] Starting bootstrapping analysis with 100 replicates.

[00:02:13] Bootstrap tree #1, logLikelihood: -23467.473070
[00:02:26] Bootstrap tree #2, logLikelihood: -23197.650950
[00:02:37] Bootstrap tree #3, logLikelihood: -23240.360622
[00:02:49] Bootstrap tree #4, logLikelihood: -23070.635400
[00:03:01] Bootstrap tree #5, logLikelihood: -23090.956316
[00:03:11] Bootstrap tree #6, logLikelihood: -22848.941544
[00:03:24] Bootstrap tree #7, logLikelihood: -22631.361444
[00:03:39] Bootstrap tree #8, logLikelihood: -22830.563365
[00:03:49] Bootstrap tree #9, logLikelihood: -23051.240085
[00:04:02] Bootstrap tree #10, logLikelihood: -23351.492563
[00:04:13] Bootstrap tree #11, logLikelihood: -22387.751843
[00:04:24] Bootstrap tree #12, logLikelihood: -23501.796692
[00:04:35] Bootstrap tree #13, logLikelihood: -24436.678457
[00:04:47] Bootstrap tree #14, logLikelihood: -23420.615010
[00:04:59] Bootstrap tree #15, logLikelihood: -22572.349137
[00:05:15] Bootstrap tree #16, logLikelihood: -23787.561343
[00:05:36] Bootstrap tree #17, logLikelihood: -22759.414357
[00:05:49] Bootstrap tree #18, logLikelihood: -23200.715962
[00:06:00] Bootstrap tree #19, logLikelihood: -23683.641090
[00:06:12] Bootstrap tree #20, logLikelihood: -23916.662082
[00:06:24] Bootstrap tree #21, logLikelihood: -23487.550391
[00:06:36] Bootstrap tree #22, logLikelihood: -23006.829730
[00:06:48] Bootstrap tree #23, logLikelihood: -23853.889225
[00:06:59] Bootstrap tree #24, logLikelihood: -23296.662476
[00:07:11] Bootstrap tree #25, logLikelihood: -23727.269377
[00:07:25] Bootstrap tree #26, logLikelihood: -23230.722116
[00:07:36] Bootstrap tree #27, logLikelihood: -23494.088997
[00:07:48] Bootstrap tree #28, logLikelihood: -23968.171753
[00:07:59] Bootstrap tree #29, logLikelihood: -22807.592942
[00:08:11] Bootstrap tree #30, logLikelihood: -23218.345678
[00:08:22] Bootstrap tree #31, logLikelihood: -22889.800085
[00:08:38] Bootstrap tree #32, logLikelihood: -23119.686596
[00:08:49] Bootstrap tree #33, logLikelihood: -22993.305359
[00:09:03] Bootstrap tree #34, logLikelihood: -22803.901883
[00:09:13] Bootstrap tree #35, logLikelihood: -22847.899989
[00:09:26] Bootstrap tree #36, logLikelihood: -22960.405885
[00:09:40] Bootstrap tree #37, logLikelihood: -23335.408591
[00:09:53] Bootstrap tree #38, logLikelihood: -22870.378928
[00:10:04] Bootstrap tree #39, logLikelihood: -23475.627581
[00:10:17] Bootstrap tree #40, logLikelihood: -23818.083076
[00:10:29] Bootstrap tree #41, logLikelihood: -23014.231378
[00:10:45] Bootstrap tree #42, logLikelihood: -22807.244826
[00:10:56] Bootstrap tree #43, logLikelihood: -23779.802079
[00:11:06] Bootstrap tree #44, logLikelihood: -23811.093975
[00:11:18] Bootstrap tree #45, logLikelihood: -23644.234627
[00:11:31] Bootstrap tree #46, logLikelihood: -22776.422572
[00:11:44] Bootstrap tree #47, logLikelihood: -23789.508804
[00:11:57] Bootstrap tree #48, logLikelihood: -23227.247370
[00:12:12] Bootstrap tree #49, logLikelihood: -23986.115371
[00:12:24] Bootstrap tree #50, logLikelihood: -22896.499486
[00:12:41] Bootstrap tree #51, logLikelihood: -23287.203751
[00:12:57] Bootstrap tree #52, logLikelihood: -22425.635390
[00:13:09] Bootstrap tree #53, logLikelihood: -23014.463618
[00:13:23] Bootstrap tree #54, logLikelihood: -23909.905910
[00:13:35] Bootstrap tree #55, logLikelihood: -23631.319017
[00:13:48] Bootstrap tree #56, logLikelihood: -23741.727981
[00:14:03] Bootstrap tree #57, logLikelihood: -23348.488560
[00:14:18] Bootstrap tree #58, logLikelihood: -22677.549268
[00:14:33] Bootstrap tree #59, logLikelihood: -23696.094679
[00:14:44] Bootstrap tree #60, logLikelihood: -23221.069401
[00:14:59] Bootstrap tree #61, logLikelihood: -23104.920630
[00:15:16] Bootstrap tree #62, logLikelihood: -22881.402989
[00:15:26] Bootstrap tree #63, logLikelihood: -23119.361750
[00:15:39] Bootstrap tree #64, logLikelihood: -23301.040458
[00:15:52] Bootstrap tree #65, logLikelihood: -23724.738390
[00:16:04] Bootstrap tree #66, logLikelihood: -23160.396195
[00:16:18] Bootstrap tree #67, logLikelihood: -22831.780951
[00:16:32] Bootstrap tree #68, logLikelihood: -22722.065029
[00:16:45] Bootstrap tree #69, logLikelihood: -23604.910804
[00:16:58] Bootstrap tree #70, logLikelihood: -23279.318200
[00:17:14] Bootstrap tree #71, logLikelihood: -23423.651023
[00:17:29] Bootstrap tree #72, logLikelihood: -22902.720746
[00:17:45] Bootstrap tree #73, logLikelihood: -23327.486390
[00:18:03] Bootstrap tree #74, logLikelihood: -23389.048159
[00:18:14] Bootstrap tree #75, logLikelihood: -23187.636372
[00:18:26] Bootstrap tree #76, logLikelihood: -23619.459921
[00:18:38] Bootstrap tree #77, logLikelihood: -22737.440017
[00:18:52] Bootstrap tree #78, logLikelihood: -23847.847186
[00:19:05] Bootstrap tree #79, logLikelihood: -22940.070494
[00:19:17] Bootstrap tree #80, logLikelihood: -23060.432255
[00:19:29] Bootstrap tree #81, logLikelihood: -23343.698792
[00:19:44] Bootstrap tree #82, logLikelihood: -23737.743503
[00:20:01] Bootstrap tree #83, logLikelihood: -22472.733607
[00:20:12] Bootstrap tree #84, logLikelihood: -23493.380051
[00:20:26] Bootstrap tree #85, logLikelihood: -23629.789614
[00:20:37] Bootstrap tree #86, logLikelihood: -23913.049734
[00:20:52] Bootstrap tree #87, logLikelihood: -23475.818743
[00:21:04] Bootstrap tree #88, logLikelihood: -23910.507839
[00:21:17] Bootstrap tree #89, logLikelihood: -22909.926954
[00:21:32] Bootstrap tree #90, logLikelihood: -22840.205175
[00:21:45] Bootstrap tree #91, logLikelihood: -23292.569497
[00:21:58] Bootstrap tree #92, logLikelihood: -23917.561514
[00:22:12] Bootstrap tree #93, logLikelihood: -23258.555653
[00:22:28] Bootstrap tree #94, logLikelihood: -23119.523846
[00:22:40] Bootstrap tree #95, logLikelihood: -24094.239597
[00:22:52] Bootstrap tree #96, logLikelihood: -23502.128548
[00:23:07] Bootstrap tree #97, logLikelihood: -23693.839958
[00:23:23] Bootstrap tree #98, logLikelihood: -23113.780235
[00:23:36] Bootstrap tree #99, logLikelihood: -22497.545696
[00:23:49] Bootstrap tree #100, logLikelihood: -23970.742338

Optimized model parameters:

   Partition 0: noname
   Rate heterogeneity: GAMMA (4 cats, mean),  alpha: 0.427407 (ML),  weights&rates: (0.250000,0.020859) (0.250000,0.201916) (0.250000,0.759313) (0.250000,3.017912) 
   Base frequencies (ML): 0.213721 0.310346 0.289560 0.186373 
   Substitution rates (ML): 1.732402 6.452872 1.346700 1.208006 8.128892 1.000000 

Final LogLikelihood: -23264.008501

All ML trees saved to: /mnt/lustre/scratch/home/uvi/be/avs/cancer_genes_selection/genes/EPAS1/tree/EPAS1.raxml.mlTrees
Best ML tree saved to: /mnt/lustre/scratch/home/uvi/be/avs/cancer_genes_selection/genes/EPAS1/tree/EPAS1.raxml.bestTree
Best ML tree with bootstrap support values saved to: /mnt/lustre/scratch/home/uvi/be/avs/cancer_genes_selection/genes/EPAS1/tree/EPAS1.raxml.support
Optimized model saved to: /mnt/lustre/scratch/home/uvi/be/avs/cancer_genes_selection/genes/EPAS1/tree/EPAS1.raxml.bestModel
Bootstrap trees saved to: /mnt/lustre/scratch/home/uvi/be/avs/cancer_genes_selection/genes/EPAS1/tree/EPAS1.raxml.bootstraps

Execution log saved to: /mnt/lustre/scratch/home/uvi/be/avs/cancer_genes_selection/genes/EPAS1/tree/EPAS1.raxml.log

Analysis started: 21-Mar-2018 18:47:26 / finished: 21-Mar-2018 19:11:19

Elapsed time: 1433.504 seconds

