
RAxML-NG v. 0.5.1b BETA released on 01.12.2017 by The Exelixis Lab.
Authors: Alexey Kozlov, Alexandros Stamatakis, Diego Darriba, Tomas Flouri, Benoit Morel.
Latest version: https://github.com/amkozlov/raxml-ng
Questions/problems/suggestions? Please visit: https://groups.google.com/forum/#!forum/raxml

WARNING: This is a BETA release, please use at your own risk!

RAxML-NG was called as follows:

raxml-ng-mpi --all --msa /mnt/lustre/scratch/home/uvi/be/avs/cancer_genes_selection/genes/AXIN1/align/AXIN1_align_DNA_trimmed2.fasta --model GTR+G -tree pars{10} --bs-trees 100 --prefix /mnt/lustre/scratch/home/uvi/be/avs/cancer_genes_selection/genes/AXIN1/tree/AXIN1_trimmed --redo

Analysis options:
  run mode: ML tree search + bootstrapping
  start tree(s): parsimony (10)
  random seed: 1522085311
  tip-inner: ON
  pattern compression: ON
  per-rate scalers: OFF
  site repeats: OFF
  branch lengths: ML estimate (linked)
  SIMD kernels: AVX2
  parallelization: NONE/sequential

WARNING: Running in REDO mode: existing checkpoints are ignored, and all result files will be overwritten!

[00:00:00] Reading alignment from file: /mnt/lustre/scratch/home/uvi/be/avs/cancer_genes_selection/genes/AXIN1/align/AXIN1_align_DNA_trimmed2.fasta
[00:00:00] Loaded alignment with 23 taxa and 2604 sites

Alignment comprises 1 partitions and 1188 patterns

Partition 0: noname
Model: GTR+FO+G4m
Alignment sites / patterns: 2604 / 1188
Gaps: 3.04 %
Invariant sites: 47.04 %


[00:00:01] Generating parsimony starting tree(s) with 23 taxa
[00:00:01] Data distribution: partitions/thread: 1-1, patterns/thread: 1188-1188

Starting ML tree search with 10 distinct starting trees

[00:00:09] ML tree search #1, logLikelihood: -20505.740761
[00:00:18] ML tree search #2, logLikelihood: -20505.740330
[00:00:28] ML tree search #3, logLikelihood: -20505.743133
[00:00:38] ML tree search #4, logLikelihood: -20505.739490
[00:00:47] ML tree search #5, logLikelihood: -20505.740121
[00:00:56] ML tree search #6, logLikelihood: -20505.739079
[00:01:06] ML tree search #7, logLikelihood: -20505.739793
[00:01:14] ML tree search #8, logLikelihood: -20505.740318
[00:01:25] ML tree search #9, logLikelihood: -20505.742153
[00:01:35] ML tree search #10, logLikelihood: -20505.748336

[00:01:35] ML tree search completed, best tree logLH: -20505.739079

[00:01:35] Starting bootstrapping analysis with 100 replicates.

[00:01:43] Bootstrap tree #1, logLikelihood: -20396.115526
[00:01:52] Bootstrap tree #2, logLikelihood: -20693.286100
[00:02:00] Bootstrap tree #3, logLikelihood: -20999.623001
[00:02:07] Bootstrap tree #4, logLikelihood: -20900.862520
[00:02:15] Bootstrap tree #5, logLikelihood: -20982.391214
[00:02:23] Bootstrap tree #6, logLikelihood: -20417.103697
[00:02:31] Bootstrap tree #7, logLikelihood: -20125.085639
[00:02:40] Bootstrap tree #8, logLikelihood: -20334.099272
[00:02:48] Bootstrap tree #9, logLikelihood: -20598.320907
[00:02:57] Bootstrap tree #10, logLikelihood: -20786.612701
[00:03:08] Bootstrap tree #11, logLikelihood: -20559.970896
[00:03:16] Bootstrap tree #12, logLikelihood: -20230.221791
[00:03:25] Bootstrap tree #13, logLikelihood: -20416.701876
[00:03:34] Bootstrap tree #14, logLikelihood: -20655.167685
[00:03:43] Bootstrap tree #15, logLikelihood: -20036.354016
[00:03:52] Bootstrap tree #16, logLikelihood: -20516.627704
[00:04:02] Bootstrap tree #17, logLikelihood: -20972.608593
[00:04:09] Bootstrap tree #18, logLikelihood: -20721.422866
[00:04:18] Bootstrap tree #19, logLikelihood: -20784.443442
[00:04:28] Bootstrap tree #20, logLikelihood: -20224.722141
[00:04:37] Bootstrap tree #21, logLikelihood: -20651.912524
[00:04:45] Bootstrap tree #22, logLikelihood: -20418.929233
[00:04:55] Bootstrap tree #23, logLikelihood: -20884.347820
[00:05:04] Bootstrap tree #24, logLikelihood: -21291.294286
[00:05:15] Bootstrap tree #25, logLikelihood: -20243.383596
[00:05:25] Bootstrap tree #26, logLikelihood: -20380.584889
[00:05:33] Bootstrap tree #27, logLikelihood: -20123.798496
[00:05:41] Bootstrap tree #28, logLikelihood: -20106.052386
[00:05:50] Bootstrap tree #29, logLikelihood: -20719.031768
[00:05:59] Bootstrap tree #30, logLikelihood: -20632.588752
[00:06:08] Bootstrap tree #31, logLikelihood: -20385.197368
[00:06:17] Bootstrap tree #32, logLikelihood: -20781.116386
[00:06:26] Bootstrap tree #33, logLikelihood: -20675.818579
[00:06:35] Bootstrap tree #34, logLikelihood: -20798.045712
[00:06:44] Bootstrap tree #35, logLikelihood: -20614.746213
[00:06:54] Bootstrap tree #36, logLikelihood: -21242.054156
[00:07:02] Bootstrap tree #37, logLikelihood: -19996.259537
[00:07:11] Bootstrap tree #38, logLikelihood: -20126.057569
[00:07:19] Bootstrap tree #39, logLikelihood: -19991.294453
[00:07:30] Bootstrap tree #40, logLikelihood: -20850.519063
[00:07:39] Bootstrap tree #41, logLikelihood: -20078.978044
[00:07:48] Bootstrap tree #42, logLikelihood: -19584.185810
[00:07:58] Bootstrap tree #43, logLikelihood: -20322.208160
[00:08:07] Bootstrap tree #44, logLikelihood: -20378.079589
[00:08:15] Bootstrap tree #45, logLikelihood: -20236.172551
[00:08:26] Bootstrap tree #46, logLikelihood: -20237.067745
[00:08:37] Bootstrap tree #47, logLikelihood: -20508.534324
[00:08:46] Bootstrap tree #48, logLikelihood: -21193.098978
[00:08:56] Bootstrap tree #49, logLikelihood: -20891.555918
[00:09:05] Bootstrap tree #50, logLikelihood: -20577.462475
[00:09:14] Bootstrap tree #51, logLikelihood: -19975.830525
[00:09:24] Bootstrap tree #52, logLikelihood: -20853.405876
[00:09:33] Bootstrap tree #53, logLikelihood: -20594.046754
[00:09:44] Bootstrap tree #54, logLikelihood: -19866.840598
[00:09:53] Bootstrap tree #55, logLikelihood: -20453.585885
[00:10:02] Bootstrap tree #56, logLikelihood: -20620.212270
[00:10:14] Bootstrap tree #57, logLikelihood: -20367.371351
[00:10:23] Bootstrap tree #58, logLikelihood: -20586.328663
[00:10:34] Bootstrap tree #59, logLikelihood: -20442.074453
[00:10:46] Bootstrap tree #60, logLikelihood: -20151.922182
[00:10:55] Bootstrap tree #61, logLikelihood: -20432.719332
[00:11:04] Bootstrap tree #62, logLikelihood: -20691.370355
[00:11:14] Bootstrap tree #63, logLikelihood: -19466.946231
[00:11:23] Bootstrap tree #64, logLikelihood: -20474.641814
[00:11:34] Bootstrap tree #65, logLikelihood: -20742.787426
[00:11:44] Bootstrap tree #66, logLikelihood: -20607.239436
[00:11:54] Bootstrap tree #67, logLikelihood: -20419.603569
[00:12:04] Bootstrap tree #68, logLikelihood: -20367.928633
[00:12:15] Bootstrap tree #69, logLikelihood: -20579.572489
[00:12:24] Bootstrap tree #70, logLikelihood: -19971.915662
[00:12:38] Bootstrap tree #71, logLikelihood: -20874.662039
[00:12:48] Bootstrap tree #72, logLikelihood: -20159.123198
[00:12:58] Bootstrap tree #73, logLikelihood: -20701.016511
[00:13:08] Bootstrap tree #74, logLikelihood: -20695.399915
[00:13:18] Bootstrap tree #75, logLikelihood: -20492.295383
[00:13:27] Bootstrap tree #76, logLikelihood: -20601.066601
[00:13:38] Bootstrap tree #77, logLikelihood: -20543.665303
[00:13:48] Bootstrap tree #78, logLikelihood: -20524.780569
[00:13:59] Bootstrap tree #79, logLikelihood: -20110.579693
[00:14:10] Bootstrap tree #80, logLikelihood: -20627.721252
[00:14:21] Bootstrap tree #81, logLikelihood: -20588.662413
[00:14:30] Bootstrap tree #82, logLikelihood: -20353.346777
[00:14:41] Bootstrap tree #83, logLikelihood: -19733.056382
[00:14:50] Bootstrap tree #84, logLikelihood: -20556.908936
[00:15:01] Bootstrap tree #85, logLikelihood: -20253.530846
[00:15:12] Bootstrap tree #86, logLikelihood: -20728.309837
[00:15:22] Bootstrap tree #87, logLikelihood: -19878.938177
[00:15:33] Bootstrap tree #88, logLikelihood: -20260.635628
[00:15:43] Bootstrap tree #89, logLikelihood: -20376.954194
[00:15:52] Bootstrap tree #90, logLikelihood: -20875.971239
[00:16:05] Bootstrap tree #91, logLikelihood: -20320.143900
[00:16:18] Bootstrap tree #92, logLikelihood: -20181.616608
[00:16:30] Bootstrap tree #93, logLikelihood: -20127.149135
[00:16:42] Bootstrap tree #94, logLikelihood: -20728.501708
[00:16:51] Bootstrap tree #95, logLikelihood: -20769.125685
[00:17:00] Bootstrap tree #96, logLikelihood: -20039.917688
[00:17:10] Bootstrap tree #97, logLikelihood: -19944.499878
[00:17:21] Bootstrap tree #98, logLikelihood: -20514.805687
[00:17:32] Bootstrap tree #99, logLikelihood: -20128.827972
[00:17:43] Bootstrap tree #100, logLikelihood: -20437.367106

Optimized model parameters:

   Partition 0: noname
   Rate heterogeneity: GAMMA (4 cats, mean),  alpha: 0.405601 (ML),  weights&rates: (0.250000,0.017531) (0.250000,0.185928) (0.250000,0.737271) (0.250000,3.059271) 
   Base frequencies (ML): 0.229225 0.283722 0.302194 0.184860 
   Substitution rates (ML): 1.516140 5.926788 0.733676 1.008437 8.994764 1.000000 

Final LogLikelihood: -20505.739079

All ML trees saved to: /mnt/lustre/scratch/home/uvi/be/avs/cancer_genes_selection/genes/AXIN1/tree/AXIN1_trimmed.raxml.mlTrees
Best ML tree saved to: /mnt/lustre/scratch/home/uvi/be/avs/cancer_genes_selection/genes/AXIN1/tree/AXIN1_trimmed.raxml.bestTree
Best ML tree with bootstrap support values saved to: /mnt/lustre/scratch/home/uvi/be/avs/cancer_genes_selection/genes/AXIN1/tree/AXIN1_trimmed.raxml.support
Optimized model saved to: /mnt/lustre/scratch/home/uvi/be/avs/cancer_genes_selection/genes/AXIN1/tree/AXIN1_trimmed.raxml.bestModel
Bootstrap trees saved to: /mnt/lustre/scratch/home/uvi/be/avs/cancer_genes_selection/genes/AXIN1/tree/AXIN1_trimmed.raxml.bootstraps

Execution log saved to: /mnt/lustre/scratch/home/uvi/be/avs/cancer_genes_selection/genes/AXIN1/tree/AXIN1_trimmed.raxml.log

Analysis started: 26-Mar-2018 19:28:30 / finished: 26-Mar-2018 19:46:17

Elapsed time: 1066.482 seconds

