
RAxML-NG v. 0.5.1b BETA released on 01.12.2017 by The Exelixis Lab.
Authors: Alexey Kozlov, Alexandros Stamatakis, Diego Darriba, Tomas Flouri, Benoit Morel.
Latest version: https://github.com/amkozlov/raxml-ng
Questions/problems/suggestions? Please visit: https://groups.google.com/forum/#!forum/raxml

WARNING: This is a BETA release, please use at your own risk!

RAxML-NG was called as follows:

raxml-ng-mpi --all --msa /mnt/lustre/scratch/home/uvi/be/avs/cancer_genes_selection/genes/CDK12/align/CDK12_align_DNA_trimmed.fasta --model GTR+G -tree pars{10} --bs-trees 100 --prefix /mnt/lustre/scratch/home/uvi/be/avs/cancer_genes_selection/genes/CDK12/tree/CDK12 --redo

Analysis options:
  run mode: ML tree search + bootstrapping
  start tree(s): parsimony (10)
  random seed: 1521649768
  tip-inner: ON
  pattern compression: ON
  per-rate scalers: OFF
  site repeats: OFF
  branch lengths: ML estimate (linked)
  SIMD kernels: AVX2
  parallelization: NONE/sequential

WARNING: Running in REDO mode: existing checkpoints are ignored, and all result files will be overwritten!

[00:00:00] Reading alignment from file: /mnt/lustre/scratch/home/uvi/be/avs/cancer_genes_selection/genes/CDK12/align/CDK12_align_DNA_trimmed.fasta
[00:00:00] Loaded alignment with 26 taxa and 4476 sites

Alignment comprises 1 partitions and 1717 patterns

Partition 0: noname
Model: GTR+FO+G4m
Alignment sites / patterns: 4476 / 1717
Gaps: 5.03 %
Invariant sites: 59.16 %


[00:00:00] Generating parsimony starting tree(s) with 26 taxa
[00:00:01] Data distribution: partitions/thread: 1-1, patterns/thread: 1717-1717

Starting ML tree search with 10 distinct starting trees

[00:00:09] ML tree search #1, logLikelihood: -26145.603416
[00:00:18] ML tree search #2, logLikelihood: -26145.603180
[00:00:26] ML tree search #3, logLikelihood: -26145.602975
[00:00:37] ML tree search #4, logLikelihood: -26145.602908
[00:00:49] ML tree search #5, logLikelihood: -26145.540068
[00:01:00] ML tree search #6, logLikelihood: -26145.536111
[00:01:11] ML tree search #7, logLikelihood: -26145.536288
[00:01:20] ML tree search #8, logLikelihood: -26145.603489
[00:01:29] ML tree search #9, logLikelihood: -26145.603017
[00:01:38] ML tree search #10, logLikelihood: -26145.603135

[00:01:38] ML tree search completed, best tree logLH: -26145.536111

[00:01:38] Starting bootstrapping analysis with 100 replicates.

[00:01:53] Bootstrap tree #1, logLikelihood: -27019.447516
[00:02:03] Bootstrap tree #2, logLikelihood: -26527.618689
[00:02:12] Bootstrap tree #3, logLikelihood: -26387.089561
[00:02:22] Bootstrap tree #4, logLikelihood: -25868.158914
[00:02:33] Bootstrap tree #5, logLikelihood: -26373.776367
[00:02:43] Bootstrap tree #6, logLikelihood: -26228.510677
[00:02:55] Bootstrap tree #7, logLikelihood: -26225.088417
[00:03:06] Bootstrap tree #8, logLikelihood: -26352.876641
[00:03:18] Bootstrap tree #9, logLikelihood: -25870.625110
[00:03:28] Bootstrap tree #10, logLikelihood: -26152.006355
[00:03:39] Bootstrap tree #11, logLikelihood: -26436.512545
[00:03:51] Bootstrap tree #12, logLikelihood: -26379.388638
[00:04:03] Bootstrap tree #13, logLikelihood: -25463.751097
[00:04:19] Bootstrap tree #14, logLikelihood: -26503.911679
[00:04:31] Bootstrap tree #15, logLikelihood: -26006.728380
[00:04:42] Bootstrap tree #16, logLikelihood: -25378.153148
[00:04:54] Bootstrap tree #17, logLikelihood: -25908.090719
[00:05:09] Bootstrap tree #18, logLikelihood: -25924.347023
[00:05:22] Bootstrap tree #19, logLikelihood: -26317.662563
[00:05:33] Bootstrap tree #20, logLikelihood: -25553.642029
[00:05:48] Bootstrap tree #21, logLikelihood: -26017.024053
[00:06:01] Bootstrap tree #22, logLikelihood: -26550.790521
[00:06:11] Bootstrap tree #23, logLikelihood: -26009.813589
[00:06:22] Bootstrap tree #24, logLikelihood: -26098.950146
[00:06:33] Bootstrap tree #25, logLikelihood: -25940.868241
[00:06:42] Bootstrap tree #26, logLikelihood: -26006.918280
[00:06:53] Bootstrap tree #27, logLikelihood: -25944.146336
[00:07:03] Bootstrap tree #28, logLikelihood: -25668.069828
[00:07:16] Bootstrap tree #29, logLikelihood: -25698.865217
[00:07:28] Bootstrap tree #30, logLikelihood: -26354.648312
[00:07:40] Bootstrap tree #31, logLikelihood: -26410.273088
[00:07:52] Bootstrap tree #32, logLikelihood: -26334.368668
[00:08:03] Bootstrap tree #33, logLikelihood: -26015.326640
[00:08:15] Bootstrap tree #34, logLikelihood: -25605.376425
[00:08:25] Bootstrap tree #35, logLikelihood: -25912.167140
[00:08:35] Bootstrap tree #36, logLikelihood: -25974.820384
[00:08:50] Bootstrap tree #37, logLikelihood: -26212.942584
[00:09:04] Bootstrap tree #38, logLikelihood: -25369.250901
[00:09:16] Bootstrap tree #39, logLikelihood: -25721.918799
[00:09:28] Bootstrap tree #40, logLikelihood: -26146.609341
[00:09:39] Bootstrap tree #41, logLikelihood: -25937.840859
[00:09:50] Bootstrap tree #42, logLikelihood: -26396.483208
[00:10:03] Bootstrap tree #43, logLikelihood: -25651.765085
[00:10:14] Bootstrap tree #44, logLikelihood: -26446.123305
[00:10:25] Bootstrap tree #45, logLikelihood: -26053.908181
[00:10:36] Bootstrap tree #46, logLikelihood: -26526.032478
[00:10:49] Bootstrap tree #47, logLikelihood: -26388.753422
[00:11:01] Bootstrap tree #48, logLikelihood: -26491.894884
[00:11:13] Bootstrap tree #49, logLikelihood: -26167.365429
[00:11:23] Bootstrap tree #50, logLikelihood: -26393.419816
[00:11:33] Bootstrap tree #51, logLikelihood: -26020.440706
[00:11:44] Bootstrap tree #52, logLikelihood: -26645.208251
[00:11:57] Bootstrap tree #53, logLikelihood: -26614.438972
[00:12:10] Bootstrap tree #54, logLikelihood: -26822.780625
[00:12:19] Bootstrap tree #55, logLikelihood: -26027.614381
[00:12:29] Bootstrap tree #56, logLikelihood: -26450.176122
[00:12:45] Bootstrap tree #57, logLikelihood: -25612.185767
[00:12:56] Bootstrap tree #58, logLikelihood: -25885.101592
[00:13:08] Bootstrap tree #59, logLikelihood: -26242.746331
[00:13:20] Bootstrap tree #60, logLikelihood: -26298.317922
[00:13:30] Bootstrap tree #61, logLikelihood: -25919.777312
[00:13:43] Bootstrap tree #62, logLikelihood: -25972.337668
[00:13:59] Bootstrap tree #63, logLikelihood: -26738.830838
[00:14:11] Bootstrap tree #64, logLikelihood: -25750.958537
[00:14:22] Bootstrap tree #65, logLikelihood: -25909.820991
[00:14:34] Bootstrap tree #66, logLikelihood: -26394.670173
[00:14:46] Bootstrap tree #67, logLikelihood: -26457.909867
[00:15:00] Bootstrap tree #68, logLikelihood: -26045.394183
[00:15:11] Bootstrap tree #69, logLikelihood: -26010.459218
[00:15:24] Bootstrap tree #70, logLikelihood: -26561.273689
[00:15:39] Bootstrap tree #71, logLikelihood: -26271.777916
[00:15:49] Bootstrap tree #72, logLikelihood: -26330.827213
[00:16:04] Bootstrap tree #73, logLikelihood: -26499.278274
[00:16:17] Bootstrap tree #74, logLikelihood: -26201.424876
[00:16:28] Bootstrap tree #75, logLikelihood: -26066.317006
[00:16:41] Bootstrap tree #76, logLikelihood: -25977.862671
[00:16:54] Bootstrap tree #77, logLikelihood: -26130.628464
[00:17:09] Bootstrap tree #78, logLikelihood: -25656.961248
[00:17:22] Bootstrap tree #79, logLikelihood: -26221.339018
[00:17:35] Bootstrap tree #80, logLikelihood: -26410.996460
[00:17:50] Bootstrap tree #81, logLikelihood: -26301.101077
[00:18:02] Bootstrap tree #82, logLikelihood: -25598.548816
[00:18:16] Bootstrap tree #83, logLikelihood: -26016.998259
[00:18:30] Bootstrap tree #84, logLikelihood: -26089.855492
[00:18:47] Bootstrap tree #85, logLikelihood: -26092.778555
[00:19:00] Bootstrap tree #86, logLikelihood: -26166.109508
[00:19:13] Bootstrap tree #87, logLikelihood: -25926.275393
[00:19:25] Bootstrap tree #88, logLikelihood: -26428.716410
[00:19:39] Bootstrap tree #89, logLikelihood: -26008.134078
[00:19:52] Bootstrap tree #90, logLikelihood: -26522.076584
[00:20:06] Bootstrap tree #91, logLikelihood: -25503.416421
[00:20:18] Bootstrap tree #92, logLikelihood: -25771.847356
[00:20:33] Bootstrap tree #93, logLikelihood: -26286.110197
[00:20:45] Bootstrap tree #94, logLikelihood: -25355.821660
[00:20:58] Bootstrap tree #95, logLikelihood: -25715.663921
[00:21:10] Bootstrap tree #96, logLikelihood: -26204.741947
[00:21:21] Bootstrap tree #97, logLikelihood: -25868.162305
[00:21:34] Bootstrap tree #98, logLikelihood: -26386.320521
[00:21:48] Bootstrap tree #99, logLikelihood: -26094.119344
[00:22:00] Bootstrap tree #100, logLikelihood: -26487.954415

Optimized model parameters:

   Partition 0: noname
   Rate heterogeneity: GAMMA (4 cats, mean),  alpha: 0.384090 (ML),  weights&rates: (0.250000,0.014488) (0.250000,0.169775) (0.250000,0.713474) (0.250000,3.102263) 
   Base frequencies (ML): 0.301122 0.255337 0.235414 0.208127 
   Substitution rates (ML): 0.757527 4.055871 1.026756 0.793026 4.977275 1.000000 

Final LogLikelihood: -26145.536111

All ML trees saved to: /mnt/lustre/scratch/home/uvi/be/avs/cancer_genes_selection/genes/CDK12/tree/CDK12.raxml.mlTrees
Best ML tree saved to: /mnt/lustre/scratch/home/uvi/be/avs/cancer_genes_selection/genes/CDK12/tree/CDK12.raxml.bestTree
Best ML tree with bootstrap support values saved to: /mnt/lustre/scratch/home/uvi/be/avs/cancer_genes_selection/genes/CDK12/tree/CDK12.raxml.support
Optimized model saved to: /mnt/lustre/scratch/home/uvi/be/avs/cancer_genes_selection/genes/CDK12/tree/CDK12.raxml.bestModel
Bootstrap trees saved to: /mnt/lustre/scratch/home/uvi/be/avs/cancer_genes_selection/genes/CDK12/tree/CDK12.raxml.bootstraps

Execution log saved to: /mnt/lustre/scratch/home/uvi/be/avs/cancer_genes_selection/genes/CDK12/tree/CDK12.raxml.log

Analysis started: 21-Mar-2018 17:29:28 / finished: 21-Mar-2018 17:51:30

Elapsed time: 1322.263 seconds

