
RAxML-NG v. 0.5.1b BETA released on 01.12.2017 by The Exelixis Lab.
Authors: Alexey Kozlov, Alexandros Stamatakis, Diego Darriba, Tomas Flouri, Benoit Morel.
Latest version: https://github.com/amkozlov/raxml-ng
Questions/problems/suggestions? Please visit: https://groups.google.com/forum/#!forum/raxml

WARNING: This is a BETA release, please use at your own risk!

RAxML-NG was called as follows:

raxml-ng-mpi --all --msa /mnt/lustre/scratch/home/uvi/be/avs/cancer_genes_selection/genes/SUFU/align/SUFU_align_DNA_trimmed2.fasta --model GTR+G -tree pars{10} --bs-trees 100 --prefix /mnt/lustre/scratch/home/uvi/be/avs/cancer_genes_selection/genes/SUFU/tree/SUFU_trimmed --redo

Analysis options:
  run mode: ML tree search + bootstrapping
  start tree(s): parsimony (10)
  random seed: 1522106191
  tip-inner: ON
  pattern compression: ON
  per-rate scalers: OFF
  site repeats: OFF
  branch lengths: ML estimate (linked)
  SIMD kernels: AVX2
  parallelization: NONE/sequential

WARNING: Running in REDO mode: existing checkpoints are ignored, and all result files will be overwritten!

[00:00:00] Reading alignment from file: /mnt/lustre/scratch/home/uvi/be/avs/cancer_genes_selection/genes/SUFU/align/SUFU_align_DNA_trimmed2.fasta
[00:00:01] Loaded alignment with 18 taxa and 1455 sites

Alignment comprises 1 partitions and 531 patterns

Partition 0: noname
Model: GTR+FO+G4m
Alignment sites / patterns: 1455 / 531
Gaps: 3.55 %
Invariant sites: 58.08 %


[00:00:01] Generating parsimony starting tree(s) with 18 taxa
[00:00:02] Data distribution: partitions/thread: 1-1, patterns/thread: 531-531

Starting ML tree search with 10 distinct starting trees

[00:00:10] ML tree search #1, logLikelihood: -7881.398283
[00:00:18] ML tree search #2, logLikelihood: -7880.468983
[00:00:28] ML tree search #3, logLikelihood: -7880.468504
[00:00:37] ML tree search #4, logLikelihood: -7880.468837
[00:00:47] ML tree search #5, logLikelihood: -7880.468363
[00:00:58] ML tree search #6, logLikelihood: -7880.468353
[00:01:08] ML tree search #7, logLikelihood: -7880.468936
[00:01:17] ML tree search #8, logLikelihood: -7880.468857
[00:01:26] ML tree search #9, logLikelihood: -7880.468425
[00:01:35] ML tree search #10, logLikelihood: -7880.468358

[00:01:36] ML tree search completed, best tree logLH: -7880.468353

[00:01:36] Starting bootstrapping analysis with 100 replicates.

[00:01:47] Bootstrap tree #1, logLikelihood: -8112.258483
[00:01:56] Bootstrap tree #2, logLikelihood: -8029.115266
[00:02:06] Bootstrap tree #3, logLikelihood: -7622.503367
[00:02:14] Bootstrap tree #4, logLikelihood: -7904.400866
[00:02:24] Bootstrap tree #5, logLikelihood: -8115.960834
[00:02:34] Bootstrap tree #6, logLikelihood: -7491.142595
[00:02:46] Bootstrap tree #7, logLikelihood: -7877.722286
[00:02:57] Bootstrap tree #8, logLikelihood: -7631.399433
[00:03:10] Bootstrap tree #9, logLikelihood: -8025.818402
[00:03:21] Bootstrap tree #10, logLikelihood: -7884.267606
[00:03:30] Bootstrap tree #11, logLikelihood: -7769.335851
[00:03:39] Bootstrap tree #12, logLikelihood: -7925.942227
[00:03:46] Bootstrap tree #13, logLikelihood: -7798.211405
[00:03:54] Bootstrap tree #14, logLikelihood: -8011.318116
[00:04:03] Bootstrap tree #15, logLikelihood: -7653.458029
[00:04:11] Bootstrap tree #16, logLikelihood: -7659.230359
[00:04:20] Bootstrap tree #17, logLikelihood: -8253.322015
[00:04:27] Bootstrap tree #18, logLikelihood: -8112.653042
[00:04:36] Bootstrap tree #19, logLikelihood: -7952.959530
[00:04:44] Bootstrap tree #20, logLikelihood: -8045.542797
[00:04:52] Bootstrap tree #21, logLikelihood: -8009.229910
[00:04:59] Bootstrap tree #22, logLikelihood: -8065.271401
[00:05:07] Bootstrap tree #23, logLikelihood: -7917.866392
[00:05:15] Bootstrap tree #24, logLikelihood: -7796.088726
[00:05:25] Bootstrap tree #25, logLikelihood: -7738.324091
[00:05:38] Bootstrap tree #26, logLikelihood: -8081.471815
[00:05:46] Bootstrap tree #27, logLikelihood: -7923.768664
[00:05:53] Bootstrap tree #28, logLikelihood: -7771.995141
[00:06:01] Bootstrap tree #29, logLikelihood: -7571.389919
[00:06:09] Bootstrap tree #30, logLikelihood: -7854.612656
[00:06:16] Bootstrap tree #31, logLikelihood: -7833.728302
[00:06:25] Bootstrap tree #32, logLikelihood: -7711.045620
[00:06:33] Bootstrap tree #33, logLikelihood: -7722.495174
[00:06:43] Bootstrap tree #34, logLikelihood: -7531.259419
[00:06:52] Bootstrap tree #35, logLikelihood: -7602.210243
[00:07:00] Bootstrap tree #36, logLikelihood: -8099.411321
[00:07:09] Bootstrap tree #37, logLikelihood: -7859.388796
[00:07:17] Bootstrap tree #38, logLikelihood: -7909.599986
[00:07:26] Bootstrap tree #39, logLikelihood: -8233.039440
[00:07:36] Bootstrap tree #40, logLikelihood: -7853.446839
[00:07:45] Bootstrap tree #41, logLikelihood: -8084.975743
[00:07:52] Bootstrap tree #42, logLikelihood: -7588.439492
[00:08:00] Bootstrap tree #43, logLikelihood: -7367.192816
[00:08:08] Bootstrap tree #44, logLikelihood: -7590.071534
[00:08:17] Bootstrap tree #45, logLikelihood: -7729.215019
[00:08:26] Bootstrap tree #46, logLikelihood: -7732.805111
[00:08:35] Bootstrap tree #47, logLikelihood: -7687.633438
[00:08:45] Bootstrap tree #48, logLikelihood: -7829.427844
[00:08:54] Bootstrap tree #49, logLikelihood: -7728.368802
[00:09:02] Bootstrap tree #50, logLikelihood: -7799.641608
[00:09:10] Bootstrap tree #51, logLikelihood: -8074.839479
[00:09:17] Bootstrap tree #52, logLikelihood: -7518.301346
[00:09:26] Bootstrap tree #53, logLikelihood: -8087.209296
[00:09:36] Bootstrap tree #54, logLikelihood: -7982.573399
[00:09:44] Bootstrap tree #55, logLikelihood: -7953.429869
[00:09:53] Bootstrap tree #56, logLikelihood: -7905.736485
[00:10:02] Bootstrap tree #57, logLikelihood: -7782.275298
[00:10:11] Bootstrap tree #58, logLikelihood: -8072.315534
[00:10:20] Bootstrap tree #59, logLikelihood: -7888.502499
[00:10:27] Bootstrap tree #60, logLikelihood: -7984.088747
[00:10:35] Bootstrap tree #61, logLikelihood: -7663.027735
[00:10:46] Bootstrap tree #62, logLikelihood: -7948.864185
[00:10:56] Bootstrap tree #63, logLikelihood: -7559.383821
[00:11:04] Bootstrap tree #64, logLikelihood: -7587.057066
[00:11:13] Bootstrap tree #65, logLikelihood: -7698.969019
[00:11:21] Bootstrap tree #66, logLikelihood: -7688.337599
[00:11:28] Bootstrap tree #67, logLikelihood: -8048.206469
[00:11:37] Bootstrap tree #68, logLikelihood: -7825.306283
[00:11:46] Bootstrap tree #69, logLikelihood: -8530.806038
[00:11:55] Bootstrap tree #70, logLikelihood: -7857.733778
[00:12:03] Bootstrap tree #71, logLikelihood: -7749.360413
[00:12:13] Bootstrap tree #72, logLikelihood: -7989.454810
[00:12:22] Bootstrap tree #73, logLikelihood: -7701.574869
[00:12:30] Bootstrap tree #74, logLikelihood: -7766.047286
[00:12:37] Bootstrap tree #75, logLikelihood: -8270.757439
[00:12:46] Bootstrap tree #76, logLikelihood: -7758.557589
[00:12:55] Bootstrap tree #77, logLikelihood: -7716.041840
[00:13:06] Bootstrap tree #78, logLikelihood: -7615.419093
[00:13:14] Bootstrap tree #79, logLikelihood: -7955.900027
[00:13:23] Bootstrap tree #80, logLikelihood: -7839.207526
[00:13:32] Bootstrap tree #81, logLikelihood: -7831.997794
[00:13:44] Bootstrap tree #82, logLikelihood: -7804.106776
[00:13:54] Bootstrap tree #83, logLikelihood: -7846.313210
[00:14:04] Bootstrap tree #84, logLikelihood: -7713.815176
[00:14:14] Bootstrap tree #85, logLikelihood: -7895.487922
[00:14:23] Bootstrap tree #86, logLikelihood: -7571.331077
[00:14:32] Bootstrap tree #87, logLikelihood: -7719.988229
[00:14:42] Bootstrap tree #88, logLikelihood: -7771.179088
[00:14:50] Bootstrap tree #89, logLikelihood: -7650.673672
[00:14:58] Bootstrap tree #90, logLikelihood: -7480.889819
[00:15:06] Bootstrap tree #91, logLikelihood: -8018.851136
[00:15:14] Bootstrap tree #92, logLikelihood: -7726.618811
[00:15:23] Bootstrap tree #93, logLikelihood: -7988.264657
[00:15:32] Bootstrap tree #94, logLikelihood: -7610.354466
[00:15:40] Bootstrap tree #95, logLikelihood: -7792.157333
[00:15:53] Bootstrap tree #96, logLikelihood: -7883.036198
[00:16:02] Bootstrap tree #97, logLikelihood: -8019.810322
[00:16:12] Bootstrap tree #98, logLikelihood: -7844.659625
[00:16:22] Bootstrap tree #99, logLikelihood: -7558.051383
[00:16:30] Bootstrap tree #100, logLikelihood: -7823.962754

Optimized model parameters:

   Partition 0: noname
   Rate heterogeneity: GAMMA (4 cats, mean),  alpha: 0.448977 (ML),  weights&rates: (0.250000,0.024367) (0.250000,0.217308) (0.250000,0.779274) (0.250000,2.979051) 
   Base frequencies (ML): 0.231616 0.308358 0.277708 0.182319 
   Substitution rates (ML): 1.629593 4.160516 1.537989 0.936436 8.964990 1.000000 

Final LogLikelihood: -7880.468353

All ML trees saved to: /mnt/lustre/scratch/home/uvi/be/avs/cancer_genes_selection/genes/SUFU/tree/SUFU_trimmed.raxml.mlTrees
Best ML tree saved to: /mnt/lustre/scratch/home/uvi/be/avs/cancer_genes_selection/genes/SUFU/tree/SUFU_trimmed.raxml.bestTree
Best ML tree with bootstrap support values saved to: /mnt/lustre/scratch/home/uvi/be/avs/cancer_genes_selection/genes/SUFU/tree/SUFU_trimmed.raxml.support
Optimized model saved to: /mnt/lustre/scratch/home/uvi/be/avs/cancer_genes_selection/genes/SUFU/tree/SUFU_trimmed.raxml.bestModel
Bootstrap trees saved to: /mnt/lustre/scratch/home/uvi/be/avs/cancer_genes_selection/genes/SUFU/tree/SUFU_trimmed.raxml.bootstraps

Execution log saved to: /mnt/lustre/scratch/home/uvi/be/avs/cancer_genes_selection/genes/SUFU/tree/SUFU_trimmed.raxml.log

Analysis started: 27-Mar-2018 01:16:31 / finished: 27-Mar-2018 01:33:06

Elapsed time: 994.733 seconds

