
RAxML-NG v. 0.5.1b BETA released on 01.12.2017 by The Exelixis Lab.
Authors: Alexey Kozlov, Alexandros Stamatakis, Diego Darriba, Tomas Flouri, Benoit Morel.
Latest version: https://github.com/amkozlov/raxml-ng
Questions/problems/suggestions? Please visit: https://groups.google.com/forum/#!forum/raxml

WARNING: This is a BETA release, please use at your own risk!

RAxML-NG was called as follows:

raxml-ng-mpi --all --msa /mnt/lustre/scratch/home/uvi/be/avs/cancer_genes_selection/genes/PTK6/align/PTK6_align_DNA_trimmed.fasta --model GTR+G -tree pars{10} --bs-trees 100 --prefix /mnt/lustre/scratch/home/uvi/be/avs/cancer_genes_selection/genes/PTK6/tree/PTK6 --redo

Analysis options:
  run mode: ML tree search + bootstrapping
  start tree(s): parsimony (10)
  random seed: 1521667505
  tip-inner: ON
  pattern compression: ON
  per-rate scalers: OFF
  site repeats: OFF
  branch lengths: ML estimate (linked)
  SIMD kernels: AVX2
  parallelization: NONE/sequential

WARNING: Running in REDO mode: existing checkpoints are ignored, and all result files will be overwritten!

[00:00:00] Reading alignment from file: /mnt/lustre/scratch/home/uvi/be/avs/cancer_genes_selection/genes/PTK6/align/PTK6_align_DNA_trimmed.fasta
[00:00:00] Loaded alignment with 25 taxa and 1356 sites

Alignment comprises 1 partitions and 805 patterns

Partition 0: noname
Model: GTR+FO+G4m
Alignment sites / patterns: 1356 / 805
Gaps: 1.58 %
Invariant sites: 35.91 %


[00:00:01] Generating parsimony starting tree(s) with 25 taxa
[00:00:01] Data distribution: partitions/thread: 1-1, patterns/thread: 805-805

Starting ML tree search with 10 distinct starting trees

[00:00:09] ML tree search #1, logLikelihood: -13446.093070
[00:00:18] ML tree search #2, logLikelihood: -13446.090638
[00:00:24] ML tree search #3, logLikelihood: -13446.087757
[00:00:30] ML tree search #4, logLikelihood: -13446.092911
[00:00:37] ML tree search #5, logLikelihood: -13446.088908
[00:00:44] ML tree search #6, logLikelihood: -13446.093003
[00:00:50] ML tree search #7, logLikelihood: -13446.094300
[00:00:59] ML tree search #8, logLikelihood: -13446.086875
[00:01:06] ML tree search #9, logLikelihood: -13446.092130
[00:01:14] ML tree search #10, logLikelihood: -13446.093291

[00:01:14] ML tree search completed, best tree logLH: -13446.086875

[00:01:14] Starting bootstrapping analysis with 100 replicates.

[00:01:20] Bootstrap tree #1, logLikelihood: -13064.676649
[00:01:26] Bootstrap tree #2, logLikelihood: -13123.194992
[00:01:32] Bootstrap tree #3, logLikelihood: -13352.058310
[00:01:38] Bootstrap tree #4, logLikelihood: -13090.617271
[00:01:44] Bootstrap tree #5, logLikelihood: -12995.249714
[00:01:50] Bootstrap tree #6, logLikelihood: -12832.292942
[00:01:57] Bootstrap tree #7, logLikelihood: -13377.676117
[00:02:03] Bootstrap tree #8, logLikelihood: -13895.762215
[00:02:10] Bootstrap tree #9, logLikelihood: -13103.983583
[00:02:16] Bootstrap tree #10, logLikelihood: -13353.160970
[00:02:22] Bootstrap tree #11, logLikelihood: -13726.834372
[00:02:28] Bootstrap tree #12, logLikelihood: -13384.514719
[00:02:35] Bootstrap tree #13, logLikelihood: -13166.705862
[00:02:42] Bootstrap tree #14, logLikelihood: -13067.268094
[00:02:49] Bootstrap tree #15, logLikelihood: -12882.140689
[00:02:56] Bootstrap tree #16, logLikelihood: -13528.208304
[00:03:02] Bootstrap tree #17, logLikelihood: -13512.879140
[00:03:08] Bootstrap tree #18, logLikelihood: -13668.758886
[00:03:14] Bootstrap tree #19, logLikelihood: -13297.832495
[00:03:21] Bootstrap tree #20, logLikelihood: -13445.527567
[00:03:29] Bootstrap tree #21, logLikelihood: -13275.042051
[00:03:36] Bootstrap tree #22, logLikelihood: -13221.747026
[00:03:45] Bootstrap tree #23, logLikelihood: -13370.797855
[00:03:52] Bootstrap tree #24, logLikelihood: -13342.768486
[00:04:00] Bootstrap tree #25, logLikelihood: -13435.104360
[00:04:08] Bootstrap tree #26, logLikelihood: -13457.095855
[00:04:15] Bootstrap tree #27, logLikelihood: -13825.666485
[00:04:22] Bootstrap tree #28, logLikelihood: -13149.505115
[00:04:30] Bootstrap tree #29, logLikelihood: -13823.636918
[00:04:38] Bootstrap tree #30, logLikelihood: -13475.228472
[00:04:45] Bootstrap tree #31, logLikelihood: -13493.407929
[00:04:53] Bootstrap tree #32, logLikelihood: -13842.010031
[00:05:03] Bootstrap tree #33, logLikelihood: -13145.629723
[00:05:14] Bootstrap tree #34, logLikelihood: -13580.128504
[00:05:22] Bootstrap tree #35, logLikelihood: -13503.890230
[00:05:29] Bootstrap tree #36, logLikelihood: -13510.594984
[00:05:36] Bootstrap tree #37, logLikelihood: -13130.494237
[00:05:44] Bootstrap tree #38, logLikelihood: -13649.690860
[00:05:51] Bootstrap tree #39, logLikelihood: -13961.622882
[00:05:58] Bootstrap tree #40, logLikelihood: -13322.698968
[00:06:08] Bootstrap tree #41, logLikelihood: -13407.303842
[00:06:16] Bootstrap tree #42, logLikelihood: -13357.629071
[00:06:24] Bootstrap tree #43, logLikelihood: -13085.631923
[00:06:31] Bootstrap tree #44, logLikelihood: -13031.713085
[00:06:39] Bootstrap tree #45, logLikelihood: -13430.942302
[00:06:47] Bootstrap tree #46, logLikelihood: -13829.030010
[00:06:55] Bootstrap tree #47, logLikelihood: -13573.375022
[00:07:01] Bootstrap tree #48, logLikelihood: -13171.299112
[00:07:08] Bootstrap tree #49, logLikelihood: -13128.336094
[00:07:17] Bootstrap tree #50, logLikelihood: -13670.394741
[00:07:23] Bootstrap tree #51, logLikelihood: -13297.354478
[00:07:31] Bootstrap tree #52, logLikelihood: -13140.215090
[00:07:39] Bootstrap tree #53, logLikelihood: -13368.084702
[00:07:46] Bootstrap tree #54, logLikelihood: -13861.240465
[00:07:54] Bootstrap tree #55, logLikelihood: -13606.304493
[00:08:03] Bootstrap tree #56, logLikelihood: -13221.793196
[00:08:09] Bootstrap tree #57, logLikelihood: -13248.489718
[00:08:19] Bootstrap tree #58, logLikelihood: -13228.418893
[00:08:25] Bootstrap tree #59, logLikelihood: -13459.584362
[00:08:34] Bootstrap tree #60, logLikelihood: -13382.128407
[00:08:46] Bootstrap tree #61, logLikelihood: -13879.350435
[00:08:54] Bootstrap tree #62, logLikelihood: -13422.747128
[00:09:02] Bootstrap tree #63, logLikelihood: -13005.782707
[00:09:09] Bootstrap tree #64, logLikelihood: -13535.870188
[00:09:17] Bootstrap tree #65, logLikelihood: -13286.069852
[00:09:25] Bootstrap tree #66, logLikelihood: -13566.134614
[00:09:32] Bootstrap tree #67, logLikelihood: -13612.124667
[00:09:40] Bootstrap tree #68, logLikelihood: -14022.948134
[00:09:48] Bootstrap tree #69, logLikelihood: -13526.642568
[00:09:56] Bootstrap tree #70, logLikelihood: -13680.269993
[00:10:07] Bootstrap tree #71, logLikelihood: -13544.353192
[00:10:14] Bootstrap tree #72, logLikelihood: -13169.704659
[00:10:24] Bootstrap tree #73, logLikelihood: -13689.952712
[00:10:31] Bootstrap tree #74, logLikelihood: -13675.245453
[00:10:38] Bootstrap tree #75, logLikelihood: -13377.124425
[00:10:48] Bootstrap tree #76, logLikelihood: -13619.484740
[00:10:57] Bootstrap tree #77, logLikelihood: -12839.808996
[00:11:05] Bootstrap tree #78, logLikelihood: -13417.494410
[00:11:27] Bootstrap tree #79, logLikelihood: -13218.043646
[00:11:49] Bootstrap tree #80, logLikelihood: -13621.741537
[00:12:00] Bootstrap tree #81, logLikelihood: -13519.819875
[00:12:08] Bootstrap tree #82, logLikelihood: -13391.094301
[00:12:16] Bootstrap tree #83, logLikelihood: -13209.003830
[00:12:23] Bootstrap tree #84, logLikelihood: -13515.511670
[00:12:31] Bootstrap tree #85, logLikelihood: -13765.068364
[00:12:39] Bootstrap tree #86, logLikelihood: -13281.009060
[00:12:47] Bootstrap tree #87, logLikelihood: -13960.592129
[00:12:55] Bootstrap tree #88, logLikelihood: -13609.867572
[00:13:02] Bootstrap tree #89, logLikelihood: -13743.923775
[00:13:09] Bootstrap tree #90, logLikelihood: -13499.294516
[00:13:15] Bootstrap tree #91, logLikelihood: -13655.795305
[00:13:22] Bootstrap tree #92, logLikelihood: -13851.426152
[00:13:29] Bootstrap tree #93, logLikelihood: -13392.849902
[00:13:38] Bootstrap tree #94, logLikelihood: -13399.538287
[00:13:46] Bootstrap tree #95, logLikelihood: -13726.965023
[00:13:55] Bootstrap tree #96, logLikelihood: -13273.116375
[00:14:05] Bootstrap tree #97, logLikelihood: -13804.806735
[00:14:14] Bootstrap tree #98, logLikelihood: -13575.931961
[00:14:23] Bootstrap tree #99, logLikelihood: -13590.809675
[00:14:30] Bootstrap tree #100, logLikelihood: -13604.901183

Optimized model parameters:

   Partition 0: noname
   Rate heterogeneity: GAMMA (4 cats, mean),  alpha: 0.673623 (ML),  weights&rates: (0.250000,0.068565) (0.250000,0.350814) (0.250000,0.914688) (0.250000,2.665933) 
   Base frequencies (ML): 0.236396 0.286917 0.269224 0.207462 
   Substitution rates (ML): 1.305681 3.972168 0.673305 1.151963 5.177993 1.000000 

Final LogLikelihood: -13446.086875

All ML trees saved to: /mnt/lustre/scratch/home/uvi/be/avs/cancer_genes_selection/genes/PTK6/tree/PTK6.raxml.mlTrees
Best ML tree saved to: /mnt/lustre/scratch/home/uvi/be/avs/cancer_genes_selection/genes/PTK6/tree/PTK6.raxml.bestTree
Best ML tree with bootstrap support values saved to: /mnt/lustre/scratch/home/uvi/be/avs/cancer_genes_selection/genes/PTK6/tree/PTK6.raxml.support
Optimized model saved to: /mnt/lustre/scratch/home/uvi/be/avs/cancer_genes_selection/genes/PTK6/tree/PTK6.raxml.bestModel
Bootstrap trees saved to: /mnt/lustre/scratch/home/uvi/be/avs/cancer_genes_selection/genes/PTK6/tree/PTK6.raxml.bootstraps

Execution log saved to: /mnt/lustre/scratch/home/uvi/be/avs/cancer_genes_selection/genes/PTK6/tree/PTK6.raxml.log

Analysis started: 21-Mar-2018 22:25:05 / finished: 21-Mar-2018 22:39:38

Elapsed time: 872.877 seconds

