
RAxML-NG v. 0.5.1b BETA released on 01.12.2017 by The Exelixis Lab.
Authors: Alexey Kozlov, Alexandros Stamatakis, Diego Darriba, Tomas Flouri, Benoit Morel.
Latest version: https://github.com/amkozlov/raxml-ng
Questions/problems/suggestions? Please visit: https://groups.google.com/forum/#!forum/raxml

WARNING: This is a BETA release, please use at your own risk!

RAxML-NG was called as follows:

raxml-ng-mpi --all --msa /mnt/lustre/scratch/home/uvi/be/avs/cancer_genes_selection/genes/ABL2/align/ABL2_align_DNA_trimmed2.fasta --model GTR+G -tree pars{10} --bs-trees 100 --prefix /mnt/lustre/scratch/home/uvi/be/avs/cancer_genes_selection/genes/ABL2/tree/ABL2_trimmed --redo

Analysis options:
  run mode: ML tree search + bootstrapping
  start tree(s): parsimony (10)
  random seed: 1522085300
  tip-inner: ON
  pattern compression: ON
  per-rate scalers: OFF
  site repeats: OFF
  branch lengths: ML estimate (linked)
  SIMD kernels: AVX2
  parallelization: NONE/sequential

WARNING: Running in REDO mode: existing checkpoints are ignored, and all result files will be overwritten!

[00:00:01] Reading alignment from file: /mnt/lustre/scratch/home/uvi/be/avs/cancer_genes_selection/genes/ABL2/align/ABL2_align_DNA_trimmed2.fasta
[00:00:01] Loaded alignment with 26 taxa and 3549 sites

Alignment comprises 1 partitions and 1453 patterns

Partition 0: noname
Model: GTR+FO+G4m
Alignment sites / patterns: 3549 / 1453
Gaps: 3.82 %
Invariant sites: 54.44 %


[00:00:01] Generating parsimony starting tree(s) with 26 taxa
[00:00:02] Data distribution: partitions/thread: 1-1, patterns/thread: 1453-1453

Starting ML tree search with 10 distinct starting trees

[00:00:14] ML tree search #1, logLikelihood: -24358.803933
[00:00:27] ML tree search #2, logLikelihood: -24358.804573
[00:00:40] ML tree search #3, logLikelihood: -24358.803230
[00:00:54] ML tree search #4, logLikelihood: -24358.801987
[00:01:07] ML tree search #5, logLikelihood: -24358.799888
[00:01:16] ML tree search #6, logLikelihood: -24358.798841
[00:01:29] ML tree search #7, logLikelihood: -24358.801614
[00:01:42] ML tree search #8, logLikelihood: -24358.803555
[00:01:56] ML tree search #9, logLikelihood: -24358.804709
[00:02:07] ML tree search #10, logLikelihood: -24358.798620

[00:02:07] ML tree search completed, best tree logLH: -24358.798620

[00:02:07] Starting bootstrapping analysis with 100 replicates.

[00:02:19] Bootstrap tree #1, logLikelihood: -24072.035218
[00:02:35] Bootstrap tree #2, logLikelihood: -24321.914531
[00:02:45] Bootstrap tree #3, logLikelihood: -24148.213018
[00:02:56] Bootstrap tree #4, logLikelihood: -24638.644782
[00:03:07] Bootstrap tree #5, logLikelihood: -24312.239760
[00:03:18] Bootstrap tree #6, logLikelihood: -23820.688789
[00:03:29] Bootstrap tree #7, logLikelihood: -23811.353002
[00:03:40] Bootstrap tree #8, logLikelihood: -24149.040541
[00:03:53] Bootstrap tree #9, logLikelihood: -24439.936654
[00:04:04] Bootstrap tree #10, logLikelihood: -24106.934792
[00:04:19] Bootstrap tree #11, logLikelihood: -24559.600633
[00:04:30] Bootstrap tree #12, logLikelihood: -23469.019455
[00:04:42] Bootstrap tree #13, logLikelihood: -24461.970114
[00:04:53] Bootstrap tree #14, logLikelihood: -25336.600221
[00:05:04] Bootstrap tree #15, logLikelihood: -24109.807217
[00:05:16] Bootstrap tree #16, logLikelihood: -24999.534078
[00:05:29] Bootstrap tree #17, logLikelihood: -24478.829510
[00:05:48] Bootstrap tree #18, logLikelihood: -24800.181203
[00:06:00] Bootstrap tree #19, logLikelihood: -24648.544414
[00:06:12] Bootstrap tree #20, logLikelihood: -24614.378533
[00:06:22] Bootstrap tree #21, logLikelihood: -24493.793626
[00:06:33] Bootstrap tree #22, logLikelihood: -25134.235705
[00:06:47] Bootstrap tree #23, logLikelihood: -24217.492758
[00:07:00] Bootstrap tree #24, logLikelihood: -24838.011796
[00:07:11] Bootstrap tree #25, logLikelihood: -24194.451334
[00:07:25] Bootstrap tree #26, logLikelihood: -24601.989613
[00:07:36] Bootstrap tree #27, logLikelihood: -23513.117184
[00:07:45] Bootstrap tree #28, logLikelihood: -24105.147088
[00:07:58] Bootstrap tree #29, logLikelihood: -24200.207459
[00:08:11] Bootstrap tree #30, logLikelihood: -24299.072497
[00:08:22] Bootstrap tree #31, logLikelihood: -23993.834891
[00:08:33] Bootstrap tree #32, logLikelihood: -24461.310405
[00:08:54] Bootstrap tree #33, logLikelihood: -24086.001150
[00:09:07] Bootstrap tree #34, logLikelihood: -25045.983006
[00:09:19] Bootstrap tree #35, logLikelihood: -24535.745508
[00:09:32] Bootstrap tree #36, logLikelihood: -24097.024859
[00:09:44] Bootstrap tree #37, logLikelihood: -23662.325715
[00:09:57] Bootstrap tree #38, logLikelihood: -25025.140044
[00:10:09] Bootstrap tree #39, logLikelihood: -24100.307524
[00:10:25] Bootstrap tree #40, logLikelihood: -25351.838786
[00:10:41] Bootstrap tree #41, logLikelihood: -24194.176730
[00:10:57] Bootstrap tree #42, logLikelihood: -24575.644872
[00:11:10] Bootstrap tree #43, logLikelihood: -24389.145874
[00:11:23] Bootstrap tree #44, logLikelihood: -24581.454365
[00:11:37] Bootstrap tree #45, logLikelihood: -24361.135577
[00:11:49] Bootstrap tree #46, logLikelihood: -23912.266697
[00:12:06] Bootstrap tree #47, logLikelihood: -23923.343701
[00:12:23] Bootstrap tree #48, logLikelihood: -24430.877589
[00:12:36] Bootstrap tree #49, logLikelihood: -24057.396210
[00:12:48] Bootstrap tree #50, logLikelihood: -24426.073297
[00:13:01] Bootstrap tree #51, logLikelihood: -24586.901609
[00:13:14] Bootstrap tree #52, logLikelihood: -24885.936975
[00:13:26] Bootstrap tree #53, logLikelihood: -23966.584075
[00:13:41] Bootstrap tree #54, logLikelihood: -24511.356992
[00:13:53] Bootstrap tree #55, logLikelihood: -24183.188235
[00:14:06] Bootstrap tree #56, logLikelihood: -24603.401168
[00:14:21] Bootstrap tree #57, logLikelihood: -24361.577737
[00:14:38] Bootstrap tree #58, logLikelihood: -24289.824353
[00:14:52] Bootstrap tree #59, logLikelihood: -23748.888854
[00:15:16] Bootstrap tree #60, logLikelihood: -24844.089668
[00:15:34] Bootstrap tree #61, logLikelihood: -24623.693049
[00:15:51] Bootstrap tree #62, logLikelihood: -23812.976713
[00:16:07] Bootstrap tree #63, logLikelihood: -24501.017980
[00:16:22] Bootstrap tree #64, logLikelihood: -24193.535933
[00:16:36] Bootstrap tree #65, logLikelihood: -24361.634792
[00:16:50] Bootstrap tree #66, logLikelihood: -23959.275405
[00:17:03] Bootstrap tree #67, logLikelihood: -24090.751118
[00:17:18] Bootstrap tree #68, logLikelihood: -24331.715169
[00:17:32] Bootstrap tree #69, logLikelihood: -24947.726748
[00:17:49] Bootstrap tree #70, logLikelihood: -23806.553374
[00:18:04] Bootstrap tree #71, logLikelihood: -24233.862021
[00:18:17] Bootstrap tree #72, logLikelihood: -24661.981354
[00:18:34] Bootstrap tree #73, logLikelihood: -24931.626115
[00:18:47] Bootstrap tree #74, logLikelihood: -23701.606935
[00:19:00] Bootstrap tree #75, logLikelihood: -24249.088068
[00:19:14] Bootstrap tree #76, logLikelihood: -24841.294387
[00:19:28] Bootstrap tree #77, logLikelihood: -23740.288373
[00:19:40] Bootstrap tree #78, logLikelihood: -24371.110879
[00:19:53] Bootstrap tree #79, logLikelihood: -24979.387252
[00:20:05] Bootstrap tree #80, logLikelihood: -24880.277769
[00:20:18] Bootstrap tree #81, logLikelihood: -24703.295650
[00:20:34] Bootstrap tree #82, logLikelihood: -24358.580528
[00:20:47] Bootstrap tree #83, logLikelihood: -24790.335206
[00:21:03] Bootstrap tree #84, logLikelihood: -24428.621005
[00:21:20] Bootstrap tree #85, logLikelihood: -24011.294703
[00:21:34] Bootstrap tree #86, logLikelihood: -24860.614250
[00:21:48] Bootstrap tree #87, logLikelihood: -24097.634030
[00:22:05] Bootstrap tree #88, logLikelihood: -24374.046344
[00:22:20] Bootstrap tree #89, logLikelihood: -24879.868083
[00:22:32] Bootstrap tree #90, logLikelihood: -23971.510839
[00:22:47] Bootstrap tree #91, logLikelihood: -24126.859042
[00:23:02] Bootstrap tree #92, logLikelihood: -24780.572839
[00:23:20] Bootstrap tree #93, logLikelihood: -24463.715142
[00:23:33] Bootstrap tree #94, logLikelihood: -23780.904226
[00:23:46] Bootstrap tree #95, logLikelihood: -24501.671096
[00:24:00] Bootstrap tree #96, logLikelihood: -24849.635436
[00:24:22] Bootstrap tree #97, logLikelihood: -24166.600296
[00:24:35] Bootstrap tree #98, logLikelihood: -24270.230268
[00:24:51] Bootstrap tree #99, logLikelihood: -23995.129093
[00:25:10] Bootstrap tree #100, logLikelihood: -25245.106392

Optimized model parameters:

   Partition 0: noname
   Rate heterogeneity: GAMMA (4 cats, mean),  alpha: 0.402049 (ML),  weights&rates: (0.250000,0.017011) (0.250000,0.183285) (0.250000,0.733489) (0.250000,3.066215) 
   Base frequencies (ML): 0.241445 0.281283 0.278875 0.198397 
   Substitution rates (ML): 1.356664 4.184405 1.008900 0.839678 6.727345 1.000000 

Final LogLikelihood: -24358.798620

All ML trees saved to: /mnt/lustre/scratch/home/uvi/be/avs/cancer_genes_selection/genes/ABL2/tree/ABL2_trimmed.raxml.mlTrees
Best ML tree saved to: /mnt/lustre/scratch/home/uvi/be/avs/cancer_genes_selection/genes/ABL2/tree/ABL2_trimmed.raxml.bestTree
Best ML tree with bootstrap support values saved to: /mnt/lustre/scratch/home/uvi/be/avs/cancer_genes_selection/genes/ABL2/tree/ABL2_trimmed.raxml.support
Optimized model saved to: /mnt/lustre/scratch/home/uvi/be/avs/cancer_genes_selection/genes/ABL2/tree/ABL2_trimmed.raxml.bestModel
Bootstrap trees saved to: /mnt/lustre/scratch/home/uvi/be/avs/cancer_genes_selection/genes/ABL2/tree/ABL2_trimmed.raxml.bootstraps

Execution log saved to: /mnt/lustre/scratch/home/uvi/be/avs/cancer_genes_selection/genes/ABL2/tree/ABL2_trimmed.raxml.log

Analysis started: 26-Mar-2018 19:28:20 / finished: 26-Mar-2018 19:53:33

Elapsed time: 1513.673 seconds

