
RAxML-NG v. 0.5.1b BETA released on 01.12.2017 by The Exelixis Lab.
Authors: Alexey Kozlov, Alexandros Stamatakis, Diego Darriba, Tomas Flouri, Benoit Morel.
Latest version: https://github.com/amkozlov/raxml-ng
Questions/problems/suggestions? Please visit: https://groups.google.com/forum/#!forum/raxml

WARNING: This is a BETA release, please use at your own risk!

RAxML-NG was called as follows:

raxml-ng-mpi --all --msa /mnt/lustre/scratch/home/uvi/be/avs/cancer_genes_selection/genes/SPOP/align/SPOP_align_DNA_trimmed2.fasta --model GTR+G -tree pars{10} --bs-trees 100 --prefix /mnt/lustre/scratch/home/uvi/be/avs/cancer_genes_selection/genes/SPOP/tree/SPOP_trimmed --redo

Analysis options:
  run mode: ML tree search + bootstrapping
  start tree(s): parsimony (10)
  random seed: 1522105227
  tip-inner: ON
  pattern compression: ON
  per-rate scalers: OFF
  site repeats: OFF
  branch lengths: ML estimate (linked)
  SIMD kernels: AVX2
  parallelization: NONE/sequential

WARNING: Running in REDO mode: existing checkpoints are ignored, and all result files will be overwritten!

[00:00:00] Reading alignment from file: /mnt/lustre/scratch/home/uvi/be/avs/cancer_genes_selection/genes/SPOP/align/SPOP_align_DNA_trimmed2.fasta
[00:00:01] Loaded alignment with 28 taxa and 1125 sites

Alignment comprises 1 partitions and 356 patterns

Partition 0: noname
Model: GTR+FO+G4m
Alignment sites / patterns: 1125 / 356
Gaps: 1.54 %
Invariant sites: 59.38 %


[00:00:01] Generating parsimony starting tree(s) with 28 taxa
[00:00:01] Data distribution: partitions/thread: 1-1, patterns/thread: 356-356

Starting ML tree search with 10 distinct starting trees

[00:00:08] ML tree search #1, logLikelihood: -5872.353186
[00:00:15] ML tree search #2, logLikelihood: -5872.353186
[00:00:22] ML tree search #3, logLikelihood: -5872.353340
[00:00:29] ML tree search #4, logLikelihood: -5868.747646
[00:00:35] ML tree search #5, logLikelihood: -5868.747396
[00:00:42] ML tree search #6, logLikelihood: -5868.748210
[00:00:52] ML tree search #7, logLikelihood: -5868.747652
[00:00:59] ML tree search #8, logLikelihood: -5868.747383
[00:01:06] ML tree search #9, logLikelihood: -5868.747344
[00:01:14] ML tree search #10, logLikelihood: -5868.747813

[00:01:14] ML tree search completed, best tree logLH: -5868.747344

[00:01:14] Starting bootstrapping analysis with 100 replicates.

[00:01:22] Bootstrap tree #1, logLikelihood: -5808.176314
[00:01:29] Bootstrap tree #2, logLikelihood: -5689.781715
[00:01:37] Bootstrap tree #3, logLikelihood: -5846.160910
[00:01:47] Bootstrap tree #4, logLikelihood: -5590.892636
[00:01:56] Bootstrap tree #5, logLikelihood: -5849.051723
[00:02:04] Bootstrap tree #6, logLikelihood: -5948.818650
[00:02:12] Bootstrap tree #7, logLikelihood: -5792.963220
[00:02:21] Bootstrap tree #8, logLikelihood: -5749.734239
[00:02:30] Bootstrap tree #9, logLikelihood: -5964.772038
[00:02:39] Bootstrap tree #10, logLikelihood: -5778.720600
[00:02:47] Bootstrap tree #11, logLikelihood: -5721.234257
[00:02:56] Bootstrap tree #12, logLikelihood: -5786.177306
[00:03:05] Bootstrap tree #13, logLikelihood: -5824.024456
[00:03:13] Bootstrap tree #14, logLikelihood: -5715.795384
[00:03:25] Bootstrap tree #15, logLikelihood: -5738.614517
[00:03:33] Bootstrap tree #16, logLikelihood: -5542.469228
[00:03:44] Bootstrap tree #17, logLikelihood: -5639.313435
[00:03:54] Bootstrap tree #18, logLikelihood: -6053.707559
[00:04:04] Bootstrap tree #19, logLikelihood: -5998.161503
[00:04:12] Bootstrap tree #20, logLikelihood: -5801.879717
[00:04:21] Bootstrap tree #21, logLikelihood: -5677.494666
[00:04:30] Bootstrap tree #22, logLikelihood: -5578.013089
[00:04:38] Bootstrap tree #23, logLikelihood: -6088.887481
[00:04:48] Bootstrap tree #24, logLikelihood: -5689.307410
[00:04:58] Bootstrap tree #25, logLikelihood: -5795.110412
[00:05:08] Bootstrap tree #26, logLikelihood: -5796.067518
[00:05:17] Bootstrap tree #27, logLikelihood: -5855.227753
[00:05:26] Bootstrap tree #28, logLikelihood: -6094.691812
[00:05:36] Bootstrap tree #29, logLikelihood: -5817.479604
[00:05:45] Bootstrap tree #30, logLikelihood: -5860.531519
[00:05:54] Bootstrap tree #31, logLikelihood: -5911.490344
[00:06:04] Bootstrap tree #32, logLikelihood: -5650.597304
[00:06:15] Bootstrap tree #33, logLikelihood: -5860.508209
[00:06:23] Bootstrap tree #34, logLikelihood: -5759.495301
[00:06:34] Bootstrap tree #35, logLikelihood: -5949.984587
[00:06:45] Bootstrap tree #36, logLikelihood: -6244.550357
[00:06:55] Bootstrap tree #37, logLikelihood: -5484.495732
[00:07:04] Bootstrap tree #38, logLikelihood: -5750.136003
[00:07:15] Bootstrap tree #39, logLikelihood: -6058.750338
[00:07:25] Bootstrap tree #40, logLikelihood: -5844.495365
[00:07:37] Bootstrap tree #41, logLikelihood: -5421.043438
[00:07:46] Bootstrap tree #42, logLikelihood: -5701.918391
[00:07:57] Bootstrap tree #43, logLikelihood: -5940.991795
[00:08:06] Bootstrap tree #44, logLikelihood: -5780.101835
[00:08:16] Bootstrap tree #45, logLikelihood: -6038.041157
[00:08:27] Bootstrap tree #46, logLikelihood: -5586.609205
[00:08:37] Bootstrap tree #47, logLikelihood: -5983.020660
[00:08:47] Bootstrap tree #48, logLikelihood: -5829.870734
[00:08:56] Bootstrap tree #49, logLikelihood: -5600.035052
[00:09:07] Bootstrap tree #50, logLikelihood: -5974.121234
[00:09:16] Bootstrap tree #51, logLikelihood: -5725.308567
[00:09:27] Bootstrap tree #52, logLikelihood: -5921.710045
[00:09:37] Bootstrap tree #53, logLikelihood: -5884.621470
[00:09:46] Bootstrap tree #54, logLikelihood: -5881.598776
[00:09:57] Bootstrap tree #55, logLikelihood: -5891.981869
[00:10:07] Bootstrap tree #56, logLikelihood: -5704.708119
[00:10:17] Bootstrap tree #57, logLikelihood: -5578.895112
[00:10:29] Bootstrap tree #58, logLikelihood: -5994.466544
[00:10:38] Bootstrap tree #59, logLikelihood: -5925.135128
[00:10:47] Bootstrap tree #60, logLikelihood: -5694.135859
[00:10:56] Bootstrap tree #61, logLikelihood: -5753.479593
[00:11:05] Bootstrap tree #62, logLikelihood: -5607.493969
[00:11:16] Bootstrap tree #63, logLikelihood: -5664.109029
[00:11:28] Bootstrap tree #64, logLikelihood: -5780.527499
[00:11:38] Bootstrap tree #65, logLikelihood: -5804.265264
[00:11:48] Bootstrap tree #66, logLikelihood: -5937.493324
[00:11:58] Bootstrap tree #67, logLikelihood: -5765.831613
[00:12:06] Bootstrap tree #68, logLikelihood: -5953.833199
[00:12:17] Bootstrap tree #69, logLikelihood: -5751.954066
[00:12:26] Bootstrap tree #70, logLikelihood: -5587.491357
[00:12:35] Bootstrap tree #71, logLikelihood: -5778.355139
[00:12:45] Bootstrap tree #72, logLikelihood: -5821.625894
[00:12:55] Bootstrap tree #73, logLikelihood: -5687.934465
[00:13:06] Bootstrap tree #74, logLikelihood: -5555.664003
[00:13:16] Bootstrap tree #75, logLikelihood: -5902.598493
[00:13:25] Bootstrap tree #76, logLikelihood: -5694.953059
[00:13:37] Bootstrap tree #77, logLikelihood: -5767.500174
[00:13:50] Bootstrap tree #78, logLikelihood: -5734.735508
[00:13:59] Bootstrap tree #79, logLikelihood: -5880.809301
[00:14:11] Bootstrap tree #80, logLikelihood: -5915.625298
[00:14:22] Bootstrap tree #81, logLikelihood: -5571.906003
[00:14:33] Bootstrap tree #82, logLikelihood: -5844.210237
[00:14:42] Bootstrap tree #83, logLikelihood: -5933.029825
[00:14:52] Bootstrap tree #84, logLikelihood: -5844.327482
[00:15:03] Bootstrap tree #85, logLikelihood: -5649.003516
[00:15:12] Bootstrap tree #86, logLikelihood: -5664.333359
[00:15:23] Bootstrap tree #87, logLikelihood: -5836.162207
[00:15:33] Bootstrap tree #88, logLikelihood: -5788.537612
[00:15:42] Bootstrap tree #89, logLikelihood: -5941.134497
[00:15:54] Bootstrap tree #90, logLikelihood: -6095.073185
[00:16:04] Bootstrap tree #91, logLikelihood: -5934.047431
[00:16:14] Bootstrap tree #92, logLikelihood: -6141.178898
[00:16:25] Bootstrap tree #93, logLikelihood: -5995.607248
[00:16:35] Bootstrap tree #94, logLikelihood: -5582.872981
[00:16:46] Bootstrap tree #95, logLikelihood: -5988.264304
[00:16:57] Bootstrap tree #96, logLikelihood: -5897.360782
[00:17:12] Bootstrap tree #97, logLikelihood: -5976.882209
[00:17:22] Bootstrap tree #98, logLikelihood: -5846.402474
[00:17:34] Bootstrap tree #99, logLikelihood: -5656.990561
[00:17:45] Bootstrap tree #100, logLikelihood: -5864.809069

Optimized model parameters:

   Partition 0: noname
   Rate heterogeneity: GAMMA (4 cats, mean),  alpha: 0.488025 (ML),  weights&rates: (0.250000,0.031190) (0.250000,0.244027) (0.250000,0.811356) (0.250000,2.913427) 
   Base frequencies (ML): 0.273091 0.222650 0.264001 0.240258 
   Substitution rates (ML): 1.589168 5.177392 0.872486 1.384545 11.893547 1.000000 

Final LogLikelihood: -5868.747344

All ML trees saved to: /mnt/lustre/scratch/home/uvi/be/avs/cancer_genes_selection/genes/SPOP/tree/SPOP_trimmed.raxml.mlTrees
Best ML tree saved to: /mnt/lustre/scratch/home/uvi/be/avs/cancer_genes_selection/genes/SPOP/tree/SPOP_trimmed.raxml.bestTree
Best ML tree with bootstrap support values saved to: /mnt/lustre/scratch/home/uvi/be/avs/cancer_genes_selection/genes/SPOP/tree/SPOP_trimmed.raxml.support
Optimized model saved to: /mnt/lustre/scratch/home/uvi/be/avs/cancer_genes_selection/genes/SPOP/tree/SPOP_trimmed.raxml.bestModel
Bootstrap trees saved to: /mnt/lustre/scratch/home/uvi/be/avs/cancer_genes_selection/genes/SPOP/tree/SPOP_trimmed.raxml.bootstraps

Execution log saved to: /mnt/lustre/scratch/home/uvi/be/avs/cancer_genes_selection/genes/SPOP/tree/SPOP_trimmed.raxml.log

Analysis started: 27-Mar-2018 01:00:26 / finished: 27-Mar-2018 01:18:17

Elapsed time: 1070.101 seconds

