
RAxML-NG v. 0.5.1b BETA released on 01.12.2017 by The Exelixis Lab.
Authors: Alexey Kozlov, Alexandros Stamatakis, Diego Darriba, Tomas Flouri, Benoit Morel.
Latest version: https://github.com/amkozlov/raxml-ng
Questions/problems/suggestions? Please visit: https://groups.google.com/forum/#!forum/raxml

WARNING: This is a BETA release, please use at your own risk!

RAxML-NG was called as follows:

raxml-ng-mpi --all --msa /mnt/lustre/scratch/home/uvi/be/avs/cancer_genes_selection/genes/ASPSCR1/align/ASPSCR1_align_DNA_trimmed.fasta --model GTR+G -tree pars{10} --bs-trees 100 --prefix /mnt/lustre/scratch/home/uvi/be/avs/cancer_genes_selection/genes/ASPSCR1/tree/ASPSCR1 --redo

Analysis options:
  run mode: ML tree search + bootstrapping
  start tree(s): parsimony (10)
  random seed: 1521642007
  tip-inner: ON
  pattern compression: ON
  per-rate scalers: OFF
  site repeats: OFF
  branch lengths: ML estimate (linked)
  SIMD kernels: AVX2
  parallelization: NONE/sequential

WARNING: Running in REDO mode: existing checkpoints are ignored, and all result files will be overwritten!

[00:00:00] Reading alignment from file: /mnt/lustre/scratch/home/uvi/be/avs/cancer_genes_selection/genes/ASPSCR1/align/ASPSCR1_align_DNA_trimmed.fasta
[00:00:00] Loaded alignment with 12 taxa and 1620 sites

Alignment comprises 1 partitions and 757 patterns

Partition 0: noname
Model: GTR+FO+G4m
Alignment sites / patterns: 1620 / 757
Gaps: 7.05 %
Invariant sites: 42.90 %


[00:00:00] Generating parsimony starting tree(s) with 12 taxa
[00:00:01] Data distribution: partitions/thread: 1-1, patterns/thread: 757-757

Starting ML tree search with 10 distinct starting trees

[00:00:04] ML tree search #1, logLikelihood: -10547.850114
[00:00:09] ML tree search #2, logLikelihood: -10547.850000
[00:00:12] ML tree search #3, logLikelihood: -10547.850181
[00:00:16] ML tree search #4, logLikelihood: -10547.850043
[00:00:19] ML tree search #5, logLikelihood: -10547.850037
[00:00:23] ML tree search #6, logLikelihood: -10547.849925
[00:00:27] ML tree search #7, logLikelihood: -10547.850002
[00:00:31] ML tree search #8, logLikelihood: -10547.850008
[00:00:34] ML tree search #9, logLikelihood: -10547.849794
[00:00:38] ML tree search #10, logLikelihood: -10547.849952

[00:00:38] ML tree search completed, best tree logLH: -10547.849794

[00:00:38] Starting bootstrapping analysis with 100 replicates.

[00:00:41] Bootstrap tree #1, logLikelihood: -10267.983492
[00:00:44] Bootstrap tree #2, logLikelihood: -10193.636749
[00:00:50] Bootstrap tree #3, logLikelihood: -10344.844111
[00:00:53] Bootstrap tree #4, logLikelihood: -10424.872502
[00:00:57] Bootstrap tree #5, logLikelihood: -10478.460770
[00:01:00] Bootstrap tree #6, logLikelihood: -10855.116204
[00:01:03] Bootstrap tree #7, logLikelihood: -11205.524709
[00:01:06] Bootstrap tree #8, logLikelihood: -10420.005505
[00:01:09] Bootstrap tree #9, logLikelihood: -10324.376652
[00:01:13] Bootstrap tree #10, logLikelihood: -10399.442007
[00:01:16] Bootstrap tree #11, logLikelihood: -10576.490476
[00:01:19] Bootstrap tree #12, logLikelihood: -10208.549734
[00:01:23] Bootstrap tree #13, logLikelihood: -10554.435702
[00:01:26] Bootstrap tree #14, logLikelihood: -10430.656643
[00:01:30] Bootstrap tree #15, logLikelihood: -10525.187935
[00:01:33] Bootstrap tree #16, logLikelihood: -10690.057600
[00:01:36] Bootstrap tree #17, logLikelihood: -10425.906178
[00:01:40] Bootstrap tree #18, logLikelihood: -10645.358442
[00:01:43] Bootstrap tree #19, logLikelihood: -10520.775209
[00:01:47] Bootstrap tree #20, logLikelihood: -10414.095028
[00:01:52] Bootstrap tree #21, logLikelihood: -10628.755046
[00:01:55] Bootstrap tree #22, logLikelihood: -10286.808452
[00:01:58] Bootstrap tree #23, logLikelihood: -10384.614803
[00:02:02] Bootstrap tree #24, logLikelihood: -10508.936892
[00:02:06] Bootstrap tree #25, logLikelihood: -10575.306753
[00:02:09] Bootstrap tree #26, logLikelihood: -10653.531149
[00:02:12] Bootstrap tree #27, logLikelihood: -10724.503918
[00:02:15] Bootstrap tree #28, logLikelihood: -10730.815428
[00:02:20] Bootstrap tree #29, logLikelihood: -10475.957067
[00:02:23] Bootstrap tree #30, logLikelihood: -10274.514366
[00:02:26] Bootstrap tree #31, logLikelihood: -10696.679135
[00:02:29] Bootstrap tree #32, logLikelihood: -10488.153400
[00:02:32] Bootstrap tree #33, logLikelihood: -10431.680805
[00:02:36] Bootstrap tree #34, logLikelihood: -10115.389393
[00:02:42] Bootstrap tree #35, logLikelihood: -10416.219092
[00:02:47] Bootstrap tree #36, logLikelihood: -10341.275096
[00:02:51] Bootstrap tree #37, logLikelihood: -10460.839190
[00:02:55] Bootstrap tree #38, logLikelihood: -10771.877093
[00:02:58] Bootstrap tree #39, logLikelihood: -10602.380739
[00:03:01] Bootstrap tree #40, logLikelihood: -10460.523225
[00:03:05] Bootstrap tree #41, logLikelihood: -10396.618716
[00:03:08] Bootstrap tree #42, logLikelihood: -10561.328273
[00:03:12] Bootstrap tree #43, logLikelihood: -10713.854773
[00:03:16] Bootstrap tree #44, logLikelihood: -10561.492931
[00:03:20] Bootstrap tree #45, logLikelihood: -10463.954782
[00:03:23] Bootstrap tree #46, logLikelihood: -10858.284946
[00:03:27] Bootstrap tree #47, logLikelihood: -10510.327996
[00:03:30] Bootstrap tree #48, logLikelihood: -10946.438608
[00:03:34] Bootstrap tree #49, logLikelihood: -10344.888575
[00:03:38] Bootstrap tree #50, logLikelihood: -10499.767644
[00:03:41] Bootstrap tree #51, logLikelihood: -10798.533757
[00:03:44] Bootstrap tree #52, logLikelihood: -10783.836719
[00:03:48] Bootstrap tree #53, logLikelihood: -10975.445146
[00:03:52] Bootstrap tree #54, logLikelihood: -10780.593583
[00:03:55] Bootstrap tree #55, logLikelihood: -10750.125168
[00:03:58] Bootstrap tree #56, logLikelihood: -10767.913674
[00:04:02] Bootstrap tree #57, logLikelihood: -11106.653356
[00:04:06] Bootstrap tree #58, logLikelihood: -10273.723687
[00:04:11] Bootstrap tree #59, logLikelihood: -10735.126476
[00:04:15] Bootstrap tree #60, logLikelihood: -10498.841703
[00:04:18] Bootstrap tree #61, logLikelihood: -10692.586598
[00:04:21] Bootstrap tree #62, logLikelihood: -10261.839261
[00:04:25] Bootstrap tree #63, logLikelihood: -10286.485697
[00:04:28] Bootstrap tree #64, logLikelihood: -10358.955977
[00:04:32] Bootstrap tree #65, logLikelihood: -10823.216214
[00:04:36] Bootstrap tree #66, logLikelihood: -10514.532430
[00:04:39] Bootstrap tree #67, logLikelihood: -10358.878152
[00:04:43] Bootstrap tree #68, logLikelihood: -10978.897160
[00:04:47] Bootstrap tree #69, logLikelihood: -10741.317820
[00:04:51] Bootstrap tree #70, logLikelihood: -10459.295401
[00:04:54] Bootstrap tree #71, logLikelihood: -10693.270648
[00:04:58] Bootstrap tree #72, logLikelihood: -10737.204468
[00:05:02] Bootstrap tree #73, logLikelihood: -10508.542281
[00:05:06] Bootstrap tree #74, logLikelihood: -10318.679522
[00:05:09] Bootstrap tree #75, logLikelihood: -10452.609445
[00:05:15] Bootstrap tree #76, logLikelihood: -10830.879416
[00:05:19] Bootstrap tree #77, logLikelihood: -10241.436245
[00:05:24] Bootstrap tree #78, logLikelihood: -10791.619661
[00:05:27] Bootstrap tree #79, logLikelihood: -10187.078319
[00:05:30] Bootstrap tree #80, logLikelihood: -10527.971590
[00:05:34] Bootstrap tree #81, logLikelihood: -10638.278274
[00:05:38] Bootstrap tree #82, logLikelihood: -10706.824786
[00:05:42] Bootstrap tree #83, logLikelihood: -10615.744110
[00:05:45] Bootstrap tree #84, logLikelihood: -10299.464830
[00:05:49] Bootstrap tree #85, logLikelihood: -10373.033504
[00:05:54] Bootstrap tree #86, logLikelihood: -10794.450743
[00:05:58] Bootstrap tree #87, logLikelihood: -10656.419318
[00:06:02] Bootstrap tree #88, logLikelihood: -10606.574959
[00:06:05] Bootstrap tree #89, logLikelihood: -10929.707553
[00:06:09] Bootstrap tree #90, logLikelihood: -10206.460756
[00:06:13] Bootstrap tree #91, logLikelihood: -10211.828673
[00:06:17] Bootstrap tree #92, logLikelihood: -10402.964883
[00:06:20] Bootstrap tree #93, logLikelihood: -10257.322763
[00:06:24] Bootstrap tree #94, logLikelihood: -10569.273908
[00:06:28] Bootstrap tree #95, logLikelihood: -10322.259576
[00:06:31] Bootstrap tree #96, logLikelihood: -10433.869110
[00:06:35] Bootstrap tree #97, logLikelihood: -10596.621173
[00:06:38] Bootstrap tree #98, logLikelihood: -10269.952317
[00:06:42] Bootstrap tree #99, logLikelihood: -10565.962955
[00:06:46] Bootstrap tree #100, logLikelihood: -10399.162504

Optimized model parameters:

   Partition 0: noname
   Rate heterogeneity: GAMMA (4 cats, mean),  alpha: 0.604412 (ML),  weights&rates: (0.250000,0.054019) (0.250000,0.314716) (0.250000,0.883553) (0.250000,2.747712) 
   Base frequencies (ML): 0.183324 0.321387 0.327698 0.167591 
   Substitution rates (ML): 1.793953 4.678612 1.724404 1.167846 6.615048 1.000000 

Final LogLikelihood: -10547.849794

All ML trees saved to: /mnt/lustre/scratch/home/uvi/be/avs/cancer_genes_selection/genes/ASPSCR1/tree/ASPSCR1.raxml.mlTrees
Best ML tree saved to: /mnt/lustre/scratch/home/uvi/be/avs/cancer_genes_selection/genes/ASPSCR1/tree/ASPSCR1.raxml.bestTree
Best ML tree with bootstrap support values saved to: /mnt/lustre/scratch/home/uvi/be/avs/cancer_genes_selection/genes/ASPSCR1/tree/ASPSCR1.raxml.support
Optimized model saved to: /mnt/lustre/scratch/home/uvi/be/avs/cancer_genes_selection/genes/ASPSCR1/tree/ASPSCR1.raxml.bestModel
Bootstrap trees saved to: /mnt/lustre/scratch/home/uvi/be/avs/cancer_genes_selection/genes/ASPSCR1/tree/ASPSCR1.raxml.bootstraps

Execution log saved to: /mnt/lustre/scratch/home/uvi/be/avs/cancer_genes_selection/genes/ASPSCR1/tree/ASPSCR1.raxml.log

Analysis started: 21-Mar-2018 15:20:07 / finished: 21-Mar-2018 15:26:56

Elapsed time: 409.142 seconds

