
RAxML-NG v. 0.5.1b BETA released on 01.12.2017 by The Exelixis Lab.
Authors: Alexey Kozlov, Alexandros Stamatakis, Diego Darriba, Tomas Flouri, Benoit Morel.
Latest version: https://github.com/amkozlov/raxml-ng
Questions/problems/suggestions? Please visit: https://groups.google.com/forum/#!forum/raxml

WARNING: This is a BETA release, please use at your own risk!

RAxML-NG was called as follows:

raxml-ng-mpi --all --msa /mnt/lustre/scratch/home/uvi/be/avs/cancer_genes_selection/genes/SS18L1/align/SS18L1_align_DNA_trimmed2.fasta --model GTR+G -tree pars{10} --bs-trees 100 --prefix /mnt/lustre/scratch/home/uvi/be/avs/cancer_genes_selection/genes/SS18L1/tree/SS18L1_trimmed --redo

Analysis options:
  run mode: ML tree search + bootstrapping
  start tree(s): parsimony (10)
  random seed: 1522105521
  tip-inner: ON
  pattern compression: ON
  per-rate scalers: OFF
  site repeats: OFF
  branch lengths: ML estimate (linked)
  SIMD kernels: AVX2
  parallelization: NONE/sequential

WARNING: Running in REDO mode: existing checkpoints are ignored, and all result files will be overwritten!

[00:00:00] Reading alignment from file: /mnt/lustre/scratch/home/uvi/be/avs/cancer_genes_selection/genes/SS18L1/align/SS18L1_align_DNA_trimmed2.fasta
[00:00:01] Loaded alignment with 26 taxa and 1209 sites

Alignment comprises 1 partitions and 612 patterns

Partition 0: noname
Model: GTR+FO+G4m
Alignment sites / patterns: 1209 / 612
Gaps: 5.90 %
Invariant sites: 46.65 %


[00:00:01] Generating parsimony starting tree(s) with 26 taxa
[00:00:01] Data distribution: partitions/thread: 1-1, patterns/thread: 612-612

Starting ML tree search with 10 distinct starting trees

[00:00:14] ML tree search #1, logLikelihood: -9545.623857
[00:00:24] ML tree search #2, logLikelihood: -9545.635653
[00:00:33] ML tree search #3, logLikelihood: -9545.635392
[00:00:44] ML tree search #4, logLikelihood: -9545.626622
[00:00:53] ML tree search #5, logLikelihood: -9545.633520
[00:01:03] ML tree search #6, logLikelihood: -9545.629945
[00:01:16] ML tree search #7, logLikelihood: -9545.646029
[00:01:27] ML tree search #8, logLikelihood: -9545.629639
[00:01:37] ML tree search #9, logLikelihood: -9545.629207
[00:01:49] ML tree search #10, logLikelihood: -9545.650614

[00:01:50] ML tree search completed, best tree logLH: -9545.623857

[00:01:50] Starting bootstrapping analysis with 100 replicates.

[00:01:59] Bootstrap tree #1, logLikelihood: -9628.032001
[00:02:10] Bootstrap tree #2, logLikelihood: -9235.824320
[00:02:22] Bootstrap tree #3, logLikelihood: -9430.291833
[00:02:32] Bootstrap tree #4, logLikelihood: -9571.481724
[00:02:44] Bootstrap tree #5, logLikelihood: -9192.280818
[00:02:57] Bootstrap tree #6, logLikelihood: -9236.685998
[00:03:07] Bootstrap tree #7, logLikelihood: -10136.991565
[00:03:19] Bootstrap tree #8, logLikelihood: -9193.035176
[00:03:28] Bootstrap tree #9, logLikelihood: -9560.863600
[00:03:44] Bootstrap tree #10, logLikelihood: -9552.816582
[00:03:54] Bootstrap tree #11, logLikelihood: -9277.355257
[00:04:04] Bootstrap tree #12, logLikelihood: -9413.585286
[00:04:15] Bootstrap tree #13, logLikelihood: -9408.652129
[00:04:25] Bootstrap tree #14, logLikelihood: -9472.400851
[00:04:38] Bootstrap tree #15, logLikelihood: -9854.455551
[00:04:47] Bootstrap tree #16, logLikelihood: -9535.087809
[00:04:58] Bootstrap tree #17, logLikelihood: -9489.745194
[00:05:10] Bootstrap tree #18, logLikelihood: -9535.251503
[00:05:20] Bootstrap tree #19, logLikelihood: -9668.292258
[00:05:30] Bootstrap tree #20, logLikelihood: -9739.041765
[00:05:40] Bootstrap tree #21, logLikelihood: -9238.723147
[00:05:49] Bootstrap tree #22, logLikelihood: -9055.922750
[00:06:00] Bootstrap tree #23, logLikelihood: -9326.306441
[00:06:10] Bootstrap tree #24, logLikelihood: -9387.052016
[00:06:23] Bootstrap tree #25, logLikelihood: -9858.054073
[00:06:34] Bootstrap tree #26, logLikelihood: -9136.455501
[00:06:45] Bootstrap tree #27, logLikelihood: -9309.492256
[00:06:55] Bootstrap tree #28, logLikelihood: -9453.842240
[00:07:05] Bootstrap tree #29, logLikelihood: -9843.725651
[00:07:14] Bootstrap tree #30, logLikelihood: -9302.911112
[00:07:25] Bootstrap tree #31, logLikelihood: -9978.459027
[00:07:37] Bootstrap tree #32, logLikelihood: -9438.480137
[00:07:49] Bootstrap tree #33, logLikelihood: -9256.544722
[00:07:58] Bootstrap tree #34, logLikelihood: -9277.537247
[00:08:10] Bootstrap tree #35, logLikelihood: -9277.046977
[00:08:20] Bootstrap tree #36, logLikelihood: -9601.649753
[00:08:29] Bootstrap tree #37, logLikelihood: -9175.266539
[00:08:40] Bootstrap tree #38, logLikelihood: -9441.868208
[00:08:53] Bootstrap tree #39, logLikelihood: -9855.918826
[00:09:05] Bootstrap tree #40, logLikelihood: -9281.202524
[00:09:17] Bootstrap tree #41, logLikelihood: -9127.505927
[00:09:28] Bootstrap tree #42, logLikelihood: -9732.485881
[00:09:40] Bootstrap tree #43, logLikelihood: -9564.296249
[00:09:49] Bootstrap tree #44, logLikelihood: -9330.348911
[00:10:01] Bootstrap tree #45, logLikelihood: -9159.141692
[00:10:12] Bootstrap tree #46, logLikelihood: -9413.419649
[00:10:23] Bootstrap tree #47, logLikelihood: -9495.050367
[00:10:34] Bootstrap tree #48, logLikelihood: -9340.359906
[00:10:44] Bootstrap tree #49, logLikelihood: -9379.688485
[00:10:54] Bootstrap tree #50, logLikelihood: -9423.492933
[00:11:04] Bootstrap tree #51, logLikelihood: -9518.235185
[00:11:16] Bootstrap tree #52, logLikelihood: -9337.954391
[00:11:27] Bootstrap tree #53, logLikelihood: -9552.829109
[00:11:40] Bootstrap tree #54, logLikelihood: -9956.399046
[00:11:52] Bootstrap tree #55, logLikelihood: -9692.537230
[00:12:01] Bootstrap tree #56, logLikelihood: -9489.223164
[00:12:14] Bootstrap tree #57, logLikelihood: -9651.140200
[00:12:25] Bootstrap tree #58, logLikelihood: -9421.335315
[00:12:34] Bootstrap tree #59, logLikelihood: -9531.252514
[00:12:44] Bootstrap tree #60, logLikelihood: -9258.748493
[00:12:55] Bootstrap tree #61, logLikelihood: -9930.812637
[00:13:07] Bootstrap tree #62, logLikelihood: -9248.389696
[00:13:17] Bootstrap tree #63, logLikelihood: -9697.405670
[00:13:26] Bootstrap tree #64, logLikelihood: -9500.521940
[00:13:36] Bootstrap tree #65, logLikelihood: -9276.470028
[00:13:47] Bootstrap tree #66, logLikelihood: -9644.093764
[00:13:58] Bootstrap tree #67, logLikelihood: -9727.807953
[00:14:08] Bootstrap tree #68, logLikelihood: -10005.751211
[00:14:18] Bootstrap tree #69, logLikelihood: -9409.476477
[00:14:27] Bootstrap tree #70, logLikelihood: -9293.263232
[00:14:39] Bootstrap tree #71, logLikelihood: -9708.996543
[00:14:49] Bootstrap tree #72, logLikelihood: -9544.798958
[00:14:58] Bootstrap tree #73, logLikelihood: -9550.684718
[00:15:11] Bootstrap tree #74, logLikelihood: -9031.254185
[00:15:23] Bootstrap tree #75, logLikelihood: -9898.259631
[00:15:33] Bootstrap tree #76, logLikelihood: -9239.797352
[00:15:43] Bootstrap tree #77, logLikelihood: -9492.507475
[00:15:52] Bootstrap tree #78, logLikelihood: -9538.849302
[00:16:02] Bootstrap tree #79, logLikelihood: -9318.665853
[00:16:12] Bootstrap tree #80, logLikelihood: -9306.626616
[00:16:20] Bootstrap tree #81, logLikelihood: -9480.330250
[00:16:30] Bootstrap tree #82, logLikelihood: -9369.709300
[00:16:40] Bootstrap tree #83, logLikelihood: -9707.938784
[00:16:53] Bootstrap tree #84, logLikelihood: -9894.072743
[00:17:04] Bootstrap tree #85, logLikelihood: -9678.712968
[00:17:14] Bootstrap tree #86, logLikelihood: -9838.437047
[00:17:24] Bootstrap tree #87, logLikelihood: -9579.797680
[00:17:34] Bootstrap tree #88, logLikelihood: -9236.232734
[00:17:45] Bootstrap tree #89, logLikelihood: -9560.645700
[00:17:56] Bootstrap tree #90, logLikelihood: -9526.619150
[00:18:07] Bootstrap tree #91, logLikelihood: -9531.131341
[00:18:19] Bootstrap tree #92, logLikelihood: -9698.142209
[00:18:28] Bootstrap tree #93, logLikelihood: -9407.862869
[00:18:38] Bootstrap tree #94, logLikelihood: -9417.823553
[00:18:48] Bootstrap tree #95, logLikelihood: -8911.310790
[00:18:59] Bootstrap tree #96, logLikelihood: -9428.554238
[00:19:10] Bootstrap tree #97, logLikelihood: -10075.453173
[00:19:19] Bootstrap tree #98, logLikelihood: -9342.230107
[00:19:28] Bootstrap tree #99, logLikelihood: -9488.700765
[00:19:39] Bootstrap tree #100, logLikelihood: -9206.859788

Optimized model parameters:

   Partition 0: noname
   Rate heterogeneity: GAMMA (4 cats, mean),  alpha: 0.443039 (ML),  weights&rates: (0.250000,0.023381) (0.250000,0.213114) (0.250000,0.773950) (0.250000,2.989555) 
   Base frequencies (ML): 0.237473 0.336401 0.298183 0.127944 
   Substitution rates (ML): 0.794448 2.733415 0.917942 0.817189 4.996148 1.000000 

Final LogLikelihood: -9545.623857

All ML trees saved to: /mnt/lustre/scratch/home/uvi/be/avs/cancer_genes_selection/genes/SS18L1/tree/SS18L1_trimmed.raxml.mlTrees
Best ML tree saved to: /mnt/lustre/scratch/home/uvi/be/avs/cancer_genes_selection/genes/SS18L1/tree/SS18L1_trimmed.raxml.bestTree
Best ML tree with bootstrap support values saved to: /mnt/lustre/scratch/home/uvi/be/avs/cancer_genes_selection/genes/SS18L1/tree/SS18L1_trimmed.raxml.support
Optimized model saved to: /mnt/lustre/scratch/home/uvi/be/avs/cancer_genes_selection/genes/SS18L1/tree/SS18L1_trimmed.raxml.bestModel
Bootstrap trees saved to: /mnt/lustre/scratch/home/uvi/be/avs/cancer_genes_selection/genes/SS18L1/tree/SS18L1_trimmed.raxml.bootstraps

Execution log saved to: /mnt/lustre/scratch/home/uvi/be/avs/cancer_genes_selection/genes/SS18L1/tree/SS18L1_trimmed.raxml.log

Analysis started: 27-Mar-2018 01:05:21 / finished: 27-Mar-2018 01:25:04

Elapsed time: 1183.494 seconds

