
RAxML-NG v. 0.5.1b BETA released on 01.12.2017 by The Exelixis Lab.
Authors: Alexey Kozlov, Alexandros Stamatakis, Diego Darriba, Tomas Flouri, Benoit Morel.
Latest version: https://github.com/amkozlov/raxml-ng
Questions/problems/suggestions? Please visit: https://groups.google.com/forum/#!forum/raxml

WARNING: This is a BETA release, please use at your own risk!

RAxML-NG was called as follows:

raxml-ng-mpi --all --msa /mnt/lustre/scratch/home/uvi/be/avs/cancer_genes_selection/genes/IL6ST/align/IL6ST_align_DNA_trimmed2.fasta --model GTR+G -tree pars{10} --bs-trees 100 --prefix /mnt/lustre/scratch/home/uvi/be/avs/cancer_genes_selection/genes/IL6ST/tree/IL6ST_trimmed --redo

Analysis options:
  run mode: ML tree search + bootstrapping
  start tree(s): parsimony (10)
  random seed: 1522095506
  tip-inner: ON
  pattern compression: ON
  per-rate scalers: OFF
  site repeats: OFF
  branch lengths: ML estimate (linked)
  SIMD kernels: AVX2
  parallelization: NONE/sequential

WARNING: Running in REDO mode: existing checkpoints are ignored, and all result files will be overwritten!

[00:00:00] Reading alignment from file: /mnt/lustre/scratch/home/uvi/be/avs/cancer_genes_selection/genes/IL6ST/align/IL6ST_align_DNA_trimmed2.fasta
[00:00:01] Loaded alignment with 26 taxa and 2760 sites

Alignment comprises 1 partitions and 1587 patterns

Partition 0: noname
Model: GTR+FO+G4m
Alignment sites / patterns: 2760 / 1587
Gaps: 2.77 %
Invariant sites: 36.99 %


[00:00:01] Generating parsimony starting tree(s) with 26 taxa
[00:00:01] Data distribution: partitions/thread: 1-1, patterns/thread: 1587-1587

Starting ML tree search with 10 distinct starting trees

[00:00:17] ML tree search #1, logLikelihood: -24969.971976
[00:00:30] ML tree search #2, logLikelihood: -24969.972354
[00:00:44] ML tree search #3, logLikelihood: -24969.971336
[00:00:57] ML tree search #4, logLikelihood: -24969.971976
[00:01:09] ML tree search #5, logLikelihood: -24969.971719
[00:01:23] ML tree search #6, logLikelihood: -24969.971447
[00:01:35] ML tree search #7, logLikelihood: -24971.130539
[00:01:49] ML tree search #8, logLikelihood: -24971.131942
[00:02:02] ML tree search #9, logLikelihood: -24969.971574
[00:02:15] ML tree search #10, logLikelihood: -24969.971463

[00:02:15] ML tree search completed, best tree logLH: -24969.971336

[00:02:15] Starting bootstrapping analysis with 100 replicates.

[00:02:31] Bootstrap tree #1, logLikelihood: -24892.237896
[00:02:43] Bootstrap tree #2, logLikelihood: -24487.178194
[00:02:56] Bootstrap tree #3, logLikelihood: -24983.395793
[00:03:09] Bootstrap tree #4, logLikelihood: -24611.512950
[00:03:21] Bootstrap tree #5, logLikelihood: -25511.836617
[00:03:33] Bootstrap tree #6, logLikelihood: -25635.729329
[00:03:49] Bootstrap tree #7, logLikelihood: -25057.626125
[00:04:04] Bootstrap tree #8, logLikelihood: -24913.436517
[00:04:17] Bootstrap tree #9, logLikelihood: -25137.797754
[00:04:32] Bootstrap tree #10, logLikelihood: -25650.151404
[00:04:48] Bootstrap tree #11, logLikelihood: -24382.341722
[00:05:00] Bootstrap tree #12, logLikelihood: -24873.074843
[00:05:13] Bootstrap tree #13, logLikelihood: -25017.852398
[00:05:29] Bootstrap tree #14, logLikelihood: -24608.766395
[00:05:42] Bootstrap tree #15, logLikelihood: -25223.958673
[00:05:57] Bootstrap tree #16, logLikelihood: -25106.191010
[00:06:10] Bootstrap tree #17, logLikelihood: -24883.679987
[00:06:23] Bootstrap tree #18, logLikelihood: -24995.873714
[00:06:36] Bootstrap tree #19, logLikelihood: -25221.898994
[00:06:50] Bootstrap tree #20, logLikelihood: -25393.354824
[00:07:04] Bootstrap tree #21, logLikelihood: -24448.046365
[00:07:19] Bootstrap tree #22, logLikelihood: -24973.041397
[00:07:33] Bootstrap tree #23, logLikelihood: -24804.943440
[00:07:45] Bootstrap tree #24, logLikelihood: -25110.766299
[00:08:00] Bootstrap tree #25, logLikelihood: -25003.443071
[00:08:12] Bootstrap tree #26, logLikelihood: -24669.746762
[00:08:25] Bootstrap tree #27, logLikelihood: -24786.111119
[00:08:43] Bootstrap tree #28, logLikelihood: -25042.206136
[00:08:55] Bootstrap tree #29, logLikelihood: -24893.959725
[00:09:08] Bootstrap tree #30, logLikelihood: -25013.128517
[00:09:22] Bootstrap tree #31, logLikelihood: -24571.999549
[00:09:36] Bootstrap tree #32, logLikelihood: -24114.758932
[00:09:48] Bootstrap tree #33, logLikelihood: -24858.513525
[00:10:01] Bootstrap tree #34, logLikelihood: -24501.787489
[00:10:14] Bootstrap tree #35, logLikelihood: -24680.690607
[00:10:28] Bootstrap tree #36, logLikelihood: -24392.021389
[00:10:43] Bootstrap tree #37, logLikelihood: -24861.252305
[00:10:58] Bootstrap tree #38, logLikelihood: -24964.333749
[00:11:15] Bootstrap tree #39, logLikelihood: -24484.337937
[00:11:30] Bootstrap tree #40, logLikelihood: -24711.783049
[00:11:49] Bootstrap tree #41, logLikelihood: -24989.140024
[00:12:00] Bootstrap tree #42, logLikelihood: -24916.738028
[00:12:14] Bootstrap tree #43, logLikelihood: -25439.986619
[00:12:28] Bootstrap tree #44, logLikelihood: -24297.253534
[00:12:41] Bootstrap tree #45, logLikelihood: -24511.961388
[00:12:56] Bootstrap tree #46, logLikelihood: -24661.320873
[00:13:12] Bootstrap tree #47, logLikelihood: -25015.527746
[00:13:28] Bootstrap tree #48, logLikelihood: -24648.714537
[00:13:42] Bootstrap tree #49, logLikelihood: -24754.293900
[00:13:58] Bootstrap tree #50, logLikelihood: -25295.734891
[00:14:13] Bootstrap tree #51, logLikelihood: -25056.522425
[00:14:32] Bootstrap tree #52, logLikelihood: -24705.093882
[00:14:45] Bootstrap tree #53, logLikelihood: -25108.526647
[00:15:00] Bootstrap tree #54, logLikelihood: -24918.273232
[00:15:18] Bootstrap tree #55, logLikelihood: -24662.731421
[00:15:32] Bootstrap tree #56, logLikelihood: -25089.098928
[00:15:46] Bootstrap tree #57, logLikelihood: -25053.812888
[00:16:04] Bootstrap tree #58, logLikelihood: -24829.224590
[00:16:18] Bootstrap tree #59, logLikelihood: -24887.195365
[00:16:38] Bootstrap tree #60, logLikelihood: -24722.206110
[00:16:54] Bootstrap tree #61, logLikelihood: -25056.356648
[00:17:07] Bootstrap tree #62, logLikelihood: -25255.919464
[00:17:21] Bootstrap tree #63, logLikelihood: -24605.937100
[00:17:39] Bootstrap tree #64, logLikelihood: -25270.678968
[00:17:55] Bootstrap tree #65, logLikelihood: -25524.672363
[00:18:11] Bootstrap tree #66, logLikelihood: -25082.141278
[00:18:31] Bootstrap tree #67, logLikelihood: -24664.226506
[00:18:46] Bootstrap tree #68, logLikelihood: -25139.544080
[00:19:03] Bootstrap tree #69, logLikelihood: -25105.339239
[00:19:21] Bootstrap tree #70, logLikelihood: -24418.877144
[00:19:37] Bootstrap tree #71, logLikelihood: -24791.925064
[00:19:52] Bootstrap tree #72, logLikelihood: -25143.915434
[00:20:06] Bootstrap tree #73, logLikelihood: -24638.817865
[00:20:21] Bootstrap tree #74, logLikelihood: -25246.044130
[00:20:36] Bootstrap tree #75, logLikelihood: -25072.728084
[00:20:51] Bootstrap tree #76, logLikelihood: -24568.031737
[00:21:07] Bootstrap tree #77, logLikelihood: -25127.303951
[00:21:22] Bootstrap tree #78, logLikelihood: -25029.927283
[00:21:36] Bootstrap tree #79, logLikelihood: -24485.448750
[00:21:50] Bootstrap tree #80, logLikelihood: -25007.952452
[00:22:04] Bootstrap tree #81, logLikelihood: -25977.373091
[00:22:17] Bootstrap tree #82, logLikelihood: -25035.167581
[00:22:29] Bootstrap tree #83, logLikelihood: -24374.203879
[00:22:43] Bootstrap tree #84, logLikelihood: -25383.381885
[00:23:00] Bootstrap tree #85, logLikelihood: -25052.227016
[00:23:16] Bootstrap tree #86, logLikelihood: -24883.053913
[00:23:31] Bootstrap tree #87, logLikelihood: -25109.534439
[00:23:47] Bootstrap tree #88, logLikelihood: -25481.800829
[00:24:03] Bootstrap tree #89, logLikelihood: -25157.085785
[00:24:18] Bootstrap tree #90, logLikelihood: -24862.954108
[00:24:33] Bootstrap tree #91, logLikelihood: -25342.524219
[00:24:48] Bootstrap tree #92, logLikelihood: -24816.054075
[00:25:05] Bootstrap tree #93, logLikelihood: -24811.509825
[00:25:21] Bootstrap tree #94, logLikelihood: -25123.058320
[00:25:34] Bootstrap tree #95, logLikelihood: -24263.697212
[00:25:48] Bootstrap tree #96, logLikelihood: -24243.101131
[00:26:04] Bootstrap tree #97, logLikelihood: -24641.323582
[00:26:18] Bootstrap tree #98, logLikelihood: -24603.039968
[00:26:40] Bootstrap tree #99, logLikelihood: -24762.205685
[00:26:56] Bootstrap tree #100, logLikelihood: -24793.216721

Optimized model parameters:

   Partition 0: noname
   Rate heterogeneity: GAMMA (4 cats, mean),  alpha: 0.643095 (ML),  weights&rates: (0.250000,0.062101) (0.250000,0.335396) (0.250000,0.901807) (0.250000,2.700696) 
   Base frequencies (ML): 0.285655 0.235592 0.232123 0.246630 
   Substitution rates (ML): 1.424921 4.473452 0.956880 1.098314 4.310917 1.000000 

Final LogLikelihood: -24969.971336

All ML trees saved to: /mnt/lustre/scratch/home/uvi/be/avs/cancer_genes_selection/genes/IL6ST/tree/IL6ST_trimmed.raxml.mlTrees
Best ML tree saved to: /mnt/lustre/scratch/home/uvi/be/avs/cancer_genes_selection/genes/IL6ST/tree/IL6ST_trimmed.raxml.bestTree
Best ML tree with bootstrap support values saved to: /mnt/lustre/scratch/home/uvi/be/avs/cancer_genes_selection/genes/IL6ST/tree/IL6ST_trimmed.raxml.support
Optimized model saved to: /mnt/lustre/scratch/home/uvi/be/avs/cancer_genes_selection/genes/IL6ST/tree/IL6ST_trimmed.raxml.bestModel
Bootstrap trees saved to: /mnt/lustre/scratch/home/uvi/be/avs/cancer_genes_selection/genes/IL6ST/tree/IL6ST_trimmed.raxml.bootstraps

Execution log saved to: /mnt/lustre/scratch/home/uvi/be/avs/cancer_genes_selection/genes/IL6ST/tree/IL6ST_trimmed.raxml.log

Analysis started: 26-Mar-2018 22:18:26 / finished: 26-Mar-2018 22:45:26

Elapsed time: 1620.265 seconds

