
RAxML-NG v. 0.5.1b BETA released on 01.12.2017 by The Exelixis Lab.
Authors: Alexey Kozlov, Alexandros Stamatakis, Diego Darriba, Tomas Flouri, Benoit Morel.
Latest version: https://github.com/amkozlov/raxml-ng
Questions/problems/suggestions? Please visit: https://groups.google.com/forum/#!forum/raxml

WARNING: This is a BETA release, please use at your own risk!

RAxML-NG was called as follows:

raxml-ng-mpi --all --msa /mnt/lustre/scratch/home/uvi/be/avs/cancer_genes_selection/genes/EIF4A2/align/EIF4A2_align_DNA_trimmed.fasta --model GTR+G -tree pars{10} --bs-trees 100 --prefix /mnt/lustre/scratch/home/uvi/be/avs/cancer_genes_selection/genes/EIF4A2/tree/EIF4A2 --redo

Analysis options:
  run mode: ML tree search + bootstrapping
  start tree(s): parsimony (10)
  random seed: 1521654126
  tip-inner: ON
  pattern compression: ON
  per-rate scalers: OFF
  site repeats: OFF
  branch lengths: ML estimate (linked)
  SIMD kernels: AVX2
  parallelization: NONE/sequential

WARNING: Running in REDO mode: existing checkpoints are ignored, and all result files will be overwritten!

[00:00:00] Reading alignment from file: /mnt/lustre/scratch/home/uvi/be/avs/cancer_genes_selection/genes/EIF4A2/align/EIF4A2_align_DNA_trimmed.fasta
[00:00:00] Loaded alignment with 30 taxa and 1224 sites

Alignment comprises 1 partitions and 594 patterns

Partition 0: noname
Model: GTR+FO+G4m
Alignment sites / patterns: 1224 / 594
Gaps: 8.46 %
Invariant sites: 57.60 %


[00:00:00] Generating parsimony starting tree(s) with 30 taxa
[00:00:01] Data distribution: partitions/thread: 1-1, patterns/thread: 594-594

Starting ML tree search with 10 distinct starting trees

[00:00:09] ML tree search #1, logLikelihood: -6676.280895
[00:00:18] ML tree search #2, logLikelihood: -6676.756776
[00:00:29] ML tree search #3, logLikelihood: -6676.280700
[00:00:39] ML tree search #4, logLikelihood: -6675.237885
[00:00:47] ML tree search #5, logLikelihood: -6675.236040
[00:00:54] ML tree search #6, logLikelihood: -6675.236385
[00:01:04] ML tree search #7, logLikelihood: -6675.237877
[00:01:12] ML tree search #8, logLikelihood: -6676.756994
[00:01:21] ML tree search #9, logLikelihood: -6675.238188
[00:01:29] ML tree search #10, logLikelihood: -6675.235630

[00:01:29] ML tree search completed, best tree logLH: -6675.235630

[00:01:29] Starting bootstrapping analysis with 100 replicates.

[00:01:35] Bootstrap tree #1, logLikelihood: -6598.148929
[00:01:42] Bootstrap tree #2, logLikelihood: -6161.515627
[00:01:47] Bootstrap tree #3, logLikelihood: -6525.828733
[00:01:56] Bootstrap tree #4, logLikelihood: -6521.460355
[00:02:04] Bootstrap tree #5, logLikelihood: -6433.594198
[00:02:11] Bootstrap tree #6, logLikelihood: -6430.328459
[00:02:21] Bootstrap tree #7, logLikelihood: -6665.620987
[00:02:28] Bootstrap tree #8, logLikelihood: -6775.034198
[00:02:36] Bootstrap tree #9, logLikelihood: -6729.343169
[00:02:44] Bootstrap tree #10, logLikelihood: -6852.782710
[00:02:51] Bootstrap tree #11, logLikelihood: -6652.882545
[00:02:57] Bootstrap tree #12, logLikelihood: -6342.500606
[00:03:05] Bootstrap tree #13, logLikelihood: -6801.739071
[00:03:11] Bootstrap tree #14, logLikelihood: -6784.235407
[00:03:17] Bootstrap tree #15, logLikelihood: -6436.317441
[00:03:24] Bootstrap tree #16, logLikelihood: -6517.898792
[00:03:32] Bootstrap tree #17, logLikelihood: -6566.170122
[00:03:39] Bootstrap tree #18, logLikelihood: -6606.923402
[00:03:45] Bootstrap tree #19, logLikelihood: -6343.756674
[00:03:53] Bootstrap tree #20, logLikelihood: -6512.980228
[00:03:59] Bootstrap tree #21, logLikelihood: -6530.850691
[00:04:06] Bootstrap tree #22, logLikelihood: -6689.038007
[00:04:12] Bootstrap tree #23, logLikelihood: -6503.649884
[00:04:21] Bootstrap tree #24, logLikelihood: -6572.035748
[00:04:29] Bootstrap tree #25, logLikelihood: -6764.439680
[00:04:36] Bootstrap tree #26, logLikelihood: -6851.668166
[00:04:43] Bootstrap tree #27, logLikelihood: -6432.679471
[00:04:50] Bootstrap tree #28, logLikelihood: -6526.319778
[00:04:58] Bootstrap tree #29, logLikelihood: -6561.771760
[00:05:08] Bootstrap tree #30, logLikelihood: -6392.821908
[00:05:14] Bootstrap tree #31, logLikelihood: -6328.087347
[00:05:22] Bootstrap tree #32, logLikelihood: -6432.462006
[00:05:29] Bootstrap tree #33, logLikelihood: -6606.738807
[00:05:37] Bootstrap tree #34, logLikelihood: -6828.598555
[00:05:42] Bootstrap tree #35, logLikelihood: -6790.217690
[00:05:50] Bootstrap tree #36, logLikelihood: -6838.133413
[00:05:58] Bootstrap tree #37, logLikelihood: -6186.820398
[00:06:06] Bootstrap tree #38, logLikelihood: -6376.628190
[00:06:16] Bootstrap tree #39, logLikelihood: -6259.759830
[00:06:23] Bootstrap tree #40, logLikelihood: -6770.175381
[00:06:33] Bootstrap tree #41, logLikelihood: -6703.366634
[00:06:40] Bootstrap tree #42, logLikelihood: -6515.564583
[00:06:47] Bootstrap tree #43, logLikelihood: -6613.751438
[00:06:53] Bootstrap tree #44, logLikelihood: -6209.737197
[00:07:00] Bootstrap tree #45, logLikelihood: -6685.951461
[00:07:06] Bootstrap tree #46, logLikelihood: -6320.877932
[00:07:15] Bootstrap tree #47, logLikelihood: -6328.461344
[00:07:23] Bootstrap tree #48, logLikelihood: -6608.383809
[00:07:32] Bootstrap tree #49, logLikelihood: -6630.514373
[00:07:40] Bootstrap tree #50, logLikelihood: -6234.907224
[00:07:48] Bootstrap tree #51, logLikelihood: -6940.596937
[00:07:55] Bootstrap tree #52, logLikelihood: -7023.406472
[00:08:04] Bootstrap tree #53, logLikelihood: -6668.176802
[00:08:12] Bootstrap tree #54, logLikelihood: -6353.250314
[00:08:20] Bootstrap tree #55, logLikelihood: -6783.312826
[00:08:28] Bootstrap tree #56, logLikelihood: -6832.711679
[00:08:35] Bootstrap tree #57, logLikelihood: -6445.095149
[00:08:46] Bootstrap tree #58, logLikelihood: -6747.965107
[00:08:52] Bootstrap tree #59, logLikelihood: -6558.997213
[00:09:00] Bootstrap tree #60, logLikelihood: -6962.998909
[00:09:10] Bootstrap tree #61, logLikelihood: -6637.046919
[00:09:19] Bootstrap tree #62, logLikelihood: -6548.059854
[00:09:27] Bootstrap tree #63, logLikelihood: -6719.260376
[00:09:36] Bootstrap tree #64, logLikelihood: -6598.973207
[00:09:45] Bootstrap tree #65, logLikelihood: -6312.669907
[00:09:54] Bootstrap tree #66, logLikelihood: -6449.098514
[00:10:02] Bootstrap tree #67, logLikelihood: -6690.869033
[00:10:11] Bootstrap tree #68, logLikelihood: -6467.973866
[00:10:20] Bootstrap tree #69, logLikelihood: -6427.536095
[00:10:30] Bootstrap tree #70, logLikelihood: -6568.629488
[00:10:52] Bootstrap tree #71, logLikelihood: -6265.772622
[00:11:06] Bootstrap tree #72, logLikelihood: -6869.784054
[00:11:15] Bootstrap tree #73, logLikelihood: -6452.278841
[00:11:23] Bootstrap tree #74, logLikelihood: -6173.176194
[00:11:31] Bootstrap tree #75, logLikelihood: -6982.672292
[00:11:39] Bootstrap tree #76, logLikelihood: -6521.242415
[00:11:47] Bootstrap tree #77, logLikelihood: -6260.709690
[00:11:57] Bootstrap tree #78, logLikelihood: -6738.780491
[00:12:06] Bootstrap tree #79, logLikelihood: -6639.982094
[00:12:15] Bootstrap tree #80, logLikelihood: -6646.756313
[00:12:25] Bootstrap tree #81, logLikelihood: -6734.441152
[00:12:34] Bootstrap tree #82, logLikelihood: -6767.784287
[00:12:43] Bootstrap tree #83, logLikelihood: -6703.060353
[00:12:51] Bootstrap tree #84, logLikelihood: -6439.846407
[00:12:59] Bootstrap tree #85, logLikelihood: -6672.485758
[00:13:10] Bootstrap tree #86, logLikelihood: -6644.104087
[00:13:18] Bootstrap tree #87, logLikelihood: -6856.148546
[00:13:27] Bootstrap tree #88, logLikelihood: -6427.968985
[00:13:36] Bootstrap tree #89, logLikelihood: -6422.357503
[00:13:44] Bootstrap tree #90, logLikelihood: -6504.604685
[00:13:56] Bootstrap tree #91, logLikelihood: -6828.522653
[00:14:04] Bootstrap tree #92, logLikelihood: -6836.128547
[00:14:17] Bootstrap tree #93, logLikelihood: -6343.228378
[00:14:26] Bootstrap tree #94, logLikelihood: -6717.010545
[00:14:36] Bootstrap tree #95, logLikelihood: -6384.655132
[00:14:45] Bootstrap tree #96, logLikelihood: -6647.180113
[00:14:55] Bootstrap tree #97, logLikelihood: -6742.020073
[00:15:02] Bootstrap tree #98, logLikelihood: -6759.895929
[00:15:10] Bootstrap tree #99, logLikelihood: -6606.935662
[00:15:19] Bootstrap tree #100, logLikelihood: -6735.608711

Optimized model parameters:

   Partition 0: noname
   Rate heterogeneity: GAMMA (4 cats, mean),  alpha: 0.560684 (ML),  weights&rates: (0.250000,0.045114) (0.250000,0.289699) (0.250000,0.859855) (0.250000,2.805332) 
   Base frequencies (ML): 0.292760 0.190543 0.244770 0.271927 
   Substitution rates (ML): 1.202442 3.738065 1.166547 1.291532 6.952482 1.000000 

Final LogLikelihood: -6675.235630

All ML trees saved to: /mnt/lustre/scratch/home/uvi/be/avs/cancer_genes_selection/genes/EIF4A2/tree/EIF4A2.raxml.mlTrees
Best ML tree saved to: /mnt/lustre/scratch/home/uvi/be/avs/cancer_genes_selection/genes/EIF4A2/tree/EIF4A2.raxml.bestTree
Best ML tree with bootstrap support values saved to: /mnt/lustre/scratch/home/uvi/be/avs/cancer_genes_selection/genes/EIF4A2/tree/EIF4A2.raxml.support
Optimized model saved to: /mnt/lustre/scratch/home/uvi/be/avs/cancer_genes_selection/genes/EIF4A2/tree/EIF4A2.raxml.bestModel
Bootstrap trees saved to: /mnt/lustre/scratch/home/uvi/be/avs/cancer_genes_selection/genes/EIF4A2/tree/EIF4A2.raxml.bootstraps

Execution log saved to: /mnt/lustre/scratch/home/uvi/be/avs/cancer_genes_selection/genes/EIF4A2/tree/EIF4A2.raxml.log

Analysis started: 21-Mar-2018 18:42:06 / finished: 21-Mar-2018 18:57:29

Elapsed time: 922.643 seconds

