
RAxML-NG v. 0.5.1b BETA released on 01.12.2017 by The Exelixis Lab.
Authors: Alexey Kozlov, Alexandros Stamatakis, Diego Darriba, Tomas Flouri, Benoit Morel.
Latest version: https://github.com/amkozlov/raxml-ng
Questions/problems/suggestions? Please visit: https://groups.google.com/forum/#!forum/raxml

WARNING: This is a BETA release, please use at your own risk!

RAxML-NG was called as follows:

raxml-ng-mpi --all --msa /mnt/lustre/scratch/home/uvi/be/avs/cancer_genes_selection/genes/KDM5C/align/KDM5C_align_DNA_trimmed.fasta --model GTR+G -tree pars{10} --bs-trees 100 --prefix /mnt/lustre/scratch/home/uvi/be/avs/cancer_genes_selection/genes/KDM5C/tree/KDM5C --redo

Analysis options:
  run mode: ML tree search + bootstrapping
  start tree(s): parsimony (10)
  random seed: 1521660150
  tip-inner: ON
  pattern compression: ON
  per-rate scalers: OFF
  site repeats: OFF
  branch lengths: ML estimate (linked)
  SIMD kernels: AVX2
  parallelization: NONE/sequential

WARNING: Running in REDO mode: existing checkpoints are ignored, and all result files will be overwritten!

[00:00:00] Reading alignment from file: /mnt/lustre/scratch/home/uvi/be/avs/cancer_genes_selection/genes/KDM5C/align/KDM5C_align_DNA_trimmed.fasta
[00:00:00] Loaded alignment with 27 taxa and 4683 sites

Alignment comprises 1 partitions and 1948 patterns

Partition 0: noname
Model: GTR+FO+G4m
Alignment sites / patterns: 4683 / 1948
Gaps: 5.78 %
Invariant sites: 54.54 %


[00:00:01] Generating parsimony starting tree(s) with 27 taxa
[00:00:01] Data distribution: partitions/thread: 1-1, patterns/thread: 1948-1948

Starting ML tree search with 10 distinct starting trees

[00:00:12] ML tree search #1, logLikelihood: -30037.103014
[00:00:25] ML tree search #2, logLikelihood: -30032.302131
[00:00:37] ML tree search #3, logLikelihood: -30037.102837
[00:00:47] ML tree search #4, logLikelihood: -30032.303362
[00:01:02] ML tree search #5, logLikelihood: -30032.303798
[00:01:14] ML tree search #6, logLikelihood: -30032.303852
[00:01:29] ML tree search #7, logLikelihood: -30032.303239
[00:01:40] ML tree search #8, logLikelihood: -30032.302611
[00:01:51] ML tree search #9, logLikelihood: -30032.303858
[00:02:06] ML tree search #10, logLikelihood: -30032.303324

[00:02:06] ML tree search completed, best tree logLH: -30032.302131

[00:02:06] Starting bootstrapping analysis with 100 replicates.

[00:02:18] Bootstrap tree #1, logLikelihood: -30624.900106
[00:02:30] Bootstrap tree #2, logLikelihood: -30052.528947
[00:02:44] Bootstrap tree #3, logLikelihood: -29609.794091
[00:02:57] Bootstrap tree #4, logLikelihood: -29604.041114
[00:03:09] Bootstrap tree #5, logLikelihood: -29849.713914
[00:03:22] Bootstrap tree #6, logLikelihood: -29729.201323
[00:03:37] Bootstrap tree #7, logLikelihood: -29599.559403
[00:03:51] Bootstrap tree #8, logLikelihood: -29397.073251
[00:04:04] Bootstrap tree #9, logLikelihood: -29874.341581
[00:04:18] Bootstrap tree #10, logLikelihood: -29891.193728
[00:04:33] Bootstrap tree #11, logLikelihood: -29759.973311
[00:04:45] Bootstrap tree #12, logLikelihood: -30535.687396
[00:04:59] Bootstrap tree #13, logLikelihood: -29514.240105
[00:05:13] Bootstrap tree #14, logLikelihood: -29757.551344
[00:05:27] Bootstrap tree #15, logLikelihood: -29908.370498
[00:05:45] Bootstrap tree #16, logLikelihood: -29570.971737
[00:06:00] Bootstrap tree #17, logLikelihood: -30213.950168
[00:06:17] Bootstrap tree #18, logLikelihood: -29300.012647
[00:06:30] Bootstrap tree #19, logLikelihood: -29894.271656
[00:06:43] Bootstrap tree #20, logLikelihood: -30892.324806
[00:06:57] Bootstrap tree #21, logLikelihood: -29873.398011
[00:07:09] Bootstrap tree #22, logLikelihood: -30315.417038
[00:07:24] Bootstrap tree #23, logLikelihood: -30562.314213
[00:07:39] Bootstrap tree #24, logLikelihood: -29480.934707
[00:07:57] Bootstrap tree #25, logLikelihood: -29909.300188
[00:08:13] Bootstrap tree #26, logLikelihood: -30192.901154
[00:08:25] Bootstrap tree #27, logLikelihood: -29654.920852
[00:08:38] Bootstrap tree #28, logLikelihood: -29687.302011
[00:08:58] Bootstrap tree #29, logLikelihood: -29404.698718
[00:09:09] Bootstrap tree #30, logLikelihood: -29804.244352
[00:09:26] Bootstrap tree #31, logLikelihood: -29770.469661
[00:09:41] Bootstrap tree #32, logLikelihood: -29842.200854
[00:09:56] Bootstrap tree #33, logLikelihood: -29959.038954
[00:10:12] Bootstrap tree #34, logLikelihood: -30112.626229
[00:10:26] Bootstrap tree #35, logLikelihood: -29172.384371
[00:10:43] Bootstrap tree #36, logLikelihood: -30358.558330
[00:10:58] Bootstrap tree #37, logLikelihood: -29572.346679
[00:11:11] Bootstrap tree #38, logLikelihood: -30119.235655
[00:11:26] Bootstrap tree #39, logLikelihood: -29655.297074
[00:11:41] Bootstrap tree #40, logLikelihood: -30254.099733
[00:11:55] Bootstrap tree #41, logLikelihood: -30112.009700
[00:12:08] Bootstrap tree #42, logLikelihood: -28932.214119
[00:12:21] Bootstrap tree #43, logLikelihood: -29677.569272
[00:12:35] Bootstrap tree #44, logLikelihood: -30191.094013
[00:12:53] Bootstrap tree #45, logLikelihood: -30688.843890
[00:13:10] Bootstrap tree #46, logLikelihood: -30104.501707
[00:13:23] Bootstrap tree #47, logLikelihood: -29252.315713
[00:13:37] Bootstrap tree #48, logLikelihood: -29739.412603
[00:13:49] Bootstrap tree #49, logLikelihood: -29955.868680
[00:14:01] Bootstrap tree #50, logLikelihood: -29659.375943
[00:14:15] Bootstrap tree #51, logLikelihood: -29430.124775
[00:14:31] Bootstrap tree #52, logLikelihood: -29529.730131
[00:14:44] Bootstrap tree #53, logLikelihood: -30376.318466
[00:14:58] Bootstrap tree #54, logLikelihood: -29789.717785
[00:15:17] Bootstrap tree #55, logLikelihood: -29830.764704
[00:15:33] Bootstrap tree #56, logLikelihood: -29457.279332
[00:15:48] Bootstrap tree #57, logLikelihood: -29361.950516
[00:16:01] Bootstrap tree #58, logLikelihood: -30098.553393
[00:16:14] Bootstrap tree #59, logLikelihood: -30626.126922
[00:16:26] Bootstrap tree #60, logLikelihood: -30128.411074
[00:16:42] Bootstrap tree #61, logLikelihood: -29653.987069
[00:16:57] Bootstrap tree #62, logLikelihood: -29855.200926
[00:17:11] Bootstrap tree #63, logLikelihood: -29652.483723
[00:17:25] Bootstrap tree #64, logLikelihood: -29694.023249
[00:17:39] Bootstrap tree #65, logLikelihood: -30623.613068
[00:17:54] Bootstrap tree #66, logLikelihood: -29509.397211
[00:18:14] Bootstrap tree #67, logLikelihood: -29947.854029
[00:18:29] Bootstrap tree #68, logLikelihood: -30282.482467
[00:18:42] Bootstrap tree #69, logLikelihood: -30649.610663
[00:18:54] Bootstrap tree #70, logLikelihood: -30311.888777
[00:19:08] Bootstrap tree #71, logLikelihood: -29702.223139
[00:19:22] Bootstrap tree #72, logLikelihood: -29864.692517
[00:19:38] Bootstrap tree #73, logLikelihood: -30976.621392
[00:19:50] Bootstrap tree #74, logLikelihood: -29440.747798
[00:20:04] Bootstrap tree #75, logLikelihood: -30296.651529
[00:20:22] Bootstrap tree #76, logLikelihood: -30428.451869
[00:20:36] Bootstrap tree #77, logLikelihood: -29859.795690
[00:20:51] Bootstrap tree #78, logLikelihood: -30369.723949
[00:21:06] Bootstrap tree #79, logLikelihood: -29990.572439
[00:21:20] Bootstrap tree #80, logLikelihood: -30242.518491
[00:21:37] Bootstrap tree #81, logLikelihood: -30557.960592
[00:21:52] Bootstrap tree #82, logLikelihood: -29332.271283
[00:22:06] Bootstrap tree #83, logLikelihood: -30340.218151
[00:22:19] Bootstrap tree #84, logLikelihood: -29844.761930
[00:22:38] Bootstrap tree #85, logLikelihood: -30429.271197
[00:22:51] Bootstrap tree #86, logLikelihood: -29912.457967
[00:23:06] Bootstrap tree #87, logLikelihood: -29826.133442
[00:23:20] Bootstrap tree #88, logLikelihood: -30138.621706
[00:23:34] Bootstrap tree #89, logLikelihood: -30105.024878
[00:23:49] Bootstrap tree #90, logLikelihood: -29326.002881
[00:24:03] Bootstrap tree #91, logLikelihood: -30454.127174
[00:24:21] Bootstrap tree #92, logLikelihood: -30048.365541
[00:24:40] Bootstrap tree #93, logLikelihood: -29120.458506
[00:24:57] Bootstrap tree #94, logLikelihood: -30179.299451
[00:25:13] Bootstrap tree #95, logLikelihood: -29076.349637
[00:25:30] Bootstrap tree #96, logLikelihood: -29640.367001
[00:25:48] Bootstrap tree #97, logLikelihood: -29961.180480
[00:26:04] Bootstrap tree #98, logLikelihood: -30430.632710
[00:26:18] Bootstrap tree #99, logLikelihood: -30008.603396
[00:26:32] Bootstrap tree #100, logLikelihood: -30148.297242

Optimized model parameters:

   Partition 0: noname
   Rate heterogeneity: GAMMA (4 cats, mean),  alpha: 0.335462 (ML),  weights&rates: (0.250000,0.008608) (0.250000,0.132217) (0.250000,0.650822) (0.250000,3.208352) 
   Base frequencies (ML): 0.222322 0.276245 0.305549 0.195885 
   Substitution rates (ML): 1.529071 7.673644 2.137716 0.654458 8.081581 1.000000 

Final LogLikelihood: -30032.302131

All ML trees saved to: /mnt/lustre/scratch/home/uvi/be/avs/cancer_genes_selection/genes/KDM5C/tree/KDM5C.raxml.mlTrees
Best ML tree saved to: /mnt/lustre/scratch/home/uvi/be/avs/cancer_genes_selection/genes/KDM5C/tree/KDM5C.raxml.bestTree
Best ML tree with bootstrap support values saved to: /mnt/lustre/scratch/home/uvi/be/avs/cancer_genes_selection/genes/KDM5C/tree/KDM5C.raxml.support
Optimized model saved to: /mnt/lustre/scratch/home/uvi/be/avs/cancer_genes_selection/genes/KDM5C/tree/KDM5C.raxml.bestModel
Bootstrap trees saved to: /mnt/lustre/scratch/home/uvi/be/avs/cancer_genes_selection/genes/KDM5C/tree/KDM5C.raxml.bootstraps

Execution log saved to: /mnt/lustre/scratch/home/uvi/be/avs/cancer_genes_selection/genes/KDM5C/tree/KDM5C.raxml.log

Analysis started: 21-Mar-2018 20:22:30 / finished: 21-Mar-2018 20:49:05

Elapsed time: 1595.029 seconds

