
RAxML-NG v. 0.5.1b BETA released on 01.12.2017 by The Exelixis Lab.
Authors: Alexey Kozlov, Alexandros Stamatakis, Diego Darriba, Tomas Flouri, Benoit Morel.
Latest version: https://github.com/amkozlov/raxml-ng
Questions/problems/suggestions? Please visit: https://groups.google.com/forum/#!forum/raxml

WARNING: This is a BETA release, please use at your own risk!

RAxML-NG was called as follows:

raxml-ng-mpi --all --msa /mnt/lustre/scratch/home/uvi/be/avs/cancer_genes_selection/genes/CAMTA1/align/CAMTA1_align_DNA_trimmed.fasta --model GTR+G -tree pars{10} --bs-trees 100 --prefix /mnt/lustre/scratch/home/uvi/be/avs/cancer_genes_selection/genes/CAMTA1/tree/CAMTA1 --redo

Analysis options:
  run mode: ML tree search + bootstrapping
  start tree(s): parsimony (10)
  random seed: 1521648007
  tip-inner: ON
  pattern compression: ON
  per-rate scalers: OFF
  site repeats: OFF
  branch lengths: ML estimate (linked)
  SIMD kernels: AVX2
  parallelization: NONE/sequential

WARNING: Running in REDO mode: existing checkpoints are ignored, and all result files will be overwritten!

[00:00:00] Reading alignment from file: /mnt/lustre/scratch/home/uvi/be/avs/cancer_genes_selection/genes/CAMTA1/align/CAMTA1_align_DNA_trimmed.fasta
[00:00:00] Loaded alignment with 24 taxa and 4995 sites

Alignment comprises 1 partitions and 1869 patterns

Partition 0: noname
Model: GTR+FO+G4m
Alignment sites / patterns: 4995 / 1869
Gaps: 8.62 %
Invariant sites: 57.78 %


[00:00:01] Generating parsimony starting tree(s) with 24 taxa
[00:00:01] Data distribution: partitions/thread: 1-1, patterns/thread: 1869-1869

Starting ML tree search with 10 distinct starting trees

[00:00:14] ML tree search #1, logLikelihood: -32816.428285
[00:00:26] ML tree search #2, logLikelihood: -32816.423234
[00:00:37] ML tree search #3, logLikelihood: -32816.423389
[00:00:51] ML tree search #4, logLikelihood: -32818.886638
[00:01:06] ML tree search #5, logLikelihood: -32818.885975
[00:01:21] ML tree search #6, logLikelihood: -32816.429284
[00:01:34] ML tree search #7, logLikelihood: -32818.884111
[00:01:46] ML tree search #8, logLikelihood: -32818.885624
[00:01:59] ML tree search #9, logLikelihood: -32816.424386
[00:02:14] ML tree search #10, logLikelihood: -32816.423849

[00:02:14] ML tree search completed, best tree logLH: -32816.423234

[00:02:14] Starting bootstrapping analysis with 100 replicates.

[00:02:32] Bootstrap tree #1, logLikelihood: -33635.729582
[00:02:44] Bootstrap tree #2, logLikelihood: -32229.271193
[00:02:56] Bootstrap tree #3, logLikelihood: -32725.973590
[00:03:06] Bootstrap tree #4, logLikelihood: -31930.785829
[00:03:20] Bootstrap tree #5, logLikelihood: -33093.725435
[00:03:32] Bootstrap tree #6, logLikelihood: -32596.588561
[00:03:42] Bootstrap tree #7, logLikelihood: -32529.963800
[00:03:54] Bootstrap tree #8, logLikelihood: -31685.073754
[00:04:06] Bootstrap tree #9, logLikelihood: -32865.366928
[00:04:21] Bootstrap tree #10, logLikelihood: -33068.772367
[00:04:33] Bootstrap tree #11, logLikelihood: -33465.259899
[00:04:43] Bootstrap tree #12, logLikelihood: -32128.126389
[00:04:54] Bootstrap tree #13, logLikelihood: -31991.519618
[00:05:09] Bootstrap tree #14, logLikelihood: -33444.571942
[00:05:20] Bootstrap tree #15, logLikelihood: -32766.875062
[00:05:33] Bootstrap tree #16, logLikelihood: -34224.297208
[00:05:44] Bootstrap tree #17, logLikelihood: -31375.882209
[00:05:55] Bootstrap tree #18, logLikelihood: -31950.048578
[00:06:06] Bootstrap tree #19, logLikelihood: -32508.178902
[00:06:20] Bootstrap tree #20, logLikelihood: -32421.378297
[00:06:32] Bootstrap tree #21, logLikelihood: -32765.426223
[00:06:46] Bootstrap tree #22, logLikelihood: -34053.629236
[00:06:58] Bootstrap tree #23, logLikelihood: -32828.142201
[00:07:09] Bootstrap tree #24, logLikelihood: -32658.311739
[00:07:22] Bootstrap tree #25, logLikelihood: -32897.720550
[00:07:37] Bootstrap tree #26, logLikelihood: -32310.193773
[00:07:53] Bootstrap tree #27, logLikelihood: -32658.217973
[00:08:07] Bootstrap tree #28, logLikelihood: -33210.403342
[00:08:17] Bootstrap tree #29, logLikelihood: -32355.315593
[00:08:31] Bootstrap tree #30, logLikelihood: -33299.162862
[00:08:42] Bootstrap tree #31, logLikelihood: -32531.373326
[00:08:52] Bootstrap tree #32, logLikelihood: -32370.733134
[00:09:07] Bootstrap tree #33, logLikelihood: -32924.668281
[00:09:23] Bootstrap tree #34, logLikelihood: -32863.809456
[00:09:35] Bootstrap tree #35, logLikelihood: -33639.128144
[00:09:47] Bootstrap tree #36, logLikelihood: -32826.149708
[00:09:58] Bootstrap tree #37, logLikelihood: -32377.962743
[00:10:10] Bootstrap tree #38, logLikelihood: -32249.750469
[00:10:23] Bootstrap tree #39, logLikelihood: -33154.391933
[00:10:34] Bootstrap tree #40, logLikelihood: -33046.373112
[00:10:48] Bootstrap tree #41, logLikelihood: -32952.426557
[00:11:02] Bootstrap tree #42, logLikelihood: -32425.365443
[00:11:16] Bootstrap tree #43, logLikelihood: -32745.913509
[00:11:27] Bootstrap tree #44, logLikelihood: -32664.366593
[00:11:40] Bootstrap tree #45, logLikelihood: -32912.379456
[00:11:52] Bootstrap tree #46, logLikelihood: -33908.655316
[00:12:04] Bootstrap tree #47, logLikelihood: -33111.034316
[00:12:17] Bootstrap tree #48, logLikelihood: -32658.378383
[00:12:34] Bootstrap tree #49, logLikelihood: -32834.057131
[00:12:45] Bootstrap tree #50, logLikelihood: -32965.840401
[00:12:57] Bootstrap tree #51, logLikelihood: -33562.627060
[00:13:10] Bootstrap tree #52, logLikelihood: -32416.387083
[00:13:25] Bootstrap tree #53, logLikelihood: -33188.168096
[00:13:37] Bootstrap tree #54, logLikelihood: -32110.080710
[00:13:48] Bootstrap tree #55, logLikelihood: -32443.775418
[00:14:10] Bootstrap tree #56, logLikelihood: -31994.933638
[00:14:22] Bootstrap tree #57, logLikelihood: -32696.866547
[00:14:33] Bootstrap tree #58, logLikelihood: -33387.701633
[00:14:48] Bootstrap tree #59, logLikelihood: -32293.816585
[00:15:02] Bootstrap tree #60, logLikelihood: -32780.223806
[00:15:18] Bootstrap tree #61, logLikelihood: -32776.285794
[00:15:39] Bootstrap tree #62, logLikelihood: -33837.344685
[00:15:51] Bootstrap tree #63, logLikelihood: -33502.247767
[00:16:05] Bootstrap tree #64, logLikelihood: -32541.901971
[00:16:18] Bootstrap tree #65, logLikelihood: -32612.452308
[00:16:34] Bootstrap tree #66, logLikelihood: -32666.919714
[00:16:46] Bootstrap tree #67, logLikelihood: -33209.954358
[00:16:58] Bootstrap tree #68, logLikelihood: -34121.567065
[00:17:09] Bootstrap tree #69, logLikelihood: -32031.363215
[00:17:19] Bootstrap tree #70, logLikelihood: -33097.128157
[00:17:44] Bootstrap tree #71, logLikelihood: -32688.166247
[00:17:55] Bootstrap tree #72, logLikelihood: -32887.787246
[00:18:06] Bootstrap tree #73, logLikelihood: -31915.953439
[00:18:25] Bootstrap tree #74, logLikelihood: -31736.490449
[00:18:38] Bootstrap tree #75, logLikelihood: -33264.702018
[00:18:49] Bootstrap tree #76, logLikelihood: -32892.858347
[00:19:03] Bootstrap tree #77, logLikelihood: -33703.781950
[00:19:14] Bootstrap tree #78, logLikelihood: -32709.889130
[00:19:27] Bootstrap tree #79, logLikelihood: -32157.408713
[00:19:38] Bootstrap tree #80, logLikelihood: -32927.954294
[00:19:52] Bootstrap tree #81, logLikelihood: -32557.855204
[00:20:04] Bootstrap tree #82, logLikelihood: -32053.105709
[00:20:17] Bootstrap tree #83, logLikelihood: -33380.569225
[00:20:27] Bootstrap tree #84, logLikelihood: -31898.261819
[00:20:42] Bootstrap tree #85, logLikelihood: -32482.520156
[00:20:52] Bootstrap tree #86, logLikelihood: -33733.533516
[00:21:04] Bootstrap tree #87, logLikelihood: -32795.205370
[00:21:21] Bootstrap tree #88, logLikelihood: -32346.189279
[00:21:30] Bootstrap tree #89, logLikelihood: -31936.389424
[00:21:42] Bootstrap tree #90, logLikelihood: -32667.150973
[00:21:56] Bootstrap tree #91, logLikelihood: -33065.012823
[00:22:18] Bootstrap tree #92, logLikelihood: -32625.151972
[00:22:32] Bootstrap tree #93, logLikelihood: -32793.635037
[00:22:49] Bootstrap tree #94, logLikelihood: -32067.776281
[00:23:11] Bootstrap tree #95, logLikelihood: -32232.623938
[00:23:31] Bootstrap tree #96, logLikelihood: -31468.539666
[00:23:48] Bootstrap tree #97, logLikelihood: -33611.021892
[00:24:02] Bootstrap tree #98, logLikelihood: -32119.645905
[00:24:17] Bootstrap tree #99, logLikelihood: -32736.300613
[00:24:31] Bootstrap tree #100, logLikelihood: -33321.368780

Optimized model parameters:

   Partition 0: noname
   Rate heterogeneity: GAMMA (4 cats, mean),  alpha: 0.302475 (ML),  weights&rates: (0.250000,0.005498) (0.250000,0.106421) (0.250000,0.599935) (0.250000,3.288145) 
   Base frequencies (ML): 0.217925 0.320795 0.293582 0.167697 
   Substitution rates (ML): 1.215030 3.992973 0.585831 1.164423 5.032224 1.000000 

Final LogLikelihood: -32816.423234

All ML trees saved to: /mnt/lustre/scratch/home/uvi/be/avs/cancer_genes_selection/genes/CAMTA1/tree/CAMTA1.raxml.mlTrees
Best ML tree saved to: /mnt/lustre/scratch/home/uvi/be/avs/cancer_genes_selection/genes/CAMTA1/tree/CAMTA1.raxml.bestTree
Best ML tree with bootstrap support values saved to: /mnt/lustre/scratch/home/uvi/be/avs/cancer_genes_selection/genes/CAMTA1/tree/CAMTA1.raxml.support
Optimized model saved to: /mnt/lustre/scratch/home/uvi/be/avs/cancer_genes_selection/genes/CAMTA1/tree/CAMTA1.raxml.bestModel
Bootstrap trees saved to: /mnt/lustre/scratch/home/uvi/be/avs/cancer_genes_selection/genes/CAMTA1/tree/CAMTA1.raxml.bootstraps

Execution log saved to: /mnt/lustre/scratch/home/uvi/be/avs/cancer_genes_selection/genes/CAMTA1/tree/CAMTA1.raxml.log

Analysis started: 21-Mar-2018 17:00:07 / finished: 21-Mar-2018 17:24:40

Elapsed time: 1473.124 seconds

