
RAxML-NG v. 0.5.1b BETA released on 01.12.2017 by The Exelixis Lab.
Authors: Alexey Kozlov, Alexandros Stamatakis, Diego Darriba, Tomas Flouri, Benoit Morel.
Latest version: https://github.com/amkozlov/raxml-ng
Questions/problems/suggestions? Please visit: https://groups.google.com/forum/#!forum/raxml

WARNING: This is a BETA release, please use at your own risk!

RAxML-NG was called as follows:

raxml-ng-mpi --all --msa /mnt/lustre/scratch/home/uvi/be/avs/cancer_genes_selection/genes/KLF6/align/KLF6_align_DNA_trimmed.fasta --model GTR+G -tree pars{10} --bs-trees 100 --prefix /mnt/lustre/scratch/home/uvi/be/avs/cancer_genes_selection/genes/KLF6/tree/KLF6 --redo

Analysis options:
  run mode: ML tree search + bootstrapping
  start tree(s): parsimony (10)
  random seed: 1521660390
  tip-inner: ON
  pattern compression: ON
  per-rate scalers: OFF
  site repeats: OFF
  branch lengths: ML estimate (linked)
  SIMD kernels: AVX2
  parallelization: NONE/sequential

WARNING: Running in REDO mode: existing checkpoints are ignored, and all result files will be overwritten!

[00:00:00] Reading alignment from file: /mnt/lustre/scratch/home/uvi/be/avs/cancer_genes_selection/genes/KLF6/align/KLF6_align_DNA_trimmed.fasta
[00:00:00] Loaded alignment with 29 taxa and 876 sites

Alignment comprises 1 partitions and 478 patterns

Partition 0: noname
Model: GTR+FO+G4m
Alignment sites / patterns: 876 / 478
Gaps: 4.59 %
Invariant sites: 44.29 %


[00:00:01] Generating parsimony starting tree(s) with 29 taxa
[00:00:01] Data distribution: partitions/thread: 1-1, patterns/thread: 478-478

Starting ML tree search with 10 distinct starting trees

[00:00:07] ML tree search #1, logLikelihood: -7216.571009
[00:00:12] ML tree search #2, logLikelihood: -7216.593773
[00:00:17] ML tree search #3, logLikelihood: -7216.570693
[00:00:23] ML tree search #4, logLikelihood: -7216.571817
[00:00:29] ML tree search #5, logLikelihood: -7216.594681
[00:00:34] ML tree search #6, logLikelihood: -7216.574914
[00:00:40] ML tree search #7, logLikelihood: -7216.600964
[00:00:45] ML tree search #8, logLikelihood: -7216.594756
[00:00:51] ML tree search #9, logLikelihood: -7216.570206
[00:00:56] ML tree search #10, logLikelihood: -7216.594016

[00:00:56] ML tree search completed, best tree logLH: -7216.570206

[00:00:57] Starting bootstrapping analysis with 100 replicates.

[00:01:03] Bootstrap tree #1, logLikelihood: -7105.133176
[00:01:09] Bootstrap tree #2, logLikelihood: -7199.088688
[00:01:15] Bootstrap tree #3, logLikelihood: -7109.199119
[00:01:20] Bootstrap tree #4, logLikelihood: -7047.779925
[00:01:27] Bootstrap tree #5, logLikelihood: -7024.399545
[00:01:35] Bootstrap tree #6, logLikelihood: -7217.701640
[00:01:42] Bootstrap tree #7, logLikelihood: -6704.977587
[00:01:48] Bootstrap tree #8, logLikelihood: -6765.135314
[00:01:53] Bootstrap tree #9, logLikelihood: -7024.646510
[00:01:58] Bootstrap tree #10, logLikelihood: -7290.294857
[00:02:05] Bootstrap tree #11, logLikelihood: -7034.802563
[00:02:11] Bootstrap tree #12, logLikelihood: -6983.528276
[00:02:17] Bootstrap tree #13, logLikelihood: -7256.967501
[00:02:24] Bootstrap tree #14, logLikelihood: -7126.873678
[00:02:30] Bootstrap tree #15, logLikelihood: -7184.975578
[00:02:36] Bootstrap tree #16, logLikelihood: -6902.904833
[00:02:42] Bootstrap tree #17, logLikelihood: -7257.127600
[00:02:50] Bootstrap tree #18, logLikelihood: -7373.311165
[00:02:56] Bootstrap tree #19, logLikelihood: -6956.094137
[00:03:03] Bootstrap tree #20, logLikelihood: -7183.123550
[00:03:10] Bootstrap tree #21, logLikelihood: -7108.851939
[00:03:17] Bootstrap tree #22, logLikelihood: -6940.044396
[00:03:23] Bootstrap tree #23, logLikelihood: -6856.194183
[00:03:29] Bootstrap tree #24, logLikelihood: -7094.388358
[00:03:36] Bootstrap tree #25, logLikelihood: -7255.610815
[00:03:42] Bootstrap tree #26, logLikelihood: -6936.908112
[00:03:49] Bootstrap tree #27, logLikelihood: -7125.006239
[00:03:55] Bootstrap tree #28, logLikelihood: -7059.384780
[00:04:01] Bootstrap tree #29, logLikelihood: -7319.523369
[00:04:07] Bootstrap tree #30, logLikelihood: -7157.371242
[00:04:13] Bootstrap tree #31, logLikelihood: -6967.749172
[00:04:22] Bootstrap tree #32, logLikelihood: -7444.447312
[00:04:29] Bootstrap tree #33, logLikelihood: -7177.321739
[00:04:36] Bootstrap tree #34, logLikelihood: -6950.703726
[00:04:42] Bootstrap tree #35, logLikelihood: -7318.635424
[00:04:48] Bootstrap tree #36, logLikelihood: -7258.028420
[00:04:56] Bootstrap tree #37, logLikelihood: -7323.434306
[00:05:02] Bootstrap tree #38, logLikelihood: -6877.017717
[00:05:07] Bootstrap tree #39, logLikelihood: -7247.265151
[00:05:16] Bootstrap tree #40, logLikelihood: -7346.451296
[00:05:22] Bootstrap tree #41, logLikelihood: -7473.643151
[00:05:30] Bootstrap tree #42, logLikelihood: -7327.428942
[00:05:36] Bootstrap tree #43, logLikelihood: -7138.741971
[00:05:43] Bootstrap tree #44, logLikelihood: -7324.335687
[00:05:50] Bootstrap tree #45, logLikelihood: -7306.895303
[00:05:56] Bootstrap tree #46, logLikelihood: -7336.825516
[00:06:06] Bootstrap tree #47, logLikelihood: -7366.090776
[00:06:13] Bootstrap tree #48, logLikelihood: -7288.286815
[00:06:20] Bootstrap tree #49, logLikelihood: -6890.442859
[00:06:29] Bootstrap tree #50, logLikelihood: -7285.935191
[00:06:37] Bootstrap tree #51, logLikelihood: -7009.241766
[00:06:45] Bootstrap tree #52, logLikelihood: -6925.627071
[00:06:51] Bootstrap tree #53, logLikelihood: -6746.549224
[00:06:58] Bootstrap tree #54, logLikelihood: -7158.664669
[00:07:05] Bootstrap tree #55, logLikelihood: -7312.385130
[00:07:12] Bootstrap tree #56, logLikelihood: -7125.028923
[00:07:19] Bootstrap tree #57, logLikelihood: -7049.999000
[00:07:28] Bootstrap tree #58, logLikelihood: -6912.454659
[00:07:36] Bootstrap tree #59, logLikelihood: -7077.706122
[00:07:43] Bootstrap tree #60, logLikelihood: -7319.548626
[00:07:51] Bootstrap tree #61, logLikelihood: -7302.368928
[00:07:59] Bootstrap tree #62, logLikelihood: -7429.341216
[00:08:05] Bootstrap tree #63, logLikelihood: -7131.232080
[00:08:13] Bootstrap tree #64, logLikelihood: -6841.316223
[00:08:22] Bootstrap tree #65, logLikelihood: -6856.600830
[00:08:29] Bootstrap tree #66, logLikelihood: -6998.343905
[00:08:34] Bootstrap tree #67, logLikelihood: -6485.069111
[00:08:42] Bootstrap tree #68, logLikelihood: -7228.119672
[00:08:49] Bootstrap tree #69, logLikelihood: -7381.630697
[00:08:56] Bootstrap tree #70, logLikelihood: -6941.563065
[00:09:04] Bootstrap tree #71, logLikelihood: -6753.995413
[00:09:13] Bootstrap tree #72, logLikelihood: -7101.212595
[00:09:20] Bootstrap tree #73, logLikelihood: -7068.096039
[00:09:27] Bootstrap tree #74, logLikelihood: -6924.151382
[00:09:34] Bootstrap tree #75, logLikelihood: -7299.475940
[00:09:40] Bootstrap tree #76, logLikelihood: -6848.994019
[00:09:48] Bootstrap tree #77, logLikelihood: -7079.540312
[00:09:54] Bootstrap tree #78, logLikelihood: -7244.372554
[00:10:01] Bootstrap tree #79, logLikelihood: -7458.110519
[00:10:09] Bootstrap tree #80, logLikelihood: -7491.560249
[00:10:18] Bootstrap tree #81, logLikelihood: -6903.083696
[00:10:27] Bootstrap tree #82, logLikelihood: -7054.609416
[00:10:36] Bootstrap tree #83, logLikelihood: -7149.617427
[00:10:44] Bootstrap tree #84, logLikelihood: -7081.714087
[00:10:51] Bootstrap tree #85, logLikelihood: -7227.981847
[00:10:58] Bootstrap tree #86, logLikelihood: -7514.801966
[00:11:06] Bootstrap tree #87, logLikelihood: -7254.474442
[00:11:15] Bootstrap tree #88, logLikelihood: -6994.602976
[00:11:22] Bootstrap tree #89, logLikelihood: -7002.591010
[00:11:30] Bootstrap tree #90, logLikelihood: -7012.611304
[00:11:39] Bootstrap tree #91, logLikelihood: -7391.522671
[00:11:48] Bootstrap tree #92, logLikelihood: -6872.129722
[00:11:55] Bootstrap tree #93, logLikelihood: -7386.725387
[00:12:03] Bootstrap tree #94, logLikelihood: -7255.827887
[00:12:11] Bootstrap tree #95, logLikelihood: -7288.033861
[00:12:21] Bootstrap tree #96, logLikelihood: -7411.863975
[00:12:28] Bootstrap tree #97, logLikelihood: -7427.878545
[00:12:38] Bootstrap tree #98, logLikelihood: -6998.930768
[00:12:46] Bootstrap tree #99, logLikelihood: -6978.261337
[00:12:54] Bootstrap tree #100, logLikelihood: -7520.522755

Optimized model parameters:

   Partition 0: noname
   Rate heterogeneity: GAMMA (4 cats, mean),  alpha: 0.526383 (ML),  weights&rates: (0.250000,0.038376) (0.250000,0.268791) (0.250000,0.838555) (0.250000,2.854279) 
   Base frequencies (ML): 0.219437 0.308531 0.256086 0.215946 
   Substitution rates (ML): 0.808168 2.467572 0.472363 0.660710 3.296243 1.000000 

Final LogLikelihood: -7216.570206

All ML trees saved to: /mnt/lustre/scratch/home/uvi/be/avs/cancer_genes_selection/genes/KLF6/tree/KLF6.raxml.mlTrees
Best ML tree saved to: /mnt/lustre/scratch/home/uvi/be/avs/cancer_genes_selection/genes/KLF6/tree/KLF6.raxml.bestTree
Best ML tree with bootstrap support values saved to: /mnt/lustre/scratch/home/uvi/be/avs/cancer_genes_selection/genes/KLF6/tree/KLF6.raxml.support
Optimized model saved to: /mnt/lustre/scratch/home/uvi/be/avs/cancer_genes_selection/genes/KLF6/tree/KLF6.raxml.bestModel
Bootstrap trees saved to: /mnt/lustre/scratch/home/uvi/be/avs/cancer_genes_selection/genes/KLF6/tree/KLF6.raxml.bootstraps

Execution log saved to: /mnt/lustre/scratch/home/uvi/be/avs/cancer_genes_selection/genes/KLF6/tree/KLF6.raxml.log

Analysis started: 21-Mar-2018 20:26:30 / finished: 21-Mar-2018 20:39:28

Elapsed time: 777.961 seconds

