
RAxML-NG v. 0.5.1b BETA released on 01.12.2017 by The Exelixis Lab.
Authors: Alexey Kozlov, Alexandros Stamatakis, Diego Darriba, Tomas Flouri, Benoit Morel.
Latest version: https://github.com/amkozlov/raxml-ng
Questions/problems/suggestions? Please visit: https://groups.google.com/forum/#!forum/raxml

WARNING: This is a BETA release, please use at your own risk!

RAxML-NG was called as follows:

raxml-ng-mpi --all --msa /mnt/lustre/scratch/home/uvi/be/avs/cancer_genes_selection/genes/LRIG3/align/LRIG3_align_DNA_trimmed.fasta --model GTR+G -tree pars{10} --bs-trees 100 --prefix /mnt/lustre/scratch/home/uvi/be/avs/cancer_genes_selection/genes/LRIG3/tree/LRIG3 --redo

Analysis options:
  run mode: ML tree search + bootstrapping
  start tree(s): parsimony (10)
  random seed: 1521661358
  tip-inner: ON
  pattern compression: ON
  per-rate scalers: OFF
  site repeats: OFF
  branch lengths: ML estimate (linked)
  SIMD kernels: AVX2
  parallelization: NONE/sequential

WARNING: Running in REDO mode: existing checkpoints are ignored, and all result files will be overwritten!

[00:00:00] Reading alignment from file: /mnt/lustre/scratch/home/uvi/be/avs/cancer_genes_selection/genes/LRIG3/align/LRIG3_align_DNA_trimmed.fasta
[00:00:00] Loaded alignment with 28 taxa and 3360 sites

Alignment comprises 1 partitions and 1721 patterns

Partition 0: noname
Model: GTR+FO+G4m
Alignment sites / patterns: 3360 / 1721
Gaps: 5.44 %
Invariant sites: 47.05 %


[00:00:01] Generating parsimony starting tree(s) with 28 taxa
[00:00:01] Data distribution: partitions/thread: 1-1, patterns/thread: 1721-1721

Starting ML tree search with 10 distinct starting trees

[00:00:14] ML tree search #1, logLikelihood: -29097.009973
[00:00:27] ML tree search #2, logLikelihood: -29097.010392
[00:00:42] ML tree search #3, logLikelihood: -29097.010885
[00:00:55] ML tree search #4, logLikelihood: -29097.010016
[00:01:10] ML tree search #5, logLikelihood: -29097.011511
[00:01:22] ML tree search #6, logLikelihood: -29097.010552
[00:01:36] ML tree search #7, logLikelihood: -29097.011795
[00:01:49] ML tree search #8, logLikelihood: -29097.010439
[00:02:02] ML tree search #9, logLikelihood: -29097.009767
[00:02:14] ML tree search #10, logLikelihood: -29097.010892

[00:02:14] ML tree search completed, best tree logLH: -29097.009767

[00:02:14] Starting bootstrapping analysis with 100 replicates.

[00:02:26] Bootstrap tree #1, logLikelihood: -29422.815235
[00:02:41] Bootstrap tree #2, logLikelihood: -28936.534010
[00:02:54] Bootstrap tree #3, logLikelihood: -28422.536320
[00:03:04] Bootstrap tree #4, logLikelihood: -29141.581876
[00:03:19] Bootstrap tree #5, logLikelihood: -28939.606311
[00:03:30] Bootstrap tree #6, logLikelihood: -29826.165053
[00:03:43] Bootstrap tree #7, logLikelihood: -28850.994636
[00:03:55] Bootstrap tree #8, logLikelihood: -28909.604942
[00:04:10] Bootstrap tree #9, logLikelihood: -29533.605067
[00:04:22] Bootstrap tree #10, logLikelihood: -28966.298477
[00:04:36] Bootstrap tree #11, logLikelihood: -29043.933122
[00:04:46] Bootstrap tree #12, logLikelihood: -28753.159580
[00:05:02] Bootstrap tree #13, logLikelihood: -29463.900538
[00:05:17] Bootstrap tree #14, logLikelihood: -29050.471394
[00:05:31] Bootstrap tree #15, logLikelihood: -28473.137491
[00:05:46] Bootstrap tree #16, logLikelihood: -29984.955919
[00:06:00] Bootstrap tree #17, logLikelihood: -29542.544677
[00:06:17] Bootstrap tree #18, logLikelihood: -29526.386977
[00:06:29] Bootstrap tree #19, logLikelihood: -29573.781688
[00:06:43] Bootstrap tree #20, logLikelihood: -28751.740002
[00:06:57] Bootstrap tree #21, logLikelihood: -29104.048000
[00:07:08] Bootstrap tree #22, logLikelihood: -29105.776264
[00:07:21] Bootstrap tree #23, logLikelihood: -29421.450068
[00:07:33] Bootstrap tree #24, logLikelihood: -29434.118787
[00:07:51] Bootstrap tree #25, logLikelihood: -29638.204379
[00:08:04] Bootstrap tree #26, logLikelihood: -28229.638887
[00:08:20] Bootstrap tree #27, logLikelihood: -29427.667032
[00:08:33] Bootstrap tree #28, logLikelihood: -28694.235392
[00:08:45] Bootstrap tree #29, logLikelihood: -29029.409444
[00:08:57] Bootstrap tree #30, logLikelihood: -28840.523319
[00:09:11] Bootstrap tree #31, logLikelihood: -29093.769975
[00:09:28] Bootstrap tree #32, logLikelihood: -28837.869472
[00:09:46] Bootstrap tree #33, logLikelihood: -29449.701476
[00:09:59] Bootstrap tree #34, logLikelihood: -28736.740966
[00:10:16] Bootstrap tree #35, logLikelihood: -29195.848166
[00:10:31] Bootstrap tree #36, logLikelihood: -28537.829785
[00:10:45] Bootstrap tree #37, logLikelihood: -29407.866625
[00:10:58] Bootstrap tree #38, logLikelihood: -28414.491733
[00:11:10] Bootstrap tree #39, logLikelihood: -29227.871368
[00:11:21] Bootstrap tree #40, logLikelihood: -29551.420220
[00:11:32] Bootstrap tree #41, logLikelihood: -28383.040540
[00:11:46] Bootstrap tree #42, logLikelihood: -29559.367928
[00:12:01] Bootstrap tree #43, logLikelihood: -29050.099219
[00:12:13] Bootstrap tree #44, logLikelihood: -29201.676882
[00:12:26] Bootstrap tree #45, logLikelihood: -28616.379113
[00:12:38] Bootstrap tree #46, logLikelihood: -29238.218270
[00:12:56] Bootstrap tree #47, logLikelihood: -29126.309865
[00:13:08] Bootstrap tree #48, logLikelihood: -28716.726953
[00:13:22] Bootstrap tree #49, logLikelihood: -29775.435467
[00:13:34] Bootstrap tree #50, logLikelihood: -29081.858863
[00:13:50] Bootstrap tree #51, logLikelihood: -28804.460862
[00:14:03] Bootstrap tree #52, logLikelihood: -29262.889386
[00:14:20] Bootstrap tree #53, logLikelihood: -28980.953790
[00:14:37] Bootstrap tree #54, logLikelihood: -29134.706674
[00:14:51] Bootstrap tree #55, logLikelihood: -28774.097508
[00:15:08] Bootstrap tree #56, logLikelihood: -29584.662281
[00:15:22] Bootstrap tree #57, logLikelihood: -28600.710499
[00:15:37] Bootstrap tree #58, logLikelihood: -29585.940288
[00:15:51] Bootstrap tree #59, logLikelihood: -29152.824620
[00:16:03] Bootstrap tree #60, logLikelihood: -29024.403178
[00:16:17] Bootstrap tree #61, logLikelihood: -29440.516486
[00:16:36] Bootstrap tree #62, logLikelihood: -29518.221275
[00:16:52] Bootstrap tree #63, logLikelihood: -29650.910455
[00:17:03] Bootstrap tree #64, logLikelihood: -29376.298854
[00:17:18] Bootstrap tree #65, logLikelihood: -28405.700502
[00:17:38] Bootstrap tree #66, logLikelihood: -29589.561241
[00:17:52] Bootstrap tree #67, logLikelihood: -28792.616771
[00:18:06] Bootstrap tree #68, logLikelihood: -28977.623623
[00:18:21] Bootstrap tree #69, logLikelihood: -29076.071674
[00:18:33] Bootstrap tree #70, logLikelihood: -29860.056459
[00:18:46] Bootstrap tree #71, logLikelihood: -28273.906281
[00:18:58] Bootstrap tree #72, logLikelihood: -30000.384176
[00:19:10] Bootstrap tree #73, logLikelihood: -29952.987147
[00:19:24] Bootstrap tree #74, logLikelihood: -28918.769461
[00:19:39] Bootstrap tree #75, logLikelihood: -29560.699903
[00:20:01] Bootstrap tree #76, logLikelihood: -29244.587410
[00:20:15] Bootstrap tree #77, logLikelihood: -28777.639021
[00:20:28] Bootstrap tree #78, logLikelihood: -29141.601890
[00:20:41] Bootstrap tree #79, logLikelihood: -29263.799031
[00:21:02] Bootstrap tree #80, logLikelihood: -29703.318377
[00:21:14] Bootstrap tree #81, logLikelihood: -29092.087625
[00:21:29] Bootstrap tree #82, logLikelihood: -28767.275405
[00:21:43] Bootstrap tree #83, logLikelihood: -29781.284516
[00:21:58] Bootstrap tree #84, logLikelihood: -29256.571084
[00:22:11] Bootstrap tree #85, logLikelihood: -28259.657502
[00:22:23] Bootstrap tree #86, logLikelihood: -28730.497606
[00:22:39] Bootstrap tree #87, logLikelihood: -29356.977482
[00:22:53] Bootstrap tree #88, logLikelihood: -28480.703341
[00:23:08] Bootstrap tree #89, logLikelihood: -29232.160223
[00:23:20] Bootstrap tree #90, logLikelihood: -28707.547537
[00:23:32] Bootstrap tree #91, logLikelihood: -28976.399583
[00:23:44] Bootstrap tree #92, logLikelihood: -29043.897947
[00:24:09] Bootstrap tree #93, logLikelihood: -29162.361210
[00:24:36] Bootstrap tree #94, logLikelihood: -30047.915163
[00:24:52] Bootstrap tree #95, logLikelihood: -28973.693517
[00:25:12] Bootstrap tree #96, logLikelihood: -29195.362162
[00:25:33] Bootstrap tree #97, logLikelihood: -29576.179505
[00:25:55] Bootstrap tree #98, logLikelihood: -29573.289777
[00:26:19] Bootstrap tree #99, logLikelihood: -29179.083808
[00:26:34] Bootstrap tree #100, logLikelihood: -28713.453360

Optimized model parameters:

   Partition 0: noname
   Rate heterogeneity: GAMMA (4 cats, mean),  alpha: 0.393930 (ML),  weights&rates: (0.250000,0.015849) (0.250000,0.177208) (0.250000,0.724628) (0.250000,3.082316) 
   Base frequencies (ML): 0.248285 0.287112 0.260690 0.203913 
   Substitution rates (ML): 1.054932 4.100073 0.846012 0.938110 5.394203 1.000000 

Final LogLikelihood: -29097.009767

All ML trees saved to: /mnt/lustre/scratch/home/uvi/be/avs/cancer_genes_selection/genes/LRIG3/tree/LRIG3.raxml.mlTrees
Best ML tree saved to: /mnt/lustre/scratch/home/uvi/be/avs/cancer_genes_selection/genes/LRIG3/tree/LRIG3.raxml.bestTree
Best ML tree with bootstrap support values saved to: /mnt/lustre/scratch/home/uvi/be/avs/cancer_genes_selection/genes/LRIG3/tree/LRIG3.raxml.support
Optimized model saved to: /mnt/lustre/scratch/home/uvi/be/avs/cancer_genes_selection/genes/LRIG3/tree/LRIG3.raxml.bestModel
Bootstrap trees saved to: /mnt/lustre/scratch/home/uvi/be/avs/cancer_genes_selection/genes/LRIG3/tree/LRIG3.raxml.bootstraps

Execution log saved to: /mnt/lustre/scratch/home/uvi/be/avs/cancer_genes_selection/genes/LRIG3/tree/LRIG3.raxml.log

Analysis started: 21-Mar-2018 20:42:38 / finished: 21-Mar-2018 21:09:16

Elapsed time: 1597.709 seconds

