
RAxML-NG v. 0.5.1b BETA released on 01.12.2017 by The Exelixis Lab.
Authors: Alexey Kozlov, Alexandros Stamatakis, Diego Darriba, Tomas Flouri, Benoit Morel.
Latest version: https://github.com/amkozlov/raxml-ng
Questions/problems/suggestions? Please visit: https://groups.google.com/forum/#!forum/raxml

WARNING: This is a BETA release, please use at your own risk!

RAxML-NG was called as follows:

raxml-ng-mpi --all --msa /mnt/lustre/scratch/home/uvi/be/avs/cancer_genes_selection/genes/MDM4/align/MDM4_align_DNA_trimmed2.fasta --model GTR+G -tree pars{10} --bs-trees 100 --prefix /mnt/lustre/scratch/home/uvi/be/avs/cancer_genes_selection/genes/MDM4/tree/MDM4_trimmed --redo

Analysis options:
  run mode: ML tree search + bootstrapping
  start tree(s): parsimony (10)
  random seed: 1522097425
  tip-inner: ON
  pattern compression: ON
  per-rate scalers: OFF
  site repeats: OFF
  branch lengths: ML estimate (linked)
  SIMD kernels: AVX2
  parallelization: NONE/sequential

WARNING: Running in REDO mode: existing checkpoints are ignored, and all result files will be overwritten!

[00:00:00] Reading alignment from file: /mnt/lustre/scratch/home/uvi/be/avs/cancer_genes_selection/genes/MDM4/align/MDM4_align_DNA_trimmed2.fasta
[00:00:01] Loaded alignment with 13 taxa and 1476 sites

Alignment comprises 1 partitions and 390 patterns

Partition 0: noname
Model: GTR+FO+G4m
Alignment sites / patterns: 1476 / 390
Gaps: 1.92 %
Invariant sites: 61.52 %


[00:00:01] Generating parsimony starting tree(s) with 13 taxa
[00:00:01] Data distribution: partitions/thread: 1-1, patterns/thread: 390-390

Starting ML tree search with 10 distinct starting trees

[00:00:05] ML tree search #1, logLikelihood: -6336.039759
[00:00:09] ML tree search #2, logLikelihood: -6336.039765
[00:00:12] ML tree search #3, logLikelihood: -6336.039752
[00:00:17] ML tree search #4, logLikelihood: -6336.039785
[00:00:22] ML tree search #5, logLikelihood: -6336.039755
[00:00:27] ML tree search #6, logLikelihood: -6336.039726
[00:00:31] ML tree search #7, logLikelihood: -6336.039728
[00:00:35] ML tree search #8, logLikelihood: -6336.039756
[00:00:39] ML tree search #9, logLikelihood: -6336.039782
[00:00:43] ML tree search #10, logLikelihood: -6336.039744

[00:00:43] ML tree search completed, best tree logLH: -6336.039726

[00:00:43] Starting bootstrapping analysis with 100 replicates.

[00:00:48] Bootstrap tree #1, logLikelihood: -6320.269149
[00:00:53] Bootstrap tree #2, logLikelihood: -6174.263336
[00:00:58] Bootstrap tree #3, logLikelihood: -6598.975579
[00:01:04] Bootstrap tree #4, logLikelihood: -6252.732398
[00:01:09] Bootstrap tree #5, logLikelihood: -6301.061594
[00:01:14] Bootstrap tree #6, logLikelihood: -6322.163981
[00:01:18] Bootstrap tree #7, logLikelihood: -6201.351376
[00:01:24] Bootstrap tree #8, logLikelihood: -6230.867047
[00:01:29] Bootstrap tree #9, logLikelihood: -6237.353827
[00:01:33] Bootstrap tree #10, logLikelihood: -6188.360775
[00:01:36] Bootstrap tree #11, logLikelihood: -6507.806835
[00:01:41] Bootstrap tree #12, logLikelihood: -6195.821119
[00:01:47] Bootstrap tree #13, logLikelihood: -5974.826524
[00:01:52] Bootstrap tree #14, logLikelihood: -6061.685458
[00:01:57] Bootstrap tree #15, logLikelihood: -6440.362003
[00:02:02] Bootstrap tree #16, logLikelihood: -6400.827811
[00:02:07] Bootstrap tree #17, logLikelihood: -6353.213261
[00:02:13] Bootstrap tree #18, logLikelihood: -6036.206886
[00:02:19] Bootstrap tree #19, logLikelihood: -6419.633224
[00:02:23] Bootstrap tree #20, logLikelihood: -6247.393403
[00:02:30] Bootstrap tree #21, logLikelihood: -6152.835402
[00:02:36] Bootstrap tree #22, logLikelihood: -6430.755276
[00:02:41] Bootstrap tree #23, logLikelihood: -6381.360211
[00:02:46] Bootstrap tree #24, logLikelihood: -6326.465065
[00:02:51] Bootstrap tree #25, logLikelihood: -6259.237420
[00:02:57] Bootstrap tree #26, logLikelihood: -6386.922741
[00:03:01] Bootstrap tree #27, logLikelihood: -6352.072583
[00:03:07] Bootstrap tree #28, logLikelihood: -6526.414741
[00:03:12] Bootstrap tree #29, logLikelihood: -6077.964552
[00:03:17] Bootstrap tree #30, logLikelihood: -6288.694752
[00:03:23] Bootstrap tree #31, logLikelihood: -6528.762100
[00:03:28] Bootstrap tree #32, logLikelihood: -6310.234594
[00:03:33] Bootstrap tree #33, logLikelihood: -6138.952856
[00:03:38] Bootstrap tree #34, logLikelihood: -6422.731916
[00:03:44] Bootstrap tree #35, logLikelihood: -6371.582152
[00:03:49] Bootstrap tree #36, logLikelihood: -6599.581264
[00:03:53] Bootstrap tree #37, logLikelihood: -6145.358573
[00:03:59] Bootstrap tree #38, logLikelihood: -6048.537097
[00:04:04] Bootstrap tree #39, logLikelihood: -6490.712521
[00:04:08] Bootstrap tree #40, logLikelihood: -6165.401456
[00:04:13] Bootstrap tree #41, logLikelihood: -6064.865562
[00:04:18] Bootstrap tree #42, logLikelihood: -6592.527121
[00:04:23] Bootstrap tree #43, logLikelihood: -6332.634432
[00:04:29] Bootstrap tree #44, logLikelihood: -6495.946195
[00:04:34] Bootstrap tree #45, logLikelihood: -6321.973898
[00:04:39] Bootstrap tree #46, logLikelihood: -6356.845272
[00:04:44] Bootstrap tree #47, logLikelihood: -6236.250352
[00:04:49] Bootstrap tree #48, logLikelihood: -6604.240946
[00:04:53] Bootstrap tree #49, logLikelihood: -6305.604152
[00:04:58] Bootstrap tree #50, logLikelihood: -6203.933723
[00:05:05] Bootstrap tree #51, logLikelihood: -6373.053420
[00:05:10] Bootstrap tree #52, logLikelihood: -6179.760640
[00:05:15] Bootstrap tree #53, logLikelihood: -6344.419658
[00:05:20] Bootstrap tree #54, logLikelihood: -6383.293645
[00:05:24] Bootstrap tree #55, logLikelihood: -6190.364367
[00:05:29] Bootstrap tree #56, logLikelihood: -6343.188741
[00:05:35] Bootstrap tree #57, logLikelihood: -6608.361435
[00:05:40] Bootstrap tree #58, logLikelihood: -6298.528970
[00:05:45] Bootstrap tree #59, logLikelihood: -6211.060612
[00:05:50] Bootstrap tree #60, logLikelihood: -6240.769227
[00:05:57] Bootstrap tree #61, logLikelihood: -6347.154032
[00:06:03] Bootstrap tree #62, logLikelihood: -6469.717402
[00:06:08] Bootstrap tree #63, logLikelihood: -6431.832261
[00:06:13] Bootstrap tree #64, logLikelihood: -6304.386970
[00:06:19] Bootstrap tree #65, logLikelihood: -6404.246837
[00:06:25] Bootstrap tree #66, logLikelihood: -6353.675898
[00:06:30] Bootstrap tree #67, logLikelihood: -6172.224563
[00:06:35] Bootstrap tree #68, logLikelihood: -6391.098170
[00:06:40] Bootstrap tree #69, logLikelihood: -6491.801483
[00:06:45] Bootstrap tree #70, logLikelihood: -6376.594511
[00:06:50] Bootstrap tree #71, logLikelihood: -6243.737325
[00:06:55] Bootstrap tree #72, logLikelihood: -6419.592589
[00:07:00] Bootstrap tree #73, logLikelihood: -6492.282359
[00:07:05] Bootstrap tree #74, logLikelihood: -6320.010909
[00:07:09] Bootstrap tree #75, logLikelihood: -6114.023895
[00:07:14] Bootstrap tree #76, logLikelihood: -6173.877577
[00:07:18] Bootstrap tree #77, logLikelihood: -6050.222674
[00:07:23] Bootstrap tree #78, logLikelihood: -6609.853477
[00:07:28] Bootstrap tree #79, logLikelihood: -6080.556503
[00:07:33] Bootstrap tree #80, logLikelihood: -6334.840313
[00:07:38] Bootstrap tree #81, logLikelihood: -6326.919195
[00:07:43] Bootstrap tree #82, logLikelihood: -6245.512395
[00:07:47] Bootstrap tree #83, logLikelihood: -6331.980419
[00:07:52] Bootstrap tree #84, logLikelihood: -6230.863410
[00:07:56] Bootstrap tree #85, logLikelihood: -6281.356241
[00:08:02] Bootstrap tree #86, logLikelihood: -6242.307477
[00:08:07] Bootstrap tree #87, logLikelihood: -6372.365314
[00:08:13] Bootstrap tree #88, logLikelihood: -6222.610140
[00:08:18] Bootstrap tree #89, logLikelihood: -6558.241788
[00:08:24] Bootstrap tree #90, logLikelihood: -6004.510993
[00:08:29] Bootstrap tree #91, logLikelihood: -6162.181747
[00:08:33] Bootstrap tree #92, logLikelihood: -6080.906546
[00:08:38] Bootstrap tree #93, logLikelihood: -6401.784717
[00:08:43] Bootstrap tree #94, logLikelihood: -6301.080360
[00:08:48] Bootstrap tree #95, logLikelihood: -6508.686276
[00:08:53] Bootstrap tree #96, logLikelihood: -6223.428897
[00:08:59] Bootstrap tree #97, logLikelihood: -6373.762093
[00:09:03] Bootstrap tree #98, logLikelihood: -6742.394817
[00:09:07] Bootstrap tree #99, logLikelihood: -6293.463030
[00:09:12] Bootstrap tree #100, logLikelihood: -6503.173750

Optimized model parameters:

   Partition 0: noname
   Rate heterogeneity: GAMMA (4 cats, mean),  alpha: 0.649245 (ML),  weights&rates: (0.250000,0.063398) (0.250000,0.338565) (0.250000,0.904504) (0.250000,2.693533) 
   Base frequencies (ML): 0.318299 0.185074 0.230633 0.265995 
   Substitution rates (ML): 1.312541 3.979753 0.805061 0.721707 5.856456 1.000000 

Final LogLikelihood: -6336.039726

All ML trees saved to: /mnt/lustre/scratch/home/uvi/be/avs/cancer_genes_selection/genes/MDM4/tree/MDM4_trimmed.raxml.mlTrees
Best ML tree saved to: /mnt/lustre/scratch/home/uvi/be/avs/cancer_genes_selection/genes/MDM4/tree/MDM4_trimmed.raxml.bestTree
Best ML tree with bootstrap support values saved to: /mnt/lustre/scratch/home/uvi/be/avs/cancer_genes_selection/genes/MDM4/tree/MDM4_trimmed.raxml.support
Optimized model saved to: /mnt/lustre/scratch/home/uvi/be/avs/cancer_genes_selection/genes/MDM4/tree/MDM4_trimmed.raxml.bestModel
Bootstrap trees saved to: /mnt/lustre/scratch/home/uvi/be/avs/cancer_genes_selection/genes/MDM4/tree/MDM4_trimmed.raxml.bootstraps

Execution log saved to: /mnt/lustre/scratch/home/uvi/be/avs/cancer_genes_selection/genes/MDM4/tree/MDM4_trimmed.raxml.log

Analysis started: 26-Mar-2018 22:50:24 / finished: 26-Mar-2018 22:59:40

Elapsed time: 555.267 seconds

