
RAxML-NG v. 0.5.1b BETA released on 01.12.2017 by The Exelixis Lab.
Authors: Alexey Kozlov, Alexandros Stamatakis, Diego Darriba, Tomas Flouri, Benoit Morel.
Latest version: https://github.com/amkozlov/raxml-ng
Questions/problems/suggestions? Please visit: https://groups.google.com/forum/#!forum/raxml

WARNING: This is a BETA release, please use at your own risk!

RAxML-NG was called as follows:

raxml-ng-mpi --all --msa /mnt/lustre/scratch/home/uvi/be/avs/cancer_genes_selection/genes/MDM4/align/MDM4_align_DNA_trimmed.fasta --model GTR+G -tree pars{10} --bs-trees 100 --prefix /mnt/lustre/scratch/home/uvi/be/avs/cancer_genes_selection/genes/MDM4/tree/MDM4 --redo

Analysis options:
  run mode: ML tree search + bootstrapping
  start tree(s): parsimony (10)
  random seed: 1521662328
  tip-inner: ON
  pattern compression: ON
  per-rate scalers: OFF
  site repeats: OFF
  branch lengths: ML estimate (linked)
  SIMD kernels: AVX2
  parallelization: NONE/sequential

WARNING: Running in REDO mode: existing checkpoints are ignored, and all result files will be overwritten!

[00:00:00] Reading alignment from file: /mnt/lustre/scratch/home/uvi/be/avs/cancer_genes_selection/genes/MDM4/align/MDM4_align_DNA_trimmed.fasta
[00:00:00] Loaded alignment with 13 taxa and 1476 sites

Alignment comprises 1 partitions and 390 patterns

Partition 0: noname
Model: GTR+FO+G4m
Alignment sites / patterns: 1476 / 390
Gaps: 1.92 %
Invariant sites: 61.52 %


[00:00:01] Generating parsimony starting tree(s) with 13 taxa
[00:00:01] Data distribution: partitions/thread: 1-1, patterns/thread: 390-390

Starting ML tree search with 10 distinct starting trees

[00:00:03] ML tree search #1, logLikelihood: -6336.039743
[00:00:05] ML tree search #2, logLikelihood: -6336.039779
[00:00:08] ML tree search #3, logLikelihood: -6336.039763
[00:00:11] ML tree search #4, logLikelihood: -6336.039755
[00:00:13] ML tree search #5, logLikelihood: -6336.039774
[00:00:15] ML tree search #6, logLikelihood: -6336.039752
[00:00:18] ML tree search #7, logLikelihood: -6336.039710
[00:00:21] ML tree search #8, logLikelihood: -6336.039721
[00:00:23] ML tree search #9, logLikelihood: -6336.039781
[00:00:25] ML tree search #10, logLikelihood: -6336.039756

[00:00:26] ML tree search completed, best tree logLH: -6336.039710

[00:00:26] Starting bootstrapping analysis with 100 replicates.

[00:00:28] Bootstrap tree #1, logLikelihood: -6416.592082
[00:00:31] Bootstrap tree #2, logLikelihood: -6433.662230
[00:00:33] Bootstrap tree #3, logLikelihood: -6226.036466
[00:00:37] Bootstrap tree #4, logLikelihood: -6441.958111
[00:00:39] Bootstrap tree #5, logLikelihood: -6069.324589
[00:00:42] Bootstrap tree #6, logLikelihood: -6156.398232
[00:00:45] Bootstrap tree #7, logLikelihood: -6372.085987
[00:00:48] Bootstrap tree #8, logLikelihood: -6064.362092
[00:00:51] Bootstrap tree #9, logLikelihood: -6519.889358
[00:00:54] Bootstrap tree #10, logLikelihood: -6185.462529
[00:00:56] Bootstrap tree #11, logLikelihood: -6199.715383
[00:00:59] Bootstrap tree #12, logLikelihood: -6675.260416
[00:01:02] Bootstrap tree #13, logLikelihood: -6386.101795
[00:01:04] Bootstrap tree #14, logLikelihood: -6513.955128
[00:01:07] Bootstrap tree #15, logLikelihood: -6655.710692
[00:01:10] Bootstrap tree #16, logLikelihood: -6533.977904
[00:01:13] Bootstrap tree #17, logLikelihood: -6419.529226
[00:01:16] Bootstrap tree #18, logLikelihood: -6208.301686
[00:01:22] Bootstrap tree #19, logLikelihood: -6466.296134
[00:01:27] Bootstrap tree #20, logLikelihood: -6205.811373
[00:01:30] Bootstrap tree #21, logLikelihood: -6427.967782
[00:01:33] Bootstrap tree #22, logLikelihood: -6053.283279
[00:01:36] Bootstrap tree #23, logLikelihood: -6326.015248
[00:01:39] Bootstrap tree #24, logLikelihood: -6275.392728
[00:01:41] Bootstrap tree #25, logLikelihood: -6388.659572
[00:01:45] Bootstrap tree #26, logLikelihood: -6191.841283
[00:01:48] Bootstrap tree #27, logLikelihood: -6386.844665
[00:01:51] Bootstrap tree #28, logLikelihood: -6158.052401
[00:01:55] Bootstrap tree #29, logLikelihood: -6408.019247
[00:01:58] Bootstrap tree #30, logLikelihood: -6289.783003
[00:02:02] Bootstrap tree #31, logLikelihood: -6232.376475
[00:02:06] Bootstrap tree #32, logLikelihood: -6380.780338
[00:02:09] Bootstrap tree #33, logLikelihood: -6173.239958
[00:02:12] Bootstrap tree #34, logLikelihood: -6239.779384
[00:02:15] Bootstrap tree #35, logLikelihood: -6178.506588
[00:02:18] Bootstrap tree #36, logLikelihood: -6422.607187
[00:02:21] Bootstrap tree #37, logLikelihood: -6191.067016
[00:02:24] Bootstrap tree #38, logLikelihood: -6482.043908
[00:02:28] Bootstrap tree #39, logLikelihood: -6091.831869
[00:02:31] Bootstrap tree #40, logLikelihood: -6305.118910
[00:02:34] Bootstrap tree #41, logLikelihood: -6355.804831
[00:02:36] Bootstrap tree #42, logLikelihood: -6098.432664
[00:02:39] Bootstrap tree #43, logLikelihood: -6483.779360
[00:02:42] Bootstrap tree #44, logLikelihood: -6459.573323
[00:02:45] Bootstrap tree #45, logLikelihood: -6355.127821
[00:02:48] Bootstrap tree #46, logLikelihood: -6390.122283
[00:02:51] Bootstrap tree #47, logLikelihood: -6186.155718
[00:02:54] Bootstrap tree #48, logLikelihood: -6129.168435
[00:02:57] Bootstrap tree #49, logLikelihood: -6326.655435
[00:03:00] Bootstrap tree #50, logLikelihood: -6272.249922
[00:03:03] Bootstrap tree #51, logLikelihood: -6490.623823
[00:03:06] Bootstrap tree #52, logLikelihood: -6174.299081
[00:03:09] Bootstrap tree #53, logLikelihood: -6571.757419
[00:03:12] Bootstrap tree #54, logLikelihood: -6348.888594
[00:03:15] Bootstrap tree #55, logLikelihood: -6393.465615
[00:03:18] Bootstrap tree #56, logLikelihood: -6386.161451
[00:03:21] Bootstrap tree #57, logLikelihood: -6357.660263
[00:03:24] Bootstrap tree #58, logLikelihood: -6285.229321
[00:03:27] Bootstrap tree #59, logLikelihood: -6372.744367
[00:03:29] Bootstrap tree #60, logLikelihood: -6287.990166
[00:03:32] Bootstrap tree #61, logLikelihood: -6306.201650
[00:03:38] Bootstrap tree #62, logLikelihood: -6419.360337
[00:03:41] Bootstrap tree #63, logLikelihood: -6186.676624
[00:03:45] Bootstrap tree #64, logLikelihood: -6443.373142
[00:03:48] Bootstrap tree #65, logLikelihood: -6312.234640
[00:03:51] Bootstrap tree #66, logLikelihood: -6418.000655
[00:03:54] Bootstrap tree #67, logLikelihood: -6169.934072
[00:03:57] Bootstrap tree #68, logLikelihood: -6182.146268
[00:04:00] Bootstrap tree #69, logLikelihood: -6418.935641
[00:04:03] Bootstrap tree #70, logLikelihood: -6215.177003
[00:04:06] Bootstrap tree #71, logLikelihood: -5962.087634
[00:04:09] Bootstrap tree #72, logLikelihood: -6324.950512
[00:04:12] Bootstrap tree #73, logLikelihood: -6086.655753
[00:04:16] Bootstrap tree #74, logLikelihood: -6133.636929
[00:04:19] Bootstrap tree #75, logLikelihood: -6285.798484
[00:04:22] Bootstrap tree #76, logLikelihood: -6033.480576
[00:04:25] Bootstrap tree #77, logLikelihood: -6338.475040
[00:04:28] Bootstrap tree #78, logLikelihood: -6102.207134
[00:04:31] Bootstrap tree #79, logLikelihood: -6307.978234
[00:04:35] Bootstrap tree #80, logLikelihood: -6273.442902
[00:04:40] Bootstrap tree #81, logLikelihood: -6355.340780
[00:04:43] Bootstrap tree #82, logLikelihood: -6368.376274
[00:04:46] Bootstrap tree #83, logLikelihood: -6470.975924
[00:04:52] Bootstrap tree #84, logLikelihood: -6418.832483
[00:04:56] Bootstrap tree #85, logLikelihood: -6373.998311
[00:04:59] Bootstrap tree #86, logLikelihood: -6181.331699
[00:05:01] Bootstrap tree #87, logLikelihood: -6435.417176
[00:05:05] Bootstrap tree #88, logLikelihood: -6236.797434
[00:05:08] Bootstrap tree #89, logLikelihood: -6175.768952
[00:05:12] Bootstrap tree #90, logLikelihood: -6514.673388
[00:05:15] Bootstrap tree #91, logLikelihood: -6248.940161
[00:05:19] Bootstrap tree #92, logLikelihood: -6202.865486
[00:05:22] Bootstrap tree #93, logLikelihood: -6294.970292
[00:05:25] Bootstrap tree #94, logLikelihood: -6226.399436
[00:05:28] Bootstrap tree #95, logLikelihood: -6321.462042
[00:05:31] Bootstrap tree #96, logLikelihood: -6265.495533
[00:05:35] Bootstrap tree #97, logLikelihood: -6472.225437
[00:05:38] Bootstrap tree #98, logLikelihood: -5963.107519
[00:05:42] Bootstrap tree #99, logLikelihood: -6324.454091
[00:05:45] Bootstrap tree #100, logLikelihood: -6054.774632

Optimized model parameters:

   Partition 0: noname
   Rate heterogeneity: GAMMA (4 cats, mean),  alpha: 0.578589 (ML),  weights&rates: (0.250000,0.048724) (0.250000,0.300159) (0.250000,0.869989) (0.250000,2.781127) 
   Base frequencies (ML): 0.311369 0.192275 0.232473 0.263884 
   Substitution rates (ML): 1.314788 3.885247 0.563564 0.602404 5.739766 1.000000 

Final LogLikelihood: -6336.039710

All ML trees saved to: /mnt/lustre/scratch/home/uvi/be/avs/cancer_genes_selection/genes/MDM4/tree/MDM4.raxml.mlTrees
Best ML tree saved to: /mnt/lustre/scratch/home/uvi/be/avs/cancer_genes_selection/genes/MDM4/tree/MDM4.raxml.bestTree
Best ML tree with bootstrap support values saved to: /mnt/lustre/scratch/home/uvi/be/avs/cancer_genes_selection/genes/MDM4/tree/MDM4.raxml.support
Optimized model saved to: /mnt/lustre/scratch/home/uvi/be/avs/cancer_genes_selection/genes/MDM4/tree/MDM4.raxml.bestModel
Bootstrap trees saved to: /mnt/lustre/scratch/home/uvi/be/avs/cancer_genes_selection/genes/MDM4/tree/MDM4.raxml.bootstraps

Execution log saved to: /mnt/lustre/scratch/home/uvi/be/avs/cancer_genes_selection/genes/MDM4/tree/MDM4.raxml.log

Analysis started: 21-Mar-2018 20:58:48 / finished: 21-Mar-2018 21:04:36

Elapsed time: 348.030 seconds

