
RAxML-NG v. 0.5.1b BETA released on 01.12.2017 by The Exelixis Lab.
Authors: Alexey Kozlov, Alexandros Stamatakis, Diego Darriba, Tomas Flouri, Benoit Morel.
Latest version: https://github.com/amkozlov/raxml-ng
Questions/problems/suggestions? Please visit: https://groups.google.com/forum/#!forum/raxml

WARNING: This is a BETA release, please use at your own risk!

RAxML-NG was called as follows:

raxml-ng-mpi --all --msa /mnt/lustre/scratch/home/uvi/be/avs/cancer_genes_selection/genes/NFKBIE/align/NFKBIE_align_DNA_trimmed.fasta --model GTR+G -tree pars{10} --bs-trees 100 --prefix /mnt/lustre/scratch/home/uvi/be/avs/cancer_genes_selection/genes/NFKBIE/tree/NFKBIE --redo

Analysis options:
  run mode: ML tree search + bootstrapping
  start tree(s): parsimony (10)
  random seed: 1521664561
  tip-inner: ON
  pattern compression: ON
  per-rate scalers: OFF
  site repeats: OFF
  branch lengths: ML estimate (linked)
  SIMD kernels: AVX2
  parallelization: NONE/sequential

WARNING: Running in REDO mode: existing checkpoints are ignored, and all result files will be overwritten!

[00:00:00] Reading alignment from file: /mnt/lustre/scratch/home/uvi/be/avs/cancer_genes_selection/genes/NFKBIE/align/NFKBIE_align_DNA_trimmed.fasta
[00:00:00] Loaded alignment with 27 taxa and 1089 sites

WARNING: Duplicate sequences found: 1
WARNING: Sequences ENSPANG00000022206 and ENSMMUG00000022689 are exactly identical!

Alignment comprises 1 partitions and 585 patterns

Partition 0: noname
Model: GTR+FO+G4m
Alignment sites / patterns: 1089 / 585
Gaps: 1.61 %
Invariant sites: 42.70 %


[00:00:00] Generating parsimony starting tree(s) with 27 taxa
[00:00:01] Data distribution: partitions/thread: 1-1, patterns/thread: 585-585

Starting ML tree search with 10 distinct starting trees

[00:00:07] ML tree search #1, logLikelihood: -9452.286092
[00:00:13] ML tree search #2, logLikelihood: -9452.285202
[00:00:20] ML tree search #3, logLikelihood: -9452.284515
[00:00:27] ML tree search #4, logLikelihood: -9452.285684
[00:00:35] ML tree search #5, logLikelihood: -9452.284902
[00:00:42] ML tree search #6, logLikelihood: -9452.283196
[00:00:48] ML tree search #7, logLikelihood: -9452.284470
[00:00:53] ML tree search #8, logLikelihood: -9452.285285
[00:01:01] ML tree search #9, logLikelihood: -9452.284012
[00:01:07] ML tree search #10, logLikelihood: -9452.285050

[00:01:07] ML tree search completed, best tree logLH: -9452.283196

[00:01:07] Starting bootstrapping analysis with 100 replicates.

[00:01:13] Bootstrap tree #1, logLikelihood: -9533.318479
[00:01:20] Bootstrap tree #2, logLikelihood: -9664.191239
[00:01:27] Bootstrap tree #3, logLikelihood: -9835.342423
[00:01:34] Bootstrap tree #4, logLikelihood: -9150.770098
[00:01:40] Bootstrap tree #5, logLikelihood: -9513.005090
[00:01:46] Bootstrap tree #6, logLikelihood: -9563.381535
[00:01:54] Bootstrap tree #7, logLikelihood: -9385.216469
[00:02:01] Bootstrap tree #8, logLikelihood: -9473.651469
[00:02:09] Bootstrap tree #9, logLikelihood: -9199.346750
[00:02:15] Bootstrap tree #10, logLikelihood: -9052.334613
[00:02:22] Bootstrap tree #11, logLikelihood: -9350.623431
[00:02:29] Bootstrap tree #12, logLikelihood: -9546.998189
[00:02:36] Bootstrap tree #13, logLikelihood: -9776.603471
[00:02:43] Bootstrap tree #14, logLikelihood: -9379.968624
[00:02:49] Bootstrap tree #15, logLikelihood: -9569.092287
[00:02:56] Bootstrap tree #16, logLikelihood: -9347.559589
[00:03:03] Bootstrap tree #17, logLikelihood: -9386.600581
[00:03:12] Bootstrap tree #18, logLikelihood: -9622.381876
[00:03:19] Bootstrap tree #19, logLikelihood: -9508.289878
[00:03:27] Bootstrap tree #20, logLikelihood: -9294.939534
[00:03:33] Bootstrap tree #21, logLikelihood: -9325.327851
[00:03:40] Bootstrap tree #22, logLikelihood: -9677.688590
[00:03:46] Bootstrap tree #23, logLikelihood: -8848.769253
[00:03:54] Bootstrap tree #24, logLikelihood: -9612.092911
[00:04:00] Bootstrap tree #25, logLikelihood: -9510.272420
[00:04:07] Bootstrap tree #26, logLikelihood: -9366.030029
[00:04:15] Bootstrap tree #27, logLikelihood: -9438.318424
[00:04:21] Bootstrap tree #28, logLikelihood: -9253.388363
[00:04:28] Bootstrap tree #29, logLikelihood: -9713.851292
[00:04:36] Bootstrap tree #30, logLikelihood: -9591.640937
[00:04:43] Bootstrap tree #31, logLikelihood: -9746.695568
[00:04:49] Bootstrap tree #32, logLikelihood: -9330.700216
[00:04:56] Bootstrap tree #33, logLikelihood: -8865.724593
[00:05:02] Bootstrap tree #34, logLikelihood: -9411.009215
[00:05:09] Bootstrap tree #35, logLikelihood: -9033.720133
[00:05:16] Bootstrap tree #36, logLikelihood: -9095.634460
[00:05:23] Bootstrap tree #37, logLikelihood: -9847.897355
[00:05:32] Bootstrap tree #38, logLikelihood: -9097.001936
[00:05:40] Bootstrap tree #39, logLikelihood: -9019.088423
[00:05:47] Bootstrap tree #40, logLikelihood: -9951.263585
[00:05:54] Bootstrap tree #41, logLikelihood: -9560.657593
[00:06:02] Bootstrap tree #42, logLikelihood: -9587.831898
[00:06:10] Bootstrap tree #43, logLikelihood: -9371.788192
[00:06:18] Bootstrap tree #44, logLikelihood: -9350.711915
[00:06:24] Bootstrap tree #45, logLikelihood: -9791.189677
[00:06:32] Bootstrap tree #46, logLikelihood: -9638.510457
[00:06:40] Bootstrap tree #47, logLikelihood: -9722.224251
[00:06:47] Bootstrap tree #48, logLikelihood: -9422.753429
[00:06:54] Bootstrap tree #49, logLikelihood: -9449.083005
[00:07:03] Bootstrap tree #50, logLikelihood: -9673.952387
[00:07:10] Bootstrap tree #51, logLikelihood: -9105.728702
[00:07:18] Bootstrap tree #52, logLikelihood: -10069.586741
[00:07:26] Bootstrap tree #53, logLikelihood: -9545.972976
[00:07:33] Bootstrap tree #54, logLikelihood: -9370.965282
[00:07:42] Bootstrap tree #55, logLikelihood: -9256.423278
[00:07:49] Bootstrap tree #56, logLikelihood: -9806.036556
[00:07:57] Bootstrap tree #57, logLikelihood: -9586.903914
[00:08:03] Bootstrap tree #58, logLikelihood: -9429.702461
[00:08:11] Bootstrap tree #59, logLikelihood: -8939.857861
[00:08:21] Bootstrap tree #60, logLikelihood: -9221.244789
[00:08:29] Bootstrap tree #61, logLikelihood: -9529.183325
[00:08:36] Bootstrap tree #62, logLikelihood: -9380.386461
[00:08:44] Bootstrap tree #63, logLikelihood: -9019.566846
[00:08:53] Bootstrap tree #64, logLikelihood: -9452.066320
[00:09:00] Bootstrap tree #65, logLikelihood: -9452.550559
[00:09:08] Bootstrap tree #66, logLikelihood: -10024.594284
[00:09:19] Bootstrap tree #67, logLikelihood: -9309.736544
[00:09:27] Bootstrap tree #68, logLikelihood: -9357.805094
[00:09:34] Bootstrap tree #69, logLikelihood: -8715.469705
[00:09:42] Bootstrap tree #70, logLikelihood: -9287.736813
[00:09:50] Bootstrap tree #71, logLikelihood: -9681.522511
[00:09:59] Bootstrap tree #72, logLikelihood: -9147.189011
[00:10:07] Bootstrap tree #73, logLikelihood: -9410.436214
[00:10:15] Bootstrap tree #74, logLikelihood: -9234.162197
[00:10:23] Bootstrap tree #75, logLikelihood: -9608.800679
[00:10:32] Bootstrap tree #76, logLikelihood: -9659.037570
[00:10:41] Bootstrap tree #77, logLikelihood: -9314.174326
[00:10:48] Bootstrap tree #78, logLikelihood: -9150.231897
[00:10:56] Bootstrap tree #79, logLikelihood: -9404.178189
[00:11:03] Bootstrap tree #80, logLikelihood: -9685.320260
[00:11:11] Bootstrap tree #81, logLikelihood: -9521.296510
[00:11:19] Bootstrap tree #82, logLikelihood: -8899.078266
[00:11:26] Bootstrap tree #83, logLikelihood: -9270.923955
[00:11:34] Bootstrap tree #84, logLikelihood: -9030.888223
[00:11:43] Bootstrap tree #85, logLikelihood: -9908.013533
[00:11:51] Bootstrap tree #86, logLikelihood: -9423.992827
[00:11:58] Bootstrap tree #87, logLikelihood: -9665.794613
[00:12:07] Bootstrap tree #88, logLikelihood: -9224.259913
[00:12:17] Bootstrap tree #89, logLikelihood: -9417.517059
[00:12:24] Bootstrap tree #90, logLikelihood: -9300.865941
[00:12:32] Bootstrap tree #91, logLikelihood: -9365.539150
[00:12:41] Bootstrap tree #92, logLikelihood: -9897.780689
[00:12:49] Bootstrap tree #93, logLikelihood: -9446.108155
[00:13:00] Bootstrap tree #94, logLikelihood: -9876.004074
[00:13:08] Bootstrap tree #95, logLikelihood: -9822.609422
[00:13:17] Bootstrap tree #96, logLikelihood: -9515.604552
[00:13:25] Bootstrap tree #97, logLikelihood: -9612.420738
[00:13:35] Bootstrap tree #98, logLikelihood: -9788.206030
[00:13:43] Bootstrap tree #99, logLikelihood: -9134.925491
[00:13:50] Bootstrap tree #100, logLikelihood: -9925.078975

Optimized model parameters:

   Partition 0: noname
   Rate heterogeneity: GAMMA (4 cats, mean),  alpha: 0.596625 (ML),  weights&rates: (0.250000,0.052413) (0.250000,0.310391) (0.250000,0.879588) (0.250000,2.757608) 
   Base frequencies (ML): 0.162655 0.333208 0.319725 0.184412 
   Substitution rates (ML): 1.340500 5.831338 1.346147 0.955000 5.307268 1.000000 

Final LogLikelihood: -9452.283196

All ML trees saved to: /mnt/lustre/scratch/home/uvi/be/avs/cancer_genes_selection/genes/NFKBIE/tree/NFKBIE.raxml.mlTrees
Best ML tree saved to: /mnt/lustre/scratch/home/uvi/be/avs/cancer_genes_selection/genes/NFKBIE/tree/NFKBIE.raxml.bestTree
Best ML tree with bootstrap support values saved to: /mnt/lustre/scratch/home/uvi/be/avs/cancer_genes_selection/genes/NFKBIE/tree/NFKBIE.raxml.support
Optimized model saved to: /mnt/lustre/scratch/home/uvi/be/avs/cancer_genes_selection/genes/NFKBIE/tree/NFKBIE.raxml.bestModel
Bootstrap trees saved to: /mnt/lustre/scratch/home/uvi/be/avs/cancer_genes_selection/genes/NFKBIE/tree/NFKBIE.raxml.bootstraps

Execution log saved to: /mnt/lustre/scratch/home/uvi/be/avs/cancer_genes_selection/genes/NFKBIE/tree/NFKBIE.raxml.log

Analysis started: 21-Mar-2018 21:36:01 / finished: 21-Mar-2018 21:49:54

Elapsed time: 833.523 seconds

