
RAxML-NG v. 0.5.1b BETA released on 01.12.2017 by The Exelixis Lab.
Authors: Alexey Kozlov, Alexandros Stamatakis, Diego Darriba, Tomas Flouri, Benoit Morel.
Latest version: https://github.com/amkozlov/raxml-ng
Questions/problems/suggestions? Please visit: https://groups.google.com/forum/#!forum/raxml

WARNING: This is a BETA release, please use at your own risk!

RAxML-NG was called as follows:

raxml-ng-mpi --all --msa /mnt/lustre/scratch/home/uvi/be/avs/cancer_genes_selection/genes/FUS/align/FUS_align_DNA_trimmed.fasta --model GTR+G -tree pars{10} --bs-trees 100 --prefix /mnt/lustre/scratch/home/uvi/be/avs/cancer_genes_selection/genes/FUS/tree/FUS --redo

Analysis options:
  run mode: ML tree search + bootstrapping
  start tree(s): parsimony (10)
  random seed: 1521657361
  tip-inner: ON
  pattern compression: ON
  per-rate scalers: OFF
  site repeats: OFF
  branch lengths: ML estimate (linked)
  SIMD kernels: AVX2
  parallelization: NONE/sequential

WARNING: Running in REDO mode: existing checkpoints are ignored, and all result files will be overwritten!

[00:00:00] Reading alignment from file: /mnt/lustre/scratch/home/uvi/be/avs/cancer_genes_selection/genes/FUS/align/FUS_align_DNA_trimmed.fasta
[00:00:01] Loaded alignment with 27 taxa and 1557 sites

Alignment comprises 1 partitions and 706 patterns

Partition 0: noname
Model: GTR+FO+G4m
Alignment sites / patterns: 1557 / 706
Gaps: 2.76 %
Invariant sites: 50.16 %


[00:00:01] Generating parsimony starting tree(s) with 27 taxa
[00:00:01] Data distribution: partitions/thread: 1-1, patterns/thread: 706-706

Starting ML tree search with 10 distinct starting trees

[00:00:07] ML tree search #1, logLikelihood: -11112.341099
[00:00:13] ML tree search #2, logLikelihood: -11112.340954
[00:00:19] ML tree search #3, logLikelihood: -11112.340907
[00:00:25] ML tree search #4, logLikelihood: -11112.341166
[00:00:31] ML tree search #5, logLikelihood: -11112.340269
[00:00:38] ML tree search #6, logLikelihood: -11112.340935
[00:00:45] ML tree search #7, logLikelihood: -11112.340460
[00:00:51] ML tree search #8, logLikelihood: -11112.340601
[00:00:59] ML tree search #9, logLikelihood: -11112.342202
[00:01:06] ML tree search #10, logLikelihood: -11112.341810

[00:01:07] ML tree search completed, best tree logLH: -11112.340269

[00:01:07] Starting bootstrapping analysis with 100 replicates.

[00:01:22] Bootstrap tree #1, logLikelihood: -11132.586549
[00:01:43] Bootstrap tree #2, logLikelihood: -10976.496083
[00:01:55] Bootstrap tree #3, logLikelihood: -10918.871014
[00:02:01] Bootstrap tree #4, logLikelihood: -11007.487818
[00:02:09] Bootstrap tree #5, logLikelihood: -11174.966027
[00:02:16] Bootstrap tree #6, logLikelihood: -11308.361052
[00:02:23] Bootstrap tree #7, logLikelihood: -11263.484976
[00:02:29] Bootstrap tree #8, logLikelihood: -11114.925301
[00:02:36] Bootstrap tree #9, logLikelihood: -10911.220561
[00:02:43] Bootstrap tree #10, logLikelihood: -10848.427509
[00:02:50] Bootstrap tree #11, logLikelihood: -11207.489597
[00:02:56] Bootstrap tree #12, logLikelihood: -10832.425724
[00:03:03] Bootstrap tree #13, logLikelihood: -11372.146681
[00:03:09] Bootstrap tree #14, logLikelihood: -11080.780963
[00:03:16] Bootstrap tree #15, logLikelihood: -11604.914816
[00:03:25] Bootstrap tree #16, logLikelihood: -10876.563516
[00:03:32] Bootstrap tree #17, logLikelihood: -11306.352763
[00:03:39] Bootstrap tree #18, logLikelihood: -10509.162546
[00:03:45] Bootstrap tree #19, logLikelihood: -10752.148015
[00:03:53] Bootstrap tree #20, logLikelihood: -11337.967998
[00:03:59] Bootstrap tree #21, logLikelihood: -10882.743061
[00:04:07] Bootstrap tree #22, logLikelihood: -10830.976752
[00:04:15] Bootstrap tree #23, logLikelihood: -10413.376923
[00:04:22] Bootstrap tree #24, logLikelihood: -11461.506166
[00:04:31] Bootstrap tree #25, logLikelihood: -10949.448345
[00:04:39] Bootstrap tree #26, logLikelihood: -11497.834501
[00:04:47] Bootstrap tree #27, logLikelihood: -11025.080450
[00:04:54] Bootstrap tree #28, logLikelihood: -11410.252420
[00:05:04] Bootstrap tree #29, logLikelihood: -10740.334809
[00:05:11] Bootstrap tree #30, logLikelihood: -11062.897217
[00:05:20] Bootstrap tree #31, logLikelihood: -11010.111116
[00:05:27] Bootstrap tree #32, logLikelihood: -11424.333232
[00:05:35] Bootstrap tree #33, logLikelihood: -10806.239531
[00:05:41] Bootstrap tree #34, logLikelihood: -11111.570429
[00:05:51] Bootstrap tree #35, logLikelihood: -10980.773709
[00:05:59] Bootstrap tree #36, logLikelihood: -10912.076549
[00:06:07] Bootstrap tree #37, logLikelihood: -11500.816624
[00:06:15] Bootstrap tree #38, logLikelihood: -11037.677996
[00:06:22] Bootstrap tree #39, logLikelihood: -11639.791609
[00:06:31] Bootstrap tree #40, logLikelihood: -10901.072951
[00:06:37] Bootstrap tree #41, logLikelihood: -11331.961827
[00:06:43] Bootstrap tree #42, logLikelihood: -10928.763311
[00:06:51] Bootstrap tree #43, logLikelihood: -10757.449361
[00:06:59] Bootstrap tree #44, logLikelihood: -11739.947660
[00:07:07] Bootstrap tree #45, logLikelihood: -11507.320522
[00:07:16] Bootstrap tree #46, logLikelihood: -11181.706757
[00:07:22] Bootstrap tree #47, logLikelihood: -10699.239094
[00:07:29] Bootstrap tree #48, logLikelihood: -10944.760689
[00:07:36] Bootstrap tree #49, logLikelihood: -10786.615709
[00:07:43] Bootstrap tree #50, logLikelihood: -11189.489115
[00:07:51] Bootstrap tree #51, logLikelihood: -10632.788535
[00:07:59] Bootstrap tree #52, logLikelihood: -11161.084390
[00:08:06] Bootstrap tree #53, logLikelihood: -11481.130380
[00:08:15] Bootstrap tree #54, logLikelihood: -10990.141401
[00:08:22] Bootstrap tree #55, logLikelihood: -11001.482518
[00:08:31] Bootstrap tree #56, logLikelihood: -10943.771045
[00:08:39] Bootstrap tree #57, logLikelihood: -11056.489078
[00:08:48] Bootstrap tree #58, logLikelihood: -11196.755060
[00:08:55] Bootstrap tree #59, logLikelihood: -11253.053015
[00:09:02] Bootstrap tree #60, logLikelihood: -10462.488802
[00:09:08] Bootstrap tree #61, logLikelihood: -10912.087635
[00:09:16] Bootstrap tree #62, logLikelihood: -10980.228329
[00:09:24] Bootstrap tree #63, logLikelihood: -11679.669926
[00:09:31] Bootstrap tree #64, logLikelihood: -11052.369529
[00:09:39] Bootstrap tree #65, logLikelihood: -10921.015481
[00:09:48] Bootstrap tree #66, logLikelihood: -11152.602266
[00:09:55] Bootstrap tree #67, logLikelihood: -10928.153844
[00:10:08] Bootstrap tree #68, logLikelihood: -11048.452653
[00:10:15] Bootstrap tree #69, logLikelihood: -10943.678218
[00:10:23] Bootstrap tree #70, logLikelihood: -10739.879078
[00:10:30] Bootstrap tree #71, logLikelihood: -11146.603378
[00:10:39] Bootstrap tree #72, logLikelihood: -11265.335583
[00:10:49] Bootstrap tree #73, logLikelihood: -10361.702885
[00:10:57] Bootstrap tree #74, logLikelihood: -10940.797641
[00:11:06] Bootstrap tree #75, logLikelihood: -11093.346874
[00:11:14] Bootstrap tree #76, logLikelihood: -10908.740801
[00:11:23] Bootstrap tree #77, logLikelihood: -10660.866393
[00:11:32] Bootstrap tree #78, logLikelihood: -11135.670500
[00:11:39] Bootstrap tree #79, logLikelihood: -10865.400230
[00:11:45] Bootstrap tree #80, logLikelihood: -11270.371631
[00:11:54] Bootstrap tree #81, logLikelihood: -10987.659236
[00:12:02] Bootstrap tree #82, logLikelihood: -10822.725243
[00:12:09] Bootstrap tree #83, logLikelihood: -10804.155082
[00:12:18] Bootstrap tree #84, logLikelihood: -10935.857265
[00:12:27] Bootstrap tree #85, logLikelihood: -11030.533951
[00:12:36] Bootstrap tree #86, logLikelihood: -10942.657055
[00:12:42] Bootstrap tree #87, logLikelihood: -10991.661113
[00:12:49] Bootstrap tree #88, logLikelihood: -11625.579270
[00:12:56] Bootstrap tree #89, logLikelihood: -11286.302480
[00:13:04] Bootstrap tree #90, logLikelihood: -11469.694570
[00:13:11] Bootstrap tree #91, logLikelihood: -11070.295701
[00:13:19] Bootstrap tree #92, logLikelihood: -11235.137400
[00:13:34] Bootstrap tree #93, logLikelihood: -11506.759023
[00:13:43] Bootstrap tree #94, logLikelihood: -10797.577801
[00:13:51] Bootstrap tree #95, logLikelihood: -10744.376371
[00:13:59] Bootstrap tree #96, logLikelihood: -11207.038221
[00:14:07] Bootstrap tree #97, logLikelihood: -10941.350976
[00:14:15] Bootstrap tree #98, logLikelihood: -11292.598239
[00:14:23] Bootstrap tree #99, logLikelihood: -10942.514473
[00:14:34] Bootstrap tree #100, logLikelihood: -11045.851982

Optimized model parameters:

   Partition 0: noname
   Rate heterogeneity: GAMMA (4 cats, mean),  alpha: 0.491509 (ML),  weights&rates: (0.250000,0.031825) (0.250000,0.246336) (0.250000,0.813990) (0.250000,2.907848) 
   Base frequencies (ML): 0.252247 0.248798 0.325721 0.173234 
   Substitution rates (ML): 1.772060 4.121038 3.462585 0.938795 14.624241 1.000000 

Final LogLikelihood: -11112.340269

All ML trees saved to: /mnt/lustre/scratch/home/uvi/be/avs/cancer_genes_selection/genes/FUS/tree/FUS.raxml.mlTrees
Best ML tree saved to: /mnt/lustre/scratch/home/uvi/be/avs/cancer_genes_selection/genes/FUS/tree/FUS.raxml.bestTree
Best ML tree with bootstrap support values saved to: /mnt/lustre/scratch/home/uvi/be/avs/cancer_genes_selection/genes/FUS/tree/FUS.raxml.support
Optimized model saved to: /mnt/lustre/scratch/home/uvi/be/avs/cancer_genes_selection/genes/FUS/tree/FUS.raxml.bestModel
Bootstrap trees saved to: /mnt/lustre/scratch/home/uvi/be/avs/cancer_genes_selection/genes/FUS/tree/FUS.raxml.bootstraps

Execution log saved to: /mnt/lustre/scratch/home/uvi/be/avs/cancer_genes_selection/genes/FUS/tree/FUS.raxml.log

Analysis started: 21-Mar-2018 19:36:01 / finished: 21-Mar-2018 19:50:37

Elapsed time: 876.461 seconds

