
RAxML-NG v. 0.5.1b BETA released on 01.12.2017 by The Exelixis Lab.
Authors: Alexey Kozlov, Alexandros Stamatakis, Diego Darriba, Tomas Flouri, Benoit Morel.
Latest version: https://github.com/amkozlov/raxml-ng
Questions/problems/suggestions? Please visit: https://groups.google.com/forum/#!forum/raxml

WARNING: This is a BETA release, please use at your own risk!

RAxML-NG was called as follows:

raxml-ng-mpi --all --msa /mnt/lustre/scratch/home/uvi/be/avs/cancer_genes_selection/genes/FOXO4/align/FOXO4_align_DNA_trimmed2.fasta --model GTR+G -tree pars{10} --bs-trees 100 --prefix /mnt/lustre/scratch/home/uvi/be/avs/cancer_genes_selection/genes/FOXO4/tree/FOXO4_trimmed --redo

Analysis options:
  run mode: ML tree search + bootstrapping
  start tree(s): parsimony (10)
  random seed: 1522093569
  tip-inner: ON
  pattern compression: ON
  per-rate scalers: OFF
  site repeats: OFF
  branch lengths: ML estimate (linked)
  SIMD kernels: AVX2
  parallelization: NONE/sequential

WARNING: Running in REDO mode: existing checkpoints are ignored, and all result files will be overwritten!

[00:00:00] Reading alignment from file: /mnt/lustre/scratch/home/uvi/be/avs/cancer_genes_selection/genes/FOXO4/align/FOXO4_align_DNA_trimmed2.fasta
[00:00:00] Loaded alignment with 26 taxa and 1521 sites

Alignment comprises 1 partitions and 673 patterns

Partition 0: noname
Model: GTR+FO+G4m
Alignment sites / patterns: 1521 / 673
Gaps: 4.84 %
Invariant sites: 49.57 %


[00:00:01] Generating parsimony starting tree(s) with 26 taxa
[00:00:01] Data distribution: partitions/thread: 1-1, patterns/thread: 673-673

Starting ML tree search with 10 distinct starting trees

[00:00:10] ML tree search #1, logLikelihood: -10043.965234
[00:00:19] ML tree search #2, logLikelihood: -10043.964755
[00:00:26] ML tree search #3, logLikelihood: -10043.965056
[00:00:34] ML tree search #4, logLikelihood: -10043.964695
[00:00:42] ML tree search #5, logLikelihood: -10044.962906
[00:00:53] ML tree search #6, logLikelihood: -10043.970900
[00:01:00] ML tree search #7, logLikelihood: -10043.964918
[00:01:07] ML tree search #8, logLikelihood: -10043.964996
[00:01:15] ML tree search #9, logLikelihood: -10043.964928
[00:01:24] ML tree search #10, logLikelihood: -10043.964575

[00:01:25] ML tree search completed, best tree logLH: -10043.964575

[00:01:25] Starting bootstrapping analysis with 100 replicates.

[00:01:33] Bootstrap tree #1, logLikelihood: -9958.778911
[00:01:42] Bootstrap tree #2, logLikelihood: -10106.343560
[00:01:51] Bootstrap tree #3, logLikelihood: -10322.531544
[00:02:00] Bootstrap tree #4, logLikelihood: -10370.459773
[00:02:10] Bootstrap tree #5, logLikelihood: -10028.686458
[00:02:18] Bootstrap tree #6, logLikelihood: -9936.230191
[00:02:29] Bootstrap tree #7, logLikelihood: -10092.473333
[00:02:38] Bootstrap tree #8, logLikelihood: -10340.463881
[00:02:47] Bootstrap tree #9, logLikelihood: -10063.074529
[00:02:55] Bootstrap tree #10, logLikelihood: -9938.435004
[00:03:04] Bootstrap tree #11, logLikelihood: -9971.075532
[00:03:12] Bootstrap tree #12, logLikelihood: -9787.173005
[00:03:22] Bootstrap tree #13, logLikelihood: -10218.865749
[00:03:30] Bootstrap tree #14, logLikelihood: -10176.225743
[00:03:38] Bootstrap tree #15, logLikelihood: -10212.424604
[00:03:49] Bootstrap tree #16, logLikelihood: -10112.641020
[00:03:57] Bootstrap tree #17, logLikelihood: -9855.216170
[00:04:05] Bootstrap tree #18, logLikelihood: -10318.544058
[00:04:16] Bootstrap tree #19, logLikelihood: -9896.635103
[00:04:25] Bootstrap tree #20, logLikelihood: -9691.694079
[00:04:34] Bootstrap tree #21, logLikelihood: -9869.210869
[00:04:42] Bootstrap tree #22, logLikelihood: -9901.443246
[00:04:51] Bootstrap tree #23, logLikelihood: -9864.829901
[00:04:59] Bootstrap tree #24, logLikelihood: -9946.950641
[00:05:08] Bootstrap tree #25, logLikelihood: -9821.921958
[00:05:16] Bootstrap tree #26, logLikelihood: -10033.373096
[00:05:25] Bootstrap tree #27, logLikelihood: -10049.064133
[00:05:33] Bootstrap tree #28, logLikelihood: -9460.122637
[00:05:44] Bootstrap tree #29, logLikelihood: -9775.748839
[00:05:55] Bootstrap tree #30, logLikelihood: -10114.213906
[00:06:03] Bootstrap tree #31, logLikelihood: -10049.084193
[00:06:11] Bootstrap tree #32, logLikelihood: -10032.286438
[00:06:19] Bootstrap tree #33, logLikelihood: -9689.986254
[00:06:29] Bootstrap tree #34, logLikelihood: -10074.563568
[00:06:39] Bootstrap tree #35, logLikelihood: -10253.142104
[00:06:48] Bootstrap tree #36, logLikelihood: -10052.871687
[00:06:58] Bootstrap tree #37, logLikelihood: -10021.196907
[00:07:09] Bootstrap tree #38, logLikelihood: -9743.857786
[00:07:18] Bootstrap tree #39, logLikelihood: -10156.981037
[00:07:27] Bootstrap tree #40, logLikelihood: -10072.489213
[00:07:37] Bootstrap tree #41, logLikelihood: -10105.827150
[00:07:45] Bootstrap tree #42, logLikelihood: -9921.830002
[00:07:54] Bootstrap tree #43, logLikelihood: -10230.145405
[00:08:02] Bootstrap tree #44, logLikelihood: -9726.484826
[00:08:13] Bootstrap tree #45, logLikelihood: -9839.346159
[00:08:23] Bootstrap tree #46, logLikelihood: -9668.678734
[00:08:31] Bootstrap tree #47, logLikelihood: -9870.967052
[00:08:41] Bootstrap tree #48, logLikelihood: -10058.540397
[00:08:50] Bootstrap tree #49, logLikelihood: -10163.018264
[00:09:00] Bootstrap tree #50, logLikelihood: -9922.723785
[00:09:11] Bootstrap tree #51, logLikelihood: -10064.596120
[00:09:21] Bootstrap tree #52, logLikelihood: -9766.897777
[00:09:34] Bootstrap tree #53, logLikelihood: -10147.398181
[00:09:42] Bootstrap tree #54, logLikelihood: -9745.527046
[00:09:51] Bootstrap tree #55, logLikelihood: -9626.810208
[00:10:01] Bootstrap tree #56, logLikelihood: -9674.944374
[00:10:10] Bootstrap tree #57, logLikelihood: -9998.477931
[00:10:20] Bootstrap tree #58, logLikelihood: -9485.622033
[00:10:30] Bootstrap tree #59, logLikelihood: -10071.161766
[00:10:40] Bootstrap tree #60, logLikelihood: -9970.345830
[00:10:50] Bootstrap tree #61, logLikelihood: -9932.317858
[00:11:00] Bootstrap tree #62, logLikelihood: -9990.310754
[00:11:09] Bootstrap tree #63, logLikelihood: -10268.182792
[00:11:18] Bootstrap tree #64, logLikelihood: -9951.372063
[00:11:26] Bootstrap tree #65, logLikelihood: -9839.884668
[00:11:36] Bootstrap tree #66, logLikelihood: -9958.886668
[00:11:45] Bootstrap tree #67, logLikelihood: -10098.355412
[00:11:53] Bootstrap tree #68, logLikelihood: -9842.241745
[00:12:04] Bootstrap tree #69, logLikelihood: -10188.486465
[00:12:16] Bootstrap tree #70, logLikelihood: -9989.757829
[00:12:26] Bootstrap tree #71, logLikelihood: -10370.366872
[00:12:34] Bootstrap tree #72, logLikelihood: -9723.873100
[00:12:44] Bootstrap tree #73, logLikelihood: -10092.427266
[00:12:54] Bootstrap tree #74, logLikelihood: -10080.943735
[00:13:04] Bootstrap tree #75, logLikelihood: -10005.681020
[00:13:13] Bootstrap tree #76, logLikelihood: -9939.341997
[00:13:26] Bootstrap tree #77, logLikelihood: -9866.023890
[00:13:37] Bootstrap tree #78, logLikelihood: -9776.640003
[00:13:47] Bootstrap tree #79, logLikelihood: -10178.065539
[00:13:56] Bootstrap tree #80, logLikelihood: -9643.939058
[00:14:05] Bootstrap tree #81, logLikelihood: -10074.744782
[00:14:16] Bootstrap tree #82, logLikelihood: -10426.645427
[00:14:26] Bootstrap tree #83, logLikelihood: -9995.893865
[00:14:37] Bootstrap tree #84, logLikelihood: -9765.738765
[00:14:48] Bootstrap tree #85, logLikelihood: -9737.097866
[00:14:57] Bootstrap tree #86, logLikelihood: -9565.196751
[00:15:11] Bootstrap tree #87, logLikelihood: -10364.430530
[00:15:21] Bootstrap tree #88, logLikelihood: -9840.033543
[00:15:32] Bootstrap tree #89, logLikelihood: -9977.062973
[00:15:45] Bootstrap tree #90, logLikelihood: -9818.299525
[00:15:55] Bootstrap tree #91, logLikelihood: -9756.677723
[00:16:06] Bootstrap tree #92, logLikelihood: -9956.315962
[00:16:16] Bootstrap tree #93, logLikelihood: -9829.469772
[00:16:28] Bootstrap tree #94, logLikelihood: -10502.806045
[00:16:38] Bootstrap tree #95, logLikelihood: -9927.496997
[00:16:48] Bootstrap tree #96, logLikelihood: -10106.071564
[00:16:58] Bootstrap tree #97, logLikelihood: -9691.893900
[00:17:08] Bootstrap tree #98, logLikelihood: -10079.628531
[00:17:18] Bootstrap tree #99, logLikelihood: -9929.164426
[00:17:30] Bootstrap tree #100, logLikelihood: -10099.573337

Optimized model parameters:

   Partition 0: noname
   Rate heterogeneity: GAMMA (4 cats, mean),  alpha: 0.520778 (ML),  weights&rates: (0.250000,0.037301) (0.250000,0.265264) (0.250000,0.834818) (0.250000,2.862618) 
   Base frequencies (ML): 0.221301 0.343432 0.263101 0.172166 
   Substitution rates (ML): 1.402737 4.445616 1.137457 0.836926 5.785378 1.000000 

Final LogLikelihood: -10043.964575

All ML trees saved to: /mnt/lustre/scratch/home/uvi/be/avs/cancer_genes_selection/genes/FOXO4/tree/FOXO4_trimmed.raxml.mlTrees
Best ML tree saved to: /mnt/lustre/scratch/home/uvi/be/avs/cancer_genes_selection/genes/FOXO4/tree/FOXO4_trimmed.raxml.bestTree
Best ML tree with bootstrap support values saved to: /mnt/lustre/scratch/home/uvi/be/avs/cancer_genes_selection/genes/FOXO4/tree/FOXO4_trimmed.raxml.support
Optimized model saved to: /mnt/lustre/scratch/home/uvi/be/avs/cancer_genes_selection/genes/FOXO4/tree/FOXO4_trimmed.raxml.bestModel
Bootstrap trees saved to: /mnt/lustre/scratch/home/uvi/be/avs/cancer_genes_selection/genes/FOXO4/tree/FOXO4_trimmed.raxml.bootstraps

Execution log saved to: /mnt/lustre/scratch/home/uvi/be/avs/cancer_genes_selection/genes/FOXO4/tree/FOXO4_trimmed.raxml.log

Analysis started: 26-Mar-2018 21:46:09 / finished: 26-Mar-2018 22:03:43

Elapsed time: 1054.281 seconds

