
RAxML-NG v. 0.5.1b BETA released on 01.12.2017 by The Exelixis Lab.
Authors: Alexey Kozlov, Alexandros Stamatakis, Diego Darriba, Tomas Flouri, Benoit Morel.
Latest version: https://github.com/amkozlov/raxml-ng
Questions/problems/suggestions? Please visit: https://groups.google.com/forum/#!forum/raxml

WARNING: This is a BETA release, please use at your own risk!

RAxML-NG was called as follows:

raxml-ng-mpi --all --msa /mnt/lustre/scratch/home/uvi/be/avs/cancer_genes_selection/genes/CHEK2/align/CHEK2_align_DNA_trimmed.fasta --model GTR+G -tree pars{10} --bs-trees 100 --prefix /mnt/lustre/scratch/home/uvi/be/avs/cancer_genes_selection/genes/CHEK2/tree/CHEK2 --redo

Analysis options:
  run mode: ML tree search + bootstrapping
  start tree(s): parsimony (10)
  random seed: 1521651133
  tip-inner: ON
  pattern compression: ON
  per-rate scalers: OFF
  site repeats: OFF
  branch lengths: ML estimate (linked)
  SIMD kernels: AVX2
  parallelization: NONE/sequential

WARNING: Running in REDO mode: existing checkpoints are ignored, and all result files will be overwritten!

[00:00:00] Reading alignment from file: /mnt/lustre/scratch/home/uvi/be/avs/cancer_genes_selection/genes/CHEK2/align/CHEK2_align_DNA_trimmed.fasta
[00:00:00] Loaded alignment with 25 taxa and 1617 sites

Alignment comprises 1 partitions and 898 patterns

Partition 0: noname
Model: GTR+FO+G4m
Alignment sites / patterns: 1617 / 898
Gaps: 4.10 %
Invariant sites: 41.74 %


[00:00:00] Generating parsimony starting tree(s) with 25 taxa
[00:00:01] Data distribution: partitions/thread: 1-1, patterns/thread: 898-898

Starting ML tree search with 10 distinct starting trees

[00:00:07] ML tree search #1, logLikelihood: -14828.370020
[00:00:13] ML tree search #2, logLikelihood: -14827.344759
[00:00:19] ML tree search #3, logLikelihood: -14828.370938
[00:00:26] ML tree search #4, logLikelihood: -14827.346030
[00:00:34] ML tree search #5, logLikelihood: -14827.345102
[00:00:42] ML tree search #6, logLikelihood: -14828.372036
[00:00:48] ML tree search #7, logLikelihood: -14827.345236
[00:00:56] ML tree search #8, logLikelihood: -14828.372197
[00:01:04] ML tree search #9, logLikelihood: -14827.346025
[00:01:11] ML tree search #10, logLikelihood: -14828.371107

[00:01:12] ML tree search completed, best tree logLH: -14827.344759

[00:01:12] Starting bootstrapping analysis with 100 replicates.

[00:01:19] Bootstrap tree #1, logLikelihood: -14372.683563
[00:01:25] Bootstrap tree #2, logLikelihood: -15058.455501
[00:01:32] Bootstrap tree #3, logLikelihood: -14746.904171
[00:01:40] Bootstrap tree #4, logLikelihood: -15013.881796
[00:01:47] Bootstrap tree #5, logLikelihood: -14668.034632
[00:01:55] Bootstrap tree #6, logLikelihood: -14903.684299
[00:02:02] Bootstrap tree #7, logLikelihood: -14263.794273
[00:02:10] Bootstrap tree #8, logLikelihood: -14998.500828
[00:02:16] Bootstrap tree #9, logLikelihood: -14446.698939
[00:02:23] Bootstrap tree #10, logLikelihood: -14973.046032
[00:02:30] Bootstrap tree #11, logLikelihood: -14866.758054
[00:02:39] Bootstrap tree #12, logLikelihood: -15256.125957
[00:02:47] Bootstrap tree #13, logLikelihood: -15324.962652
[00:02:54] Bootstrap tree #14, logLikelihood: -14357.921924
[00:03:03] Bootstrap tree #15, logLikelihood: -14760.904785
[00:03:09] Bootstrap tree #16, logLikelihood: -15423.335219
[00:03:16] Bootstrap tree #17, logLikelihood: -14668.607142
[00:03:23] Bootstrap tree #18, logLikelihood: -14936.066135
[00:03:34] Bootstrap tree #19, logLikelihood: -15155.983602
[00:03:40] Bootstrap tree #20, logLikelihood: -14612.452239
[00:03:48] Bootstrap tree #21, logLikelihood: -14994.509034
[00:03:54] Bootstrap tree #22, logLikelihood: -14976.110563
[00:04:01] Bootstrap tree #23, logLikelihood: -15286.585423
[00:04:09] Bootstrap tree #24, logLikelihood: -14702.954177
[00:04:15] Bootstrap tree #25, logLikelihood: -14848.834573
[00:04:22] Bootstrap tree #26, logLikelihood: -14809.461205
[00:04:32] Bootstrap tree #27, logLikelihood: -14945.915244
[00:04:38] Bootstrap tree #28, logLikelihood: -15071.409070
[00:04:46] Bootstrap tree #29, logLikelihood: -15127.095596
[00:04:53] Bootstrap tree #30, logLikelihood: -14939.709671
[00:05:02] Bootstrap tree #31, logLikelihood: -14519.611516
[00:05:10] Bootstrap tree #32, logLikelihood: -14619.506539
[00:05:17] Bootstrap tree #33, logLikelihood: -14567.276264
[00:05:26] Bootstrap tree #34, logLikelihood: -14516.211750
[00:05:34] Bootstrap tree #35, logLikelihood: -14221.645754
[00:05:40] Bootstrap tree #36, logLikelihood: -14262.086805
[00:05:47] Bootstrap tree #37, logLikelihood: -15012.603300
[00:05:54] Bootstrap tree #38, logLikelihood: -14073.632581
[00:06:01] Bootstrap tree #39, logLikelihood: -14914.999143
[00:06:09] Bootstrap tree #40, logLikelihood: -14768.076957
[00:06:20] Bootstrap tree #41, logLikelihood: -14872.778102
[00:06:28] Bootstrap tree #42, logLikelihood: -14796.624186
[00:06:36] Bootstrap tree #43, logLikelihood: -15005.240735
[00:06:44] Bootstrap tree #44, logLikelihood: -14510.940460
[00:06:50] Bootstrap tree #45, logLikelihood: -14161.469000
[00:06:57] Bootstrap tree #46, logLikelihood: -14294.633479
[00:07:08] Bootstrap tree #47, logLikelihood: -14668.418662
[00:07:18] Bootstrap tree #48, logLikelihood: -15062.642977
[00:07:26] Bootstrap tree #49, logLikelihood: -15297.205716
[00:07:34] Bootstrap tree #50, logLikelihood: -14585.410658
[00:07:44] Bootstrap tree #51, logLikelihood: -14975.781904
[00:07:53] Bootstrap tree #52, logLikelihood: -14672.940989
[00:08:00] Bootstrap tree #53, logLikelihood: -14578.177037
[00:08:08] Bootstrap tree #54, logLikelihood: -15203.355855
[00:08:18] Bootstrap tree #55, logLikelihood: -14851.503919
[00:08:25] Bootstrap tree #56, logLikelihood: -14729.496465
[00:08:36] Bootstrap tree #57, logLikelihood: -15402.686757
[00:08:42] Bootstrap tree #58, logLikelihood: -14648.805062
[00:08:50] Bootstrap tree #59, logLikelihood: -14986.161104
[00:08:58] Bootstrap tree #60, logLikelihood: -14674.653352
[00:09:05] Bootstrap tree #61, logLikelihood: -14705.458784
[00:09:14] Bootstrap tree #62, logLikelihood: -14801.766057
[00:09:21] Bootstrap tree #63, logLikelihood: -15075.171325
[00:09:30] Bootstrap tree #64, logLikelihood: -14989.578434
[00:09:39] Bootstrap tree #65, logLikelihood: -14457.290856
[00:09:48] Bootstrap tree #66, logLikelihood: -14539.435504
[00:09:55] Bootstrap tree #67, logLikelihood: -14853.483042
[00:10:03] Bootstrap tree #68, logLikelihood: -14938.372684
[00:10:13] Bootstrap tree #69, logLikelihood: -15262.507684
[00:10:22] Bootstrap tree #70, logLikelihood: -14857.548986
[00:10:29] Bootstrap tree #71, logLikelihood: -14707.381616
[00:11:27] Bootstrap tree #72, logLikelihood: -14655.236121
[00:11:35] Bootstrap tree #73, logLikelihood: -14982.040189
[00:11:43] Bootstrap tree #74, logLikelihood: -14467.212494
[00:11:51] Bootstrap tree #75, logLikelihood: -14575.496708
[00:11:59] Bootstrap tree #76, logLikelihood: -14841.422223
[00:12:07] Bootstrap tree #77, logLikelihood: -15061.944935
[00:12:14] Bootstrap tree #78, logLikelihood: -14484.860407
[00:12:23] Bootstrap tree #79, logLikelihood: -15003.910739
[00:12:33] Bootstrap tree #80, logLikelihood: -14720.777626
[00:12:42] Bootstrap tree #81, logLikelihood: -14575.097062
[00:12:49] Bootstrap tree #82, logLikelihood: -15046.749803
[00:12:58] Bootstrap tree #83, logLikelihood: -14554.827064
[00:13:05] Bootstrap tree #84, logLikelihood: -14252.913661
[00:13:14] Bootstrap tree #85, logLikelihood: -14730.206020
[00:13:22] Bootstrap tree #86, logLikelihood: -14457.640911
[00:13:34] Bootstrap tree #87, logLikelihood: -14656.536799
[00:13:43] Bootstrap tree #88, logLikelihood: -14629.762832
[00:13:51] Bootstrap tree #89, logLikelihood: -15148.127452
[00:13:59] Bootstrap tree #90, logLikelihood: -14326.625739
[00:14:06] Bootstrap tree #91, logLikelihood: -14499.440239
[00:14:16] Bootstrap tree #92, logLikelihood: -14673.024691
[00:14:25] Bootstrap tree #93, logLikelihood: -14559.424001
[00:14:34] Bootstrap tree #94, logLikelihood: -15080.630626
[00:14:45] Bootstrap tree #95, logLikelihood: -15341.922449
[00:14:53] Bootstrap tree #96, logLikelihood: -14779.740375
[00:15:00] Bootstrap tree #97, logLikelihood: -15236.790252
[00:15:10] Bootstrap tree #98, logLikelihood: -14743.032520
[00:15:17] Bootstrap tree #99, logLikelihood: -14618.400078
[00:15:27] Bootstrap tree #100, logLikelihood: -15364.832362

Optimized model parameters:

   Partition 0: noname
   Rate heterogeneity: GAMMA (4 cats, mean),  alpha: 0.478265 (ML),  weights&rates: (0.250000,0.029433) (0.250000,0.237490) (0.250000,0.803785) (0.250000,2.929292) 
   Base frequencies (ML): 0.276678 0.235023 0.233187 0.255112 
   Substitution rates (ML): 1.504184 4.685321 0.796294 1.331542 4.771195 1.000000 

Final LogLikelihood: -14827.344759

All ML trees saved to: /mnt/lustre/scratch/home/uvi/be/avs/cancer_genes_selection/genes/CHEK2/tree/CHEK2.raxml.mlTrees
Best ML tree saved to: /mnt/lustre/scratch/home/uvi/be/avs/cancer_genes_selection/genes/CHEK2/tree/CHEK2.raxml.bestTree
Best ML tree with bootstrap support values saved to: /mnt/lustre/scratch/home/uvi/be/avs/cancer_genes_selection/genes/CHEK2/tree/CHEK2.raxml.support
Optimized model saved to: /mnt/lustre/scratch/home/uvi/be/avs/cancer_genes_selection/genes/CHEK2/tree/CHEK2.raxml.bestModel
Bootstrap trees saved to: /mnt/lustre/scratch/home/uvi/be/avs/cancer_genes_selection/genes/CHEK2/tree/CHEK2.raxml.bootstraps

Execution log saved to: /mnt/lustre/scratch/home/uvi/be/avs/cancer_genes_selection/genes/CHEK2/tree/CHEK2.raxml.log

Analysis started: 21-Mar-2018 17:52:13 / finished: 21-Mar-2018 18:07:43

Elapsed time: 929.658 seconds

