
RAxML-NG v. 0.5.1b BETA released on 01.12.2017 by The Exelixis Lab.
Authors: Alexey Kozlov, Alexandros Stamatakis, Diego Darriba, Tomas Flouri, Benoit Morel.
Latest version: https://github.com/amkozlov/raxml-ng
Questions/problems/suggestions? Please visit: https://groups.google.com/forum/#!forum/raxml

WARNING: This is a BETA release, please use at your own risk!

RAxML-NG was called as follows:

raxml-ng-mpi --all --msa /mnt/lustre/scratch/home/uvi/be/avs/cancer_genes_selection/genes/BMPR1A/align/BMPR1A_align_DNA_trimmed.fasta --model GTR+G -tree pars{10} --bs-trees 100 --prefix /mnt/lustre/scratch/home/uvi/be/avs/cancer_genes_selection/genes/BMPR1A/tree/BMPR1A --redo

Analysis options:
  run mode: ML tree search + bootstrapping
  start tree(s): parsimony (10)
  random seed: 1521645212
  tip-inner: ON
  pattern compression: ON
  per-rate scalers: OFF
  site repeats: OFF
  branch lengths: ML estimate (linked)
  SIMD kernels: AVX2
  parallelization: NONE/sequential

WARNING: Running in REDO mode: existing checkpoints are ignored, and all result files will be overwritten!

[00:00:00] Reading alignment from file: /mnt/lustre/scratch/home/uvi/be/avs/cancer_genes_selection/genes/BMPR1A/align/BMPR1A_align_DNA_trimmed.fasta
[00:00:00] Loaded alignment with 30 taxa and 1599 sites

Alignment comprises 1 partitions and 782 patterns

Partition 0: noname
Model: GTR+FO+G4m
Alignment sites / patterns: 1599 / 782
Gaps: 4.91 %
Invariant sites: 49.34 %


[00:00:00] Generating parsimony starting tree(s) with 30 taxa
[00:00:01] Data distribution: partitions/thread: 1-1, patterns/thread: 782-782

Starting ML tree search with 10 distinct starting trees

[00:00:12] ML tree search #1, logLikelihood: -12387.149919
[00:00:22] ML tree search #2, logLikelihood: -12386.504294
[00:00:32] ML tree search #3, logLikelihood: -12387.147768
[00:00:43] ML tree search #4, logLikelihood: -12386.505137
[00:00:54] ML tree search #5, logLikelihood: -12386.503457
[00:01:02] ML tree search #6, logLikelihood: -12387.147089
[00:01:10] ML tree search #7, logLikelihood: -12387.149936
[00:01:22] ML tree search #8, logLikelihood: -12386.504506
[00:01:29] ML tree search #9, logLikelihood: -12387.146555
[00:01:40] ML tree search #10, logLikelihood: -12387.149618

[00:01:40] ML tree search completed, best tree logLH: -12386.503457

[00:01:41] Starting bootstrapping analysis with 100 replicates.

[00:01:48] Bootstrap tree #1, logLikelihood: -12290.678962
[00:01:57] Bootstrap tree #2, logLikelihood: -12303.411732
[00:02:04] Bootstrap tree #3, logLikelihood: -12397.293526
[00:02:11] Bootstrap tree #4, logLikelihood: -12641.679244
[00:02:19] Bootstrap tree #5, logLikelihood: -12202.082721
[00:02:27] Bootstrap tree #6, logLikelihood: -12344.930386
[00:02:34] Bootstrap tree #7, logLikelihood: -12426.547739
[00:02:45] Bootstrap tree #8, logLikelihood: -12838.182088
[00:02:56] Bootstrap tree #9, logLikelihood: -12329.650077
[00:03:04] Bootstrap tree #10, logLikelihood: -12224.071327
[00:03:12] Bootstrap tree #11, logLikelihood: -12490.551538
[00:03:20] Bootstrap tree #12, logLikelihood: -11948.516549
[00:03:28] Bootstrap tree #13, logLikelihood: -12313.940624
[00:03:37] Bootstrap tree #14, logLikelihood: -12101.477262
[00:03:45] Bootstrap tree #15, logLikelihood: -12411.351064
[00:03:56] Bootstrap tree #16, logLikelihood: -12112.401843
[00:04:05] Bootstrap tree #17, logLikelihood: -12426.852742
[00:04:15] Bootstrap tree #18, logLikelihood: -12329.841983
[00:04:23] Bootstrap tree #19, logLikelihood: -12029.049481
[00:04:33] Bootstrap tree #20, logLikelihood: -12437.840264
[00:04:42] Bootstrap tree #21, logLikelihood: -12459.504419
[00:04:51] Bootstrap tree #22, logLikelihood: -12256.897028
[00:04:59] Bootstrap tree #23, logLikelihood: -12658.850078
[00:05:08] Bootstrap tree #24, logLikelihood: -12663.783158
[00:05:18] Bootstrap tree #25, logLikelihood: -12457.717187
[00:05:27] Bootstrap tree #26, logLikelihood: -12043.683291
[00:05:36] Bootstrap tree #27, logLikelihood: -12045.527899
[00:05:44] Bootstrap tree #28, logLikelihood: -12738.633920
[00:05:52] Bootstrap tree #29, logLikelihood: -12028.519967
[00:06:01] Bootstrap tree #30, logLikelihood: -11922.547328
[00:06:10] Bootstrap tree #31, logLikelihood: -12281.076411
[00:06:20] Bootstrap tree #32, logLikelihood: -12346.535825
[00:06:28] Bootstrap tree #33, logLikelihood: -12373.707245
[00:06:37] Bootstrap tree #34, logLikelihood: -12413.451370
[00:06:46] Bootstrap tree #35, logLikelihood: -12688.866957
[00:06:55] Bootstrap tree #36, logLikelihood: -12127.612649
[00:07:04] Bootstrap tree #37, logLikelihood: -11919.005082
[00:07:13] Bootstrap tree #38, logLikelihood: -12677.713269
[00:07:25] Bootstrap tree #39, logLikelihood: -12660.915025
[00:07:33] Bootstrap tree #40, logLikelihood: -12650.885208
[00:07:42] Bootstrap tree #41, logLikelihood: -12873.570593
[00:07:50] Bootstrap tree #42, logLikelihood: -11936.630882
[00:07:58] Bootstrap tree #43, logLikelihood: -12568.903092
[00:08:07] Bootstrap tree #44, logLikelihood: -12766.851751
[00:08:15] Bootstrap tree #45, logLikelihood: -12051.601893
[00:08:24] Bootstrap tree #46, logLikelihood: -11802.812535
[00:08:33] Bootstrap tree #47, logLikelihood: -12251.283628
[00:08:40] Bootstrap tree #48, logLikelihood: -12272.641824
[00:08:52] Bootstrap tree #49, logLikelihood: -12143.065875
[00:09:01] Bootstrap tree #50, logLikelihood: -12144.680814
[00:09:10] Bootstrap tree #51, logLikelihood: -12252.651322
[00:09:19] Bootstrap tree #52, logLikelihood: -12515.795855
[00:09:28] Bootstrap tree #53, logLikelihood: -12422.379857
[00:09:36] Bootstrap tree #54, logLikelihood: -12200.687866
[00:09:46] Bootstrap tree #55, logLikelihood: -11973.788759
[00:09:56] Bootstrap tree #56, logLikelihood: -12344.516414
[00:10:04] Bootstrap tree #57, logLikelihood: -12395.240986
[00:10:14] Bootstrap tree #58, logLikelihood: -11923.032718
[00:10:24] Bootstrap tree #59, logLikelihood: -12436.712945
[00:10:37] Bootstrap tree #60, logLikelihood: -12162.945324
[00:10:50] Bootstrap tree #61, logLikelihood: -12127.657110
[00:11:01] Bootstrap tree #62, logLikelihood: -12454.820485
[00:11:11] Bootstrap tree #63, logLikelihood: -12410.388126
[00:11:19] Bootstrap tree #64, logLikelihood: -12001.546141
[00:11:28] Bootstrap tree #65, logLikelihood: -12006.358887
[00:11:39] Bootstrap tree #66, logLikelihood: -12443.118185
[00:11:49] Bootstrap tree #67, logLikelihood: -12725.735806
[00:11:59] Bootstrap tree #68, logLikelihood: -12173.588947
[00:12:07] Bootstrap tree #69, logLikelihood: -12106.597909
[00:12:17] Bootstrap tree #70, logLikelihood: -12068.669434
[00:12:26] Bootstrap tree #71, logLikelihood: -12300.879161
[00:12:35] Bootstrap tree #72, logLikelihood: -12730.694639
[00:12:45] Bootstrap tree #73, logLikelihood: -12594.931088
[00:12:53] Bootstrap tree #74, logLikelihood: -12978.520542
[00:13:00] Bootstrap tree #75, logLikelihood: -12576.217385
[00:13:11] Bootstrap tree #76, logLikelihood: -12226.972643
[00:13:19] Bootstrap tree #77, logLikelihood: -12821.646089
[00:13:29] Bootstrap tree #78, logLikelihood: -12027.336088
[00:13:38] Bootstrap tree #79, logLikelihood: -12840.863121
[00:13:47] Bootstrap tree #80, logLikelihood: -11983.873594
[00:13:56] Bootstrap tree #81, logLikelihood: -12352.335748
[00:14:08] Bootstrap tree #82, logLikelihood: -12188.095639
[00:14:19] Bootstrap tree #83, logLikelihood: -12838.990947
[00:14:28] Bootstrap tree #84, logLikelihood: -11879.886394
[00:14:37] Bootstrap tree #85, logLikelihood: -12506.284194
[00:14:47] Bootstrap tree #86, logLikelihood: -12465.238342
[00:14:57] Bootstrap tree #87, logLikelihood: -12050.725924
[00:15:07] Bootstrap tree #88, logLikelihood: -12206.476432
[00:15:20] Bootstrap tree #89, logLikelihood: -12282.671682
[00:15:33] Bootstrap tree #90, logLikelihood: -12178.143993
[00:15:43] Bootstrap tree #91, logLikelihood: -12357.740150
[00:15:56] Bootstrap tree #92, logLikelihood: -11867.249700
[00:16:06] Bootstrap tree #93, logLikelihood: -12400.131078
[00:16:15] Bootstrap tree #94, logLikelihood: -12103.634696
[00:16:29] Bootstrap tree #95, logLikelihood: -12607.833522
[00:16:38] Bootstrap tree #96, logLikelihood: -12551.553047
[00:16:49] Bootstrap tree #97, logLikelihood: -12469.438072
[00:17:00] Bootstrap tree #98, logLikelihood: -12205.257205
[00:17:11] Bootstrap tree #99, logLikelihood: -12024.044771
[00:17:22] Bootstrap tree #100, logLikelihood: -11783.654071

Optimized model parameters:

   Partition 0: noname
   Rate heterogeneity: GAMMA (4 cats, mean),  alpha: 0.400513 (ML),  weights&rates: (0.250000,0.016789) (0.250000,0.182140) (0.250000,0.731836) (0.250000,3.069236) 
   Base frequencies (ML): 0.265004 0.235266 0.269608 0.230122 
   Substitution rates (ML): 1.392946 5.128857 0.866169 0.965184 7.652262 1.000000 

Final LogLikelihood: -12386.503457

All ML trees saved to: /mnt/lustre/scratch/home/uvi/be/avs/cancer_genes_selection/genes/BMPR1A/tree/BMPR1A.raxml.mlTrees
Best ML tree saved to: /mnt/lustre/scratch/home/uvi/be/avs/cancer_genes_selection/genes/BMPR1A/tree/BMPR1A.raxml.bestTree
Best ML tree with bootstrap support values saved to: /mnt/lustre/scratch/home/uvi/be/avs/cancer_genes_selection/genes/BMPR1A/tree/BMPR1A.raxml.support
Optimized model saved to: /mnt/lustre/scratch/home/uvi/be/avs/cancer_genes_selection/genes/BMPR1A/tree/BMPR1A.raxml.bestModel
Bootstrap trees saved to: /mnt/lustre/scratch/home/uvi/be/avs/cancer_genes_selection/genes/BMPR1A/tree/BMPR1A.raxml.bootstraps

Execution log saved to: /mnt/lustre/scratch/home/uvi/be/avs/cancer_genes_selection/genes/BMPR1A/tree/BMPR1A.raxml.log

Analysis started: 21-Mar-2018 16:13:32 / finished: 21-Mar-2018 16:30:57

Elapsed time: 1045.276 seconds

