
RAxML-NG v. 0.5.1b BETA released on 01.12.2017 by The Exelixis Lab.
Authors: Alexey Kozlov, Alexandros Stamatakis, Diego Darriba, Tomas Flouri, Benoit Morel.
Latest version: https://github.com/amkozlov/raxml-ng
Questions/problems/suggestions? Please visit: https://groups.google.com/forum/#!forum/raxml

WARNING: This is a BETA release, please use at your own risk!

RAxML-NG was called as follows:

raxml-ng-mpi --all --msa /mnt/lustre/scratch/home/uvi/be/avs/cancer_genes_selection/genes/WRN/align/WRN_align_DNA_trimmed2.fasta --model GTR+G -tree pars{10} --bs-trees 100 --prefix /mnt/lustre/scratch/home/uvi/be/avs/cancer_genes_selection/genes/WRN/tree/WRN_trimmed --redo

Analysis options:
  run mode: ML tree search + bootstrapping
  start tree(s): parsimony (10)
  random seed: 1522108170
  tip-inner: ON
  pattern compression: ON
  per-rate scalers: OFF
  site repeats: OFF
  branch lengths: ML estimate (linked)
  SIMD kernels: AVX2
  parallelization: NONE/sequential

WARNING: Running in REDO mode: existing checkpoints are ignored, and all result files will be overwritten!

[00:00:00] Reading alignment from file: /mnt/lustre/scratch/home/uvi/be/avs/cancer_genes_selection/genes/WRN/align/WRN_align_DNA_trimmed2.fasta
[00:00:00] Loaded alignment with 29 taxa and 4239 sites

Alignment comprises 1 partitions and 2872 patterns

Partition 0: noname
Model: GTR+FO+G4m
Alignment sites / patterns: 4239 / 2872
Gaps: 4.10 %
Invariant sites: 29.77 %


[00:00:01] Generating parsimony starting tree(s) with 29 taxa
[00:00:01] Data distribution: partitions/thread: 1-1, patterns/thread: 2872-2872

Starting ML tree search with 10 distinct starting trees

[00:00:22] ML tree search #1, logLikelihood: -46253.655925
[00:00:44] ML tree search #2, logLikelihood: -46253.659441
[00:01:12] ML tree search #3, logLikelihood: -46253.662078
[00:01:36] ML tree search #4, logLikelihood: -46253.661592
[00:01:57] ML tree search #5, logLikelihood: -46253.658062
[00:02:21] ML tree search #6, logLikelihood: -46253.662187
[00:02:47] ML tree search #7, logLikelihood: -46253.661443
[00:03:13] ML tree search #8, logLikelihood: -46253.658751
[00:03:37] ML tree search #9, logLikelihood: -46253.661975
[00:03:59] ML tree search #10, logLikelihood: -46253.659427

[00:04:00] ML tree search completed, best tree logLH: -46253.655925

[00:04:00] Starting bootstrapping analysis with 100 replicates.

[00:04:19] Bootstrap tree #1, logLikelihood: -45968.149673
[00:04:41] Bootstrap tree #2, logLikelihood: -46045.729922
[00:05:02] Bootstrap tree #3, logLikelihood: -46345.602213
[00:05:23] Bootstrap tree #4, logLikelihood: -46800.994641
[00:05:46] Bootstrap tree #5, logLikelihood: -46274.219379
[00:06:08] Bootstrap tree #6, logLikelihood: -46465.363471
[00:06:35] Bootstrap tree #7, logLikelihood: -46321.592721
[00:06:58] Bootstrap tree #8, logLikelihood: -45838.511589
[00:07:18] Bootstrap tree #9, logLikelihood: -45977.969225
[00:07:38] Bootstrap tree #10, logLikelihood: -46668.272344
[00:07:59] Bootstrap tree #11, logLikelihood: -46849.621306
[00:08:20] Bootstrap tree #12, logLikelihood: -44793.621656
[00:08:41] Bootstrap tree #13, logLikelihood: -46477.629138
[00:09:01] Bootstrap tree #14, logLikelihood: -46778.910451
[00:09:20] Bootstrap tree #15, logLikelihood: -46786.247563
[00:09:39] Bootstrap tree #16, logLikelihood: -45759.765658
[00:10:05] Bootstrap tree #17, logLikelihood: -45905.371660
[00:10:25] Bootstrap tree #18, logLikelihood: -46007.138066
[00:10:43] Bootstrap tree #19, logLikelihood: -46831.989251
[00:11:05] Bootstrap tree #20, logLikelihood: -45740.260261
[00:11:25] Bootstrap tree #21, logLikelihood: -46243.420797
[00:11:47] Bootstrap tree #22, logLikelihood: -46837.598572
[00:12:12] Bootstrap tree #23, logLikelihood: -46322.425693
[00:12:37] Bootstrap tree #24, logLikelihood: -46216.671277
[00:12:57] Bootstrap tree #25, logLikelihood: -45679.555376
[00:13:17] Bootstrap tree #26, logLikelihood: -45670.296497
[00:13:39] Bootstrap tree #27, logLikelihood: -45438.007933
[00:14:01] Bootstrap tree #28, logLikelihood: -45423.626979
[00:14:29] Bootstrap tree #29, logLikelihood: -47271.088313
[00:14:49] Bootstrap tree #30, logLikelihood: -46468.336679
[00:15:11] Bootstrap tree #31, logLikelihood: -46079.339978
[00:15:37] Bootstrap tree #32, logLikelihood: -46190.459193
[00:16:00] Bootstrap tree #33, logLikelihood: -45972.430236
[00:16:21] Bootstrap tree #34, logLikelihood: -46036.881376
[00:16:50] Bootstrap tree #35, logLikelihood: -46875.680682
[00:17:10] Bootstrap tree #36, logLikelihood: -46297.044345
[00:17:35] Bootstrap tree #37, logLikelihood: -46682.245695
[00:17:56] Bootstrap tree #38, logLikelihood: -46184.366616
[00:18:22] Bootstrap tree #39, logLikelihood: -46194.697688
[00:18:44] Bootstrap tree #40, logLikelihood: -46087.911723
[00:19:10] Bootstrap tree #41, logLikelihood: -45847.640703
[00:19:30] Bootstrap tree #42, logLikelihood: -46675.364926
[00:19:51] Bootstrap tree #43, logLikelihood: -46479.318763
[00:20:07] Bootstrap tree #44, logLikelihood: -46075.135195
[00:20:28] Bootstrap tree #45, logLikelihood: -46842.576624
[00:20:49] Bootstrap tree #46, logLikelihood: -46182.891959
[00:21:09] Bootstrap tree #47, logLikelihood: -45761.069206
[00:21:28] Bootstrap tree #48, logLikelihood: -46152.783904
[00:21:46] Bootstrap tree #49, logLikelihood: -46447.536800
[00:22:04] Bootstrap tree #50, logLikelihood: -45760.190852
[00:22:24] Bootstrap tree #51, logLikelihood: -47089.182401
[00:22:42] Bootstrap tree #52, logLikelihood: -46649.809419
[00:22:59] Bootstrap tree #53, logLikelihood: -46135.465439
[00:23:16] Bootstrap tree #54, logLikelihood: -46183.287577
[00:23:35] Bootstrap tree #55, logLikelihood: -46597.873552
[00:23:53] Bootstrap tree #56, logLikelihood: -45485.680719
[00:24:16] Bootstrap tree #57, logLikelihood: -45407.135686
[00:24:37] Bootstrap tree #58, logLikelihood: -46087.139507
[00:24:58] Bootstrap tree #59, logLikelihood: -46287.453378
[00:25:21] Bootstrap tree #60, logLikelihood: -46805.307837
[00:25:42] Bootstrap tree #61, logLikelihood: -45797.708238
[00:26:01] Bootstrap tree #62, logLikelihood: -45968.218136
[00:26:31] Bootstrap tree #63, logLikelihood: -45880.318445
[00:26:51] Bootstrap tree #64, logLikelihood: -45450.469468
[00:27:10] Bootstrap tree #65, logLikelihood: -46018.547354
[00:27:30] Bootstrap tree #66, logLikelihood: -45830.107068
[00:27:50] Bootstrap tree #67, logLikelihood: -46888.645120
[00:28:07] Bootstrap tree #68, logLikelihood: -46372.408176
[00:28:28] Bootstrap tree #69, logLikelihood: -46771.268404
[00:28:48] Bootstrap tree #70, logLikelihood: -46830.535448
[00:29:10] Bootstrap tree #71, logLikelihood: -46623.142101
[00:29:33] Bootstrap tree #72, logLikelihood: -45678.115066
[00:29:54] Bootstrap tree #73, logLikelihood: -45872.897694
[00:30:13] Bootstrap tree #74, logLikelihood: -46214.567626
[00:30:31] Bootstrap tree #75, logLikelihood: -45785.593201
[00:30:56] Bootstrap tree #76, logLikelihood: -46892.829493
[00:31:21] Bootstrap tree #77, logLikelihood: -45693.734312
[00:31:43] Bootstrap tree #78, logLikelihood: -45855.080420
[00:32:00] Bootstrap tree #79, logLikelihood: -46157.660084
[00:32:27] Bootstrap tree #80, logLikelihood: -46712.374721
[00:32:45] Bootstrap tree #81, logLikelihood: -46559.327429
[00:33:04] Bootstrap tree #82, logLikelihood: -46798.890192
[00:33:24] Bootstrap tree #83, logLikelihood: -46631.458805
[00:33:44] Bootstrap tree #84, logLikelihood: -47422.903761
[00:34:06] Bootstrap tree #85, logLikelihood: -46878.342251
[00:34:29] Bootstrap tree #86, logLikelihood: -46306.741488
[00:34:47] Bootstrap tree #87, logLikelihood: -45830.862796
[00:35:07] Bootstrap tree #88, logLikelihood: -46618.303642
[00:35:30] Bootstrap tree #89, logLikelihood: -46982.432802
[00:35:52] Bootstrap tree #90, logLikelihood: -46410.323459
[00:36:13] Bootstrap tree #91, logLikelihood: -46553.409645
[00:36:36] Bootstrap tree #92, logLikelihood: -46839.592083
[00:37:03] Bootstrap tree #93, logLikelihood: -45866.846980
[00:37:23] Bootstrap tree #94, logLikelihood: -45645.242283
[00:37:49] Bootstrap tree #95, logLikelihood: -46198.588341
[00:38:12] Bootstrap tree #96, logLikelihood: -45545.922533
[00:38:35] Bootstrap tree #97, logLikelihood: -45711.109530
[00:38:54] Bootstrap tree #98, logLikelihood: -46880.473265
[00:39:14] Bootstrap tree #99, logLikelihood: -45754.806310
[00:39:40] Bootstrap tree #100, logLikelihood: -46304.011929

Optimized model parameters:

   Partition 0: noname
   Rate heterogeneity: GAMMA (4 cats, mean),  alpha: 0.868857 (ML),  weights&rates: (0.250000,0.110104) (0.250000,0.433447) (0.250000,0.974349) (0.250000,2.482100) 
   Base frequencies (ML): 0.301116 0.205289 0.229050 0.264546 
   Substitution rates (ML): 1.606005 4.926578 1.036584 1.202643 5.165426 1.000000 

Final LogLikelihood: -46253.655925

All ML trees saved to: /mnt/lustre/scratch/home/uvi/be/avs/cancer_genes_selection/genes/WRN/tree/WRN_trimmed.raxml.mlTrees
Best ML tree saved to: /mnt/lustre/scratch/home/uvi/be/avs/cancer_genes_selection/genes/WRN/tree/WRN_trimmed.raxml.bestTree
Best ML tree with bootstrap support values saved to: /mnt/lustre/scratch/home/uvi/be/avs/cancer_genes_selection/genes/WRN/tree/WRN_trimmed.raxml.support
Optimized model saved to: /mnt/lustre/scratch/home/uvi/be/avs/cancer_genes_selection/genes/WRN/tree/WRN_trimmed.raxml.bestModel
Bootstrap trees saved to: /mnt/lustre/scratch/home/uvi/be/avs/cancer_genes_selection/genes/WRN/tree/WRN_trimmed.raxml.bootstraps

Execution log saved to: /mnt/lustre/scratch/home/uvi/be/avs/cancer_genes_selection/genes/WRN/tree/WRN_trimmed.raxml.log

Analysis started: 27-Mar-2018 01:49:30 / finished: 27-Mar-2018 02:29:15

Elapsed time: 2385.057 seconds

