
RAxML-NG v. 0.5.1b BETA released on 01.12.2017 by The Exelixis Lab.
Authors: Alexey Kozlov, Alexandros Stamatakis, Diego Darriba, Tomas Flouri, Benoit Morel.
Latest version: https://github.com/amkozlov/raxml-ng
Questions/problems/suggestions? Please visit: https://groups.google.com/forum/#!forum/raxml

WARNING: This is a BETA release, please use at your own risk!

RAxML-NG was called as follows:

raxml-ng-mpi --all --msa /mnt/lustre/scratch/home/uvi/be/avs/cancer_genes_selection/genes/CBLC/align/CBLC_align_DNA_trimmed.fasta --model GTR+G -tree pars{10} --bs-trees 100 --prefix /mnt/lustre/scratch/home/uvi/be/avs/cancer_genes_selection/genes/CBLC/tree/CBLC --redo

Analysis options:
  run mode: ML tree search + bootstrapping
  start tree(s): parsimony (10)
  random seed: 1521648007
  tip-inner: ON
  pattern compression: ON
  per-rate scalers: OFF
  site repeats: OFF
  branch lengths: ML estimate (linked)
  SIMD kernels: AVX2
  parallelization: NONE/sequential

WARNING: Running in REDO mode: existing checkpoints are ignored, and all result files will be overwritten!

[00:00:00] Reading alignment from file: /mnt/lustre/scratch/home/uvi/be/avs/cancer_genes_selection/genes/CBLC/align/CBLC_align_DNA_trimmed.fasta
[00:00:00] Loaded alignment with 22 taxa and 1500 sites

Alignment comprises 1 partitions and 977 patterns

Partition 0: noname
Model: GTR+FO+G4m
Alignment sites / patterns: 1500 / 977
Gaps: 12.99 %
Invariant sites: 31.13 %


[00:00:00] Generating parsimony starting tree(s) with 22 taxa
[00:00:01] Data distribution: partitions/thread: 1-1, patterns/thread: 977-977

Starting ML tree search with 10 distinct starting trees

[00:00:08] ML tree search #1, logLikelihood: -12852.971045
[00:00:14] ML tree search #2, logLikelihood: -12852.970147
[00:00:21] ML tree search #3, logLikelihood: -12852.969738
[00:00:27] ML tree search #4, logLikelihood: -12852.970356
[00:00:32] ML tree search #5, logLikelihood: -12852.971501
[00:00:39] ML tree search #6, logLikelihood: -12852.970268
[00:00:46] ML tree search #7, logLikelihood: -12852.969038
[00:00:52] ML tree search #8, logLikelihood: -12852.970808
[00:00:59] ML tree search #9, logLikelihood: -12852.970736
[00:01:10] ML tree search #10, logLikelihood: -12852.970587

[00:01:11] ML tree search completed, best tree logLH: -12852.969038

[00:01:11] Starting bootstrapping analysis with 100 replicates.

[00:01:18] Bootstrap tree #1, logLikelihood: -12396.319433
[00:01:25] Bootstrap tree #2, logLikelihood: -13020.716911
[00:01:31] Bootstrap tree #3, logLikelihood: -12868.792188
[00:01:37] Bootstrap tree #4, logLikelihood: -12877.907599
[00:01:43] Bootstrap tree #5, logLikelihood: -12565.250212
[00:01:50] Bootstrap tree #6, logLikelihood: -12720.310765
[00:01:58] Bootstrap tree #7, logLikelihood: -13011.420620
[00:02:04] Bootstrap tree #8, logLikelihood: -13284.568677
[00:02:11] Bootstrap tree #9, logLikelihood: -12594.583702
[00:02:23] Bootstrap tree #10, logLikelihood: -12677.131167
[00:02:29] Bootstrap tree #11, logLikelihood: -13152.385427
[00:02:38] Bootstrap tree #12, logLikelihood: -12817.083904
[00:02:44] Bootstrap tree #13, logLikelihood: -12995.722967
[00:02:53] Bootstrap tree #14, logLikelihood: -12871.205108
[00:02:59] Bootstrap tree #15, logLikelihood: -12742.584712
[00:03:08] Bootstrap tree #16, logLikelihood: -13041.149009
[00:03:14] Bootstrap tree #17, logLikelihood: -12978.751188
[00:03:22] Bootstrap tree #18, logLikelihood: -12615.387557
[00:03:29] Bootstrap tree #19, logLikelihood: -12964.489111
[00:03:35] Bootstrap tree #20, logLikelihood: -12799.291953
[00:03:42] Bootstrap tree #21, logLikelihood: -12373.748310
[00:03:48] Bootstrap tree #22, logLikelihood: -12478.049617
[00:03:57] Bootstrap tree #23, logLikelihood: -12483.467729
[00:04:04] Bootstrap tree #24, logLikelihood: -12764.001982
[00:04:11] Bootstrap tree #25, logLikelihood: -13104.331314
[00:04:22] Bootstrap tree #26, logLikelihood: -13007.339451
[00:04:31] Bootstrap tree #27, logLikelihood: -13194.410591
[00:04:41] Bootstrap tree #28, logLikelihood: -12380.312942
[00:04:46] Bootstrap tree #29, logLikelihood: -12953.764524
[00:04:52] Bootstrap tree #30, logLikelihood: -12844.703093
[00:04:58] Bootstrap tree #31, logLikelihood: -12545.936171
[00:05:06] Bootstrap tree #32, logLikelihood: -12946.683082
[00:05:13] Bootstrap tree #33, logLikelihood: -12651.510738
[00:05:22] Bootstrap tree #34, logLikelihood: -13130.361738
[00:05:29] Bootstrap tree #35, logLikelihood: -12926.439046
[00:05:36] Bootstrap tree #36, logLikelihood: -12554.440873
[00:05:45] Bootstrap tree #37, logLikelihood: -12366.251411
[00:05:52] Bootstrap tree #38, logLikelihood: -12566.911213
[00:05:58] Bootstrap tree #39, logLikelihood: -13124.612177
[00:06:05] Bootstrap tree #40, logLikelihood: -12689.103218
[00:06:11] Bootstrap tree #41, logLikelihood: -12681.328857
[00:06:18] Bootstrap tree #42, logLikelihood: -12750.473470
[00:06:25] Bootstrap tree #43, logLikelihood: -12949.787716
[00:06:31] Bootstrap tree #44, logLikelihood: -12783.686737
[00:06:38] Bootstrap tree #45, logLikelihood: -12843.518616
[00:06:47] Bootstrap tree #46, logLikelihood: -13074.807091
[00:06:53] Bootstrap tree #47, logLikelihood: -12853.965407
[00:07:01] Bootstrap tree #48, logLikelihood: -12956.292702
[00:07:09] Bootstrap tree #49, logLikelihood: -12969.416684
[00:07:16] Bootstrap tree #50, logLikelihood: -12631.625146
[00:07:24] Bootstrap tree #51, logLikelihood: -12912.962638
[00:07:34] Bootstrap tree #52, logLikelihood: -12898.459425
[00:07:42] Bootstrap tree #53, logLikelihood: -12907.614641
[00:07:48] Bootstrap tree #54, logLikelihood: -12958.665642
[00:07:56] Bootstrap tree #55, logLikelihood: -12533.127307
[00:08:03] Bootstrap tree #56, logLikelihood: -12927.391563
[00:08:13] Bootstrap tree #57, logLikelihood: -12881.392109
[00:08:21] Bootstrap tree #58, logLikelihood: -12574.203518
[00:08:28] Bootstrap tree #59, logLikelihood: -12772.237228
[00:08:34] Bootstrap tree #60, logLikelihood: -12519.832389
[00:08:42] Bootstrap tree #61, logLikelihood: -13077.786808
[00:08:49] Bootstrap tree #62, logLikelihood: -12463.489498
[00:08:57] Bootstrap tree #63, logLikelihood: -12627.744652
[00:09:06] Bootstrap tree #64, logLikelihood: -12908.318572
[00:09:14] Bootstrap tree #65, logLikelihood: -12953.893113
[00:09:26] Bootstrap tree #66, logLikelihood: -12752.888095
[00:09:33] Bootstrap tree #67, logLikelihood: -13148.407858
[00:09:41] Bootstrap tree #68, logLikelihood: -12719.993894
[00:09:48] Bootstrap tree #69, logLikelihood: -12830.662197
[00:09:54] Bootstrap tree #70, logLikelihood: -12921.500125
[00:10:00] Bootstrap tree #71, logLikelihood: -12398.899080
[00:10:07] Bootstrap tree #72, logLikelihood: -12777.654280
[00:10:15] Bootstrap tree #73, logLikelihood: -13135.162248
[00:10:24] Bootstrap tree #74, logLikelihood: -13138.711977
[00:10:33] Bootstrap tree #75, logLikelihood: -12800.288219
[00:10:41] Bootstrap tree #76, logLikelihood: -12684.667009
[00:10:49] Bootstrap tree #77, logLikelihood: -12937.952134
[00:10:58] Bootstrap tree #78, logLikelihood: -12614.790258
[00:11:08] Bootstrap tree #79, logLikelihood: -13083.631121
[00:11:14] Bootstrap tree #80, logLikelihood: -12645.294845
[00:11:24] Bootstrap tree #81, logLikelihood: -12804.751717
[00:11:31] Bootstrap tree #82, logLikelihood: -12918.513408
[00:11:39] Bootstrap tree #83, logLikelihood: -12731.477113
[00:11:46] Bootstrap tree #84, logLikelihood: -12736.255176
[00:11:53] Bootstrap tree #85, logLikelihood: -12619.819228
[00:11:59] Bootstrap tree #86, logLikelihood: -12685.808493
[00:12:06] Bootstrap tree #87, logLikelihood: -12976.960651
[00:12:13] Bootstrap tree #88, logLikelihood: -12952.882479
[00:12:21] Bootstrap tree #89, logLikelihood: -12715.059974
[00:12:28] Bootstrap tree #90, logLikelihood: -12800.029562
[00:12:36] Bootstrap tree #91, logLikelihood: -12872.671890
[00:12:45] Bootstrap tree #92, logLikelihood: -13047.418819
[00:12:52] Bootstrap tree #93, logLikelihood: -13007.031222
[00:13:00] Bootstrap tree #94, logLikelihood: -12300.610474
[00:13:07] Bootstrap tree #95, logLikelihood: -13241.392895
[00:13:17] Bootstrap tree #96, logLikelihood: -12918.872268
[00:13:25] Bootstrap tree #97, logLikelihood: -12763.821415
[00:13:33] Bootstrap tree #98, logLikelihood: -13275.099811
[00:13:40] Bootstrap tree #99, logLikelihood: -12806.302709
[00:13:47] Bootstrap tree #100, logLikelihood: -12896.021151

Optimized model parameters:

   Partition 0: noname
   Rate heterogeneity: GAMMA (4 cats, mean),  alpha: 0.704073 (ML),  weights&rates: (0.250000,0.075059) (0.250000,0.365446) (0.250000,0.926369) (0.250000,2.633127) 
   Base frequencies (ML): 0.199087 0.341844 0.306879 0.152190 
   Substitution rates (ML): 1.255257 5.380913 1.686219 1.270013 5.283635 1.000000 

Final LogLikelihood: -12852.969038

All ML trees saved to: /mnt/lustre/scratch/home/uvi/be/avs/cancer_genes_selection/genes/CBLC/tree/CBLC.raxml.mlTrees
Best ML tree saved to: /mnt/lustre/scratch/home/uvi/be/avs/cancer_genes_selection/genes/CBLC/tree/CBLC.raxml.bestTree
Best ML tree with bootstrap support values saved to: /mnt/lustre/scratch/home/uvi/be/avs/cancer_genes_selection/genes/CBLC/tree/CBLC.raxml.support
Optimized model saved to: /mnt/lustre/scratch/home/uvi/be/avs/cancer_genes_selection/genes/CBLC/tree/CBLC.raxml.bestModel
Bootstrap trees saved to: /mnt/lustre/scratch/home/uvi/be/avs/cancer_genes_selection/genes/CBLC/tree/CBLC.raxml.bootstraps

Execution log saved to: /mnt/lustre/scratch/home/uvi/be/avs/cancer_genes_selection/genes/CBLC/tree/CBLC.raxml.log

Analysis started: 21-Mar-2018 17:00:07 / finished: 21-Mar-2018 17:13:56

Elapsed time: 829.523 seconds

