
RAxML-NG v. 0.5.1b BETA released on 01.12.2017 by The Exelixis Lab.
Authors: Alexey Kozlov, Alexandros Stamatakis, Diego Darriba, Tomas Flouri, Benoit Morel.
Latest version: https://github.com/amkozlov/raxml-ng
Questions/problems/suggestions? Please visit: https://groups.google.com/forum/#!forum/raxml

WARNING: This is a BETA release, please use at your own risk!

RAxML-NG was called as follows:

raxml-ng-mpi --all --msa /mnt/lustre/scratch/home/uvi/be/avs/cancer_genes_selection/genes/FANCC/align/FANCC_align_DNA_trimmed2.fasta --model GTR+G -tree pars{10} --bs-trees 100 --prefix /mnt/lustre/scratch/home/uvi/be/avs/cancer_genes_selection/genes/FANCC/tree/FANCC_trimmed --redo

Analysis options:
  run mode: ML tree search + bootstrapping
  start tree(s): parsimony (10)
  random seed: 1522092361
  tip-inner: ON
  pattern compression: ON
  per-rate scalers: OFF
  site repeats: OFF
  branch lengths: ML estimate (linked)
  SIMD kernels: AVX2
  parallelization: NONE/sequential

WARNING: Running in REDO mode: existing checkpoints are ignored, and all result files will be overwritten!

[00:00:00] Reading alignment from file: /mnt/lustre/scratch/home/uvi/be/avs/cancer_genes_selection/genes/FANCC/align/FANCC_align_DNA_trimmed2.fasta
[00:00:01] Loaded alignment with 26 taxa and 1683 sites

Alignment comprises 1 partitions and 1097 patterns

Partition 0: noname
Model: GTR+FO+G4m
Alignment sites / patterns: 1683 / 1097
Gaps: 4.31 %
Invariant sites: 28.28 %


[00:00:01] Generating parsimony starting tree(s) with 26 taxa
[00:00:01] Data distribution: partitions/thread: 1-1, patterns/thread: 1097-1097

Starting ML tree search with 10 distinct starting trees

[00:00:15] ML tree search #1, logLikelihood: -16770.834992
[00:00:28] ML tree search #2, logLikelihood: -16772.038534
[00:00:40] ML tree search #3, logLikelihood: -16770.833253
[00:00:49] ML tree search #4, logLikelihood: -16770.832711
[00:01:01] ML tree search #5, logLikelihood: -16772.038530
[00:01:14] ML tree search #6, logLikelihood: -16770.834565
[00:01:27] ML tree search #7, logLikelihood: -16772.040179
[00:01:40] ML tree search #8, logLikelihood: -16770.834207
[00:01:52] ML tree search #9, logLikelihood: -16772.039626
[00:02:03] ML tree search #10, logLikelihood: -16772.038921

[00:02:03] ML tree search completed, best tree logLH: -16770.832711

[00:02:03] Starting bootstrapping analysis with 100 replicates.

[00:02:16] Bootstrap tree #1, logLikelihood: -16796.333715
[00:02:30] Bootstrap tree #2, logLikelihood: -16916.940599
[00:02:43] Bootstrap tree #3, logLikelihood: -16482.538075
[00:02:56] Bootstrap tree #4, logLikelihood: -16897.412208
[00:03:07] Bootstrap tree #5, logLikelihood: -16989.651296
[00:03:18] Bootstrap tree #6, logLikelihood: -17081.230062
[00:03:29] Bootstrap tree #7, logLikelihood: -16463.995860
[00:03:40] Bootstrap tree #8, logLikelihood: -16702.165447
[00:03:53] Bootstrap tree #9, logLikelihood: -16902.915896
[00:04:05] Bootstrap tree #10, logLikelihood: -16544.976460
[00:04:18] Bootstrap tree #11, logLikelihood: -16466.838442
[00:04:30] Bootstrap tree #12, logLikelihood: -16638.208699
[00:04:41] Bootstrap tree #13, logLikelihood: -16671.328534
[00:04:53] Bootstrap tree #14, logLikelihood: -16635.876624
[00:05:04] Bootstrap tree #15, logLikelihood: -16715.910542
[00:05:15] Bootstrap tree #16, logLikelihood: -16689.509595
[00:05:27] Bootstrap tree #17, logLikelihood: -16418.217206
[00:05:41] Bootstrap tree #18, logLikelihood: -16555.249285
[00:05:52] Bootstrap tree #19, logLikelihood: -16792.609784
[00:06:02] Bootstrap tree #20, logLikelihood: -17109.775091
[00:06:13] Bootstrap tree #21, logLikelihood: -16626.628624
[00:06:24] Bootstrap tree #22, logLikelihood: -16859.285352
[00:06:36] Bootstrap tree #23, logLikelihood: -16549.368493
[00:06:49] Bootstrap tree #24, logLikelihood: -17059.509605
[00:07:02] Bootstrap tree #25, logLikelihood: -16535.847411
[00:07:14] Bootstrap tree #26, logLikelihood: -16437.817863
[00:07:25] Bootstrap tree #27, logLikelihood: -16980.027841
[00:07:36] Bootstrap tree #28, logLikelihood: -17525.092934
[00:07:47] Bootstrap tree #29, logLikelihood: -16461.059997
[00:08:02] Bootstrap tree #30, logLikelihood: -16574.639699
[00:08:14] Bootstrap tree #31, logLikelihood: -16687.599152
[00:08:27] Bootstrap tree #32, logLikelihood: -16103.566063
[00:08:40] Bootstrap tree #33, logLikelihood: -16181.582012
[00:08:51] Bootstrap tree #34, logLikelihood: -16584.716224
[00:09:02] Bootstrap tree #35, logLikelihood: -17278.985549
[00:09:16] Bootstrap tree #36, logLikelihood: -16579.891339
[00:09:28] Bootstrap tree #37, logLikelihood: -17011.995512
[00:09:40] Bootstrap tree #38, logLikelihood: -17005.016204
[00:09:53] Bootstrap tree #39, logLikelihood: -16484.097795
[00:10:05] Bootstrap tree #40, logLikelihood: -16373.941388
[00:10:18] Bootstrap tree #41, logLikelihood: -16601.508862
[00:10:32] Bootstrap tree #42, logLikelihood: -16844.328741
[00:10:43] Bootstrap tree #43, logLikelihood: -16656.829512
[00:10:55] Bootstrap tree #44, logLikelihood: -16935.933149
[00:11:06] Bootstrap tree #45, logLikelihood: -16988.221831
[00:11:19] Bootstrap tree #46, logLikelihood: -16962.890193
[00:11:32] Bootstrap tree #47, logLikelihood: -16894.005059
[00:11:48] Bootstrap tree #48, logLikelihood: -16950.935256
[00:12:02] Bootstrap tree #49, logLikelihood: -17342.909428
[00:12:16] Bootstrap tree #50, logLikelihood: -17157.894525
[00:12:28] Bootstrap tree #51, logLikelihood: -16382.003452
[00:12:40] Bootstrap tree #52, logLikelihood: -16842.241608
[00:12:54] Bootstrap tree #53, logLikelihood: -16909.506959
[00:13:08] Bootstrap tree #54, logLikelihood: -16646.039466
[00:13:21] Bootstrap tree #55, logLikelihood: -16725.602288
[00:13:34] Bootstrap tree #56, logLikelihood: -16870.777983
[00:13:46] Bootstrap tree #57, logLikelihood: -16775.238195
[00:14:00] Bootstrap tree #58, logLikelihood: -16836.434923
[00:14:13] Bootstrap tree #59, logLikelihood: -17383.842498
[00:14:28] Bootstrap tree #60, logLikelihood: -16692.641523
[00:14:43] Bootstrap tree #61, logLikelihood: -16992.050105
[00:14:58] Bootstrap tree #62, logLikelihood: -16553.191087
[00:15:10] Bootstrap tree #63, logLikelihood: -16579.817530
[00:15:23] Bootstrap tree #64, logLikelihood: -17201.868578
[00:15:36] Bootstrap tree #65, logLikelihood: -16417.789992
[00:15:48] Bootstrap tree #66, logLikelihood: -16525.369280
[00:16:02] Bootstrap tree #67, logLikelihood: -16072.761612
[00:16:14] Bootstrap tree #68, logLikelihood: -16294.289641
[00:16:27] Bootstrap tree #69, logLikelihood: -16305.219443
[00:16:41] Bootstrap tree #70, logLikelihood: -16476.528199
[00:16:53] Bootstrap tree #71, logLikelihood: -16729.125872
[00:17:07] Bootstrap tree #72, logLikelihood: -16943.856301
[00:17:20] Bootstrap tree #73, logLikelihood: -16817.086685
[00:17:33] Bootstrap tree #74, logLikelihood: -16619.252435
[00:17:46] Bootstrap tree #75, logLikelihood: -16356.832196
[00:17:59] Bootstrap tree #76, logLikelihood: -17397.032154
[00:18:11] Bootstrap tree #77, logLikelihood: -16096.379764
[00:18:29] Bootstrap tree #78, logLikelihood: -16451.924655
[00:18:41] Bootstrap tree #79, logLikelihood: -16801.911275
[00:18:52] Bootstrap tree #80, logLikelihood: -16874.195058
[00:19:06] Bootstrap tree #81, logLikelihood: -16219.238781
[00:19:19] Bootstrap tree #82, logLikelihood: -17006.224372
[00:19:34] Bootstrap tree #83, logLikelihood: -16964.205847
[00:19:49] Bootstrap tree #84, logLikelihood: -16786.752119
[00:20:03] Bootstrap tree #85, logLikelihood: -16713.792968
[00:20:18] Bootstrap tree #86, logLikelihood: -16925.446650
[00:20:33] Bootstrap tree #87, logLikelihood: -16955.712844
[00:20:46] Bootstrap tree #88, logLikelihood: -16586.042743
[00:21:01] Bootstrap tree #89, logLikelihood: -16782.069450
[00:21:13] Bootstrap tree #90, logLikelihood: -16451.468161
[00:21:24] Bootstrap tree #91, logLikelihood: -16744.070516
[00:21:38] Bootstrap tree #92, logLikelihood: -16711.156044
[00:21:52] Bootstrap tree #93, logLikelihood: -16410.145715
[00:22:07] Bootstrap tree #94, logLikelihood: -16366.215959
[00:22:23] Bootstrap tree #95, logLikelihood: -16876.923603
[00:22:35] Bootstrap tree #96, logLikelihood: -17156.264650
[00:22:49] Bootstrap tree #97, logLikelihood: -17112.972281
[00:23:02] Bootstrap tree #98, logLikelihood: -16969.657739
[00:23:13] Bootstrap tree #99, logLikelihood: -16562.104079
[00:23:26] Bootstrap tree #100, logLikelihood: -17020.657819

Optimized model parameters:

   Partition 0: noname
   Rate heterogeneity: GAMMA (4 cats, mean),  alpha: 1.125339 (ML),  weights&rates: (0.250000,0.161262) (0.250000,0.511435) (0.250000,1.018018) (0.250000,2.309285) 
   Base frequencies (ML): 0.247053 0.236516 0.266096 0.250335 
   Substitution rates (ML): 1.167185 4.395220 0.656541 1.005807 3.485596 1.000000 

Final LogLikelihood: -16770.832711

All ML trees saved to: /mnt/lustre/scratch/home/uvi/be/avs/cancer_genes_selection/genes/FANCC/tree/FANCC_trimmed.raxml.mlTrees
Best ML tree saved to: /mnt/lustre/scratch/home/uvi/be/avs/cancer_genes_selection/genes/FANCC/tree/FANCC_trimmed.raxml.bestTree
Best ML tree with bootstrap support values saved to: /mnt/lustre/scratch/home/uvi/be/avs/cancer_genes_selection/genes/FANCC/tree/FANCC_trimmed.raxml.support
Optimized model saved to: /mnt/lustre/scratch/home/uvi/be/avs/cancer_genes_selection/genes/FANCC/tree/FANCC_trimmed.raxml.bestModel
Bootstrap trees saved to: /mnt/lustre/scratch/home/uvi/be/avs/cancer_genes_selection/genes/FANCC/tree/FANCC_trimmed.raxml.bootstraps

Execution log saved to: /mnt/lustre/scratch/home/uvi/be/avs/cancer_genes_selection/genes/FANCC/tree/FANCC_trimmed.raxml.log

Analysis started: 26-Mar-2018 21:26:01 / finished: 26-Mar-2018 21:49:32

Elapsed time: 1411.143 seconds

