
RAxML-NG v. 0.5.1b BETA released on 01.12.2017 by The Exelixis Lab.
Authors: Alexey Kozlov, Alexandros Stamatakis, Diego Darriba, Tomas Flouri, Benoit Morel.
Latest version: https://github.com/amkozlov/raxml-ng
Questions/problems/suggestions? Please visit: https://groups.google.com/forum/#!forum/raxml

WARNING: This is a BETA release, please use at your own risk!

RAxML-NG was called as follows:

raxml-ng-mpi --all --msa /mnt/lustre/scratch/home/uvi/be/avs/cancer_genes_selection/genes/PMS2/align/PMS2_align_DNA_trimmed.fasta --model GTR+G -tree pars{10} --bs-trees 100 --prefix /mnt/lustre/scratch/home/uvi/be/avs/cancer_genes_selection/genes/PMS2/tree/PMS2 --redo

Analysis options:
  run mode: ML tree search + bootstrapping
  start tree(s): parsimony (10)
  random seed: 1521666483
  tip-inner: ON
  pattern compression: ON
  per-rate scalers: OFF
  site repeats: OFF
  branch lengths: ML estimate (linked)
  SIMD kernels: AVX2
  parallelization: NONE/sequential

WARNING: Running in REDO mode: existing checkpoints are ignored, and all result files will be overwritten!

[00:00:00] Reading alignment from file: /mnt/lustre/scratch/home/uvi/be/avs/cancer_genes_selection/genes/PMS2/align/PMS2_align_DNA_trimmed.fasta
[00:00:00] Loaded alignment with 25 taxa and 2595 sites

Alignment comprises 1 partitions and 1567 patterns

Partition 0: noname
Model: GTR+FO+G4m
Alignment sites / patterns: 2595 / 1567
Gaps: 6.05 %
Invariant sites: 38.11 %


[00:00:00] Generating parsimony starting tree(s) with 25 taxa
[00:00:01] Data distribution: partitions/thread: 1-1, patterns/thread: 1567-1567

Starting ML tree search with 10 distinct starting trees

[00:00:12] ML tree search #1, logLikelihood: -24605.486566
[00:00:25] ML tree search #2, logLikelihood: -24605.488856
[00:00:38] ML tree search #3, logLikelihood: -24605.486979
[00:00:49] ML tree search #4, logLikelihood: -24605.487140
[00:01:00] ML tree search #5, logLikelihood: -24605.486197
[00:01:13] ML tree search #6, logLikelihood: -24605.488796
[00:01:25] ML tree search #7, logLikelihood: -24605.487046
[00:01:41] ML tree search #8, logLikelihood: -24605.486953
[00:01:52] ML tree search #9, logLikelihood: -24605.487757
[00:02:04] ML tree search #10, logLikelihood: -24605.489136

[00:02:04] ML tree search completed, best tree logLH: -24605.486197

[00:02:04] Starting bootstrapping analysis with 100 replicates.

[00:02:12] Bootstrap tree #1, logLikelihood: -24547.322847
[00:02:22] Bootstrap tree #2, logLikelihood: -24174.779494
[00:02:32] Bootstrap tree #3, logLikelihood: -24079.250201
[00:02:42] Bootstrap tree #4, logLikelihood: -25125.664481
[00:02:55] Bootstrap tree #5, logLikelihood: -24932.293967
[00:03:03] Bootstrap tree #6, logLikelihood: -24847.099667
[00:03:14] Bootstrap tree #7, logLikelihood: -23873.252642
[00:03:23] Bootstrap tree #8, logLikelihood: -24531.230115
[00:03:31] Bootstrap tree #9, logLikelihood: -24819.043412
[00:03:42] Bootstrap tree #10, logLikelihood: -24734.399523
[00:03:54] Bootstrap tree #11, logLikelihood: -24710.551771
[00:04:06] Bootstrap tree #12, logLikelihood: -24482.580081
[00:04:16] Bootstrap tree #13, logLikelihood: -25525.126439
[00:04:26] Bootstrap tree #14, logLikelihood: -24195.839952
[00:04:36] Bootstrap tree #15, logLikelihood: -24006.232526
[00:04:45] Bootstrap tree #16, logLikelihood: -24828.944190
[00:04:55] Bootstrap tree #17, logLikelihood: -24564.222537
[00:05:05] Bootstrap tree #18, logLikelihood: -24195.972740
[00:05:14] Bootstrap tree #19, logLikelihood: -24695.505850
[00:05:24] Bootstrap tree #20, logLikelihood: -24524.532173
[00:05:34] Bootstrap tree #21, logLikelihood: -24127.616671
[00:05:45] Bootstrap tree #22, logLikelihood: -24035.094613
[00:05:54] Bootstrap tree #23, logLikelihood: -24576.601725
[00:06:04] Bootstrap tree #24, logLikelihood: -24513.191098
[00:06:13] Bootstrap tree #25, logLikelihood: -24764.890761
[00:06:23] Bootstrap tree #26, logLikelihood: -24384.457244
[00:06:33] Bootstrap tree #27, logLikelihood: -24654.697398
[00:06:43] Bootstrap tree #28, logLikelihood: -24820.905689
[00:06:58] Bootstrap tree #29, logLikelihood: -24874.307196
[00:07:08] Bootstrap tree #30, logLikelihood: -24397.682558
[00:07:19] Bootstrap tree #31, logLikelihood: -24911.079762
[00:07:29] Bootstrap tree #32, logLikelihood: -24223.342073
[00:07:39] Bootstrap tree #33, logLikelihood: -24661.498833
[00:07:51] Bootstrap tree #34, logLikelihood: -24570.110909
[00:08:01] Bootstrap tree #35, logLikelihood: -25580.976808
[00:08:11] Bootstrap tree #36, logLikelihood: -24812.700662
[00:08:23] Bootstrap tree #37, logLikelihood: -24505.407956
[00:08:34] Bootstrap tree #38, logLikelihood: -24925.892066
[00:08:45] Bootstrap tree #39, logLikelihood: -25310.816205
[00:08:56] Bootstrap tree #40, logLikelihood: -24893.717373
[00:09:05] Bootstrap tree #41, logLikelihood: -24133.899731
[00:09:15] Bootstrap tree #42, logLikelihood: -24667.930974
[00:09:27] Bootstrap tree #43, logLikelihood: -24855.599583
[00:09:38] Bootstrap tree #44, logLikelihood: -24655.450545
[00:09:47] Bootstrap tree #45, logLikelihood: -24911.902683
[00:09:58] Bootstrap tree #46, logLikelihood: -24942.347074
[00:10:07] Bootstrap tree #47, logLikelihood: -24278.668880
[00:10:19] Bootstrap tree #48, logLikelihood: -24214.225955
[00:10:34] Bootstrap tree #49, logLikelihood: -25016.896996
[00:10:45] Bootstrap tree #50, logLikelihood: -24404.320840
[00:10:54] Bootstrap tree #51, logLikelihood: -24765.572020
[00:11:04] Bootstrap tree #52, logLikelihood: -24548.798709
[00:11:15] Bootstrap tree #53, logLikelihood: -24278.342190
[00:11:26] Bootstrap tree #54, logLikelihood: -24870.905666
[00:11:39] Bootstrap tree #55, logLikelihood: -24355.658209
[00:11:53] Bootstrap tree #56, logLikelihood: -24767.977649
[00:12:04] Bootstrap tree #57, logLikelihood: -24753.288377
[00:12:15] Bootstrap tree #58, logLikelihood: -24900.930125
[00:12:25] Bootstrap tree #59, logLikelihood: -24533.445374
[00:12:36] Bootstrap tree #60, logLikelihood: -23872.164597
[00:12:51] Bootstrap tree #61, logLikelihood: -24390.478117
[00:13:03] Bootstrap tree #62, logLikelihood: -24129.361657
[00:13:18] Bootstrap tree #63, logLikelihood: -24753.186112
[00:13:27] Bootstrap tree #64, logLikelihood: -24413.014944
[00:13:37] Bootstrap tree #65, logLikelihood: -24383.997521
[00:13:50] Bootstrap tree #66, logLikelihood: -25203.751649
[00:14:02] Bootstrap tree #67, logLikelihood: -24096.776184
[00:14:13] Bootstrap tree #68, logLikelihood: -25379.685973
[00:14:23] Bootstrap tree #69, logLikelihood: -24227.480564
[00:14:34] Bootstrap tree #70, logLikelihood: -24672.264247
[00:14:48] Bootstrap tree #71, logLikelihood: -25396.147413
[00:15:01] Bootstrap tree #72, logLikelihood: -24682.437675
[00:15:11] Bootstrap tree #73, logLikelihood: -24903.978416
[00:15:21] Bootstrap tree #74, logLikelihood: -24695.583226
[00:15:32] Bootstrap tree #75, logLikelihood: -24645.609887
[00:15:44] Bootstrap tree #76, logLikelihood: -24354.093921
[00:15:55] Bootstrap tree #77, logLikelihood: -24759.709604
[00:16:12] Bootstrap tree #78, logLikelihood: -24781.382035
[00:16:23] Bootstrap tree #79, logLikelihood: -24834.095130
[00:16:37] Bootstrap tree #80, logLikelihood: -25402.161657
[00:16:51] Bootstrap tree #81, logLikelihood: -25299.330036
[00:17:05] Bootstrap tree #82, logLikelihood: -24470.240830
[00:17:16] Bootstrap tree #83, logLikelihood: -24711.030148
[00:17:27] Bootstrap tree #84, logLikelihood: -24946.607083
[00:17:38] Bootstrap tree #85, logLikelihood: -24411.981144
[00:17:48] Bootstrap tree #86, logLikelihood: -24730.410219
[00:17:58] Bootstrap tree #87, logLikelihood: -24004.016805
[00:18:09] Bootstrap tree #88, logLikelihood: -24901.118230
[00:18:19] Bootstrap tree #89, logLikelihood: -24355.833898
[00:18:35] Bootstrap tree #90, logLikelihood: -24189.874101
[00:18:46] Bootstrap tree #91, logLikelihood: -24872.315613
[00:18:58] Bootstrap tree #92, logLikelihood: -24813.438018
[00:19:08] Bootstrap tree #93, logLikelihood: -24703.198668
[00:19:19] Bootstrap tree #94, logLikelihood: -24558.926358
[00:19:31] Bootstrap tree #95, logLikelihood: -24383.727267
[00:19:42] Bootstrap tree #96, logLikelihood: -24462.284639
[00:19:53] Bootstrap tree #97, logLikelihood: -24215.222117
[00:20:05] Bootstrap tree #98, logLikelihood: -24670.276563
[00:20:15] Bootstrap tree #99, logLikelihood: -24437.166047
[00:20:26] Bootstrap tree #100, logLikelihood: -24379.526330

Optimized model parameters:

   Partition 0: noname
   Rate heterogeneity: GAMMA (4 cats, mean),  alpha: 0.556913 (ML),  weights&rates: (0.250000,0.044361) (0.250000,0.287456) (0.250000,0.857638) (0.250000,2.810544) 
   Base frequencies (ML): 0.276391 0.247559 0.250848 0.225202 
   Substitution rates (ML): 1.555871 4.194222 0.390669 1.427238 5.296435 1.000000 

Final LogLikelihood: -24605.486197

All ML trees saved to: /mnt/lustre/scratch/home/uvi/be/avs/cancer_genes_selection/genes/PMS2/tree/PMS2.raxml.mlTrees
Best ML tree saved to: /mnt/lustre/scratch/home/uvi/be/avs/cancer_genes_selection/genes/PMS2/tree/PMS2.raxml.bestTree
Best ML tree with bootstrap support values saved to: /mnt/lustre/scratch/home/uvi/be/avs/cancer_genes_selection/genes/PMS2/tree/PMS2.raxml.support
Optimized model saved to: /mnt/lustre/scratch/home/uvi/be/avs/cancer_genes_selection/genes/PMS2/tree/PMS2.raxml.bestModel
Bootstrap trees saved to: /mnt/lustre/scratch/home/uvi/be/avs/cancer_genes_selection/genes/PMS2/tree/PMS2.raxml.bootstraps

Execution log saved to: /mnt/lustre/scratch/home/uvi/be/avs/cancer_genes_selection/genes/PMS2/tree/PMS2.raxml.log

Analysis started: 21-Mar-2018 22:08:03 / finished: 21-Mar-2018 22:28:32

Elapsed time: 1228.992 seconds

