
RAxML-NG v. 0.5.1b BETA released on 01.12.2017 by The Exelixis Lab.
Authors: Alexey Kozlov, Alexandros Stamatakis, Diego Darriba, Tomas Flouri, Benoit Morel.
Latest version: https://github.com/amkozlov/raxml-ng
Questions/problems/suggestions? Please visit: https://groups.google.com/forum/#!forum/raxml

WARNING: This is a BETA release, please use at your own risk!

RAxML-NG was called as follows:

raxml-ng-mpi --all --msa /mnt/lustre/scratch/home/uvi/be/avs/cancer_genes_selection/genes/PREX2/align/PREX2_align_DNA_trimmed2.fasta --model GTR+G -tree pars{10} --bs-trees 100 --prefix /mnt/lustre/scratch/home/uvi/be/avs/cancer_genes_selection/genes/PREX2/tree/PREX2_trimmed --redo

Analysis options:
  run mode: ML tree search + bootstrapping
  start tree(s): parsimony (10)
  random seed: 1522102019
  tip-inner: ON
  pattern compression: ON
  per-rate scalers: OFF
  site repeats: OFF
  branch lengths: ML estimate (linked)
  SIMD kernels: AVX2
  parallelization: NONE/sequential

WARNING: Running in REDO mode: existing checkpoints are ignored, and all result files will be overwritten!

[00:00:00] Reading alignment from file: /mnt/lustre/scratch/home/uvi/be/avs/cancer_genes_selection/genes/PREX2/align/PREX2_align_DNA_trimmed2.fasta
[00:00:01] Loaded alignment with 26 taxa and 4821 sites

Alignment comprises 1 partitions and 1881 patterns

Partition 0: noname
Model: GTR+FO+G4m
Alignment sites / patterns: 4821 / 1881
Gaps: 2.75 %
Invariant sites: 56.15 %


[00:00:01] Generating parsimony starting tree(s) with 26 taxa
[00:00:01] Data distribution: partitions/thread: 1-1, patterns/thread: 1881-1881

Starting ML tree search with 10 distinct starting trees

[00:00:13] ML tree search #1, logLikelihood: -33254.380560
[00:00:29] ML tree search #2, logLikelihood: -33254.374768
[00:00:41] ML tree search #3, logLikelihood: -33254.378145
[00:00:56] ML tree search #4, logLikelihood: -33254.374773
[00:01:09] ML tree search #5, logLikelihood: -33254.378191
[00:01:22] ML tree search #6, logLikelihood: -33254.379856
[00:01:35] ML tree search #7, logLikelihood: -33254.378942
[00:01:52] ML tree search #8, logLikelihood: -33254.375113
[00:02:07] ML tree search #9, logLikelihood: -33254.378467
[00:02:22] ML tree search #10, logLikelihood: -33254.377995

[00:02:22] ML tree search completed, best tree logLH: -33254.374768

[00:02:22] Starting bootstrapping analysis with 100 replicates.

[00:02:35] Bootstrap tree #1, logLikelihood: -33878.536898
[00:02:49] Bootstrap tree #2, logLikelihood: -32225.909014
[00:03:01] Bootstrap tree #3, logLikelihood: -33183.380128
[00:03:14] Bootstrap tree #4, logLikelihood: -33298.763913
[00:03:29] Bootstrap tree #5, logLikelihood: -33408.424911
[00:03:42] Bootstrap tree #6, logLikelihood: -33970.611058
[00:03:55] Bootstrap tree #7, logLikelihood: -33595.955119
[00:04:10] Bootstrap tree #8, logLikelihood: -33390.451267
[00:04:24] Bootstrap tree #9, logLikelihood: -34080.312377
[00:04:36] Bootstrap tree #10, logLikelihood: -32783.592226
[00:04:50] Bootstrap tree #11, logLikelihood: -33899.577449
[00:05:03] Bootstrap tree #12, logLikelihood: -33373.682633
[00:05:18] Bootstrap tree #13, logLikelihood: -33329.047221
[00:05:34] Bootstrap tree #14, logLikelihood: -33762.653456
[00:05:48] Bootstrap tree #15, logLikelihood: -33002.204340
[00:06:02] Bootstrap tree #16, logLikelihood: -34087.381295
[00:06:18] Bootstrap tree #17, logLikelihood: -33340.729327
[00:06:31] Bootstrap tree #18, logLikelihood: -33724.996624
[00:06:45] Bootstrap tree #19, logLikelihood: -34103.988817
[00:07:00] Bootstrap tree #20, logLikelihood: -33044.501849
[00:07:14] Bootstrap tree #21, logLikelihood: -33666.625287
[00:07:26] Bootstrap tree #22, logLikelihood: -33299.997669
[00:07:40] Bootstrap tree #23, logLikelihood: -32408.568204
[00:07:54] Bootstrap tree #24, logLikelihood: -33651.203065
[00:08:09] Bootstrap tree #25, logLikelihood: -33090.384078
[00:08:22] Bootstrap tree #26, logLikelihood: -33132.377613
[00:08:35] Bootstrap tree #27, logLikelihood: -33222.409145
[00:08:48] Bootstrap tree #28, logLikelihood: -33875.891811
[00:09:01] Bootstrap tree #29, logLikelihood: -33041.658234
[00:09:14] Bootstrap tree #30, logLikelihood: -33412.098356
[00:09:31] Bootstrap tree #31, logLikelihood: -32869.247366
[00:09:50] Bootstrap tree #32, logLikelihood: -32761.149113
[00:10:07] Bootstrap tree #33, logLikelihood: -33111.631124
[00:10:20] Bootstrap tree #34, logLikelihood: -32679.907519
[00:10:38] Bootstrap tree #35, logLikelihood: -31847.713076
[00:10:54] Bootstrap tree #36, logLikelihood: -33628.495624
[00:11:12] Bootstrap tree #37, logLikelihood: -32798.572236
[00:11:27] Bootstrap tree #38, logLikelihood: -33309.161822
[00:11:39] Bootstrap tree #39, logLikelihood: -32743.271228
[00:11:52] Bootstrap tree #40, logLikelihood: -32352.016825
[00:12:06] Bootstrap tree #41, logLikelihood: -33551.709632
[00:12:18] Bootstrap tree #42, logLikelihood: -32583.304125
[00:12:34] Bootstrap tree #43, logLikelihood: -33763.390714
[00:12:46] Bootstrap tree #44, logLikelihood: -33848.742805
[00:13:00] Bootstrap tree #45, logLikelihood: -33167.305423
[00:13:12] Bootstrap tree #46, logLikelihood: -33300.499132
[00:13:29] Bootstrap tree #47, logLikelihood: -32741.018739
[00:13:42] Bootstrap tree #48, logLikelihood: -32754.803642
[00:14:00] Bootstrap tree #49, logLikelihood: -33748.276132
[00:14:13] Bootstrap tree #50, logLikelihood: -32877.064485
[00:14:27] Bootstrap tree #51, logLikelihood: -33814.133992
[00:14:47] Bootstrap tree #52, logLikelihood: -33535.801211
[00:15:04] Bootstrap tree #53, logLikelihood: -33764.210756
[00:15:17] Bootstrap tree #54, logLikelihood: -32939.291983
[00:15:30] Bootstrap tree #55, logLikelihood: -32993.494757
[00:15:44] Bootstrap tree #56, logLikelihood: -33050.312095
[00:16:01] Bootstrap tree #57, logLikelihood: -32515.500805
[00:16:18] Bootstrap tree #58, logLikelihood: -32819.396025
[00:16:35] Bootstrap tree #59, logLikelihood: -32933.664245
[00:16:50] Bootstrap tree #60, logLikelihood: -33746.794603
[00:17:06] Bootstrap tree #61, logLikelihood: -32889.659979
[00:17:22] Bootstrap tree #62, logLikelihood: -33369.053235
[00:17:37] Bootstrap tree #63, logLikelihood: -33454.661674
[00:17:50] Bootstrap tree #64, logLikelihood: -33291.194729
[00:18:09] Bootstrap tree #65, logLikelihood: -33425.907300
[00:18:25] Bootstrap tree #66, logLikelihood: -33391.295948
[00:18:39] Bootstrap tree #67, logLikelihood: -33685.090978
[00:18:56] Bootstrap tree #68, logLikelihood: -33923.457785
[00:19:10] Bootstrap tree #69, logLikelihood: -33050.480691
[00:19:27] Bootstrap tree #70, logLikelihood: -33259.859329
[00:19:39] Bootstrap tree #71, logLikelihood: -32907.546818
[00:19:51] Bootstrap tree #72, logLikelihood: -32661.076883
[00:20:07] Bootstrap tree #73, logLikelihood: -33835.898017
[00:20:23] Bootstrap tree #74, logLikelihood: -32948.011416
[00:20:38] Bootstrap tree #75, logLikelihood: -33009.289016
[00:20:53] Bootstrap tree #76, logLikelihood: -32436.140552
[00:21:10] Bootstrap tree #77, logLikelihood: -33306.753559
[00:21:27] Bootstrap tree #78, logLikelihood: -33119.802504
[00:21:41] Bootstrap tree #79, logLikelihood: -33545.357343
[00:21:55] Bootstrap tree #80, logLikelihood: -34246.399439
[00:22:10] Bootstrap tree #81, logLikelihood: -34049.077073
[00:22:23] Bootstrap tree #82, logLikelihood: -33612.503309
[00:22:38] Bootstrap tree #83, logLikelihood: -32735.331763
[00:22:54] Bootstrap tree #84, logLikelihood: -33905.780443
[00:23:10] Bootstrap tree #85, logLikelihood: -33381.136392
[00:23:25] Bootstrap tree #86, logLikelihood: -33466.878393
[00:23:42] Bootstrap tree #87, logLikelihood: -33102.640554
[00:23:58] Bootstrap tree #88, logLikelihood: -33343.987181
[00:24:13] Bootstrap tree #89, logLikelihood: -32461.823386
[00:24:35] Bootstrap tree #90, logLikelihood: -33268.207720
[00:24:51] Bootstrap tree #91, logLikelihood: -33002.241539
[00:25:06] Bootstrap tree #92, logLikelihood: -33073.955391
[00:25:22] Bootstrap tree #93, logLikelihood: -32517.313652
[00:25:37] Bootstrap tree #94, logLikelihood: -33522.481840
[00:25:54] Bootstrap tree #95, logLikelihood: -33897.838823
[00:26:14] Bootstrap tree #96, logLikelihood: -33465.393655
[00:26:29] Bootstrap tree #97, logLikelihood: -33146.576192
[00:26:45] Bootstrap tree #98, logLikelihood: -33490.297421
[00:27:03] Bootstrap tree #99, logLikelihood: -32857.138722
[00:27:20] Bootstrap tree #100, logLikelihood: -33536.202760

Optimized model parameters:

   Partition 0: noname
   Rate heterogeneity: GAMMA (4 cats, mean),  alpha: 0.327289 (ML),  weights&rates: (0.250000,0.007768) (0.250000,0.125823) (0.250000,0.638910) (0.250000,3.227499) 
   Base frequencies (ML): 0.295670 0.207273 0.251682 0.245374 
   Substitution rates (ML): 2.019200 5.568021 0.782589 1.330691 9.695220 1.000000 

Final LogLikelihood: -33254.374768

All ML trees saved to: /mnt/lustre/scratch/home/uvi/be/avs/cancer_genes_selection/genes/PREX2/tree/PREX2_trimmed.raxml.mlTrees
Best ML tree saved to: /mnt/lustre/scratch/home/uvi/be/avs/cancer_genes_selection/genes/PREX2/tree/PREX2_trimmed.raxml.bestTree
Best ML tree with bootstrap support values saved to: /mnt/lustre/scratch/home/uvi/be/avs/cancer_genes_selection/genes/PREX2/tree/PREX2_trimmed.raxml.support
Optimized model saved to: /mnt/lustre/scratch/home/uvi/be/avs/cancer_genes_selection/genes/PREX2/tree/PREX2_trimmed.raxml.bestModel
Bootstrap trees saved to: /mnt/lustre/scratch/home/uvi/be/avs/cancer_genes_selection/genes/PREX2/tree/PREX2_trimmed.raxml.bootstraps

Execution log saved to: /mnt/lustre/scratch/home/uvi/be/avs/cancer_genes_selection/genes/PREX2/tree/PREX2_trimmed.raxml.log

Analysis started: 27-Mar-2018 00:06:59 / finished: 27-Mar-2018 00:34:22

Elapsed time: 1643.214 seconds

