
RAxML-NG v. 0.5.1b BETA released on 01.12.2017 by The Exelixis Lab.
Authors: Alexey Kozlov, Alexandros Stamatakis, Diego Darriba, Tomas Flouri, Benoit Morel.
Latest version: https://github.com/amkozlov/raxml-ng
Questions/problems/suggestions? Please visit: https://groups.google.com/forum/#!forum/raxml

WARNING: This is a BETA release, please use at your own risk!

RAxML-NG was called as follows:

raxml-ng-mpi --all --msa /mnt/lustre/scratch/home/uvi/be/avs/cancer_genes_selection/genes/PAX8/align/PAX8_align_DNA_trimmed2.fasta --model GTR+G -tree pars{10} --bs-trees 100 --prefix /mnt/lustre/scratch/home/uvi/be/avs/cancer_genes_selection/genes/PAX8/tree/PAX8_trimmed --redo

Analysis options:
  run mode: ML tree search + bootstrapping
  start tree(s): parsimony (10)
  random seed: 1522100485
  tip-inner: ON
  pattern compression: ON
  per-rate scalers: OFF
  site repeats: OFF
  branch lengths: ML estimate (linked)
  SIMD kernels: AVX2
  parallelization: NONE/sequential

WARNING: Running in REDO mode: existing checkpoints are ignored, and all result files will be overwritten!

[00:00:00] Reading alignment from file: /mnt/lustre/scratch/home/uvi/be/avs/cancer_genes_selection/genes/PAX8/align/PAX8_align_DNA_trimmed2.fasta
[00:00:01] Loaded alignment with 23 taxa and 1374 sites

Alignment comprises 1 partitions and 479 patterns

Partition 0: noname
Model: GTR+FO+G4m
Alignment sites / patterns: 1374 / 479
Gaps: 2.75 %
Invariant sites: 60.70 %


[00:00:01] Generating parsimony starting tree(s) with 23 taxa
[00:00:01] Data distribution: partitions/thread: 1-1, patterns/thread: 479-479

Starting ML tree search with 10 distinct starting trees

[00:00:08] ML tree search #1, logLikelihood: -8234.934561
[00:00:15] ML tree search #2, logLikelihood: -8234.934549
[00:00:23] ML tree search #3, logLikelihood: -8234.933950
[00:00:30] ML tree search #4, logLikelihood: -8234.934458
[00:00:36] ML tree search #5, logLikelihood: -8234.934219
[00:00:44] ML tree search #6, logLikelihood: -8237.349064
[00:00:50] ML tree search #7, logLikelihood: -8234.934275
[00:00:58] ML tree search #8, logLikelihood: -8237.345409
[00:01:06] ML tree search #9, logLikelihood: -8234.937826
[00:01:13] ML tree search #10, logLikelihood: -8234.934465

[00:01:14] ML tree search completed, best tree logLH: -8234.933950

[00:01:14] Starting bootstrapping analysis with 100 replicates.

[00:01:22] Bootstrap tree #1, logLikelihood: -7925.524375
[00:01:30] Bootstrap tree #2, logLikelihood: -8077.592425
[00:01:37] Bootstrap tree #3, logLikelihood: -8202.975549
[00:01:44] Bootstrap tree #4, logLikelihood: -8389.653694
[00:01:52] Bootstrap tree #5, logLikelihood: -8154.900418
[00:02:02] Bootstrap tree #6, logLikelihood: -8198.083873
[00:02:09] Bootstrap tree #7, logLikelihood: -7936.797824
[00:02:16] Bootstrap tree #8, logLikelihood: -8257.822821
[00:02:24] Bootstrap tree #9, logLikelihood: -8329.141010
[00:02:31] Bootstrap tree #10, logLikelihood: -8275.397383
[00:02:38] Bootstrap tree #11, logLikelihood: -7934.138944
[00:02:46] Bootstrap tree #12, logLikelihood: -8339.045200
[00:02:54] Bootstrap tree #13, logLikelihood: -8180.529021
[00:03:01] Bootstrap tree #14, logLikelihood: -8576.715496
[00:03:10] Bootstrap tree #15, logLikelihood: -8248.844213
[00:03:17] Bootstrap tree #16, logLikelihood: -8124.241588
[00:03:28] Bootstrap tree #17, logLikelihood: -8303.075236
[00:03:39] Bootstrap tree #18, logLikelihood: -8332.497875
[00:03:47] Bootstrap tree #19, logLikelihood: -8156.017199
[00:03:54] Bootstrap tree #20, logLikelihood: -8122.921353
[00:04:01] Bootstrap tree #21, logLikelihood: -8140.826296
[00:04:12] Bootstrap tree #22, logLikelihood: -8282.197483
[00:04:18] Bootstrap tree #23, logLikelihood: -8613.641435
[00:04:27] Bootstrap tree #24, logLikelihood: -8122.034171
[00:04:34] Bootstrap tree #25, logLikelihood: -7978.494902
[00:04:43] Bootstrap tree #26, logLikelihood: -8431.472614
[00:04:56] Bootstrap tree #27, logLikelihood: -8898.160429
[00:05:02] Bootstrap tree #28, logLikelihood: -8147.393745
[00:05:10] Bootstrap tree #29, logLikelihood: -8327.947728
[00:05:19] Bootstrap tree #30, logLikelihood: -8174.815994
[00:05:27] Bootstrap tree #31, logLikelihood: -7959.906931
[00:05:35] Bootstrap tree #32, logLikelihood: -8379.085755
[00:05:46] Bootstrap tree #33, logLikelihood: -8121.769714
[00:05:55] Bootstrap tree #34, logLikelihood: -8320.099809
[00:06:02] Bootstrap tree #35, logLikelihood: -7951.928442
[00:06:11] Bootstrap tree #36, logLikelihood: -8348.701328
[00:06:19] Bootstrap tree #37, logLikelihood: -8016.342286
[00:06:26] Bootstrap tree #38, logLikelihood: -7600.898061
[00:06:35] Bootstrap tree #39, logLikelihood: -8301.301521
[00:06:42] Bootstrap tree #40, logLikelihood: -8126.145692
[00:06:49] Bootstrap tree #41, logLikelihood: -7929.406881
[00:06:57] Bootstrap tree #42, logLikelihood: -8392.646498
[00:07:05] Bootstrap tree #43, logLikelihood: -8189.950302
[00:07:14] Bootstrap tree #44, logLikelihood: -8455.655311
[00:07:21] Bootstrap tree #45, logLikelihood: -8431.268248
[00:07:32] Bootstrap tree #46, logLikelihood: -8277.469465
[00:07:40] Bootstrap tree #47, logLikelihood: -8234.987602
[00:07:48] Bootstrap tree #48, logLikelihood: -8188.040589
[00:07:56] Bootstrap tree #49, logLikelihood: -8201.251582
[00:08:03] Bootstrap tree #50, logLikelihood: -7987.553981
[00:08:11] Bootstrap tree #51, logLikelihood: -8666.846865
[00:08:20] Bootstrap tree #52, logLikelihood: -8161.449670
[00:08:27] Bootstrap tree #53, logLikelihood: -8104.798090
[00:08:37] Bootstrap tree #54, logLikelihood: -8336.715303
[00:08:45] Bootstrap tree #55, logLikelihood: -8666.073429
[00:08:57] Bootstrap tree #56, logLikelihood: -8746.527880
[00:09:07] Bootstrap tree #57, logLikelihood: -7711.797977
[00:09:16] Bootstrap tree #58, logLikelihood: -8039.583536
[00:09:24] Bootstrap tree #59, logLikelihood: -8113.246892
[00:09:33] Bootstrap tree #60, logLikelihood: -8542.477899
[00:09:41] Bootstrap tree #61, logLikelihood: -8254.443010
[00:09:52] Bootstrap tree #62, logLikelihood: -8248.746664
[00:10:01] Bootstrap tree #63, logLikelihood: -8461.157041
[00:10:10] Bootstrap tree #64, logLikelihood: -8264.338699
[00:10:19] Bootstrap tree #65, logLikelihood: -8082.803397
[00:10:28] Bootstrap tree #66, logLikelihood: -7829.653457
[00:10:37] Bootstrap tree #67, logLikelihood: -8125.434672
[00:10:44] Bootstrap tree #68, logLikelihood: -8339.258591
[00:10:55] Bootstrap tree #69, logLikelihood: -8140.647095
[00:11:06] Bootstrap tree #70, logLikelihood: -8369.587662
[00:11:14] Bootstrap tree #71, logLikelihood: -8075.867440
[00:11:22] Bootstrap tree #72, logLikelihood: -8421.055858
[00:11:31] Bootstrap tree #73, logLikelihood: -7635.993895
[00:11:44] Bootstrap tree #74, logLikelihood: -8160.304719
[00:11:54] Bootstrap tree #75, logLikelihood: -8327.473901
[00:12:01] Bootstrap tree #76, logLikelihood: -8084.723657
[00:12:09] Bootstrap tree #77, logLikelihood: -8109.677110
[00:12:19] Bootstrap tree #78, logLikelihood: -8311.368293
[00:12:28] Bootstrap tree #79, logLikelihood: -8453.456469
[00:12:35] Bootstrap tree #80, logLikelihood: -8196.596877
[00:12:44] Bootstrap tree #81, logLikelihood: -8165.659991
[00:12:52] Bootstrap tree #82, logLikelihood: -8145.730317
[00:13:00] Bootstrap tree #83, logLikelihood: -8494.101118
[00:13:08] Bootstrap tree #84, logLikelihood: -7787.109094
[00:13:18] Bootstrap tree #85, logLikelihood: -8218.794520
[00:13:28] Bootstrap tree #86, logLikelihood: -8676.539305
[00:13:37] Bootstrap tree #87, logLikelihood: -8223.606662
[00:13:49] Bootstrap tree #88, logLikelihood: -8634.173798
[00:13:59] Bootstrap tree #89, logLikelihood: -8266.231347
[00:14:08] Bootstrap tree #90, logLikelihood: -8349.087730
[00:14:17] Bootstrap tree #91, logLikelihood: -8478.117422
[00:14:26] Bootstrap tree #92, logLikelihood: -8210.202275
[00:14:35] Bootstrap tree #93, logLikelihood: -8244.406695
[00:14:43] Bootstrap tree #94, logLikelihood: -8586.568380
[00:14:55] Bootstrap tree #95, logLikelihood: -8210.358556
[00:15:04] Bootstrap tree #96, logLikelihood: -8141.475385
[00:15:13] Bootstrap tree #97, logLikelihood: -8317.049232
[00:15:24] Bootstrap tree #98, logLikelihood: -7887.459498
[00:15:32] Bootstrap tree #99, logLikelihood: -8123.488546
[00:15:40] Bootstrap tree #100, logLikelihood: -8116.843369

Optimized model parameters:

   Partition 0: noname
   Rate heterogeneity: GAMMA (4 cats, mean),  alpha: 0.302855 (ML),  weights&rates: (0.250000,0.005530) (0.250000,0.106718) (0.250000,0.600567) (0.250000,3.287185) 
   Base frequencies (ML): 0.209396 0.333793 0.259174 0.197638 
   Substitution rates (ML): 0.791547 4.129638 0.768842 0.588918 4.840190 1.000000 

Final LogLikelihood: -8234.933950

All ML trees saved to: /mnt/lustre/scratch/home/uvi/be/avs/cancer_genes_selection/genes/PAX8/tree/PAX8_trimmed.raxml.mlTrees
Best ML tree saved to: /mnt/lustre/scratch/home/uvi/be/avs/cancer_genes_selection/genes/PAX8/tree/PAX8_trimmed.raxml.bestTree
Best ML tree with bootstrap support values saved to: /mnt/lustre/scratch/home/uvi/be/avs/cancer_genes_selection/genes/PAX8/tree/PAX8_trimmed.raxml.support
Optimized model saved to: /mnt/lustre/scratch/home/uvi/be/avs/cancer_genes_selection/genes/PAX8/tree/PAX8_trimmed.raxml.bestModel
Bootstrap trees saved to: /mnt/lustre/scratch/home/uvi/be/avs/cancer_genes_selection/genes/PAX8/tree/PAX8_trimmed.raxml.bootstraps

Execution log saved to: /mnt/lustre/scratch/home/uvi/be/avs/cancer_genes_selection/genes/PAX8/tree/PAX8_trimmed.raxml.log

Analysis started: 26-Mar-2018 23:41:25 / finished: 26-Mar-2018 23:57:09

Elapsed time: 943.781 seconds

