
RAxML-NG v. 0.5.1b BETA released on 01.12.2017 by The Exelixis Lab.
Authors: Alexey Kozlov, Alexandros Stamatakis, Diego Darriba, Tomas Flouri, Benoit Morel.
Latest version: https://github.com/amkozlov/raxml-ng
Questions/problems/suggestions? Please visit: https://groups.google.com/forum/#!forum/raxml

WARNING: This is a BETA release, please use at your own risk!

RAxML-NG was called as follows:

raxml-ng-mpi --all --msa /mnt/lustre/scratch/home/uvi/be/avs/cancer_genes_selection/genes/CTCF/align/CTCF_align_DNA_trimmed2.fasta --model GTR+G -tree pars{10} --bs-trees 100 --prefix /mnt/lustre/scratch/home/uvi/be/avs/cancer_genes_selection/genes/CTCF/tree/CTCF_trimmed --redo

Analysis options:
  run mode: ML tree search + bootstrapping
  start tree(s): parsimony (10)
  random seed: 1522089561
  tip-inner: ON
  pattern compression: ON
  per-rate scalers: OFF
  site repeats: OFF
  branch lengths: ML estimate (linked)
  SIMD kernels: AVX2
  parallelization: NONE/sequential

WARNING: Running in REDO mode: existing checkpoints are ignored, and all result files will be overwritten!

[00:00:00] Reading alignment from file: /mnt/lustre/scratch/home/uvi/be/avs/cancer_genes_selection/genes/CTCF/align/CTCF_align_DNA_trimmed2.fasta
[00:00:01] Loaded alignment with 30 taxa and 2184 sites

Alignment comprises 1 partitions and 660 patterns

Partition 0: noname
Model: GTR+FO+G4m
Alignment sites / patterns: 2184 / 660
Gaps: 2.34 %
Invariant sites: 67.77 %


[00:00:01] Generating parsimony starting tree(s) with 30 taxa
[00:00:01] Data distribution: partitions/thread: 1-1, patterns/thread: 660-660

Starting ML tree search with 10 distinct starting trees

[00:00:12] ML tree search #1, logLikelihood: -11399.900344
[00:00:23] ML tree search #2, logLikelihood: -11399.901063
[00:00:34] ML tree search #3, logLikelihood: -11399.900786
[00:00:44] ML tree search #4, logLikelihood: -11399.900874
[00:00:55] ML tree search #5, logLikelihood: -11399.900874
[00:01:05] ML tree search #6, logLikelihood: -11399.896572
[00:01:14] ML tree search #7, logLikelihood: -11399.896070
[00:01:22] ML tree search #8, logLikelihood: -11399.896265
[00:01:32] ML tree search #9, logLikelihood: -11399.900562
[00:01:43] ML tree search #10, logLikelihood: -11399.900981

[00:01:44] ML tree search completed, best tree logLH: -11399.896070

[00:01:44] Starting bootstrapping analysis with 100 replicates.

[00:01:54] Bootstrap tree #1, logLikelihood: -11462.657719
[00:02:03] Bootstrap tree #2, logLikelihood: -10733.650170
[00:02:14] Bootstrap tree #3, logLikelihood: -11787.097432
[00:02:26] Bootstrap tree #4, logLikelihood: -11175.778583
[00:02:35] Bootstrap tree #5, logLikelihood: -11363.250963
[00:02:46] Bootstrap tree #6, logLikelihood: -11119.868712
[00:02:55] Bootstrap tree #7, logLikelihood: -11763.410260
[00:03:05] Bootstrap tree #8, logLikelihood: -11362.765119
[00:03:16] Bootstrap tree #9, logLikelihood: -11330.048071
[00:03:26] Bootstrap tree #10, logLikelihood: -11243.538705
[00:03:36] Bootstrap tree #11, logLikelihood: -11183.331227
[00:03:47] Bootstrap tree #12, logLikelihood: -11010.490948
[00:03:56] Bootstrap tree #13, logLikelihood: -11414.429735
[00:04:06] Bootstrap tree #14, logLikelihood: -11054.760427
[00:04:17] Bootstrap tree #15, logLikelihood: -11092.253983
[00:04:30] Bootstrap tree #16, logLikelihood: -11743.454230
[00:04:39] Bootstrap tree #17, logLikelihood: -11501.225443
[00:04:54] Bootstrap tree #18, logLikelihood: -11179.163341
[00:05:06] Bootstrap tree #19, logLikelihood: -11088.609894
[00:05:18] Bootstrap tree #20, logLikelihood: -11652.444335
[00:05:29] Bootstrap tree #21, logLikelihood: -11399.431516
[00:05:39] Bootstrap tree #22, logLikelihood: -11365.949411
[00:05:49] Bootstrap tree #23, logLikelihood: -11480.431702
[00:05:58] Bootstrap tree #24, logLikelihood: -11561.685227
[00:06:08] Bootstrap tree #25, logLikelihood: -11339.886888
[00:06:18] Bootstrap tree #26, logLikelihood: -11127.666807
[00:06:28] Bootstrap tree #27, logLikelihood: -10948.742310
[00:06:38] Bootstrap tree #28, logLikelihood: -11209.013853
[00:06:47] Bootstrap tree #29, logLikelihood: -11362.514654
[00:06:57] Bootstrap tree #30, logLikelihood: -11176.925610
[00:07:08] Bootstrap tree #31, logLikelihood: -11432.741553
[00:07:19] Bootstrap tree #32, logLikelihood: -11844.079423
[00:07:28] Bootstrap tree #33, logLikelihood: -11530.338162
[00:07:37] Bootstrap tree #34, logLikelihood: -11708.062267
[00:07:47] Bootstrap tree #35, logLikelihood: -11151.401854
[00:07:55] Bootstrap tree #36, logLikelihood: -11091.881532
[00:08:05] Bootstrap tree #37, logLikelihood: -11513.177427
[00:08:16] Bootstrap tree #38, logLikelihood: -11373.827049
[00:08:27] Bootstrap tree #39, logLikelihood: -11114.200899
[00:08:37] Bootstrap tree #40, logLikelihood: -11454.332212
[00:08:47] Bootstrap tree #41, logLikelihood: -11742.831250
[00:08:57] Bootstrap tree #42, logLikelihood: -11738.920336
[00:09:10] Bootstrap tree #43, logLikelihood: -10893.327452
[00:09:20] Bootstrap tree #44, logLikelihood: -11069.517006
[00:09:31] Bootstrap tree #45, logLikelihood: -11582.392475
[00:09:41] Bootstrap tree #46, logLikelihood: -10893.536115
[00:09:54] Bootstrap tree #47, logLikelihood: -11099.301317
[00:10:05] Bootstrap tree #48, logLikelihood: -11704.907213
[00:10:14] Bootstrap tree #49, logLikelihood: -10832.730665
[00:10:24] Bootstrap tree #50, logLikelihood: -11237.495748
[00:10:35] Bootstrap tree #51, logLikelihood: -11504.339532
[00:10:46] Bootstrap tree #52, logLikelihood: -11253.280433
[00:10:57] Bootstrap tree #53, logLikelihood: -11141.220887
[00:11:09] Bootstrap tree #54, logLikelihood: -11215.398413
[00:11:22] Bootstrap tree #55, logLikelihood: -11180.831598
[00:11:32] Bootstrap tree #56, logLikelihood: -11276.484184
[00:11:43] Bootstrap tree #57, logLikelihood: -11423.307971
[00:11:56] Bootstrap tree #58, logLikelihood: -11199.659366
[00:12:08] Bootstrap tree #59, logLikelihood: -11497.127823
[00:12:19] Bootstrap tree #60, logLikelihood: -11223.461714
[00:12:30] Bootstrap tree #61, logLikelihood: -11510.274010
[00:12:43] Bootstrap tree #62, logLikelihood: -10596.736482
[00:12:54] Bootstrap tree #63, logLikelihood: -11253.567696
[00:13:05] Bootstrap tree #64, logLikelihood: -11681.166260
[00:13:17] Bootstrap tree #65, logLikelihood: -11393.371112
[00:13:28] Bootstrap tree #66, logLikelihood: -11029.925865
[00:13:41] Bootstrap tree #67, logLikelihood: -11388.905545
[00:13:53] Bootstrap tree #68, logLikelihood: -11598.596084
[00:14:04] Bootstrap tree #69, logLikelihood: -11747.979249
[00:14:16] Bootstrap tree #70, logLikelihood: -11496.270073
[00:14:30] Bootstrap tree #71, logLikelihood: -11610.920286
[00:14:43] Bootstrap tree #72, logLikelihood: -11324.930003
[00:14:56] Bootstrap tree #73, logLikelihood: -11487.318383
[00:15:10] Bootstrap tree #74, logLikelihood: -11126.696580
[00:15:21] Bootstrap tree #75, logLikelihood: -11294.604404
[00:15:34] Bootstrap tree #76, logLikelihood: -11067.655862
[00:15:45] Bootstrap tree #77, logLikelihood: -11923.118078
[00:15:56] Bootstrap tree #78, logLikelihood: -11560.771060
[00:16:06] Bootstrap tree #79, logLikelihood: -11267.460941
[00:16:18] Bootstrap tree #80, logLikelihood: -11383.713541
[00:16:30] Bootstrap tree #81, logLikelihood: -11627.031966
[00:16:42] Bootstrap tree #82, logLikelihood: -11178.936930
[00:16:54] Bootstrap tree #83, logLikelihood: -11545.643246
[00:17:06] Bootstrap tree #84, logLikelihood: -11264.274949
[00:17:21] Bootstrap tree #85, logLikelihood: -11906.333895
[00:17:33] Bootstrap tree #86, logLikelihood: -10865.590591
[00:17:45] Bootstrap tree #87, logLikelihood: -11395.624065
[00:17:55] Bootstrap tree #88, logLikelihood: -10991.619510
[00:18:11] Bootstrap tree #89, logLikelihood: -11573.349244
[00:18:22] Bootstrap tree #90, logLikelihood: -11424.951095
[00:18:36] Bootstrap tree #91, logLikelihood: -11409.545790
[00:18:48] Bootstrap tree #92, logLikelihood: -11486.857639
[00:18:59] Bootstrap tree #93, logLikelihood: -11566.100489
[00:19:12] Bootstrap tree #94, logLikelihood: -11326.908893
[00:19:25] Bootstrap tree #95, logLikelihood: -11570.606718
[00:19:35] Bootstrap tree #96, logLikelihood: -11330.163768
[00:19:50] Bootstrap tree #97, logLikelihood: -11416.276536
[00:20:03] Bootstrap tree #98, logLikelihood: -11012.377877
[00:20:16] Bootstrap tree #99, logLikelihood: -12028.660362
[00:20:27] Bootstrap tree #100, logLikelihood: -10568.267701

Optimized model parameters:

   Partition 0: noname
   Rate heterogeneity: GAMMA (4 cats, mean),  alpha: 0.199520 (ML),  weights&rates: (0.250000,0.000522) (0.250000,0.033499) (0.250000,0.382404) (0.250000,3.583575) 
   Base frequencies (ML): 0.332854 0.213710 0.241860 0.211576 
   Substitution rates (ML): 1.386232 5.048430 0.748226 0.743672 9.903716 1.000000 

Final LogLikelihood: -11399.896070

All ML trees saved to: /mnt/lustre/scratch/home/uvi/be/avs/cancer_genes_selection/genes/CTCF/tree/CTCF_trimmed.raxml.mlTrees
Best ML tree saved to: /mnt/lustre/scratch/home/uvi/be/avs/cancer_genes_selection/genes/CTCF/tree/CTCF_trimmed.raxml.bestTree
Best ML tree with bootstrap support values saved to: /mnt/lustre/scratch/home/uvi/be/avs/cancer_genes_selection/genes/CTCF/tree/CTCF_trimmed.raxml.support
Optimized model saved to: /mnt/lustre/scratch/home/uvi/be/avs/cancer_genes_selection/genes/CTCF/tree/CTCF_trimmed.raxml.bestModel
Bootstrap trees saved to: /mnt/lustre/scratch/home/uvi/be/avs/cancer_genes_selection/genes/CTCF/tree/CTCF_trimmed.raxml.bootstraps

Execution log saved to: /mnt/lustre/scratch/home/uvi/be/avs/cancer_genes_selection/genes/CTCF/tree/CTCF_trimmed.raxml.log

Analysis started: 26-Mar-2018 20:39:21 / finished: 26-Mar-2018 20:59:54

Elapsed time: 1233.062 seconds

