
RAxML-NG v. 0.5.1b BETA released on 01.12.2017 by The Exelixis Lab.
Authors: Alexey Kozlov, Alexandros Stamatakis, Diego Darriba, Tomas Flouri, Benoit Morel.
Latest version: https://github.com/amkozlov/raxml-ng
Questions/problems/suggestions? Please visit: https://groups.google.com/forum/#!forum/raxml

WARNING: This is a BETA release, please use at your own risk!

RAxML-NG was called as follows:

raxml-ng-mpi --all --msa /mnt/lustre/scratch/home/uvi/be/avs/cancer_genes_selection/genes/ACVR2A/align/ACVR2A_align_DNA_trimmed2.fasta --model GTR+G -tree pars{10} --bs-trees 100 --prefix /mnt/lustre/scratch/home/uvi/be/avs/cancer_genes_selection/genes/ACVR2A/tree/ACVR2A_trimmed --redo

Analysis options:
  run mode: ML tree search + bootstrapping
  start tree(s): parsimony (10)
  random seed: 1522085300
  tip-inner: ON
  pattern compression: ON
  per-rate scalers: OFF
  site repeats: OFF
  branch lengths: ML estimate (linked)
  SIMD kernels: AVX2
  parallelization: NONE/sequential

WARNING: Running in REDO mode: existing checkpoints are ignored, and all result files will be overwritten!

[00:00:01] Reading alignment from file: /mnt/lustre/scratch/home/uvi/be/avs/cancer_genes_selection/genes/ACVR2A/align/ACVR2A_align_DNA_trimmed2.fasta
[00:00:01] Loaded alignment with 27 taxa and 1542 sites

Alignment comprises 1 partitions and 466 patterns

Partition 0: noname
Model: GTR+FO+G4m
Alignment sites / patterns: 1542 / 466
Gaps: 1.61 %
Invariant sites: 66.08 %


[00:00:02] Generating parsimony starting tree(s) with 27 taxa
[00:00:02] Data distribution: partitions/thread: 1-1, patterns/thread: 466-466

Starting ML tree search with 10 distinct starting trees

[00:00:08] ML tree search #1, logLikelihood: -7478.875657
[00:00:14] ML tree search #2, logLikelihood: -7478.875687
[00:00:19] ML tree search #3, logLikelihood: -7478.875529
[00:00:23] ML tree search #4, logLikelihood: -7478.875585
[00:00:29] ML tree search #5, logLikelihood: -7480.682424
[00:00:34] ML tree search #6, logLikelihood: -7478.875783
[00:00:40] ML tree search #7, logLikelihood: -7478.875695
[00:00:46] ML tree search #8, logLikelihood: -7478.875573
[00:00:53] ML tree search #9, logLikelihood: -7478.875714
[00:01:00] ML tree search #10, logLikelihood: -7478.875556

[00:01:00] ML tree search completed, best tree logLH: -7478.875529

[00:01:00] Starting bootstrapping analysis with 100 replicates.

[00:01:07] Bootstrap tree #1, logLikelihood: -7161.224628
[00:01:13] Bootstrap tree #2, logLikelihood: -7149.571302
[00:01:20] Bootstrap tree #3, logLikelihood: -7412.321764
[00:01:28] Bootstrap tree #4, logLikelihood: -7539.109061
[00:01:35] Bootstrap tree #5, logLikelihood: -7431.961890
[00:01:42] Bootstrap tree #6, logLikelihood: -7540.160398
[00:01:49] Bootstrap tree #7, logLikelihood: -7509.675436
[00:01:56] Bootstrap tree #8, logLikelihood: -7579.541254
[00:02:03] Bootstrap tree #9, logLikelihood: -6949.943629
[00:02:09] Bootstrap tree #10, logLikelihood: -7473.884113
[00:02:17] Bootstrap tree #11, logLikelihood: -7016.508319
[00:02:25] Bootstrap tree #12, logLikelihood: -7522.586243
[00:02:32] Bootstrap tree #13, logLikelihood: -7510.548123
[00:02:39] Bootstrap tree #14, logLikelihood: -7684.909997
[00:02:46] Bootstrap tree #15, logLikelihood: -7785.990356
[00:02:54] Bootstrap tree #16, logLikelihood: -7647.454616
[00:03:01] Bootstrap tree #17, logLikelihood: -7434.013229
[00:03:09] Bootstrap tree #18, logLikelihood: -7262.048703
[00:03:17] Bootstrap tree #19, logLikelihood: -7590.046710
[00:03:24] Bootstrap tree #20, logLikelihood: -7179.965338
[00:03:32] Bootstrap tree #21, logLikelihood: -7597.483735
[00:03:40] Bootstrap tree #22, logLikelihood: -7426.311086
[00:03:47] Bootstrap tree #23, logLikelihood: -7569.772933
[00:03:54] Bootstrap tree #24, logLikelihood: -7579.030608
[00:04:03] Bootstrap tree #25, logLikelihood: -7532.129370
[00:04:13] Bootstrap tree #26, logLikelihood: -7651.493358
[00:04:20] Bootstrap tree #27, logLikelihood: -7388.771645
[00:04:28] Bootstrap tree #28, logLikelihood: -7207.766201
[00:04:37] Bootstrap tree #29, logLikelihood: -7327.798058
[00:04:43] Bootstrap tree #30, logLikelihood: -7418.530104
[00:04:50] Bootstrap tree #31, logLikelihood: -7606.527913
[00:04:59] Bootstrap tree #32, logLikelihood: -7435.261808
[00:05:07] Bootstrap tree #33, logLikelihood: -7508.598513
[00:05:17] Bootstrap tree #34, logLikelihood: -7711.944121
[00:05:28] Bootstrap tree #35, logLikelihood: -7275.570224
[00:05:37] Bootstrap tree #36, logLikelihood: -7142.510665
[00:05:47] Bootstrap tree #37, logLikelihood: -7312.778471
[00:05:55] Bootstrap tree #38, logLikelihood: -7552.455509
[00:06:04] Bootstrap tree #39, logLikelihood: -7401.807942
[00:06:12] Bootstrap tree #40, logLikelihood: -7298.078440
[00:06:20] Bootstrap tree #41, logLikelihood: -7631.146025
[00:06:30] Bootstrap tree #42, logLikelihood: -7343.504013
[00:06:38] Bootstrap tree #43, logLikelihood: -7369.805176
[00:06:50] Bootstrap tree #44, logLikelihood: -7290.816564
[00:07:01] Bootstrap tree #45, logLikelihood: -7063.801993
[00:07:11] Bootstrap tree #46, logLikelihood: -7559.280274
[00:07:20] Bootstrap tree #47, logLikelihood: -7530.568394
[00:07:29] Bootstrap tree #48, logLikelihood: -7320.340086
[00:07:40] Bootstrap tree #49, logLikelihood: -7356.445344
[00:07:52] Bootstrap tree #50, logLikelihood: -7648.023523
[00:08:01] Bootstrap tree #51, logLikelihood: -7609.606734
[00:08:10] Bootstrap tree #52, logLikelihood: -7553.338042
[00:08:19] Bootstrap tree #53, logLikelihood: -7449.792463
[00:08:28] Bootstrap tree #54, logLikelihood: -7608.244442
[00:08:37] Bootstrap tree #55, logLikelihood: -7176.265082
[00:08:46] Bootstrap tree #56, logLikelihood: -7382.876040
[00:08:54] Bootstrap tree #57, logLikelihood: -7106.780187
[00:09:04] Bootstrap tree #58, logLikelihood: -7452.784825
[00:09:13] Bootstrap tree #59, logLikelihood: -7397.299496
[00:09:25] Bootstrap tree #60, logLikelihood: -7589.441318
[00:09:34] Bootstrap tree #61, logLikelihood: -7582.309144
[00:09:44] Bootstrap tree #62, logLikelihood: -7342.502078
[00:09:55] Bootstrap tree #63, logLikelihood: -7616.231759
[00:10:07] Bootstrap tree #64, logLikelihood: -7330.911267
[00:10:16] Bootstrap tree #65, logLikelihood: -6953.345864
[00:10:27] Bootstrap tree #66, logLikelihood: -7485.411023
[00:10:37] Bootstrap tree #67, logLikelihood: -7443.707855
[00:10:46] Bootstrap tree #68, logLikelihood: -7427.154077
[00:10:55] Bootstrap tree #69, logLikelihood: -7629.500070
[00:11:08] Bootstrap tree #70, logLikelihood: -7406.101070
[00:11:18] Bootstrap tree #71, logLikelihood: -7591.121268
[00:11:28] Bootstrap tree #72, logLikelihood: -7385.838764
[00:11:39] Bootstrap tree #73, logLikelihood: -7506.272954
[00:11:49] Bootstrap tree #74, logLikelihood: -7508.910129
[00:11:59] Bootstrap tree #75, logLikelihood: -7409.370542
[00:12:09] Bootstrap tree #76, logLikelihood: -7757.299996
[00:12:19] Bootstrap tree #77, logLikelihood: -7697.213744
[00:12:30] Bootstrap tree #78, logLikelihood: -7575.029689
[00:12:41] Bootstrap tree #79, logLikelihood: -7484.882098
[00:12:52] Bootstrap tree #80, logLikelihood: -7341.069276
[00:13:01] Bootstrap tree #81, logLikelihood: -7482.625510
[00:13:12] Bootstrap tree #82, logLikelihood: -7376.458357
[00:13:21] Bootstrap tree #83, logLikelihood: -7417.496719
[00:13:32] Bootstrap tree #84, logLikelihood: -7279.238647
[00:13:42] Bootstrap tree #85, logLikelihood: -7448.584811
[00:13:53] Bootstrap tree #86, logLikelihood: -7367.989785
[00:14:03] Bootstrap tree #87, logLikelihood: -7860.692861
[00:14:13] Bootstrap tree #88, logLikelihood: -7678.820732
[00:14:22] Bootstrap tree #89, logLikelihood: -7627.751894
[00:14:32] Bootstrap tree #90, logLikelihood: -7491.255442
[00:14:44] Bootstrap tree #91, logLikelihood: -7501.191659
[00:14:54] Bootstrap tree #92, logLikelihood: -7636.171495
[00:15:04] Bootstrap tree #93, logLikelihood: -7545.751907
[00:15:16] Bootstrap tree #94, logLikelihood: -7525.126088
[00:15:25] Bootstrap tree #95, logLikelihood: -7437.378793
[00:15:35] Bootstrap tree #96, logLikelihood: -7333.381961
[00:15:45] Bootstrap tree #97, logLikelihood: -7310.311752
[00:15:54] Bootstrap tree #98, logLikelihood: -7575.446846
[00:16:06] Bootstrap tree #99, logLikelihood: -7079.620781
[00:16:18] Bootstrap tree #100, logLikelihood: -7355.743985

Optimized model parameters:

   Partition 0: noname
   Rate heterogeneity: GAMMA (4 cats, mean),  alpha: 0.279266 (ML),  weights&rates: (0.250000,0.003764) (0.250000,0.088497) (0.250000,0.559283) (0.250000,3.348456) 
   Base frequencies (ML): 0.312936 0.188097 0.227266 0.271701 
   Substitution rates (ML): 1.726897 7.017026 1.282967 1.566142 11.465169 1.000000 

Final LogLikelihood: -7478.875529

All ML trees saved to: /mnt/lustre/scratch/home/uvi/be/avs/cancer_genes_selection/genes/ACVR2A/tree/ACVR2A_trimmed.raxml.mlTrees
Best ML tree saved to: /mnt/lustre/scratch/home/uvi/be/avs/cancer_genes_selection/genes/ACVR2A/tree/ACVR2A_trimmed.raxml.bestTree
Best ML tree with bootstrap support values saved to: /mnt/lustre/scratch/home/uvi/be/avs/cancer_genes_selection/genes/ACVR2A/tree/ACVR2A_trimmed.raxml.support
Optimized model saved to: /mnt/lustre/scratch/home/uvi/be/avs/cancer_genes_selection/genes/ACVR2A/tree/ACVR2A_trimmed.raxml.bestModel
Bootstrap trees saved to: /mnt/lustre/scratch/home/uvi/be/avs/cancer_genes_selection/genes/ACVR2A/tree/ACVR2A_trimmed.raxml.bootstraps

Execution log saved to: /mnt/lustre/scratch/home/uvi/be/avs/cancer_genes_selection/genes/ACVR2A/tree/ACVR2A_trimmed.raxml.log

Analysis started: 26-Mar-2018 19:28:20 / finished: 26-Mar-2018 19:44:42

Elapsed time: 982.265 seconds

