
RAxML-NG v. 0.5.1b BETA released on 01.12.2017 by The Exelixis Lab.
Authors: Alexey Kozlov, Alexandros Stamatakis, Diego Darriba, Tomas Flouri, Benoit Morel.
Latest version: https://github.com/amkozlov/raxml-ng
Questions/problems/suggestions? Please visit: https://groups.google.com/forum/#!forum/raxml

WARNING: This is a BETA release, please use at your own risk!

RAxML-NG was called as follows:

raxml-ng-mpi --all --msa /mnt/lustre/scratch/home/uvi/be/avs/cancer_genes_selection/genes/EZH2/align/EZH2_align_DNA_trimmed2.fasta --model GTR+G -tree pars{10} --bs-trees 100 --prefix /mnt/lustre/scratch/home/uvi/be/avs/cancer_genes_selection/genes/EZH2/tree/EZH2_trimmed --redo

Analysis options:
  run mode: ML tree search + bootstrapping
  start tree(s): parsimony (10)
  random seed: 1522092175
  tip-inner: ON
  pattern compression: ON
  per-rate scalers: OFF
  site repeats: OFF
  branch lengths: ML estimate (linked)
  SIMD kernels: AVX2
  parallelization: NONE/sequential

WARNING: Running in REDO mode: existing checkpoints are ignored, and all result files will be overwritten!

[00:00:00] Reading alignment from file: /mnt/lustre/scratch/home/uvi/be/avs/cancer_genes_selection/genes/EZH2/align/EZH2_align_DNA_trimmed2.fasta
[00:00:01] Loaded alignment with 28 taxa and 2241 sites

Alignment comprises 1 partitions and 777 patterns

Partition 0: noname
Model: GTR+FO+G4m
Alignment sites / patterns: 2241 / 777
Gaps: 2.15 %
Invariant sites: 63.77 %


[00:00:01] Generating parsimony starting tree(s) with 28 taxa
[00:00:01] Data distribution: partitions/thread: 1-1, patterns/thread: 777-777

Starting ML tree search with 10 distinct starting trees

[00:00:08] ML tree search #1, logLikelihood: -14258.942184
[00:00:16] ML tree search #2, logLikelihood: -14258.941815
[00:00:24] ML tree search #3, logLikelihood: -14258.941627
[00:00:33] ML tree search #4, logLikelihood: -14259.852101
[00:00:42] ML tree search #5, logLikelihood: -14258.941732
[00:00:50] ML tree search #6, logLikelihood: -14258.941379
[00:00:59] ML tree search #7, logLikelihood: -14258.941411
[00:01:08] ML tree search #8, logLikelihood: -14258.941844
[00:01:16] ML tree search #9, logLikelihood: -14259.851820
[00:01:24] ML tree search #10, logLikelihood: -14258.941727

[00:01:25] ML tree search completed, best tree logLH: -14258.941379

[00:01:25] Starting bootstrapping analysis with 100 replicates.

[00:01:35] Bootstrap tree #1, logLikelihood: -14170.440260
[00:01:46] Bootstrap tree #2, logLikelihood: -14422.515466
[00:01:56] Bootstrap tree #3, logLikelihood: -14045.987132
[00:02:06] Bootstrap tree #4, logLikelihood: -13410.385214
[00:02:17] Bootstrap tree #5, logLikelihood: -14618.286094
[00:02:28] Bootstrap tree #6, logLikelihood: -14221.996924
[00:02:39] Bootstrap tree #7, logLikelihood: -14205.804095
[00:02:50] Bootstrap tree #8, logLikelihood: -14542.583228
[00:02:59] Bootstrap tree #9, logLikelihood: -13977.423943
[00:03:10] Bootstrap tree #10, logLikelihood: -13999.708628
[00:03:19] Bootstrap tree #11, logLikelihood: -14477.926869
[00:03:28] Bootstrap tree #12, logLikelihood: -14146.719879
[00:03:37] Bootstrap tree #13, logLikelihood: -14397.086670
[00:03:47] Bootstrap tree #14, logLikelihood: -15009.398830
[00:03:57] Bootstrap tree #15, logLikelihood: -14216.521576
[00:04:08] Bootstrap tree #16, logLikelihood: -14613.724008
[00:04:18] Bootstrap tree #17, logLikelihood: -14141.601077
[00:04:28] Bootstrap tree #18, logLikelihood: -14606.270649
[00:04:40] Bootstrap tree #19, logLikelihood: -14065.307437
[00:04:50] Bootstrap tree #20, logLikelihood: -14383.067343
[00:04:59] Bootstrap tree #21, logLikelihood: -14114.156269
[00:05:10] Bootstrap tree #22, logLikelihood: -14385.242887
[00:05:20] Bootstrap tree #23, logLikelihood: -14218.802504
[00:05:30] Bootstrap tree #24, logLikelihood: -15498.256409
[00:05:41] Bootstrap tree #25, logLikelihood: -14174.970118
[00:05:50] Bootstrap tree #26, logLikelihood: -14780.144613
[00:06:02] Bootstrap tree #27, logLikelihood: -13796.373622
[00:06:14] Bootstrap tree #28, logLikelihood: -14283.037885
[00:06:24] Bootstrap tree #29, logLikelihood: -14348.878679
[00:06:35] Bootstrap tree #30, logLikelihood: -13670.538113
[00:06:44] Bootstrap tree #31, logLikelihood: -13541.676559
[00:06:54] Bootstrap tree #32, logLikelihood: -13921.095820
[00:07:05] Bootstrap tree #33, logLikelihood: -14098.913235
[00:07:14] Bootstrap tree #34, logLikelihood: -14402.747588
[00:07:24] Bootstrap tree #35, logLikelihood: -13866.799986
[00:07:33] Bootstrap tree #36, logLikelihood: -13640.574055
[00:07:46] Bootstrap tree #37, logLikelihood: -14765.704594
[00:07:56] Bootstrap tree #38, logLikelihood: -13785.863927
[00:08:05] Bootstrap tree #39, logLikelihood: -14604.301075
[00:08:15] Bootstrap tree #40, logLikelihood: -14230.066644
[00:08:26] Bootstrap tree #41, logLikelihood: -13390.139306
[00:08:36] Bootstrap tree #42, logLikelihood: -14472.555300
[00:08:46] Bootstrap tree #43, logLikelihood: -14002.611157
[00:08:55] Bootstrap tree #44, logLikelihood: -14268.244449
[00:09:06] Bootstrap tree #45, logLikelihood: -14231.168416
[00:09:16] Bootstrap tree #46, logLikelihood: -14049.287234
[00:09:27] Bootstrap tree #47, logLikelihood: -14158.339667
[00:09:36] Bootstrap tree #48, logLikelihood: -13914.580909
[00:09:48] Bootstrap tree #49, logLikelihood: -14669.782404
[00:09:59] Bootstrap tree #50, logLikelihood: -14334.182679
[00:10:09] Bootstrap tree #51, logLikelihood: -14392.395561
[00:10:19] Bootstrap tree #52, logLikelihood: -14511.897451
[00:10:28] Bootstrap tree #53, logLikelihood: -13879.792515
[00:10:38] Bootstrap tree #54, logLikelihood: -14345.723384
[00:10:48] Bootstrap tree #55, logLikelihood: -14046.129854
[00:10:59] Bootstrap tree #56, logLikelihood: -14148.414213
[00:11:09] Bootstrap tree #57, logLikelihood: -13998.697355
[00:11:20] Bootstrap tree #58, logLikelihood: -14504.489998
[00:11:31] Bootstrap tree #59, logLikelihood: -13949.007571
[00:11:42] Bootstrap tree #60, logLikelihood: -14071.551149
[00:11:52] Bootstrap tree #61, logLikelihood: -13809.154732
[00:12:02] Bootstrap tree #62, logLikelihood: -14154.592177
[00:12:14] Bootstrap tree #63, logLikelihood: -14642.825465
[00:12:24] Bootstrap tree #64, logLikelihood: -14171.418587
[00:12:36] Bootstrap tree #65, logLikelihood: -14038.740219
[00:12:48] Bootstrap tree #66, logLikelihood: -14036.872451
[00:12:59] Bootstrap tree #67, logLikelihood: -13993.724097
[00:13:09] Bootstrap tree #68, logLikelihood: -14033.846556
[00:13:20] Bootstrap tree #69, logLikelihood: -14427.663998
[00:13:32] Bootstrap tree #70, logLikelihood: -14458.630827
[00:13:42] Bootstrap tree #71, logLikelihood: -13778.797673
[00:13:51] Bootstrap tree #72, logLikelihood: -14715.845118
[00:14:03] Bootstrap tree #73, logLikelihood: -14480.468689
[00:14:13] Bootstrap tree #74, logLikelihood: -14079.582521
[00:14:22] Bootstrap tree #75, logLikelihood: -14420.155125
[00:14:32] Bootstrap tree #76, logLikelihood: -14065.386311
[00:14:43] Bootstrap tree #77, logLikelihood: -14202.923135
[00:14:54] Bootstrap tree #78, logLikelihood: -14565.101184
[00:15:07] Bootstrap tree #79, logLikelihood: -14592.462682
[00:15:19] Bootstrap tree #80, logLikelihood: -14389.281622
[00:15:30] Bootstrap tree #81, logLikelihood: -14448.398903
[00:15:39] Bootstrap tree #82, logLikelihood: -14803.347243
[00:15:49] Bootstrap tree #83, logLikelihood: -13649.393894
[00:16:00] Bootstrap tree #84, logLikelihood: -14187.773090
[00:16:11] Bootstrap tree #85, logLikelihood: -14146.284749
[00:16:23] Bootstrap tree #86, logLikelihood: -14337.448586
[00:16:35] Bootstrap tree #87, logLikelihood: -14226.149501
[00:16:45] Bootstrap tree #88, logLikelihood: -14560.977508
[00:16:59] Bootstrap tree #89, logLikelihood: -13971.679487
[00:17:11] Bootstrap tree #90, logLikelihood: -14545.972785
[00:17:21] Bootstrap tree #91, logLikelihood: -14004.886502
[00:17:34] Bootstrap tree #92, logLikelihood: -14295.916776
[00:17:45] Bootstrap tree #93, logLikelihood: -13978.575601
[00:17:57] Bootstrap tree #94, logLikelihood: -14193.401766
[00:18:09] Bootstrap tree #95, logLikelihood: -14924.756715
[00:18:20] Bootstrap tree #96, logLikelihood: -14271.513839
[00:18:31] Bootstrap tree #97, logLikelihood: -14460.742240
[00:18:42] Bootstrap tree #98, logLikelihood: -14147.086332
[00:18:54] Bootstrap tree #99, logLikelihood: -13919.863295
[00:19:07] Bootstrap tree #100, logLikelihood: -14186.165602

Optimized model parameters:

   Partition 0: noname
   Rate heterogeneity: GAMMA (4 cats, mean),  alpha: 0.228756 (ML),  weights&rates: (0.250000,0.001265) (0.250000,0.051837) (0.250000,0.454496) (0.250000,3.492403) 
   Base frequencies (ML): 0.285420 0.242495 0.255473 0.216611 
   Substitution rates (ML): 1.601999 5.851520 1.058609 1.338237 11.130148 1.000000 

Final LogLikelihood: -14258.941379

All ML trees saved to: /mnt/lustre/scratch/home/uvi/be/avs/cancer_genes_selection/genes/EZH2/tree/EZH2_trimmed.raxml.mlTrees
Best ML tree saved to: /mnt/lustre/scratch/home/uvi/be/avs/cancer_genes_selection/genes/EZH2/tree/EZH2_trimmed.raxml.bestTree
Best ML tree with bootstrap support values saved to: /mnt/lustre/scratch/home/uvi/be/avs/cancer_genes_selection/genes/EZH2/tree/EZH2_trimmed.raxml.support
Optimized model saved to: /mnt/lustre/scratch/home/uvi/be/avs/cancer_genes_selection/genes/EZH2/tree/EZH2_trimmed.raxml.bestModel
Bootstrap trees saved to: /mnt/lustre/scratch/home/uvi/be/avs/cancer_genes_selection/genes/EZH2/tree/EZH2_trimmed.raxml.bootstraps

Execution log saved to: /mnt/lustre/scratch/home/uvi/be/avs/cancer_genes_selection/genes/EZH2/tree/EZH2_trimmed.raxml.log

Analysis started: 26-Mar-2018 21:22:55 / finished: 26-Mar-2018 21:42:08

Elapsed time: 1153.154 seconds

