
RAxML-NG v. 0.5.1b BETA released on 01.12.2017 by The Exelixis Lab.
Authors: Alexey Kozlov, Alexandros Stamatakis, Diego Darriba, Tomas Flouri, Benoit Morel.
Latest version: https://github.com/amkozlov/raxml-ng
Questions/problems/suggestions? Please visit: https://groups.google.com/forum/#!forum/raxml

WARNING: This is a BETA release, please use at your own risk!

RAxML-NG was called as follows:

raxml-ng-mpi --all --msa /mnt/lustre/scratch/home/uvi/be/avs/cancer_genes_selection/genes/NR4A3/align/NR4A3_align_DNA_trimmed.fasta --model GTR+G -tree pars{10} --bs-trees 100 --prefix /mnt/lustre/scratch/home/uvi/be/avs/cancer_genes_selection/genes/NR4A3/tree/NR4A3 --redo

Analysis options:
  run mode: ML tree search + bootstrapping
  start tree(s): parsimony (10)
  random seed: 1521664742
  tip-inner: ON
  pattern compression: ON
  per-rate scalers: OFF
  site repeats: OFF
  branch lengths: ML estimate (linked)
  SIMD kernels: AVX2
  parallelization: NONE/sequential

WARNING: Running in REDO mode: existing checkpoints are ignored, and all result files will be overwritten!

[00:00:00] Reading alignment from file: /mnt/lustre/scratch/home/uvi/be/avs/cancer_genes_selection/genes/NR4A3/align/NR4A3_align_DNA_trimmed.fasta
[00:00:00] Loaded alignment with 31 taxa and 1893 sites

Alignment comprises 1 partitions and 1031 patterns

Partition 0: noname
Model: GTR+FO+G4m
Alignment sites / patterns: 1893 / 1031
Gaps: 8.75 %
Invariant sites: 45.06 %


[00:00:01] Generating parsimony starting tree(s) with 31 taxa
[00:00:01] Data distribution: partitions/thread: 1-1, patterns/thread: 1031-1031

Starting ML tree search with 10 distinct starting trees

[00:00:11] ML tree search #1, logLikelihood: -15782.717715
[00:00:21] ML tree search #2, logLikelihood: -15782.058611
[00:00:32] ML tree search #3, logLikelihood: -15782.720354
[00:00:40] ML tree search #4, logLikelihood: -15782.059928
[00:00:49] ML tree search #5, logLikelihood: -15782.061822
[00:00:59] ML tree search #6, logLikelihood: -15782.058749
[00:01:08] ML tree search #7, logLikelihood: -15782.060269
[00:01:19] ML tree search #8, logLikelihood: -15782.060417
[00:01:27] ML tree search #9, logLikelihood: -15782.061577
[00:01:37] ML tree search #10, logLikelihood: -15782.710137

[00:01:38] ML tree search completed, best tree logLH: -15782.058611

[00:01:38] Starting bootstrapping analysis with 100 replicates.

[00:01:47] Bootstrap tree #1, logLikelihood: -15334.241388
[00:01:58] Bootstrap tree #2, logLikelihood: -15972.212803
[00:02:08] Bootstrap tree #3, logLikelihood: -15516.898400
[00:02:17] Bootstrap tree #4, logLikelihood: -15502.310679
[00:02:28] Bootstrap tree #5, logLikelihood: -16314.381670
[00:02:38] Bootstrap tree #6, logLikelihood: -16235.003484
[00:02:50] Bootstrap tree #7, logLikelihood: -15111.267767
[00:03:00] Bootstrap tree #8, logLikelihood: -15848.382662
[00:03:09] Bootstrap tree #9, logLikelihood: -15637.016382
[00:03:20] Bootstrap tree #10, logLikelihood: -15623.339369
[00:03:30] Bootstrap tree #11, logLikelihood: -16434.143828
[00:03:41] Bootstrap tree #12, logLikelihood: -15940.784232
[00:03:50] Bootstrap tree #13, logLikelihood: -15104.754758
[00:04:03] Bootstrap tree #14, logLikelihood: -15306.824766
[00:04:13] Bootstrap tree #15, logLikelihood: -16182.844368
[00:04:23] Bootstrap tree #16, logLikelihood: -15873.076422
[00:04:40] Bootstrap tree #17, logLikelihood: -15828.943801
[00:04:50] Bootstrap tree #18, logLikelihood: -16038.213766
[00:05:01] Bootstrap tree #19, logLikelihood: -15298.038009
[00:05:12] Bootstrap tree #20, logLikelihood: -16294.525357
[00:05:27] Bootstrap tree #21, logLikelihood: -15952.684116
[00:05:35] Bootstrap tree #22, logLikelihood: -15852.322597
[00:05:47] Bootstrap tree #23, logLikelihood: -15573.196175
[00:05:57] Bootstrap tree #24, logLikelihood: -16301.827481
[00:06:06] Bootstrap tree #25, logLikelihood: -16129.506220
[00:06:19] Bootstrap tree #26, logLikelihood: -15869.198296
[00:06:31] Bootstrap tree #27, logLikelihood: -15940.688202
[00:06:41] Bootstrap tree #28, logLikelihood: -15369.974105
[00:06:52] Bootstrap tree #29, logLikelihood: -15962.351279
[00:07:01] Bootstrap tree #30, logLikelihood: -15895.736638
[00:07:12] Bootstrap tree #31, logLikelihood: -15535.999698
[00:07:22] Bootstrap tree #32, logLikelihood: -15087.884817
[00:07:34] Bootstrap tree #33, logLikelihood: -15712.173496
[00:07:44] Bootstrap tree #34, logLikelihood: -15843.642443
[00:07:55] Bootstrap tree #35, logLikelihood: -16043.797411
[00:08:07] Bootstrap tree #36, logLikelihood: -15690.579265
[00:08:18] Bootstrap tree #37, logLikelihood: -15658.954767
[00:08:30] Bootstrap tree #38, logLikelihood: -15962.717270
[00:08:40] Bootstrap tree #39, logLikelihood: -15567.859555
[00:08:51] Bootstrap tree #40, logLikelihood: -15626.981226
[00:09:04] Bootstrap tree #41, logLikelihood: -15320.808170
[00:09:16] Bootstrap tree #42, logLikelihood: -15445.234899
[00:09:28] Bootstrap tree #43, logLikelihood: -15837.754477
[00:09:38] Bootstrap tree #44, logLikelihood: -14963.588609
[00:09:50] Bootstrap tree #45, logLikelihood: -15420.849059
[00:10:00] Bootstrap tree #46, logLikelihood: -15298.754204
[00:10:11] Bootstrap tree #47, logLikelihood: -15817.779061
[00:10:23] Bootstrap tree #48, logLikelihood: -15698.824639
[00:10:35] Bootstrap tree #49, logLikelihood: -16005.318225
[00:10:47] Bootstrap tree #50, logLikelihood: -15737.593078
[00:10:57] Bootstrap tree #51, logLikelihood: -15832.724587
[00:11:07] Bootstrap tree #52, logLikelihood: -15502.361560
[00:11:18] Bootstrap tree #53, logLikelihood: -15514.148709
[00:11:31] Bootstrap tree #54, logLikelihood: -15629.584760
[00:11:42] Bootstrap tree #55, logLikelihood: -15840.413622
[00:11:55] Bootstrap tree #56, logLikelihood: -15751.958287
[00:12:06] Bootstrap tree #57, logLikelihood: -15997.489036
[00:12:18] Bootstrap tree #58, logLikelihood: -16429.900877
[00:12:37] Bootstrap tree #59, logLikelihood: -16183.328458
[00:12:57] Bootstrap tree #60, logLikelihood: -15934.156498
[00:13:10] Bootstrap tree #61, logLikelihood: -15274.688033
[00:13:21] Bootstrap tree #62, logLikelihood: -16118.784948
[00:13:32] Bootstrap tree #63, logLikelihood: -15611.848842
[00:13:46] Bootstrap tree #64, logLikelihood: -15715.775978
[00:14:00] Bootstrap tree #65, logLikelihood: -15727.028462
[00:14:13] Bootstrap tree #66, logLikelihood: -15958.165512
[00:14:27] Bootstrap tree #67, logLikelihood: -16129.815821
[00:14:37] Bootstrap tree #68, logLikelihood: -15676.558769
[00:14:51] Bootstrap tree #69, logLikelihood: -16030.344949
[00:15:03] Bootstrap tree #70, logLikelihood: -15264.938352
[00:15:15] Bootstrap tree #71, logLikelihood: -16071.616232
[00:15:30] Bootstrap tree #72, logLikelihood: -15369.672547
[00:15:46] Bootstrap tree #73, logLikelihood: -15840.665501
[00:15:58] Bootstrap tree #74, logLikelihood: -15308.079763
[00:16:08] Bootstrap tree #75, logLikelihood: -15660.601426
[00:16:18] Bootstrap tree #76, logLikelihood: -15538.003708
[00:16:32] Bootstrap tree #77, logLikelihood: -16273.532501
[00:16:44] Bootstrap tree #78, logLikelihood: -15464.637371
[00:16:55] Bootstrap tree #79, logLikelihood: -14729.408061
[00:17:06] Bootstrap tree #80, logLikelihood: -16324.096706
[00:17:19] Bootstrap tree #81, logLikelihood: -15673.073183
[00:17:31] Bootstrap tree #82, logLikelihood: -15930.744810
[00:17:41] Bootstrap tree #83, logLikelihood: -15499.426276
[00:17:51] Bootstrap tree #84, logLikelihood: -15699.020259
[00:18:04] Bootstrap tree #85, logLikelihood: -15740.769543
[00:18:18] Bootstrap tree #86, logLikelihood: -16036.137665
[00:18:27] Bootstrap tree #87, logLikelihood: -15640.178779
[00:18:42] Bootstrap tree #88, logLikelihood: -16184.394320
[00:18:56] Bootstrap tree #89, logLikelihood: -15919.597885
[00:19:06] Bootstrap tree #90, logLikelihood: -16026.486976
[00:19:20] Bootstrap tree #91, logLikelihood: -15859.628721
[00:19:33] Bootstrap tree #92, logLikelihood: -15478.478595
[00:19:50] Bootstrap tree #93, logLikelihood: -15457.632770
[00:20:01] Bootstrap tree #94, logLikelihood: -15953.080958
[00:20:13] Bootstrap tree #95, logLikelihood: -15639.270954
[00:20:25] Bootstrap tree #96, logLikelihood: -16149.833102
[00:20:39] Bootstrap tree #97, logLikelihood: -15248.274520
[00:20:53] Bootstrap tree #98, logLikelihood: -15271.102122
[00:21:07] Bootstrap tree #99, logLikelihood: -16038.989654
[00:21:21] Bootstrap tree #100, logLikelihood: -15561.836690

Optimized model parameters:

   Partition 0: noname
   Rate heterogeneity: GAMMA (4 cats, mean),  alpha: 0.452489 (ML),  weights&rates: (0.250000,0.024957) (0.250000,0.219772) (0.250000,0.782364) (0.250000,2.972907) 
   Base frequencies (ML): 0.218171 0.319922 0.251405 0.210501 
   Substitution rates (ML): 0.984301 3.047018 0.692278 0.949873 2.700291 1.000000 

Final LogLikelihood: -15782.058611

All ML trees saved to: /mnt/lustre/scratch/home/uvi/be/avs/cancer_genes_selection/genes/NR4A3/tree/NR4A3.raxml.mlTrees
Best ML tree saved to: /mnt/lustre/scratch/home/uvi/be/avs/cancer_genes_selection/genes/NR4A3/tree/NR4A3.raxml.bestTree
Best ML tree with bootstrap support values saved to: /mnt/lustre/scratch/home/uvi/be/avs/cancer_genes_selection/genes/NR4A3/tree/NR4A3.raxml.support
Optimized model saved to: /mnt/lustre/scratch/home/uvi/be/avs/cancer_genes_selection/genes/NR4A3/tree/NR4A3.raxml.bestModel
Bootstrap trees saved to: /mnt/lustre/scratch/home/uvi/be/avs/cancer_genes_selection/genes/NR4A3/tree/NR4A3.raxml.bootstraps

Execution log saved to: /mnt/lustre/scratch/home/uvi/be/avs/cancer_genes_selection/genes/NR4A3/tree/NR4A3.raxml.log

Analysis started: 21-Mar-2018 21:39:02 / finished: 21-Mar-2018 22:00:27

Elapsed time: 1284.681 seconds

