
RAxML-NG v. 0.5.1b BETA released on 01.12.2017 by The Exelixis Lab.
Authors: Alexey Kozlov, Alexandros Stamatakis, Diego Darriba, Tomas Flouri, Benoit Morel.
Latest version: https://github.com/amkozlov/raxml-ng
Questions/problems/suggestions? Please visit: https://groups.google.com/forum/#!forum/raxml

WARNING: This is a BETA release, please use at your own risk!

RAxML-NG was called as follows:

raxml-ng-mpi --all --msa /mnt/lustre/scratch/home/uvi/be/avs/cancer_genes_selection/genes/DDX10/align/DDX10_align_DNA_trimmed2.fasta --model GTR+G -tree pars{10} --bs-trees 100 --prefix /mnt/lustre/scratch/home/uvi/be/avs/cancer_genes_selection/genes/DDX10/tree/DDX10_trimmed --redo

Analysis options:
  run mode: ML tree search + bootstrapping
  start tree(s): parsimony (10)
  random seed: 1522090042
  tip-inner: ON
  pattern compression: ON
  per-rate scalers: OFF
  site repeats: OFF
  branch lengths: ML estimate (linked)
  SIMD kernels: AVX2
  parallelization: NONE/sequential

WARNING: Running in REDO mode: existing checkpoints are ignored, and all result files will be overwritten!

[00:00:00] Reading alignment from file: /mnt/lustre/scratch/home/uvi/be/avs/cancer_genes_selection/genes/DDX10/align/DDX10_align_DNA_trimmed2.fasta
[00:00:01] Loaded alignment with 27 taxa and 2631 sites

Alignment comprises 1 partitions and 1303 patterns

Partition 0: noname
Model: GTR+FO+G4m
Alignment sites / patterns: 2631 / 1303
Gaps: 6.80 %
Invariant sites: 44.93 %


[00:00:01] Generating parsimony starting tree(s) with 27 taxa
[00:00:01] Data distribution: partitions/thread: 1-1, patterns/thread: 1303-1303

Starting ML tree search with 10 distinct starting trees

[00:00:13] ML tree search #1, logLikelihood: -21046.965903
[00:00:24] ML tree search #2, logLikelihood: -21046.966029
[00:00:36] ML tree search #3, logLikelihood: -21046.966310
[00:00:48] ML tree search #4, logLikelihood: -21046.966024
[00:01:00] ML tree search #5, logLikelihood: -21046.966241
[00:01:13] ML tree search #6, logLikelihood: -21046.964922
[00:01:24] ML tree search #7, logLikelihood: -21046.965356
[00:01:37] ML tree search #8, logLikelihood: -21046.966128
[00:01:48] ML tree search #9, logLikelihood: -21046.965967
[00:02:00] ML tree search #10, logLikelihood: -21046.965890

[00:02:00] ML tree search completed, best tree logLH: -21046.964922

[00:02:00] Starting bootstrapping analysis with 100 replicates.

[00:02:13] Bootstrap tree #1, logLikelihood: -21052.460029
[00:02:25] Bootstrap tree #2, logLikelihood: -21064.246504
[00:02:36] Bootstrap tree #3, logLikelihood: -21141.813171
[00:02:49] Bootstrap tree #4, logLikelihood: -20699.623579
[00:03:02] Bootstrap tree #5, logLikelihood: -21464.565186
[00:03:13] Bootstrap tree #6, logLikelihood: -21066.159389
[00:03:27] Bootstrap tree #7, logLikelihood: -20594.430518
[00:03:39] Bootstrap tree #8, logLikelihood: -21133.980428
[00:03:52] Bootstrap tree #9, logLikelihood: -21030.454338
[00:04:05] Bootstrap tree #10, logLikelihood: -21196.385040
[00:04:19] Bootstrap tree #11, logLikelihood: -21026.092330
[00:04:31] Bootstrap tree #12, logLikelihood: -20850.111710
[00:04:43] Bootstrap tree #13, logLikelihood: -21396.580887
[00:04:56] Bootstrap tree #14, logLikelihood: -21010.367883
[00:05:08] Bootstrap tree #15, logLikelihood: -21156.540549
[00:05:20] Bootstrap tree #16, logLikelihood: -21628.885723
[00:05:33] Bootstrap tree #17, logLikelihood: -20697.369077
[00:05:45] Bootstrap tree #18, logLikelihood: -20976.416872
[00:05:59] Bootstrap tree #19, logLikelihood: -21232.983686
[00:06:12] Bootstrap tree #20, logLikelihood: -21902.795056
[00:06:25] Bootstrap tree #21, logLikelihood: -21224.161715
[00:06:38] Bootstrap tree #22, logLikelihood: -20975.605237
[00:06:51] Bootstrap tree #23, logLikelihood: -22204.539534
[00:07:04] Bootstrap tree #24, logLikelihood: -20999.904554
[00:07:21] Bootstrap tree #25, logLikelihood: -21132.031049
[00:07:35] Bootstrap tree #26, logLikelihood: -21162.203000
[00:07:50] Bootstrap tree #27, logLikelihood: -20485.800794
[00:08:03] Bootstrap tree #28, logLikelihood: -20778.590497
[00:08:14] Bootstrap tree #29, logLikelihood: -20831.295811
[00:08:30] Bootstrap tree #30, logLikelihood: -20493.388312
[00:08:44] Bootstrap tree #31, logLikelihood: -20705.352357
[00:08:58] Bootstrap tree #32, logLikelihood: -20402.924393
[00:09:09] Bootstrap tree #33, logLikelihood: -20610.011690
[00:09:22] Bootstrap tree #34, logLikelihood: -20290.706478
[00:09:34] Bootstrap tree #35, logLikelihood: -21743.281757
[00:09:47] Bootstrap tree #36, logLikelihood: -21943.790714
[00:10:01] Bootstrap tree #37, logLikelihood: -21076.743514
[00:10:14] Bootstrap tree #38, logLikelihood: -21108.568643
[00:10:26] Bootstrap tree #39, logLikelihood: -21055.852662
[00:10:39] Bootstrap tree #40, logLikelihood: -21520.278209
[00:10:52] Bootstrap tree #41, logLikelihood: -20743.227149
[00:11:06] Bootstrap tree #42, logLikelihood: -20626.506389
[00:11:20] Bootstrap tree #43, logLikelihood: -21256.977605
[00:11:35] Bootstrap tree #44, logLikelihood: -20529.215728
[00:11:47] Bootstrap tree #45, logLikelihood: -20857.085892
[00:11:59] Bootstrap tree #46, logLikelihood: -21196.198856
[00:12:14] Bootstrap tree #47, logLikelihood: -20712.508788
[00:12:28] Bootstrap tree #48, logLikelihood: -21420.045585
[00:12:40] Bootstrap tree #49, logLikelihood: -20925.933721
[00:12:52] Bootstrap tree #50, logLikelihood: -21592.784773
[00:13:04] Bootstrap tree #51, logLikelihood: -21121.999405
[00:13:17] Bootstrap tree #52, logLikelihood: -20753.142888
[00:13:29] Bootstrap tree #53, logLikelihood: -21048.846843
[00:13:41] Bootstrap tree #54, logLikelihood: -20842.868333
[00:13:53] Bootstrap tree #55, logLikelihood: -21008.214002
[00:14:08] Bootstrap tree #56, logLikelihood: -21291.840882
[00:14:20] Bootstrap tree #57, logLikelihood: -21381.433909
[00:14:34] Bootstrap tree #58, logLikelihood: -20857.500929
[00:14:47] Bootstrap tree #59, logLikelihood: -21473.423684
[00:14:59] Bootstrap tree #60, logLikelihood: -21330.643087
[00:15:11] Bootstrap tree #61, logLikelihood: -20865.849003
[00:15:24] Bootstrap tree #62, logLikelihood: -21134.632892
[00:15:37] Bootstrap tree #63, logLikelihood: -21244.605334
[00:15:51] Bootstrap tree #64, logLikelihood: -21139.634955
[00:16:05] Bootstrap tree #65, logLikelihood: -21155.968577
[00:16:21] Bootstrap tree #66, logLikelihood: -20181.051539
[00:16:34] Bootstrap tree #67, logLikelihood: -20598.126230
[00:16:47] Bootstrap tree #68, logLikelihood: -20851.548878
[00:17:01] Bootstrap tree #69, logLikelihood: -21443.454618
[00:17:15] Bootstrap tree #70, logLikelihood: -20848.270493
[00:17:30] Bootstrap tree #71, logLikelihood: -20956.227715
[00:17:43] Bootstrap tree #72, logLikelihood: -20746.334752
[00:17:56] Bootstrap tree #73, logLikelihood: -20719.896498
[00:18:09] Bootstrap tree #74, logLikelihood: -20833.046448
[00:18:20] Bootstrap tree #75, logLikelihood: -21009.946295
[00:18:32] Bootstrap tree #76, logLikelihood: -20704.882577
[00:18:45] Bootstrap tree #77, logLikelihood: -20809.131440
[00:18:58] Bootstrap tree #78, logLikelihood: -20542.206914
[00:19:11] Bootstrap tree #79, logLikelihood: -20836.977198
[00:19:26] Bootstrap tree #80, logLikelihood: -20809.503140
[00:19:41] Bootstrap tree #81, logLikelihood: -21345.471655
[00:19:55] Bootstrap tree #82, logLikelihood: -20855.627511
[00:20:11] Bootstrap tree #83, logLikelihood: -21455.012518
[00:20:27] Bootstrap tree #84, logLikelihood: -21264.497595
[00:20:44] Bootstrap tree #85, logLikelihood: -21101.528123
[00:21:00] Bootstrap tree #86, logLikelihood: -21550.412023
[00:21:13] Bootstrap tree #87, logLikelihood: -21195.506889
[00:21:26] Bootstrap tree #88, logLikelihood: -20376.390605
[00:21:41] Bootstrap tree #89, logLikelihood: -20918.840727
[00:21:56] Bootstrap tree #90, logLikelihood: -21123.221585
[00:22:10] Bootstrap tree #91, logLikelihood: -20855.244703
[00:22:23] Bootstrap tree #92, logLikelihood: -21408.049249
[00:22:39] Bootstrap tree #93, logLikelihood: -21437.504268
[00:22:54] Bootstrap tree #94, logLikelihood: -20959.240183
[00:23:07] Bootstrap tree #95, logLikelihood: -21217.420971
[00:23:21] Bootstrap tree #96, logLikelihood: -20605.024967
[00:23:37] Bootstrap tree #97, logLikelihood: -21415.058024
[00:23:50] Bootstrap tree #98, logLikelihood: -20868.078049
[00:24:03] Bootstrap tree #99, logLikelihood: -20957.852998
[00:24:18] Bootstrap tree #100, logLikelihood: -21805.958709

Optimized model parameters:

   Partition 0: noname
   Rate heterogeneity: GAMMA (4 cats, mean),  alpha: 0.482652 (ML),  weights&rates: (0.250000,0.030219) (0.250000,0.240440) (0.250000,0.807223) (0.250000,2.922117) 
   Base frequencies (ML): 0.322183 0.196598 0.259394 0.221825 
   Substitution rates (ML): 1.312086 3.834049 0.829081 1.066981 5.769123 1.000000 

Final LogLikelihood: -21046.964922

All ML trees saved to: /mnt/lustre/scratch/home/uvi/be/avs/cancer_genes_selection/genes/DDX10/tree/DDX10_trimmed.raxml.mlTrees
Best ML tree saved to: /mnt/lustre/scratch/home/uvi/be/avs/cancer_genes_selection/genes/DDX10/tree/DDX10_trimmed.raxml.bestTree
Best ML tree with bootstrap support values saved to: /mnt/lustre/scratch/home/uvi/be/avs/cancer_genes_selection/genes/DDX10/tree/DDX10_trimmed.raxml.support
Optimized model saved to: /mnt/lustre/scratch/home/uvi/be/avs/cancer_genes_selection/genes/DDX10/tree/DDX10_trimmed.raxml.bestModel
Bootstrap trees saved to: /mnt/lustre/scratch/home/uvi/be/avs/cancer_genes_selection/genes/DDX10/tree/DDX10_trimmed.raxml.bootstraps

Execution log saved to: /mnt/lustre/scratch/home/uvi/be/avs/cancer_genes_selection/genes/DDX10/tree/DDX10_trimmed.raxml.log

Analysis started: 26-Mar-2018 20:47:22 / finished: 26-Mar-2018 21:11:46

Elapsed time: 1463.818 seconds

