
RAxML-NG v. 0.5.1b BETA released on 01.12.2017 by The Exelixis Lab.
Authors: Alexey Kozlov, Alexandros Stamatakis, Diego Darriba, Tomas Flouri, Benoit Morel.
Latest version: https://github.com/amkozlov/raxml-ng
Questions/problems/suggestions? Please visit: https://groups.google.com/forum/#!forum/raxml

WARNING: This is a BETA release, please use at your own risk!

RAxML-NG was called as follows:

raxml-ng-mpi --all --msa /mnt/lustre/scratch/home/uvi/be/avs/cancer_genes_selection/genes/GNAQ/align/GNAQ_align_DNA_trimmed2.fasta --model GTR+G -tree pars{10} --bs-trees 100 --prefix /mnt/lustre/scratch/home/uvi/be/avs/cancer_genes_selection/genes/GNAQ/tree/GNAQ_trimmed --redo

Analysis options:
  run mode: ML tree search + bootstrapping
  start tree(s): parsimony (10)
  random seed: 1522094064
  tip-inner: ON
  pattern compression: ON
  per-rate scalers: OFF
  site repeats: OFF
  branch lengths: ML estimate (linked)
  SIMD kernels: AVX2
  parallelization: NONE/sequential

WARNING: Running in REDO mode: existing checkpoints are ignored, and all result files will be overwritten!

[00:00:01] Reading alignment from file: /mnt/lustre/scratch/home/uvi/be/avs/cancer_genes_selection/genes/GNAQ/align/GNAQ_align_DNA_trimmed2.fasta
[00:00:01] Loaded alignment with 25 taxa and 1080 sites

Alignment comprises 1 partitions and 292 patterns

Partition 0: noname
Model: GTR+FO+G4m
Alignment sites / patterns: 1080 / 292
Gaps: 8.20 %
Invariant sites: 71.76 %


[00:00:01] Generating parsimony starting tree(s) with 25 taxa
[00:00:01] Data distribution: partitions/thread: 1-1, patterns/thread: 292-292

Starting ML tree search with 10 distinct starting trees

[00:00:14] ML tree search #1, logLikelihood: -4735.864799
[00:00:26] ML tree search #2, logLikelihood: -4735.863731
[00:00:37] ML tree search #3, logLikelihood: -4735.863755
[00:00:48] ML tree search #4, logLikelihood: -4735.864738
[00:00:58] ML tree search #5, logLikelihood: -4735.863685
[00:01:10] ML tree search #6, logLikelihood: -4735.864910
[00:01:19] ML tree search #7, logLikelihood: -4735.864699
[00:01:29] ML tree search #8, logLikelihood: -4741.363802
[00:01:41] ML tree search #9, logLikelihood: -4735.864021
[00:01:49] ML tree search #10, logLikelihood: -4741.363832

[00:01:50] ML tree search completed, best tree logLH: -4735.863685

[00:01:50] Starting bootstrapping analysis with 100 replicates.

[00:02:00] Bootstrap tree #1, logLikelihood: -4605.714353
[00:02:11] Bootstrap tree #2, logLikelihood: -4752.206564
[00:02:23] Bootstrap tree #3, logLikelihood: -4702.748778
[00:02:36] Bootstrap tree #4, logLikelihood: -4766.505166
[00:02:49] Bootstrap tree #5, logLikelihood: -4949.415652
[00:03:02] Bootstrap tree #6, logLikelihood: -4820.781077
[00:03:10] Bootstrap tree #7, logLikelihood: -4704.409683
[00:03:20] Bootstrap tree #8, logLikelihood: -4904.765482
[00:03:30] Bootstrap tree #9, logLikelihood: -4523.633679
[00:03:38] Bootstrap tree #10, logLikelihood: -4719.477171
[00:03:47] Bootstrap tree #11, logLikelihood: -4499.348567
[00:04:01] Bootstrap tree #12, logLikelihood: -4690.662516
[00:04:11] Bootstrap tree #13, logLikelihood: -4657.493649
[00:04:19] Bootstrap tree #14, logLikelihood: -4562.749452
[00:04:30] Bootstrap tree #15, logLikelihood: -4825.397759
[00:04:41] Bootstrap tree #16, logLikelihood: -4608.902242
[00:04:51] Bootstrap tree #17, logLikelihood: -4806.382652
[00:05:01] Bootstrap tree #18, logLikelihood: -4721.784041
[00:05:13] Bootstrap tree #19, logLikelihood: -4497.416333
[00:05:23] Bootstrap tree #20, logLikelihood: -4436.770999
[00:05:33] Bootstrap tree #21, logLikelihood: -4777.533958
[00:05:45] Bootstrap tree #22, logLikelihood: -4598.559855
[00:05:57] Bootstrap tree #23, logLikelihood: -4561.968808
[00:06:09] Bootstrap tree #24, logLikelihood: -4691.548771
[00:06:18] Bootstrap tree #25, logLikelihood: -4523.387452
[00:06:29] Bootstrap tree #26, logLikelihood: -4867.511699
[00:06:37] Bootstrap tree #27, logLikelihood: -4620.539349
[00:06:46] Bootstrap tree #28, logLikelihood: -4857.234276
[00:06:55] Bootstrap tree #29, logLikelihood: -4381.181648
[00:07:05] Bootstrap tree #30, logLikelihood: -4934.619321
[00:07:16] Bootstrap tree #31, logLikelihood: -4730.304871
[00:07:25] Bootstrap tree #32, logLikelihood: -4818.794332
[00:07:38] Bootstrap tree #33, logLikelihood: -4913.396540
[00:07:53] Bootstrap tree #34, logLikelihood: -4834.887979
[00:08:04] Bootstrap tree #35, logLikelihood: -4675.013863
[00:08:16] Bootstrap tree #36, logLikelihood: -4706.855744
[00:08:25] Bootstrap tree #37, logLikelihood: -4827.505716
[00:08:37] Bootstrap tree #38, logLikelihood: -4828.745813
[00:08:46] Bootstrap tree #39, logLikelihood: -4708.541272
[00:08:59] Bootstrap tree #40, logLikelihood: -4568.339796
[00:09:10] Bootstrap tree #41, logLikelihood: -4852.389970
[00:09:21] Bootstrap tree #42, logLikelihood: -4427.653100
[00:09:37] Bootstrap tree #43, logLikelihood: -4665.595084
[00:09:49] Bootstrap tree #44, logLikelihood: -4653.019748
[00:10:01] Bootstrap tree #45, logLikelihood: -4689.997173
[00:10:16] Bootstrap tree #46, logLikelihood: -4803.574153
[00:10:27] Bootstrap tree #47, logLikelihood: -4933.886637
[00:10:37] Bootstrap tree #48, logLikelihood: -4766.355294
[00:10:48] Bootstrap tree #49, logLikelihood: -4795.093205
[00:11:01] Bootstrap tree #50, logLikelihood: -4845.896665
[00:11:13] Bootstrap tree #51, logLikelihood: -4764.397680
[00:11:24] Bootstrap tree #52, logLikelihood: -4702.205269
[00:11:35] Bootstrap tree #53, logLikelihood: -4596.074222
[00:11:46] Bootstrap tree #54, logLikelihood: -4878.835850
[00:11:57] Bootstrap tree #55, logLikelihood: -4913.194969
[00:12:10] Bootstrap tree #56, logLikelihood: -4604.941941
[00:12:20] Bootstrap tree #57, logLikelihood: -4588.935388
[00:12:31] Bootstrap tree #58, logLikelihood: -4495.035355
[00:12:42] Bootstrap tree #59, logLikelihood: -4736.158269
[00:12:55] Bootstrap tree #60, logLikelihood: -4688.004984
[00:13:10] Bootstrap tree #61, logLikelihood: -4822.560032
[00:13:24] Bootstrap tree #62, logLikelihood: -4855.012122
[00:13:35] Bootstrap tree #63, logLikelihood: -4553.995730
[00:13:46] Bootstrap tree #64, logLikelihood: -4829.457870
[00:13:56] Bootstrap tree #65, logLikelihood: -4597.899229
[00:14:08] Bootstrap tree #66, logLikelihood: -4381.102158
[00:14:19] Bootstrap tree #67, logLikelihood: -4298.880448
[00:14:27] Bootstrap tree #68, logLikelihood: -4812.227968
[00:14:36] Bootstrap tree #69, logLikelihood: -4690.499449
[00:14:46] Bootstrap tree #70, logLikelihood: -4633.447512
[00:14:55] Bootstrap tree #71, logLikelihood: -4564.497798
[00:15:07] Bootstrap tree #72, logLikelihood: -4719.347143
[00:15:23] Bootstrap tree #73, logLikelihood: -4625.010384
[00:15:35] Bootstrap tree #74, logLikelihood: -4881.790291
[00:15:48] Bootstrap tree #75, logLikelihood: -4736.916563
[00:15:59] Bootstrap tree #76, logLikelihood: -4683.480453
[00:16:13] Bootstrap tree #77, logLikelihood: -4614.122928
[00:16:25] Bootstrap tree #78, logLikelihood: -5068.840849
[00:16:40] Bootstrap tree #79, logLikelihood: -4829.035963
[00:16:56] Bootstrap tree #80, logLikelihood: -4714.606220
[00:17:07] Bootstrap tree #81, logLikelihood: -4553.083162
[00:17:18] Bootstrap tree #82, logLikelihood: -4825.379161
[00:17:33] Bootstrap tree #83, logLikelihood: -4626.286069
[00:17:47] Bootstrap tree #84, logLikelihood: -4866.274131
[00:18:01] Bootstrap tree #85, logLikelihood: -4632.321376
[00:18:19] Bootstrap tree #86, logLikelihood: -4660.914867
[00:18:34] Bootstrap tree #87, logLikelihood: -4865.856213
[00:18:45] Bootstrap tree #88, logLikelihood: -4730.105502
[00:18:59] Bootstrap tree #89, logLikelihood: -4928.501862
[00:19:12] Bootstrap tree #90, logLikelihood: -4661.602376
[00:19:24] Bootstrap tree #91, logLikelihood: -4771.789662
[00:19:38] Bootstrap tree #92, logLikelihood: -4757.866784
[00:19:54] Bootstrap tree #93, logLikelihood: -4623.222469
[00:20:09] Bootstrap tree #94, logLikelihood: -4777.909917
[00:20:23] Bootstrap tree #95, logLikelihood: -5363.216726
[00:20:35] Bootstrap tree #96, logLikelihood: -4442.381798
[00:20:51] Bootstrap tree #97, logLikelihood: -4708.791084
[00:21:06] Bootstrap tree #98, logLikelihood: -4681.032246
[00:21:20] Bootstrap tree #99, logLikelihood: -4676.562857
[00:21:36] Bootstrap tree #100, logLikelihood: -4705.974845

Optimized model parameters:

   Partition 0: noname
   Rate heterogeneity: GAMMA (4 cats, mean),  alpha: 0.216230 (ML),  weights&rates: (0.250000,0.000892) (0.250000,0.043632) (0.250000,0.424675) (0.250000,3.530801) 
   Base frequencies (ML): 0.286831 0.248821 0.238236 0.226112 
   Substitution rates (ML): 1.821805 7.211943 0.387668 1.916621 8.980856 1.000000 

Final LogLikelihood: -4735.863685

All ML trees saved to: /mnt/lustre/scratch/home/uvi/be/avs/cancer_genes_selection/genes/GNAQ/tree/GNAQ_trimmed.raxml.mlTrees
Best ML tree saved to: /mnt/lustre/scratch/home/uvi/be/avs/cancer_genes_selection/genes/GNAQ/tree/GNAQ_trimmed.raxml.bestTree
Best ML tree with bootstrap support values saved to: /mnt/lustre/scratch/home/uvi/be/avs/cancer_genes_selection/genes/GNAQ/tree/GNAQ_trimmed.raxml.support
Optimized model saved to: /mnt/lustre/scratch/home/uvi/be/avs/cancer_genes_selection/genes/GNAQ/tree/GNAQ_trimmed.raxml.bestModel
Bootstrap trees saved to: /mnt/lustre/scratch/home/uvi/be/avs/cancer_genes_selection/genes/GNAQ/tree/GNAQ_trimmed.raxml.bootstraps

Execution log saved to: /mnt/lustre/scratch/home/uvi/be/avs/cancer_genes_selection/genes/GNAQ/tree/GNAQ_trimmed.raxml.log

Analysis started: 26-Mar-2018 21:54:23 / finished: 26-Mar-2018 22:16:05

Elapsed time: 1301.410 seconds

