
RAxML-NG v. 0.5.1b BETA released on 01.12.2017 by The Exelixis Lab.
Authors: Alexey Kozlov, Alexandros Stamatakis, Diego Darriba, Tomas Flouri, Benoit Morel.
Latest version: https://github.com/amkozlov/raxml-ng
Questions/problems/suggestions? Please visit: https://groups.google.com/forum/#!forum/raxml

WARNING: This is a BETA release, please use at your own risk!

RAxML-NG was called as follows:

raxml-ng-mpi --all --msa /mnt/lustre/scratch/home/uvi/be/avs/cancer_genes_selection/genes/PTPN13/align/PTPN13_align_DNA_trimmed2.fasta --model GTR+G -tree pars{10} --bs-trees 100 --prefix /mnt/lustre/scratch/home/uvi/be/avs/cancer_genes_selection/genes/PTPN13/tree/PTPN13_trimmed --redo

Analysis options:
  run mode: ML tree search + bootstrapping
  start tree(s): parsimony (10)
  random seed: 1522102648
  tip-inner: ON
  pattern compression: ON
  per-rate scalers: OFF
  site repeats: OFF
  branch lengths: ML estimate (linked)
  SIMD kernels: AVX2
  parallelization: NONE/sequential

WARNING: Running in REDO mode: existing checkpoints are ignored, and all result files will be overwritten!

[00:00:00] Reading alignment from file: /mnt/lustre/scratch/home/uvi/be/avs/cancer_genes_selection/genes/PTPN13/align/PTPN13_align_DNA_trimmed2.fasta
[00:00:01] Loaded alignment with 27 taxa and 7473 sites

Alignment comprises 1 partitions and 4004 patterns

Partition 0: noname
Model: GTR+FO+G4m
Alignment sites / patterns: 7473 / 4004
Gaps: 4.17 %
Invariant sites: 40.57 %


[00:00:01] Generating parsimony starting tree(s) with 27 taxa
[00:00:01] Data distribution: partitions/thread: 1-1, patterns/thread: 4004-4004

Starting ML tree search with 10 distinct starting trees

[00:00:24] ML tree search #1, logLikelihood: -61787.899202
[00:00:54] ML tree search #2, logLikelihood: -61787.900569
[00:01:21] ML tree search #3, logLikelihood: -61787.898761
[00:01:44] ML tree search #4, logLikelihood: -61787.898537
[00:02:12] ML tree search #5, logLikelihood: -61787.898726
[00:02:37] ML tree search #6, logLikelihood: -61787.899449
[00:03:02] ML tree search #7, logLikelihood: -61787.898593
[00:03:25] ML tree search #8, logLikelihood: -61787.898342
[00:03:50] ML tree search #9, logLikelihood: -61787.898618
[00:04:15] ML tree search #10, logLikelihood: -61787.899180

[00:04:15] ML tree search completed, best tree logLH: -61787.898342

[00:04:15] Starting bootstrapping analysis with 100 replicates.

[00:04:41] Bootstrap tree #1, logLikelihood: -62153.979769
[00:05:05] Bootstrap tree #2, logLikelihood: -62328.376736
[00:05:30] Bootstrap tree #3, logLikelihood: -62821.028892
[00:05:58] Bootstrap tree #4, logLikelihood: -61467.241755
[00:06:23] Bootstrap tree #5, logLikelihood: -60995.769352
[00:06:47] Bootstrap tree #6, logLikelihood: -61791.362284
[00:07:12] Bootstrap tree #7, logLikelihood: -61131.944539
[00:07:35] Bootstrap tree #8, logLikelihood: -62332.566195
[00:07:59] Bootstrap tree #9, logLikelihood: -62082.110994
[00:08:25] Bootstrap tree #10, logLikelihood: -61823.272640
[00:08:50] Bootstrap tree #11, logLikelihood: -61414.647739
[00:09:21] Bootstrap tree #12, logLikelihood: -62160.397121
[00:09:45] Bootstrap tree #13, logLikelihood: -61305.422536
[00:10:07] Bootstrap tree #14, logLikelihood: -61759.957692
[00:10:30] Bootstrap tree #15, logLikelihood: -60868.995694
[00:10:58] Bootstrap tree #16, logLikelihood: -61800.859755
[00:11:22] Bootstrap tree #17, logLikelihood: -62887.805610
[00:11:48] Bootstrap tree #18, logLikelihood: -62071.665680
[00:12:12] Bootstrap tree #19, logLikelihood: -61908.993287
[00:12:35] Bootstrap tree #20, logLikelihood: -62121.923606
[00:13:00] Bootstrap tree #21, logLikelihood: -61902.086928
[00:13:25] Bootstrap tree #22, logLikelihood: -61483.135984
[00:13:49] Bootstrap tree #23, logLikelihood: -61244.487339
[00:14:13] Bootstrap tree #24, logLikelihood: -61305.655282
[00:14:35] Bootstrap tree #25, logLikelihood: -60618.015495
[00:14:57] Bootstrap tree #26, logLikelihood: -60535.614846
[00:15:22] Bootstrap tree #27, logLikelihood: -61252.091852
[00:15:48] Bootstrap tree #28, logLikelihood: -61873.211117
[00:16:25] Bootstrap tree #29, logLikelihood: -61642.217444
[00:16:47] Bootstrap tree #30, logLikelihood: -62485.615532
[00:17:11] Bootstrap tree #31, logLikelihood: -62185.808213
[00:17:34] Bootstrap tree #32, logLikelihood: -60163.021236
[00:17:58] Bootstrap tree #33, logLikelihood: -61484.377301
[00:18:22] Bootstrap tree #34, logLikelihood: -62563.131670
[00:18:50] Bootstrap tree #35, logLikelihood: -60515.608592
[00:19:15] Bootstrap tree #36, logLikelihood: -61370.087795
[00:19:43] Bootstrap tree #37, logLikelihood: -62244.482559
[00:20:04] Bootstrap tree #38, logLikelihood: -61658.225939
[00:20:29] Bootstrap tree #39, logLikelihood: -61198.473465
[00:20:56] Bootstrap tree #40, logLikelihood: -61668.260279
[00:21:23] Bootstrap tree #41, logLikelihood: -62175.015823
[00:21:47] Bootstrap tree #42, logLikelihood: -61768.531134
[00:22:11] Bootstrap tree #43, logLikelihood: -61833.225353
[00:22:37] Bootstrap tree #44, logLikelihood: -62374.778165
[00:23:02] Bootstrap tree #45, logLikelihood: -62001.585170
[00:23:27] Bootstrap tree #46, logLikelihood: -61651.448543
[00:23:58] Bootstrap tree #47, logLikelihood: -61829.467386
[00:24:27] Bootstrap tree #48, logLikelihood: -62006.468722
[00:24:53] Bootstrap tree #49, logLikelihood: -62424.912385
[00:25:19] Bootstrap tree #50, logLikelihood: -62095.143832
[00:25:48] Bootstrap tree #51, logLikelihood: -61596.651781
[00:26:19] Bootstrap tree #52, logLikelihood: -62689.280890
[00:26:49] Bootstrap tree #53, logLikelihood: -62445.932494
[00:27:23] Bootstrap tree #54, logLikelihood: -61817.490102
[00:27:50] Bootstrap tree #55, logLikelihood: -60912.320511
[00:28:15] Bootstrap tree #56, logLikelihood: -61904.453013
[00:28:42] Bootstrap tree #57, logLikelihood: -61732.041558
[00:29:07] Bootstrap tree #58, logLikelihood: -61532.505937
[00:29:31] Bootstrap tree #59, logLikelihood: -61343.383509
[00:29:56] Bootstrap tree #60, logLikelihood: -60477.348228
[00:30:22] Bootstrap tree #61, logLikelihood: -61502.678439
[00:30:47] Bootstrap tree #62, logLikelihood: -61375.445476
[00:31:11] Bootstrap tree #63, logLikelihood: -61798.799033
[00:31:38] Bootstrap tree #64, logLikelihood: -62630.040479
[00:32:03] Bootstrap tree #65, logLikelihood: -61485.709043
[00:32:31] Bootstrap tree #66, logLikelihood: -61061.563646
[00:32:58] Bootstrap tree #67, logLikelihood: -62363.174066
[00:33:21] Bootstrap tree #68, logLikelihood: -61745.461398
[00:33:44] Bootstrap tree #69, logLikelihood: -61627.802145
[00:34:10] Bootstrap tree #70, logLikelihood: -61546.137471
[00:34:37] Bootstrap tree #71, logLikelihood: -61632.083832
[00:35:00] Bootstrap tree #72, logLikelihood: -61782.300808
[00:35:26] Bootstrap tree #73, logLikelihood: -62157.272414
[00:35:53] Bootstrap tree #74, logLikelihood: -61266.099320
[00:36:18] Bootstrap tree #75, logLikelihood: -61760.244761
[00:36:43] Bootstrap tree #76, logLikelihood: -60507.000927
[00:37:06] Bootstrap tree #77, logLikelihood: -61692.832907
[00:37:30] Bootstrap tree #78, logLikelihood: -60564.441699
[00:37:57] Bootstrap tree #79, logLikelihood: -61384.440375
[00:38:22] Bootstrap tree #80, logLikelihood: -62165.711955
[00:38:51] Bootstrap tree #81, logLikelihood: -61365.873262
[00:39:16] Bootstrap tree #82, logLikelihood: -62509.502180
[00:39:42] Bootstrap tree #83, logLikelihood: -62694.916386
[00:40:17] Bootstrap tree #84, logLikelihood: -61924.731348
[00:40:42] Bootstrap tree #85, logLikelihood: -61042.207066
[00:41:04] Bootstrap tree #86, logLikelihood: -62499.741635
[00:41:32] Bootstrap tree #87, logLikelihood: -63313.282208
[00:42:00] Bootstrap tree #88, logLikelihood: -61435.042319
[00:42:34] Bootstrap tree #89, logLikelihood: -61180.249927
[00:43:03] Bootstrap tree #90, logLikelihood: -62270.327856
[00:43:29] Bootstrap tree #91, logLikelihood: -61184.115863
[00:43:56] Bootstrap tree #92, logLikelihood: -61130.080520
[00:44:22] Bootstrap tree #93, logLikelihood: -61391.836996
[00:44:50] Bootstrap tree #94, logLikelihood: -61758.918068
[00:45:14] Bootstrap tree #95, logLikelihood: -62967.639079
[00:45:45] Bootstrap tree #96, logLikelihood: -61675.964763
[00:46:11] Bootstrap tree #97, logLikelihood: -62206.733659
[00:46:43] Bootstrap tree #98, logLikelihood: -62140.068668
[00:47:10] Bootstrap tree #99, logLikelihood: -61423.393421
[00:47:36] Bootstrap tree #100, logLikelihood: -61721.465718

Optimized model parameters:

   Partition 0: noname
   Rate heterogeneity: GAMMA (4 cats, mean),  alpha: 0.653066 (ML),  weights&rates: (0.250000,0.064206) (0.250000,0.340517) (0.250000,0.906152) (0.250000,2.689125) 
   Base frequencies (ML): 0.281320 0.249419 0.237229 0.232032 
   Substitution rates (ML): 1.465417 4.691142 0.845731 0.962972 5.482694 1.000000 

Final LogLikelihood: -61787.898342

All ML trees saved to: /mnt/lustre/scratch/home/uvi/be/avs/cancer_genes_selection/genes/PTPN13/tree/PTPN13_trimmed.raxml.mlTrees
Best ML tree saved to: /mnt/lustre/scratch/home/uvi/be/avs/cancer_genes_selection/genes/PTPN13/tree/PTPN13_trimmed.raxml.bestTree
Best ML tree with bootstrap support values saved to: /mnt/lustre/scratch/home/uvi/be/avs/cancer_genes_selection/genes/PTPN13/tree/PTPN13_trimmed.raxml.support
Optimized model saved to: /mnt/lustre/scratch/home/uvi/be/avs/cancer_genes_selection/genes/PTPN13/tree/PTPN13_trimmed.raxml.bestModel
Bootstrap trees saved to: /mnt/lustre/scratch/home/uvi/be/avs/cancer_genes_selection/genes/PTPN13/tree/PTPN13_trimmed.raxml.bootstraps

Execution log saved to: /mnt/lustre/scratch/home/uvi/be/avs/cancer_genes_selection/genes/PTPN13/tree/PTPN13_trimmed.raxml.log

Analysis started: 27-Mar-2018 00:17:28 / finished: 27-Mar-2018 01:05:08

Elapsed time: 2860.173 seconds

