
RAxML-NG v. 0.5.1b BETA released on 01.12.2017 by The Exelixis Lab.
Authors: Alexey Kozlov, Alexandros Stamatakis, Diego Darriba, Tomas Flouri, Benoit Morel.
Latest version: https://github.com/amkozlov/raxml-ng
Questions/problems/suggestions? Please visit: https://groups.google.com/forum/#!forum/raxml

WARNING: This is a BETA release, please use at your own risk!

RAxML-NG was called as follows:

raxml-ng-mpi --all --msa /mnt/lustre/scratch/home/uvi/be/avs/cancer_genes_selection/genes/PTPN13/align/PTPN13_align_DNA_trimmed.fasta --model GTR+G -tree pars{10} --bs-trees 100 --prefix /mnt/lustre/scratch/home/uvi/be/avs/cancer_genes_selection/genes/PTPN13/tree/PTPN13 --redo

Analysis options:
  run mode: ML tree search + bootstrapping
  start tree(s): parsimony (10)
  random seed: 1521667505
  tip-inner: ON
  pattern compression: ON
  per-rate scalers: OFF
  site repeats: OFF
  branch lengths: ML estimate (linked)
  SIMD kernels: AVX2
  parallelization: NONE/sequential

WARNING: Running in REDO mode: existing checkpoints are ignored, and all result files will be overwritten!

[00:00:00] Reading alignment from file: /mnt/lustre/scratch/home/uvi/be/avs/cancer_genes_selection/genes/PTPN13/align/PTPN13_align_DNA_trimmed.fasta
[00:00:00] Loaded alignment with 28 taxa and 7473 sites

Alignment comprises 1 partitions and 4226 patterns

Partition 0: noname
Model: GTR+FO+G4m
Alignment sites / patterns: 7473 / 4226
Gaps: 5.27 %
Invariant sites: 39.49 %


[00:00:01] Generating parsimony starting tree(s) with 28 taxa
[00:00:01] Data distribution: partitions/thread: 1-1, patterns/thread: 4226-4226

Starting ML tree search with 10 distinct starting trees

[00:00:30] ML tree search #1, logLikelihood: -64433.887652
[00:00:58] ML tree search #2, logLikelihood: -64433.888270
[00:01:26] ML tree search #3, logLikelihood: -64433.888054
[00:01:51] ML tree search #4, logLikelihood: -64433.887962
[00:02:17] ML tree search #5, logLikelihood: -64433.889036
[00:02:43] ML tree search #6, logLikelihood: -64433.888173
[00:03:12] ML tree search #7, logLikelihood: -64433.888682
[00:03:40] ML tree search #8, logLikelihood: -64433.887950
[00:04:06] ML tree search #9, logLikelihood: -64433.888590
[00:04:36] ML tree search #10, logLikelihood: -64433.887954

[00:04:36] ML tree search completed, best tree logLH: -64433.887652

[00:04:36] Starting bootstrapping analysis with 100 replicates.

[00:05:01] Bootstrap tree #1, logLikelihood: -64414.791563
[00:05:25] Bootstrap tree #2, logLikelihood: -64322.241389
[00:05:51] Bootstrap tree #3, logLikelihood: -64646.793786
[00:06:17] Bootstrap tree #4, logLikelihood: -63944.696837
[00:06:39] Bootstrap tree #5, logLikelihood: -64240.126962
[00:07:00] Bootstrap tree #6, logLikelihood: -64344.254389
[00:07:27] Bootstrap tree #7, logLikelihood: -64314.164984
[00:07:53] Bootstrap tree #8, logLikelihood: -63919.951777
[00:08:19] Bootstrap tree #9, logLikelihood: -64539.948691
[00:08:47] Bootstrap tree #10, logLikelihood: -64884.996853
[00:09:10] Bootstrap tree #11, logLikelihood: -64116.557620
[00:09:38] Bootstrap tree #12, logLikelihood: -65084.281553
[00:10:07] Bootstrap tree #13, logLikelihood: -65464.796657
[00:10:29] Bootstrap tree #14, logLikelihood: -65310.919411
[00:10:50] Bootstrap tree #15, logLikelihood: -64394.784326
[00:11:20] Bootstrap tree #16, logLikelihood: -64647.837088
[00:11:56] Bootstrap tree #17, logLikelihood: -63989.287783
[00:12:21] Bootstrap tree #18, logLikelihood: -64800.231232
[00:12:45] Bootstrap tree #19, logLikelihood: -65034.686121
[00:13:14] Bootstrap tree #20, logLikelihood: -65202.328131
[00:13:40] Bootstrap tree #21, logLikelihood: -64661.432111
[00:14:04] Bootstrap tree #22, logLikelihood: -64526.257413
[00:14:29] Bootstrap tree #23, logLikelihood: -66371.902872
[00:14:52] Bootstrap tree #24, logLikelihood: -64040.044612
[00:15:18] Bootstrap tree #25, logLikelihood: -64098.143101
[00:15:44] Bootstrap tree #26, logLikelihood: -63277.878168
[00:16:08] Bootstrap tree #27, logLikelihood: -64841.176453
[00:16:30] Bootstrap tree #28, logLikelihood: -64171.218336
[00:16:55] Bootstrap tree #29, logLikelihood: -64896.658731
[00:17:19] Bootstrap tree #30, logLikelihood: -64299.118731
[00:17:41] Bootstrap tree #31, logLikelihood: -64558.322277
[00:18:05] Bootstrap tree #32, logLikelihood: -64055.774209
[00:18:30] Bootstrap tree #33, logLikelihood: -64269.961899
[00:18:54] Bootstrap tree #34, logLikelihood: -64971.826357
[00:19:25] Bootstrap tree #35, logLikelihood: -65724.894781
[00:19:47] Bootstrap tree #36, logLikelihood: -63951.135030
[00:20:11] Bootstrap tree #37, logLikelihood: -65153.357730
[00:20:38] Bootstrap tree #38, logLikelihood: -64263.191515
[00:21:25] Bootstrap tree #39, logLikelihood: -65094.657141
[00:21:59] Bootstrap tree #40, logLikelihood: -64158.712242
[00:22:28] Bootstrap tree #41, logLikelihood: -63924.620579
[00:22:51] Bootstrap tree #42, logLikelihood: -64620.101507
[00:23:15] Bootstrap tree #43, logLikelihood: -64905.339211
[00:23:42] Bootstrap tree #44, logLikelihood: -64913.416604
[00:24:03] Bootstrap tree #45, logLikelihood: -64549.560608
[00:24:28] Bootstrap tree #46, logLikelihood: -64688.132877
[00:24:56] Bootstrap tree #47, logLikelihood: -65349.447640
[00:25:25] Bootstrap tree #48, logLikelihood: -63737.302885
[00:25:49] Bootstrap tree #49, logLikelihood: -65631.669681
[00:26:13] Bootstrap tree #50, logLikelihood: -63841.960572
[00:26:35] Bootstrap tree #51, logLikelihood: -64282.297543
[00:27:04] Bootstrap tree #52, logLikelihood: -64544.191029
[00:27:28] Bootstrap tree #53, logLikelihood: -64114.233933
[00:28:00] Bootstrap tree #54, logLikelihood: -64797.554497
[00:28:26] Bootstrap tree #55, logLikelihood: -64956.349215
[00:28:52] Bootstrap tree #56, logLikelihood: -65573.563183
[00:29:16] Bootstrap tree #57, logLikelihood: -64765.868367
[00:29:41] Bootstrap tree #58, logLikelihood: -64347.283681
[00:30:04] Bootstrap tree #59, logLikelihood: -63313.969434
[00:30:29] Bootstrap tree #60, logLikelihood: -64211.502391
[00:31:01] Bootstrap tree #61, logLikelihood: -64783.490720
[00:31:24] Bootstrap tree #62, logLikelihood: -64979.441011
[00:31:53] Bootstrap tree #63, logLikelihood: -63470.967664
[00:32:21] Bootstrap tree #64, logLikelihood: -64369.082934
[00:32:52] Bootstrap tree #65, logLikelihood: -64183.855850
[00:33:17] Bootstrap tree #66, logLikelihood: -65490.914715
[00:33:41] Bootstrap tree #67, logLikelihood: -65282.911919
[00:34:07] Bootstrap tree #68, logLikelihood: -63862.536004
[00:34:33] Bootstrap tree #69, logLikelihood: -65010.479845
[00:34:58] Bootstrap tree #70, logLikelihood: -64462.319586
[00:35:26] Bootstrap tree #71, logLikelihood: -63408.449547
[00:35:52] Bootstrap tree #72, logLikelihood: -64629.486454
[00:36:16] Bootstrap tree #73, logLikelihood: -64923.113898
[00:36:52] Bootstrap tree #74, logLikelihood: -64679.049470
[00:37:26] Bootstrap tree #75, logLikelihood: -64588.756698
[00:37:53] Bootstrap tree #76, logLikelihood: -65045.764037
[00:38:16] Bootstrap tree #77, logLikelihood: -64066.766870
[00:38:44] Bootstrap tree #78, logLikelihood: -64401.436349
[00:39:08] Bootstrap tree #79, logLikelihood: -64397.464342
[00:39:36] Bootstrap tree #80, logLikelihood: -64401.668729
[00:39:59] Bootstrap tree #81, logLikelihood: -64552.623406
[00:40:23] Bootstrap tree #82, logLikelihood: -63410.851818
[00:40:48] Bootstrap tree #83, logLikelihood: -63017.400231
[00:41:11] Bootstrap tree #84, logLikelihood: -64856.936621
[00:41:39] Bootstrap tree #85, logLikelihood: -64826.122425
[00:42:05] Bootstrap tree #86, logLikelihood: -64417.955319
[00:42:28] Bootstrap tree #87, logLikelihood: -64940.175034
[00:42:51] Bootstrap tree #88, logLikelihood: -64451.336293
[00:43:20] Bootstrap tree #89, logLikelihood: -64909.595913
[00:43:47] Bootstrap tree #90, logLikelihood: -64322.665271
[00:44:16] Bootstrap tree #91, logLikelihood: -64488.230861
[00:44:46] Bootstrap tree #92, logLikelihood: -64568.452538
[00:45:13] Bootstrap tree #93, logLikelihood: -63979.204974
[00:45:40] Bootstrap tree #94, logLikelihood: -63399.607163
[00:46:05] Bootstrap tree #95, logLikelihood: -64616.115894
[00:46:34] Bootstrap tree #96, logLikelihood: -63814.784550
[00:47:01] Bootstrap tree #97, logLikelihood: -65426.135205
[00:47:30] Bootstrap tree #98, logLikelihood: -64621.221288
[00:47:57] Bootstrap tree #99, logLikelihood: -63421.171185
[00:48:25] Bootstrap tree #100, logLikelihood: -65506.830261

Optimized model parameters:

   Partition 0: noname
   Rate heterogeneity: GAMMA (4 cats, mean),  alpha: 0.628546 (ML),  weights&rates: (0.250000,0.059044) (0.250000,0.327773) (0.250000,0.895212) (0.250000,2.717972) 
   Base frequencies (ML): 0.284014 0.242134 0.241551 0.232302 
   Substitution rates (ML): 1.413205 4.710226 0.876131 0.912530 5.098030 1.000000 

Final LogLikelihood: -64433.887652

All ML trees saved to: /mnt/lustre/scratch/home/uvi/be/avs/cancer_genes_selection/genes/PTPN13/tree/PTPN13.raxml.mlTrees
Best ML tree saved to: /mnt/lustre/scratch/home/uvi/be/avs/cancer_genes_selection/genes/PTPN13/tree/PTPN13.raxml.bestTree
Best ML tree with bootstrap support values saved to: /mnt/lustre/scratch/home/uvi/be/avs/cancer_genes_selection/genes/PTPN13/tree/PTPN13.raxml.support
Optimized model saved to: /mnt/lustre/scratch/home/uvi/be/avs/cancer_genes_selection/genes/PTPN13/tree/PTPN13.raxml.bestModel
Bootstrap trees saved to: /mnt/lustre/scratch/home/uvi/be/avs/cancer_genes_selection/genes/PTPN13/tree/PTPN13.raxml.bootstraps

Execution log saved to: /mnt/lustre/scratch/home/uvi/be/avs/cancer_genes_selection/genes/PTPN13/tree/PTPN13.raxml.log

Analysis started: 21-Mar-2018 22:25:05 / finished: 21-Mar-2018 23:13:34

Elapsed time: 2908.615 seconds

