
RAxML-NG v. 0.5.1b BETA released on 01.12.2017 by The Exelixis Lab.
Authors: Alexey Kozlov, Alexandros Stamatakis, Diego Darriba, Tomas Flouri, Benoit Morel.
Latest version: https://github.com/amkozlov/raxml-ng
Questions/problems/suggestions? Please visit: https://groups.google.com/forum/#!forum/raxml

WARNING: This is a BETA release, please use at your own risk!

RAxML-NG was called as follows:

raxml-ng-mpi --all --msa /mnt/lustre/scratch/home/uvi/be/avs/cancer_genes_selection/genes/LPP/align/LPP_align_DNA_trimmed.fasta --model GTR+G -tree pars{10} --bs-trees 100 --prefix /mnt/lustre/scratch/home/uvi/be/avs/cancer_genes_selection/genes/LPP/tree/LPP --redo

Analysis options:
  run mode: ML tree search + bootstrapping
  start tree(s): parsimony (10)
  random seed: 1521661358
  tip-inner: ON
  pattern compression: ON
  per-rate scalers: OFF
  site repeats: OFF
  branch lengths: ML estimate (linked)
  SIMD kernels: AVX2
  parallelization: NONE/sequential

WARNING: Running in REDO mode: existing checkpoints are ignored, and all result files will be overwritten!

[00:00:00] Reading alignment from file: /mnt/lustre/scratch/home/uvi/be/avs/cancer_genes_selection/genes/LPP/align/LPP_align_DNA_trimmed.fasta
[00:00:00] Loaded alignment with 29 taxa and 1839 sites

Alignment comprises 1 partitions and 967 patterns

Partition 0: noname
Model: GTR+FO+G4m
Alignment sites / patterns: 1839 / 967
Gaps: 3.78 %
Invariant sites: 47.69 %


[00:00:00] Generating parsimony starting tree(s) with 29 taxa
[00:00:01] Data distribution: partitions/thread: 1-1, patterns/thread: 967-967

Starting ML tree search with 10 distinct starting trees

[00:00:10] ML tree search #1, logLikelihood: -16414.033286
[00:00:18] ML tree search #2, logLikelihood: -16414.030950
[00:00:28] ML tree search #3, logLikelihood: -16414.029980
[00:00:37] ML tree search #4, logLikelihood: -16414.033363
[00:00:46] ML tree search #5, logLikelihood: -16414.028976
[00:00:55] ML tree search #6, logLikelihood: -16414.032910
[00:01:03] ML tree search #7, logLikelihood: -16414.028830
[00:01:12] ML tree search #8, logLikelihood: -16414.029092
[00:01:19] ML tree search #9, logLikelihood: -16414.029880
[00:01:27] ML tree search #10, logLikelihood: -16414.029238

[00:01:27] ML tree search completed, best tree logLH: -16414.028830

[00:01:27] Starting bootstrapping analysis with 100 replicates.

[00:01:36] Bootstrap tree #1, logLikelihood: -16820.595351
[00:01:44] Bootstrap tree #2, logLikelihood: -17245.181839
[00:01:53] Bootstrap tree #3, logLikelihood: -15903.168454
[00:02:02] Bootstrap tree #4, logLikelihood: -16345.595625
[00:02:10] Bootstrap tree #5, logLikelihood: -17109.996496
[00:02:19] Bootstrap tree #6, logLikelihood: -16175.386735
[00:02:28] Bootstrap tree #7, logLikelihood: -16482.684713
[00:02:35] Bootstrap tree #8, logLikelihood: -16881.972918
[00:02:45] Bootstrap tree #9, logLikelihood: -15865.082378
[00:02:56] Bootstrap tree #10, logLikelihood: -16618.393581
[00:03:04] Bootstrap tree #11, logLikelihood: -16221.212733
[00:03:19] Bootstrap tree #12, logLikelihood: -16341.978113
[00:03:29] Bootstrap tree #13, logLikelihood: -16133.022189
[00:03:37] Bootstrap tree #14, logLikelihood: -16872.693248
[00:03:46] Bootstrap tree #15, logLikelihood: -15928.818566
[00:03:53] Bootstrap tree #16, logLikelihood: -16425.759019
[00:04:01] Bootstrap tree #17, logLikelihood: -16684.527269
[00:04:12] Bootstrap tree #18, logLikelihood: -16352.212081
[00:04:23] Bootstrap tree #19, logLikelihood: -16865.872679
[00:04:34] Bootstrap tree #20, logLikelihood: -16103.145050
[00:04:42] Bootstrap tree #21, logLikelihood: -16196.237802
[00:04:51] Bootstrap tree #22, logLikelihood: -16168.594775
[00:05:03] Bootstrap tree #23, logLikelihood: -17260.194922
[00:05:12] Bootstrap tree #24, logLikelihood: -16834.373278
[00:05:19] Bootstrap tree #25, logLikelihood: -16398.037733
[00:05:28] Bootstrap tree #26, logLikelihood: -16543.030146
[00:05:38] Bootstrap tree #27, logLikelihood: -16085.897047
[00:05:48] Bootstrap tree #28, logLikelihood: -16365.959682
[00:05:59] Bootstrap tree #29, logLikelihood: -16399.215732
[00:06:08] Bootstrap tree #30, logLikelihood: -16750.036268
[00:06:16] Bootstrap tree #31, logLikelihood: -16993.013134
[00:06:26] Bootstrap tree #32, logLikelihood: -16818.398817
[00:06:40] Bootstrap tree #33, logLikelihood: -16368.613515
[00:06:50] Bootstrap tree #34, logLikelihood: -16495.801024
[00:06:58] Bootstrap tree #35, logLikelihood: -16770.618615
[00:07:16] Bootstrap tree #36, logLikelihood: -15561.204119
[00:07:24] Bootstrap tree #37, logLikelihood: -16257.261554
[00:07:33] Bootstrap tree #38, logLikelihood: -16022.814870
[00:07:41] Bootstrap tree #39, logLikelihood: -16526.528623
[00:07:49] Bootstrap tree #40, logLikelihood: -16838.646923
[00:07:58] Bootstrap tree #41, logLikelihood: -16021.267426
[00:08:06] Bootstrap tree #42, logLikelihood: -16042.840872
[00:08:16] Bootstrap tree #43, logLikelihood: -16144.962201
[00:08:25] Bootstrap tree #44, logLikelihood: -16307.503010
[00:08:36] Bootstrap tree #45, logLikelihood: -16304.810232
[00:08:45] Bootstrap tree #46, logLikelihood: -16660.990535
[00:08:53] Bootstrap tree #47, logLikelihood: -16187.216102
[00:09:03] Bootstrap tree #48, logLikelihood: -17120.054003
[00:09:14] Bootstrap tree #49, logLikelihood: -15620.596669
[00:09:27] Bootstrap tree #50, logLikelihood: -16591.754824
[00:09:34] Bootstrap tree #51, logLikelihood: -16615.323950
[00:09:45] Bootstrap tree #52, logLikelihood: -16798.297862
[00:09:54] Bootstrap tree #53, logLikelihood: -16291.396124
[00:10:05] Bootstrap tree #54, logLikelihood: -17018.529258
[00:10:14] Bootstrap tree #55, logLikelihood: -16019.551435
[00:10:23] Bootstrap tree #56, logLikelihood: -16691.615502
[00:10:31] Bootstrap tree #57, logLikelihood: -15980.256081
[00:10:42] Bootstrap tree #58, logLikelihood: -17182.464750
[00:11:01] Bootstrap tree #59, logLikelihood: -16095.002880
[00:11:11] Bootstrap tree #60, logLikelihood: -16450.175937
[00:11:21] Bootstrap tree #61, logLikelihood: -16404.109140
[00:11:32] Bootstrap tree #62, logLikelihood: -16800.338719
[00:11:42] Bootstrap tree #63, logLikelihood: -15927.459861
[00:11:53] Bootstrap tree #64, logLikelihood: -15656.089617
[00:12:03] Bootstrap tree #65, logLikelihood: -16077.582980
[00:12:13] Bootstrap tree #66, logLikelihood: -16832.814554
[00:12:23] Bootstrap tree #67, logLikelihood: -16099.879602
[00:12:38] Bootstrap tree #68, logLikelihood: -16776.861038
[00:12:47] Bootstrap tree #69, logLikelihood: -16882.504045
[00:12:57] Bootstrap tree #70, logLikelihood: -15863.028046
[00:13:06] Bootstrap tree #71, logLikelihood: -16216.609542
[00:13:15] Bootstrap tree #72, logLikelihood: -16150.296496
[00:13:27] Bootstrap tree #73, logLikelihood: -16054.132462
[00:13:35] Bootstrap tree #74, logLikelihood: -16562.471581
[00:13:45] Bootstrap tree #75, logLikelihood: -16833.168682
[00:13:57] Bootstrap tree #76, logLikelihood: -16333.316270
[00:14:08] Bootstrap tree #77, logLikelihood: -16569.880143
[00:14:18] Bootstrap tree #78, logLikelihood: -16103.974012
[00:14:31] Bootstrap tree #79, logLikelihood: -16063.133382
[00:14:41] Bootstrap tree #80, logLikelihood: -17011.117531
[00:14:58] Bootstrap tree #81, logLikelihood: -16812.936013
[00:15:09] Bootstrap tree #82, logLikelihood: -16431.402725
[00:15:18] Bootstrap tree #83, logLikelihood: -16022.258700
[00:15:33] Bootstrap tree #84, logLikelihood: -16634.510171
[00:15:44] Bootstrap tree #85, logLikelihood: -16241.599232
[00:15:57] Bootstrap tree #86, logLikelihood: -16646.488700
[00:16:06] Bootstrap tree #87, logLikelihood: -16139.692646
[00:16:17] Bootstrap tree #88, logLikelihood: -15978.571931
[00:16:27] Bootstrap tree #89, logLikelihood: -16511.432906
[00:16:38] Bootstrap tree #90, logLikelihood: -16331.326001
[00:16:49] Bootstrap tree #91, logLikelihood: -16068.497103
[00:17:00] Bootstrap tree #92, logLikelihood: -17028.396304
[00:17:10] Bootstrap tree #93, logLikelihood: -16609.188199
[00:17:22] Bootstrap tree #94, logLikelihood: -16382.240833
[00:17:37] Bootstrap tree #95, logLikelihood: -16798.695678
[00:17:48] Bootstrap tree #96, logLikelihood: -16008.761995
[00:18:00] Bootstrap tree #97, logLikelihood: -16920.012963
[00:18:13] Bootstrap tree #98, logLikelihood: -16548.445479
[00:18:23] Bootstrap tree #99, logLikelihood: -16297.849363
[00:18:34] Bootstrap tree #100, logLikelihood: -16339.306780

Optimized model parameters:

   Partition 0: noname
   Rate heterogeneity: GAMMA (4 cats, mean),  alpha: 0.409721 (ML),  weights&rates: (0.250000,0.018141) (0.250000,0.188979) (0.250000,0.741589) (0.250000,3.051290) 
   Base frequencies (ML): 0.227489 0.306380 0.258937 0.207194 
   Substitution rates (ML): 0.828724 3.207558 1.046774 0.756377 3.539631 1.000000 

Final LogLikelihood: -16414.028830

All ML trees saved to: /mnt/lustre/scratch/home/uvi/be/avs/cancer_genes_selection/genes/LPP/tree/LPP.raxml.mlTrees
Best ML tree saved to: /mnt/lustre/scratch/home/uvi/be/avs/cancer_genes_selection/genes/LPP/tree/LPP.raxml.bestTree
Best ML tree with bootstrap support values saved to: /mnt/lustre/scratch/home/uvi/be/avs/cancer_genes_selection/genes/LPP/tree/LPP.raxml.support
Optimized model saved to: /mnt/lustre/scratch/home/uvi/be/avs/cancer_genes_selection/genes/LPP/tree/LPP.raxml.bestModel
Bootstrap trees saved to: /mnt/lustre/scratch/home/uvi/be/avs/cancer_genes_selection/genes/LPP/tree/LPP.raxml.bootstraps

Execution log saved to: /mnt/lustre/scratch/home/uvi/be/avs/cancer_genes_selection/genes/LPP/tree/LPP.raxml.log

Analysis started: 21-Mar-2018 20:42:38 / finished: 21-Mar-2018 21:01:16

Elapsed time: 1117.758 seconds

