
RAxML-NG v. 0.5.1b BETA released on 01.12.2017 by The Exelixis Lab.
Authors: Alexey Kozlov, Alexandros Stamatakis, Diego Darriba, Tomas Flouri, Benoit Morel.
Latest version: https://github.com/amkozlov/raxml-ng
Questions/problems/suggestions? Please visit: https://groups.google.com/forum/#!forum/raxml

WARNING: This is a BETA release, please use at your own risk!

RAxML-NG was called as follows:

raxml-ng-mpi --all --msa /mnt/lustre/scratch/home/uvi/be/avs/cancer_genes_selection/genes/RBM15/align/RBM15_align_DNA_trimmed2.fasta --model GTR+G -tree pars{10} --bs-trees 100 --prefix /mnt/lustre/scratch/home/uvi/be/avs/cancer_genes_selection/genes/RBM15/tree/RBM15_trimmed --redo

Analysis options:
  run mode: ML tree search + bootstrapping
  start tree(s): parsimony (10)
  random seed: 1522103186
  tip-inner: ON
  pattern compression: ON
  per-rate scalers: OFF
  site repeats: OFF
  branch lengths: ML estimate (linked)
  SIMD kernels: AVX2
  parallelization: NONE/sequential

WARNING: Running in REDO mode: existing checkpoints are ignored, and all result files will be overwritten!

[00:00:00] Reading alignment from file: /mnt/lustre/scratch/home/uvi/be/avs/cancer_genes_selection/genes/RBM15/align/RBM15_align_DNA_trimmed2.fasta
[00:00:01] Loaded alignment with 28 taxa and 2913 sites

Alignment comprises 1 partitions and 909 patterns

Partition 0: noname
Model: GTR+FO+G4m
Alignment sites / patterns: 2913 / 909
Gaps: 1.99 %
Invariant sites: 65.91 %


[00:00:01] Generating parsimony starting tree(s) with 28 taxa
[00:00:01] Data distribution: partitions/thread: 1-1, patterns/thread: 909-909

Starting ML tree search with 10 distinct starting trees

[00:00:12] ML tree search #1, logLikelihood: -16236.701601
[00:00:20] ML tree search #2, logLikelihood: -16236.701644
[00:00:29] ML tree search #3, logLikelihood: -16236.701670
[00:00:40] ML tree search #4, logLikelihood: -16236.701845
[00:00:50] ML tree search #5, logLikelihood: -16236.701591
[00:00:59] ML tree search #6, logLikelihood: -16236.701560
[00:01:08] ML tree search #7, logLikelihood: -16236.701613
[00:01:17] ML tree search #8, logLikelihood: -16236.701583
[00:01:27] ML tree search #9, logLikelihood: -16236.701664
[00:01:41] ML tree search #10, logLikelihood: -16236.701712

[00:01:42] ML tree search completed, best tree logLH: -16236.701560

[00:01:42] Starting bootstrapping analysis with 100 replicates.

[00:01:53] Bootstrap tree #1, logLikelihood: -16805.723607
[00:02:07] Bootstrap tree #2, logLikelihood: -16256.747988
[00:02:17] Bootstrap tree #3, logLikelihood: -16798.822063
[00:02:30] Bootstrap tree #4, logLikelihood: -16581.939485
[00:02:40] Bootstrap tree #5, logLikelihood: -16386.118204
[00:02:50] Bootstrap tree #6, logLikelihood: -16266.594088
[00:03:03] Bootstrap tree #7, logLikelihood: -15865.146191
[00:03:15] Bootstrap tree #8, logLikelihood: -16508.905936
[00:03:27] Bootstrap tree #9, logLikelihood: -16099.722515
[00:03:39] Bootstrap tree #10, logLikelihood: -15437.773917
[00:03:53] Bootstrap tree #11, logLikelihood: -16819.170340
[00:04:06] Bootstrap tree #12, logLikelihood: -16178.507068
[00:04:18] Bootstrap tree #13, logLikelihood: -16101.627765
[00:04:30] Bootstrap tree #14, logLikelihood: -16487.496170
[00:04:41] Bootstrap tree #15, logLikelihood: -16337.372265
[00:04:54] Bootstrap tree #16, logLikelihood: -16296.523565
[00:05:05] Bootstrap tree #17, logLikelihood: -16042.377521
[00:05:17] Bootstrap tree #18, logLikelihood: -16766.485523
[00:05:28] Bootstrap tree #19, logLikelihood: -16362.055178
[00:05:40] Bootstrap tree #20, logLikelihood: -16302.314833
[00:05:52] Bootstrap tree #21, logLikelihood: -16395.493611
[00:06:05] Bootstrap tree #22, logLikelihood: -15862.824520
[00:06:16] Bootstrap tree #23, logLikelihood: -15653.330203
[00:06:29] Bootstrap tree #24, logLikelihood: -16080.890119
[00:06:43] Bootstrap tree #25, logLikelihood: -16376.061286
[00:06:58] Bootstrap tree #26, logLikelihood: -16634.465872
[00:07:11] Bootstrap tree #27, logLikelihood: -16510.339209
[00:07:23] Bootstrap tree #28, logLikelihood: -14988.263233
[00:07:36] Bootstrap tree #29, logLikelihood: -16216.428941
[00:07:49] Bootstrap tree #30, logLikelihood: -16363.637123
[00:08:00] Bootstrap tree #31, logLikelihood: -16444.593071
[00:08:15] Bootstrap tree #32, logLikelihood: -16352.241676
[00:08:28] Bootstrap tree #33, logLikelihood: -15930.396495
[00:08:41] Bootstrap tree #34, logLikelihood: -16646.544641
[00:08:56] Bootstrap tree #35, logLikelihood: -16139.068555
[00:09:11] Bootstrap tree #36, logLikelihood: -16365.274403
[00:09:24] Bootstrap tree #37, logLikelihood: -16241.795501
[00:09:36] Bootstrap tree #38, logLikelihood: -15984.821060
[00:09:51] Bootstrap tree #39, logLikelihood: -16286.203107
[00:10:03] Bootstrap tree #40, logLikelihood: -15698.016263
[00:10:16] Bootstrap tree #41, logLikelihood: -15946.990618
[00:10:29] Bootstrap tree #42, logLikelihood: -15647.109791
[00:10:44] Bootstrap tree #43, logLikelihood: -16444.897948
[00:10:57] Bootstrap tree #44, logLikelihood: -16234.361846
[00:11:11] Bootstrap tree #45, logLikelihood: -16389.707123
[00:11:24] Bootstrap tree #46, logLikelihood: -16130.084855
[00:11:37] Bootstrap tree #47, logLikelihood: -16348.251421
[00:11:50] Bootstrap tree #48, logLikelihood: -15543.994323
[00:12:06] Bootstrap tree #49, logLikelihood: -16844.265589
[00:12:25] Bootstrap tree #50, logLikelihood: -15943.932368
[00:12:37] Bootstrap tree #51, logLikelihood: -15904.023871
[00:12:50] Bootstrap tree #52, logLikelihood: -16490.832614
[00:13:05] Bootstrap tree #53, logLikelihood: -16287.559940
[00:13:16] Bootstrap tree #54, logLikelihood: -16190.400823
[00:13:30] Bootstrap tree #55, logLikelihood: -16678.480127
[00:13:47] Bootstrap tree #56, logLikelihood: -15964.060682
[00:14:05] Bootstrap tree #57, logLikelihood: -16688.594617
[00:14:19] Bootstrap tree #58, logLikelihood: -16361.182457
[00:14:33] Bootstrap tree #59, logLikelihood: -16545.316847
[00:14:47] Bootstrap tree #60, logLikelihood: -16667.769628
[00:15:04] Bootstrap tree #61, logLikelihood: -15958.053664
[00:15:18] Bootstrap tree #62, logLikelihood: -15983.304710
[00:15:32] Bootstrap tree #63, logLikelihood: -16508.599510
[00:15:54] Bootstrap tree #64, logLikelihood: -16022.766500
[00:16:09] Bootstrap tree #65, logLikelihood: -16407.928454
[00:16:23] Bootstrap tree #66, logLikelihood: -16203.004449
[00:16:38] Bootstrap tree #67, logLikelihood: -16015.051372
[00:16:53] Bootstrap tree #68, logLikelihood: -16057.505234
[00:17:10] Bootstrap tree #69, logLikelihood: -16181.386349
[00:17:30] Bootstrap tree #70, logLikelihood: -16319.741223
[00:17:45] Bootstrap tree #71, logLikelihood: -16062.160485
[00:17:59] Bootstrap tree #72, logLikelihood: -16029.287148
[00:18:14] Bootstrap tree #73, logLikelihood: -16505.608100
[00:18:28] Bootstrap tree #74, logLikelihood: -16249.185814
[00:18:44] Bootstrap tree #75, logLikelihood: -16574.512226
[00:18:58] Bootstrap tree #76, logLikelihood: -15976.629712
[00:19:12] Bootstrap tree #77, logLikelihood: -16392.623123
[00:19:25] Bootstrap tree #78, logLikelihood: -16122.452652
[00:19:40] Bootstrap tree #79, logLikelihood: -16224.708463
[00:19:55] Bootstrap tree #80, logLikelihood: -16309.809242
[00:20:12] Bootstrap tree #81, logLikelihood: -16405.738614
[00:20:27] Bootstrap tree #82, logLikelihood: -16120.046245
[00:20:39] Bootstrap tree #83, logLikelihood: -15754.096382
[00:20:54] Bootstrap tree #84, logLikelihood: -15675.723308
[00:21:11] Bootstrap tree #85, logLikelihood: -15822.626990
[00:21:26] Bootstrap tree #86, logLikelihood: -16324.982441
[00:21:44] Bootstrap tree #87, logLikelihood: -15922.474423
[00:21:59] Bootstrap tree #88, logLikelihood: -16305.118626
[00:22:14] Bootstrap tree #89, logLikelihood: -15892.726737
[00:22:30] Bootstrap tree #90, logLikelihood: -16196.910978
[00:22:48] Bootstrap tree #91, logLikelihood: -16352.879907
[00:23:05] Bootstrap tree #92, logLikelihood: -15911.126970
[00:23:22] Bootstrap tree #93, logLikelihood: -16078.706345
[00:23:38] Bootstrap tree #94, logLikelihood: -15909.749487
[00:23:55] Bootstrap tree #95, logLikelihood: -16135.472187
[00:24:09] Bootstrap tree #96, logLikelihood: -16528.835329
[00:24:23] Bootstrap tree #97, logLikelihood: -16213.466307
[00:24:35] Bootstrap tree #98, logLikelihood: -16675.052850
[00:24:47] Bootstrap tree #99, logLikelihood: -16307.032834
[00:25:00] Bootstrap tree #100, logLikelihood: -16786.216011

Optimized model parameters:

   Partition 0: noname
   Rate heterogeneity: GAMMA (4 cats, mean),  alpha: 0.267755 (ML),  weights&rates: (0.250000,0.003044) (0.250000,0.079779) (0.250000,0.537463) (0.250000,3.379714) 
   Base frequencies (ML): 0.228464 0.259352 0.304107 0.208077 
   Substitution rates (ML): 1.586051 4.256529 1.523277 0.610749 5.067092 1.000000 

Final LogLikelihood: -16236.701560

All ML trees saved to: /mnt/lustre/scratch/home/uvi/be/avs/cancer_genes_selection/genes/RBM15/tree/RBM15_trimmed.raxml.mlTrees
Best ML tree saved to: /mnt/lustre/scratch/home/uvi/be/avs/cancer_genes_selection/genes/RBM15/tree/RBM15_trimmed.raxml.bestTree
Best ML tree with bootstrap support values saved to: /mnt/lustre/scratch/home/uvi/be/avs/cancer_genes_selection/genes/RBM15/tree/RBM15_trimmed.raxml.support
Optimized model saved to: /mnt/lustre/scratch/home/uvi/be/avs/cancer_genes_selection/genes/RBM15/tree/RBM15_trimmed.raxml.bestModel
Bootstrap trees saved to: /mnt/lustre/scratch/home/uvi/be/avs/cancer_genes_selection/genes/RBM15/tree/RBM15_trimmed.raxml.bootstraps

Execution log saved to: /mnt/lustre/scratch/home/uvi/be/avs/cancer_genes_selection/genes/RBM15/tree/RBM15_trimmed.raxml.log

Analysis started: 27-Mar-2018 00:26:26 / finished: 27-Mar-2018 00:51:31

Elapsed time: 1505.437 seconds

