
RAxML-NG v. 0.5.1b BETA released on 01.12.2017 by The Exelixis Lab.
Authors: Alexey Kozlov, Alexandros Stamatakis, Diego Darriba, Tomas Flouri, Benoit Morel.
Latest version: https://github.com/amkozlov/raxml-ng
Questions/problems/suggestions? Please visit: https://groups.google.com/forum/#!forum/raxml

WARNING: This is a BETA release, please use at your own risk!

RAxML-NG was called as follows:

raxml-ng-mpi --all --msa /mnt/lustre/scratch/home/uvi/be/avs/cancer_genes_selection/genes/HIF1A/align/HIF1A_align_DNA_trimmed2.fasta --model GTR+G -tree pars{10} --bs-trees 100 --prefix /mnt/lustre/scratch/home/uvi/be/avs/cancer_genes_selection/genes/HIF1A/tree/HIF1A_trimmed --redo

Analysis options:
  run mode: ML tree search + bootstrapping
  start tree(s): parsimony (10)
  random seed: 1522094498
  tip-inner: ON
  pattern compression: ON
  per-rate scalers: OFF
  site repeats: OFF
  branch lengths: ML estimate (linked)
  SIMD kernels: AVX2
  parallelization: NONE/sequential

WARNING: Running in REDO mode: existing checkpoints are ignored, and all result files will be overwritten!

[00:00:01] Reading alignment from file: /mnt/lustre/scratch/home/uvi/be/avs/cancer_genes_selection/genes/HIF1A/align/HIF1A_align_DNA_trimmed2.fasta
[00:00:01] Loaded alignment with 23 taxa and 2472 sites

Alignment comprises 1 partitions and 1031 patterns

Partition 0: noname
Model: GTR+FO+G4m
Alignment sites / patterns: 2472 / 1031
Gaps: 3.65 %
Invariant sites: 53.32 %


[00:00:01] Generating parsimony starting tree(s) with 23 taxa
[00:00:02] Data distribution: partitions/thread: 1-1, patterns/thread: 1031-1031

Starting ML tree search with 10 distinct starting trees

[00:00:14] ML tree search #1, logLikelihood: -15548.258355
[00:00:25] ML tree search #2, logLikelihood: -15548.258117
[00:00:37] ML tree search #3, logLikelihood: -15548.258344
[00:00:48] ML tree search #4, logLikelihood: -15548.258466
[00:01:02] ML tree search #5, logLikelihood: -15548.258069
[00:01:14] ML tree search #6, logLikelihood: -15548.258252
[00:01:27] ML tree search #7, logLikelihood: -15548.258434
[00:01:37] ML tree search #8, logLikelihood: -15548.258441
[00:01:52] ML tree search #9, logLikelihood: -15548.257994
[00:02:05] ML tree search #10, logLikelihood: -15548.257992

[00:02:06] ML tree search completed, best tree logLH: -15548.257992

[00:02:06] Starting bootstrapping analysis with 100 replicates.

[00:02:18] Bootstrap tree #1, logLikelihood: -14950.743610
[00:02:29] Bootstrap tree #2, logLikelihood: -14956.010516
[00:02:42] Bootstrap tree #3, logLikelihood: -15376.575924
[00:02:56] Bootstrap tree #4, logLikelihood: -15914.605098
[00:03:11] Bootstrap tree #5, logLikelihood: -15480.839497
[00:03:25] Bootstrap tree #6, logLikelihood: -16085.552769
[00:03:38] Bootstrap tree #7, logLikelihood: -15638.734177
[00:03:50] Bootstrap tree #8, logLikelihood: -15894.578443
[00:04:06] Bootstrap tree #9, logLikelihood: -15729.406506
[00:04:20] Bootstrap tree #10, logLikelihood: -15680.848462
[00:04:32] Bootstrap tree #11, logLikelihood: -15341.762869
[00:04:45] Bootstrap tree #12, logLikelihood: -15442.975930
[00:04:58] Bootstrap tree #13, logLikelihood: -15659.323615
[00:05:09] Bootstrap tree #14, logLikelihood: -15744.695166
[00:05:22] Bootstrap tree #15, logLikelihood: -15443.929671
[00:05:35] Bootstrap tree #16, logLikelihood: -15795.195225
[00:05:50] Bootstrap tree #17, logLikelihood: -15773.844386
[00:06:02] Bootstrap tree #18, logLikelihood: -15152.821231
[00:06:15] Bootstrap tree #19, logLikelihood: -15382.809315
[00:06:28] Bootstrap tree #20, logLikelihood: -15312.990400
[00:06:41] Bootstrap tree #21, logLikelihood: -15374.543138
[00:06:53] Bootstrap tree #22, logLikelihood: -15465.943235
[00:07:05] Bootstrap tree #23, logLikelihood: -15701.358206
[00:07:17] Bootstrap tree #24, logLikelihood: -15805.931790
[00:07:28] Bootstrap tree #25, logLikelihood: -15626.591525
[00:07:37] Bootstrap tree #26, logLikelihood: -15568.419193
[00:07:48] Bootstrap tree #27, logLikelihood: -14672.158791
[00:08:02] Bootstrap tree #28, logLikelihood: -15905.932849
[00:08:14] Bootstrap tree #29, logLikelihood: -15683.679254
[00:08:25] Bootstrap tree #30, logLikelihood: -15432.926560
[00:08:38] Bootstrap tree #31, logLikelihood: -15394.057851
[00:08:51] Bootstrap tree #32, logLikelihood: -15956.264781
[00:09:05] Bootstrap tree #33, logLikelihood: -15501.105772
[00:09:19] Bootstrap tree #34, logLikelihood: -15888.775787
[00:09:34] Bootstrap tree #35, logLikelihood: -15518.620480
[00:09:45] Bootstrap tree #36, logLikelihood: -15809.650780
[00:10:00] Bootstrap tree #37, logLikelihood: -15184.099159
[00:10:13] Bootstrap tree #38, logLikelihood: -15899.161041
[00:10:26] Bootstrap tree #39, logLikelihood: -15033.668519
[00:10:42] Bootstrap tree #40, logLikelihood: -15637.657869
[00:10:57] Bootstrap tree #41, logLikelihood: -14916.948120
[00:11:10] Bootstrap tree #42, logLikelihood: -15193.291574
[00:11:23] Bootstrap tree #43, logLikelihood: -15957.801559
[00:11:36] Bootstrap tree #44, logLikelihood: -15310.813445
[00:11:49] Bootstrap tree #45, logLikelihood: -15513.722758
[00:12:06] Bootstrap tree #46, logLikelihood: -15510.550431
[00:12:21] Bootstrap tree #47, logLikelihood: -15586.064282
[00:12:35] Bootstrap tree #48, logLikelihood: -15483.336006
[00:12:49] Bootstrap tree #49, logLikelihood: -15839.675438
[00:13:05] Bootstrap tree #50, logLikelihood: -14919.160615
[00:13:19] Bootstrap tree #51, logLikelihood: -15587.012731
[00:13:34] Bootstrap tree #52, logLikelihood: -15256.892880
[00:13:47] Bootstrap tree #53, logLikelihood: -15595.993646
[00:14:00] Bootstrap tree #54, logLikelihood: -15361.996541
[00:14:14] Bootstrap tree #55, logLikelihood: -15263.277684
[00:14:27] Bootstrap tree #56, logLikelihood: -15389.725291
[00:14:39] Bootstrap tree #57, logLikelihood: -15375.075656
[00:14:51] Bootstrap tree #58, logLikelihood: -15707.615831
[00:15:01] Bootstrap tree #59, logLikelihood: -15373.357883
[00:15:13] Bootstrap tree #60, logLikelihood: -14996.065181
[00:15:26] Bootstrap tree #61, logLikelihood: -15602.989101
[00:15:43] Bootstrap tree #62, logLikelihood: -15312.762066
[00:15:55] Bootstrap tree #63, logLikelihood: -15207.066545
[00:16:07] Bootstrap tree #64, logLikelihood: -15524.899070
[00:16:19] Bootstrap tree #65, logLikelihood: -15435.274917
[00:16:30] Bootstrap tree #66, logLikelihood: -15374.998552
[00:16:40] Bootstrap tree #67, logLikelihood: -15254.606294
[00:16:52] Bootstrap tree #68, logLikelihood: -15440.613974
[00:17:03] Bootstrap tree #69, logLikelihood: -15649.314604
[00:17:14] Bootstrap tree #70, logLikelihood: -16034.426373
[00:17:23] Bootstrap tree #71, logLikelihood: -15675.130115
[00:17:36] Bootstrap tree #72, logLikelihood: -15557.389585
[00:17:47] Bootstrap tree #73, logLikelihood: -15899.748277
[00:17:59] Bootstrap tree #74, logLikelihood: -15322.265470
[00:18:09] Bootstrap tree #75, logLikelihood: -15252.659284
[00:18:20] Bootstrap tree #76, logLikelihood: -15526.237514
[00:18:30] Bootstrap tree #77, logLikelihood: -15210.184847
[00:18:44] Bootstrap tree #78, logLikelihood: -15544.401372
[00:18:56] Bootstrap tree #79, logLikelihood: -16033.731316
[00:19:08] Bootstrap tree #80, logLikelihood: -15283.281205
[00:19:22] Bootstrap tree #81, logLikelihood: -15377.372928
[00:19:35] Bootstrap tree #82, logLikelihood: -15101.452781
[00:19:46] Bootstrap tree #83, logLikelihood: -15671.118329
[00:19:58] Bootstrap tree #84, logLikelihood: -15916.851580
[00:20:09] Bootstrap tree #85, logLikelihood: -14971.632168
[00:20:23] Bootstrap tree #86, logLikelihood: -15900.283802
[00:20:35] Bootstrap tree #87, logLikelihood: -15490.479280
[00:20:46] Bootstrap tree #88, logLikelihood: -15172.892403
[00:21:00] Bootstrap tree #89, logLikelihood: -15396.729637
[00:21:12] Bootstrap tree #90, logLikelihood: -15551.246667
[00:21:22] Bootstrap tree #91, logLikelihood: -15012.870629
[00:21:34] Bootstrap tree #92, logLikelihood: -15870.104934
[00:21:43] Bootstrap tree #93, logLikelihood: -15821.113193
[00:21:55] Bootstrap tree #94, logLikelihood: -15536.409929
[00:22:05] Bootstrap tree #95, logLikelihood: -15414.929472
[00:22:17] Bootstrap tree #96, logLikelihood: -15434.167003
[00:22:29] Bootstrap tree #97, logLikelihood: -15070.782857
[00:22:40] Bootstrap tree #98, logLikelihood: -15501.199723
[00:22:52] Bootstrap tree #99, logLikelihood: -15695.137904
[00:23:01] Bootstrap tree #100, logLikelihood: -15205.051686

Optimized model parameters:

   Partition 0: noname
   Rate heterogeneity: GAMMA (4 cats, mean),  alpha: 0.484901 (ML),  weights&rates: (0.250000,0.030625) (0.250000,0.241945) (0.250000,0.808964) (0.250000,2.918467) 
   Base frequencies (ML): 0.299390 0.221432 0.223857 0.255321 
   Substitution rates (ML): 1.470550 4.788702 0.863690 0.980023 6.133105 1.000000 

Final LogLikelihood: -15548.257992

All ML trees saved to: /mnt/lustre/scratch/home/uvi/be/avs/cancer_genes_selection/genes/HIF1A/tree/HIF1A_trimmed.raxml.mlTrees
Best ML tree saved to: /mnt/lustre/scratch/home/uvi/be/avs/cancer_genes_selection/genes/HIF1A/tree/HIF1A_trimmed.raxml.bestTree
Best ML tree with bootstrap support values saved to: /mnt/lustre/scratch/home/uvi/be/avs/cancer_genes_selection/genes/HIF1A/tree/HIF1A_trimmed.raxml.support
Optimized model saved to: /mnt/lustre/scratch/home/uvi/be/avs/cancer_genes_selection/genes/HIF1A/tree/HIF1A_trimmed.raxml.bestModel
Bootstrap trees saved to: /mnt/lustre/scratch/home/uvi/be/avs/cancer_genes_selection/genes/HIF1A/tree/HIF1A_trimmed.raxml.bootstraps

Execution log saved to: /mnt/lustre/scratch/home/uvi/be/avs/cancer_genes_selection/genes/HIF1A/tree/HIF1A_trimmed.raxml.log

Analysis started: 26-Mar-2018 22:01:38 / finished: 26-Mar-2018 22:24:43

Elapsed time: 1385.263 seconds

