
RAxML-NG v. 0.5.1b BETA released on 01.12.2017 by The Exelixis Lab.
Authors: Alexey Kozlov, Alexandros Stamatakis, Diego Darriba, Tomas Flouri, Benoit Morel.
Latest version: https://github.com/amkozlov/raxml-ng
Questions/problems/suggestions? Please visit: https://groups.google.com/forum/#!forum/raxml

WARNING: This is a BETA release, please use at your own risk!

RAxML-NG was called as follows:

raxml-ng-mpi --all --msa /mnt/lustre/scratch/home/uvi/be/avs/cancer_genes_selection/genes/NUP98/align/NUP98_align_DNA_trimmed.fasta --model GTR+G -tree pars{10} --bs-trees 100 --prefix /mnt/lustre/scratch/home/uvi/be/avs/cancer_genes_selection/genes/NUP98/tree/NUP98 --redo

Analysis options:
  run mode: ML tree search + bootstrapping
  start tree(s): parsimony (10)
  random seed: 1521665221
  tip-inner: ON
  pattern compression: ON
  per-rate scalers: OFF
  site repeats: OFF
  branch lengths: ML estimate (linked)
  SIMD kernels: AVX2
  parallelization: NONE/sequential

WARNING: Running in REDO mode: existing checkpoints are ignored, and all result files will be overwritten!

[00:00:00] Reading alignment from file: /mnt/lustre/scratch/home/uvi/be/avs/cancer_genes_selection/genes/NUP98/align/NUP98_align_DNA_trimmed.fasta
[00:00:00] Loaded alignment with 29 taxa and 5454 sites

Alignment comprises 1 partitions and 2376 patterns

Partition 0: noname
Model: GTR+FO+G4m
Alignment sites / patterns: 5454 / 2376
Gaps: 5.69 %
Invariant sites: 52.77 %


[00:00:00] Generating parsimony starting tree(s) with 29 taxa
[00:00:01] Data distribution: partitions/thread: 1-1, patterns/thread: 2376-2376

Starting ML tree search with 10 distinct starting trees

[00:00:17] ML tree search #1, logLikelihood: -37554.991152
[00:00:35] ML tree search #2, logLikelihood: -37554.991228
[00:00:51] ML tree search #3, logLikelihood: -37554.990830
[00:01:10] ML tree search #4, logLikelihood: -37554.991029
[00:01:27] ML tree search #5, logLikelihood: -37554.991249
[00:01:44] ML tree search #6, logLikelihood: -37554.991255
[00:02:02] ML tree search #7, logLikelihood: -37554.991084
[00:02:18] ML tree search #8, logLikelihood: -37554.991450
[00:02:38] ML tree search #9, logLikelihood: -37554.990757
[00:02:55] ML tree search #10, logLikelihood: -37554.991095

[00:02:55] ML tree search completed, best tree logLH: -37554.990757

[00:02:55] Starting bootstrapping analysis with 100 replicates.

[00:03:12] Bootstrap tree #1, logLikelihood: -38872.646914
[00:03:26] Bootstrap tree #2, logLikelihood: -37284.458425
[00:03:40] Bootstrap tree #3, logLikelihood: -36721.833080
[00:03:57] Bootstrap tree #4, logLikelihood: -38310.709931
[00:04:14] Bootstrap tree #5, logLikelihood: -38052.322255
[00:04:34] Bootstrap tree #6, logLikelihood: -37431.403542
[00:05:02] Bootstrap tree #7, logLikelihood: -37734.511916
[00:05:17] Bootstrap tree #8, logLikelihood: -37850.389446
[00:05:32] Bootstrap tree #9, logLikelihood: -38297.343975
[00:05:47] Bootstrap tree #10, logLikelihood: -36939.630585
[00:06:03] Bootstrap tree #11, logLikelihood: -37245.066803
[00:06:22] Bootstrap tree #12, logLikelihood: -37279.622073
[00:06:38] Bootstrap tree #13, logLikelihood: -37022.969942
[00:06:54] Bootstrap tree #14, logLikelihood: -37221.795447
[00:07:07] Bootstrap tree #15, logLikelihood: -37312.176518
[00:07:25] Bootstrap tree #16, logLikelihood: -37174.455892
[00:07:38] Bootstrap tree #17, logLikelihood: -37362.695457
[00:07:56] Bootstrap tree #18, logLikelihood: -37430.745315
[00:08:15] Bootstrap tree #19, logLikelihood: -37455.020986
[00:08:29] Bootstrap tree #20, logLikelihood: -37462.245205
[00:08:47] Bootstrap tree #21, logLikelihood: -37278.907547
[00:09:05] Bootstrap tree #22, logLikelihood: -37138.835832
[00:09:20] Bootstrap tree #23, logLikelihood: -37557.714847
[00:09:35] Bootstrap tree #24, logLikelihood: -37725.252806
[00:09:53] Bootstrap tree #25, logLikelihood: -37038.917354
[00:10:07] Bootstrap tree #26, logLikelihood: -37899.220064
[00:10:26] Bootstrap tree #27, logLikelihood: -37410.663594
[00:10:40] Bootstrap tree #28, logLikelihood: -37175.019521
[00:11:00] Bootstrap tree #29, logLikelihood: -38087.244774
[00:11:20] Bootstrap tree #30, logLikelihood: -37178.914439
[00:11:34] Bootstrap tree #31, logLikelihood: -37830.404931
[00:11:48] Bootstrap tree #32, logLikelihood: -38379.430461
[00:12:02] Bootstrap tree #33, logLikelihood: -36957.313648
[00:12:19] Bootstrap tree #34, logLikelihood: -37797.093258
[00:12:40] Bootstrap tree #35, logLikelihood: -37811.204681
[00:12:56] Bootstrap tree #36, logLikelihood: -37501.625467
[00:13:12] Bootstrap tree #37, logLikelihood: -38220.151311
[00:13:27] Bootstrap tree #38, logLikelihood: -37484.375289
[00:13:47] Bootstrap tree #39, logLikelihood: -37184.275841
[00:14:09] Bootstrap tree #40, logLikelihood: -37794.667856
[00:14:26] Bootstrap tree #41, logLikelihood: -37221.580153
[00:14:42] Bootstrap tree #42, logLikelihood: -38256.000568
[00:14:58] Bootstrap tree #43, logLikelihood: -37788.751759
[00:15:15] Bootstrap tree #44, logLikelihood: -37441.992119
[00:15:34] Bootstrap tree #45, logLikelihood: -37479.644926
[00:15:53] Bootstrap tree #46, logLikelihood: -38019.544247
[00:16:10] Bootstrap tree #47, logLikelihood: -37818.898629
[00:16:27] Bootstrap tree #48, logLikelihood: -37305.296469
[00:16:44] Bootstrap tree #49, logLikelihood: -37431.789030
[00:17:04] Bootstrap tree #50, logLikelihood: -37246.061839
[00:17:25] Bootstrap tree #51, logLikelihood: -37135.468306
[00:17:45] Bootstrap tree #52, logLikelihood: -38073.600284
[00:18:02] Bootstrap tree #53, logLikelihood: -37867.978016
[00:18:19] Bootstrap tree #54, logLikelihood: -37742.702682
[00:18:38] Bootstrap tree #55, logLikelihood: -37321.543390
[00:18:56] Bootstrap tree #56, logLikelihood: -38141.950771
[00:19:17] Bootstrap tree #57, logLikelihood: -37200.682451
[00:19:37] Bootstrap tree #58, logLikelihood: -36735.803678
[00:19:54] Bootstrap tree #59, logLikelihood: -37736.677969
[00:20:10] Bootstrap tree #60, logLikelihood: -35930.690107
[00:20:28] Bootstrap tree #61, logLikelihood: -37935.379577
[00:20:45] Bootstrap tree #62, logLikelihood: -37969.633845
[00:21:01] Bootstrap tree #63, logLikelihood: -36926.267405
[00:21:17] Bootstrap tree #64, logLikelihood: -37763.876252
[00:21:39] Bootstrap tree #65, logLikelihood: -37273.770949
[00:21:57] Bootstrap tree #66, logLikelihood: -38398.785136
[00:22:14] Bootstrap tree #67, logLikelihood: -37052.174687
[00:22:35] Bootstrap tree #68, logLikelihood: -38215.899205
[00:22:57] Bootstrap tree #69, logLikelihood: -37151.535641
[00:23:17] Bootstrap tree #70, logLikelihood: -37203.884710
[00:23:32] Bootstrap tree #71, logLikelihood: -37424.458084
[00:23:50] Bootstrap tree #72, logLikelihood: -36939.404278
[00:24:07] Bootstrap tree #73, logLikelihood: -37974.113108
[00:24:26] Bootstrap tree #74, logLikelihood: -37319.258506
[00:24:43] Bootstrap tree #75, logLikelihood: -37363.697823
[00:24:59] Bootstrap tree #76, logLikelihood: -37809.800348
[00:25:21] Bootstrap tree #77, logLikelihood: -37810.765810
[00:25:40] Bootstrap tree #78, logLikelihood: -37799.402090
[00:25:56] Bootstrap tree #79, logLikelihood: -36690.011286
[00:26:11] Bootstrap tree #80, logLikelihood: -37700.227662
[00:26:27] Bootstrap tree #81, logLikelihood: -36882.612939
[00:26:47] Bootstrap tree #82, logLikelihood: -37542.281761
[00:27:06] Bootstrap tree #83, logLikelihood: -36984.876188
[00:27:21] Bootstrap tree #84, logLikelihood: -37739.196124
[00:27:40] Bootstrap tree #85, logLikelihood: -38335.442314
[00:27:54] Bootstrap tree #86, logLikelihood: -37459.699362
[00:28:11] Bootstrap tree #87, logLikelihood: -37485.162988
[00:28:33] Bootstrap tree #88, logLikelihood: -37566.198395
[00:28:56] Bootstrap tree #89, logLikelihood: -37781.992303
[00:29:16] Bootstrap tree #90, logLikelihood: -36831.158172
[00:29:33] Bootstrap tree #91, logLikelihood: -37091.818044
[00:29:51] Bootstrap tree #92, logLikelihood: -37272.959746
[00:30:05] Bootstrap tree #93, logLikelihood: -37627.485265
[00:30:25] Bootstrap tree #94, logLikelihood: -38158.973269
[00:30:43] Bootstrap tree #95, logLikelihood: -38021.105547
[00:30:59] Bootstrap tree #96, logLikelihood: -37143.266076
[00:31:15] Bootstrap tree #97, logLikelihood: -38038.278945
[00:31:36] Bootstrap tree #98, logLikelihood: -37191.117406
[00:31:53] Bootstrap tree #99, logLikelihood: -36891.361812
[00:32:10] Bootstrap tree #100, logLikelihood: -37456.314147

Optimized model parameters:

   Partition 0: noname
   Rate heterogeneity: GAMMA (4 cats, mean),  alpha: 0.425308 (ML),  weights&rates: (0.250000,0.020528) (0.250000,0.200395) (0.250000,0.757276) (0.250000,3.021800) 
   Base frequencies (ML): 0.284867 0.243469 0.218102 0.253563 
   Substitution rates (ML): 1.271343 5.654841 1.036147 1.000949 5.512391 1.000000 

Final LogLikelihood: -37554.990757

All ML trees saved to: /mnt/lustre/scratch/home/uvi/be/avs/cancer_genes_selection/genes/NUP98/tree/NUP98.raxml.mlTrees
Best ML tree saved to: /mnt/lustre/scratch/home/uvi/be/avs/cancer_genes_selection/genes/NUP98/tree/NUP98.raxml.bestTree
Best ML tree with bootstrap support values saved to: /mnt/lustre/scratch/home/uvi/be/avs/cancer_genes_selection/genes/NUP98/tree/NUP98.raxml.support
Optimized model saved to: /mnt/lustre/scratch/home/uvi/be/avs/cancer_genes_selection/genes/NUP98/tree/NUP98.raxml.bestModel
Bootstrap trees saved to: /mnt/lustre/scratch/home/uvi/be/avs/cancer_genes_selection/genes/NUP98/tree/NUP98.raxml.bootstraps

Execution log saved to: /mnt/lustre/scratch/home/uvi/be/avs/cancer_genes_selection/genes/NUP98/tree/NUP98.raxml.log

Analysis started: 21-Mar-2018 21:47:01 / finished: 21-Mar-2018 22:19:15

Elapsed time: 1933.905 seconds

