
RAxML-NG v. 0.5.1b BETA released on 01.12.2017 by The Exelixis Lab.
Authors: Alexey Kozlov, Alexandros Stamatakis, Diego Darriba, Tomas Flouri, Benoit Morel.
Latest version: https://github.com/amkozlov/raxml-ng
Questions/problems/suggestions? Please visit: https://groups.google.com/forum/#!forum/raxml

WARNING: This is a BETA release, please use at your own risk!

RAxML-NG was called as follows:

raxml-ng-mpi --all --msa /mnt/lustre/scratch/home/uvi/be/avs/cancer_genes_selection/genes/RHOH/align/RHOH_align_DNA_trimmed.fasta --model GTR+G -tree pars{10} --bs-trees 100 --prefix /mnt/lustre/scratch/home/uvi/be/avs/cancer_genes_selection/genes/RHOH/tree/RHOH --redo

Analysis options:
  run mode: ML tree search + bootstrapping
  start tree(s): parsimony (10)
  random seed: 1521668407
  tip-inner: ON
  pattern compression: ON
  per-rate scalers: OFF
  site repeats: OFF
  branch lengths: ML estimate (linked)
  SIMD kernels: AVX2
  parallelization: NONE/sequential

WARNING: Running in REDO mode: existing checkpoints are ignored, and all result files will be overwritten!

[00:00:00] Reading alignment from file: /mnt/lustre/scratch/home/uvi/be/avs/cancer_genes_selection/genes/RHOH/align/RHOH_align_DNA_trimmed.fasta
[00:00:00] Loaded alignment with 29 taxa and 576 sites

Alignment comprises 1 partitions and 234 patterns

Partition 0: noname
Model: GTR+FO+G4m
Alignment sites / patterns: 576 / 234
Gaps: 0.05 %
Invariant sites: 57.12 %


[00:00:01] Generating parsimony starting tree(s) with 29 taxa
[00:00:01] Data distribution: partitions/thread: 1-1, patterns/thread: 234-234

Starting ML tree search with 10 distinct starting trees

[00:00:05] ML tree search #1, logLikelihood: -4331.335957
[00:00:09] ML tree search #2, logLikelihood: -4331.333848
[00:00:14] ML tree search #3, logLikelihood: -4331.338001
[00:00:19] ML tree search #4, logLikelihood: -4331.343247
[00:00:24] ML tree search #5, logLikelihood: -4331.337853
[00:00:28] ML tree search #6, logLikelihood: -4331.341527
[00:00:33] ML tree search #7, logLikelihood: -4331.344084
[00:00:38] ML tree search #8, logLikelihood: -4331.348711
[00:00:42] ML tree search #9, logLikelihood: -4331.335815
[00:00:46] ML tree search #10, logLikelihood: -4331.335283

[00:00:46] ML tree search completed, best tree logLH: -4331.333848

[00:00:47] Starting bootstrapping analysis with 100 replicates.

[00:00:51] Bootstrap tree #1, logLikelihood: -4208.145262
[00:00:57] Bootstrap tree #2, logLikelihood: -4498.020191
[00:01:02] Bootstrap tree #3, logLikelihood: -4145.637286
[00:01:07] Bootstrap tree #4, logLikelihood: -4242.861288
[00:01:11] Bootstrap tree #5, logLikelihood: -4456.156726
[00:01:17] Bootstrap tree #6, logLikelihood: -4387.129349
[00:01:22] Bootstrap tree #7, logLikelihood: -4431.996609
[00:01:27] Bootstrap tree #8, logLikelihood: -4286.942728
[00:01:32] Bootstrap tree #9, logLikelihood: -4295.508688
[00:01:37] Bootstrap tree #10, logLikelihood: -4378.676363
[00:01:42] Bootstrap tree #11, logLikelihood: -4321.321462
[00:01:47] Bootstrap tree #12, logLikelihood: -4168.009876
[00:01:52] Bootstrap tree #13, logLikelihood: -3879.606589
[00:01:57] Bootstrap tree #14, logLikelihood: -4341.856042
[00:02:01] Bootstrap tree #15, logLikelihood: -4437.342162
[00:02:06] Bootstrap tree #16, logLikelihood: -4350.125989
[00:02:12] Bootstrap tree #17, logLikelihood: -4129.379599
[00:02:18] Bootstrap tree #18, logLikelihood: -3892.751408
[00:02:23] Bootstrap tree #19, logLikelihood: -4281.435731
[00:02:28] Bootstrap tree #20, logLikelihood: -4318.384334
[00:02:33] Bootstrap tree #21, logLikelihood: -4280.696934
[00:02:38] Bootstrap tree #22, logLikelihood: -4209.350019
[00:02:42] Bootstrap tree #23, logLikelihood: -4158.002482
[00:02:47] Bootstrap tree #24, logLikelihood: -4027.604624
[00:02:52] Bootstrap tree #25, logLikelihood: -4341.026462
[00:02:58] Bootstrap tree #26, logLikelihood: -4097.453042
[00:03:04] Bootstrap tree #27, logLikelihood: -4704.261064
[00:03:09] Bootstrap tree #28, logLikelihood: -4376.084528
[00:03:13] Bootstrap tree #29, logLikelihood: -4389.284580
[00:03:18] Bootstrap tree #30, logLikelihood: -4484.293849
[00:03:25] Bootstrap tree #31, logLikelihood: -4431.772053
[00:03:31] Bootstrap tree #32, logLikelihood: -4399.952072
[00:03:36] Bootstrap tree #33, logLikelihood: -4139.287319
[00:03:41] Bootstrap tree #34, logLikelihood: -4382.245089
[00:03:47] Bootstrap tree #35, logLikelihood: -4291.726314
[00:03:53] Bootstrap tree #36, logLikelihood: -4469.451032
[00:03:58] Bootstrap tree #37, logLikelihood: -4295.006559
[00:04:04] Bootstrap tree #38, logLikelihood: -4284.775852
[00:04:10] Bootstrap tree #39, logLikelihood: -4487.396375
[00:04:15] Bootstrap tree #40, logLikelihood: -4531.452473
[00:04:21] Bootstrap tree #41, logLikelihood: -4479.055059
[00:04:27] Bootstrap tree #42, logLikelihood: -4416.876912
[00:04:32] Bootstrap tree #43, logLikelihood: -4134.680167
[00:04:38] Bootstrap tree #44, logLikelihood: -4431.571690
[00:04:43] Bootstrap tree #45, logLikelihood: -4415.390082
[00:04:48] Bootstrap tree #46, logLikelihood: -4691.768614
[00:04:55] Bootstrap tree #47, logLikelihood: -4542.263468
[00:05:00] Bootstrap tree #48, logLikelihood: -4262.084911
[00:05:06] Bootstrap tree #49, logLikelihood: -4160.952040
[00:05:12] Bootstrap tree #50, logLikelihood: -4269.730713
[00:05:17] Bootstrap tree #51, logLikelihood: -4483.448436
[00:05:23] Bootstrap tree #52, logLikelihood: -4174.352373
[00:05:29] Bootstrap tree #53, logLikelihood: -3951.271370
[00:05:35] Bootstrap tree #54, logLikelihood: -4427.604542
[00:05:41] Bootstrap tree #55, logLikelihood: -4370.391548
[00:05:47] Bootstrap tree #56, logLikelihood: -4416.926658
[00:05:53] Bootstrap tree #57, logLikelihood: -4200.677576
[00:06:34] Bootstrap tree #58, logLikelihood: -4448.698943
[00:06:45] Bootstrap tree #59, logLikelihood: -4017.710832
[00:06:52] Bootstrap tree #60, logLikelihood: -4146.104068
[00:06:57] Bootstrap tree #61, logLikelihood: -4519.067991
[00:07:03] Bootstrap tree #62, logLikelihood: -4647.051488
[00:07:11] Bootstrap tree #63, logLikelihood: -4129.931651
[00:07:16] Bootstrap tree #64, logLikelihood: -4323.304295
[00:07:23] Bootstrap tree #65, logLikelihood: -4192.625928
[00:07:29] Bootstrap tree #66, logLikelihood: -4266.288097
[00:07:35] Bootstrap tree #67, logLikelihood: -4413.100459
[00:07:41] Bootstrap tree #68, logLikelihood: -4113.483971
[00:07:48] Bootstrap tree #69, logLikelihood: -4078.030194
[00:07:53] Bootstrap tree #70, logLikelihood: -4538.356026
[00:07:59] Bootstrap tree #71, logLikelihood: -4177.234567
[00:08:05] Bootstrap tree #72, logLikelihood: -4353.449442
[00:08:11] Bootstrap tree #73, logLikelihood: -4238.953380
[00:08:17] Bootstrap tree #74, logLikelihood: -4020.913802
[00:08:22] Bootstrap tree #75, logLikelihood: -4303.746190
[00:08:28] Bootstrap tree #76, logLikelihood: -4342.750118
[00:08:34] Bootstrap tree #77, logLikelihood: -4601.918138
[00:08:42] Bootstrap tree #78, logLikelihood: -4532.103982
[00:08:48] Bootstrap tree #79, logLikelihood: -4488.315640
[00:08:55] Bootstrap tree #80, logLikelihood: -4455.505181
[00:09:01] Bootstrap tree #81, logLikelihood: -3994.783075
[00:09:08] Bootstrap tree #82, logLikelihood: -4108.308957
[00:09:16] Bootstrap tree #83, logLikelihood: -4357.330817
[00:09:24] Bootstrap tree #84, logLikelihood: -4208.087337
[00:09:31] Bootstrap tree #85, logLikelihood: -4336.269942
[00:09:38] Bootstrap tree #86, logLikelihood: -4192.865316
[00:09:44] Bootstrap tree #87, logLikelihood: -4241.883135
[00:09:52] Bootstrap tree #88, logLikelihood: -4392.348177
[00:09:57] Bootstrap tree #89, logLikelihood: -4074.594540
[00:10:03] Bootstrap tree #90, logLikelihood: -4148.206318
[00:10:12] Bootstrap tree #91, logLikelihood: -4205.542721
[00:10:20] Bootstrap tree #92, logLikelihood: -4271.215721
[00:10:27] Bootstrap tree #93, logLikelihood: -4409.065352
[00:10:34] Bootstrap tree #94, logLikelihood: -4375.629904
[00:10:40] Bootstrap tree #95, logLikelihood: -4099.594539
[00:10:46] Bootstrap tree #96, logLikelihood: -4103.894715
[00:10:53] Bootstrap tree #97, logLikelihood: -4254.331318
[00:10:59] Bootstrap tree #98, logLikelihood: -4347.012942
[00:11:07] Bootstrap tree #99, logLikelihood: -4508.879831
[00:11:14] Bootstrap tree #100, logLikelihood: -4389.488732

Optimized model parameters:

   Partition 0: noname
   Rate heterogeneity: GAMMA (4 cats, mean),  alpha: 0.305772 (ML),  weights&rates: (0.250000,0.005775) (0.250000,0.108992) (0.250000,0.605370) (0.250000,3.279862) 
   Base frequencies (ML): 0.222275 0.294176 0.317148 0.166401 
   Substitution rates (ML): 1.517695 4.151283 0.752731 0.670747 8.073211 1.000000 

Final LogLikelihood: -4331.333848

All ML trees saved to: /mnt/lustre/scratch/home/uvi/be/avs/cancer_genes_selection/genes/RHOH/tree/RHOH.raxml.mlTrees
Best ML tree saved to: /mnt/lustre/scratch/home/uvi/be/avs/cancer_genes_selection/genes/RHOH/tree/RHOH.raxml.bestTree
Best ML tree with bootstrap support values saved to: /mnt/lustre/scratch/home/uvi/be/avs/cancer_genes_selection/genes/RHOH/tree/RHOH.raxml.support
Optimized model saved to: /mnt/lustre/scratch/home/uvi/be/avs/cancer_genes_selection/genes/RHOH/tree/RHOH.raxml.bestModel
Bootstrap trees saved to: /mnt/lustre/scratch/home/uvi/be/avs/cancer_genes_selection/genes/RHOH/tree/RHOH.raxml.bootstraps

Execution log saved to: /mnt/lustre/scratch/home/uvi/be/avs/cancer_genes_selection/genes/RHOH/tree/RHOH.raxml.log

Analysis started: 21-Mar-2018 22:40:07 / finished: 21-Mar-2018 22:51:25

Elapsed time: 677.855 seconds

