
RAxML-NG v. 0.5.1b BETA released on 01.12.2017 by The Exelixis Lab.
Authors: Alexey Kozlov, Alexandros Stamatakis, Diego Darriba, Tomas Flouri, Benoit Morel.
Latest version: https://github.com/amkozlov/raxml-ng
Questions/problems/suggestions? Please visit: https://groups.google.com/forum/#!forum/raxml

WARNING: This is a BETA release, please use at your own risk!

RAxML-NG was called as follows:

raxml-ng-mpi --all --msa /mnt/lustre/scratch/home/uvi/be/avs/cancer_genes_selection/genes/SRC/align/SRC_align_DNA_trimmed2.fasta --model GTR+G -tree pars{10} --bs-trees 100 --prefix /mnt/lustre/scratch/home/uvi/be/avs/cancer_genes_selection/genes/SRC/tree/SRC_trimmed --redo

Analysis options:
  run mode: ML tree search + bootstrapping
  start tree(s): parsimony (10)
  random seed: 1522105246
  tip-inner: ON
  pattern compression: ON
  per-rate scalers: OFF
  site repeats: OFF
  branch lengths: ML estimate (linked)
  SIMD kernels: AVX2
  parallelization: NONE/sequential

WARNING: Running in REDO mode: existing checkpoints are ignored, and all result files will be overwritten!

[00:00:00] Reading alignment from file: /mnt/lustre/scratch/home/uvi/be/avs/cancer_genes_selection/genes/SRC/align/SRC_align_DNA_trimmed2.fasta
[00:00:01] Loaded alignment with 22 taxa and 1629 sites

Alignment comprises 1 partitions and 528 patterns

Partition 0: noname
Model: GTR+FO+G4m
Alignment sites / patterns: 1629 / 528
Gaps: 2.89 %
Invariant sites: 65.68 %


[00:00:01] Generating parsimony starting tree(s) with 22 taxa
[00:00:01] Data distribution: partitions/thread: 1-1, patterns/thread: 528-528

Starting ML tree search with 10 distinct starting trees

[00:00:09] ML tree search #1, logLikelihood: -9079.974136
[00:00:16] ML tree search #2, logLikelihood: -9079.972997
[00:00:24] ML tree search #3, logLikelihood: -9079.973210
[00:00:32] ML tree search #4, logLikelihood: -9079.973549
[00:00:41] ML tree search #5, logLikelihood: -9079.974029
[00:00:48] ML tree search #6, logLikelihood: -9079.972710
[00:00:56] ML tree search #7, logLikelihood: -9079.972969
[00:01:06] ML tree search #8, logLikelihood: -9079.973370
[00:01:13] ML tree search #9, logLikelihood: -9079.973143
[00:01:21] ML tree search #10, logLikelihood: -9079.974790

[00:01:21] ML tree search completed, best tree logLH: -9079.972710

[00:01:21] Starting bootstrapping analysis with 100 replicates.

[00:01:29] Bootstrap tree #1, logLikelihood: -9066.994871
[00:01:37] Bootstrap tree #2, logLikelihood: -9349.521326
[00:01:44] Bootstrap tree #3, logLikelihood: -9067.464842
[00:01:54] Bootstrap tree #4, logLikelihood: -9436.315103
[00:02:02] Bootstrap tree #5, logLikelihood: -9379.410658
[00:02:12] Bootstrap tree #6, logLikelihood: -8919.354323
[00:02:23] Bootstrap tree #7, logLikelihood: -9085.461118
[00:02:30] Bootstrap tree #8, logLikelihood: -9092.637597
[00:02:37] Bootstrap tree #9, logLikelihood: -8985.177727
[00:02:45] Bootstrap tree #10, logLikelihood: -9138.784611
[00:02:53] Bootstrap tree #11, logLikelihood: -9009.679745
[00:03:01] Bootstrap tree #12, logLikelihood: -9043.519342
[00:03:10] Bootstrap tree #13, logLikelihood: -8890.873813
[00:03:18] Bootstrap tree #14, logLikelihood: -9013.231393
[00:03:28] Bootstrap tree #15, logLikelihood: -8923.146296
[00:03:35] Bootstrap tree #16, logLikelihood: -8842.015924
[00:03:45] Bootstrap tree #17, logLikelihood: -9056.842116
[00:03:53] Bootstrap tree #18, logLikelihood: -9122.607136
[00:04:02] Bootstrap tree #19, logLikelihood: -9164.209385
[00:04:09] Bootstrap tree #20, logLikelihood: -8806.889955
[00:04:18] Bootstrap tree #21, logLikelihood: -8722.837464
[00:04:27] Bootstrap tree #22, logLikelihood: -9069.673226
[00:04:34] Bootstrap tree #23, logLikelihood: -8844.472764
[00:04:47] Bootstrap tree #24, logLikelihood: -9238.114974
[00:04:57] Bootstrap tree #25, logLikelihood: -8898.498593
[00:05:05] Bootstrap tree #26, logLikelihood: -8937.057294
[00:05:14] Bootstrap tree #27, logLikelihood: -8806.098338
[00:05:24] Bootstrap tree #28, logLikelihood: -8844.370883
[00:05:32] Bootstrap tree #29, logLikelihood: -9091.097590
[00:05:42] Bootstrap tree #30, logLikelihood: -9128.676395
[00:05:49] Bootstrap tree #31, logLikelihood: -8687.236390
[00:05:58] Bootstrap tree #32, logLikelihood: -8990.034118
[00:06:08] Bootstrap tree #33, logLikelihood: -9194.115182
[00:06:16] Bootstrap tree #34, logLikelihood: -8970.554337
[00:06:26] Bootstrap tree #35, logLikelihood: -8841.034216
[00:06:33] Bootstrap tree #36, logLikelihood: -8922.012946
[00:06:41] Bootstrap tree #37, logLikelihood: -9154.653229
[00:06:50] Bootstrap tree #38, logLikelihood: -9191.641048
[00:07:00] Bootstrap tree #39, logLikelihood: -9112.365446
[00:07:08] Bootstrap tree #40, logLikelihood: -8945.541258
[00:07:21] Bootstrap tree #41, logLikelihood: -9149.669620
[00:07:31] Bootstrap tree #42, logLikelihood: -9114.892742
[00:07:39] Bootstrap tree #43, logLikelihood: -8636.873334
[00:07:48] Bootstrap tree #44, logLikelihood: -9278.064398
[00:07:57] Bootstrap tree #45, logLikelihood: -9229.504527
[00:08:07] Bootstrap tree #46, logLikelihood: -9040.015036
[00:08:14] Bootstrap tree #47, logLikelihood: -8635.330642
[00:08:24] Bootstrap tree #48, logLikelihood: -8908.016439
[00:08:32] Bootstrap tree #49, logLikelihood: -8929.250902
[00:08:42] Bootstrap tree #50, logLikelihood: -9368.905556
[00:08:51] Bootstrap tree #51, logLikelihood: -8613.844445
[00:09:00] Bootstrap tree #52, logLikelihood: -8763.503647
[00:09:10] Bootstrap tree #53, logLikelihood: -9213.837391
[00:09:19] Bootstrap tree #54, logLikelihood: -8921.303113
[00:09:28] Bootstrap tree #55, logLikelihood: -8734.564060
[00:09:36] Bootstrap tree #56, logLikelihood: -8780.716589
[00:09:45] Bootstrap tree #57, logLikelihood: -8586.930537
[00:09:54] Bootstrap tree #58, logLikelihood: -9303.484442
[00:10:02] Bootstrap tree #59, logLikelihood: -9227.841225
[00:10:10] Bootstrap tree #60, logLikelihood: -8893.809983
[00:10:19] Bootstrap tree #61, logLikelihood: -8973.512364
[00:10:28] Bootstrap tree #62, logLikelihood: -8927.367395
[00:10:36] Bootstrap tree #63, logLikelihood: -9375.764301
[00:10:43] Bootstrap tree #64, logLikelihood: -8917.159816
[00:10:53] Bootstrap tree #65, logLikelihood: -8670.203556
[00:11:04] Bootstrap tree #66, logLikelihood: -8819.520429
[00:11:13] Bootstrap tree #67, logLikelihood: -9279.309317
[00:11:21] Bootstrap tree #68, logLikelihood: -8846.920377
[00:11:31] Bootstrap tree #69, logLikelihood: -9015.433610
[00:11:39] Bootstrap tree #70, logLikelihood: -9366.144210
[00:11:47] Bootstrap tree #71, logLikelihood: -8687.908327
[00:11:56] Bootstrap tree #72, logLikelihood: -8977.640616
[00:12:07] Bootstrap tree #73, logLikelihood: -8956.239530
[00:12:14] Bootstrap tree #74, logLikelihood: -9087.587919
[00:12:22] Bootstrap tree #75, logLikelihood: -9133.128637
[00:12:31] Bootstrap tree #76, logLikelihood: -9757.443406
[00:12:41] Bootstrap tree #77, logLikelihood: -9108.774233
[00:12:50] Bootstrap tree #78, logLikelihood: -9616.786971
[00:12:58] Bootstrap tree #79, logLikelihood: -9151.183452
[00:13:06] Bootstrap tree #80, logLikelihood: -9073.580089
[00:13:14] Bootstrap tree #81, logLikelihood: -9131.411361
[00:13:24] Bootstrap tree #82, logLikelihood: -9607.550339
[00:13:33] Bootstrap tree #83, logLikelihood: -9223.045402
[00:13:43] Bootstrap tree #84, logLikelihood: -9135.665870
[00:13:56] Bootstrap tree #85, logLikelihood: -9275.494835
[00:14:07] Bootstrap tree #86, logLikelihood: -9159.764568
[00:14:16] Bootstrap tree #87, logLikelihood: -8936.960070
[00:14:24] Bootstrap tree #88, logLikelihood: -9140.613428
[00:14:35] Bootstrap tree #89, logLikelihood: -8883.007724
[00:14:43] Bootstrap tree #90, logLikelihood: -9005.148424
[00:14:51] Bootstrap tree #91, logLikelihood: -9072.381286
[00:15:00] Bootstrap tree #92, logLikelihood: -9220.485742
[00:15:09] Bootstrap tree #93, logLikelihood: -8960.288050
[00:15:17] Bootstrap tree #94, logLikelihood: -8438.282190
[00:15:27] Bootstrap tree #95, logLikelihood: -9457.156645
[00:15:36] Bootstrap tree #96, logLikelihood: -9125.233220
[00:15:45] Bootstrap tree #97, logLikelihood: -8805.333457
[00:15:54] Bootstrap tree #98, logLikelihood: -8793.245689
[00:16:05] Bootstrap tree #99, logLikelihood: -9309.963042
[00:16:14] Bootstrap tree #100, logLikelihood: -8516.452505

Optimized model parameters:

   Partition 0: noname
   Rate heterogeneity: GAMMA (4 cats, mean),  alpha: 0.221905 (ML),  weights&rates: (0.250000,0.001050) (0.250000,0.047291) (0.250000,0.438384) (0.250000,3.513275) 
   Base frequencies (ML): 0.209328 0.322952 0.309932 0.157787 
   Substitution rates (ML): 1.769787 6.353727 1.472114 0.989585 13.135633 1.000000 

Final LogLikelihood: -9079.972710

All ML trees saved to: /mnt/lustre/scratch/home/uvi/be/avs/cancer_genes_selection/genes/SRC/tree/SRC_trimmed.raxml.mlTrees
Best ML tree saved to: /mnt/lustre/scratch/home/uvi/be/avs/cancer_genes_selection/genes/SRC/tree/SRC_trimmed.raxml.bestTree
Best ML tree with bootstrap support values saved to: /mnt/lustre/scratch/home/uvi/be/avs/cancer_genes_selection/genes/SRC/tree/SRC_trimmed.raxml.support
Optimized model saved to: /mnt/lustre/scratch/home/uvi/be/avs/cancer_genes_selection/genes/SRC/tree/SRC_trimmed.raxml.bestModel
Bootstrap trees saved to: /mnt/lustre/scratch/home/uvi/be/avs/cancer_genes_selection/genes/SRC/tree/SRC_trimmed.raxml.bootstraps

Execution log saved to: /mnt/lustre/scratch/home/uvi/be/avs/cancer_genes_selection/genes/SRC/tree/SRC_trimmed.raxml.log

Analysis started: 27-Mar-2018 01:00:46 / finished: 27-Mar-2018 01:17:05

Elapsed time: 978.457 seconds

