
RAxML-NG v. 0.5.1b BETA released on 01.12.2017 by The Exelixis Lab.
Authors: Alexey Kozlov, Alexandros Stamatakis, Diego Darriba, Tomas Flouri, Benoit Morel.
Latest version: https://github.com/amkozlov/raxml-ng
Questions/problems/suggestions? Please visit: https://groups.google.com/forum/#!forum/raxml

WARNING: This is a BETA release, please use at your own risk!

RAxML-NG was called as follows:

raxml-ng-mpi --all --msa /mnt/lustre/scratch/home/uvi/be/avs/cancer_genes_selection/genes/BCL7A/align/BCL7A_align_DNA_trimmed2.fasta --model GTR+G -tree pars{10} --bs-trees 100 --prefix /mnt/lustre/scratch/home/uvi/be/avs/cancer_genes_selection/genes/BCL7A/tree/BCL7A_trimmed --redo

Analysis options:
  run mode: ML tree search + bootstrapping
  start tree(s): parsimony (10)
  random seed: 1522086499
  tip-inner: ON
  pattern compression: ON
  per-rate scalers: OFF
  site repeats: OFF
  branch lengths: ML estimate (linked)
  SIMD kernels: AVX2
  parallelization: NONE/sequential

WARNING: Running in REDO mode: existing checkpoints are ignored, and all result files will be overwritten!

[00:00:00] Reading alignment from file: /mnt/lustre/scratch/home/uvi/be/avs/cancer_genes_selection/genes/BCL7A/align/BCL7A_align_DNA_trimmed2.fasta
[00:00:00] Loaded alignment with 23 taxa and 696 sites

Alignment comprises 1 partitions and 399 patterns

Partition 0: noname
Model: GTR+FO+G4m
Alignment sites / patterns: 696 / 399
Gaps: 8.53 %
Invariant sites: 40.37 %


[00:00:01] Generating parsimony starting tree(s) with 23 taxa
[00:00:01] Data distribution: partitions/thread: 1-1, patterns/thread: 399-399

Starting ML tree search with 10 distinct starting trees

[00:00:07] ML tree search #1, logLikelihood: -6044.355222
[00:00:12] ML tree search #2, logLikelihood: -6044.359013
[00:00:19] ML tree search #3, logLikelihood: -6044.368908
[00:00:26] ML tree search #4, logLikelihood: -6044.356960
[00:00:32] ML tree search #5, logLikelihood: -6044.355522
[00:00:38] ML tree search #6, logLikelihood: -6044.353454
[00:00:44] ML tree search #7, logLikelihood: -6044.356004
[00:00:51] ML tree search #8, logLikelihood: -6044.355183
[00:00:58] ML tree search #9, logLikelihood: -6044.355594
[00:01:05] ML tree search #10, logLikelihood: -6044.358184

[00:01:05] ML tree search completed, best tree logLH: -6044.353454

[00:01:05] Starting bootstrapping analysis with 100 replicates.

[00:01:13] Bootstrap tree #1, logLikelihood: -5780.981314
[00:01:19] Bootstrap tree #2, logLikelihood: -6222.181636
[00:01:27] Bootstrap tree #3, logLikelihood: -6196.369175
[00:01:34] Bootstrap tree #4, logLikelihood: -5932.675871
[00:01:43] Bootstrap tree #5, logLikelihood: -6039.958159
[00:01:50] Bootstrap tree #6, logLikelihood: -6034.693434
[00:01:58] Bootstrap tree #7, logLikelihood: -6037.215777
[00:02:06] Bootstrap tree #8, logLikelihood: -5866.936893
[00:02:13] Bootstrap tree #9, logLikelihood: -6168.340301
[00:02:20] Bootstrap tree #10, logLikelihood: -5976.059834
[00:02:31] Bootstrap tree #11, logLikelihood: -5662.359635
[00:02:37] Bootstrap tree #12, logLikelihood: -5742.877202
[00:02:45] Bootstrap tree #13, logLikelihood: -5632.714597
[00:02:55] Bootstrap tree #14, logLikelihood: -6094.927075
[00:03:03] Bootstrap tree #15, logLikelihood: -6085.868493
[00:03:12] Bootstrap tree #16, logLikelihood: -5674.987390
[00:03:18] Bootstrap tree #17, logLikelihood: -6133.804271
[00:03:26] Bootstrap tree #18, logLikelihood: -5771.459086
[00:03:35] Bootstrap tree #19, logLikelihood: -6136.944558
[00:03:42] Bootstrap tree #20, logLikelihood: -6181.506645
[00:03:49] Bootstrap tree #21, logLikelihood: -6164.211108
[00:03:57] Bootstrap tree #22, logLikelihood: -6107.781351
[00:04:05] Bootstrap tree #23, logLikelihood: -6066.867902
[00:04:14] Bootstrap tree #24, logLikelihood: -6049.019361
[00:04:23] Bootstrap tree #25, logLikelihood: -6141.860401
[00:04:33] Bootstrap tree #26, logLikelihood: -6238.814892
[00:04:41] Bootstrap tree #27, logLikelihood: -6057.774592
[00:04:51] Bootstrap tree #28, logLikelihood: -6046.359204
[00:05:00] Bootstrap tree #29, logLikelihood: -6174.265306
[00:05:10] Bootstrap tree #30, logLikelihood: -6004.557788
[00:05:19] Bootstrap tree #31, logLikelihood: -6265.015982
[00:05:28] Bootstrap tree #32, logLikelihood: -5791.702511
[00:05:38] Bootstrap tree #33, logLikelihood: -5957.467712
[00:05:45] Bootstrap tree #34, logLikelihood: -5997.496001
[00:05:54] Bootstrap tree #35, logLikelihood: -5952.519783
[00:06:03] Bootstrap tree #36, logLikelihood: -6042.799775
[00:06:11] Bootstrap tree #37, logLikelihood: -5597.943562
[00:06:22] Bootstrap tree #38, logLikelihood: -5951.770258
[00:06:32] Bootstrap tree #39, logLikelihood: -6043.680270
[00:06:41] Bootstrap tree #40, logLikelihood: -5971.722691
[00:06:50] Bootstrap tree #41, logLikelihood: -6011.261437
[00:06:57] Bootstrap tree #42, logLikelihood: -6058.660640
[00:07:04] Bootstrap tree #43, logLikelihood: -5788.066398
[00:07:12] Bootstrap tree #44, logLikelihood: -5842.313816
[00:07:21] Bootstrap tree #45, logLikelihood: -5974.194359
[00:07:29] Bootstrap tree #46, logLikelihood: -5858.039806
[00:07:38] Bootstrap tree #47, logLikelihood: -6223.503702
[00:07:49] Bootstrap tree #48, logLikelihood: -5807.271855
[00:07:59] Bootstrap tree #49, logLikelihood: -6200.228349
[00:08:05] Bootstrap tree #50, logLikelihood: -6239.091493
[00:08:15] Bootstrap tree #51, logLikelihood: -6068.520976
[00:08:24] Bootstrap tree #52, logLikelihood: -6074.789741
[00:08:34] Bootstrap tree #53, logLikelihood: -5860.300973
[00:08:44] Bootstrap tree #54, logLikelihood: -6297.613902
[00:08:52] Bootstrap tree #55, logLikelihood: -5898.930193
[00:09:03] Bootstrap tree #56, logLikelihood: -6237.251796
[00:09:12] Bootstrap tree #57, logLikelihood: -6156.919653
[00:09:20] Bootstrap tree #58, logLikelihood: -5888.977150
[00:09:28] Bootstrap tree #59, logLikelihood: -5985.095003
[00:09:39] Bootstrap tree #60, logLikelihood: -5911.836252
[00:09:49] Bootstrap tree #61, logLikelihood: -5731.993460
[00:09:57] Bootstrap tree #62, logLikelihood: -5524.237052
[00:10:06] Bootstrap tree #63, logLikelihood: -6147.596490
[00:10:15] Bootstrap tree #64, logLikelihood: -6010.793709
[00:10:23] Bootstrap tree #65, logLikelihood: -5701.120651
[00:10:31] Bootstrap tree #66, logLikelihood: -6025.368979
[00:10:42] Bootstrap tree #67, logLikelihood: -6195.421013
[00:10:52] Bootstrap tree #68, logLikelihood: -6111.621112
[00:11:01] Bootstrap tree #69, logLikelihood: -6045.752271
[00:11:12] Bootstrap tree #70, logLikelihood: -6104.718960
[00:11:22] Bootstrap tree #71, logLikelihood: -5843.102493
[00:11:31] Bootstrap tree #72, logLikelihood: -6102.103441
[00:11:41] Bootstrap tree #73, logLikelihood: -6030.040255
[00:11:51] Bootstrap tree #74, logLikelihood: -5750.504253
[00:12:00] Bootstrap tree #75, logLikelihood: -5965.120657
[00:12:10] Bootstrap tree #76, logLikelihood: -5904.412346
[00:12:22] Bootstrap tree #77, logLikelihood: -5992.385367
[00:12:31] Bootstrap tree #78, logLikelihood: -6175.410967
[00:12:39] Bootstrap tree #79, logLikelihood: -6117.483892
[00:12:48] Bootstrap tree #80, logLikelihood: -6054.978375
[00:12:56] Bootstrap tree #81, logLikelihood: -5899.643387
[00:13:06] Bootstrap tree #82, logLikelihood: -5967.102471
[00:13:16] Bootstrap tree #83, logLikelihood: -6363.493646
[00:13:25] Bootstrap tree #84, logLikelihood: -5974.217609
[00:13:34] Bootstrap tree #85, logLikelihood: -6094.150638
[00:13:46] Bootstrap tree #86, logLikelihood: -5788.301426
[00:13:55] Bootstrap tree #87, logLikelihood: -6162.076755
[00:14:04] Bootstrap tree #88, logLikelihood: -5995.281521
[00:14:13] Bootstrap tree #89, logLikelihood: -5966.581785
[00:14:22] Bootstrap tree #90, logLikelihood: -5598.750928
[00:14:32] Bootstrap tree #91, logLikelihood: -5983.724295
[00:14:41] Bootstrap tree #92, logLikelihood: -5986.412153
[00:14:50] Bootstrap tree #93, logLikelihood: -6068.328324
[00:14:59] Bootstrap tree #94, logLikelihood: -6172.987532
[00:15:11] Bootstrap tree #95, logLikelihood: -6324.358257
[00:15:21] Bootstrap tree #96, logLikelihood: -6245.517242
[00:15:30] Bootstrap tree #97, logLikelihood: -6023.914048
[00:15:41] Bootstrap tree #98, logLikelihood: -5729.403492
[00:15:50] Bootstrap tree #99, logLikelihood: -5787.713089
[00:15:58] Bootstrap tree #100, logLikelihood: -5727.735218

Optimized model parameters:

   Partition 0: noname
   Rate heterogeneity: GAMMA (4 cats, mean),  alpha: 0.482613 (ML),  weights&rates: (0.250000,0.030212) (0.250000,0.240414) (0.250000,0.807193) (0.250000,2.922181) 
   Base frequencies (ML): 0.258055 0.267576 0.324064 0.150304 
   Substitution rates (ML): 0.668765 1.489084 0.457221 0.580988 3.426526 1.000000 

Final LogLikelihood: -6044.353454

All ML trees saved to: /mnt/lustre/scratch/home/uvi/be/avs/cancer_genes_selection/genes/BCL7A/tree/BCL7A_trimmed.raxml.mlTrees
Best ML tree saved to: /mnt/lustre/scratch/home/uvi/be/avs/cancer_genes_selection/genes/BCL7A/tree/BCL7A_trimmed.raxml.bestTree
Best ML tree with bootstrap support values saved to: /mnt/lustre/scratch/home/uvi/be/avs/cancer_genes_selection/genes/BCL7A/tree/BCL7A_trimmed.raxml.support
Optimized model saved to: /mnt/lustre/scratch/home/uvi/be/avs/cancer_genes_selection/genes/BCL7A/tree/BCL7A_trimmed.raxml.bestModel
Bootstrap trees saved to: /mnt/lustre/scratch/home/uvi/be/avs/cancer_genes_selection/genes/BCL7A/tree/BCL7A_trimmed.raxml.bootstraps

Execution log saved to: /mnt/lustre/scratch/home/uvi/be/avs/cancer_genes_selection/genes/BCL7A/tree/BCL7A_trimmed.raxml.log

Analysis started: 26-Mar-2018 19:48:19 / finished: 26-Mar-2018 20:04:21

Elapsed time: 961.381 seconds

