
RAxML-NG v. 0.5.1b BETA released on 01.12.2017 by The Exelixis Lab.
Authors: Alexey Kozlov, Alexandros Stamatakis, Diego Darriba, Tomas Flouri, Benoit Morel.
Latest version: https://github.com/amkozlov/raxml-ng
Questions/problems/suggestions? Please visit: https://groups.google.com/forum/#!forum/raxml

WARNING: This is a BETA release, please use at your own risk!

RAxML-NG was called as follows:

raxml-ng-mpi --all --msa /mnt/lustre/scratch/home/uvi/be/avs/cancer_genes_selection/genes/HMGA1/align/HMGA1_align_DNA_trimmed2.fasta --model GTR+G -tree pars{10} --bs-trees 100 --prefix /mnt/lustre/scratch/home/uvi/be/avs/cancer_genes_selection/genes/HMGA1/tree/HMGA1_trimmed --redo

Analysis options:
  run mode: ML tree search + bootstrapping
  start tree(s): parsimony (10)
  random seed: 1522094664
  tip-inner: ON
  pattern compression: ON
  per-rate scalers: OFF
  site repeats: OFF
  branch lengths: ML estimate (linked)
  SIMD kernels: AVX2
  parallelization: NONE/sequential

WARNING: Running in REDO mode: existing checkpoints are ignored, and all result files will be overwritten!

[00:00:00] Reading alignment from file: /mnt/lustre/scratch/home/uvi/be/avs/cancer_genes_selection/genes/HMGA1/align/HMGA1_align_DNA_trimmed2.fasta
[00:00:01] Loaded alignment with 15 taxa and 324 sites

Alignment comprises 1 partitions and 128 patterns

Partition 0: noname
Model: GTR+FO+G4m
Alignment sites / patterns: 324 / 128
Gaps: 4.26 %
Invariant sites: 59.57 %


[00:00:01] Generating parsimony starting tree(s) with 15 taxa
[00:00:01] Data distribution: partitions/thread: 1-1, patterns/thread: 128-128

Starting ML tree search with 10 distinct starting trees

[00:00:06] ML tree search #1, logLikelihood: -1506.764464
[00:00:11] ML tree search #2, logLikelihood: -1506.764546
[00:00:16] ML tree search #3, logLikelihood: -1506.764929
[00:00:21] ML tree search #4, logLikelihood: -1506.764470
[00:00:25] ML tree search #5, logLikelihood: -1507.861547
[00:00:29] ML tree search #6, logLikelihood: -1506.764313
[00:00:33] ML tree search #7, logLikelihood: -1507.141184
[00:00:38] ML tree search #8, logLikelihood: -1506.764438
[00:00:42] ML tree search #9, logLikelihood: -1506.764394
[00:00:47] ML tree search #10, logLikelihood: -1506.765000

[00:00:47] ML tree search completed, best tree logLH: -1506.764313

[00:00:47] Starting bootstrapping analysis with 100 replicates.

[00:00:51] Bootstrap tree #1, logLikelihood: -1481.375861
[00:00:55] Bootstrap tree #2, logLikelihood: -1423.520845
[00:00:59] Bootstrap tree #3, logLikelihood: -1414.341443
[00:01:04] Bootstrap tree #4, logLikelihood: -1555.156758
[00:01:09] Bootstrap tree #5, logLikelihood: -1386.573921
[00:01:14] Bootstrap tree #6, logLikelihood: -1392.470486
[00:01:19] Bootstrap tree #7, logLikelihood: -1521.141031
[00:01:23] Bootstrap tree #8, logLikelihood: -1456.398834
[00:01:29] Bootstrap tree #9, logLikelihood: -1467.098198
[00:01:33] Bootstrap tree #10, logLikelihood: -1629.903211
[00:01:39] Bootstrap tree #11, logLikelihood: -1553.612724
[00:01:43] Bootstrap tree #12, logLikelihood: -1461.645474
[00:01:47] Bootstrap tree #13, logLikelihood: -1572.099627
[00:01:51] Bootstrap tree #14, logLikelihood: -1352.292979
[00:01:55] Bootstrap tree #15, logLikelihood: -1492.469581
[00:01:59] Bootstrap tree #16, logLikelihood: -1501.104405
[00:02:04] Bootstrap tree #17, logLikelihood: -1409.528989
[00:02:09] Bootstrap tree #18, logLikelihood: -1508.911396
[00:02:13] Bootstrap tree #19, logLikelihood: -1465.716946
[00:02:17] Bootstrap tree #20, logLikelihood: -1560.147456
[00:02:22] Bootstrap tree #21, logLikelihood: -1551.502039
[00:02:27] Bootstrap tree #22, logLikelihood: -1438.651520
[00:02:32] Bootstrap tree #23, logLikelihood: -1612.150705
[00:02:36] Bootstrap tree #24, logLikelihood: -1582.764280
[00:02:40] Bootstrap tree #25, logLikelihood: -1562.361928
[00:02:45] Bootstrap tree #26, logLikelihood: -1406.002496
[00:02:51] Bootstrap tree #27, logLikelihood: -1527.468918
[00:02:55] Bootstrap tree #28, logLikelihood: -1366.045166
[00:03:01] Bootstrap tree #29, logLikelihood: -1478.708467
[00:03:06] Bootstrap tree #30, logLikelihood: -1493.791184
[00:03:11] Bootstrap tree #31, logLikelihood: -1445.157999
[00:03:16] Bootstrap tree #32, logLikelihood: -1404.072318
[00:03:21] Bootstrap tree #33, logLikelihood: -1521.891426
[00:03:26] Bootstrap tree #34, logLikelihood: -1515.312030
[00:03:30] Bootstrap tree #35, logLikelihood: -1464.217217
[00:03:35] Bootstrap tree #36, logLikelihood: -1458.583034
[00:03:40] Bootstrap tree #37, logLikelihood: -1443.744743
[00:03:45] Bootstrap tree #38, logLikelihood: -1518.570358
[00:03:49] Bootstrap tree #39, logLikelihood: -1395.658146
[00:03:54] Bootstrap tree #40, logLikelihood: -1470.915171
[00:03:59] Bootstrap tree #41, logLikelihood: -1520.981287
[00:04:03] Bootstrap tree #42, logLikelihood: -1376.350412
[00:04:08] Bootstrap tree #43, logLikelihood: -1486.376203
[00:04:13] Bootstrap tree #44, logLikelihood: -1558.544845
[00:04:18] Bootstrap tree #45, logLikelihood: -1359.749940
[00:04:22] Bootstrap tree #46, logLikelihood: -1627.786234
[00:04:27] Bootstrap tree #47, logLikelihood: -1527.502848
[00:04:32] Bootstrap tree #48, logLikelihood: -1586.433347
[00:04:40] Bootstrap tree #49, logLikelihood: -1479.996260
[00:04:45] Bootstrap tree #50, logLikelihood: -1537.075535
[00:04:50] Bootstrap tree #51, logLikelihood: -1526.020519
[00:04:55] Bootstrap tree #52, logLikelihood: -1438.523149
[00:05:01] Bootstrap tree #53, logLikelihood: -1386.991577
[00:05:05] Bootstrap tree #54, logLikelihood: -1314.599757
[00:05:10] Bootstrap tree #55, logLikelihood: -1395.189522
[00:05:14] Bootstrap tree #56, logLikelihood: -1462.741246
[00:05:18] Bootstrap tree #57, logLikelihood: -1296.397840
[00:05:24] Bootstrap tree #58, logLikelihood: -1467.019892
[00:05:29] Bootstrap tree #59, logLikelihood: -1434.079958
[00:05:33] Bootstrap tree #60, logLikelihood: -1474.761962
[00:05:38] Bootstrap tree #61, logLikelihood: -1388.943901
[00:05:42] Bootstrap tree #62, logLikelihood: -1531.508096
[00:05:46] Bootstrap tree #63, logLikelihood: -1406.772812
[00:05:51] Bootstrap tree #64, logLikelihood: -1395.291201
[00:05:56] Bootstrap tree #65, logLikelihood: -1479.246092
[00:06:01] Bootstrap tree #66, logLikelihood: -1523.070785
[00:06:06] Bootstrap tree #67, logLikelihood: -1476.882888
[00:06:11] Bootstrap tree #68, logLikelihood: -1528.435767
[00:06:16] Bootstrap tree #69, logLikelihood: -1436.578528
[00:06:20] Bootstrap tree #70, logLikelihood: -1511.305600
[00:06:25] Bootstrap tree #71, logLikelihood: -1482.826333
[00:06:30] Bootstrap tree #72, logLikelihood: -1376.043972
[00:06:36] Bootstrap tree #73, logLikelihood: -1612.562422
[00:06:41] Bootstrap tree #74, logLikelihood: -1490.010863
[00:06:46] Bootstrap tree #75, logLikelihood: -1503.864356
[00:06:50] Bootstrap tree #76, logLikelihood: -1502.296916
[00:06:56] Bootstrap tree #77, logLikelihood: -1422.279824
[00:07:01] Bootstrap tree #78, logLikelihood: -1310.805585
[00:07:06] Bootstrap tree #79, logLikelihood: -1525.374691
[00:07:11] Bootstrap tree #80, logLikelihood: -1434.059215
[00:07:17] Bootstrap tree #81, logLikelihood: -1364.237817
[00:07:22] Bootstrap tree #82, logLikelihood: -1511.620880
[00:07:26] Bootstrap tree #83, logLikelihood: -1546.594509
[00:07:32] Bootstrap tree #84, logLikelihood: -1412.434180
[00:07:39] Bootstrap tree #85, logLikelihood: -1537.360259
[00:07:45] Bootstrap tree #86, logLikelihood: -1408.453991
[00:07:50] Bootstrap tree #87, logLikelihood: -1520.886532
[00:07:55] Bootstrap tree #88, logLikelihood: -1520.901831
[00:08:01] Bootstrap tree #89, logLikelihood: -1476.660846
[00:08:06] Bootstrap tree #90, logLikelihood: -1343.218739
[00:08:12] Bootstrap tree #91, logLikelihood: -1573.285149
[00:08:17] Bootstrap tree #92, logLikelihood: -1451.042695
[00:08:23] Bootstrap tree #93, logLikelihood: -1567.448560
[00:08:28] Bootstrap tree #94, logLikelihood: -1442.893536
[00:08:33] Bootstrap tree #95, logLikelihood: -1405.896342
[00:08:37] Bootstrap tree #96, logLikelihood: -1469.625912
[00:08:42] Bootstrap tree #97, logLikelihood: -1423.614563
[00:08:47] Bootstrap tree #98, logLikelihood: -1471.376512
[00:08:53] Bootstrap tree #99, logLikelihood: -1453.458652
[00:08:58] Bootstrap tree #100, logLikelihood: -1613.427573

Optimized model parameters:

   Partition 0: noname
   Rate heterogeneity: GAMMA (4 cats, mean),  alpha: 0.573696 (ML),  weights&rates: (0.250000,0.047732) (0.250000,0.297331) (0.250000,0.867282) (0.250000,2.787655) 
   Base frequencies (ML): 0.340961 0.232894 0.330064 0.096082 
   Substitution rates (ML): 0.488532 0.946511 0.478028 0.173564 3.578199 1.000000 

Final LogLikelihood: -1506.764313

All ML trees saved to: /mnt/lustre/scratch/home/uvi/be/avs/cancer_genes_selection/genes/HMGA1/tree/HMGA1_trimmed.raxml.mlTrees
Best ML tree saved to: /mnt/lustre/scratch/home/uvi/be/avs/cancer_genes_selection/genes/HMGA1/tree/HMGA1_trimmed.raxml.bestTree
Best ML tree with bootstrap support values saved to: /mnt/lustre/scratch/home/uvi/be/avs/cancer_genes_selection/genes/HMGA1/tree/HMGA1_trimmed.raxml.support
Optimized model saved to: /mnt/lustre/scratch/home/uvi/be/avs/cancer_genes_selection/genes/HMGA1/tree/HMGA1_trimmed.raxml.bestModel
Bootstrap trees saved to: /mnt/lustre/scratch/home/uvi/be/avs/cancer_genes_selection/genes/HMGA1/tree/HMGA1_trimmed.raxml.bootstraps

Execution log saved to: /mnt/lustre/scratch/home/uvi/be/avs/cancer_genes_selection/genes/HMGA1/tree/HMGA1_trimmed.raxml.log

Analysis started: 26-Mar-2018 22:04:24 / finished: 26-Mar-2018 22:13:25

Elapsed time: 541.332 seconds

