
RAxML-NG v. 0.5.1b BETA released on 01.12.2017 by The Exelixis Lab.
Authors: Alexey Kozlov, Alexandros Stamatakis, Diego Darriba, Tomas Flouri, Benoit Morel.
Latest version: https://github.com/amkozlov/raxml-ng
Questions/problems/suggestions? Please visit: https://groups.google.com/forum/#!forum/raxml

WARNING: This is a BETA release, please use at your own risk!

RAxML-NG was called as follows:

raxml-ng-mpi --all --msa /mnt/lustre/scratch/home/uvi/be/avs/cancer_genes_selection/genes/HMGA1/align/HMGA1_align_DNA_trimmed.fasta --model GTR+G -tree pars{10} --bs-trees 100 --prefix /mnt/lustre/scratch/home/uvi/be/avs/cancer_genes_selection/genes/HMGA1/tree/HMGA1 --redo

Analysis options:
  run mode: ML tree search + bootstrapping
  start tree(s): parsimony (10)
  random seed: 1521658299
  tip-inner: ON
  pattern compression: ON
  per-rate scalers: OFF
  site repeats: OFF
  branch lengths: ML estimate (linked)
  SIMD kernels: AVX2
  parallelization: NONE/sequential

WARNING: Running in REDO mode: existing checkpoints are ignored, and all result files will be overwritten!

[00:00:00] Reading alignment from file: /mnt/lustre/scratch/home/uvi/be/avs/cancer_genes_selection/genes/HMGA1/align/HMGA1_align_DNA_trimmed.fasta
[00:00:00] Loaded alignment with 19 taxa and 324 sites

Alignment comprises 1 partitions and 153 patterns

Partition 0: noname
Model: GTR+FO+G4m
Alignment sites / patterns: 324 / 153
Gaps: 11.35 %
Invariant sites: 58.02 %


[00:00:00] Generating parsimony starting tree(s) with 19 taxa
[00:00:01] Data distribution: partitions/thread: 1-1, patterns/thread: 153-153

Starting ML tree search with 10 distinct starting trees

[00:00:04] ML tree search #1, logLikelihood: -1596.071998
[00:00:08] ML tree search #2, logLikelihood: -1596.354641
[00:00:10] ML tree search #3, logLikelihood: -1596.066480
[00:00:14] ML tree search #4, logLikelihood: -1596.354588
[00:00:19] ML tree search #5, logLikelihood: -1596.354335
[00:00:23] ML tree search #6, logLikelihood: -1596.354307
[00:00:26] ML tree search #7, logLikelihood: -1596.355041
[00:00:29] ML tree search #8, logLikelihood: -1596.066278
[00:00:34] ML tree search #9, logLikelihood: -1596.355716
[00:00:38] ML tree search #10, logLikelihood: -1596.354550

[00:00:38] ML tree search completed, best tree logLH: -1596.066278

[00:00:38] Starting bootstrapping analysis with 100 replicates.

[00:00:42] Bootstrap tree #1, logLikelihood: -1639.880843
[00:00:45] Bootstrap tree #2, logLikelihood: -1538.325994
[00:00:48] Bootstrap tree #3, logLikelihood: -1545.390801
[00:00:52] Bootstrap tree #4, logLikelihood: -1607.155223
[00:00:56] Bootstrap tree #5, logLikelihood: -1579.187909
[00:01:00] Bootstrap tree #6, logLikelihood: -1451.298030
[00:01:03] Bootstrap tree #7, logLikelihood: -1391.335011
[00:01:06] Bootstrap tree #8, logLikelihood: -1579.822249
[00:01:09] Bootstrap tree #9, logLikelihood: -1663.806904
[00:01:13] Bootstrap tree #10, logLikelihood: -1568.034462
[00:01:17] Bootstrap tree #11, logLikelihood: -1619.460941
[00:01:21] Bootstrap tree #12, logLikelihood: -1702.895972
[00:01:24] Bootstrap tree #13, logLikelihood: -1474.768414
[00:01:29] Bootstrap tree #14, logLikelihood: -1608.709377
[00:01:33] Bootstrap tree #15, logLikelihood: -1516.293156
[00:01:36] Bootstrap tree #16, logLikelihood: -1676.004996
[00:01:40] Bootstrap tree #17, logLikelihood: -1432.738107
[00:01:43] Bootstrap tree #18, logLikelihood: -1655.661910
[00:01:48] Bootstrap tree #19, logLikelihood: -1543.748741
[00:01:51] Bootstrap tree #20, logLikelihood: -1544.501732
[00:01:54] Bootstrap tree #21, logLikelihood: -1617.007981
[00:01:58] Bootstrap tree #22, logLikelihood: -1455.073833
[00:02:03] Bootstrap tree #23, logLikelihood: -1474.510728
[00:02:07] Bootstrap tree #24, logLikelihood: -1587.904496
[00:02:11] Bootstrap tree #25, logLikelihood: -1475.921976
[00:02:16] Bootstrap tree #26, logLikelihood: -1581.657781
[00:02:19] Bootstrap tree #27, logLikelihood: -1676.448727
[00:02:23] Bootstrap tree #28, logLikelihood: -1536.959036
[00:02:27] Bootstrap tree #29, logLikelihood: -1462.161663
[00:02:31] Bootstrap tree #30, logLikelihood: -1506.390865
[00:02:35] Bootstrap tree #31, logLikelihood: -1597.975738
[00:02:38] Bootstrap tree #32, logLikelihood: -1552.755786
[00:02:42] Bootstrap tree #33, logLikelihood: -1561.345311
[00:02:45] Bootstrap tree #34, logLikelihood: -1624.927151
[00:02:48] Bootstrap tree #35, logLikelihood: -1560.265698
[00:02:53] Bootstrap tree #36, logLikelihood: -1669.682386
[00:02:57] Bootstrap tree #37, logLikelihood: -1500.581889
[00:03:01] Bootstrap tree #38, logLikelihood: -1625.188799
[00:03:04] Bootstrap tree #39, logLikelihood: -1391.889071
[00:03:08] Bootstrap tree #40, logLikelihood: -1460.530386
[00:03:11] Bootstrap tree #41, logLikelihood: -1568.986895
[00:03:16] Bootstrap tree #42, logLikelihood: -1667.609760
[00:03:20] Bootstrap tree #43, logLikelihood: -1586.441245
[00:03:24] Bootstrap tree #44, logLikelihood: -1435.495719
[00:03:28] Bootstrap tree #45, logLikelihood: -1499.469455
[00:03:31] Bootstrap tree #46, logLikelihood: -1401.441611
[00:03:35] Bootstrap tree #47, logLikelihood: -1485.340574
[00:03:39] Bootstrap tree #48, logLikelihood: -1622.908065
[00:03:43] Bootstrap tree #49, logLikelihood: -1536.097341
[00:03:48] Bootstrap tree #50, logLikelihood: -1511.059730
[00:03:53] Bootstrap tree #51, logLikelihood: -1507.967647
[00:03:58] Bootstrap tree #52, logLikelihood: -1559.338561
[00:04:02] Bootstrap tree #53, logLikelihood: -1561.370695
[00:04:06] Bootstrap tree #54, logLikelihood: -1374.183184
[00:04:11] Bootstrap tree #55, logLikelihood: -1612.757335
[00:04:16] Bootstrap tree #56, logLikelihood: -1576.818705
[00:04:21] Bootstrap tree #57, logLikelihood: -1553.727473
[00:04:25] Bootstrap tree #58, logLikelihood: -1574.739037
[00:04:30] Bootstrap tree #59, logLikelihood: -1473.399891
[00:04:36] Bootstrap tree #60, logLikelihood: -1618.295112
[00:04:41] Bootstrap tree #61, logLikelihood: -1550.363611
[00:04:47] Bootstrap tree #62, logLikelihood: -1518.363625
[00:04:52] Bootstrap tree #63, logLikelihood: -1658.518282
[00:04:56] Bootstrap tree #64, logLikelihood: -1662.211680
[00:05:00] Bootstrap tree #65, logLikelihood: -1572.095166
[00:05:05] Bootstrap tree #66, logLikelihood: -1716.688870
[00:05:10] Bootstrap tree #67, logLikelihood: -1615.427795
[00:05:14] Bootstrap tree #68, logLikelihood: -1634.936245
[00:05:19] Bootstrap tree #69, logLikelihood: -1515.827494
[00:05:24] Bootstrap tree #70, logLikelihood: -1492.662242
[00:05:29] Bootstrap tree #71, logLikelihood: -1501.685308
[00:05:33] Bootstrap tree #72, logLikelihood: -1626.763748
[00:05:39] Bootstrap tree #73, logLikelihood: -1600.408351
[00:05:44] Bootstrap tree #74, logLikelihood: -1548.983352
[00:05:48] Bootstrap tree #75, logLikelihood: -1550.970873
[00:05:53] Bootstrap tree #76, logLikelihood: -1544.955366
[00:05:58] Bootstrap tree #77, logLikelihood: -1525.324323
[00:06:03] Bootstrap tree #78, logLikelihood: -1627.493718
[00:06:07] Bootstrap tree #79, logLikelihood: -1561.180044
[00:06:12] Bootstrap tree #80, logLikelihood: -1568.753112
[00:06:16] Bootstrap tree #81, logLikelihood: -1450.715334
[00:06:21] Bootstrap tree #82, logLikelihood: -1558.507191
[00:06:25] Bootstrap tree #83, logLikelihood: -1797.136399
[00:06:30] Bootstrap tree #84, logLikelihood: -1498.183056
[00:06:35] Bootstrap tree #85, logLikelihood: -1706.143028
[00:06:39] Bootstrap tree #86, logLikelihood: -1400.573960
[00:06:45] Bootstrap tree #87, logLikelihood: -1685.559017
[00:06:51] Bootstrap tree #88, logLikelihood: -1594.479425
[00:06:56] Bootstrap tree #89, logLikelihood: -1565.511146
[00:07:02] Bootstrap tree #90, logLikelihood: -1517.140731
[00:07:07] Bootstrap tree #91, logLikelihood: -1643.159745
[00:07:12] Bootstrap tree #92, logLikelihood: -1588.058210
[00:07:17] Bootstrap tree #93, logLikelihood: -1623.729690
[00:07:21] Bootstrap tree #94, logLikelihood: -1619.590823
[00:07:26] Bootstrap tree #95, logLikelihood: -1543.969527
[00:07:31] Bootstrap tree #96, logLikelihood: -1489.711449
[00:07:36] Bootstrap tree #97, logLikelihood: -1507.343666
[00:07:40] Bootstrap tree #98, logLikelihood: -1568.697030
[00:07:46] Bootstrap tree #99, logLikelihood: -1612.993015
[00:07:50] Bootstrap tree #100, logLikelihood: -1568.427529

Optimized model parameters:

   Partition 0: noname
   Rate heterogeneity: GAMMA (4 cats, mean),  alpha: 0.533792 (ML),  weights&rates: (0.250000,0.039809) (0.250000,0.273405) (0.250000,0.843380) (0.250000,2.843407) 
   Base frequencies (ML): 0.357836 0.240009 0.319316 0.082840 
   Substitution rates (ML): 0.340725 0.770066 0.455999 0.001000 3.774425 1.000000 

Final LogLikelihood: -1596.066278

All ML trees saved to: /mnt/lustre/scratch/home/uvi/be/avs/cancer_genes_selection/genes/HMGA1/tree/HMGA1.raxml.mlTrees
Best ML tree saved to: /mnt/lustre/scratch/home/uvi/be/avs/cancer_genes_selection/genes/HMGA1/tree/HMGA1.raxml.bestTree
Best ML tree with bootstrap support values saved to: /mnt/lustre/scratch/home/uvi/be/avs/cancer_genes_selection/genes/HMGA1/tree/HMGA1.raxml.support
Optimized model saved to: /mnt/lustre/scratch/home/uvi/be/avs/cancer_genes_selection/genes/HMGA1/tree/HMGA1.raxml.bestModel
Bootstrap trees saved to: /mnt/lustre/scratch/home/uvi/be/avs/cancer_genes_selection/genes/HMGA1/tree/HMGA1.raxml.bootstraps

Execution log saved to: /mnt/lustre/scratch/home/uvi/be/avs/cancer_genes_selection/genes/HMGA1/tree/HMGA1.raxml.log

Analysis started: 21-Mar-2018 19:51:39 / finished: 21-Mar-2018 19:59:32

Elapsed time: 472.898 seconds

