
RAxML-NG v. 0.5.1b BETA released on 01.12.2017 by The Exelixis Lab.
Authors: Alexey Kozlov, Alexandros Stamatakis, Diego Darriba, Tomas Flouri, Benoit Morel.
Latest version: https://github.com/amkozlov/raxml-ng
Questions/problems/suggestions? Please visit: https://groups.google.com/forum/#!forum/raxml

WARNING: This is a BETA release, please use at your own risk!

RAxML-NG was called as follows:

raxml-ng-mpi --all --msa /mnt/lustre/scratch/home/uvi/be/avs/cancer_genes_selection/genes/NUTM2A/align/NUTM2A_align_DNA_trimmed.fasta --model GTR+G -tree pars{10} --bs-trees 100 --prefix /mnt/lustre/scratch/home/uvi/be/avs/cancer_genes_selection/genes/NUTM2A/tree/NUTM2A --redo

Analysis options:
  run mode: ML tree search + bootstrapping
  start tree(s): parsimony (10)
  random seed: 1521665282
  tip-inner: ON
  pattern compression: ON
  per-rate scalers: OFF
  site repeats: OFF
  branch lengths: ML estimate (linked)
  SIMD kernels: AVX2
  parallelization: NONE/sequential

WARNING: Running in REDO mode: existing checkpoints are ignored, and all result files will be overwritten!

[00:00:00] Reading alignment from file: /mnt/lustre/scratch/home/uvi/be/avs/cancer_genes_selection/genes/NUTM2A/align/NUTM2A_align_DNA_trimmed.fasta
[00:00:01] Loaded alignment with 19 taxa and 2202 sites

Alignment comprises 1 partitions and 1953 patterns

Partition 0: noname
Model: GTR+FO+G4m
Alignment sites / patterns: 2202 / 1953
Gaps: 11.99 %
Invariant sites: 13.17 %


[00:00:01] Generating parsimony starting tree(s) with 19 taxa
[00:00:01] Data distribution: partitions/thread: 1-1, patterns/thread: 1953-1953

Starting ML tree search with 10 distinct starting trees

[00:00:11] ML tree search #1, logLikelihood: -25478.793703
[00:00:19] ML tree search #2, logLikelihood: -25478.793713
[00:00:27] ML tree search #3, logLikelihood: -25478.793510
[00:00:34] ML tree search #4, logLikelihood: -25478.793148
[00:00:44] ML tree search #5, logLikelihood: -25478.792892
[00:00:51] ML tree search #6, logLikelihood: -25478.793000
[00:00:59] ML tree search #7, logLikelihood: -25478.793841
[00:01:06] ML tree search #8, logLikelihood: -25478.793315
[00:01:13] ML tree search #9, logLikelihood: -25478.793120
[00:01:22] ML tree search #10, logLikelihood: -25478.792996

[00:01:22] ML tree search completed, best tree logLH: -25478.792892

[00:01:22] Starting bootstrapping analysis with 100 replicates.

[00:01:30] Bootstrap tree #1, logLikelihood: -25693.795172
[00:01:38] Bootstrap tree #2, logLikelihood: -25593.797686
[00:01:45] Bootstrap tree #3, logLikelihood: -25015.978398
[00:01:52] Bootstrap tree #4, logLikelihood: -24944.493570
[00:02:01] Bootstrap tree #5, logLikelihood: -25842.873600
[00:02:10] Bootstrap tree #6, logLikelihood: -25669.864020
[00:02:20] Bootstrap tree #7, logLikelihood: -25350.531572
[00:02:28] Bootstrap tree #8, logLikelihood: -25457.930162
[00:02:36] Bootstrap tree #9, logLikelihood: -25466.356565
[00:02:43] Bootstrap tree #10, logLikelihood: -25610.363654
[00:02:50] Bootstrap tree #11, logLikelihood: -25195.897684
[00:02:57] Bootstrap tree #12, logLikelihood: -25742.900051
[00:03:04] Bootstrap tree #13, logLikelihood: -25203.961738
[00:03:13] Bootstrap tree #14, logLikelihood: -25198.986956
[00:03:21] Bootstrap tree #15, logLikelihood: -25240.664344
[00:03:36] Bootstrap tree #16, logLikelihood: -25819.986977
[00:03:51] Bootstrap tree #17, logLikelihood: -25410.307987
[00:04:03] Bootstrap tree #18, logLikelihood: -25718.039024
[00:04:11] Bootstrap tree #19, logLikelihood: -25734.347948
[00:04:18] Bootstrap tree #20, logLikelihood: -25498.222204
[00:04:27] Bootstrap tree #21, logLikelihood: -25081.066564
[00:04:35] Bootstrap tree #22, logLikelihood: -25545.544453
[00:04:42] Bootstrap tree #23, logLikelihood: -25240.128260
[00:04:49] Bootstrap tree #24, logLikelihood: -25408.372583
[00:04:57] Bootstrap tree #25, logLikelihood: -25423.132649
[00:05:05] Bootstrap tree #26, logLikelihood: -25489.565460
[00:05:14] Bootstrap tree #27, logLikelihood: -25941.316536
[00:05:21] Bootstrap tree #28, logLikelihood: -25099.375772
[00:05:30] Bootstrap tree #29, logLikelihood: -25524.261473
[00:05:40] Bootstrap tree #30, logLikelihood: -25501.337674
[00:05:49] Bootstrap tree #31, logLikelihood: -25363.174137
[00:05:57] Bootstrap tree #32, logLikelihood: -25018.465754
[00:06:04] Bootstrap tree #33, logLikelihood: -25691.843677
[00:06:11] Bootstrap tree #34, logLikelihood: -25532.662840
[00:06:20] Bootstrap tree #35, logLikelihood: -25238.033392
[00:06:30] Bootstrap tree #36, logLikelihood: -25273.241898
[00:06:39] Bootstrap tree #37, logLikelihood: -25583.967685
[00:06:46] Bootstrap tree #38, logLikelihood: -25461.856352
[00:06:54] Bootstrap tree #39, logLikelihood: -25177.563419
[00:07:01] Bootstrap tree #40, logLikelihood: -25367.054774
[00:07:11] Bootstrap tree #41, logLikelihood: -25068.614227
[00:07:19] Bootstrap tree #42, logLikelihood: -25247.637661
[00:07:28] Bootstrap tree #43, logLikelihood: -24993.220251
[00:07:36] Bootstrap tree #44, logLikelihood: -25808.345476
[00:07:46] Bootstrap tree #45, logLikelihood: -25808.725052
[00:07:55] Bootstrap tree #46, logLikelihood: -25538.958966
[00:08:02] Bootstrap tree #47, logLikelihood: -25600.855383
[00:08:10] Bootstrap tree #48, logLikelihood: -25666.708033
[00:08:18] Bootstrap tree #49, logLikelihood: -25745.554838
[00:08:26] Bootstrap tree #50, logLikelihood: -25771.277682
[00:08:35] Bootstrap tree #51, logLikelihood: -25267.817830
[00:08:43] Bootstrap tree #52, logLikelihood: -25508.743154
[00:08:51] Bootstrap tree #53, logLikelihood: -25632.852411
[00:08:58] Bootstrap tree #54, logLikelihood: -25365.385339
[00:09:05] Bootstrap tree #55, logLikelihood: -25241.619224
[00:09:16] Bootstrap tree #56, logLikelihood: -25802.586585
[00:09:25] Bootstrap tree #57, logLikelihood: -25329.244133
[00:09:33] Bootstrap tree #58, logLikelihood: -25448.891201
[00:09:41] Bootstrap tree #59, logLikelihood: -25503.223375
[00:09:50] Bootstrap tree #60, logLikelihood: -24684.978665
[00:09:58] Bootstrap tree #61, logLikelihood: -25249.781227
[00:10:06] Bootstrap tree #62, logLikelihood: -25629.404479
[00:10:18] Bootstrap tree #63, logLikelihood: -25941.471991
[00:10:26] Bootstrap tree #64, logLikelihood: -25873.607467
[00:10:35] Bootstrap tree #65, logLikelihood: -25405.767477
[00:10:43] Bootstrap tree #66, logLikelihood: -25864.532665
[00:10:51] Bootstrap tree #67, logLikelihood: -25416.631968
[00:10:59] Bootstrap tree #68, logLikelihood: -25805.618394
[00:11:07] Bootstrap tree #69, logLikelihood: -25421.696920
[00:11:16] Bootstrap tree #70, logLikelihood: -25027.209180
[00:11:23] Bootstrap tree #71, logLikelihood: -25629.311847
[00:11:32] Bootstrap tree #72, logLikelihood: -25442.122096
[00:11:43] Bootstrap tree #73, logLikelihood: -25274.448763
[00:11:51] Bootstrap tree #74, logLikelihood: -25126.993178
[00:12:00] Bootstrap tree #75, logLikelihood: -25839.895817
[00:12:08] Bootstrap tree #76, logLikelihood: -25966.928361
[00:12:17] Bootstrap tree #77, logLikelihood: -25864.769490
[00:12:27] Bootstrap tree #78, logLikelihood: -25739.170715
[00:12:37] Bootstrap tree #79, logLikelihood: -25830.406504
[00:12:48] Bootstrap tree #80, logLikelihood: -25144.849239
[00:12:55] Bootstrap tree #81, logLikelihood: -25247.096719
[00:13:03] Bootstrap tree #82, logLikelihood: -25425.277631
[00:13:13] Bootstrap tree #83, logLikelihood: -25142.351402
[00:13:22] Bootstrap tree #84, logLikelihood: -25781.621200
[00:13:29] Bootstrap tree #85, logLikelihood: -25637.683102
[00:13:39] Bootstrap tree #86, logLikelihood: -25229.818999
[00:13:48] Bootstrap tree #87, logLikelihood: -25763.596175
[00:13:57] Bootstrap tree #88, logLikelihood: -25519.069261
[00:14:04] Bootstrap tree #89, logLikelihood: -25570.796667
[00:14:13] Bootstrap tree #90, logLikelihood: -24987.301458
[00:14:23] Bootstrap tree #91, logLikelihood: -25930.184434
[00:14:32] Bootstrap tree #92, logLikelihood: -25282.691608
[00:14:41] Bootstrap tree #93, logLikelihood: -25548.762889
[00:14:49] Bootstrap tree #94, logLikelihood: -25483.878475
[00:14:59] Bootstrap tree #95, logLikelihood: -25326.245686
[00:15:08] Bootstrap tree #96, logLikelihood: -25570.552881
[00:15:18] Bootstrap tree #97, logLikelihood: -25640.846168
[00:15:29] Bootstrap tree #98, logLikelihood: -25885.087263
[00:15:38] Bootstrap tree #99, logLikelihood: -25183.235198
[00:15:47] Bootstrap tree #100, logLikelihood: -25270.346413

Optimized model parameters:

   Partition 0: noname
   Rate heterogeneity: GAMMA (4 cats, mean),  alpha: 2.142097 (ML),  weights&rates: (0.250000,0.309667) (0.250000,0.669321) (0.250000,1.073170) (0.250000,1.947843) 
   Base frequencies (ML): 0.237117 0.293130 0.283645 0.186108 
   Substitution rates (ML): 1.294517 2.948003 1.209314 0.854177 2.996885 1.000000 

Final LogLikelihood: -25478.792892

All ML trees saved to: /mnt/lustre/scratch/home/uvi/be/avs/cancer_genes_selection/genes/NUTM2A/tree/NUTM2A.raxml.mlTrees
Best ML tree saved to: /mnt/lustre/scratch/home/uvi/be/avs/cancer_genes_selection/genes/NUTM2A/tree/NUTM2A.raxml.bestTree
Best ML tree with bootstrap support values saved to: /mnt/lustre/scratch/home/uvi/be/avs/cancer_genes_selection/genes/NUTM2A/tree/NUTM2A.raxml.support
Optimized model saved to: /mnt/lustre/scratch/home/uvi/be/avs/cancer_genes_selection/genes/NUTM2A/tree/NUTM2A.raxml.bestModel
Bootstrap trees saved to: /mnt/lustre/scratch/home/uvi/be/avs/cancer_genes_selection/genes/NUTM2A/tree/NUTM2A.raxml.bootstraps

Execution log saved to: /mnt/lustre/scratch/home/uvi/be/avs/cancer_genes_selection/genes/NUTM2A/tree/NUTM2A.raxml.log

Analysis started: 21-Mar-2018 21:48:01 / finished: 21-Mar-2018 22:03:51

Elapsed time: 949.816 seconds

