
RAxML-NG v. 0.5.1b BETA released on 01.12.2017 by The Exelixis Lab.
Authors: Alexey Kozlov, Alexandros Stamatakis, Diego Darriba, Tomas Flouri, Benoit Morel.
Latest version: https://github.com/amkozlov/raxml-ng
Questions/problems/suggestions? Please visit: https://groups.google.com/forum/#!forum/raxml

WARNING: This is a BETA release, please use at your own risk!

RAxML-NG was called as follows:

raxml-ng-mpi --all --msa /mnt/lustre/scratch/home/uvi/be/avs/cancer_genes_selection/genes/NUTM2A/align/NUTM2A_align_DNA_trimmed2.fasta --model GTR+G -tree pars{10} --bs-trees 100 --prefix /mnt/lustre/scratch/home/uvi/be/avs/cancer_genes_selection/genes/NUTM2A/tree/NUTM2A_trimmed --redo

Analysis options:
  run mode: ML tree search + bootstrapping
  start tree(s): parsimony (10)
  random seed: 1522100066
  tip-inner: ON
  pattern compression: ON
  per-rate scalers: OFF
  site repeats: OFF
  branch lengths: ML estimate (linked)
  SIMD kernels: AVX2
  parallelization: NONE/sequential

WARNING: Running in REDO mode: existing checkpoints are ignored, and all result files will be overwritten!

[00:00:00] Reading alignment from file: /mnt/lustre/scratch/home/uvi/be/avs/cancer_genes_selection/genes/NUTM2A/align/NUTM2A_align_DNA_trimmed2.fasta
[00:00:01] Loaded alignment with 14 taxa and 2202 sites

Alignment comprises 1 partitions and 1689 patterns

Partition 0: noname
Model: GTR+FO+G4m
Alignment sites / patterns: 2202 / 1689
Gaps: 5.49 %
Invariant sites: 17.76 %


[00:00:01] Generating parsimony starting tree(s) with 14 taxa
[00:00:01] Data distribution: partitions/thread: 1-1, patterns/thread: 1689-1689

Starting ML tree search with 10 distinct starting trees

[00:00:08] ML tree search #1, logLikelihood: -20722.502862
[00:00:15] ML tree search #2, logLikelihood: -20722.502905
[00:00:23] ML tree search #3, logLikelihood: -20722.503190
[00:00:30] ML tree search #4, logLikelihood: -20722.502818
[00:00:37] ML tree search #5, logLikelihood: -20722.502937
[00:00:43] ML tree search #6, logLikelihood: -20722.502777
[00:00:50] ML tree search #7, logLikelihood: -20722.502791
[00:00:57] ML tree search #8, logLikelihood: -20722.503217
[00:01:04] ML tree search #9, logLikelihood: -20722.503166
[00:01:11] ML tree search #10, logLikelihood: -20722.503160

[00:01:11] ML tree search completed, best tree logLH: -20722.502777

[00:01:11] Starting bootstrapping analysis with 100 replicates.

[00:01:18] Bootstrap tree #1, logLikelihood: -20707.329850
[00:01:26] Bootstrap tree #2, logLikelihood: -20917.694215
[00:01:35] Bootstrap tree #3, logLikelihood: -21251.358589
[00:01:42] Bootstrap tree #4, logLikelihood: -20301.876231
[00:01:50] Bootstrap tree #5, logLikelihood: -20620.083668
[00:01:57] Bootstrap tree #6, logLikelihood: -20662.200395
[00:02:03] Bootstrap tree #7, logLikelihood: -20588.130184
[00:02:12] Bootstrap tree #8, logLikelihood: -20733.163260
[00:02:19] Bootstrap tree #9, logLikelihood: -21133.654636
[00:02:26] Bootstrap tree #10, logLikelihood: -20517.704582
[00:02:34] Bootstrap tree #11, logLikelihood: -20696.903430
[00:02:43] Bootstrap tree #12, logLikelihood: -20588.613857
[00:02:50] Bootstrap tree #13, logLikelihood: -20998.797985
[00:02:58] Bootstrap tree #14, logLikelihood: -20451.905559
[00:03:04] Bootstrap tree #15, logLikelihood: -20875.875193
[00:03:11] Bootstrap tree #16, logLikelihood: -20731.838822
[00:03:18] Bootstrap tree #17, logLikelihood: -20786.515415
[00:03:28] Bootstrap tree #18, logLikelihood: -20899.865603
[00:03:35] Bootstrap tree #19, logLikelihood: -20682.391292
[00:03:42] Bootstrap tree #20, logLikelihood: -20647.660223
[00:03:49] Bootstrap tree #21, logLikelihood: -20720.714110
[00:03:56] Bootstrap tree #22, logLikelihood: -20364.111764
[00:04:03] Bootstrap tree #23, logLikelihood: -20634.027912
[00:04:10] Bootstrap tree #24, logLikelihood: -20596.071033
[00:04:18] Bootstrap tree #25, logLikelihood: -20813.940684
[00:04:25] Bootstrap tree #26, logLikelihood: -20836.438552
[00:04:31] Bootstrap tree #27, logLikelihood: -20440.686501
[00:04:38] Bootstrap tree #28, logLikelihood: -20785.305152
[00:04:45] Bootstrap tree #29, logLikelihood: -20789.385583
[00:04:52] Bootstrap tree #30, logLikelihood: -20935.231751
[00:05:01] Bootstrap tree #31, logLikelihood: -20803.762625
[00:05:08] Bootstrap tree #32, logLikelihood: -20286.304731
[00:05:18] Bootstrap tree #33, logLikelihood: -20718.182803
[00:05:26] Bootstrap tree #34, logLikelihood: -20790.611135
[00:05:33] Bootstrap tree #35, logLikelihood: -20777.868102
[00:05:41] Bootstrap tree #36, logLikelihood: -20942.452336
[00:05:48] Bootstrap tree #37, logLikelihood: -20724.765468
[00:05:56] Bootstrap tree #38, logLikelihood: -20885.840330
[00:06:04] Bootstrap tree #39, logLikelihood: -20541.981523
[00:06:12] Bootstrap tree #40, logLikelihood: -20318.019449
[00:06:20] Bootstrap tree #41, logLikelihood: -20528.514504
[00:06:27] Bootstrap tree #42, logLikelihood: -20792.892747
[00:06:35] Bootstrap tree #43, logLikelihood: -20743.972920
[00:06:43] Bootstrap tree #44, logLikelihood: -20458.830350
[00:06:49] Bootstrap tree #45, logLikelihood: -20553.246771
[00:06:57] Bootstrap tree #46, logLikelihood: -20610.378937
[00:07:04] Bootstrap tree #47, logLikelihood: -20842.324960
[00:07:11] Bootstrap tree #48, logLikelihood: -20694.111805
[00:07:19] Bootstrap tree #49, logLikelihood: -20648.191461
[00:07:28] Bootstrap tree #50, logLikelihood: -20969.206971
[00:07:37] Bootstrap tree #51, logLikelihood: -20990.085793
[00:07:45] Bootstrap tree #52, logLikelihood: -20509.258599
[00:07:52] Bootstrap tree #53, logLikelihood: -20864.076610
[00:08:00] Bootstrap tree #54, logLikelihood: -20935.790047
[00:08:07] Bootstrap tree #55, logLikelihood: -20805.593448
[00:08:14] Bootstrap tree #56, logLikelihood: -20620.593200
[00:08:21] Bootstrap tree #57, logLikelihood: -20478.571867
[00:08:28] Bootstrap tree #58, logLikelihood: -20428.780593
[00:08:36] Bootstrap tree #59, logLikelihood: -20998.527150
[00:08:43] Bootstrap tree #60, logLikelihood: -20865.692086
[00:08:50] Bootstrap tree #61, logLikelihood: -20588.065693
[00:08:57] Bootstrap tree #62, logLikelihood: -20317.944247
[00:09:05] Bootstrap tree #63, logLikelihood: -20565.231604
[00:09:13] Bootstrap tree #64, logLikelihood: -20473.775924
[00:09:19] Bootstrap tree #65, logLikelihood: -20731.422180
[00:09:27] Bootstrap tree #66, logLikelihood: -20896.525121
[00:09:34] Bootstrap tree #67, logLikelihood: -20392.629894
[00:09:42] Bootstrap tree #68, logLikelihood: -20598.849068
[00:09:49] Bootstrap tree #69, logLikelihood: -20536.994739
[00:09:57] Bootstrap tree #70, logLikelihood: -20775.742562
[00:10:05] Bootstrap tree #71, logLikelihood: -20454.143190
[00:10:12] Bootstrap tree #72, logLikelihood: -20955.187651
[00:10:19] Bootstrap tree #73, logLikelihood: -20634.935438
[00:10:26] Bootstrap tree #74, logLikelihood: -20473.565820
[00:10:36] Bootstrap tree #75, logLikelihood: -21068.188262
[00:10:44] Bootstrap tree #76, logLikelihood: -20914.090608
[00:10:51] Bootstrap tree #77, logLikelihood: -20772.635199
[00:11:00] Bootstrap tree #78, logLikelihood: -20898.661941
[00:11:07] Bootstrap tree #79, logLikelihood: -20166.421922
[00:11:15] Bootstrap tree #80, logLikelihood: -20976.980827
[00:11:23] Bootstrap tree #81, logLikelihood: -20448.724518
[00:11:30] Bootstrap tree #82, logLikelihood: -20685.141450
[00:11:38] Bootstrap tree #83, logLikelihood: -20691.477069
[00:11:47] Bootstrap tree #84, logLikelihood: -20584.298662
[00:11:55] Bootstrap tree #85, logLikelihood: -20633.874409
[00:12:02] Bootstrap tree #86, logLikelihood: -20534.529243
[00:12:11] Bootstrap tree #87, logLikelihood: -20208.378125
[00:12:19] Bootstrap tree #88, logLikelihood: -20779.671791
[00:12:27] Bootstrap tree #89, logLikelihood: -20866.264792
[00:12:35] Bootstrap tree #90, logLikelihood: -20805.256202
[00:12:43] Bootstrap tree #91, logLikelihood: -20605.736228
[00:12:51] Bootstrap tree #92, logLikelihood: -20984.576263
[00:12:58] Bootstrap tree #93, logLikelihood: -21151.536355
[00:13:07] Bootstrap tree #94, logLikelihood: -20938.316749
[00:13:15] Bootstrap tree #95, logLikelihood: -20956.859898
[00:13:23] Bootstrap tree #96, logLikelihood: -20841.884290
[00:13:31] Bootstrap tree #97, logLikelihood: -20787.897593
[00:13:39] Bootstrap tree #98, logLikelihood: -20896.846417
[00:13:47] Bootstrap tree #99, logLikelihood: -20560.612746
[00:13:55] Bootstrap tree #100, logLikelihood: -20799.044409

Optimized model parameters:

   Partition 0: noname
   Rate heterogeneity: GAMMA (4 cats, mean),  alpha: 2.166336 (ML),  weights&rates: (0.250000,0.312353) (0.250000,0.671611) (0.250000,1.073644) (0.250000,1.942391) 
   Base frequencies (ML): 0.232407 0.292412 0.285451 0.189730 
   Substitution rates (ML): 1.321014 3.431732 1.258552 1.003955 3.353189 1.000000 

Final LogLikelihood: -20722.502777

All ML trees saved to: /mnt/lustre/scratch/home/uvi/be/avs/cancer_genes_selection/genes/NUTM2A/tree/NUTM2A_trimmed.raxml.mlTrees
Best ML tree saved to: /mnt/lustre/scratch/home/uvi/be/avs/cancer_genes_selection/genes/NUTM2A/tree/NUTM2A_trimmed.raxml.bestTree
Best ML tree with bootstrap support values saved to: /mnt/lustre/scratch/home/uvi/be/avs/cancer_genes_selection/genes/NUTM2A/tree/NUTM2A_trimmed.raxml.support
Optimized model saved to: /mnt/lustre/scratch/home/uvi/be/avs/cancer_genes_selection/genes/NUTM2A/tree/NUTM2A_trimmed.raxml.bestModel
Bootstrap trees saved to: /mnt/lustre/scratch/home/uvi/be/avs/cancer_genes_selection/genes/NUTM2A/tree/NUTM2A_trimmed.raxml.bootstraps

Execution log saved to: /mnt/lustre/scratch/home/uvi/be/avs/cancer_genes_selection/genes/NUTM2A/tree/NUTM2A_trimmed.raxml.log

Analysis started: 26-Mar-2018 23:34:26 / finished: 26-Mar-2018 23:48:25

Elapsed time: 839.120 seconds

