
RAxML-NG v. 0.5.1b BETA released on 01.12.2017 by The Exelixis Lab.
Authors: Alexey Kozlov, Alexandros Stamatakis, Diego Darriba, Tomas Flouri, Benoit Morel.
Latest version: https://github.com/amkozlov/raxml-ng
Questions/problems/suggestions? Please visit: https://groups.google.com/forum/#!forum/raxml

WARNING: This is a BETA release, please use at your own risk!

RAxML-NG was called as follows:

raxml-ng-mpi --all --msa /mnt/lustre/scratch/home/uvi/be/avs/cancer_genes_selection/genes/KDSR/align/KDSR_align_DNA_trimmed.fasta --model GTR+G -tree pars{10} --bs-trees 100 --prefix /mnt/lustre/scratch/home/uvi/be/avs/cancer_genes_selection/genes/KDSR/tree/KDSR --redo

Analysis options:
  run mode: ML tree search + bootstrapping
  start tree(s): parsimony (10)
  random seed: 1521660390
  tip-inner: ON
  pattern compression: ON
  per-rate scalers: OFF
  site repeats: OFF
  branch lengths: ML estimate (linked)
  SIMD kernels: AVX2
  parallelization: NONE/sequential

WARNING: Running in REDO mode: existing checkpoints are ignored, and all result files will be overwritten!

[00:00:00] Reading alignment from file: /mnt/lustre/scratch/home/uvi/be/avs/cancer_genes_selection/genes/KDSR/align/KDSR_align_DNA_trimmed.fasta
[00:00:00] Loaded alignment with 17 taxa and 999 sites

WARNING: Duplicate sequences found: 1
WARNING: Sequences ENSG00000119537 and ENSPTRG00000010080 are exactly identical!

Alignment comprises 1 partitions and 465 patterns

Partition 0: noname
Model: GTR+FO+G4m
Alignment sites / patterns: 999 / 465
Gaps: 6.10 %
Invariant sites: 45.15 %


[00:00:00] Generating parsimony starting tree(s) with 17 taxa
[00:00:01] Data distribution: partitions/thread: 1-1, patterns/thread: 465-465

Starting ML tree search with 10 distinct starting trees

[00:00:04] ML tree search #1, logLikelihood: -6670.807353
[00:00:08] ML tree search #2, logLikelihood: -6670.807064
[00:00:12] ML tree search #3, logLikelihood: -6670.807120
[00:00:15] ML tree search #4, logLikelihood: -6673.045611
[00:00:19] ML tree search #5, logLikelihood: -6673.046461
[00:00:24] ML tree search #6, logLikelihood: -6670.807184
[00:00:27] ML tree search #7, logLikelihood: -6670.807336
[00:00:31] ML tree search #8, logLikelihood: -6670.807100
[00:00:34] ML tree search #9, logLikelihood: -6670.807079
[00:00:37] ML tree search #10, logLikelihood: -6673.045789

[00:00:37] ML tree search completed, best tree logLH: -6670.807064

[00:00:37] Starting bootstrapping analysis with 100 replicates.

[00:00:41] Bootstrap tree #1, logLikelihood: -6576.076361
[00:00:44] Bootstrap tree #2, logLikelihood: -6721.669416
[00:00:49] Bootstrap tree #3, logLikelihood: -6788.793910
[00:00:53] Bootstrap tree #4, logLikelihood: -6758.884630
[00:00:58] Bootstrap tree #5, logLikelihood: -6717.244074
[00:01:02] Bootstrap tree #6, logLikelihood: -6253.465751
[00:01:07] Bootstrap tree #7, logLikelihood: -6576.021402
[00:01:11] Bootstrap tree #8, logLikelihood: -6382.916378
[00:01:15] Bootstrap tree #9, logLikelihood: -6572.345292
[00:01:18] Bootstrap tree #10, logLikelihood: -6626.500888
[00:01:23] Bootstrap tree #11, logLikelihood: -6413.512004
[00:01:28] Bootstrap tree #12, logLikelihood: -6708.925720
[00:01:32] Bootstrap tree #13, logLikelihood: -6623.695486
[00:01:39] Bootstrap tree #14, logLikelihood: -6503.251239
[00:01:43] Bootstrap tree #15, logLikelihood: -6540.561622
[00:01:46] Bootstrap tree #16, logLikelihood: -6846.242258
[00:01:50] Bootstrap tree #17, logLikelihood: -6449.201512
[00:01:55] Bootstrap tree #18, logLikelihood: -6683.899606
[00:01:59] Bootstrap tree #19, logLikelihood: -6962.468514
[00:02:03] Bootstrap tree #20, logLikelihood: -6691.041082
[00:02:07] Bootstrap tree #21, logLikelihood: -6581.569416
[00:02:12] Bootstrap tree #22, logLikelihood: -6967.118271
[00:02:16] Bootstrap tree #23, logLikelihood: -6623.382808
[00:02:20] Bootstrap tree #24, logLikelihood: -6369.279075
[00:02:26] Bootstrap tree #25, logLikelihood: -6547.130447
[00:02:30] Bootstrap tree #26, logLikelihood: -6559.240157
[00:02:34] Bootstrap tree #27, logLikelihood: -6345.334277
[00:02:38] Bootstrap tree #28, logLikelihood: -6751.664558
[00:02:42] Bootstrap tree #29, logLikelihood: -6473.761079
[00:02:46] Bootstrap tree #30, logLikelihood: -6831.693152
[00:02:50] Bootstrap tree #31, logLikelihood: -6684.288890
[00:02:55] Bootstrap tree #32, logLikelihood: -6576.785968
[00:02:59] Bootstrap tree #33, logLikelihood: -6735.278838
[00:03:03] Bootstrap tree #34, logLikelihood: -6590.426563
[00:03:08] Bootstrap tree #35, logLikelihood: -6411.725724
[00:03:11] Bootstrap tree #36, logLikelihood: -6847.515979
[00:03:15] Bootstrap tree #37, logLikelihood: -6745.928880
[00:03:19] Bootstrap tree #38, logLikelihood: -6761.328995
[00:03:23] Bootstrap tree #39, logLikelihood: -6094.728883
[00:03:28] Bootstrap tree #40, logLikelihood: -6622.144197
[00:03:32] Bootstrap tree #41, logLikelihood: -6731.285460
[00:03:36] Bootstrap tree #42, logLikelihood: -6710.351501
[00:03:41] Bootstrap tree #43, logLikelihood: -6548.259429
[00:03:45] Bootstrap tree #44, logLikelihood: -6476.807905
[00:03:50] Bootstrap tree #45, logLikelihood: -6861.996076
[00:03:54] Bootstrap tree #46, logLikelihood: -6579.501277
[00:03:59] Bootstrap tree #47, logLikelihood: -6748.851903
[00:04:03] Bootstrap tree #48, logLikelihood: -6641.629342
[00:04:07] Bootstrap tree #49, logLikelihood: -6620.366300
[00:04:11] Bootstrap tree #50, logLikelihood: -6593.170523
[00:04:16] Bootstrap tree #51, logLikelihood: -6741.476852
[00:04:21] Bootstrap tree #52, logLikelihood: -6512.088064
[00:04:26] Bootstrap tree #53, logLikelihood: -6878.979652
[00:04:30] Bootstrap tree #54, logLikelihood: -6496.207576
[00:04:34] Bootstrap tree #55, logLikelihood: -6317.335495
[00:04:39] Bootstrap tree #56, logLikelihood: -6310.264275
[00:04:43] Bootstrap tree #57, logLikelihood: -6898.570998
[00:04:48] Bootstrap tree #58, logLikelihood: -6548.773431
[00:04:55] Bootstrap tree #59, logLikelihood: -6862.305281
[00:05:00] Bootstrap tree #60, logLikelihood: -6585.671871
[00:05:04] Bootstrap tree #61, logLikelihood: -6654.465797
[00:05:09] Bootstrap tree #62, logLikelihood: -6572.565043
[00:05:17] Bootstrap tree #63, logLikelihood: -6588.146454
[00:05:21] Bootstrap tree #64, logLikelihood: -6765.849196
[00:05:27] Bootstrap tree #65, logLikelihood: -6914.928228
[00:05:31] Bootstrap tree #66, logLikelihood: -6728.506637
[00:05:35] Bootstrap tree #67, logLikelihood: -6726.110808
[00:05:40] Bootstrap tree #68, logLikelihood: -6631.216602
[00:05:45] Bootstrap tree #69, logLikelihood: -6884.971056
[00:05:49] Bootstrap tree #70, logLikelihood: -6912.494397
[00:05:54] Bootstrap tree #71, logLikelihood: -6571.569534
[00:05:59] Bootstrap tree #72, logLikelihood: -6742.623872
[00:06:06] Bootstrap tree #73, logLikelihood: -6635.351795
[00:06:11] Bootstrap tree #74, logLikelihood: -6507.089108
[00:06:15] Bootstrap tree #75, logLikelihood: -6642.766530
[00:06:20] Bootstrap tree #76, logLikelihood: -6536.984895
[00:06:26] Bootstrap tree #77, logLikelihood: -6595.491106
[00:06:31] Bootstrap tree #78, logLikelihood: -6764.124039
[00:06:35] Bootstrap tree #79, logLikelihood: -6623.917283
[00:06:42] Bootstrap tree #80, logLikelihood: -6486.609770
[00:06:46] Bootstrap tree #81, logLikelihood: -6522.761058
[00:06:51] Bootstrap tree #82, logLikelihood: -6957.842165
[00:06:56] Bootstrap tree #83, logLikelihood: -6645.737255
[00:07:01] Bootstrap tree #84, logLikelihood: -6789.285385
[00:07:06] Bootstrap tree #85, logLikelihood: -6627.744366
[00:07:11] Bootstrap tree #86, logLikelihood: -6688.342620
[00:07:16] Bootstrap tree #87, logLikelihood: -6750.746760
[00:07:22] Bootstrap tree #88, logLikelihood: -6216.445079
[00:07:29] Bootstrap tree #89, logLikelihood: -6760.351937
[00:07:35] Bootstrap tree #90, logLikelihood: -6264.395271
[00:07:40] Bootstrap tree #91, logLikelihood: -6509.099344
[00:07:46] Bootstrap tree #92, logLikelihood: -6620.525666
[00:07:50] Bootstrap tree #93, logLikelihood: -6522.841085
[00:07:56] Bootstrap tree #94, logLikelihood: -6288.287022
[00:08:01] Bootstrap tree #95, logLikelihood: -6619.540902
[00:08:05] Bootstrap tree #96, logLikelihood: -6434.868034
[00:08:10] Bootstrap tree #97, logLikelihood: -6335.344604
[00:08:16] Bootstrap tree #98, logLikelihood: -6615.263128
[00:08:22] Bootstrap tree #99, logLikelihood: -6808.864422
[00:08:27] Bootstrap tree #100, logLikelihood: -6761.230357

Optimized model parameters:

   Partition 0: noname
   Rate heterogeneity: GAMMA (4 cats, mean),  alpha: 0.530577 (ML),  weights&rates: (0.250000,0.039186) (0.250000,0.271409) (0.250000,0.841302) (0.250000,2.848103) 
   Base frequencies (ML): 0.263662 0.240195 0.260293 0.235850 
   Substitution rates (ML): 1.156956 3.179333 0.944099 1.064518 4.018832 1.000000 

Final LogLikelihood: -6670.807064

All ML trees saved to: /mnt/lustre/scratch/home/uvi/be/avs/cancer_genes_selection/genes/KDSR/tree/KDSR.raxml.mlTrees
Best ML tree saved to: /mnt/lustre/scratch/home/uvi/be/avs/cancer_genes_selection/genes/KDSR/tree/KDSR.raxml.bestTree
Best ML tree with bootstrap support values saved to: /mnt/lustre/scratch/home/uvi/be/avs/cancer_genes_selection/genes/KDSR/tree/KDSR.raxml.support
Optimized model saved to: /mnt/lustre/scratch/home/uvi/be/avs/cancer_genes_selection/genes/KDSR/tree/KDSR.raxml.bestModel
Bootstrap trees saved to: /mnt/lustre/scratch/home/uvi/be/avs/cancer_genes_selection/genes/KDSR/tree/KDSR.raxml.bootstraps

Execution log saved to: /mnt/lustre/scratch/home/uvi/be/avs/cancer_genes_selection/genes/KDSR/tree/KDSR.raxml.log

Analysis started: 21-Mar-2018 20:26:30 / finished: 21-Mar-2018 20:34:59

Elapsed time: 509.511 seconds

