
RAxML-NG v. 0.5.1b BETA released on 01.12.2017 by The Exelixis Lab.
Authors: Alexey Kozlov, Alexandros Stamatakis, Diego Darriba, Tomas Flouri, Benoit Morel.
Latest version: https://github.com/amkozlov/raxml-ng
Questions/problems/suggestions? Please visit: https://groups.google.com/forum/#!forum/raxml

WARNING: This is a BETA release, please use at your own risk!

RAxML-NG was called as follows:

raxml-ng-mpi --all --msa /mnt/lustre/scratch/home/uvi/be/avs/cancer_genes_selection/genes/HOXA13/align/HOXA13_align_DNA_trimmed.fasta --model GTR+G -tree pars{10} --bs-trees 100 --prefix /mnt/lustre/scratch/home/uvi/be/avs/cancer_genes_selection/genes/HOXA13/tree/HOXA13 --redo

Analysis options:
  run mode: ML tree search + bootstrapping
  start tree(s): parsimony (10)
  random seed: 1521658523
  tip-inner: ON
  pattern compression: ON
  per-rate scalers: OFF
  site repeats: OFF
  branch lengths: ML estimate (linked)
  SIMD kernels: AVX2
  parallelization: NONE/sequential

WARNING: Running in REDO mode: existing checkpoints are ignored, and all result files will be overwritten!

[00:00:00] Reading alignment from file: /mnt/lustre/scratch/home/uvi/be/avs/cancer_genes_selection/genes/HOXA13/align/HOXA13_align_DNA_trimmed.fasta
[00:00:00] Loaded alignment with 19 taxa and 774 sites

Alignment comprises 1 partitions and 237 patterns

Partition 0: noname
Model: GTR+FO+G4m
Alignment sites / patterns: 774 / 237
Gaps: 10.32 %
Invariant sites: 67.44 %


[00:00:01] Generating parsimony starting tree(s) with 19 taxa
[00:00:01] Data distribution: partitions/thread: 1-1, patterns/thread: 237-237

Starting ML tree search with 10 distinct starting trees

[00:00:04] ML tree search #1, logLikelihood: -3371.152227
[00:00:07] ML tree search #2, logLikelihood: -3371.149447
[00:00:09] ML tree search #3, logLikelihood: -3371.149892
[00:00:12] ML tree search #4, logLikelihood: -3371.614002
[00:00:15] ML tree search #5, logLikelihood: -3371.152029
[00:00:18] ML tree search #6, logLikelihood: -3371.614127
[00:00:20] ML tree search #7, logLikelihood: -3371.614333
[00:00:23] ML tree search #8, logLikelihood: -3371.150427
[00:00:26] ML tree search #9, logLikelihood: -3371.151769
[00:00:30] ML tree search #10, logLikelihood: -3371.152660

[00:00:30] ML tree search completed, best tree logLH: -3371.149447

[00:00:30] Starting bootstrapping analysis with 100 replicates.

[00:00:33] Bootstrap tree #1, logLikelihood: -3454.419967
[00:00:37] Bootstrap tree #2, logLikelihood: -3384.830345
[00:00:41] Bootstrap tree #3, logLikelihood: -3249.586882
[00:00:45] Bootstrap tree #4, logLikelihood: -3514.481535
[00:00:50] Bootstrap tree #5, logLikelihood: -3561.002483
[00:00:54] Bootstrap tree #6, logLikelihood: -3356.362048
[00:00:58] Bootstrap tree #7, logLikelihood: -3439.556899
[00:01:02] Bootstrap tree #8, logLikelihood: -3470.396053
[00:01:06] Bootstrap tree #9, logLikelihood: -3190.768116
[00:01:09] Bootstrap tree #10, logLikelihood: -3457.265330
[00:01:12] Bootstrap tree #11, logLikelihood: -3313.581253
[00:01:16] Bootstrap tree #12, logLikelihood: -3552.155585
[00:01:20] Bootstrap tree #13, logLikelihood: -3292.456056
[00:01:23] Bootstrap tree #14, logLikelihood: -3246.243076
[00:01:26] Bootstrap tree #15, logLikelihood: -3458.124075
[00:01:30] Bootstrap tree #16, logLikelihood: -3586.141564
[00:01:34] Bootstrap tree #17, logLikelihood: -3441.583303
[00:01:38] Bootstrap tree #18, logLikelihood: -3228.110985
[00:01:41] Bootstrap tree #19, logLikelihood: -3345.169290
[00:01:45] Bootstrap tree #20, logLikelihood: -3122.357818
[00:01:49] Bootstrap tree #21, logLikelihood: -3122.312268
[00:01:53] Bootstrap tree #22, logLikelihood: -3308.637232
[00:01:56] Bootstrap tree #23, logLikelihood: -3378.560659
[00:01:59] Bootstrap tree #24, logLikelihood: -3137.044975
[00:02:03] Bootstrap tree #25, logLikelihood: -3414.123762
[00:02:06] Bootstrap tree #26, logLikelihood: -3508.498071
[00:02:10] Bootstrap tree #27, logLikelihood: -3221.730245
[00:02:13] Bootstrap tree #28, logLikelihood: -2960.636337
[00:02:17] Bootstrap tree #29, logLikelihood: -3427.117168
[00:02:21] Bootstrap tree #30, logLikelihood: -3101.105005
[00:02:24] Bootstrap tree #31, logLikelihood: -3499.040979
[00:02:28] Bootstrap tree #32, logLikelihood: -3370.607619
[00:02:33] Bootstrap tree #33, logLikelihood: -3480.847368
[00:02:36] Bootstrap tree #34, logLikelihood: -3099.865239
[00:02:40] Bootstrap tree #35, logLikelihood: -3278.959187
[00:02:43] Bootstrap tree #36, logLikelihood: -3386.863698
[00:02:47] Bootstrap tree #37, logLikelihood: -3157.178652
[00:02:50] Bootstrap tree #38, logLikelihood: -3313.034458
[00:02:53] Bootstrap tree #39, logLikelihood: -3472.372279
[00:02:57] Bootstrap tree #40, logLikelihood: -3342.979649
[00:03:01] Bootstrap tree #41, logLikelihood: -3275.789643
[00:03:06] Bootstrap tree #42, logLikelihood: -3367.338419
[00:03:10] Bootstrap tree #43, logLikelihood: -3299.254990
[00:03:13] Bootstrap tree #44, logLikelihood: -3257.426004
[00:03:19] Bootstrap tree #45, logLikelihood: -3526.549399
[00:03:23] Bootstrap tree #46, logLikelihood: -3096.189058
[00:03:26] Bootstrap tree #47, logLikelihood: -3351.696044
[00:03:30] Bootstrap tree #48, logLikelihood: -3330.800679
[00:03:33] Bootstrap tree #49, logLikelihood: -3306.487798
[00:03:37] Bootstrap tree #50, logLikelihood: -3414.134361
[00:03:40] Bootstrap tree #51, logLikelihood: -3247.482799
[00:03:44] Bootstrap tree #52, logLikelihood: -3195.389265
[00:03:48] Bootstrap tree #53, logLikelihood: -3239.881065
[00:03:52] Bootstrap tree #54, logLikelihood: -3298.777553
[00:03:56] Bootstrap tree #55, logLikelihood: -3029.218872
[00:04:00] Bootstrap tree #56, logLikelihood: -3267.590157
[00:04:04] Bootstrap tree #57, logLikelihood: -3115.968929
[00:04:08] Bootstrap tree #58, logLikelihood: -3397.617337
[00:04:12] Bootstrap tree #59, logLikelihood: -3144.243786
[00:04:16] Bootstrap tree #60, logLikelihood: -3303.885916
[00:04:19] Bootstrap tree #61, logLikelihood: -3327.038112
[00:04:23] Bootstrap tree #62, logLikelihood: -3313.233673
[00:04:27] Bootstrap tree #63, logLikelihood: -3304.205496
[00:04:31] Bootstrap tree #64, logLikelihood: -3112.677810
[00:04:36] Bootstrap tree #65, logLikelihood: -3294.872525
[00:04:40] Bootstrap tree #66, logLikelihood: -3252.090786
[00:04:43] Bootstrap tree #67, logLikelihood: -3359.607198
[00:04:47] Bootstrap tree #68, logLikelihood: -3342.860761
[00:04:51] Bootstrap tree #69, logLikelihood: -3339.702247
[00:04:55] Bootstrap tree #70, logLikelihood: -3325.912407
[00:04:59] Bootstrap tree #71, logLikelihood: -3313.888846
[00:05:03] Bootstrap tree #72, logLikelihood: -3442.839537
[00:05:08] Bootstrap tree #73, logLikelihood: -3508.846165
[00:05:12] Bootstrap tree #74, logLikelihood: -3271.698468
[00:05:16] Bootstrap tree #75, logLikelihood: -3422.076961
[00:05:20] Bootstrap tree #76, logLikelihood: -3390.735729
[00:05:24] Bootstrap tree #77, logLikelihood: -3424.468089
[00:05:28] Bootstrap tree #78, logLikelihood: -3549.985446
[00:05:32] Bootstrap tree #79, logLikelihood: -3272.371707
[00:05:36] Bootstrap tree #80, logLikelihood: -3421.965888
[00:05:40] Bootstrap tree #81, logLikelihood: -3287.000345
[00:05:44] Bootstrap tree #82, logLikelihood: -3342.274326
[00:05:51] Bootstrap tree #83, logLikelihood: -3133.137818
[00:05:56] Bootstrap tree #84, logLikelihood: -3253.081008
[00:06:01] Bootstrap tree #85, logLikelihood: -3593.106976
[00:06:07] Bootstrap tree #86, logLikelihood: -3245.414882
[00:06:12] Bootstrap tree #87, logLikelihood: -3324.686116
[00:06:16] Bootstrap tree #88, logLikelihood: -3304.001056
[00:06:20] Bootstrap tree #89, logLikelihood: -3578.729794
[00:06:24] Bootstrap tree #90, logLikelihood: -3137.412213
[00:06:29] Bootstrap tree #91, logLikelihood: -3333.753366
[00:06:33] Bootstrap tree #92, logLikelihood: -3398.963753
[00:06:38] Bootstrap tree #93, logLikelihood: -3344.525145
[00:06:43] Bootstrap tree #94, logLikelihood: -3307.984676
[00:06:47] Bootstrap tree #95, logLikelihood: -3451.721567
[00:06:52] Bootstrap tree #96, logLikelihood: -3222.526021
[00:06:57] Bootstrap tree #97, logLikelihood: -3078.743804
[00:07:02] Bootstrap tree #98, logLikelihood: -3329.804727
[00:07:06] Bootstrap tree #99, logLikelihood: -3417.583151
[00:07:10] Bootstrap tree #100, logLikelihood: -3163.124549

Optimized model parameters:

   Partition 0: noname
   Rate heterogeneity: GAMMA (4 cats, mean),  alpha: 0.238507 (ML),  weights&rates: (0.250000,0.001619) (0.250000,0.058525) (0.250000,0.476614) (0.250000,3.463243) 
   Base frequencies (ML): 0.231081 0.354543 0.270442 0.143934 
   Substitution rates (ML): 0.275293 0.798700 0.351078 0.553644 2.412266 1.000000 

Final LogLikelihood: -3371.149447

All ML trees saved to: /mnt/lustre/scratch/home/uvi/be/avs/cancer_genes_selection/genes/HOXA13/tree/HOXA13.raxml.mlTrees
Best ML tree saved to: /mnt/lustre/scratch/home/uvi/be/avs/cancer_genes_selection/genes/HOXA13/tree/HOXA13.raxml.bestTree
Best ML tree with bootstrap support values saved to: /mnt/lustre/scratch/home/uvi/be/avs/cancer_genes_selection/genes/HOXA13/tree/HOXA13.raxml.support
Optimized model saved to: /mnt/lustre/scratch/home/uvi/be/avs/cancer_genes_selection/genes/HOXA13/tree/HOXA13.raxml.bestModel
Bootstrap trees saved to: /mnt/lustre/scratch/home/uvi/be/avs/cancer_genes_selection/genes/HOXA13/tree/HOXA13.raxml.bootstraps

Execution log saved to: /mnt/lustre/scratch/home/uvi/be/avs/cancer_genes_selection/genes/HOXA13/tree/HOXA13.raxml.log

Analysis started: 21-Mar-2018 19:55:23 / finished: 21-Mar-2018 20:02:35

Elapsed time: 432.404 seconds

