
RAxML-NG v. 0.5.1b BETA released on 01.12.2017 by The Exelixis Lab.
Authors: Alexey Kozlov, Alexandros Stamatakis, Diego Darriba, Tomas Flouri, Benoit Morel.
Latest version: https://github.com/amkozlov/raxml-ng
Questions/problems/suggestions? Please visit: https://groups.google.com/forum/#!forum/raxml

WARNING: This is a BETA release, please use at your own risk!

RAxML-NG was called as follows:

raxml-ng-mpi --all --msa /mnt/lustre/scratch/home/uvi/be/avs/cancer_genes_selection/genes/NONO/align/NONO_align_DNA_trimmed2.fasta --model GTR+G -tree pars{10} --bs-trees 100 --prefix /mnt/lustre/scratch/home/uvi/be/avs/cancer_genes_selection/genes/NONO/tree/NONO_trimmed --redo

Analysis options:
  run mode: ML tree search + bootstrapping
  start tree(s): parsimony (10)
  random seed: 1522099524
  tip-inner: ON
  pattern compression: ON
  per-rate scalers: OFF
  site repeats: OFF
  branch lengths: ML estimate (linked)
  SIMD kernels: AVX2
  parallelization: NONE/sequential

WARNING: Running in REDO mode: existing checkpoints are ignored, and all result files will be overwritten!

[00:00:00] Reading alignment from file: /mnt/lustre/scratch/home/uvi/be/avs/cancer_genes_selection/genes/NONO/align/NONO_align_DNA_trimmed2.fasta
[00:00:01] Loaded alignment with 23 taxa and 1413 sites

WARNING: Duplicate sequences found: 1
WARNING: Sequences ENSG00000147140 and ENSPTRG00000022010 are exactly identical!

Alignment comprises 1 partitions and 553 patterns

Partition 0: noname
Model: GTR+FO+G4m
Alignment sites / patterns: 1413 / 553
Gaps: 2.50 %
Invariant sites: 50.11 %


[00:00:01] Generating parsimony starting tree(s) with 23 taxa
[00:00:01] Data distribution: partitions/thread: 1-1, patterns/thread: 553-553

Starting ML tree search with 10 distinct starting trees

[00:00:08] ML tree search #1, logLikelihood: -8169.398070
[00:00:16] ML tree search #2, logLikelihood: -8169.398528
[00:00:23] ML tree search #3, logLikelihood: -8169.398744
[00:00:28] ML tree search #4, logLikelihood: -8169.398085
[00:00:35] ML tree search #5, logLikelihood: -8169.398220
[00:00:40] ML tree search #6, logLikelihood: -8169.398288
[00:00:47] ML tree search #7, logLikelihood: -8169.398382
[00:00:54] ML tree search #8, logLikelihood: -8169.398189
[00:01:00] ML tree search #9, logLikelihood: -8169.398021
[00:01:07] ML tree search #10, logLikelihood: -8169.398210

[00:01:08] ML tree search completed, best tree logLH: -8169.398021

[00:01:08] Starting bootstrapping analysis with 100 replicates.

[00:01:19] Bootstrap tree #1, logLikelihood: -7906.129565
[00:01:28] Bootstrap tree #2, logLikelihood: -8208.621700
[00:01:34] Bootstrap tree #3, logLikelihood: -8101.730875
[00:01:42] Bootstrap tree #4, logLikelihood: -8301.503985
[00:01:50] Bootstrap tree #5, logLikelihood: -7977.426207
[00:01:57] Bootstrap tree #6, logLikelihood: -7989.655499
[00:02:04] Bootstrap tree #7, logLikelihood: -8050.198108
[00:02:10] Bootstrap tree #8, logLikelihood: -8163.694917
[00:02:17] Bootstrap tree #9, logLikelihood: -8102.463731
[00:02:24] Bootstrap tree #10, logLikelihood: -8038.338267
[00:02:32] Bootstrap tree #11, logLikelihood: -8307.550442
[00:02:40] Bootstrap tree #12, logLikelihood: -8363.552960
[00:02:48] Bootstrap tree #13, logLikelihood: -8065.558100
[00:02:55] Bootstrap tree #14, logLikelihood: -8010.882160
[00:03:01] Bootstrap tree #15, logLikelihood: -7963.879433
[00:03:07] Bootstrap tree #16, logLikelihood: -8106.003762
[00:03:14] Bootstrap tree #17, logLikelihood: -7947.353076
[00:03:21] Bootstrap tree #18, logLikelihood: -7964.566975
[00:03:29] Bootstrap tree #19, logLikelihood: -8331.713956
[00:03:35] Bootstrap tree #20, logLikelihood: -8343.970420
[00:03:44] Bootstrap tree #21, logLikelihood: -8108.722400
[00:03:52] Bootstrap tree #22, logLikelihood: -8585.101952
[00:04:04] Bootstrap tree #23, logLikelihood: -8321.012439
[00:04:11] Bootstrap tree #24, logLikelihood: -7975.508242
[00:04:20] Bootstrap tree #25, logLikelihood: -8188.726277
[00:04:28] Bootstrap tree #26, logLikelihood: -8639.622888
[00:04:36] Bootstrap tree #27, logLikelihood: -8114.863412
[00:04:46] Bootstrap tree #28, logLikelihood: -8121.653956
[00:04:55] Bootstrap tree #29, logLikelihood: -8325.791994
[00:05:03] Bootstrap tree #30, logLikelihood: -8246.148918
[00:05:11] Bootstrap tree #31, logLikelihood: -8050.443364
[00:05:18] Bootstrap tree #32, logLikelihood: -8198.624157
[00:05:25] Bootstrap tree #33, logLikelihood: -8072.250816
[00:05:35] Bootstrap tree #34, logLikelihood: -8551.885920
[00:05:42] Bootstrap tree #35, logLikelihood: -7936.957887
[00:05:54] Bootstrap tree #36, logLikelihood: -7952.338937
[00:06:03] Bootstrap tree #37, logLikelihood: -7998.894805
[00:06:11] Bootstrap tree #38, logLikelihood: -8422.209600
[00:06:23] Bootstrap tree #39, logLikelihood: -7705.018367
[00:06:35] Bootstrap tree #40, logLikelihood: -8034.675304
[00:06:43] Bootstrap tree #41, logLikelihood: -8169.926106
[00:06:52] Bootstrap tree #42, logLikelihood: -8162.560082
[00:06:59] Bootstrap tree #43, logLikelihood: -8043.788890
[00:07:07] Bootstrap tree #44, logLikelihood: -7989.359566
[00:07:16] Bootstrap tree #45, logLikelihood: -8169.381247
[00:07:23] Bootstrap tree #46, logLikelihood: -8197.954385
[00:07:30] Bootstrap tree #47, logLikelihood: -7867.920230
[00:07:37] Bootstrap tree #48, logLikelihood: -8110.168675
[00:07:46] Bootstrap tree #49, logLikelihood: -8252.093228
[00:07:54] Bootstrap tree #50, logLikelihood: -8007.793036
[00:08:03] Bootstrap tree #51, logLikelihood: -8122.129675
[00:08:09] Bootstrap tree #52, logLikelihood: -8074.598828
[00:08:20] Bootstrap tree #53, logLikelihood: -7900.755227
[00:08:28] Bootstrap tree #54, logLikelihood: -8156.384009
[00:08:38] Bootstrap tree #55, logLikelihood: -8266.994826
[00:08:46] Bootstrap tree #56, logLikelihood: -7972.953859
[00:08:53] Bootstrap tree #57, logLikelihood: -8121.941751
[00:09:01] Bootstrap tree #58, logLikelihood: -8187.197191
[00:09:09] Bootstrap tree #59, logLikelihood: -8140.740493
[00:09:18] Bootstrap tree #60, logLikelihood: -8302.737562
[00:09:30] Bootstrap tree #61, logLikelihood: -7988.970291
[00:09:39] Bootstrap tree #62, logLikelihood: -8216.336137
[00:09:48] Bootstrap tree #63, logLikelihood: -8067.082535
[00:09:56] Bootstrap tree #64, logLikelihood: -8153.641897
[00:10:04] Bootstrap tree #65, logLikelihood: -8009.052456
[00:10:13] Bootstrap tree #66, logLikelihood: -8312.030517
[00:10:20] Bootstrap tree #67, logLikelihood: -8263.709390
[00:10:29] Bootstrap tree #68, logLikelihood: -7982.802122
[00:10:40] Bootstrap tree #69, logLikelihood: -7817.881077
[00:10:48] Bootstrap tree #70, logLikelihood: -8145.804034
[00:10:57] Bootstrap tree #71, logLikelihood: -7951.360062
[00:11:05] Bootstrap tree #72, logLikelihood: -8011.926214
[00:11:14] Bootstrap tree #73, logLikelihood: -8182.531088
[00:11:22] Bootstrap tree #74, logLikelihood: -8104.703010
[00:11:31] Bootstrap tree #75, logLikelihood: -7935.339387
[00:11:40] Bootstrap tree #76, logLikelihood: -8277.658462
[00:11:51] Bootstrap tree #77, logLikelihood: -8030.062974
[00:12:03] Bootstrap tree #78, logLikelihood: -8191.635944
[00:12:10] Bootstrap tree #79, logLikelihood: -8206.125232
[00:12:18] Bootstrap tree #80, logLikelihood: -7799.474002
[00:12:26] Bootstrap tree #81, logLikelihood: -8153.513897
[00:12:37] Bootstrap tree #82, logLikelihood: -8090.967818
[00:12:47] Bootstrap tree #83, logLikelihood: -7880.313258
[00:12:56] Bootstrap tree #84, logLikelihood: -8147.886981
[00:13:04] Bootstrap tree #85, logLikelihood: -8060.545651
[00:13:12] Bootstrap tree #86, logLikelihood: -8004.595931
[00:13:21] Bootstrap tree #87, logLikelihood: -7933.186772
[00:13:29] Bootstrap tree #88, logLikelihood: -8140.071326
[00:13:38] Bootstrap tree #89, logLikelihood: -8162.979208
[00:13:46] Bootstrap tree #90, logLikelihood: -8037.109557
[00:13:54] Bootstrap tree #91, logLikelihood: -8244.578040
[00:14:04] Bootstrap tree #92, logLikelihood: -8073.675470
[00:14:13] Bootstrap tree #93, logLikelihood: -8341.526369
[00:14:23] Bootstrap tree #94, logLikelihood: -8010.059735
[00:14:32] Bootstrap tree #95, logLikelihood: -8165.564339
[00:14:40] Bootstrap tree #96, logLikelihood: -7845.857731
[00:14:49] Bootstrap tree #97, logLikelihood: -8342.095705
[00:14:59] Bootstrap tree #98, logLikelihood: -7920.263030
[00:15:08] Bootstrap tree #99, logLikelihood: -7990.264639
[00:15:17] Bootstrap tree #100, logLikelihood: -8320.530928

Optimized model parameters:

   Partition 0: noname
   Rate heterogeneity: GAMMA (4 cats, mean),  alpha: 0.625231 (ML),  weights&rates: (0.250000,0.058350) (0.250000,0.326009) (0.250000,0.893665) (0.250000,2.721976) 
   Base frequencies (ML): 0.307986 0.234628 0.262215 0.195171 
   Substitution rates (ML): 1.444325 5.308003 0.941586 1.110220 6.103420 1.000000 

Final LogLikelihood: -8169.398021

All ML trees saved to: /mnt/lustre/scratch/home/uvi/be/avs/cancer_genes_selection/genes/NONO/tree/NONO_trimmed.raxml.mlTrees
Best ML tree saved to: /mnt/lustre/scratch/home/uvi/be/avs/cancer_genes_selection/genes/NONO/tree/NONO_trimmed.raxml.bestTree
Best ML tree with bootstrap support values saved to: /mnt/lustre/scratch/home/uvi/be/avs/cancer_genes_selection/genes/NONO/tree/NONO_trimmed.raxml.support
Optimized model saved to: /mnt/lustre/scratch/home/uvi/be/avs/cancer_genes_selection/genes/NONO/tree/NONO_trimmed.raxml.bestModel
Bootstrap trees saved to: /mnt/lustre/scratch/home/uvi/be/avs/cancer_genes_selection/genes/NONO/tree/NONO_trimmed.raxml.bootstraps

Execution log saved to: /mnt/lustre/scratch/home/uvi/be/avs/cancer_genes_selection/genes/NONO/tree/NONO_trimmed.raxml.log

Analysis started: 26-Mar-2018 23:25:24 / finished: 26-Mar-2018 23:40:45

Elapsed time: 921.174 seconds

