
RAxML-NG v. 0.5.1b BETA released on 01.12.2017 by The Exelixis Lab.
Authors: Alexey Kozlov, Alexandros Stamatakis, Diego Darriba, Tomas Flouri, Benoit Morel.
Latest version: https://github.com/amkozlov/raxml-ng
Questions/problems/suggestions? Please visit: https://groups.google.com/forum/#!forum/raxml

WARNING: This is a BETA release, please use at your own risk!

RAxML-NG was called as follows:

raxml-ng-mpi --all --msa /mnt/lustre/scratch/home/uvi/be/avs/cancer_genes_selection/genes/POU5F1/align/POU5F1_align_DNA_trimmed2.fasta --model GTR+G -tree pars{10} --bs-trees 100 --prefix /mnt/lustre/scratch/home/uvi/be/avs/cancer_genes_selection/genes/POU5F1/tree/POU5F1_trimmed --redo

Analysis options:
  run mode: ML tree search + bootstrapping
  start tree(s): parsimony (10)
  random seed: 1522101833
  tip-inner: ON
  pattern compression: ON
  per-rate scalers: OFF
  site repeats: OFF
  branch lengths: ML estimate (linked)
  SIMD kernels: AVX2
  parallelization: NONE/sequential

WARNING: Running in REDO mode: existing checkpoints are ignored, and all result files will be overwritten!

[00:00:01] Reading alignment from file: /mnt/lustre/scratch/home/uvi/be/avs/cancer_genes_selection/genes/POU5F1/align/POU5F1_align_DNA_trimmed2.fasta
[00:00:01] Loaded alignment with 21 taxa and 1083 sites

Alignment comprises 1 partitions and 770 patterns

Partition 0: noname
Model: GTR+FO+G4m
Alignment sites / patterns: 1083 / 770
Gaps: 4.81 %
Invariant sites: 28.35 %


[00:00:01] Generating parsimony starting tree(s) with 21 taxa
[00:00:01] Data distribution: partitions/thread: 1-1, patterns/thread: 770-770

Starting ML tree search with 10 distinct starting trees

[00:00:08] ML tree search #1, logLikelihood: -9876.554012
[00:00:15] ML tree search #2, logLikelihood: -9876.553861
[00:00:23] ML tree search #3, logLikelihood: -9876.554080
[00:00:31] ML tree search #4, logLikelihood: -9876.555566
[00:00:39] ML tree search #5, logLikelihood: -9876.553605
[00:00:46] ML tree search #6, logLikelihood: -9876.555706
[00:00:54] ML tree search #7, logLikelihood: -9876.552416
[00:01:02] ML tree search #8, logLikelihood: -9876.552399
[00:01:10] ML tree search #9, logLikelihood: -9876.557641
[00:01:18] ML tree search #10, logLikelihood: -9876.554041

[00:01:18] ML tree search completed, best tree logLH: -9876.552399

[00:01:19] Starting bootstrapping analysis with 100 replicates.

[00:01:30] Bootstrap tree #1, logLikelihood: -10183.256743
[00:01:38] Bootstrap tree #2, logLikelihood: -9762.461915
[00:01:45] Bootstrap tree #3, logLikelihood: -9487.806763
[00:01:52] Bootstrap tree #4, logLikelihood: -9727.508345
[00:02:00] Bootstrap tree #5, logLikelihood: -9551.603961
[00:02:08] Bootstrap tree #6, logLikelihood: -10039.523076
[00:02:18] Bootstrap tree #7, logLikelihood: -10163.843111
[00:02:26] Bootstrap tree #8, logLikelihood: -9612.238227
[00:02:35] Bootstrap tree #9, logLikelihood: -9794.595718
[00:02:45] Bootstrap tree #10, logLikelihood: -10054.850588
[00:02:53] Bootstrap tree #11, logLikelihood: -9729.416962
[00:03:01] Bootstrap tree #12, logLikelihood: -9874.379803
[00:03:10] Bootstrap tree #13, logLikelihood: -10110.351545
[00:03:20] Bootstrap tree #14, logLikelihood: -9842.888059
[00:03:28] Bootstrap tree #15, logLikelihood: -9830.071049
[00:03:36] Bootstrap tree #16, logLikelihood: -10301.144955
[00:03:45] Bootstrap tree #17, logLikelihood: -9899.974033
[00:03:53] Bootstrap tree #18, logLikelihood: -9707.530724
[00:04:04] Bootstrap tree #19, logLikelihood: -9340.976638
[00:04:15] Bootstrap tree #20, logLikelihood: -9931.367832
[00:04:25] Bootstrap tree #21, logLikelihood: -9908.324436
[00:04:36] Bootstrap tree #22, logLikelihood: -9661.355758
[00:04:46] Bootstrap tree #23, logLikelihood: -9766.036506
[00:04:54] Bootstrap tree #24, logLikelihood: -9823.235140
[00:05:05] Bootstrap tree #25, logLikelihood: -9761.444640
[00:05:13] Bootstrap tree #26, logLikelihood: -9604.734445
[00:05:26] Bootstrap tree #27, logLikelihood: -9911.149031
[00:05:33] Bootstrap tree #28, logLikelihood: -9713.986404
[00:05:42] Bootstrap tree #29, logLikelihood: -10118.872387
[00:05:51] Bootstrap tree #30, logLikelihood: -10007.544804
[00:06:00] Bootstrap tree #31, logLikelihood: -9674.221634
[00:06:10] Bootstrap tree #32, logLikelihood: -9696.731347
[00:06:18] Bootstrap tree #33, logLikelihood: -10127.096826
[00:06:27] Bootstrap tree #34, logLikelihood: -9341.219828
[00:06:36] Bootstrap tree #35, logLikelihood: -10250.220785
[00:06:47] Bootstrap tree #36, logLikelihood: -9891.270479
[00:06:57] Bootstrap tree #37, logLikelihood: -9839.984717
[00:07:06] Bootstrap tree #38, logLikelihood: -9270.393031
[00:07:14] Bootstrap tree #39, logLikelihood: -9678.523995
[00:07:25] Bootstrap tree #40, logLikelihood: -9718.981004
[00:07:33] Bootstrap tree #41, logLikelihood: -10093.226917
[00:07:41] Bootstrap tree #42, logLikelihood: -10052.402545
[00:07:50] Bootstrap tree #43, logLikelihood: -9701.377760
[00:07:58] Bootstrap tree #44, logLikelihood: -9554.921952
[00:08:08] Bootstrap tree #45, logLikelihood: -9848.980719
[00:08:18] Bootstrap tree #46, logLikelihood: -9772.142328
[00:08:28] Bootstrap tree #47, logLikelihood: -10005.620095
[00:08:35] Bootstrap tree #48, logLikelihood: -9836.995751
[00:08:44] Bootstrap tree #49, logLikelihood: -9755.328013
[00:08:54] Bootstrap tree #50, logLikelihood: -10267.934281
[00:09:03] Bootstrap tree #51, logLikelihood: -9573.622378
[00:09:10] Bootstrap tree #52, logLikelihood: -9534.841992
[00:09:20] Bootstrap tree #53, logLikelihood: -10115.277880
[00:09:29] Bootstrap tree #54, logLikelihood: -9673.323294
[00:09:37] Bootstrap tree #55, logLikelihood: -9507.445392
[00:09:46] Bootstrap tree #56, logLikelihood: -9802.533507
[00:09:54] Bootstrap tree #57, logLikelihood: -9947.547831
[00:10:04] Bootstrap tree #58, logLikelihood: -9916.123912
[00:10:13] Bootstrap tree #59, logLikelihood: -9865.840458
[00:10:23] Bootstrap tree #60, logLikelihood: -10186.106970
[00:10:31] Bootstrap tree #61, logLikelihood: -9637.308703
[00:10:41] Bootstrap tree #62, logLikelihood: -9706.767182
[00:10:50] Bootstrap tree #63, logLikelihood: -9588.207875
[00:11:00] Bootstrap tree #64, logLikelihood: -10189.798853
[00:11:10] Bootstrap tree #65, logLikelihood: -9371.043141
[00:11:19] Bootstrap tree #66, logLikelihood: -9677.352896
[00:11:28] Bootstrap tree #67, logLikelihood: -9875.932223
[00:11:37] Bootstrap tree #68, logLikelihood: -9604.363872
[00:11:46] Bootstrap tree #69, logLikelihood: -9913.866832
[00:11:54] Bootstrap tree #70, logLikelihood: -9686.825521
[00:12:04] Bootstrap tree #71, logLikelihood: -9676.647958
[00:12:12] Bootstrap tree #72, logLikelihood: -10197.717958
[00:12:21] Bootstrap tree #73, logLikelihood: -9854.904817
[00:12:30] Bootstrap tree #74, logLikelihood: -9693.706751
[00:12:40] Bootstrap tree #75, logLikelihood: -9570.356379
[00:12:49] Bootstrap tree #76, logLikelihood: -9966.378435
[00:13:00] Bootstrap tree #77, logLikelihood: -9741.338908
[00:13:09] Bootstrap tree #78, logLikelihood: -9700.998442
[00:13:19] Bootstrap tree #79, logLikelihood: -9624.335523
[00:13:28] Bootstrap tree #80, logLikelihood: -9879.946125
[00:13:40] Bootstrap tree #81, logLikelihood: -9978.614020
[00:13:49] Bootstrap tree #82, logLikelihood: -9638.541664
[00:13:58] Bootstrap tree #83, logLikelihood: -9937.154974
[00:14:08] Bootstrap tree #84, logLikelihood: -10006.164685
[00:14:19] Bootstrap tree #85, logLikelihood: -10222.973109
[00:14:27] Bootstrap tree #86, logLikelihood: -9834.095583
[00:14:36] Bootstrap tree #87, logLikelihood: -9879.139813
[00:14:44] Bootstrap tree #88, logLikelihood: -10218.458836
[00:14:52] Bootstrap tree #89, logLikelihood: -9730.804003
[00:15:02] Bootstrap tree #90, logLikelihood: -9808.395429
[00:15:11] Bootstrap tree #91, logLikelihood: -9653.372874
[00:15:20] Bootstrap tree #92, logLikelihood: -9841.275416
[00:15:31] Bootstrap tree #93, logLikelihood: -10048.758760
[00:15:40] Bootstrap tree #94, logLikelihood: -9749.168023
[00:15:49] Bootstrap tree #95, logLikelihood: -9889.932593
[00:15:59] Bootstrap tree #96, logLikelihood: -10026.026383
[00:16:10] Bootstrap tree #97, logLikelihood: -9934.749648
[00:16:22] Bootstrap tree #98, logLikelihood: -9576.321291
[00:16:32] Bootstrap tree #99, logLikelihood: -9531.933861
[00:16:41] Bootstrap tree #100, logLikelihood: -9681.029496

Optimized model parameters:

   Partition 0: noname
   Rate heterogeneity: GAMMA (4 cats, mean),  alpha: 0.916249 (ML),  weights&rates: (0.250000,0.119955) (0.250000,0.450045) (0.250000,0.984607) (0.250000,2.445392) 
   Base frequencies (ML): 0.208647 0.298465 0.298770 0.194117 
   Substitution rates (ML): 0.994724 3.075662 1.126005 0.870057 4.268155 1.000000 

Final LogLikelihood: -9876.552399

All ML trees saved to: /mnt/lustre/scratch/home/uvi/be/avs/cancer_genes_selection/genes/POU5F1/tree/POU5F1_trimmed.raxml.mlTrees
Best ML tree saved to: /mnt/lustre/scratch/home/uvi/be/avs/cancer_genes_selection/genes/POU5F1/tree/POU5F1_trimmed.raxml.bestTree
Best ML tree with bootstrap support values saved to: /mnt/lustre/scratch/home/uvi/be/avs/cancer_genes_selection/genes/POU5F1/tree/POU5F1_trimmed.raxml.support
Optimized model saved to: /mnt/lustre/scratch/home/uvi/be/avs/cancer_genes_selection/genes/POU5F1/tree/POU5F1_trimmed.raxml.bestModel
Bootstrap trees saved to: /mnt/lustre/scratch/home/uvi/be/avs/cancer_genes_selection/genes/POU5F1/tree/POU5F1_trimmed.raxml.bootstraps

Execution log saved to: /mnt/lustre/scratch/home/uvi/be/avs/cancer_genes_selection/genes/POU5F1/tree/POU5F1_trimmed.raxml.log

Analysis started: 27-Mar-2018 00:03:53 / finished: 27-Mar-2018 00:20:38

Elapsed time: 1004.425 seconds

