
RAxML-NG v. 0.5.1b BETA released on 01.12.2017 by The Exelixis Lab.
Authors: Alexey Kozlov, Alexandros Stamatakis, Diego Darriba, Tomas Flouri, Benoit Morel.
Latest version: https://github.com/amkozlov/raxml-ng
Questions/problems/suggestions? Please visit: https://groups.google.com/forum/#!forum/raxml

WARNING: This is a BETA release, please use at your own risk!

RAxML-NG was called as follows:

raxml-ng-mpi --all --msa /mnt/lustre/scratch/home/uvi/be/avs/cancer_genes_selection/genes/B2M/align/B2M_align_DNA_trimmed.fasta --model GTR+G -tree pars{10} --bs-trees 100 --prefix /mnt/lustre/scratch/home/uvi/be/avs/cancer_genes_selection/genes/B2M/tree/B2M --redo

Analysis options:
  run mode: ML tree search + bootstrapping
  start tree(s): parsimony (10)
  random seed: 1521643170
  tip-inner: ON
  pattern compression: ON
  per-rate scalers: OFF
  site repeats: OFF
  branch lengths: ML estimate (linked)
  SIMD kernels: AVX2
  parallelization: NONE/sequential

WARNING: Running in REDO mode: existing checkpoints are ignored, and all result files will be overwritten!

[00:00:00] Reading alignment from file: /mnt/lustre/scratch/home/uvi/be/avs/cancer_genes_selection/genes/B2M/align/B2M_align_DNA_trimmed.fasta
[00:00:01] Loaded alignment with 32 taxa and 360 sites

Alignment comprises 1 partitions and 278 patterns

Partition 0: noname
Model: GTR+FO+G4m
Alignment sites / patterns: 360 / 278
Gaps: 3.10 %
Invariant sites: 24.17 %


[00:00:01] Generating parsimony starting tree(s) with 32 taxa
[00:00:02] Data distribution: partitions/thread: 1-1, patterns/thread: 278-278

Starting ML tree search with 10 distinct starting trees

[00:00:08] ML tree search #1, logLikelihood: -5806.880668
[00:00:13] ML tree search #2, logLikelihood: -5806.879852
[00:00:18] ML tree search #3, logLikelihood: -5806.891235
[00:00:23] ML tree search #4, logLikelihood: -5807.401204
[00:00:33] ML tree search #5, logLikelihood: -5807.832825
[00:00:38] ML tree search #6, logLikelihood: -5806.876713
[00:00:44] ML tree search #7, logLikelihood: -5806.882919
[00:00:51] ML tree search #8, logLikelihood: -5806.889215
[00:00:56] ML tree search #9, logLikelihood: -5806.889892
[00:01:01] ML tree search #10, logLikelihood: -5807.400506

[00:01:01] ML tree search completed, best tree logLH: -5806.876713

[00:01:01] Starting bootstrapping analysis with 100 replicates.

[00:01:08] Bootstrap tree #1, logLikelihood: -5637.664076
[00:01:14] Bootstrap tree #2, logLikelihood: -5617.480174
[00:01:20] Bootstrap tree #3, logLikelihood: -5841.971194
[00:01:25] Bootstrap tree #4, logLikelihood: -5628.655921
[00:01:30] Bootstrap tree #5, logLikelihood: -5537.685152
[00:01:36] Bootstrap tree #6, logLikelihood: -5660.259684
[00:01:42] Bootstrap tree #7, logLikelihood: -5649.056109
[00:01:49] Bootstrap tree #8, logLikelihood: -5730.542418
[00:01:55] Bootstrap tree #9, logLikelihood: -5506.380490
[00:02:01] Bootstrap tree #10, logLikelihood: -5747.097660
[00:02:07] Bootstrap tree #11, logLikelihood: -5924.695117
[00:02:13] Bootstrap tree #12, logLikelihood: -5845.669963
[00:02:19] Bootstrap tree #13, logLikelihood: -5800.434100
[00:02:25] Bootstrap tree #14, logLikelihood: -5776.501515
[00:02:32] Bootstrap tree #15, logLikelihood: -5578.736597
[00:02:39] Bootstrap tree #16, logLikelihood: -5552.652283
[00:02:45] Bootstrap tree #17, logLikelihood: -5768.547119
[00:02:51] Bootstrap tree #18, logLikelihood: -5617.643476
[00:02:59] Bootstrap tree #19, logLikelihood: -6066.524709
[00:03:05] Bootstrap tree #20, logLikelihood: -5915.353730
[00:03:10] Bootstrap tree #21, logLikelihood: -5764.953153
[00:03:16] Bootstrap tree #22, logLikelihood: -5456.959882
[00:03:22] Bootstrap tree #23, logLikelihood: -5726.278262
[00:03:28] Bootstrap tree #24, logLikelihood: -6080.135856
[00:03:38] Bootstrap tree #25, logLikelihood: -5818.360166
[00:03:47] Bootstrap tree #26, logLikelihood: -5788.578572
[00:03:54] Bootstrap tree #27, logLikelihood: -5668.871877
[00:04:00] Bootstrap tree #28, logLikelihood: -5942.070822
[00:04:07] Bootstrap tree #29, logLikelihood: -5327.244476
[00:04:14] Bootstrap tree #30, logLikelihood: -5483.945948
[00:04:21] Bootstrap tree #31, logLikelihood: -6031.725491
[00:04:28] Bootstrap tree #32, logLikelihood: -5965.310887
[00:04:35] Bootstrap tree #33, logLikelihood: -5586.314423
[00:04:40] Bootstrap tree #34, logLikelihood: -5549.975348
[00:04:45] Bootstrap tree #35, logLikelihood: -5397.184171
[00:04:53] Bootstrap tree #36, logLikelihood: -5702.277624
[00:04:59] Bootstrap tree #37, logLikelihood: -5853.740882
[00:05:08] Bootstrap tree #38, logLikelihood: -5709.449491
[00:05:14] Bootstrap tree #39, logLikelihood: -6002.358014
[00:05:19] Bootstrap tree #40, logLikelihood: -5569.814752
[00:05:28] Bootstrap tree #41, logLikelihood: -5718.472625
[00:05:35] Bootstrap tree #42, logLikelihood: -6040.643605
[00:05:42] Bootstrap tree #43, logLikelihood: -5398.687531
[00:05:48] Bootstrap tree #44, logLikelihood: -5932.865075
[00:05:54] Bootstrap tree #45, logLikelihood: -5789.198529
[00:06:00] Bootstrap tree #46, logLikelihood: -5556.677751
[00:06:11] Bootstrap tree #47, logLikelihood: -5948.169817
[00:06:20] Bootstrap tree #48, logLikelihood: -5515.139160
[00:06:29] Bootstrap tree #49, logLikelihood: -5714.357621
[00:06:35] Bootstrap tree #50, logLikelihood: -5787.283681
[00:06:41] Bootstrap tree #51, logLikelihood: -5674.405683
[00:06:50] Bootstrap tree #52, logLikelihood: -5517.570142
[00:06:57] Bootstrap tree #53, logLikelihood: -5690.331335
[00:07:03] Bootstrap tree #54, logLikelihood: -5606.740991
[00:07:10] Bootstrap tree #55, logLikelihood: -5997.150106
[00:07:16] Bootstrap tree #56, logLikelihood: -5435.990828
[00:07:23] Bootstrap tree #57, logLikelihood: -5391.871530
[00:07:30] Bootstrap tree #58, logLikelihood: -5781.836851
[00:07:39] Bootstrap tree #59, logLikelihood: -5564.578160
[00:07:46] Bootstrap tree #60, logLikelihood: -5405.514408
[00:07:52] Bootstrap tree #61, logLikelihood: -5493.393695
[00:07:59] Bootstrap tree #62, logLikelihood: -5810.565882
[00:08:08] Bootstrap tree #63, logLikelihood: -5790.339738
[00:08:14] Bootstrap tree #64, logLikelihood: -6154.405061
[00:08:21] Bootstrap tree #65, logLikelihood: -5796.384748
[00:08:27] Bootstrap tree #66, logLikelihood: -5699.997209
[00:08:34] Bootstrap tree #67, logLikelihood: -5910.499622
[00:08:46] Bootstrap tree #68, logLikelihood: -6036.186595
[00:08:54] Bootstrap tree #69, logLikelihood: -6098.050793
[00:09:01] Bootstrap tree #70, logLikelihood: -5868.327326
[00:09:07] Bootstrap tree #71, logLikelihood: -5664.811601
[00:09:14] Bootstrap tree #72, logLikelihood: -5654.095162
[00:09:21] Bootstrap tree #73, logLikelihood: -5551.320305
[00:09:28] Bootstrap tree #74, logLikelihood: -5777.012967
[00:09:36] Bootstrap tree #75, logLikelihood: -5851.363032
[00:09:45] Bootstrap tree #76, logLikelihood: -5440.038298
[00:09:52] Bootstrap tree #77, logLikelihood: -5355.489051
[00:10:00] Bootstrap tree #78, logLikelihood: -5842.158441
[00:10:07] Bootstrap tree #79, logLikelihood: -6047.703682
[00:10:15] Bootstrap tree #80, logLikelihood: -5895.145478
[00:10:24] Bootstrap tree #81, logLikelihood: -5758.066441
[00:10:31] Bootstrap tree #82, logLikelihood: -6004.512937
[00:10:38] Bootstrap tree #83, logLikelihood: -5611.178593
[00:10:46] Bootstrap tree #84, logLikelihood: -5651.623009
[00:10:55] Bootstrap tree #85, logLikelihood: -5703.309465
[00:11:04] Bootstrap tree #86, logLikelihood: -5744.246790
[00:11:12] Bootstrap tree #87, logLikelihood: -5989.179317
[00:11:18] Bootstrap tree #88, logLikelihood: -5440.941468
[00:11:28] Bootstrap tree #89, logLikelihood: -5973.282338
[00:11:35] Bootstrap tree #90, logLikelihood: -5932.845605
[00:11:42] Bootstrap tree #91, logLikelihood: -5742.347703
[00:11:51] Bootstrap tree #92, logLikelihood: -5609.949839
[00:11:59] Bootstrap tree #93, logLikelihood: -5736.653118
[00:12:07] Bootstrap tree #94, logLikelihood: -5912.548500
[00:12:14] Bootstrap tree #95, logLikelihood: -5872.144078
[00:12:22] Bootstrap tree #96, logLikelihood: -5745.844647
[00:12:28] Bootstrap tree #97, logLikelihood: -6031.183762
[00:12:36] Bootstrap tree #98, logLikelihood: -5335.940045
[00:12:43] Bootstrap tree #99, logLikelihood: -5936.385483
[00:12:50] Bootstrap tree #100, logLikelihood: -5619.801401

Optimized model parameters:

   Partition 0: noname
   Rate heterogeneity: GAMMA (4 cats, mean),  alpha: 0.655620 (ML),  weights&rates: (0.250000,0.064746) (0.250000,0.341816) (0.250000,0.907243) (0.250000,2.686196) 
   Base frequencies (ML): 0.268549 0.220529 0.282693 0.228228 
   Substitution rates (ML): 1.257231 2.753377 1.129631 1.413263 3.011140 1.000000 

Final LogLikelihood: -5806.876713

All ML trees saved to: /mnt/lustre/scratch/home/uvi/be/avs/cancer_genes_selection/genes/B2M/tree/B2M.raxml.mlTrees
Best ML tree saved to: /mnt/lustre/scratch/home/uvi/be/avs/cancer_genes_selection/genes/B2M/tree/B2M.raxml.bestTree
Best ML tree with bootstrap support values saved to: /mnt/lustre/scratch/home/uvi/be/avs/cancer_genes_selection/genes/B2M/tree/B2M.raxml.support
Optimized model saved to: /mnt/lustre/scratch/home/uvi/be/avs/cancer_genes_selection/genes/B2M/tree/B2M.raxml.bestModel
Bootstrap trees saved to: /mnt/lustre/scratch/home/uvi/be/avs/cancer_genes_selection/genes/B2M/tree/B2M.raxml.bootstraps

Execution log saved to: /mnt/lustre/scratch/home/uvi/be/avs/cancer_genes_selection/genes/B2M/tree/B2M.raxml.log

Analysis started: 21-Mar-2018 15:39:30 / finished: 21-Mar-2018 15:52:23

Elapsed time: 773.491 seconds

