
RAxML-NG v. 0.5.1b BETA released on 01.12.2017 by The Exelixis Lab.
Authors: Alexey Kozlov, Alexandros Stamatakis, Diego Darriba, Tomas Flouri, Benoit Morel.
Latest version: https://github.com/amkozlov/raxml-ng
Questions/problems/suggestions? Please visit: https://groups.google.com/forum/#!forum/raxml

WARNING: This is a BETA release, please use at your own risk!

RAxML-NG was called as follows:

raxml-ng-mpi --all --msa /mnt/lustre/scratch/home/uvi/be/avs/cancer_genes_selection/genes/SUZ12/align/SUZ12_align_DNA_trimmed.fasta --model GTR+G -tree pars{10} --bs-trees 100 --prefix /mnt/lustre/scratch/home/uvi/be/avs/cancer_genes_selection/genes/SUZ12/tree/SUZ12 --redo

Analysis options:
  run mode: ML tree search + bootstrapping
  start tree(s): parsimony (10)
  random seed: 1521671776
  tip-inner: ON
  pattern compression: ON
  per-rate scalers: OFF
  site repeats: OFF
  branch lengths: ML estimate (linked)
  SIMD kernels: AVX2
  parallelization: NONE/sequential

WARNING: Running in REDO mode: existing checkpoints are ignored, and all result files will be overwritten!

[00:00:00] Reading alignment from file: /mnt/lustre/scratch/home/uvi/be/avs/cancer_genes_selection/genes/SUZ12/align/SUZ12_align_DNA_trimmed.fasta
[00:00:00] Loaded alignment with 28 taxa and 2220 sites

Alignment comprises 1 partitions and 798 patterns

Partition 0: noname
Model: GTR+FO+G4m
Alignment sites / patterns: 2220 / 798
Gaps: 8.78 %
Invariant sites: 62.93 %


[00:00:00] Generating parsimony starting tree(s) with 28 taxa
[00:00:01] Data distribution: partitions/thread: 1-1, patterns/thread: 798-798

Starting ML tree search with 10 distinct starting trees

[00:00:08] ML tree search #1, logLikelihood: -11275.753207
[00:00:15] ML tree search #2, logLikelihood: -11276.411972
[00:00:21] ML tree search #3, logLikelihood: -11275.753495
[00:00:27] ML tree search #4, logLikelihood: -11275.753346
[00:00:34] ML tree search #5, logLikelihood: -11276.411955
[00:00:41] ML tree search #6, logLikelihood: -11276.411991
[00:00:48] ML tree search #7, logLikelihood: -11276.412261
[00:00:55] ML tree search #8, logLikelihood: -11275.753752
[00:01:02] ML tree search #9, logLikelihood: -11276.411913
[00:01:08] ML tree search #10, logLikelihood: -11276.412834

[00:01:09] ML tree search completed, best tree logLH: -11275.753207

[00:01:09] Starting bootstrapping analysis with 100 replicates.

[00:01:15] Bootstrap tree #1, logLikelihood: -11340.153585
[00:01:21] Bootstrap tree #2, logLikelihood: -11053.435345
[00:01:28] Bootstrap tree #3, logLikelihood: -10759.497018
[00:01:35] Bootstrap tree #4, logLikelihood: -11029.581131
[00:01:41] Bootstrap tree #5, logLikelihood: -10862.894415
[00:01:48] Bootstrap tree #6, logLikelihood: -11267.095031
[00:01:57] Bootstrap tree #7, logLikelihood: -11057.933871
[00:02:05] Bootstrap tree #8, logLikelihood: -11118.451608
[00:02:12] Bootstrap tree #9, logLikelihood: -10868.231338
[00:02:19] Bootstrap tree #10, logLikelihood: -11363.499811
[00:02:26] Bootstrap tree #11, logLikelihood: -10894.006467
[00:02:33] Bootstrap tree #12, logLikelihood: -10881.752905
[00:02:40] Bootstrap tree #13, logLikelihood: -11391.002698
[00:02:48] Bootstrap tree #14, logLikelihood: -10998.257324
[00:02:56] Bootstrap tree #15, logLikelihood: -11066.576003
[00:03:03] Bootstrap tree #16, logLikelihood: -11014.988638
[00:03:11] Bootstrap tree #17, logLikelihood: -11374.918489
[00:03:20] Bootstrap tree #18, logLikelihood: -11107.660672
[00:03:26] Bootstrap tree #19, logLikelihood: -11377.567775
[00:03:33] Bootstrap tree #20, logLikelihood: -11368.718192
[00:03:41] Bootstrap tree #21, logLikelihood: -11373.427005
[00:03:48] Bootstrap tree #22, logLikelihood: -11170.095648
[00:03:57] Bootstrap tree #23, logLikelihood: -11169.751300
[00:04:05] Bootstrap tree #24, logLikelihood: -10918.163896
[00:04:13] Bootstrap tree #25, logLikelihood: -11693.287062
[00:04:20] Bootstrap tree #26, logLikelihood: -11393.152058
[00:04:27] Bootstrap tree #27, logLikelihood: -11176.020054
[00:04:34] Bootstrap tree #28, logLikelihood: -10794.734691
[00:04:46] Bootstrap tree #29, logLikelihood: -11353.079735
[00:04:55] Bootstrap tree #30, logLikelihood: -11158.231621
[00:05:04] Bootstrap tree #31, logLikelihood: -11230.454169
[00:05:11] Bootstrap tree #32, logLikelihood: -11323.812198
[00:05:18] Bootstrap tree #33, logLikelihood: -11171.641402
[00:05:27] Bootstrap tree #34, logLikelihood: -11093.931532
[00:05:35] Bootstrap tree #35, logLikelihood: -11038.600474
[00:05:42] Bootstrap tree #36, logLikelihood: -10833.129148
[00:05:51] Bootstrap tree #37, logLikelihood: -11101.335109
[00:06:00] Bootstrap tree #38, logLikelihood: -11620.932897
[00:06:07] Bootstrap tree #39, logLikelihood: -10891.173514
[00:06:13] Bootstrap tree #40, logLikelihood: -10922.494577
[00:06:21] Bootstrap tree #41, logLikelihood: -11369.207282
[00:06:29] Bootstrap tree #42, logLikelihood: -11208.834650
[00:06:38] Bootstrap tree #43, logLikelihood: -11301.841946
[00:06:45] Bootstrap tree #44, logLikelihood: -11647.467322
[00:06:54] Bootstrap tree #45, logLikelihood: -11559.865674
[00:07:02] Bootstrap tree #46, logLikelihood: -11093.295883
[00:07:09] Bootstrap tree #47, logLikelihood: -11745.239776
[00:07:17] Bootstrap tree #48, logLikelihood: -11535.214083
[00:07:25] Bootstrap tree #49, logLikelihood: -10914.659652
[00:07:32] Bootstrap tree #50, logLikelihood: -11308.471625
[00:07:41] Bootstrap tree #51, logLikelihood: -10808.237619
[00:07:48] Bootstrap tree #52, logLikelihood: -11311.557328
[00:07:57] Bootstrap tree #53, logLikelihood: -11456.090531
[00:08:04] Bootstrap tree #54, logLikelihood: -11637.258374
[00:08:13] Bootstrap tree #55, logLikelihood: -11034.527690
[00:08:21] Bootstrap tree #56, logLikelihood: -11341.148694
[00:08:30] Bootstrap tree #57, logLikelihood: -11243.072832
[00:08:37] Bootstrap tree #58, logLikelihood: -11494.091265
[00:08:46] Bootstrap tree #59, logLikelihood: -11245.514795
[00:08:57] Bootstrap tree #60, logLikelihood: -10960.774304
[00:09:05] Bootstrap tree #61, logLikelihood: -11177.383753
[00:09:16] Bootstrap tree #62, logLikelihood: -10932.188815
[00:09:24] Bootstrap tree #63, logLikelihood: -11064.966637
[00:09:32] Bootstrap tree #64, logLikelihood: -11098.485316
[00:09:43] Bootstrap tree #65, logLikelihood: -11535.148900
[00:09:53] Bootstrap tree #66, logLikelihood: -10953.201604
[00:10:01] Bootstrap tree #67, logLikelihood: -11383.666712
[00:10:11] Bootstrap tree #68, logLikelihood: -10922.438405
[00:10:20] Bootstrap tree #69, logLikelihood: -11146.970364
[00:10:28] Bootstrap tree #70, logLikelihood: -11326.361963
[00:10:36] Bootstrap tree #71, logLikelihood: -11225.639222
[00:10:44] Bootstrap tree #72, logLikelihood: -10920.760425
[00:10:51] Bootstrap tree #73, logLikelihood: -11447.903189
[00:10:59] Bootstrap tree #74, logLikelihood: -11285.037090
[00:11:08] Bootstrap tree #75, logLikelihood: -11349.394932
[00:11:16] Bootstrap tree #76, logLikelihood: -11732.765430
[00:11:26] Bootstrap tree #77, logLikelihood: -11444.781868
[00:11:34] Bootstrap tree #78, logLikelihood: -11096.728535
[00:11:45] Bootstrap tree #79, logLikelihood: -11206.987693
[00:11:53] Bootstrap tree #80, logLikelihood: -11335.688571
[00:12:02] Bootstrap tree #81, logLikelihood: -11405.059647
[00:12:13] Bootstrap tree #82, logLikelihood: -11683.671962
[00:12:23] Bootstrap tree #83, logLikelihood: -11498.879992
[00:12:31] Bootstrap tree #84, logLikelihood: -11411.112775
[00:12:41] Bootstrap tree #85, logLikelihood: -10959.436206
[00:12:51] Bootstrap tree #86, logLikelihood: -11130.810956
[00:13:00] Bootstrap tree #87, logLikelihood: -11188.221489
[00:13:09] Bootstrap tree #88, logLikelihood: -10901.691830
[00:13:19] Bootstrap tree #89, logLikelihood: -10971.408909
[00:13:27] Bootstrap tree #90, logLikelihood: -11120.148839
[00:13:36] Bootstrap tree #91, logLikelihood: -11301.468276
[00:13:44] Bootstrap tree #92, logLikelihood: -11175.287957
[00:13:53] Bootstrap tree #93, logLikelihood: -10719.711266
[00:14:04] Bootstrap tree #94, logLikelihood: -11325.019889
[00:14:14] Bootstrap tree #95, logLikelihood: -11011.844537
[00:14:25] Bootstrap tree #96, logLikelihood: -11333.365727
[00:14:34] Bootstrap tree #97, logLikelihood: -11373.654119
[00:14:43] Bootstrap tree #98, logLikelihood: -11240.808467
[00:14:53] Bootstrap tree #99, logLikelihood: -11268.255878
[00:15:02] Bootstrap tree #100, logLikelihood: -11134.819567

Optimized model parameters:

   Partition 0: noname
   Rate heterogeneity: GAMMA (4 cats, mean),  alpha: 0.329382 (ML),  weights&rates: (0.250000,0.007979) (0.250000,0.127461) (0.250000,0.642001) (0.250000,3.222559) 
   Base frequencies (ML): 0.314470 0.200843 0.247332 0.237355 
   Substitution rates (ML): 1.301495 6.405621 1.730329 2.650401 8.761450 1.000000 

Final LogLikelihood: -11275.753207

All ML trees saved to: /mnt/lustre/scratch/home/uvi/be/avs/cancer_genes_selection/genes/SUZ12/tree/SUZ12.raxml.mlTrees
Best ML tree saved to: /mnt/lustre/scratch/home/uvi/be/avs/cancer_genes_selection/genes/SUZ12/tree/SUZ12.raxml.bestTree
Best ML tree with bootstrap support values saved to: /mnt/lustre/scratch/home/uvi/be/avs/cancer_genes_selection/genes/SUZ12/tree/SUZ12.raxml.support
Optimized model saved to: /mnt/lustre/scratch/home/uvi/be/avs/cancer_genes_selection/genes/SUZ12/tree/SUZ12.raxml.bestModel
Bootstrap trees saved to: /mnt/lustre/scratch/home/uvi/be/avs/cancer_genes_selection/genes/SUZ12/tree/SUZ12.raxml.bootstraps

Execution log saved to: /mnt/lustre/scratch/home/uvi/be/avs/cancer_genes_selection/genes/SUZ12/tree/SUZ12.raxml.log

Analysis started: 21-Mar-2018 23:36:16 / finished: 21-Mar-2018 23:51:22

Elapsed time: 905.942 seconds

