
RAxML-NG v. 0.5.1b BETA released on 01.12.2017 by The Exelixis Lab.
Authors: Alexey Kozlov, Alexandros Stamatakis, Diego Darriba, Tomas Flouri, Benoit Morel.
Latest version: https://github.com/amkozlov/raxml-ng
Questions/problems/suggestions? Please visit: https://groups.google.com/forum/#!forum/raxml

WARNING: This is a BETA release, please use at your own risk!

RAxML-NG was called as follows:

raxml-ng-mpi --all --msa /mnt/lustre/scratch/home/uvi/be/avs/cancer_genes_selection/genes/FAS/align/FAS_align_DNA_trimmed.fasta --model GTR+G -tree pars{10} --bs-trees 100 --prefix /mnt/lustre/scratch/home/uvi/be/avs/cancer_genes_selection/genes/FAS/tree/FAS --redo

Analysis options:
  run mode: ML tree search + bootstrapping
  start tree(s): parsimony (10)
  random seed: 1521656279
  tip-inner: ON
  pattern compression: ON
  per-rate scalers: OFF
  site repeats: OFF
  branch lengths: ML estimate (linked)
  SIMD kernels: AVX2
  parallelization: NONE/sequential

WARNING: Running in REDO mode: existing checkpoints are ignored, and all result files will be overwritten!

[00:00:00] Reading alignment from file: /mnt/lustre/scratch/home/uvi/be/avs/cancer_genes_selection/genes/FAS/align/FAS_align_DNA_trimmed.fasta
[00:00:00] Loaded alignment with 24 taxa and 1002 sites

Alignment comprises 1 partitions and 844 patterns

Partition 0: noname
Model: GTR+FO+G4m
Alignment sites / patterns: 1002 / 844
Gaps: 8.66 %
Invariant sites: 18.06 %


[00:00:00] Generating parsimony starting tree(s) with 24 taxa
[00:00:01] Data distribution: partitions/thread: 1-1, patterns/thread: 844-844

Starting ML tree search with 10 distinct starting trees

[00:00:07] ML tree search #1, logLikelihood: -14381.036048
[00:00:14] ML tree search #2, logLikelihood: -14381.035782
[00:00:22] ML tree search #3, logLikelihood: -14381.032350
[00:00:29] ML tree search #4, logLikelihood: -14381.032237
[00:00:36] ML tree search #5, logLikelihood: -14381.038788
[00:00:42] ML tree search #6, logLikelihood: -14381.032367
[00:00:51] ML tree search #7, logLikelihood: -14381.034739
[00:00:58] ML tree search #8, logLikelihood: -14381.036231
[00:01:04] ML tree search #9, logLikelihood: -14381.034854
[00:01:11] ML tree search #10, logLikelihood: -14381.036587

[00:01:11] ML tree search completed, best tree logLH: -14381.032237

[00:01:11] Starting bootstrapping analysis with 100 replicates.

[00:01:17] Bootstrap tree #1, logLikelihood: -14233.812627
[00:01:23] Bootstrap tree #2, logLikelihood: -14308.825289
[00:01:30] Bootstrap tree #3, logLikelihood: -14095.795021
[00:01:36] Bootstrap tree #4, logLikelihood: -14584.975081
[00:01:44] Bootstrap tree #5, logLikelihood: -14606.891231
[00:01:51] Bootstrap tree #6, logLikelihood: -14017.708885
[00:01:59] Bootstrap tree #7, logLikelihood: -14007.385151
[00:02:06] Bootstrap tree #8, logLikelihood: -14550.942702
[00:02:13] Bootstrap tree #9, logLikelihood: -14176.068571
[00:02:20] Bootstrap tree #10, logLikelihood: -14258.846608
[00:02:27] Bootstrap tree #11, logLikelihood: -14902.933098
[00:02:36] Bootstrap tree #12, logLikelihood: -13984.764379
[00:02:43] Bootstrap tree #13, logLikelihood: -14202.402294
[00:02:51] Bootstrap tree #14, logLikelihood: -14245.310352
[00:02:56] Bootstrap tree #15, logLikelihood: -14248.490228
[00:03:04] Bootstrap tree #16, logLikelihood: -14668.159690
[00:03:10] Bootstrap tree #17, logLikelihood: -13883.323919
[00:03:16] Bootstrap tree #18, logLikelihood: -14347.994208
[00:03:25] Bootstrap tree #19, logLikelihood: -14505.017221
[00:03:31] Bootstrap tree #20, logLikelihood: -14294.407216
[00:03:39] Bootstrap tree #21, logLikelihood: -14537.029393
[00:03:46] Bootstrap tree #22, logLikelihood: -14143.421825
[00:03:53] Bootstrap tree #23, logLikelihood: -14462.411738
[00:04:00] Bootstrap tree #24, logLikelihood: -14244.853139
[00:04:07] Bootstrap tree #25, logLikelihood: -14749.577562
[00:04:14] Bootstrap tree #26, logLikelihood: -14221.556150
[00:04:21] Bootstrap tree #27, logLikelihood: -14504.359060
[00:04:28] Bootstrap tree #28, logLikelihood: -14450.855238
[00:04:35] Bootstrap tree #29, logLikelihood: -14019.015547
[00:04:42] Bootstrap tree #30, logLikelihood: -14145.517229
[00:04:50] Bootstrap tree #31, logLikelihood: -14023.911424
[00:04:57] Bootstrap tree #32, logLikelihood: -14290.683093
[00:05:04] Bootstrap tree #33, logLikelihood: -13764.154452
[00:05:10] Bootstrap tree #34, logLikelihood: -14216.840144
[00:05:17] Bootstrap tree #35, logLikelihood: -14210.593386
[00:05:24] Bootstrap tree #36, logLikelihood: -14524.126629
[00:05:31] Bootstrap tree #37, logLikelihood: -14285.812909
[00:05:37] Bootstrap tree #38, logLikelihood: -14488.334823
[00:05:44] Bootstrap tree #39, logLikelihood: -14943.208431
[00:05:51] Bootstrap tree #40, logLikelihood: -14191.482722
[00:05:59] Bootstrap tree #41, logLikelihood: -14229.644542
[00:06:06] Bootstrap tree #42, logLikelihood: -13857.175075
[00:06:12] Bootstrap tree #43, logLikelihood: -14442.742687
[00:06:19] Bootstrap tree #44, logLikelihood: -14172.149831
[00:06:26] Bootstrap tree #45, logLikelihood: -14773.164736
[00:06:31] Bootstrap tree #46, logLikelihood: -14320.086046
[00:06:37] Bootstrap tree #47, logLikelihood: -14100.952366
[00:06:44] Bootstrap tree #48, logLikelihood: -13957.396001
[00:06:50] Bootstrap tree #49, logLikelihood: -14445.290225
[00:06:57] Bootstrap tree #50, logLikelihood: -14350.294473
[00:07:04] Bootstrap tree #51, logLikelihood: -14561.106510
[00:07:12] Bootstrap tree #52, logLikelihood: -14488.757344
[00:07:18] Bootstrap tree #53, logLikelihood: -14469.235650
[00:07:26] Bootstrap tree #54, logLikelihood: -14197.367894
[00:07:34] Bootstrap tree #55, logLikelihood: -14020.025430
[00:07:40] Bootstrap tree #56, logLikelihood: -14046.130923
[00:07:50] Bootstrap tree #57, logLikelihood: -14523.522426
[00:07:57] Bootstrap tree #58, logLikelihood: -14190.682716
[00:08:07] Bootstrap tree #59, logLikelihood: -14367.647788
[00:08:15] Bootstrap tree #60, logLikelihood: -14526.367358
[00:08:22] Bootstrap tree #61, logLikelihood: -14144.773597
[00:08:28] Bootstrap tree #62, logLikelihood: -14232.629068
[00:08:35] Bootstrap tree #63, logLikelihood: -14288.198316
[00:08:42] Bootstrap tree #64, logLikelihood: -14553.285101
[00:08:50] Bootstrap tree #65, logLikelihood: -14515.335398
[00:08:56] Bootstrap tree #66, logLikelihood: -14312.646943
[00:09:07] Bootstrap tree #67, logLikelihood: -14766.119915
[00:09:15] Bootstrap tree #68, logLikelihood: -14910.160637
[00:09:22] Bootstrap tree #69, logLikelihood: -14322.126832
[00:09:29] Bootstrap tree #70, logLikelihood: -14488.899804
[00:09:36] Bootstrap tree #71, logLikelihood: -14395.540771
[00:09:44] Bootstrap tree #72, logLikelihood: -14033.768916
[00:09:53] Bootstrap tree #73, logLikelihood: -14439.020698
[00:10:02] Bootstrap tree #74, logLikelihood: -13973.548087
[00:10:10] Bootstrap tree #75, logLikelihood: -14486.226150
[00:10:16] Bootstrap tree #76, logLikelihood: -14188.597715
[00:10:24] Bootstrap tree #77, logLikelihood: -14751.338579
[00:10:33] Bootstrap tree #78, logLikelihood: -14065.893960
[00:10:42] Bootstrap tree #79, logLikelihood: -14567.989457
[00:10:49] Bootstrap tree #80, logLikelihood: -14225.242268
[00:10:57] Bootstrap tree #81, logLikelihood: -13598.999263
[00:11:03] Bootstrap tree #82, logLikelihood: -13856.825109
[00:11:11] Bootstrap tree #83, logLikelihood: -13994.763408
[00:11:19] Bootstrap tree #84, logLikelihood: -14671.098726
[00:11:26] Bootstrap tree #85, logLikelihood: -14508.079339
[00:11:33] Bootstrap tree #86, logLikelihood: -15172.059502
[00:11:40] Bootstrap tree #87, logLikelihood: -14270.004509
[00:11:49] Bootstrap tree #88, logLikelihood: -14608.289355
[00:11:56] Bootstrap tree #89, logLikelihood: -14180.887018
[00:12:04] Bootstrap tree #90, logLikelihood: -14566.911814
[00:12:11] Bootstrap tree #91, logLikelihood: -14458.397854
[00:12:19] Bootstrap tree #92, logLikelihood: -14590.571329
[00:12:27] Bootstrap tree #93, logLikelihood: -14161.217499
[00:12:35] Bootstrap tree #94, logLikelihood: -14326.417683
[00:12:46] Bootstrap tree #95, logLikelihood: -14332.214352
[00:12:54] Bootstrap tree #96, logLikelihood: -14397.550861
[00:13:00] Bootstrap tree #97, logLikelihood: -14158.449637
[00:13:08] Bootstrap tree #98, logLikelihood: -14592.638111
[00:13:15] Bootstrap tree #99, logLikelihood: -14877.846934
[00:13:24] Bootstrap tree #100, logLikelihood: -14420.392008

Optimized model parameters:

   Partition 0: noname
   Rate heterogeneity: GAMMA (4 cats, mean),  alpha: 1.184990 (ML),  weights&rates: (0.250000,0.172322) (0.250000,0.526075) (0.250000,1.024973) (0.250000,2.276629) 
   Base frequencies (ML): 0.303871 0.207620 0.228858 0.259651 
   Substitution rates (ML): 1.629944 3.837592 1.110021 1.581903 4.097905 1.000000 

Final LogLikelihood: -14381.032237

All ML trees saved to: /mnt/lustre/scratch/home/uvi/be/avs/cancer_genes_selection/genes/FAS/tree/FAS.raxml.mlTrees
Best ML tree saved to: /mnt/lustre/scratch/home/uvi/be/avs/cancer_genes_selection/genes/FAS/tree/FAS.raxml.bestTree
Best ML tree with bootstrap support values saved to: /mnt/lustre/scratch/home/uvi/be/avs/cancer_genes_selection/genes/FAS/tree/FAS.raxml.support
Optimized model saved to: /mnt/lustre/scratch/home/uvi/be/avs/cancer_genes_selection/genes/FAS/tree/FAS.raxml.bestModel
Bootstrap trees saved to: /mnt/lustre/scratch/home/uvi/be/avs/cancer_genes_selection/genes/FAS/tree/FAS.raxml.bootstraps

Execution log saved to: /mnt/lustre/scratch/home/uvi/be/avs/cancer_genes_selection/genes/FAS/tree/FAS.raxml.log

Analysis started: 21-Mar-2018 19:17:59 / finished: 21-Mar-2018 19:31:26

Elapsed time: 806.851 seconds

