
RAxML-NG v. 0.5.1b BETA released on 01.12.2017 by The Exelixis Lab.
Authors: Alexey Kozlov, Alexandros Stamatakis, Diego Darriba, Tomas Flouri, Benoit Morel.
Latest version: https://github.com/amkozlov/raxml-ng
Questions/problems/suggestions? Please visit: https://groups.google.com/forum/#!forum/raxml

WARNING: This is a BETA release, please use at your own risk!

RAxML-NG was called as follows:

raxml-ng-mpi --all --msa /mnt/lustre/scratch/home/uvi/be/avs/cancer_genes_selection/genes/XPC/align/XPC_align_DNA_trimmed2.fasta --model GTR+G -tree pars{10} --bs-trees 100 --prefix /mnt/lustre/scratch/home/uvi/be/avs/cancer_genes_selection/genes/XPC/tree/XPC_trimmed --redo

Analysis options:
  run mode: ML tree search + bootstrapping
  start tree(s): parsimony (10)
  random seed: 1522108231
  tip-inner: ON
  pattern compression: ON
  per-rate scalers: OFF
  site repeats: OFF
  branch lengths: ML estimate (linked)
  SIMD kernels: AVX2
  parallelization: NONE/sequential

WARNING: Running in REDO mode: existing checkpoints are ignored, and all result files will be overwritten!

[00:00:00] Reading alignment from file: /mnt/lustre/scratch/home/uvi/be/avs/cancer_genes_selection/genes/XPC/align/XPC_align_DNA_trimmed2.fasta
[00:00:01] Loaded alignment with 30 taxa and 2829 sites

Alignment comprises 1 partitions and 2027 patterns

Partition 0: noname
Model: GTR+FO+G4m
Alignment sites / patterns: 2829 / 2027
Gaps: 4.66 %
Invariant sites: 25.91 %


[00:00:01] Generating parsimony starting tree(s) with 30 taxa
[00:00:01] Data distribution: partitions/thread: 1-1, patterns/thread: 2027-2027

Starting ML tree search with 10 distinct starting trees

[00:00:17] ML tree search #1, logLikelihood: -34569.565689
[00:00:36] ML tree search #2, logLikelihood: -34569.548144
[00:00:57] ML tree search #3, logLikelihood: -34569.546797
[00:01:15] ML tree search #4, logLikelihood: -34569.561533
[00:01:36] ML tree search #5, logLikelihood: -34569.546814
[00:01:55] ML tree search #6, logLikelihood: -34569.562321
[00:02:13] ML tree search #7, logLikelihood: -34569.563058
[00:02:35] ML tree search #8, logLikelihood: -34569.546414
[00:02:57] ML tree search #9, logLikelihood: -34569.547360
[00:03:18] ML tree search #10, logLikelihood: -34569.546091

[00:03:18] ML tree search completed, best tree logLH: -34569.546091

[00:03:18] Starting bootstrapping analysis with 100 replicates.

[00:03:35] Bootstrap tree #1, logLikelihood: -34385.590617
[00:04:01] Bootstrap tree #2, logLikelihood: -34604.689276
[00:04:25] Bootstrap tree #3, logLikelihood: -34935.595257
[00:04:44] Bootstrap tree #4, logLikelihood: -33987.421156
[00:04:58] Bootstrap tree #5, logLikelihood: -33462.306716
[00:05:19] Bootstrap tree #6, logLikelihood: -34497.269990
[00:05:42] Bootstrap tree #7, logLikelihood: -34419.624196
[00:05:57] Bootstrap tree #8, logLikelihood: -34347.361959
[00:06:12] Bootstrap tree #9, logLikelihood: -34610.390724
[00:06:28] Bootstrap tree #10, logLikelihood: -34852.649859
[00:06:52] Bootstrap tree #11, logLikelihood: -33825.466593
[00:07:07] Bootstrap tree #12, logLikelihood: -34138.751311
[00:07:32] Bootstrap tree #13, logLikelihood: -34216.143010
[00:07:48] Bootstrap tree #14, logLikelihood: -33485.510673
[00:08:04] Bootstrap tree #15, logLikelihood: -34520.136081
[00:08:27] Bootstrap tree #16, logLikelihood: -34674.140014
[00:08:53] Bootstrap tree #17, logLikelihood: -34771.627421
[00:09:18] Bootstrap tree #18, logLikelihood: -34317.191710
[00:09:36] Bootstrap tree #19, logLikelihood: -35035.439886
[00:09:53] Bootstrap tree #20, logLikelihood: -34756.267092
[00:10:12] Bootstrap tree #21, logLikelihood: -34108.089222
[00:10:30] Bootstrap tree #22, logLikelihood: -34098.469924
[00:10:47] Bootstrap tree #23, logLikelihood: -34551.517459
[00:11:07] Bootstrap tree #24, logLikelihood: -34220.441294
[00:11:33] Bootstrap tree #25, logLikelihood: -34007.580049
[00:11:52] Bootstrap tree #26, logLikelihood: -34411.550203
[00:12:11] Bootstrap tree #27, logLikelihood: -34921.758247
[00:12:28] Bootstrap tree #28, logLikelihood: -34627.309895
[00:12:52] Bootstrap tree #29, logLikelihood: -34341.190519
[00:13:09] Bootstrap tree #30, logLikelihood: -35282.044887
[00:13:25] Bootstrap tree #31, logLikelihood: -33656.466859
[00:13:39] Bootstrap tree #32, logLikelihood: -34812.679288
[00:14:03] Bootstrap tree #33, logLikelihood: -34661.576576
[00:14:25] Bootstrap tree #34, logLikelihood: -34366.139348
[00:14:47] Bootstrap tree #35, logLikelihood: -34477.624662
[00:15:15] Bootstrap tree #36, logLikelihood: -35370.513076
[00:15:39] Bootstrap tree #37, logLikelihood: -34415.279877
[00:15:59] Bootstrap tree #38, logLikelihood: -34137.561383
[00:16:24] Bootstrap tree #39, logLikelihood: -33960.603539
[00:16:43] Bootstrap tree #40, logLikelihood: -34483.887853
[00:16:59] Bootstrap tree #41, logLikelihood: -34410.724500
[00:17:21] Bootstrap tree #42, logLikelihood: -34470.905632
[00:17:36] Bootstrap tree #43, logLikelihood: -34681.507172
[00:17:53] Bootstrap tree #44, logLikelihood: -35108.727413
[00:18:16] Bootstrap tree #45, logLikelihood: -34892.524107
[00:18:35] Bootstrap tree #46, logLikelihood: -34393.992817
[00:18:52] Bootstrap tree #47, logLikelihood: -34637.459057
[00:19:09] Bootstrap tree #48, logLikelihood: -34609.774034
[00:19:26] Bootstrap tree #49, logLikelihood: -34347.702647
[00:19:44] Bootstrap tree #50, logLikelihood: -34586.107334
[00:20:02] Bootstrap tree #51, logLikelihood: -34949.900149
[00:20:28] Bootstrap tree #52, logLikelihood: -34621.141477
[00:20:44] Bootstrap tree #53, logLikelihood: -34328.742582
[00:21:01] Bootstrap tree #54, logLikelihood: -34670.084537
[00:21:27] Bootstrap tree #55, logLikelihood: -34012.371136
[00:21:44] Bootstrap tree #56, logLikelihood: -34636.430864
[00:21:59] Bootstrap tree #57, logLikelihood: -33925.953489
[00:22:15] Bootstrap tree #58, logLikelihood: -34025.828552
[00:22:31] Bootstrap tree #59, logLikelihood: -35360.869895
[00:22:48] Bootstrap tree #60, logLikelihood: -34268.013893
[00:23:08] Bootstrap tree #61, logLikelihood: -34933.261111
[00:23:30] Bootstrap tree #62, logLikelihood: -34535.317458
[00:23:48] Bootstrap tree #63, logLikelihood: -33883.190187
[00:24:04] Bootstrap tree #64, logLikelihood: -34580.344652
[00:24:26] Bootstrap tree #65, logLikelihood: -35205.823079
[00:24:40] Bootstrap tree #66, logLikelihood: -34610.470099
[00:24:57] Bootstrap tree #67, logLikelihood: -34700.436884
[00:25:13] Bootstrap tree #68, logLikelihood: -33921.649421
[00:25:32] Bootstrap tree #69, logLikelihood: -34262.007249
[00:25:48] Bootstrap tree #70, logLikelihood: -34429.301150
[00:26:14] Bootstrap tree #71, logLikelihood: -35046.733554
[00:26:29] Bootstrap tree #72, logLikelihood: -33671.025538
[00:26:53] Bootstrap tree #73, logLikelihood: -34205.272459
[00:27:10] Bootstrap tree #74, logLikelihood: -34604.201963
[00:27:27] Bootstrap tree #75, logLikelihood: -35061.178831
[00:27:42] Bootstrap tree #76, logLikelihood: -34489.166379
[00:28:01] Bootstrap tree #77, logLikelihood: -34487.021917
[00:28:18] Bootstrap tree #78, logLikelihood: -35052.150303
[00:28:37] Bootstrap tree #79, logLikelihood: -34647.686142
[00:28:57] Bootstrap tree #80, logLikelihood: -34630.464810
[00:29:18] Bootstrap tree #81, logLikelihood: -34798.526494
[00:29:38] Bootstrap tree #82, logLikelihood: -35672.970376
[00:29:56] Bootstrap tree #83, logLikelihood: -34236.328185
[00:30:14] Bootstrap tree #84, logLikelihood: -34665.015141
[00:30:30] Bootstrap tree #85, logLikelihood: -34898.044133
[00:30:54] Bootstrap tree #86, logLikelihood: -34686.019855
[00:31:13] Bootstrap tree #87, logLikelihood: -34718.154386
[00:31:33] Bootstrap tree #88, logLikelihood: -33627.579452
[00:31:51] Bootstrap tree #89, logLikelihood: -34431.481663
[00:32:20] Bootstrap tree #90, logLikelihood: -34268.194191
[00:32:39] Bootstrap tree #91, logLikelihood: -34294.159880
[00:33:00] Bootstrap tree #92, logLikelihood: -34490.351846
[00:33:25] Bootstrap tree #93, logLikelihood: -35085.111415
[00:33:43] Bootstrap tree #94, logLikelihood: -35027.696343
[00:34:04] Bootstrap tree #95, logLikelihood: -34334.490379
[00:34:20] Bootstrap tree #96, logLikelihood: -34234.619148
[00:34:40] Bootstrap tree #97, logLikelihood: -35094.975981
[00:34:57] Bootstrap tree #98, logLikelihood: -34607.182285
[00:35:17] Bootstrap tree #99, logLikelihood: -33800.208802
[00:35:36] Bootstrap tree #100, logLikelihood: -34165.265499

Optimized model parameters:

   Partition 0: noname
   Rate heterogeneity: GAMMA (4 cats, mean),  alpha: 0.807760 (ML),  weights&rates: (0.250000,0.097209) (0.250000,0.410240) (0.250000,0.959082) (0.250000,2.533470) 
   Base frequencies (ML): 0.239187 0.274198 0.314630 0.171985 
   Substitution rates (ML): 1.583192 4.748436 1.014857 1.139993 6.329601 1.000000 

Final LogLikelihood: -34569.546091

All ML trees saved to: /mnt/lustre/scratch/home/uvi/be/avs/cancer_genes_selection/genes/XPC/tree/XPC_trimmed.raxml.mlTrees
Best ML tree saved to: /mnt/lustre/scratch/home/uvi/be/avs/cancer_genes_selection/genes/XPC/tree/XPC_trimmed.raxml.bestTree
Best ML tree with bootstrap support values saved to: /mnt/lustre/scratch/home/uvi/be/avs/cancer_genes_selection/genes/XPC/tree/XPC_trimmed.raxml.support
Optimized model saved to: /mnt/lustre/scratch/home/uvi/be/avs/cancer_genes_selection/genes/XPC/tree/XPC_trimmed.raxml.bestModel
Bootstrap trees saved to: /mnt/lustre/scratch/home/uvi/be/avs/cancer_genes_selection/genes/XPC/tree/XPC_trimmed.raxml.bootstraps

Execution log saved to: /mnt/lustre/scratch/home/uvi/be/avs/cancer_genes_selection/genes/XPC/tree/XPC_trimmed.raxml.log

Analysis started: 27-Mar-2018 01:50:30 / finished: 27-Mar-2018 02:26:13

Elapsed time: 2142.173 seconds

