
RAxML-NG v. 0.5.1b BETA released on 01.12.2017 by The Exelixis Lab.
Authors: Alexey Kozlov, Alexandros Stamatakis, Diego Darriba, Tomas Flouri, Benoit Morel.
Latest version: https://github.com/amkozlov/raxml-ng
Questions/problems/suggestions? Please visit: https://groups.google.com/forum/#!forum/raxml

WARNING: This is a BETA release, please use at your own risk!

RAxML-NG was called as follows:

raxml-ng-mpi --all --msa /mnt/lustre/scratch/home/uvi/be/avs/cancer_genes_selection/genes/U2AF1/align/U2AF1_align_DNA_trimmed.fasta --model GTR+G -tree pars{10} --bs-trees 100 --prefix /mnt/lustre/scratch/home/uvi/be/avs/cancer_genes_selection/genes/U2AF1/tree/U2AF1 --redo

Analysis options:
  run mode: ML tree search + bootstrapping
  start tree(s): parsimony (10)
  random seed: 1521674302
  tip-inner: ON
  pattern compression: ON
  per-rate scalers: OFF
  site repeats: OFF
  branch lengths: ML estimate (linked)
  SIMD kernels: AVX2
  parallelization: NONE/sequential

WARNING: Running in REDO mode: existing checkpoints are ignored, and all result files will be overwritten!

[00:00:00] Reading alignment from file: /mnt/lustre/scratch/home/uvi/be/avs/cancer_genes_selection/genes/U2AF1/align/U2AF1_align_DNA_trimmed.fasta
[00:00:00] Loaded alignment with 27 taxa and 720 sites

Alignment comprises 1 partitions and 420 patterns

Partition 0: noname
Model: GTR+FO+G4m
Alignment sites / patterns: 720 / 420
Gaps: 6.67 %
Invariant sites: 46.25 %


[00:00:00] Generating parsimony starting tree(s) with 27 taxa
[00:00:01] Data distribution: partitions/thread: 1-1, patterns/thread: 420-420

Starting ML tree search with 10 distinct starting trees

[00:00:05] ML tree search #1, logLikelihood: -5951.260962
[00:00:09] ML tree search #2, logLikelihood: -5954.013405
[00:00:15] ML tree search #3, logLikelihood: -5951.859982
[00:00:20] ML tree search #4, logLikelihood: -5974.492693
[00:00:25] ML tree search #5, logLikelihood: -5953.246645
[00:00:30] ML tree search #6, logLikelihood: -5953.245211
[00:00:36] ML tree search #7, logLikelihood: -5952.322922
[00:00:41] ML tree search #8, logLikelihood: -5952.309903
[00:00:46] ML tree search #9, logLikelihood: -5951.848636
[00:00:52] ML tree search #10, logLikelihood: -5951.532596

[00:00:53] ML tree search completed, best tree logLH: -5951.260962

[00:00:53] Starting bootstrapping analysis with 100 replicates.

[00:00:58] Bootstrap tree #1, logLikelihood: -5710.567901
[00:01:04] Bootstrap tree #2, logLikelihood: -6134.756884
[00:01:09] Bootstrap tree #3, logLikelihood: -5993.616114
[00:01:15] Bootstrap tree #4, logLikelihood: -6098.250634
[00:01:22] Bootstrap tree #5, logLikelihood: -5650.884075
[00:01:27] Bootstrap tree #6, logLikelihood: -6191.294025
[00:01:37] Bootstrap tree #7, logLikelihood: -5985.743599
[00:01:43] Bootstrap tree #8, logLikelihood: -5813.662814
[00:01:49] Bootstrap tree #9, logLikelihood: -6257.375213
[00:01:54] Bootstrap tree #10, logLikelihood: -5781.932032
[00:02:00] Bootstrap tree #11, logLikelihood: -5882.245881
[00:02:06] Bootstrap tree #12, logLikelihood: -5867.817936
[00:02:12] Bootstrap tree #13, logLikelihood: -5602.914912
[00:02:18] Bootstrap tree #14, logLikelihood: -5964.550456
[00:02:24] Bootstrap tree #15, logLikelihood: -5853.962638
[00:02:35] Bootstrap tree #16, logLikelihood: -6040.319344
[00:02:41] Bootstrap tree #17, logLikelihood: -6112.004539
[00:02:49] Bootstrap tree #18, logLikelihood: -5702.332554
[00:02:55] Bootstrap tree #19, logLikelihood: -5453.180015
[00:03:01] Bootstrap tree #20, logLikelihood: -5940.452532
[00:03:06] Bootstrap tree #21, logLikelihood: -5954.864253
[00:03:12] Bootstrap tree #22, logLikelihood: -5740.063442
[00:03:19] Bootstrap tree #23, logLikelihood: -6377.473719
[00:03:24] Bootstrap tree #24, logLikelihood: -6087.189719
[00:03:32] Bootstrap tree #25, logLikelihood: -5814.686668
[00:03:39] Bootstrap tree #26, logLikelihood: -5733.571308
[00:03:44] Bootstrap tree #27, logLikelihood: -5749.141510
[00:03:52] Bootstrap tree #28, logLikelihood: -5897.441141
[00:03:58] Bootstrap tree #29, logLikelihood: -5732.758334
[00:04:03] Bootstrap tree #30, logLikelihood: -5861.279974
[00:04:09] Bootstrap tree #31, logLikelihood: -6020.600597
[00:04:14] Bootstrap tree #32, logLikelihood: -5510.873097
[00:04:19] Bootstrap tree #33, logLikelihood: -5975.332791
[00:04:25] Bootstrap tree #34, logLikelihood: -6065.692104
[00:04:33] Bootstrap tree #35, logLikelihood: -6062.103068
[00:04:39] Bootstrap tree #36, logLikelihood: -5783.217599
[00:04:46] Bootstrap tree #37, logLikelihood: -5809.755962
[00:04:52] Bootstrap tree #38, logLikelihood: -6124.015828
[00:04:59] Bootstrap tree #39, logLikelihood: -5586.499111
[00:05:05] Bootstrap tree #40, logLikelihood: -5973.979688
[00:05:11] Bootstrap tree #41, logLikelihood: -5908.174612
[00:05:18] Bootstrap tree #42, logLikelihood: -6175.903844
[00:05:25] Bootstrap tree #43, logLikelihood: -5858.160208
[00:05:32] Bootstrap tree #44, logLikelihood: -5889.583472
[00:05:38] Bootstrap tree #45, logLikelihood: -6203.754577
[00:05:44] Bootstrap tree #46, logLikelihood: -5677.686615
[00:05:50] Bootstrap tree #47, logLikelihood: -5890.498009
[00:05:56] Bootstrap tree #48, logLikelihood: -5790.120466
[00:06:02] Bootstrap tree #49, logLikelihood: -5726.225438
[00:06:08] Bootstrap tree #50, logLikelihood: -5742.185618
[00:06:15] Bootstrap tree #51, logLikelihood: -5902.001494
[00:06:22] Bootstrap tree #52, logLikelihood: -5585.130922
[00:06:28] Bootstrap tree #53, logLikelihood: -6041.405955
[00:06:34] Bootstrap tree #54, logLikelihood: -6197.144558
[00:06:40] Bootstrap tree #55, logLikelihood: -5665.455086
[00:06:47] Bootstrap tree #56, logLikelihood: -5786.278726
[00:06:52] Bootstrap tree #57, logLikelihood: -6195.552134
[00:06:59] Bootstrap tree #58, logLikelihood: -6118.434700
[00:07:07] Bootstrap tree #59, logLikelihood: -5774.954588
[00:07:14] Bootstrap tree #60, logLikelihood: -5942.792536
[00:07:21] Bootstrap tree #61, logLikelihood: -5887.841323
[00:07:30] Bootstrap tree #62, logLikelihood: -5829.410193
[00:07:44] Bootstrap tree #63, logLikelihood: -6048.374406
[00:07:53] Bootstrap tree #64, logLikelihood: -6172.632266
[00:08:01] Bootstrap tree #65, logLikelihood: -5892.333454
[00:08:09] Bootstrap tree #66, logLikelihood: -5744.369805
[00:08:15] Bootstrap tree #67, logLikelihood: -6139.724906
[00:08:22] Bootstrap tree #68, logLikelihood: -5808.808703
[00:08:29] Bootstrap tree #69, logLikelihood: -6100.486133
[00:08:39] Bootstrap tree #70, logLikelihood: -5555.155006
[00:08:47] Bootstrap tree #71, logLikelihood: -6190.402277
[00:08:53] Bootstrap tree #72, logLikelihood: -5658.483390
[00:09:00] Bootstrap tree #73, logLikelihood: -6171.325612
[00:09:06] Bootstrap tree #74, logLikelihood: -5536.458210
[00:09:14] Bootstrap tree #75, logLikelihood: -6050.123975
[00:09:21] Bootstrap tree #76, logLikelihood: -6095.033260
[00:09:29] Bootstrap tree #77, logLikelihood: -5916.974754
[00:09:36] Bootstrap tree #78, logLikelihood: -5920.116311
[00:09:42] Bootstrap tree #79, logLikelihood: -5520.596055
[00:09:50] Bootstrap tree #80, logLikelihood: -5677.591031
[00:09:56] Bootstrap tree #81, logLikelihood: -5533.621627
[00:10:06] Bootstrap tree #82, logLikelihood: -6114.722937
[00:10:13] Bootstrap tree #83, logLikelihood: -5671.384486
[00:10:20] Bootstrap tree #84, logLikelihood: -5695.780960
[00:10:27] Bootstrap tree #85, logLikelihood: -5695.817431
[00:10:34] Bootstrap tree #86, logLikelihood: -5889.174723
[00:10:41] Bootstrap tree #87, logLikelihood: -5489.552003
[00:10:48] Bootstrap tree #88, logLikelihood: -5814.466330
[00:10:55] Bootstrap tree #89, logLikelihood: -5891.837718
[00:11:03] Bootstrap tree #90, logLikelihood: -5955.087267
[00:11:10] Bootstrap tree #91, logLikelihood: -6203.678263
[00:11:18] Bootstrap tree #92, logLikelihood: -5872.791068
[00:11:27] Bootstrap tree #93, logLikelihood: -5750.424395
[00:11:35] Bootstrap tree #94, logLikelihood: -5651.325537
[00:11:43] Bootstrap tree #95, logLikelihood: -5993.902482
[00:11:51] Bootstrap tree #96, logLikelihood: -5867.318479
[00:11:58] Bootstrap tree #97, logLikelihood: -5468.854224
[00:12:04] Bootstrap tree #98, logLikelihood: -5766.414510
[00:12:11] Bootstrap tree #99, logLikelihood: -5958.809932
[00:12:21] Bootstrap tree #100, logLikelihood: -5750.018384

Optimized model parameters:

   Partition 0: noname
   Rate heterogeneity: GAMMA (4 cats, mean),  alpha: 0.453187 (ML),  weights&rates: (0.250000,0.025075) (0.250000,0.220261) (0.250000,0.782973) (0.250000,2.971691) 
   Base frequencies (ML): 0.226890 0.198750 0.320674 0.253686 
   Substitution rates (ML): 3.394022 4.374051 0.693811 1.848532 12.838110 1.000000 

Final LogLikelihood: -5951.260962

All ML trees saved to: /mnt/lustre/scratch/home/uvi/be/avs/cancer_genes_selection/genes/U2AF1/tree/U2AF1.raxml.mlTrees
Best ML tree saved to: /mnt/lustre/scratch/home/uvi/be/avs/cancer_genes_selection/genes/U2AF1/tree/U2AF1.raxml.bestTree
Best ML tree with bootstrap support values saved to: /mnt/lustre/scratch/home/uvi/be/avs/cancer_genes_selection/genes/U2AF1/tree/U2AF1.raxml.support
Optimized model saved to: /mnt/lustre/scratch/home/uvi/be/avs/cancer_genes_selection/genes/U2AF1/tree/U2AF1.raxml.bestModel
Bootstrap trees saved to: /mnt/lustre/scratch/home/uvi/be/avs/cancer_genes_selection/genes/U2AF1/tree/U2AF1.raxml.bootstraps

Execution log saved to: /mnt/lustre/scratch/home/uvi/be/avs/cancer_genes_selection/genes/U2AF1/tree/U2AF1.raxml.log

Analysis started: 22-Mar-2018 00:18:22 / finished: 22-Mar-2018 00:30:45

Elapsed time: 743.281 seconds

