
RAxML-NG v. 0.5.1b BETA released on 01.12.2017 by The Exelixis Lab.
Authors: Alexey Kozlov, Alexandros Stamatakis, Diego Darriba, Tomas Flouri, Benoit Morel.
Latest version: https://github.com/amkozlov/raxml-ng
Questions/problems/suggestions? Please visit: https://groups.google.com/forum/#!forum/raxml

WARNING: This is a BETA release, please use at your own risk!

RAxML-NG was called as follows:

raxml-ng-mpi --all --msa /mnt/lustre/scratch/home/uvi/be/avs/cancer_genes_selection/genes/BLM/align/BLM_align_DNA_trimmed.fasta --model GTR+G -tree pars{10} --bs-trees 100 --prefix /mnt/lustre/scratch/home/uvi/be/avs/cancer_genes_selection/genes/BLM/tree/BLM --redo

Analysis options:
  run mode: ML tree search + bootstrapping
  start tree(s): parsimony (10)
  random seed: 1521645085
  tip-inner: ON
  pattern compression: ON
  per-rate scalers: OFF
  site repeats: OFF
  branch lengths: ML estimate (linked)
  SIMD kernels: AVX2
  parallelization: NONE/sequential

WARNING: Running in REDO mode: existing checkpoints are ignored, and all result files will be overwritten!

[00:00:00] Reading alignment from file: /mnt/lustre/scratch/home/uvi/be/avs/cancer_genes_selection/genes/BLM/align/BLM_align_DNA_trimmed.fasta
[00:00:00] Loaded alignment with 27 taxa and 4260 sites

Alignment comprises 1 partitions and 2593 patterns

Partition 0: noname
Model: GTR+FO+G4m
Alignment sites / patterns: 4260 / 2593
Gaps: 3.68 %
Invariant sites: 36.55 %


[00:00:01] Generating parsimony starting tree(s) with 27 taxa
[00:00:01] Data distribution: partitions/thread: 1-1, patterns/thread: 2593-2593

Starting ML tree search with 10 distinct starting trees

[00:00:18] ML tree search #1, logLikelihood: -40597.720868
[00:00:45] ML tree search #2, logLikelihood: -40597.715985
[00:01:02] ML tree search #3, logLikelihood: -40597.715342
[00:01:19] ML tree search #4, logLikelihood: -40597.715625
[00:01:38] ML tree search #5, logLikelihood: -40597.714945
[00:01:56] ML tree search #6, logLikelihood: -40597.715273
[00:02:14] ML tree search #7, logLikelihood: -40597.715598
[00:02:33] ML tree search #8, logLikelihood: -40597.716936
[00:02:50] ML tree search #9, logLikelihood: -40597.716048
[00:03:08] ML tree search #10, logLikelihood: -40597.715021

[00:03:08] ML tree search completed, best tree logLH: -40597.714945

[00:03:08] Starting bootstrapping analysis with 100 replicates.

[00:03:25] Bootstrap tree #1, logLikelihood: -40566.929819
[00:03:39] Bootstrap tree #2, logLikelihood: -39340.891916
[00:04:01] Bootstrap tree #3, logLikelihood: -40267.471773
[00:04:16] Bootstrap tree #4, logLikelihood: -40428.795265
[00:04:35] Bootstrap tree #5, logLikelihood: -41063.413469
[00:04:51] Bootstrap tree #6, logLikelihood: -40458.924027
[00:05:09] Bootstrap tree #7, logLikelihood: -40436.686958
[00:05:26] Bootstrap tree #8, logLikelihood: -39971.598534
[00:05:41] Bootstrap tree #9, logLikelihood: -40417.083601
[00:06:02] Bootstrap tree #10, logLikelihood: -41584.328503
[00:06:16] Bootstrap tree #11, logLikelihood: -40707.829816
[00:06:35] Bootstrap tree #12, logLikelihood: -40962.799849
[00:06:54] Bootstrap tree #13, logLikelihood: -40128.753208
[00:07:16] Bootstrap tree #14, logLikelihood: -39371.931700
[00:07:33] Bootstrap tree #15, logLikelihood: -40529.374497
[00:07:51] Bootstrap tree #16, logLikelihood: -41753.015208
[00:08:06] Bootstrap tree #17, logLikelihood: -40442.443519
[00:08:22] Bootstrap tree #18, logLikelihood: -39745.230920
[00:08:38] Bootstrap tree #19, logLikelihood: -40590.269121
[00:08:55] Bootstrap tree #20, logLikelihood: -41027.390077
[00:09:15] Bootstrap tree #21, logLikelihood: -39894.135420
[00:09:31] Bootstrap tree #22, logLikelihood: -40058.126608
[00:09:49] Bootstrap tree #23, logLikelihood: -40748.892373
[00:10:07] Bootstrap tree #24, logLikelihood: -40947.947573
[00:10:24] Bootstrap tree #25, logLikelihood: -40279.268760
[00:10:39] Bootstrap tree #26, logLikelihood: -40794.511478
[00:10:57] Bootstrap tree #27, logLikelihood: -40303.354964
[00:11:12] Bootstrap tree #28, logLikelihood: -39916.714508
[00:11:27] Bootstrap tree #29, logLikelihood: -40981.802657
[00:11:43] Bootstrap tree #30, logLikelihood: -40825.932333
[00:11:59] Bootstrap tree #31, logLikelihood: -40888.174841
[00:12:17] Bootstrap tree #32, logLikelihood: -40928.664742
[00:12:34] Bootstrap tree #33, logLikelihood: -39366.732637
[00:12:56] Bootstrap tree #34, logLikelihood: -40536.583164
[00:13:14] Bootstrap tree #35, logLikelihood: -40360.106897
[00:13:31] Bootstrap tree #36, logLikelihood: -40404.391823
[00:13:48] Bootstrap tree #37, logLikelihood: -40724.015770
[00:14:04] Bootstrap tree #38, logLikelihood: -40176.697278
[00:14:20] Bootstrap tree #39, logLikelihood: -40936.865822
[00:14:40] Bootstrap tree #40, logLikelihood: -40320.118922
[00:15:00] Bootstrap tree #41, logLikelihood: -40063.799378
[00:15:16] Bootstrap tree #42, logLikelihood: -40699.516753
[00:15:35] Bootstrap tree #43, logLikelihood: -40867.353035
[00:15:54] Bootstrap tree #44, logLikelihood: -40253.948365
[00:16:12] Bootstrap tree #45, logLikelihood: -40500.532913
[00:16:29] Bootstrap tree #46, logLikelihood: -40358.349317
[00:16:48] Bootstrap tree #47, logLikelihood: -40382.097924
[00:17:06] Bootstrap tree #48, logLikelihood: -40781.665558
[00:17:25] Bootstrap tree #49, logLikelihood: -40771.090519
[00:17:47] Bootstrap tree #50, logLikelihood: -40793.653074
[00:18:04] Bootstrap tree #51, logLikelihood: -40268.346876
[00:18:22] Bootstrap tree #52, logLikelihood: -40452.974776
[00:18:40] Bootstrap tree #53, logLikelihood: -40536.134768
[00:18:57] Bootstrap tree #54, logLikelihood: -40703.920899
[00:19:12] Bootstrap tree #55, logLikelihood: -40699.187025
[00:19:30] Bootstrap tree #56, logLikelihood: -41158.603643
[00:19:47] Bootstrap tree #57, logLikelihood: -41198.555891
[00:20:05] Bootstrap tree #58, logLikelihood: -40487.600126
[00:20:23] Bootstrap tree #59, logLikelihood: -40082.723927
[00:20:43] Bootstrap tree #60, logLikelihood: -40490.072250
[00:20:58] Bootstrap tree #61, logLikelihood: -41221.873152
[00:21:14] Bootstrap tree #62, logLikelihood: -39698.550823
[00:21:32] Bootstrap tree #63, logLikelihood: -40132.792917
[00:21:52] Bootstrap tree #64, logLikelihood: -40536.354493
[00:22:14] Bootstrap tree #65, logLikelihood: -41325.445951
[00:22:35] Bootstrap tree #66, logLikelihood: -41205.118700
[00:22:52] Bootstrap tree #67, logLikelihood: -41126.728205
[00:23:13] Bootstrap tree #68, logLikelihood: -41257.227940
[00:23:30] Bootstrap tree #69, logLikelihood: -40963.617082
[00:23:51] Bootstrap tree #70, logLikelihood: -40958.491985
[00:24:12] Bootstrap tree #71, logLikelihood: -41336.808635
[00:24:29] Bootstrap tree #72, logLikelihood: -41019.282002
[00:24:45] Bootstrap tree #73, logLikelihood: -40345.619028
[00:25:01] Bootstrap tree #74, logLikelihood: -40276.532374
[00:25:19] Bootstrap tree #75, logLikelihood: -39736.520058
[00:25:42] Bootstrap tree #76, logLikelihood: -40278.218452
[00:25:57] Bootstrap tree #77, logLikelihood: -40202.194578
[00:26:17] Bootstrap tree #78, logLikelihood: -40825.215726
[00:26:36] Bootstrap tree #79, logLikelihood: -41601.290723
[00:27:01] Bootstrap tree #80, logLikelihood: -40838.814915
[00:27:38] Bootstrap tree #81, logLikelihood: -40830.522367
[00:27:56] Bootstrap tree #82, logLikelihood: -40847.047830
[00:28:12] Bootstrap tree #83, logLikelihood: -40167.803038
[00:28:32] Bootstrap tree #84, logLikelihood: -40475.197335
[00:28:49] Bootstrap tree #85, logLikelihood: -41184.133991
[00:29:09] Bootstrap tree #86, logLikelihood: -40886.082023
[00:29:28] Bootstrap tree #87, logLikelihood: -40892.104132
[00:29:44] Bootstrap tree #88, logLikelihood: -40916.087207
[00:30:02] Bootstrap tree #89, logLikelihood: -41465.885986
[00:30:19] Bootstrap tree #90, logLikelihood: -40776.878886
[00:30:37] Bootstrap tree #91, logLikelihood: -41028.241786
[00:30:56] Bootstrap tree #92, logLikelihood: -40714.380747
[00:31:10] Bootstrap tree #93, logLikelihood: -40309.678816
[00:31:26] Bootstrap tree #94, logLikelihood: -40134.171058
[00:31:44] Bootstrap tree #95, logLikelihood: -40065.216409
[00:32:06] Bootstrap tree #96, logLikelihood: -40294.758260
[00:32:23] Bootstrap tree #97, logLikelihood: -40947.811423
[00:32:42] Bootstrap tree #98, logLikelihood: -40132.589585
[00:32:59] Bootstrap tree #99, logLikelihood: -40901.466022
[00:33:18] Bootstrap tree #100, logLikelihood: -41170.229142

Optimized model parameters:

   Partition 0: noname
   Rate heterogeneity: GAMMA (4 cats, mean),  alpha: 0.648491 (ML),  weights&rates: (0.250000,0.063239) (0.250000,0.338178) (0.250000,0.904176) (0.250000,2.694407) 
   Base frequencies (ML): 0.288028 0.229717 0.229765 0.252491 
   Substitution rates (ML): 1.234990 4.668735 0.553517 1.119306 4.935072 1.000000 

Final LogLikelihood: -40597.714945

All ML trees saved to: /mnt/lustre/scratch/home/uvi/be/avs/cancer_genes_selection/genes/BLM/tree/BLM.raxml.mlTrees
Best ML tree saved to: /mnt/lustre/scratch/home/uvi/be/avs/cancer_genes_selection/genes/BLM/tree/BLM.raxml.bestTree
Best ML tree with bootstrap support values saved to: /mnt/lustre/scratch/home/uvi/be/avs/cancer_genes_selection/genes/BLM/tree/BLM.raxml.support
Optimized model saved to: /mnt/lustre/scratch/home/uvi/be/avs/cancer_genes_selection/genes/BLM/tree/BLM.raxml.bestModel
Bootstrap trees saved to: /mnt/lustre/scratch/home/uvi/be/avs/cancer_genes_selection/genes/BLM/tree/BLM.raxml.bootstraps

Execution log saved to: /mnt/lustre/scratch/home/uvi/be/avs/cancer_genes_selection/genes/BLM/tree/BLM.raxml.log

Analysis started: 21-Mar-2018 16:11:24 / finished: 21-Mar-2018 16:44:45

Elapsed time: 2000.203 seconds

