
RAxML-NG v. 0.5.1b BETA released on 01.12.2017 by The Exelixis Lab.
Authors: Alexey Kozlov, Alexandros Stamatakis, Diego Darriba, Tomas Flouri, Benoit Morel.
Latest version: https://github.com/amkozlov/raxml-ng
Questions/problems/suggestions? Please visit: https://groups.google.com/forum/#!forum/raxml

WARNING: This is a BETA release, please use at your own risk!

RAxML-NG was called as follows:

raxml-ng-mpi --all --msa /mnt/lustre/scratch/home/uvi/be/avs/cancer_genes_selection/genes/STAG2/align/STAG2_align_DNA_trimmed.fasta --model GTR+G -tree pars{10} --bs-trees 100 --prefix /mnt/lustre/scratch/home/uvi/be/avs/cancer_genes_selection/genes/STAG2/tree/STAG2 --redo

Analysis options:
  run mode: ML tree search + bootstrapping
  start tree(s): parsimony (10)
  random seed: 1521671235
  tip-inner: ON
  pattern compression: ON
  per-rate scalers: OFF
  site repeats: OFF
  branch lengths: ML estimate (linked)
  SIMD kernels: AVX2
  parallelization: NONE/sequential

WARNING: Running in REDO mode: existing checkpoints are ignored, and all result files will be overwritten!

[00:00:00] Reading alignment from file: /mnt/lustre/scratch/home/uvi/be/avs/cancer_genes_selection/genes/STAG2/align/STAG2_align_DNA_trimmed.fasta
[00:00:00] Loaded alignment with 18 taxa and 3807 sites

Alignment comprises 1 partitions and 637 patterns

Partition 0: noname
Model: GTR+FO+G4m
Alignment sites / patterns: 3807 / 637
Gaps: 4.12 %
Invariant sites: 78.12 %


[00:00:01] Generating parsimony starting tree(s) with 18 taxa
[00:00:01] Data distribution: partitions/thread: 1-1, patterns/thread: 637-637

Starting ML tree search with 10 distinct starting trees

[00:00:05] ML tree search #1, logLikelihood: -12621.439787
[00:00:08] ML tree search #2, logLikelihood: -12621.439762
[00:00:11] ML tree search #3, logLikelihood: -12621.439761
[00:00:15] ML tree search #4, logLikelihood: -12621.439780
[00:00:19] ML tree search #5, logLikelihood: -12621.439706
[00:00:22] ML tree search #6, logLikelihood: -12621.439680
[00:00:26] ML tree search #7, logLikelihood: -12621.439707
[00:00:30] ML tree search #8, logLikelihood: -12621.439694
[00:00:35] ML tree search #9, logLikelihood: -12621.439781
[00:00:38] ML tree search #10, logLikelihood: -12621.439680

[00:00:38] ML tree search completed, best tree logLH: -12621.439680

[00:00:39] Starting bootstrapping analysis with 100 replicates.

[00:00:43] Bootstrap tree #1, logLikelihood: -12664.900575
[00:00:47] Bootstrap tree #2, logLikelihood: -12636.364774
[00:00:51] Bootstrap tree #3, logLikelihood: -12698.003482
[00:00:56] Bootstrap tree #4, logLikelihood: -12225.438828
[00:01:00] Bootstrap tree #5, logLikelihood: -12523.473244
[00:01:04] Bootstrap tree #6, logLikelihood: -12307.831397
[00:01:09] Bootstrap tree #7, logLikelihood: -12620.109410
[00:01:13] Bootstrap tree #8, logLikelihood: -12533.991445
[00:01:18] Bootstrap tree #9, logLikelihood: -12783.798526
[00:01:22] Bootstrap tree #10, logLikelihood: -12377.982939
[00:01:26] Bootstrap tree #11, logLikelihood: -13015.124949
[00:01:30] Bootstrap tree #12, logLikelihood: -12623.814933
[00:01:34] Bootstrap tree #13, logLikelihood: -12567.631363
[00:01:39] Bootstrap tree #14, logLikelihood: -12780.782525
[00:01:43] Bootstrap tree #15, logLikelihood: -12190.887237
[00:01:47] Bootstrap tree #16, logLikelihood: -12493.472610
[00:01:51] Bootstrap tree #17, logLikelihood: -12632.171943
[00:01:55] Bootstrap tree #18, logLikelihood: -12470.806516
[00:01:59] Bootstrap tree #19, logLikelihood: -12779.424257
[00:02:03] Bootstrap tree #20, logLikelihood: -12982.578888
[00:02:07] Bootstrap tree #21, logLikelihood: -12354.060126
[00:02:11] Bootstrap tree #22, logLikelihood: -12549.918127
[00:02:15] Bootstrap tree #23, logLikelihood: -12621.890719
[00:02:19] Bootstrap tree #24, logLikelihood: -12929.167383
[00:02:23] Bootstrap tree #25, logLikelihood: -12967.136322
[00:02:27] Bootstrap tree #26, logLikelihood: -12753.149377
[00:02:32] Bootstrap tree #27, logLikelihood: -12640.100816
[00:02:36] Bootstrap tree #28, logLikelihood: -12374.878099
[00:02:40] Bootstrap tree #29, logLikelihood: -12506.873314
[00:02:46] Bootstrap tree #30, logLikelihood: -12436.121990
[00:02:51] Bootstrap tree #31, logLikelihood: -12775.855659
[00:02:56] Bootstrap tree #32, logLikelihood: -12533.215398
[00:03:02] Bootstrap tree #33, logLikelihood: -12181.776856
[00:03:06] Bootstrap tree #34, logLikelihood: -12560.497825
[00:03:10] Bootstrap tree #35, logLikelihood: -12531.187289
[00:03:14] Bootstrap tree #36, logLikelihood: -12496.519714
[00:03:19] Bootstrap tree #37, logLikelihood: -12560.760393
[00:03:23] Bootstrap tree #38, logLikelihood: -12519.212819
[00:03:28] Bootstrap tree #39, logLikelihood: -12676.354967
[00:03:32] Bootstrap tree #40, logLikelihood: -12176.309482
[00:03:39] Bootstrap tree #41, logLikelihood: -12534.810632
[00:03:44] Bootstrap tree #42, logLikelihood: -12687.539917
[00:03:48] Bootstrap tree #43, logLikelihood: -12580.872966
[00:03:52] Bootstrap tree #44, logLikelihood: -12508.814756
[00:03:58] Bootstrap tree #45, logLikelihood: -12953.906081
[00:04:02] Bootstrap tree #46, logLikelihood: -12721.592499
[00:04:06] Bootstrap tree #47, logLikelihood: -12477.400607
[00:04:12] Bootstrap tree #48, logLikelihood: -12129.946398
[00:04:16] Bootstrap tree #49, logLikelihood: -12825.322810
[00:04:20] Bootstrap tree #50, logLikelihood: -12545.236479
[00:04:25] Bootstrap tree #51, logLikelihood: -12524.687729
[00:04:29] Bootstrap tree #52, logLikelihood: -12374.524427
[00:04:34] Bootstrap tree #53, logLikelihood: -12655.903441
[00:04:38] Bootstrap tree #54, logLikelihood: -12673.866364
[00:04:43] Bootstrap tree #55, logLikelihood: -12593.384298
[00:04:47] Bootstrap tree #56, logLikelihood: -12549.829390
[00:04:52] Bootstrap tree #57, logLikelihood: -12468.107546
[00:04:57] Bootstrap tree #58, logLikelihood: -12354.942459
[00:05:01] Bootstrap tree #59, logLikelihood: -12354.739613
[00:05:05] Bootstrap tree #60, logLikelihood: -12626.002787
[00:05:10] Bootstrap tree #61, logLikelihood: -12674.911308
[00:05:15] Bootstrap tree #62, logLikelihood: -12466.625517
[00:05:19] Bootstrap tree #63, logLikelihood: -12747.699498
[00:05:23] Bootstrap tree #64, logLikelihood: -12563.482718
[00:05:28] Bootstrap tree #65, logLikelihood: -12736.804528
[00:05:33] Bootstrap tree #66, logLikelihood: -12628.955804
[00:05:37] Bootstrap tree #67, logLikelihood: -12605.817451
[00:05:42] Bootstrap tree #68, logLikelihood: -12866.332121
[00:05:46] Bootstrap tree #69, logLikelihood: -12954.511372
[00:05:51] Bootstrap tree #70, logLikelihood: -12246.703311
[00:05:56] Bootstrap tree #71, logLikelihood: -12498.182153
[00:06:00] Bootstrap tree #72, logLikelihood: -12276.278436
[00:06:05] Bootstrap tree #73, logLikelihood: -12887.678343
[00:06:11] Bootstrap tree #74, logLikelihood: -12311.555522
[00:06:15] Bootstrap tree #75, logLikelihood: -12462.158230
[00:06:20] Bootstrap tree #76, logLikelihood: -12637.635046
[00:06:24] Bootstrap tree #77, logLikelihood: -12361.301946
[00:06:28] Bootstrap tree #78, logLikelihood: -12687.507515
[00:06:33] Bootstrap tree #79, logLikelihood: -12551.287553
[00:06:38] Bootstrap tree #80, logLikelihood: -12782.729178
[00:06:43] Bootstrap tree #81, logLikelihood: -12250.421607
[00:06:48] Bootstrap tree #82, logLikelihood: -12923.530574
[00:06:53] Bootstrap tree #83, logLikelihood: -12013.132280
[00:06:57] Bootstrap tree #84, logLikelihood: -12849.187432
[00:07:02] Bootstrap tree #85, logLikelihood: -12834.925408
[00:07:07] Bootstrap tree #86, logLikelihood: -12217.126885
[00:07:12] Bootstrap tree #87, logLikelihood: -12841.615201
[00:07:17] Bootstrap tree #88, logLikelihood: -12513.706330
[00:07:22] Bootstrap tree #89, logLikelihood: -12717.391685
[00:07:26] Bootstrap tree #90, logLikelihood: -12986.059597
[00:07:31] Bootstrap tree #91, logLikelihood: -13034.705730
[00:07:36] Bootstrap tree #92, logLikelihood: -12615.060877
[00:07:41] Bootstrap tree #93, logLikelihood: -12628.532149
[00:07:47] Bootstrap tree #94, logLikelihood: -12539.286816
[00:07:54] Bootstrap tree #95, logLikelihood: -12502.879095
[00:08:00] Bootstrap tree #96, logLikelihood: -12727.519653
[00:08:05] Bootstrap tree #97, logLikelihood: -12799.404618
[00:08:09] Bootstrap tree #98, logLikelihood: -12565.473371
[00:08:14] Bootstrap tree #99, logLikelihood: -12454.058657
[00:08:19] Bootstrap tree #100, logLikelihood: -12688.827238

Optimized model parameters:

   Partition 0: noname
   Rate heterogeneity: GAMMA (4 cats, mean),  alpha: 0.194391 (ML),  weights&rates: (0.250000,0.000435) (0.250000,0.030603) (0.250000,0.368860) (0.250000,3.600101) 
   Base frequencies (ML): 0.328475 0.169488 0.219992 0.282046 
   Substitution rates (ML): 0.978186 5.154220 0.907615 0.802686 6.755450 1.000000 

Final LogLikelihood: -12621.439680

All ML trees saved to: /mnt/lustre/scratch/home/uvi/be/avs/cancer_genes_selection/genes/STAG2/tree/STAG2.raxml.mlTrees
Best ML tree saved to: /mnt/lustre/scratch/home/uvi/be/avs/cancer_genes_selection/genes/STAG2/tree/STAG2.raxml.bestTree
Best ML tree with bootstrap support values saved to: /mnt/lustre/scratch/home/uvi/be/avs/cancer_genes_selection/genes/STAG2/tree/STAG2.raxml.support
Optimized model saved to: /mnt/lustre/scratch/home/uvi/be/avs/cancer_genes_selection/genes/STAG2/tree/STAG2.raxml.bestModel
Bootstrap trees saved to: /mnt/lustre/scratch/home/uvi/be/avs/cancer_genes_selection/genes/STAG2/tree/STAG2.raxml.bootstraps

Execution log saved to: /mnt/lustre/scratch/home/uvi/be/avs/cancer_genes_selection/genes/STAG2/tree/STAG2.raxml.log

Analysis started: 21-Mar-2018 23:27:14 / finished: 21-Mar-2018 23:35:37

Elapsed time: 502.156 seconds

