
RAxML-NG v. 0.5.1b BETA released on 01.12.2017 by The Exelixis Lab.
Authors: Alexey Kozlov, Alexandros Stamatakis, Diego Darriba, Tomas Flouri, Benoit Morel.
Latest version: https://github.com/amkozlov/raxml-ng
Questions/problems/suggestions? Please visit: https://groups.google.com/forum/#!forum/raxml

WARNING: This is a BETA release, please use at your own risk!

RAxML-NG was called as follows:

raxml-ng-mpi --all --msa /mnt/lustre/scratch/home/uvi/be/avs/cancer_genes_selection/genes/ARID1A/align/ARID1A_align_DNA_trimmed.fasta --model GTR+G -tree pars{10} --bs-trees 100 --prefix /mnt/lustre/scratch/home/uvi/be/avs/cancer_genes_selection/genes/ARID1A/tree/ARID1A --redo

Analysis options:
  run mode: ML tree search + bootstrapping
  start tree(s): parsimony (10)
  random seed: 1521641649
  tip-inner: ON
  pattern compression: ON
  per-rate scalers: OFF
  site repeats: OFF
  branch lengths: ML estimate (linked)
  SIMD kernels: AVX2
  parallelization: NONE/sequential

WARNING: Running in REDO mode: existing checkpoints are ignored, and all result files will be overwritten!

[00:00:00] Reading alignment from file: /mnt/lustre/scratch/home/uvi/be/avs/cancer_genes_selection/genes/ARID1A/align/ARID1A_align_DNA_trimmed.fasta
[00:00:00] Loaded alignment with 23 taxa and 6606 sites

Alignment comprises 1 partitions and 1879 patterns

Partition 0: noname
Model: GTR+FO+G4m
Alignment sites / patterns: 6606 / 1879
Gaps: 10.60 %
Invariant sites: 65.11 %


[00:00:01] Generating parsimony starting tree(s) with 23 taxa
[00:00:01] Data distribution: partitions/thread: 1-1, patterns/thread: 1879-1879

Starting ML tree search with 10 distinct starting trees

[00:00:11] ML tree search #1, logLikelihood: -31443.960362
[00:00:19] ML tree search #2, logLikelihood: -31443.960885
[00:00:28] ML tree search #3, logLikelihood: -31443.689880
[00:00:37] ML tree search #4, logLikelihood: -31443.842993
[00:00:48] ML tree search #5, logLikelihood: -31444.068733
[00:00:58] ML tree search #6, logLikelihood: -31443.961758
[00:01:08] ML tree search #7, logLikelihood: -31443.690216
[00:01:17] ML tree search #8, logLikelihood: -31443.689978
[00:01:28] ML tree search #9, logLikelihood: -31443.962768
[00:01:36] ML tree search #10, logLikelihood: -31443.689790

[00:01:36] ML tree search completed, best tree logLH: -31443.689790

[00:01:36] Starting bootstrapping analysis with 100 replicates.

[00:01:46] Bootstrap tree #1, logLikelihood: -30834.914740
[00:01:58] Bootstrap tree #2, logLikelihood: -30893.390334
[00:02:06] Bootstrap tree #3, logLikelihood: -32435.576712
[00:02:18] Bootstrap tree #4, logLikelihood: -32396.264317
[00:02:31] Bootstrap tree #5, logLikelihood: -31595.274633
[00:02:41] Bootstrap tree #6, logLikelihood: -31822.018064
[00:02:52] Bootstrap tree #7, logLikelihood: -31560.227750
[00:03:03] Bootstrap tree #8, logLikelihood: -30894.171519
[00:03:13] Bootstrap tree #9, logLikelihood: -31274.740079
[00:03:23] Bootstrap tree #10, logLikelihood: -31314.642744
[00:03:34] Bootstrap tree #11, logLikelihood: -31958.988012
[00:03:48] Bootstrap tree #12, logLikelihood: -30649.206314
[00:03:58] Bootstrap tree #13, logLikelihood: -31036.380426
[00:04:08] Bootstrap tree #14, logLikelihood: -31360.515335
[00:04:21] Bootstrap tree #15, logLikelihood: -31086.501908
[00:04:31] Bootstrap tree #16, logLikelihood: -31130.595102
[00:04:45] Bootstrap tree #17, logLikelihood: -31522.296028
[00:04:56] Bootstrap tree #18, logLikelihood: -31710.083733
[00:05:10] Bootstrap tree #19, logLikelihood: -31239.994587
[00:05:19] Bootstrap tree #20, logLikelihood: -31914.864452
[00:05:29] Bootstrap tree #21, logLikelihood: -32098.140497
[00:05:39] Bootstrap tree #22, logLikelihood: -31658.900668
[00:05:50] Bootstrap tree #23, logLikelihood: -31601.318049
[00:06:02] Bootstrap tree #24, logLikelihood: -31920.644916
[00:06:13] Bootstrap tree #25, logLikelihood: -31194.108917
[00:06:25] Bootstrap tree #26, logLikelihood: -31529.914264
[00:06:35] Bootstrap tree #27, logLikelihood: -30877.608311
[00:06:45] Bootstrap tree #28, logLikelihood: -31261.003813
[00:06:58] Bootstrap tree #29, logLikelihood: -31945.097200
[00:07:10] Bootstrap tree #30, logLikelihood: -32415.053756
[00:07:22] Bootstrap tree #31, logLikelihood: -32136.883363
[00:07:32] Bootstrap tree #32, logLikelihood: -31474.013023
[00:07:42] Bootstrap tree #33, logLikelihood: -31376.473547
[00:07:58] Bootstrap tree #34, logLikelihood: -31696.362267
[00:08:10] Bootstrap tree #35, logLikelihood: -31972.389749
[00:08:21] Bootstrap tree #36, logLikelihood: -32094.689054
[00:08:32] Bootstrap tree #37, logLikelihood: -31500.652576
[00:08:50] Bootstrap tree #38, logLikelihood: -32551.609369
[00:08:59] Bootstrap tree #39, logLikelihood: -31406.062863
[00:09:10] Bootstrap tree #40, logLikelihood: -30686.198058
[00:09:23] Bootstrap tree #41, logLikelihood: -31919.135575
[00:09:34] Bootstrap tree #42, logLikelihood: -31416.733071
[00:09:46] Bootstrap tree #43, logLikelihood: -31408.738473
[00:09:57] Bootstrap tree #44, logLikelihood: -31248.841541
[00:10:09] Bootstrap tree #45, logLikelihood: -30511.326180
[00:10:20] Bootstrap tree #46, logLikelihood: -32218.817781
[00:10:29] Bootstrap tree #47, logLikelihood: -31359.548910
[00:10:44] Bootstrap tree #48, logLikelihood: -31168.848564
[00:10:53] Bootstrap tree #49, logLikelihood: -30915.666755
[00:11:05] Bootstrap tree #50, logLikelihood: -31881.632303
[00:11:20] Bootstrap tree #51, logLikelihood: -31446.518616
[00:11:31] Bootstrap tree #52, logLikelihood: -31447.814976
[00:11:45] Bootstrap tree #53, logLikelihood: -31166.911406
[00:11:58] Bootstrap tree #54, logLikelihood: -31232.184044
[00:12:10] Bootstrap tree #55, logLikelihood: -30848.091120
[00:12:20] Bootstrap tree #56, logLikelihood: -31593.887445
[00:12:30] Bootstrap tree #57, logLikelihood: -30872.342607
[00:12:44] Bootstrap tree #58, logLikelihood: -31403.372620
[00:12:56] Bootstrap tree #59, logLikelihood: -30446.709924
[00:13:08] Bootstrap tree #60, logLikelihood: -31189.990656
[00:13:21] Bootstrap tree #61, logLikelihood: -32184.757938
[00:13:31] Bootstrap tree #62, logLikelihood: -31469.490485
[00:13:43] Bootstrap tree #63, logLikelihood: -31597.881344
[00:13:56] Bootstrap tree #64, logLikelihood: -31281.045824
[00:14:07] Bootstrap tree #65, logLikelihood: -30500.326775
[00:14:18] Bootstrap tree #66, logLikelihood: -31727.193662
[00:14:28] Bootstrap tree #67, logLikelihood: -31629.290893
[00:14:40] Bootstrap tree #68, logLikelihood: -31745.699918
[00:14:53] Bootstrap tree #69, logLikelihood: -31433.754979
[00:15:05] Bootstrap tree #70, logLikelihood: -31165.315713
[00:15:16] Bootstrap tree #71, logLikelihood: -32345.274745
[00:15:29] Bootstrap tree #72, logLikelihood: -31547.000412
[00:15:44] Bootstrap tree #73, logLikelihood: -30921.699897
[00:15:55] Bootstrap tree #74, logLikelihood: -31856.590386
[00:16:06] Bootstrap tree #75, logLikelihood: -30931.548279
[00:16:19] Bootstrap tree #76, logLikelihood: -30907.808686
[00:16:34] Bootstrap tree #77, logLikelihood: -31096.443486
[00:16:46] Bootstrap tree #78, logLikelihood: -31541.965291
[00:16:56] Bootstrap tree #79, logLikelihood: -32074.131936
[00:17:06] Bootstrap tree #80, logLikelihood: -30910.913576
[00:17:18] Bootstrap tree #81, logLikelihood: -31236.493102
[00:17:28] Bootstrap tree #82, logLikelihood: -31113.769547
[00:17:39] Bootstrap tree #83, logLikelihood: -31298.463660
[00:17:50] Bootstrap tree #84, logLikelihood: -31692.403056
[00:18:03] Bootstrap tree #85, logLikelihood: -31530.576386
[00:18:14] Bootstrap tree #86, logLikelihood: -31313.135798
[00:18:27] Bootstrap tree #87, logLikelihood: -31311.432381
[00:18:37] Bootstrap tree #88, logLikelihood: -31209.043058
[00:18:49] Bootstrap tree #89, logLikelihood: -30872.982204
[00:19:03] Bootstrap tree #90, logLikelihood: -31210.472696
[00:19:15] Bootstrap tree #91, logLikelihood: -31400.571501
[00:19:27] Bootstrap tree #92, logLikelihood: -31431.151599
[00:19:37] Bootstrap tree #93, logLikelihood: -31627.113948
[00:19:53] Bootstrap tree #94, logLikelihood: -31174.912342
[00:20:04] Bootstrap tree #95, logLikelihood: -32121.245858
[00:20:14] Bootstrap tree #96, logLikelihood: -31051.773622
[00:20:26] Bootstrap tree #97, logLikelihood: -30775.181541
[00:20:39] Bootstrap tree #98, logLikelihood: -31165.388730
[00:20:51] Bootstrap tree #99, logLikelihood: -31058.708909
[00:21:03] Bootstrap tree #100, logLikelihood: -31637.588187

Optimized model parameters:

   Partition 0: noname
   Rate heterogeneity: GAMMA (4 cats, mean),  alpha: 0.310116 (ML),  weights&rates: (0.250000,0.006152) (0.250000,0.112384) (0.250000,0.612406) (0.250000,3.269058) 
   Base frequencies (ML): 0.229957 0.315145 0.268854 0.186043 
   Substitution rates (ML): 1.214678 6.348999 1.353687 0.989207 7.315340 1.000000 

Final LogLikelihood: -31443.689790

All ML trees saved to: /mnt/lustre/scratch/home/uvi/be/avs/cancer_genes_selection/genes/ARID1A/tree/ARID1A.raxml.mlTrees
Best ML tree saved to: /mnt/lustre/scratch/home/uvi/be/avs/cancer_genes_selection/genes/ARID1A/tree/ARID1A.raxml.bestTree
Best ML tree with bootstrap support values saved to: /mnt/lustre/scratch/home/uvi/be/avs/cancer_genes_selection/genes/ARID1A/tree/ARID1A.raxml.support
Optimized model saved to: /mnt/lustre/scratch/home/uvi/be/avs/cancer_genes_selection/genes/ARID1A/tree/ARID1A.raxml.bestModel
Bootstrap trees saved to: /mnt/lustre/scratch/home/uvi/be/avs/cancer_genes_selection/genes/ARID1A/tree/ARID1A.raxml.bootstraps

Execution log saved to: /mnt/lustre/scratch/home/uvi/be/avs/cancer_genes_selection/genes/ARID1A/tree/ARID1A.raxml.log

Analysis started: 21-Mar-2018 15:14:09 / finished: 21-Mar-2018 15:35:14

Elapsed time: 1265.325 seconds

