
RAxML-NG v. 0.5.1b BETA released on 01.12.2017 by The Exelixis Lab.
Authors: Alexey Kozlov, Alexandros Stamatakis, Diego Darriba, Tomas Flouri, Benoit Morel.
Latest version: https://github.com/amkozlov/raxml-ng
Questions/problems/suggestions? Please visit: https://groups.google.com/forum/#!forum/raxml

WARNING: This is a BETA release, please use at your own risk!

RAxML-NG was called as follows:

raxml-ng-mpi --all --msa /mnt/lustre/scratch/home/uvi/be/avs/cancer_genes_selection/genes/IDH2/align/IDH2_align_DNA_trimmed.fasta --model GTR+G -tree pars{10} --bs-trees 100 --prefix /mnt/lustre/scratch/home/uvi/be/avs/cancer_genes_selection/genes/IDH2/tree/IDH2 --redo

Analysis options:
  run mode: ML tree search + bootstrapping
  start tree(s): parsimony (10)
  random seed: 1521658864
  tip-inner: ON
  pattern compression: ON
  per-rate scalers: OFF
  site repeats: OFF
  branch lengths: ML estimate (linked)
  SIMD kernels: AVX2
  parallelization: NONE/sequential

WARNING: Running in REDO mode: existing checkpoints are ignored, and all result files will be overwritten!

[00:00:00] Reading alignment from file: /mnt/lustre/scratch/home/uvi/be/avs/cancer_genes_selection/genes/IDH2/align/IDH2_align_DNA_trimmed.fasta
[00:00:00] Loaded alignment with 29 taxa and 1359 sites

Alignment comprises 1 partitions and 577 patterns

Partition 0: noname
Model: GTR+FO+G4m
Alignment sites / patterns: 1359 / 577
Gaps: 3.61 %
Invariant sites: 55.92 %


[00:00:00] Generating parsimony starting tree(s) with 29 taxa
[00:00:01] Data distribution: partitions/thread: 1-1, patterns/thread: 577-577

Starting ML tree search with 10 distinct starting trees

[00:00:10] ML tree search #1, logLikelihood: -10614.100283
[00:00:18] ML tree search #2, logLikelihood: -10614.114409
[00:00:28] ML tree search #3, logLikelihood: -10614.102205
[00:00:35] ML tree search #4, logLikelihood: -10614.106187
[00:00:44] ML tree search #5, logLikelihood: -10614.109154
[00:00:54] ML tree search #6, logLikelihood: -10628.200965
[00:01:04] ML tree search #7, logLikelihood: -10628.199765
[00:01:12] ML tree search #8, logLikelihood: -10614.108436
[00:01:23] ML tree search #9, logLikelihood: -10614.080082
[00:01:30] ML tree search #10, logLikelihood: -10614.099938

[00:01:31] ML tree search completed, best tree logLH: -10614.080082

[00:01:31] Starting bootstrapping analysis with 100 replicates.

[00:01:39] Bootstrap tree #1, logLikelihood: -10823.205743
[00:01:45] Bootstrap tree #2, logLikelihood: -10249.375725
[00:01:55] Bootstrap tree #3, logLikelihood: -10406.995098
[00:02:03] Bootstrap tree #4, logLikelihood: -10013.495723
[00:02:11] Bootstrap tree #5, logLikelihood: -10204.994136
[00:02:19] Bootstrap tree #6, logLikelihood: -10168.681992
[00:02:26] Bootstrap tree #7, logLikelihood: -10721.238806
[00:02:34] Bootstrap tree #8, logLikelihood: -10944.353321
[00:02:44] Bootstrap tree #9, logLikelihood: -10287.433836
[00:02:50] Bootstrap tree #10, logLikelihood: -10247.634072
[00:02:58] Bootstrap tree #11, logLikelihood: -10270.854268
[00:03:07] Bootstrap tree #12, logLikelihood: -10930.072895
[00:03:16] Bootstrap tree #13, logLikelihood: -10581.950711
[00:03:25] Bootstrap tree #14, logLikelihood: -10703.388518
[00:03:33] Bootstrap tree #15, logLikelihood: -10683.604167
[00:03:40] Bootstrap tree #16, logLikelihood: -11186.278579
[00:03:48] Bootstrap tree #17, logLikelihood: -10354.597784
[00:03:56] Bootstrap tree #18, logLikelihood: -10556.195163
[00:04:03] Bootstrap tree #19, logLikelihood: -10758.917002
[00:04:10] Bootstrap tree #20, logLikelihood: -10633.322654
[00:04:20] Bootstrap tree #21, logLikelihood: -10748.120650
[00:04:27] Bootstrap tree #22, logLikelihood: -10135.808967
[00:04:35] Bootstrap tree #23, logLikelihood: -10261.240245
[00:04:41] Bootstrap tree #24, logLikelihood: -10663.767395
[00:04:48] Bootstrap tree #25, logLikelihood: -10555.304631
[00:04:55] Bootstrap tree #26, logLikelihood: -10428.681112
[00:05:02] Bootstrap tree #27, logLikelihood: -10364.058137
[00:05:11] Bootstrap tree #28, logLikelihood: -10488.025209
[00:05:19] Bootstrap tree #29, logLikelihood: -10255.435834
[00:05:26] Bootstrap tree #30, logLikelihood: -10965.206416
[00:05:34] Bootstrap tree #31, logLikelihood: -10583.083246
[00:05:41] Bootstrap tree #32, logLikelihood: -10397.640901
[00:05:49] Bootstrap tree #33, logLikelihood: -10409.295005
[00:05:56] Bootstrap tree #34, logLikelihood: -10472.609157
[00:06:06] Bootstrap tree #35, logLikelihood: -10408.670300
[00:06:16] Bootstrap tree #36, logLikelihood: -10187.460180
[00:06:26] Bootstrap tree #37, logLikelihood: -10348.270059
[00:06:35] Bootstrap tree #38, logLikelihood: -10794.774630
[00:06:49] Bootstrap tree #39, logLikelihood: -10697.697280
[00:06:57] Bootstrap tree #40, logLikelihood: -10433.294811
[00:07:05] Bootstrap tree #41, logLikelihood: -10594.950693
[00:07:12] Bootstrap tree #42, logLikelihood: -10541.973618
[00:07:19] Bootstrap tree #43, logLikelihood: -10798.530269
[00:07:26] Bootstrap tree #44, logLikelihood: -10556.083413
[00:07:36] Bootstrap tree #45, logLikelihood: -10496.509548
[00:07:43] Bootstrap tree #46, logLikelihood: -11041.508440
[00:07:52] Bootstrap tree #47, logLikelihood: -10346.432634
[00:08:00] Bootstrap tree #48, logLikelihood: -10176.708577
[00:08:08] Bootstrap tree #49, logLikelihood: -10628.914978
[00:08:18] Bootstrap tree #50, logLikelihood: -10478.599980
[00:08:25] Bootstrap tree #51, logLikelihood: -10365.270152
[00:08:31] Bootstrap tree #52, logLikelihood: -10373.836179
[00:08:39] Bootstrap tree #53, logLikelihood: -10720.327439
[00:08:47] Bootstrap tree #54, logLikelihood: -11025.831987
[00:08:56] Bootstrap tree #55, logLikelihood: -10800.158413
[00:09:06] Bootstrap tree #56, logLikelihood: -11270.126466
[00:09:15] Bootstrap tree #57, logLikelihood: -10309.074732
[00:09:23] Bootstrap tree #58, logLikelihood: -10255.884256
[00:09:33] Bootstrap tree #59, logLikelihood: -10317.692589
[00:09:42] Bootstrap tree #60, logLikelihood: -10469.464023
[00:09:53] Bootstrap tree #61, logLikelihood: -10036.829722
[00:10:02] Bootstrap tree #62, logLikelihood: -10570.289856
[00:10:14] Bootstrap tree #63, logLikelihood: -10831.456113
[00:10:25] Bootstrap tree #64, logLikelihood: -10640.785178
[00:10:32] Bootstrap tree #65, logLikelihood: -10581.184560
[00:10:42] Bootstrap tree #66, logLikelihood: -10598.274140
[00:10:52] Bootstrap tree #67, logLikelihood: -10446.453415
[00:11:00] Bootstrap tree #68, logLikelihood: -10501.031444
[00:11:11] Bootstrap tree #69, logLikelihood: -9848.097191
[00:11:20] Bootstrap tree #70, logLikelihood: -11128.643799
[00:11:35] Bootstrap tree #71, logLikelihood: -11109.191371
[00:11:45] Bootstrap tree #72, logLikelihood: -10429.891819
[00:11:56] Bootstrap tree #73, logLikelihood: -10370.305540
[00:12:08] Bootstrap tree #74, logLikelihood: -10247.324850
[00:12:15] Bootstrap tree #75, logLikelihood: -10914.945302
[00:12:25] Bootstrap tree #76, logLikelihood: -10166.867133
[00:12:36] Bootstrap tree #77, logLikelihood: -10730.701244
[00:12:46] Bootstrap tree #78, logLikelihood: -10811.065758
[00:12:54] Bootstrap tree #79, logLikelihood: -10537.542812
[00:13:02] Bootstrap tree #80, logLikelihood: -10758.809526
[00:13:12] Bootstrap tree #81, logLikelihood: -10671.669960
[00:13:21] Bootstrap tree #82, logLikelihood: -10695.344080
[00:13:29] Bootstrap tree #83, logLikelihood: -10727.672778
[00:13:41] Bootstrap tree #84, logLikelihood: -10653.791620
[00:13:51] Bootstrap tree #85, logLikelihood: -10248.073234
[00:14:00] Bootstrap tree #86, logLikelihood: -10694.869473
[00:14:12] Bootstrap tree #87, logLikelihood: -10892.760468
[00:14:20] Bootstrap tree #88, logLikelihood: -11072.546964
[00:14:29] Bootstrap tree #89, logLikelihood: -10715.400545
[00:14:37] Bootstrap tree #90, logLikelihood: -10341.685785
[00:14:46] Bootstrap tree #91, logLikelihood: -10179.777479
[00:14:56] Bootstrap tree #92, logLikelihood: -10627.270626
[00:15:13] Bootstrap tree #93, logLikelihood: -10538.700360
[00:15:22] Bootstrap tree #94, logLikelihood: -10806.055783
[00:15:32] Bootstrap tree #95, logLikelihood: -10566.113501
[00:15:43] Bootstrap tree #96, logLikelihood: -10599.895371
[00:15:53] Bootstrap tree #97, logLikelihood: -10953.915169
[00:16:02] Bootstrap tree #98, logLikelihood: -10281.822306
[00:16:10] Bootstrap tree #99, logLikelihood: -10850.818955
[00:16:20] Bootstrap tree #100, logLikelihood: -10090.997649

Optimized model parameters:

   Partition 0: noname
   Rate heterogeneity: GAMMA (4 cats, mean),  alpha: 0.249045 (ML),  weights&rates: (0.250000,0.002068) (0.250000,0.066001) (0.250000,0.499466) (0.250000,3.432465) 
   Base frequencies (ML): 0.238253 0.308899 0.284412 0.168436 
   Substitution rates (ML): 1.389797 3.945435 0.665118 1.476645 8.204750 1.000000 

Final LogLikelihood: -10614.080082

All ML trees saved to: /mnt/lustre/scratch/home/uvi/be/avs/cancer_genes_selection/genes/IDH2/tree/IDH2.raxml.mlTrees
Best ML tree saved to: /mnt/lustre/scratch/home/uvi/be/avs/cancer_genes_selection/genes/IDH2/tree/IDH2.raxml.bestTree
Best ML tree with bootstrap support values saved to: /mnt/lustre/scratch/home/uvi/be/avs/cancer_genes_selection/genes/IDH2/tree/IDH2.raxml.support
Optimized model saved to: /mnt/lustre/scratch/home/uvi/be/avs/cancer_genes_selection/genes/IDH2/tree/IDH2.raxml.bestModel
Bootstrap trees saved to: /mnt/lustre/scratch/home/uvi/be/avs/cancer_genes_selection/genes/IDH2/tree/IDH2.raxml.bootstraps

Execution log saved to: /mnt/lustre/scratch/home/uvi/be/avs/cancer_genes_selection/genes/IDH2/tree/IDH2.raxml.log

Analysis started: 21-Mar-2018 20:01:04 / finished: 21-Mar-2018 20:17:27

Elapsed time: 983.308 seconds

