
RAxML-NG v. 0.5.1b BETA released on 01.12.2017 by The Exelixis Lab.
Authors: Alexey Kozlov, Alexandros Stamatakis, Diego Darriba, Tomas Flouri, Benoit Morel.
Latest version: https://github.com/amkozlov/raxml-ng
Questions/problems/suggestions? Please visit: https://groups.google.com/forum/#!forum/raxml

WARNING: This is a BETA release, please use at your own risk!

RAxML-NG was called as follows:

raxml-ng-mpi --all --msa /mnt/lustre/scratch/home/uvi/be/avs/cancer_genes_selection/genes/SDHD/align/SDHD_align_DNA_trimmed.fasta --model GTR+G -tree pars{10} --bs-trees 100 --prefix /mnt/lustre/scratch/home/uvi/be/avs/cancer_genes_selection/genes/SDHD/tree/SDHD --redo

Analysis options:
  run mode: ML tree search + bootstrapping
  start tree(s): parsimony (10)
  random seed: 1521669190
  tip-inner: ON
  pattern compression: ON
  per-rate scalers: OFF
  site repeats: OFF
  branch lengths: ML estimate (linked)
  SIMD kernels: AVX2
  parallelization: NONE/sequential

WARNING: Running in REDO mode: existing checkpoints are ignored, and all result files will be overwritten!

[00:00:00] Reading alignment from file: /mnt/lustre/scratch/home/uvi/be/avs/cancer_genes_selection/genes/SDHD/align/SDHD_align_DNA_trimmed.fasta
[00:00:00] Loaded alignment with 12 taxa and 480 sites

Alignment comprises 1 partitions and 240 patterns

Partition 0: noname
Model: GTR+FO+G4m
Alignment sites / patterns: 480 / 240
Gaps: 4.76 %
Invariant sites: 45.62 %


[00:00:00] Generating parsimony starting tree(s) with 12 taxa
[00:00:01] Data distribution: partitions/thread: 1-1, patterns/thread: 240-240

Starting ML tree search with 10 distinct starting trees

[00:00:03] ML tree search #1, logLikelihood: -2659.310355
[00:00:06] ML tree search #2, logLikelihood: -2659.310263
[00:00:09] ML tree search #3, logLikelihood: -2659.310160
[00:00:12] ML tree search #4, logLikelihood: -2659.310080
[00:00:14] ML tree search #5, logLikelihood: -2658.770721
[00:00:16] ML tree search #6, logLikelihood: -2659.309762
[00:00:18] ML tree search #7, logLikelihood: -2659.309747
[00:00:21] ML tree search #8, logLikelihood: -2658.770844
[00:00:24] ML tree search #9, logLikelihood: -2659.310389
[00:00:26] ML tree search #10, logLikelihood: -2659.309747

[00:00:27] ML tree search completed, best tree logLH: -2658.770721

[00:00:27] Starting bootstrapping analysis with 100 replicates.

[00:00:29] Bootstrap tree #1, logLikelihood: -2631.267231
[00:00:31] Bootstrap tree #2, logLikelihood: -2764.536725
[00:00:33] Bootstrap tree #3, logLikelihood: -2486.007377
[00:00:36] Bootstrap tree #4, logLikelihood: -2600.369800
[00:00:38] Bootstrap tree #5, logLikelihood: -2604.216234
[00:00:40] Bootstrap tree #6, logLikelihood: -2637.998533
[00:00:42] Bootstrap tree #7, logLikelihood: -2652.873302
[00:00:45] Bootstrap tree #8, logLikelihood: -2589.823179
[00:00:47] Bootstrap tree #9, logLikelihood: -2576.672245
[00:00:49] Bootstrap tree #10, logLikelihood: -2680.506372
[00:00:51] Bootstrap tree #11, logLikelihood: -2604.306935
[00:00:54] Bootstrap tree #12, logLikelihood: -2673.512185
[00:00:56] Bootstrap tree #13, logLikelihood: -2612.627742
[00:00:59] Bootstrap tree #14, logLikelihood: -2573.118933
[00:01:01] Bootstrap tree #15, logLikelihood: -2812.776537
[00:01:04] Bootstrap tree #16, logLikelihood: -2616.738378
[00:01:06] Bootstrap tree #17, logLikelihood: -2622.892398
[00:01:09] Bootstrap tree #18, logLikelihood: -2706.117905
[00:01:12] Bootstrap tree #19, logLikelihood: -2624.242045
[00:01:16] Bootstrap tree #20, logLikelihood: -2640.923439
[00:01:19] Bootstrap tree #21, logLikelihood: -2632.173965
[00:01:22] Bootstrap tree #22, logLikelihood: -2730.603276
[00:01:25] Bootstrap tree #23, logLikelihood: -2506.752250
[00:01:28] Bootstrap tree #24, logLikelihood: -2493.975198
[00:01:31] Bootstrap tree #25, logLikelihood: -2720.359200
[00:01:34] Bootstrap tree #26, logLikelihood: -2572.676899
[00:01:37] Bootstrap tree #27, logLikelihood: -2670.814168
[00:01:39] Bootstrap tree #28, logLikelihood: -2569.405669
[00:01:41] Bootstrap tree #29, logLikelihood: -2601.625439
[00:01:44] Bootstrap tree #30, logLikelihood: -2567.221995
[00:01:46] Bootstrap tree #31, logLikelihood: -2532.880444
[00:01:49] Bootstrap tree #32, logLikelihood: -2556.315109
[00:01:51] Bootstrap tree #33, logLikelihood: -2688.678408
[00:01:54] Bootstrap tree #34, logLikelihood: -2633.963553
[00:01:56] Bootstrap tree #35, logLikelihood: -2595.386483
[00:01:59] Bootstrap tree #36, logLikelihood: -2691.284392
[00:02:01] Bootstrap tree #37, logLikelihood: -2765.293973
[00:02:04] Bootstrap tree #38, logLikelihood: -2602.975955
[00:02:07] Bootstrap tree #39, logLikelihood: -2647.518052
[00:02:10] Bootstrap tree #40, logLikelihood: -2728.311414
[00:02:13] Bootstrap tree #41, logLikelihood: -2673.056634
[00:02:16] Bootstrap tree #42, logLikelihood: -2641.000195
[00:02:19] Bootstrap tree #43, logLikelihood: -2628.310726
[00:02:22] Bootstrap tree #44, logLikelihood: -2612.242171
[00:02:25] Bootstrap tree #45, logLikelihood: -2715.972617
[00:02:28] Bootstrap tree #46, logLikelihood: -2576.996142
[00:02:33] Bootstrap tree #47, logLikelihood: -2611.957283
[00:02:36] Bootstrap tree #48, logLikelihood: -2509.208761
[00:02:38] Bootstrap tree #49, logLikelihood: -2435.522165
[00:02:41] Bootstrap tree #50, logLikelihood: -2749.495117
[00:02:44] Bootstrap tree #51, logLikelihood: -2779.971786
[00:02:46] Bootstrap tree #52, logLikelihood: -2611.866597
[00:02:49] Bootstrap tree #53, logLikelihood: -2703.557934
[00:02:51] Bootstrap tree #54, logLikelihood: -2600.691257
[00:02:54] Bootstrap tree #55, logLikelihood: -2746.267444
[00:02:57] Bootstrap tree #56, logLikelihood: -2690.859971
[00:02:59] Bootstrap tree #57, logLikelihood: -2613.088553
[00:03:02] Bootstrap tree #58, logLikelihood: -2580.458377
[00:03:05] Bootstrap tree #59, logLikelihood: -2648.213876
[00:03:09] Bootstrap tree #60, logLikelihood: -2690.274702
[00:03:13] Bootstrap tree #61, logLikelihood: -2765.700834
[00:03:16] Bootstrap tree #62, logLikelihood: -2599.184368
[00:03:18] Bootstrap tree #63, logLikelihood: -2585.696662
[00:03:21] Bootstrap tree #64, logLikelihood: -2592.743171
[00:03:23] Bootstrap tree #65, logLikelihood: -2768.627587
[00:03:26] Bootstrap tree #66, logLikelihood: -2542.083087
[00:03:29] Bootstrap tree #67, logLikelihood: -2711.032254
[00:03:32] Bootstrap tree #68, logLikelihood: -2467.596941
[00:03:34] Bootstrap tree #69, logLikelihood: -2611.505444
[00:03:37] Bootstrap tree #70, logLikelihood: -2475.719482
[00:03:40] Bootstrap tree #71, logLikelihood: -2669.038000
[00:03:44] Bootstrap tree #72, logLikelihood: -2644.080749
[00:03:47] Bootstrap tree #73, logLikelihood: -2693.878533
[00:03:50] Bootstrap tree #74, logLikelihood: -2533.452708
[00:03:53] Bootstrap tree #75, logLikelihood: -2597.519129
[00:03:55] Bootstrap tree #76, logLikelihood: -2604.015488
[00:03:58] Bootstrap tree #77, logLikelihood: -2642.112242
[00:04:00] Bootstrap tree #78, logLikelihood: -2663.532033
[00:04:03] Bootstrap tree #79, logLikelihood: -2705.440572
[00:04:06] Bootstrap tree #80, logLikelihood: -2635.357158
[00:04:09] Bootstrap tree #81, logLikelihood: -2608.871805
[00:04:11] Bootstrap tree #82, logLikelihood: -2629.455926
[00:04:14] Bootstrap tree #83, logLikelihood: -2645.090794
[00:04:16] Bootstrap tree #84, logLikelihood: -2504.988521
[00:04:19] Bootstrap tree #85, logLikelihood: -2526.913503
[00:04:21] Bootstrap tree #86, logLikelihood: -2595.965220
[00:04:24] Bootstrap tree #87, logLikelihood: -2721.971088
[00:04:27] Bootstrap tree #88, logLikelihood: -2581.082392
[00:04:30] Bootstrap tree #89, logLikelihood: -2640.736817
[00:04:33] Bootstrap tree #90, logLikelihood: -2734.818310
[00:04:36] Bootstrap tree #91, logLikelihood: -2608.870749
[00:04:39] Bootstrap tree #92, logLikelihood: -2502.494135
[00:04:41] Bootstrap tree #93, logLikelihood: -2728.075133
[00:04:44] Bootstrap tree #94, logLikelihood: -2792.181627
[00:04:48] Bootstrap tree #95, logLikelihood: -2664.068870
[00:04:51] Bootstrap tree #96, logLikelihood: -2659.078841
[00:04:54] Bootstrap tree #97, logLikelihood: -2675.497037
[00:04:56] Bootstrap tree #98, logLikelihood: -2613.412970
[00:04:59] Bootstrap tree #99, logLikelihood: -2694.337922
[00:05:02] Bootstrap tree #100, logLikelihood: -2436.163453

Optimized model parameters:

   Partition 0: noname
   Rate heterogeneity: GAMMA (4 cats, mean),  alpha: 1.137494 (ML),  weights&rates: (0.250000,0.163543) (0.250000,0.514507) (0.250000,1.019509) (0.250000,2.302441) 
   Base frequencies (ML): 0.182047 0.321438 0.249443 0.247072 
   Substitution rates (ML): 1.179789 6.658646 1.097431 1.935057 4.767746 1.000000 

Final LogLikelihood: -2658.770721

All ML trees saved to: /mnt/lustre/scratch/home/uvi/be/avs/cancer_genes_selection/genes/SDHD/tree/SDHD.raxml.mlTrees
Best ML tree saved to: /mnt/lustre/scratch/home/uvi/be/avs/cancer_genes_selection/genes/SDHD/tree/SDHD.raxml.bestTree
Best ML tree with bootstrap support values saved to: /mnt/lustre/scratch/home/uvi/be/avs/cancer_genes_selection/genes/SDHD/tree/SDHD.raxml.support
Optimized model saved to: /mnt/lustre/scratch/home/uvi/be/avs/cancer_genes_selection/genes/SDHD/tree/SDHD.raxml.bestModel
Bootstrap trees saved to: /mnt/lustre/scratch/home/uvi/be/avs/cancer_genes_selection/genes/SDHD/tree/SDHD.raxml.bootstraps

Execution log saved to: /mnt/lustre/scratch/home/uvi/be/avs/cancer_genes_selection/genes/SDHD/tree/SDHD.raxml.log

Analysis started: 21-Mar-2018 22:53:10 / finished: 21-Mar-2018 22:58:14

Elapsed time: 304.472 seconds

