
RAxML-NG v. 0.5.1b BETA released on 01.12.2017 by The Exelixis Lab.
Authors: Alexey Kozlov, Alexandros Stamatakis, Diego Darriba, Tomas Flouri, Benoit Morel.
Latest version: https://github.com/amkozlov/raxml-ng
Questions/problems/suggestions? Please visit: https://groups.google.com/forum/#!forum/raxml

WARNING: This is a BETA release, please use at your own risk!

RAxML-NG was called as follows:

raxml-ng-mpi --all --msa /mnt/lustre/scratch/home/uvi/be/avs/cancer_genes_selection/genes/EPS15/align/EPS15_align_DNA_trimmed2.fasta --model GTR+G -tree pars{10} --bs-trees 100 --prefix /mnt/lustre/scratch/home/uvi/be/avs/cancer_genes_selection/genes/EPS15/tree/EPS15_trimmed --redo

Analysis options:
  run mode: ML tree search + bootstrapping
  start tree(s): parsimony (10)
  random seed: 1522090970
  tip-inner: ON
  pattern compression: ON
  per-rate scalers: OFF
  site repeats: OFF
  branch lengths: ML estimate (linked)
  SIMD kernels: AVX2
  parallelization: NONE/sequential

WARNING: Running in REDO mode: existing checkpoints are ignored, and all result files will be overwritten!

[00:00:00] Reading alignment from file: /mnt/lustre/scratch/home/uvi/be/avs/cancer_genes_selection/genes/EPS15/align/EPS15_align_DNA_trimmed2.fasta
[00:00:00] Loaded alignment with 29 taxa and 2703 sites

Alignment comprises 1 partitions and 1357 patterns

Partition 0: noname
Model: GTR+FO+G4m
Alignment sites / patterns: 2703 / 1357
Gaps: 3.83 %
Invariant sites: 41.29 %


[00:00:01] Generating parsimony starting tree(s) with 29 taxa
[00:00:01] Data distribution: partitions/thread: 1-1, patterns/thread: 1357-1357

Starting ML tree search with 10 distinct starting trees

[00:00:18] ML tree search #1, logLikelihood: -20538.852770
[00:00:33] ML tree search #2, logLikelihood: -20538.852667
[00:00:43] ML tree search #3, logLikelihood: -20538.853125
[00:00:56] ML tree search #4, logLikelihood: -20538.852363
[00:01:08] ML tree search #5, logLikelihood: -20538.852807
[00:01:24] ML tree search #6, logLikelihood: -20538.852850
[00:01:36] ML tree search #7, logLikelihood: -20538.852646
[00:01:52] ML tree search #8, logLikelihood: -20538.852526
[00:02:04] ML tree search #9, logLikelihood: -20538.852350
[00:02:18] ML tree search #10, logLikelihood: -20538.852595

[00:02:18] ML tree search completed, best tree logLH: -20538.852350

[00:02:18] Starting bootstrapping analysis with 100 replicates.

[00:02:31] Bootstrap tree #1, logLikelihood: -20522.775045
[00:02:43] Bootstrap tree #2, logLikelihood: -20141.562651
[00:02:57] Bootstrap tree #3, logLikelihood: -20351.201544
[00:03:09] Bootstrap tree #4, logLikelihood: -20524.354311
[00:03:20] Bootstrap tree #5, logLikelihood: -20429.062967
[00:03:34] Bootstrap tree #6, logLikelihood: -20333.950525
[00:03:45] Bootstrap tree #7, logLikelihood: -20365.324000
[00:04:00] Bootstrap tree #8, logLikelihood: -20049.667444
[00:04:11] Bootstrap tree #9, logLikelihood: -20919.415477
[00:04:24] Bootstrap tree #10, logLikelihood: -20514.734544
[00:04:37] Bootstrap tree #11, logLikelihood: -19764.842796
[00:04:49] Bootstrap tree #12, logLikelihood: -20240.072346
[00:05:03] Bootstrap tree #13, logLikelihood: -20210.685553
[00:05:16] Bootstrap tree #14, logLikelihood: -20293.804558
[00:05:29] Bootstrap tree #15, logLikelihood: -20794.430006
[00:05:46] Bootstrap tree #16, logLikelihood: -20389.325345
[00:05:57] Bootstrap tree #17, logLikelihood: -20054.264878
[00:06:11] Bootstrap tree #18, logLikelihood: -20349.641837
[00:06:22] Bootstrap tree #19, logLikelihood: -20858.498564
[00:06:35] Bootstrap tree #20, logLikelihood: -20557.669939
[00:06:47] Bootstrap tree #21, logLikelihood: -20762.814589
[00:06:58] Bootstrap tree #22, logLikelihood: -20223.074343
[00:07:10] Bootstrap tree #23, logLikelihood: -20153.398147
[00:07:22] Bootstrap tree #24, logLikelihood: -20179.667674
[00:07:37] Bootstrap tree #25, logLikelihood: -20894.785072
[00:07:49] Bootstrap tree #26, logLikelihood: -20572.857997
[00:08:05] Bootstrap tree #27, logLikelihood: -20425.914559
[00:08:17] Bootstrap tree #28, logLikelihood: -20068.309286
[00:08:29] Bootstrap tree #29, logLikelihood: -20596.088409
[00:08:43] Bootstrap tree #30, logLikelihood: -20594.352096
[00:08:55] Bootstrap tree #31, logLikelihood: -20506.601411
[00:09:09] Bootstrap tree #32, logLikelihood: -20833.270718
[00:09:22] Bootstrap tree #33, logLikelihood: -20762.828162
[00:09:36] Bootstrap tree #34, logLikelihood: -20302.420400
[00:09:49] Bootstrap tree #35, logLikelihood: -20568.851827
[00:09:58] Bootstrap tree #36, logLikelihood: -20184.282416
[00:10:13] Bootstrap tree #37, logLikelihood: -20510.992511
[00:10:26] Bootstrap tree #38, logLikelihood: -20614.632140
[00:10:39] Bootstrap tree #39, logLikelihood: -20542.003573
[00:10:54] Bootstrap tree #40, logLikelihood: -19818.239389
[00:11:07] Bootstrap tree #41, logLikelihood: -20248.988054
[00:11:21] Bootstrap tree #42, logLikelihood: -20216.037264
[00:11:37] Bootstrap tree #43, logLikelihood: -20498.929687
[00:11:54] Bootstrap tree #44, logLikelihood: -20718.124709
[00:12:10] Bootstrap tree #45, logLikelihood: -20633.349243
[00:12:23] Bootstrap tree #46, logLikelihood: -20641.998906
[00:12:36] Bootstrap tree #47, logLikelihood: -19812.745199
[00:12:52] Bootstrap tree #48, logLikelihood: -20348.898417
[00:13:07] Bootstrap tree #49, logLikelihood: -20098.604520
[00:13:20] Bootstrap tree #50, logLikelihood: -20649.456930
[00:13:35] Bootstrap tree #51, logLikelihood: -20337.863431
[00:13:49] Bootstrap tree #52, logLikelihood: -20942.023146
[00:14:04] Bootstrap tree #53, logLikelihood: -20702.202867
[00:14:18] Bootstrap tree #54, logLikelihood: -20363.101823
[00:14:32] Bootstrap tree #55, logLikelihood: -20212.889058
[00:14:47] Bootstrap tree #56, logLikelihood: -20446.515979
[00:14:59] Bootstrap tree #57, logLikelihood: -20595.830001
[00:15:12] Bootstrap tree #58, logLikelihood: -19919.414300
[00:15:24] Bootstrap tree #59, logLikelihood: -20707.219567
[00:15:39] Bootstrap tree #60, logLikelihood: -19762.678954
[00:15:53] Bootstrap tree #61, logLikelihood: -20007.739060
[00:16:10] Bootstrap tree #62, logLikelihood: -20160.520509
[00:16:22] Bootstrap tree #63, logLikelihood: -20228.305118
[00:16:35] Bootstrap tree #64, logLikelihood: -20429.770232
[00:16:50] Bootstrap tree #65, logLikelihood: -20704.223589
[00:17:02] Bootstrap tree #66, logLikelihood: -20503.839004
[00:17:16] Bootstrap tree #67, logLikelihood: -20580.829217
[00:17:27] Bootstrap tree #68, logLikelihood: -19752.790233
[00:17:40] Bootstrap tree #69, logLikelihood: -21063.471410
[00:17:57] Bootstrap tree #70, logLikelihood: -20839.348760
[00:18:10] Bootstrap tree #71, logLikelihood: -20688.212695
[00:18:24] Bootstrap tree #72, logLikelihood: -21085.082691
[00:18:39] Bootstrap tree #73, logLikelihood: -20745.569378
[00:18:52] Bootstrap tree #74, logLikelihood: -20443.265462
[00:19:07] Bootstrap tree #75, logLikelihood: -20491.929353
[00:19:25] Bootstrap tree #76, logLikelihood: -20632.466231
[00:19:41] Bootstrap tree #77, logLikelihood: -20153.896290
[00:19:54] Bootstrap tree #78, logLikelihood: -20378.503013
[00:20:12] Bootstrap tree #79, logLikelihood: -20049.163924
[00:20:29] Bootstrap tree #80, logLikelihood: -20375.183817
[00:20:46] Bootstrap tree #81, logLikelihood: -20531.555176
[00:21:01] Bootstrap tree #82, logLikelihood: -20168.786381
[00:21:15] Bootstrap tree #83, logLikelihood: -20871.941489
[00:21:33] Bootstrap tree #84, logLikelihood: -21044.469996
[00:21:49] Bootstrap tree #85, logLikelihood: -20511.628704
[00:22:02] Bootstrap tree #86, logLikelihood: -20835.838444
[00:22:21] Bootstrap tree #87, logLikelihood: -20606.304774
[00:22:40] Bootstrap tree #88, logLikelihood: -20482.719223
[00:22:57] Bootstrap tree #89, logLikelihood: -20596.199616
[00:23:14] Bootstrap tree #90, logLikelihood: -20789.612189
[00:23:31] Bootstrap tree #91, logLikelihood: -20789.668765
[00:23:44] Bootstrap tree #92, logLikelihood: -20887.677637
[00:24:00] Bootstrap tree #93, logLikelihood: -20821.312810
[00:24:17] Bootstrap tree #94, logLikelihood: -20259.756465
[00:24:34] Bootstrap tree #95, logLikelihood: -21207.543760
[00:24:53] Bootstrap tree #96, logLikelihood: -20529.671904
[00:25:07] Bootstrap tree #97, logLikelihood: -20410.022966
[00:25:23] Bootstrap tree #98, logLikelihood: -20474.771221
[00:25:40] Bootstrap tree #99, logLikelihood: -20064.678740
[00:25:59] Bootstrap tree #100, logLikelihood: -20083.101634

Optimized model parameters:

   Partition 0: noname
   Rate heterogeneity: GAMMA (4 cats, mean),  alpha: 0.600427 (ML),  weights&rates: (0.250000,0.053196) (0.250000,0.312509) (0.250000,0.881536) (0.250000,2.752758) 
   Base frequencies (ML): 0.266622 0.218297 0.258088 0.256992 
   Substitution rates (ML): 1.775578 5.974694 1.207122 1.135489 6.042306 1.000000 

Final LogLikelihood: -20538.852350

All ML trees saved to: /mnt/lustre/scratch/home/uvi/be/avs/cancer_genes_selection/genes/EPS15/tree/EPS15_trimmed.raxml.mlTrees
Best ML tree saved to: /mnt/lustre/scratch/home/uvi/be/avs/cancer_genes_selection/genes/EPS15/tree/EPS15_trimmed.raxml.bestTree
Best ML tree with bootstrap support values saved to: /mnt/lustre/scratch/home/uvi/be/avs/cancer_genes_selection/genes/EPS15/tree/EPS15_trimmed.raxml.support
Optimized model saved to: /mnt/lustre/scratch/home/uvi/be/avs/cancer_genes_selection/genes/EPS15/tree/EPS15_trimmed.raxml.bestModel
Bootstrap trees saved to: /mnt/lustre/scratch/home/uvi/be/avs/cancer_genes_selection/genes/EPS15/tree/EPS15_trimmed.raxml.bootstraps

Execution log saved to: /mnt/lustre/scratch/home/uvi/be/avs/cancer_genes_selection/genes/EPS15/tree/EPS15_trimmed.raxml.log

Analysis started: 26-Mar-2018 21:02:50 / finished: 26-Mar-2018 21:28:55

Elapsed time: 1564.926 seconds

