
RAxML-NG v. 0.5.1b BETA released on 01.12.2017 by The Exelixis Lab.
Authors: Alexey Kozlov, Alexandros Stamatakis, Diego Darriba, Tomas Flouri, Benoit Morel.
Latest version: https://github.com/amkozlov/raxml-ng
Questions/problems/suggestions? Please visit: https://groups.google.com/forum/#!forum/raxml

WARNING: This is a BETA release, please use at your own risk!

RAxML-NG was called as follows:

raxml-ng-mpi --all --msa /mnt/lustre/scratch/home/uvi/be/avs/cancer_genes_selection/genes/DICER1/align/DICER1_align_DNA_trimmed.fasta --model GTR+G -tree pars{10} --bs-trees 100 --prefix /mnt/lustre/scratch/home/uvi/be/avs/cancer_genes_selection/genes/DICER1/tree/DICER1 --redo

Analysis options:
  run mode: ML tree search + bootstrapping
  start tree(s): parsimony (10)
  random seed: 1521653333
  tip-inner: ON
  pattern compression: ON
  per-rate scalers: OFF
  site repeats: OFF
  branch lengths: ML estimate (linked)
  SIMD kernels: AVX2
  parallelization: NONE/sequential

WARNING: Running in REDO mode: existing checkpoints are ignored, and all result files will be overwritten!

[00:00:00] Reading alignment from file: /mnt/lustre/scratch/home/uvi/be/avs/cancer_genes_selection/genes/DICER1/align/DICER1_align_DNA_trimmed.fasta
[00:00:00] Loaded alignment with 30 taxa and 5772 sites

Alignment comprises 1 partitions and 2090 patterns

Partition 0: noname
Model: GTR+FO+G4m
Alignment sites / patterns: 5772 / 2090
Gaps: 1.41 %
Invariant sites: 54.59 %


[00:00:00] Generating parsimony starting tree(s) with 30 taxa
[00:00:01] Data distribution: partitions/thread: 1-1, patterns/thread: 2090-2090

Starting ML tree search with 10 distinct starting trees

[00:00:15] ML tree search #1, logLikelihood: -42077.676286
[00:00:32] ML tree search #2, logLikelihood: -42077.677142
[00:00:49] ML tree search #3, logLikelihood: -42077.676358
[00:01:02] ML tree search #4, logLikelihood: -42077.675923
[00:01:18] ML tree search #5, logLikelihood: -42077.676378
[00:01:34] ML tree search #6, logLikelihood: -42077.676642
[00:01:48] ML tree search #7, logLikelihood: -42077.676746
[00:02:01] ML tree search #8, logLikelihood: -42077.676518
[00:02:18] ML tree search #9, logLikelihood: -42077.679152
[00:02:33] ML tree search #10, logLikelihood: -42077.675914

[00:02:33] ML tree search completed, best tree logLH: -42077.675914

[00:02:33] Starting bootstrapping analysis with 100 replicates.

[00:02:48] Bootstrap tree #1, logLikelihood: -41672.992502
[00:03:03] Bootstrap tree #2, logLikelihood: -41538.178791
[00:03:19] Bootstrap tree #3, logLikelihood: -42825.261728
[00:03:36] Bootstrap tree #4, logLikelihood: -42134.562581
[00:03:53] Bootstrap tree #5, logLikelihood: -42156.165463
[00:04:06] Bootstrap tree #6, logLikelihood: -41986.254232
[00:04:22] Bootstrap tree #7, logLikelihood: -41978.820377
[00:04:37] Bootstrap tree #8, logLikelihood: -42498.830872
[00:04:57] Bootstrap tree #9, logLikelihood: -41384.198250
[00:05:16] Bootstrap tree #10, logLikelihood: -41495.142347
[00:05:33] Bootstrap tree #11, logLikelihood: -42531.982120
[00:05:48] Bootstrap tree #12, logLikelihood: -41998.823530
[00:06:03] Bootstrap tree #13, logLikelihood: -41415.583508
[00:06:19] Bootstrap tree #14, logLikelihood: -42058.684878
[00:06:34] Bootstrap tree #15, logLikelihood: -42544.638582
[00:06:50] Bootstrap tree #16, logLikelihood: -42501.423017
[00:07:10] Bootstrap tree #17, logLikelihood: -41293.639187
[00:07:26] Bootstrap tree #18, logLikelihood: -42075.689249
[00:07:40] Bootstrap tree #19, logLikelihood: -42695.900280
[00:07:55] Bootstrap tree #20, logLikelihood: -42822.089488
[00:08:09] Bootstrap tree #21, logLikelihood: -41962.396463
[00:08:26] Bootstrap tree #22, logLikelihood: -41541.136695
[00:08:42] Bootstrap tree #23, logLikelihood: -41842.512573
[00:08:58] Bootstrap tree #24, logLikelihood: -42118.901473
[00:09:14] Bootstrap tree #25, logLikelihood: -42256.734719
[00:09:32] Bootstrap tree #26, logLikelihood: -41910.983883
[00:09:45] Bootstrap tree #27, logLikelihood: -42071.526045
[00:10:05] Bootstrap tree #28, logLikelihood: -42021.885958
[00:10:24] Bootstrap tree #29, logLikelihood: -41715.018386
[00:10:38] Bootstrap tree #30, logLikelihood: -41765.160372
[00:10:52] Bootstrap tree #31, logLikelihood: -42250.242765
[00:11:09] Bootstrap tree #32, logLikelihood: -41553.453140
[00:11:24] Bootstrap tree #33, logLikelihood: -41566.573029
[00:11:39] Bootstrap tree #34, logLikelihood: -41926.201228
[00:11:55] Bootstrap tree #35, logLikelihood: -41973.661024
[00:12:14] Bootstrap tree #36, logLikelihood: -42851.737760
[00:12:28] Bootstrap tree #37, logLikelihood: -42108.069513
[00:12:46] Bootstrap tree #38, logLikelihood: -42506.303772
[00:13:02] Bootstrap tree #39, logLikelihood: -42246.331605
[00:13:21] Bootstrap tree #40, logLikelihood: -42200.343627
[00:13:42] Bootstrap tree #41, logLikelihood: -41824.863463
[00:13:58] Bootstrap tree #42, logLikelihood: -43465.305792
[00:14:12] Bootstrap tree #43, logLikelihood: -41899.737153
[00:14:29] Bootstrap tree #44, logLikelihood: -42124.437808
[00:14:47] Bootstrap tree #45, logLikelihood: -42263.499983
[00:15:04] Bootstrap tree #46, logLikelihood: -41558.157995
[00:15:19] Bootstrap tree #47, logLikelihood: -42286.641836
[00:15:35] Bootstrap tree #48, logLikelihood: -41638.659120
[00:15:49] Bootstrap tree #49, logLikelihood: -41276.208944
[00:16:05] Bootstrap tree #50, logLikelihood: -42502.653078
[00:16:22] Bootstrap tree #51, logLikelihood: -42405.386290
[00:16:39] Bootstrap tree #52, logLikelihood: -42247.138767
[00:16:55] Bootstrap tree #53, logLikelihood: -42002.371799
[00:17:09] Bootstrap tree #54, logLikelihood: -42709.166395
[00:17:24] Bootstrap tree #55, logLikelihood: -41737.633437
[00:17:40] Bootstrap tree #56, logLikelihood: -42053.360549
[00:17:54] Bootstrap tree #57, logLikelihood: -42280.248983
[00:18:11] Bootstrap tree #58, logLikelihood: -42585.184630
[00:18:27] Bootstrap tree #59, logLikelihood: -41741.453528
[00:18:44] Bootstrap tree #60, logLikelihood: -42499.607646
[00:19:04] Bootstrap tree #61, logLikelihood: -41483.994776
[00:19:21] Bootstrap tree #62, logLikelihood: -43110.402395
[00:19:36] Bootstrap tree #63, logLikelihood: -42655.072378
[00:19:58] Bootstrap tree #64, logLikelihood: -42341.807235
[00:20:13] Bootstrap tree #65, logLikelihood: -41762.460610
[00:20:31] Bootstrap tree #66, logLikelihood: -41915.201332
[00:20:46] Bootstrap tree #67, logLikelihood: -42126.313345
[00:21:01] Bootstrap tree #68, logLikelihood: -41828.589366
[00:21:20] Bootstrap tree #69, logLikelihood: -42875.146251
[00:21:39] Bootstrap tree #70, logLikelihood: -43654.149475
[00:21:56] Bootstrap tree #71, logLikelihood: -41519.043884
[00:22:11] Bootstrap tree #72, logLikelihood: -42965.093625
[00:22:25] Bootstrap tree #73, logLikelihood: -41505.868767
[00:22:44] Bootstrap tree #74, logLikelihood: -42814.449576
[00:22:59] Bootstrap tree #75, logLikelihood: -42632.274955
[00:23:15] Bootstrap tree #76, logLikelihood: -42559.249371
[00:23:31] Bootstrap tree #77, logLikelihood: -42851.665863
[00:23:51] Bootstrap tree #78, logLikelihood: -43083.978498
[00:24:14] Bootstrap tree #79, logLikelihood: -42257.028961
[00:24:31] Bootstrap tree #80, logLikelihood: -42161.250880
[00:24:46] Bootstrap tree #81, logLikelihood: -42829.659583
[00:25:02] Bootstrap tree #82, logLikelihood: -42605.591696
[00:25:17] Bootstrap tree #83, logLikelihood: -41925.699590
[00:25:32] Bootstrap tree #84, logLikelihood: -41422.680348
[00:25:46] Bootstrap tree #85, logLikelihood: -42542.823657
[00:26:01] Bootstrap tree #86, logLikelihood: -41830.166897
[00:26:21] Bootstrap tree #87, logLikelihood: -42311.854531
[00:26:40] Bootstrap tree #88, logLikelihood: -41658.503644
[00:26:59] Bootstrap tree #89, logLikelihood: -41412.603848
[00:27:17] Bootstrap tree #90, logLikelihood: -42489.231033
[00:27:36] Bootstrap tree #91, logLikelihood: -43099.021302
[00:27:53] Bootstrap tree #92, logLikelihood: -41783.427870
[00:28:12] Bootstrap tree #93, logLikelihood: -42559.566498
[00:28:28] Bootstrap tree #94, logLikelihood: -41888.135121
[00:28:47] Bootstrap tree #95, logLikelihood: -42163.904199
[00:29:04] Bootstrap tree #96, logLikelihood: -42108.501717
[00:29:21] Bootstrap tree #97, logLikelihood: -42285.074739
[00:29:36] Bootstrap tree #98, logLikelihood: -41539.101999
[00:29:53] Bootstrap tree #99, logLikelihood: -41846.055424
[00:30:10] Bootstrap tree #100, logLikelihood: -42249.726511

Optimized model parameters:

   Partition 0: noname
   Rate heterogeneity: GAMMA (4 cats, mean),  alpha: 0.335903 (ML),  weights&rates: (0.250000,0.008654) (0.250000,0.132562) (0.250000,0.651453) (0.250000,3.207331) 
   Base frequencies (ML): 0.262199 0.240458 0.254011 0.243332 
   Substitution rates (ML): 1.628067 4.601450 0.546312 1.045205 6.294365 1.000000 

Final LogLikelihood: -42077.675914

All ML trees saved to: /mnt/lustre/scratch/home/uvi/be/avs/cancer_genes_selection/genes/DICER1/tree/DICER1.raxml.mlTrees
Best ML tree saved to: /mnt/lustre/scratch/home/uvi/be/avs/cancer_genes_selection/genes/DICER1/tree/DICER1.raxml.bestTree
Best ML tree with bootstrap support values saved to: /mnt/lustre/scratch/home/uvi/be/avs/cancer_genes_selection/genes/DICER1/tree/DICER1.raxml.support
Optimized model saved to: /mnt/lustre/scratch/home/uvi/be/avs/cancer_genes_selection/genes/DICER1/tree/DICER1.raxml.bestModel
Bootstrap trees saved to: /mnt/lustre/scratch/home/uvi/be/avs/cancer_genes_selection/genes/DICER1/tree/DICER1.raxml.bootstraps

Execution log saved to: /mnt/lustre/scratch/home/uvi/be/avs/cancer_genes_selection/genes/DICER1/tree/DICER1.raxml.log

Analysis started: 21-Mar-2018 18:28:53 / finished: 21-Mar-2018 18:59:07

Elapsed time: 1814.006 seconds

