
RAxML-NG v. 0.5.1b BETA released on 01.12.2017 by The Exelixis Lab.
Authors: Alexey Kozlov, Alexandros Stamatakis, Diego Darriba, Tomas Flouri, Benoit Morel.
Latest version: https://github.com/amkozlov/raxml-ng
Questions/problems/suggestions? Please visit: https://groups.google.com/forum/#!forum/raxml

WARNING: This is a BETA release, please use at your own risk!

RAxML-NG was called as follows:

raxml-ng-mpi --all --msa /mnt/lustre/scratch/home/uvi/be/avs/cancer_genes_selection/genes/ETV6/align/ETV6_align_DNA_trimmed2.fasta --model GTR+G -tree pars{10} --bs-trees 100 --prefix /mnt/lustre/scratch/home/uvi/be/avs/cancer_genes_selection/genes/ETV6/tree/ETV6_trimmed --redo

Analysis options:
  run mode: ML tree search + bootstrapping
  start tree(s): parsimony (10)
  random seed: 1522091803
  tip-inner: ON
  pattern compression: ON
  per-rate scalers: OFF
  site repeats: OFF
  branch lengths: ML estimate (linked)
  SIMD kernels: AVX2
  parallelization: NONE/sequential

WARNING: Running in REDO mode: existing checkpoints are ignored, and all result files will be overwritten!

[00:00:01] Reading alignment from file: /mnt/lustre/scratch/home/uvi/be/avs/cancer_genes_selection/genes/ETV6/align/ETV6_align_DNA_trimmed2.fasta
[00:00:01] Loaded alignment with 26 taxa and 1359 sites

Alignment comprises 1 partitions and 484 patterns

Partition 0: noname
Model: GTR+FO+G4m
Alignment sites / patterns: 1359 / 484
Gaps: 3.54 %
Invariant sites: 60.78 %


[00:00:02] Generating parsimony starting tree(s) with 26 taxa
[00:00:02] Data distribution: partitions/thread: 1-1, patterns/thread: 484-484

Starting ML tree search with 10 distinct starting trees

[00:00:08] ML tree search #1, logLikelihood: -7797.720217
[00:00:16] ML tree search #2, logLikelihood: -7795.690600
[00:00:25] ML tree search #3, logLikelihood: -7795.416285
[00:00:35] ML tree search #4, logLikelihood: -7797.726859
[00:00:43] ML tree search #5, logLikelihood: -7797.720225
[00:00:50] ML tree search #6, logLikelihood: -7797.725473
[00:00:58] ML tree search #7, logLikelihood: -7795.690773
[00:01:05] ML tree search #8, logLikelihood: -7797.720295
[00:01:13] ML tree search #9, logLikelihood: -7797.720177
[00:01:20] ML tree search #10, logLikelihood: -7797.720462

[00:01:21] ML tree search completed, best tree logLH: -7795.416285

[00:01:21] Starting bootstrapping analysis with 100 replicates.

[00:01:31] Bootstrap tree #1, logLikelihood: -7626.757160
[00:01:40] Bootstrap tree #2, logLikelihood: -8005.031468
[00:01:51] Bootstrap tree #3, logLikelihood: -7899.891502
[00:02:00] Bootstrap tree #4, logLikelihood: -7920.116532
[00:02:10] Bootstrap tree #5, logLikelihood: -7701.531730
[00:02:18] Bootstrap tree #6, logLikelihood: -7704.850046
[00:02:29] Bootstrap tree #7, logLikelihood: -7932.714956
[00:02:40] Bootstrap tree #8, logLikelihood: -7881.610736
[00:02:48] Bootstrap tree #9, logLikelihood: -7664.629260
[00:02:56] Bootstrap tree #10, logLikelihood: -7638.163398
[00:03:06] Bootstrap tree #11, logLikelihood: -7715.603866
[00:03:15] Bootstrap tree #12, logLikelihood: -7727.324790
[00:03:27] Bootstrap tree #13, logLikelihood: -7540.543747
[00:03:37] Bootstrap tree #14, logLikelihood: -7662.299821
[00:03:46] Bootstrap tree #15, logLikelihood: -7790.907815
[00:03:54] Bootstrap tree #16, logLikelihood: -7931.850353
[00:04:03] Bootstrap tree #17, logLikelihood: -7896.276583
[00:04:12] Bootstrap tree #18, logLikelihood: -8090.014967
[00:04:23] Bootstrap tree #19, logLikelihood: -7483.305028
[00:04:31] Bootstrap tree #20, logLikelihood: -7915.706148
[00:04:39] Bootstrap tree #21, logLikelihood: -7821.736791
[00:04:47] Bootstrap tree #22, logLikelihood: -7888.072449
[00:04:55] Bootstrap tree #23, logLikelihood: -7468.014130
[00:05:03] Bootstrap tree #24, logLikelihood: -7905.861406
[00:05:11] Bootstrap tree #25, logLikelihood: -7655.586261
[00:05:19] Bootstrap tree #26, logLikelihood: -7504.144476
[00:05:30] Bootstrap tree #27, logLikelihood: -7642.677863
[00:05:42] Bootstrap tree #28, logLikelihood: -7726.135226
[00:05:52] Bootstrap tree #29, logLikelihood: -7858.713664
[00:06:01] Bootstrap tree #30, logLikelihood: -7427.074578
[00:06:10] Bootstrap tree #31, logLikelihood: -7973.666074
[00:06:17] Bootstrap tree #32, logLikelihood: -7884.102650
[00:06:26] Bootstrap tree #33, logLikelihood: -7585.135135
[00:06:32] Bootstrap tree #34, logLikelihood: -7884.117557
[00:06:41] Bootstrap tree #35, logLikelihood: -8143.937791
[00:06:51] Bootstrap tree #36, logLikelihood: -7339.570304
[00:07:00] Bootstrap tree #37, logLikelihood: -7869.498451
[00:07:11] Bootstrap tree #38, logLikelihood: -7673.295569
[00:07:21] Bootstrap tree #39, logLikelihood: -7460.424063
[00:07:33] Bootstrap tree #40, logLikelihood: -7657.494826
[00:07:44] Bootstrap tree #41, logLikelihood: -8000.574617
[00:07:54] Bootstrap tree #42, logLikelihood: -8353.133689
[00:08:03] Bootstrap tree #43, logLikelihood: -7662.417484
[00:08:14] Bootstrap tree #44, logLikelihood: -7470.233043
[00:08:23] Bootstrap tree #45, logLikelihood: -7953.537282
[00:08:33] Bootstrap tree #46, logLikelihood: -7705.630798
[00:08:43] Bootstrap tree #47, logLikelihood: -7806.394185
[00:08:52] Bootstrap tree #48, logLikelihood: -7653.644251
[00:09:04] Bootstrap tree #49, logLikelihood: -7811.717818
[00:09:13] Bootstrap tree #50, logLikelihood: -7682.035917
[00:09:23] Bootstrap tree #51, logLikelihood: -7881.236806
[00:09:36] Bootstrap tree #52, logLikelihood: -7413.785791
[00:09:47] Bootstrap tree #53, logLikelihood: -7859.268213
[00:09:56] Bootstrap tree #54, logLikelihood: -7633.624030
[00:10:06] Bootstrap tree #55, logLikelihood: -7959.783863
[00:10:16] Bootstrap tree #56, logLikelihood: -7988.900799
[00:10:26] Bootstrap tree #57, logLikelihood: -7708.610875
[00:10:38] Bootstrap tree #58, logLikelihood: -7577.977078
[00:10:48] Bootstrap tree #59, logLikelihood: -7934.073212
[00:10:58] Bootstrap tree #60, logLikelihood: -7706.742327
[00:11:08] Bootstrap tree #61, logLikelihood: -7570.348872
[00:11:18] Bootstrap tree #62, logLikelihood: -7823.839552
[00:11:28] Bootstrap tree #63, logLikelihood: -7554.376119
[00:11:36] Bootstrap tree #64, logLikelihood: -7847.235033
[00:11:46] Bootstrap tree #65, logLikelihood: -7859.055112
[00:11:58] Bootstrap tree #66, logLikelihood: -8021.691432
[00:12:10] Bootstrap tree #67, logLikelihood: -7517.505419
[00:12:20] Bootstrap tree #68, logLikelihood: -7742.937796
[00:12:33] Bootstrap tree #69, logLikelihood: -7630.032282
[00:12:47] Bootstrap tree #70, logLikelihood: -7851.569067
[00:12:59] Bootstrap tree #71, logLikelihood: -7861.117697
[00:13:11] Bootstrap tree #72, logLikelihood: -7363.346509
[00:13:27] Bootstrap tree #73, logLikelihood: -8012.736100
[00:13:40] Bootstrap tree #74, logLikelihood: -7760.731389
[00:13:53] Bootstrap tree #75, logLikelihood: -7769.013512
[00:14:05] Bootstrap tree #76, logLikelihood: -8118.768576
[00:14:17] Bootstrap tree #77, logLikelihood: -7952.774281
[00:14:32] Bootstrap tree #78, logLikelihood: -7740.872263
[00:14:44] Bootstrap tree #79, logLikelihood: -7587.130565
[00:14:56] Bootstrap tree #80, logLikelihood: -7530.286466
[00:15:08] Bootstrap tree #81, logLikelihood: -8008.848762
[00:15:19] Bootstrap tree #82, logLikelihood: -7662.370197
[00:15:30] Bootstrap tree #83, logLikelihood: -7672.966420
[00:15:42] Bootstrap tree #84, logLikelihood: -7927.217062
[00:15:59] Bootstrap tree #85, logLikelihood: -7946.908693
[00:16:11] Bootstrap tree #86, logLikelihood: -7828.869873
[00:16:24] Bootstrap tree #87, logLikelihood: -7557.347853
[00:16:37] Bootstrap tree #88, logLikelihood: -7664.936008
[00:16:48] Bootstrap tree #89, logLikelihood: -8018.729763
[00:17:01] Bootstrap tree #90, logLikelihood: -8013.514667
[00:17:14] Bootstrap tree #91, logLikelihood: -8024.619886
[00:17:27] Bootstrap tree #92, logLikelihood: -7516.351359
[00:17:44] Bootstrap tree #93, logLikelihood: -7967.046152
[00:17:57] Bootstrap tree #94, logLikelihood: -7861.855903
[00:18:09] Bootstrap tree #95, logLikelihood: -7985.150609
[00:18:23] Bootstrap tree #96, logLikelihood: -7809.993129
[00:18:35] Bootstrap tree #97, logLikelihood: -7764.772567
[00:18:49] Bootstrap tree #98, logLikelihood: -7959.750773
[00:19:01] Bootstrap tree #99, logLikelihood: -7527.905191
[00:19:16] Bootstrap tree #100, logLikelihood: -7939.523032

Optimized model parameters:

   Partition 0: noname
   Rate heterogeneity: GAMMA (4 cats, mean),  alpha: 0.299628 (ML),  weights&rates: (0.250000,0.005265) (0.250000,0.104206) (0.250000,0.595178) (0.250000,3.295352) 
   Base frequencies (ML): 0.242660 0.332181 0.244774 0.180385 
   Substitution rates (ML): 1.908305 5.610417 1.193396 1.642168 7.410921 1.000000 

Final LogLikelihood: -7795.416285

All ML trees saved to: /mnt/lustre/scratch/home/uvi/be/avs/cancer_genes_selection/genes/ETV6/tree/ETV6_trimmed.raxml.mlTrees
Best ML tree saved to: /mnt/lustre/scratch/home/uvi/be/avs/cancer_genes_selection/genes/ETV6/tree/ETV6_trimmed.raxml.bestTree
Best ML tree with bootstrap support values saved to: /mnt/lustre/scratch/home/uvi/be/avs/cancer_genes_selection/genes/ETV6/tree/ETV6_trimmed.raxml.support
Optimized model saved to: /mnt/lustre/scratch/home/uvi/be/avs/cancer_genes_selection/genes/ETV6/tree/ETV6_trimmed.raxml.bestModel
Bootstrap trees saved to: /mnt/lustre/scratch/home/uvi/be/avs/cancer_genes_selection/genes/ETV6/tree/ETV6_trimmed.raxml.bootstraps

Execution log saved to: /mnt/lustre/scratch/home/uvi/be/avs/cancer_genes_selection/genes/ETV6/tree/ETV6_trimmed.raxml.log

Analysis started: 26-Mar-2018 21:16:43 / finished: 26-Mar-2018 21:36:04

Elapsed time: 1160.479 seconds

