
RAxML-NG v. 0.5.1b BETA released on 01.12.2017 by The Exelixis Lab.
Authors: Alexey Kozlov, Alexandros Stamatakis, Diego Darriba, Tomas Flouri, Benoit Morel.
Latest version: https://github.com/amkozlov/raxml-ng
Questions/problems/suggestions? Please visit: https://groups.google.com/forum/#!forum/raxml

WARNING: This is a BETA release, please use at your own risk!

RAxML-NG was called as follows:

raxml-ng-mpi --all --msa /mnt/lustre/scratch/home/uvi/be/avs/cancer_genes_selection/genes/ELK4/align/ELK4_align_DNA_trimmed.fasta --model GTR+G -tree pars{10} --bs-trees 100 --prefix /mnt/lustre/scratch/home/uvi/be/avs/cancer_genes_selection/genes/ELK4/tree/ELK4 --redo

Analysis options:
  run mode: ML tree search + bootstrapping
  start tree(s): parsimony (10)
  random seed: 1521654240
  tip-inner: ON
  pattern compression: ON
  per-rate scalers: OFF
  site repeats: OFF
  branch lengths: ML estimate (linked)
  SIMD kernels: AVX2
  parallelization: NONE/sequential

WARNING: Running in REDO mode: existing checkpoints are ignored, and all result files will be overwritten!

[00:00:00] Reading alignment from file: /mnt/lustre/scratch/home/uvi/be/avs/cancer_genes_selection/genes/ELK4/align/ELK4_align_DNA_trimmed.fasta
[00:00:00] Loaded alignment with 28 taxa and 1299 sites

Alignment comprises 1 partitions and 740 patterns

Partition 0: noname
Model: GTR+FO+G4m
Alignment sites / patterns: 1299 / 740
Gaps: 2.90 %
Invariant sites: 35.87 %


[00:00:00] Generating parsimony starting tree(s) with 28 taxa
[00:00:01] Data distribution: partitions/thread: 1-1, patterns/thread: 740-740

Starting ML tree search with 10 distinct starting trees

[00:00:08] ML tree search #1, logLikelihood: -11642.959028
[00:00:15] ML tree search #2, logLikelihood: -11643.159797
[00:00:23] ML tree search #3, logLikelihood: -11643.104082
[00:00:30] ML tree search #4, logLikelihood: -11642.959255
[00:00:38] ML tree search #5, logLikelihood: -11643.173082
[00:00:47] ML tree search #6, logLikelihood: -11643.153043
[00:00:54] ML tree search #7, logLikelihood: -11642.985765
[00:01:03] ML tree search #8, logLikelihood: -11642.959713
[00:01:11] ML tree search #9, logLikelihood: -11642.960464
[00:01:19] ML tree search #10, logLikelihood: -11642.959394

[00:01:20] ML tree search completed, best tree logLH: -11642.959028

[00:01:20] Starting bootstrapping analysis with 100 replicates.

[00:01:27] Bootstrap tree #1, logLikelihood: -11603.592033
[00:01:34] Bootstrap tree #2, logLikelihood: -11536.075194
[00:01:40] Bootstrap tree #3, logLikelihood: -11583.595872
[00:01:48] Bootstrap tree #4, logLikelihood: -11953.075349
[00:01:55] Bootstrap tree #5, logLikelihood: -11382.018874
[00:02:00] Bootstrap tree #6, logLikelihood: -11697.188246
[00:02:08] Bootstrap tree #7, logLikelihood: -11281.110598
[00:02:15] Bootstrap tree #8, logLikelihood: -11156.028631
[00:02:24] Bootstrap tree #9, logLikelihood: -11449.272803
[00:02:30] Bootstrap tree #10, logLikelihood: -11755.059012
[00:02:37] Bootstrap tree #11, logLikelihood: -11828.274130
[00:02:43] Bootstrap tree #12, logLikelihood: -11508.672211
[00:02:50] Bootstrap tree #13, logLikelihood: -12022.968481
[00:02:57] Bootstrap tree #14, logLikelihood: -11588.585750
[00:03:04] Bootstrap tree #15, logLikelihood: -11997.422685
[00:03:11] Bootstrap tree #16, logLikelihood: -11188.360693
[00:03:20] Bootstrap tree #17, logLikelihood: -11645.128787
[00:03:29] Bootstrap tree #18, logLikelihood: -11647.037660
[00:03:36] Bootstrap tree #19, logLikelihood: -11605.089828
[00:03:44] Bootstrap tree #20, logLikelihood: -11505.482796
[00:03:52] Bootstrap tree #21, logLikelihood: -11434.254011
[00:03:59] Bootstrap tree #22, logLikelihood: -11539.439465
[00:04:06] Bootstrap tree #23, logLikelihood: -11449.739604
[00:04:15] Bootstrap tree #24, logLikelihood: -11495.456411
[00:04:22] Bootstrap tree #25, logLikelihood: -11607.718296
[00:04:29] Bootstrap tree #26, logLikelihood: -11508.788779
[00:04:36] Bootstrap tree #27, logLikelihood: -11122.674841
[00:04:43] Bootstrap tree #28, logLikelihood: -11477.909010
[00:04:51] Bootstrap tree #29, logLikelihood: -12310.457198
[00:05:00] Bootstrap tree #30, logLikelihood: -11237.018045
[00:05:07] Bootstrap tree #31, logLikelihood: -11421.696970
[00:05:14] Bootstrap tree #32, logLikelihood: -11736.602695
[00:05:22] Bootstrap tree #33, logLikelihood: -11299.909521
[00:05:31] Bootstrap tree #34, logLikelihood: -11525.458691
[00:05:37] Bootstrap tree #35, logLikelihood: -11658.355939
[00:05:45] Bootstrap tree #36, logLikelihood: -11206.446554
[00:05:52] Bootstrap tree #37, logLikelihood: -11728.744170
[00:06:01] Bootstrap tree #38, logLikelihood: -11434.256915
[00:06:09] Bootstrap tree #39, logLikelihood: -11628.387630
[00:06:19] Bootstrap tree #40, logLikelihood: -11198.056928
[00:06:27] Bootstrap tree #41, logLikelihood: -11083.381513
[00:06:35] Bootstrap tree #42, logLikelihood: -11643.010935
[00:06:43] Bootstrap tree #43, logLikelihood: -11588.703154
[00:06:53] Bootstrap tree #44, logLikelihood: -11959.240397
[00:07:01] Bootstrap tree #45, logLikelihood: -11904.875529
[00:07:10] Bootstrap tree #46, logLikelihood: -11657.996523
[00:07:18] Bootstrap tree #47, logLikelihood: -11329.989391
[00:07:28] Bootstrap tree #48, logLikelihood: -11462.499558
[00:07:37] Bootstrap tree #49, logLikelihood: -11837.400570
[00:07:44] Bootstrap tree #50, logLikelihood: -11702.062617
[00:07:52] Bootstrap tree #51, logLikelihood: -11866.976620
[00:07:59] Bootstrap tree #52, logLikelihood: -11352.226245
[00:08:08] Bootstrap tree #53, logLikelihood: -11309.217530
[00:08:16] Bootstrap tree #54, logLikelihood: -12005.692775
[00:08:23] Bootstrap tree #55, logLikelihood: -11149.847371
[00:08:33] Bootstrap tree #56, logLikelihood: -11663.858371
[00:08:46] Bootstrap tree #57, logLikelihood: -11566.588685
[00:09:02] Bootstrap tree #58, logLikelihood: -11453.984514
[00:09:13] Bootstrap tree #59, logLikelihood: -11835.279086
[00:09:20] Bootstrap tree #60, logLikelihood: -11596.420755
[00:09:29] Bootstrap tree #61, logLikelihood: -11537.451170
[00:09:37] Bootstrap tree #62, logLikelihood: -11499.147262
[00:09:45] Bootstrap tree #63, logLikelihood: -11564.307847
[00:09:54] Bootstrap tree #64, logLikelihood: -11207.330436
[00:10:02] Bootstrap tree #65, logLikelihood: -11928.050787
[00:10:09] Bootstrap tree #66, logLikelihood: -11623.512669
[00:10:17] Bootstrap tree #67, logLikelihood: -11939.398832
[00:10:26] Bootstrap tree #68, logLikelihood: -11759.073971
[00:10:34] Bootstrap tree #69, logLikelihood: -11606.974305
[00:10:43] Bootstrap tree #70, logLikelihood: -12291.463520
[00:10:51] Bootstrap tree #71, logLikelihood: -11840.373578
[00:11:00] Bootstrap tree #72, logLikelihood: -11444.700704
[00:11:08] Bootstrap tree #73, logLikelihood: -11469.392758
[00:11:18] Bootstrap tree #74, logLikelihood: -11284.912286
[00:11:27] Bootstrap tree #75, logLikelihood: -11139.489976
[00:11:37] Bootstrap tree #76, logLikelihood: -11409.902952
[00:11:46] Bootstrap tree #77, logLikelihood: -11492.266238
[00:11:54] Bootstrap tree #78, logLikelihood: -11369.419177
[00:12:02] Bootstrap tree #79, logLikelihood: -11309.958119
[00:12:11] Bootstrap tree #80, logLikelihood: -11362.469599
[00:12:20] Bootstrap tree #81, logLikelihood: -11369.204879
[00:12:30] Bootstrap tree #82, logLikelihood: -11410.797334
[00:12:38] Bootstrap tree #83, logLikelihood: -12140.096607
[00:12:48] Bootstrap tree #84, logLikelihood: -11748.804688
[00:12:57] Bootstrap tree #85, logLikelihood: -11884.645826
[00:13:06] Bootstrap tree #86, logLikelihood: -11676.072481
[00:13:13] Bootstrap tree #87, logLikelihood: -11514.528821
[00:13:24] Bootstrap tree #88, logLikelihood: -11791.441830
[00:13:34] Bootstrap tree #89, logLikelihood: -11472.486149
[00:13:42] Bootstrap tree #90, logLikelihood: -11321.400278
[00:13:50] Bootstrap tree #91, logLikelihood: -11565.597239
[00:13:59] Bootstrap tree #92, logLikelihood: -11476.659109
[00:14:07] Bootstrap tree #93, logLikelihood: -11859.732992
[00:14:15] Bootstrap tree #94, logLikelihood: -11476.446032
[00:14:23] Bootstrap tree #95, logLikelihood: -11636.235748
[00:14:31] Bootstrap tree #96, logLikelihood: -11402.966002
[00:14:39] Bootstrap tree #97, logLikelihood: -11514.016782
[00:14:46] Bootstrap tree #98, logLikelihood: -11578.001554
[00:14:55] Bootstrap tree #99, logLikelihood: -11833.899607
[00:15:04] Bootstrap tree #100, logLikelihood: -12008.278140

Optimized model parameters:

   Partition 0: noname
   Rate heterogeneity: GAMMA (4 cats, mean),  alpha: 0.462813 (ML),  weights&rates: (0.250000,0.026720) (0.250000,0.226947) (0.250000,0.791203) (0.250000,2.955129) 
   Base frequencies (ML): 0.217355 0.331906 0.245398 0.205342 
   Substitution rates (ML): 0.855902 4.482329 0.798914 0.870444 3.648444 1.000000 

Final LogLikelihood: -11642.959028

All ML trees saved to: /mnt/lustre/scratch/home/uvi/be/avs/cancer_genes_selection/genes/ELK4/tree/ELK4.raxml.mlTrees
Best ML tree saved to: /mnt/lustre/scratch/home/uvi/be/avs/cancer_genes_selection/genes/ELK4/tree/ELK4.raxml.bestTree
Best ML tree with bootstrap support values saved to: /mnt/lustre/scratch/home/uvi/be/avs/cancer_genes_selection/genes/ELK4/tree/ELK4.raxml.support
Optimized model saved to: /mnt/lustre/scratch/home/uvi/be/avs/cancer_genes_selection/genes/ELK4/tree/ELK4.raxml.bestModel
Bootstrap trees saved to: /mnt/lustre/scratch/home/uvi/be/avs/cancer_genes_selection/genes/ELK4/tree/ELK4.raxml.bootstraps

Execution log saved to: /mnt/lustre/scratch/home/uvi/be/avs/cancer_genes_selection/genes/ELK4/tree/ELK4.raxml.log

Analysis started: 21-Mar-2018 18:43:59 / finished: 21-Mar-2018 18:59:07

Elapsed time: 907.962 seconds

