
RAxML-NG v. 0.5.1b BETA released on 01.12.2017 by The Exelixis Lab.
Authors: Alexey Kozlov, Alexandros Stamatakis, Diego Darriba, Tomas Flouri, Benoit Morel.
Latest version: https://github.com/amkozlov/raxml-ng
Questions/problems/suggestions? Please visit: https://groups.google.com/forum/#!forum/raxml

WARNING: This is a BETA release, please use at your own risk!

RAxML-NG was called as follows:

raxml-ng-mpi --all --msa /mnt/lustre/scratch/home/uvi/be/avs/cancer_genes_selection/genes/PTPRC/align/PTPRC_align_DNA_trimmed.fasta --model GTR+G -tree pars{10} --bs-trees 100 --prefix /mnt/lustre/scratch/home/uvi/be/avs/cancer_genes_selection/genes/PTPRC/tree/PTPRC --redo

Analysis options:
  run mode: ML tree search + bootstrapping
  start tree(s): parsimony (10)
  random seed: 1521667684
  tip-inner: ON
  pattern compression: ON
  per-rate scalers: OFF
  site repeats: OFF
  branch lengths: ML estimate (linked)
  SIMD kernels: AVX2
  parallelization: NONE/sequential

WARNING: Running in REDO mode: existing checkpoints are ignored, and all result files will be overwritten!

[00:00:00] Reading alignment from file: /mnt/lustre/scratch/home/uvi/be/avs/cancer_genes_selection/genes/PTPRC/align/PTPRC_align_DNA_trimmed.fasta
[00:00:00] Loaded alignment with 12 taxa and 3903 sites

Alignment comprises 1 partitions and 2117 patterns

Partition 0: noname
Model: GTR+FO+G4m
Alignment sites / patterns: 3903 / 2117
Gaps: 5.10 %
Invariant sites: 36.79 %


[00:00:00] Generating parsimony starting tree(s) with 12 taxa
[00:00:01] Data distribution: partitions/thread: 1-1, patterns/thread: 2117-2117

Starting ML tree search with 10 distinct starting trees

[00:00:06] ML tree search #1, logLikelihood: -30751.794946
[00:00:11] ML tree search #2, logLikelihood: -30751.794869
[00:00:17] ML tree search #3, logLikelihood: -30751.794819
[00:00:23] ML tree search #4, logLikelihood: -30751.794825
[00:00:29] ML tree search #5, logLikelihood: -30751.795801
[00:00:35] ML tree search #6, logLikelihood: -30751.794823
[00:00:41] ML tree search #7, logLikelihood: -30751.794448
[00:00:47] ML tree search #8, logLikelihood: -30751.794240
[00:00:52] ML tree search #9, logLikelihood: -30751.794659
[00:00:58] ML tree search #10, logLikelihood: -30751.793446

[00:00:58] ML tree search completed, best tree logLH: -30751.793446

[00:00:58] Starting bootstrapping analysis with 100 replicates.

[00:01:04] Bootstrap tree #1, logLikelihood: -30684.158868
[00:01:11] Bootstrap tree #2, logLikelihood: -30969.545571
[00:01:16] Bootstrap tree #3, logLikelihood: -30758.708471
[00:01:21] Bootstrap tree #4, logLikelihood: -30196.964959
[00:01:26] Bootstrap tree #5, logLikelihood: -30370.303271
[00:01:32] Bootstrap tree #6, logLikelihood: -30401.257111
[00:01:37] Bootstrap tree #7, logLikelihood: -30372.184706
[00:01:44] Bootstrap tree #8, logLikelihood: -30663.333633
[00:01:49] Bootstrap tree #9, logLikelihood: -30596.891455
[00:01:55] Bootstrap tree #10, logLikelihood: -30958.301079
[00:02:02] Bootstrap tree #11, logLikelihood: -30917.654375
[00:02:08] Bootstrap tree #12, logLikelihood: -30823.694769
[00:02:13] Bootstrap tree #13, logLikelihood: -31040.574075
[00:02:18] Bootstrap tree #14, logLikelihood: -30139.822148
[00:02:23] Bootstrap tree #15, logLikelihood: -30571.018993
[00:02:29] Bootstrap tree #16, logLikelihood: -30744.536738
[00:02:36] Bootstrap tree #17, logLikelihood: -31138.244373
[00:02:41] Bootstrap tree #18, logLikelihood: -30996.166821
[00:02:46] Bootstrap tree #19, logLikelihood: -30347.260150
[00:02:51] Bootstrap tree #20, logLikelihood: -30746.106172
[00:02:58] Bootstrap tree #21, logLikelihood: -31038.775844
[00:03:02] Bootstrap tree #22, logLikelihood: -30434.930712
[00:03:08] Bootstrap tree #23, logLikelihood: -30623.743514
[00:03:13] Bootstrap tree #24, logLikelihood: -31321.326137
[00:03:19] Bootstrap tree #25, logLikelihood: -31400.630066
[00:03:24] Bootstrap tree #26, logLikelihood: -30430.031474
[00:03:29] Bootstrap tree #27, logLikelihood: -30563.856055
[00:03:35] Bootstrap tree #28, logLikelihood: -30822.762652
[00:03:40] Bootstrap tree #29, logLikelihood: -30249.799295
[00:03:48] Bootstrap tree #30, logLikelihood: -30770.253067
[00:03:53] Bootstrap tree #31, logLikelihood: -30638.366425
[00:03:57] Bootstrap tree #32, logLikelihood: -30794.598657
[00:04:03] Bootstrap tree #33, logLikelihood: -31042.706551
[00:04:09] Bootstrap tree #34, logLikelihood: -30277.445005
[00:04:14] Bootstrap tree #35, logLikelihood: -30966.216466
[00:04:19] Bootstrap tree #36, logLikelihood: -30639.615981
[00:04:25] Bootstrap tree #37, logLikelihood: -30280.729586
[00:04:30] Bootstrap tree #38, logLikelihood: -30312.791222
[00:04:35] Bootstrap tree #39, logLikelihood: -30319.895019
[00:04:41] Bootstrap tree #40, logLikelihood: -30892.829021
[00:04:45] Bootstrap tree #41, logLikelihood: -31179.209191
[00:04:51] Bootstrap tree #42, logLikelihood: -31303.576179
[00:04:56] Bootstrap tree #43, logLikelihood: -30968.333104
[00:05:01] Bootstrap tree #44, logLikelihood: -31113.719284
[00:05:06] Bootstrap tree #45, logLikelihood: -30295.773596
[00:05:12] Bootstrap tree #46, logLikelihood: -30438.764337
[00:05:17] Bootstrap tree #47, logLikelihood: -30968.638848
[00:05:23] Bootstrap tree #48, logLikelihood: -30625.608687
[00:05:27] Bootstrap tree #49, logLikelihood: -30565.545773
[00:05:32] Bootstrap tree #50, logLikelihood: -30715.616124
[00:05:38] Bootstrap tree #51, logLikelihood: -31147.681440
[00:05:48] Bootstrap tree #52, logLikelihood: -31109.620042
[00:05:53] Bootstrap tree #53, logLikelihood: -30524.848381
[00:06:00] Bootstrap tree #54, logLikelihood: -30941.892213
[00:06:04] Bootstrap tree #55, logLikelihood: -30489.389390
[00:06:11] Bootstrap tree #56, logLikelihood: -30543.042585
[00:06:18] Bootstrap tree #57, logLikelihood: -30772.640551
[00:06:24] Bootstrap tree #58, logLikelihood: -30602.986367
[00:06:29] Bootstrap tree #59, logLikelihood: -30695.090319
[00:06:34] Bootstrap tree #60, logLikelihood: -30505.346961
[00:06:41] Bootstrap tree #61, logLikelihood: -30845.507104
[00:06:46] Bootstrap tree #62, logLikelihood: -30267.502807
[00:06:51] Bootstrap tree #63, logLikelihood: -31333.271891
[00:06:57] Bootstrap tree #64, logLikelihood: -30831.770905
[00:07:03] Bootstrap tree #65, logLikelihood: -31274.893857
[00:07:12] Bootstrap tree #66, logLikelihood: -30680.319183
[00:07:17] Bootstrap tree #67, logLikelihood: -31417.556584
[00:07:23] Bootstrap tree #68, logLikelihood: -30936.994723
[00:07:28] Bootstrap tree #69, logLikelihood: -30630.372005
[00:07:34] Bootstrap tree #70, logLikelihood: -30039.262958
[00:07:40] Bootstrap tree #71, logLikelihood: -30659.114363
[00:07:46] Bootstrap tree #72, logLikelihood: -30761.448788
[00:07:52] Bootstrap tree #73, logLikelihood: -30739.036983
[00:07:59] Bootstrap tree #74, logLikelihood: -30524.121301
[00:08:05] Bootstrap tree #75, logLikelihood: -30570.147127
[00:08:18] Bootstrap tree #76, logLikelihood: -30316.872316
[00:08:36] Bootstrap tree #77, logLikelihood: -31165.981009
[00:08:52] Bootstrap tree #78, logLikelihood: -30477.965901
[00:09:00] Bootstrap tree #79, logLikelihood: -30627.620252
[00:09:06] Bootstrap tree #80, logLikelihood: -29888.535084
[00:09:12] Bootstrap tree #81, logLikelihood: -30835.141860
[00:09:17] Bootstrap tree #82, logLikelihood: -30686.824906
[00:09:25] Bootstrap tree #83, logLikelihood: -30736.373111
[00:09:31] Bootstrap tree #84, logLikelihood: -30198.796345
[00:09:36] Bootstrap tree #85, logLikelihood: -31126.578899
[00:09:42] Bootstrap tree #86, logLikelihood: -30937.001252
[00:09:47] Bootstrap tree #87, logLikelihood: -30487.540965
[00:09:52] Bootstrap tree #88, logLikelihood: -31320.236240
[00:09:58] Bootstrap tree #89, logLikelihood: -30571.614334
[00:10:03] Bootstrap tree #90, logLikelihood: -30157.736868
[00:10:09] Bootstrap tree #91, logLikelihood: -30920.607459
[00:10:15] Bootstrap tree #92, logLikelihood: -30312.287180
[00:10:21] Bootstrap tree #93, logLikelihood: -30996.522115
[00:10:27] Bootstrap tree #94, logLikelihood: -30342.038565
[00:10:33] Bootstrap tree #95, logLikelihood: -31107.872409
[00:10:39] Bootstrap tree #96, logLikelihood: -30838.598473
[00:10:46] Bootstrap tree #97, logLikelihood: -30847.090178
[00:10:53] Bootstrap tree #98, logLikelihood: -30702.891320
[00:10:59] Bootstrap tree #99, logLikelihood: -30391.576131
[00:11:06] Bootstrap tree #100, logLikelihood: -30969.458272

Optimized model parameters:

   Partition 0: noname
   Rate heterogeneity: GAMMA (4 cats, mean),  alpha: 0.589082 (ML),  weights&rates: (0.250000,0.050864) (0.250000,0.306149) (0.250000,0.875645) (0.250000,2.767342) 
   Base frequencies (ML): 0.310473 0.229374 0.214135 0.246018 
   Substitution rates (ML): 1.781940 3.285125 0.925894 1.037793 3.824668 1.000000 

Final LogLikelihood: -30751.793446

All ML trees saved to: /mnt/lustre/scratch/home/uvi/be/avs/cancer_genes_selection/genes/PTPRC/tree/PTPRC.raxml.mlTrees
Best ML tree saved to: /mnt/lustre/scratch/home/uvi/be/avs/cancer_genes_selection/genes/PTPRC/tree/PTPRC.raxml.bestTree
Best ML tree with bootstrap support values saved to: /mnt/lustre/scratch/home/uvi/be/avs/cancer_genes_selection/genes/PTPRC/tree/PTPRC.raxml.support
Optimized model saved to: /mnt/lustre/scratch/home/uvi/be/avs/cancer_genes_selection/genes/PTPRC/tree/PTPRC.raxml.bestModel
Bootstrap trees saved to: /mnt/lustre/scratch/home/uvi/be/avs/cancer_genes_selection/genes/PTPRC/tree/PTPRC.raxml.bootstraps

Execution log saved to: /mnt/lustre/scratch/home/uvi/be/avs/cancer_genes_selection/genes/PTPRC/tree/PTPRC.raxml.log

Analysis started: 21-Mar-2018 22:28:04 / finished: 21-Mar-2018 22:39:13

Elapsed time: 669.169 seconds

