
RAxML-NG v. 0.5.1b BETA released on 01.12.2017 by The Exelixis Lab.
Authors: Alexey Kozlov, Alexandros Stamatakis, Diego Darriba, Tomas Flouri, Benoit Morel.
Latest version: https://github.com/amkozlov/raxml-ng
Questions/problems/suggestions? Please visit: https://groups.google.com/forum/#!forum/raxml

WARNING: This is a BETA release, please use at your own risk!

RAxML-NG was called as follows:

raxml-ng-mpi --all --msa /mnt/lustre/scratch/home/uvi/be/avs/cancer_genes_selection/genes/PTPRC/align/PTPRC_align_DNA_trimmed2.fasta --model GTR+G -tree pars{10} --bs-trees 100 --prefix /mnt/lustre/scratch/home/uvi/be/avs/cancer_genes_selection/genes/PTPRC/tree/PTPRC_trimmed --redo

Analysis options:
  run mode: ML tree search + bootstrapping
  start tree(s): parsimony (10)
  random seed: 1522102667
  tip-inner: ON
  pattern compression: ON
  per-rate scalers: OFF
  site repeats: OFF
  branch lengths: ML estimate (linked)
  SIMD kernels: AVX2
  parallelization: NONE/sequential

WARNING: Running in REDO mode: existing checkpoints are ignored, and all result files will be overwritten!

[00:00:00] Reading alignment from file: /mnt/lustre/scratch/home/uvi/be/avs/cancer_genes_selection/genes/PTPRC/align/PTPRC_align_DNA_trimmed2.fasta
[00:00:01] Loaded alignment with 12 taxa and 3903 sites

Alignment comprises 1 partitions and 2117 patterns

Partition 0: noname
Model: GTR+FO+G4m
Alignment sites / patterns: 3903 / 2117
Gaps: 5.10 %
Invariant sites: 36.79 %


[00:00:01] Generating parsimony starting tree(s) with 12 taxa
[00:00:01] Data distribution: partitions/thread: 1-1, patterns/thread: 2117-2117

Starting ML tree search with 10 distinct starting trees

[00:00:07] ML tree search #1, logLikelihood: -30751.793419
[00:00:14] ML tree search #2, logLikelihood: -30751.794597
[00:00:20] ML tree search #3, logLikelihood: -30751.795186
[00:00:26] ML tree search #4, logLikelihood: -30751.795052
[00:00:33] ML tree search #5, logLikelihood: -30751.794293
[00:00:40] ML tree search #6, logLikelihood: -30751.792930
[00:00:46] ML tree search #7, logLikelihood: -30751.793302
[00:00:52] ML tree search #8, logLikelihood: -30751.795149
[00:01:00] ML tree search #9, logLikelihood: -30751.797291
[00:01:06] ML tree search #10, logLikelihood: -30751.793411

[00:01:07] ML tree search completed, best tree logLH: -30751.792930

[00:01:07] Starting bootstrapping analysis with 100 replicates.

[00:01:14] Bootstrap tree #1, logLikelihood: -30907.704657
[00:01:20] Bootstrap tree #2, logLikelihood: -30476.073625
[00:01:27] Bootstrap tree #3, logLikelihood: -30509.464554
[00:01:34] Bootstrap tree #4, logLikelihood: -31337.879111
[00:01:40] Bootstrap tree #5, logLikelihood: -31144.053927
[00:01:47] Bootstrap tree #6, logLikelihood: -30873.660030
[00:01:53] Bootstrap tree #7, logLikelihood: -30891.826575
[00:02:01] Bootstrap tree #8, logLikelihood: -31084.413107
[00:02:07] Bootstrap tree #9, logLikelihood: -30420.034934
[00:02:14] Bootstrap tree #10, logLikelihood: -30860.172718
[00:02:21] Bootstrap tree #11, logLikelihood: -30943.033906
[00:02:27] Bootstrap tree #12, logLikelihood: -30821.549558
[00:02:34] Bootstrap tree #13, logLikelihood: -31017.214597
[00:02:42] Bootstrap tree #14, logLikelihood: -30244.774677
[00:02:47] Bootstrap tree #15, logLikelihood: -30389.598078
[00:02:53] Bootstrap tree #16, logLikelihood: -30676.159919
[00:02:59] Bootstrap tree #17, logLikelihood: -30475.165438
[00:03:05] Bootstrap tree #18, logLikelihood: -30499.888690
[00:03:12] Bootstrap tree #19, logLikelihood: -31447.815326
[00:03:18] Bootstrap tree #20, logLikelihood: -30651.232223
[00:03:25] Bootstrap tree #21, logLikelihood: -30557.163191
[00:03:32] Bootstrap tree #22, logLikelihood: -31057.442541
[00:03:37] Bootstrap tree #23, logLikelihood: -31003.586368
[00:03:44] Bootstrap tree #24, logLikelihood: -30928.738808
[00:03:50] Bootstrap tree #25, logLikelihood: -30208.655269
[00:03:59] Bootstrap tree #26, logLikelihood: -31114.670269
[00:04:08] Bootstrap tree #27, logLikelihood: -30736.964049
[00:04:15] Bootstrap tree #28, logLikelihood: -30694.384587
[00:04:24] Bootstrap tree #29, logLikelihood: -30964.353115
[00:04:32] Bootstrap tree #30, logLikelihood: -31127.531244
[00:04:39] Bootstrap tree #31, logLikelihood: -30226.680041
[00:04:46] Bootstrap tree #32, logLikelihood: -31096.121036
[00:04:53] Bootstrap tree #33, logLikelihood: -31175.544812
[00:04:59] Bootstrap tree #34, logLikelihood: -30872.583440
[00:05:05] Bootstrap tree #35, logLikelihood: -30957.992499
[00:05:16] Bootstrap tree #36, logLikelihood: -30128.081777
[00:05:26] Bootstrap tree #37, logLikelihood: -31187.584201
[00:05:37] Bootstrap tree #38, logLikelihood: -31034.610902
[00:05:45] Bootstrap tree #39, logLikelihood: -30276.797910
[00:05:52] Bootstrap tree #40, logLikelihood: -30967.708116
[00:05:58] Bootstrap tree #41, logLikelihood: -30348.592152
[00:06:06] Bootstrap tree #42, logLikelihood: -30258.222160
[00:06:14] Bootstrap tree #43, logLikelihood: -30226.695215
[00:06:20] Bootstrap tree #44, logLikelihood: -30998.358588
[00:06:26] Bootstrap tree #45, logLikelihood: -30992.343091
[00:06:33] Bootstrap tree #46, logLikelihood: -30754.792142
[00:06:42] Bootstrap tree #47, logLikelihood: -30784.247974
[00:06:51] Bootstrap tree #48, logLikelihood: -30840.048782
[00:06:57] Bootstrap tree #49, logLikelihood: -30972.239356
[00:07:04] Bootstrap tree #50, logLikelihood: -31023.807714
[00:07:11] Bootstrap tree #51, logLikelihood: -30341.602309
[00:07:17] Bootstrap tree #52, logLikelihood: -31218.086957
[00:07:24] Bootstrap tree #53, logLikelihood: -30931.115007
[00:07:32] Bootstrap tree #54, logLikelihood: -30310.504040
[00:07:38] Bootstrap tree #55, logLikelihood: -30513.012536
[00:07:44] Bootstrap tree #56, logLikelihood: -30347.201358
[00:07:52] Bootstrap tree #57, logLikelihood: -30605.195500
[00:07:58] Bootstrap tree #58, logLikelihood: -30898.399023
[00:08:05] Bootstrap tree #59, logLikelihood: -30704.109779
[00:08:13] Bootstrap tree #60, logLikelihood: -30860.249510
[00:08:19] Bootstrap tree #61, logLikelihood: -30378.205120
[00:08:25] Bootstrap tree #62, logLikelihood: -30772.369937
[00:08:32] Bootstrap tree #63, logLikelihood: -30586.814107
[00:08:38] Bootstrap tree #64, logLikelihood: -30194.553945
[00:08:45] Bootstrap tree #65, logLikelihood: -30868.081414
[00:08:51] Bootstrap tree #66, logLikelihood: -29911.065926
[00:08:58] Bootstrap tree #67, logLikelihood: -31186.739388
[00:09:04] Bootstrap tree #68, logLikelihood: -30848.239840
[00:09:12] Bootstrap tree #69, logLikelihood: -30981.773296
[00:09:21] Bootstrap tree #70, logLikelihood: -30734.694810
[00:09:28] Bootstrap tree #71, logLikelihood: -30838.201703
[00:09:35] Bootstrap tree #72, logLikelihood: -30642.142883
[00:09:42] Bootstrap tree #73, logLikelihood: -30968.003796
[00:09:50] Bootstrap tree #74, logLikelihood: -30970.554301
[00:09:57] Bootstrap tree #75, logLikelihood: -31043.201293
[00:10:04] Bootstrap tree #76, logLikelihood: -30274.081631
[00:10:12] Bootstrap tree #77, logLikelihood: -30192.167900
[00:10:20] Bootstrap tree #78, logLikelihood: -31063.199405
[00:10:27] Bootstrap tree #79, logLikelihood: -30934.758433
[00:10:34] Bootstrap tree #80, logLikelihood: -30461.834494
[00:10:43] Bootstrap tree #81, logLikelihood: -30540.150112
[00:10:50] Bootstrap tree #82, logLikelihood: -30834.265862
[00:10:57] Bootstrap tree #83, logLikelihood: -30552.586844
[00:11:05] Bootstrap tree #84, logLikelihood: -30451.486278
[00:11:11] Bootstrap tree #85, logLikelihood: -31409.576927
[00:11:18] Bootstrap tree #86, logLikelihood: -30603.980847
[00:11:27] Bootstrap tree #87, logLikelihood: -30483.678648
[00:11:33] Bootstrap tree #88, logLikelihood: -30572.557938
[00:11:40] Bootstrap tree #89, logLikelihood: -30657.497258
[00:11:49] Bootstrap tree #90, logLikelihood: -30907.768459
[00:11:56] Bootstrap tree #91, logLikelihood: -30611.574786
[00:12:02] Bootstrap tree #92, logLikelihood: -30645.187538
[00:12:10] Bootstrap tree #93, logLikelihood: -31561.056662
[00:12:18] Bootstrap tree #94, logLikelihood: -30656.009274
[00:12:24] Bootstrap tree #95, logLikelihood: -30668.171657
[00:12:32] Bootstrap tree #96, logLikelihood: -31134.357005
[00:12:39] Bootstrap tree #97, logLikelihood: -30683.796592
[00:12:46] Bootstrap tree #98, logLikelihood: -31554.931612
[00:12:52] Bootstrap tree #99, logLikelihood: -30422.613875
[00:13:00] Bootstrap tree #100, logLikelihood: -30832.089412

Optimized model parameters:

   Partition 0: noname
   Rate heterogeneity: GAMMA (4 cats, mean),  alpha: 0.590501 (ML),  weights&rates: (0.250000,0.051155) (0.250000,0.306951) (0.250000,0.876395) (0.250000,2.765499) 
   Base frequencies (ML): 0.327060 0.231480 0.210666 0.230795 
   Substitution rates (ML): 1.724345 3.715433 0.955298 1.194770 4.387310 1.000000 

Final LogLikelihood: -30751.792930

All ML trees saved to: /mnt/lustre/scratch/home/uvi/be/avs/cancer_genes_selection/genes/PTPRC/tree/PTPRC_trimmed.raxml.mlTrees
Best ML tree saved to: /mnt/lustre/scratch/home/uvi/be/avs/cancer_genes_selection/genes/PTPRC/tree/PTPRC_trimmed.raxml.bestTree
Best ML tree with bootstrap support values saved to: /mnt/lustre/scratch/home/uvi/be/avs/cancer_genes_selection/genes/PTPRC/tree/PTPRC_trimmed.raxml.support
Optimized model saved to: /mnt/lustre/scratch/home/uvi/be/avs/cancer_genes_selection/genes/PTPRC/tree/PTPRC_trimmed.raxml.bestModel
Bootstrap trees saved to: /mnt/lustre/scratch/home/uvi/be/avs/cancer_genes_selection/genes/PTPRC/tree/PTPRC_trimmed.raxml.bootstraps

Execution log saved to: /mnt/lustre/scratch/home/uvi/be/avs/cancer_genes_selection/genes/PTPRC/tree/PTPRC_trimmed.raxml.log

Analysis started: 27-Mar-2018 00:17:47 / finished: 27-Mar-2018 00:30:50

Elapsed time: 783.547 seconds

