
RAxML-NG v. 0.5.1b BETA released on 01.12.2017 by The Exelixis Lab.
Authors: Alexey Kozlov, Alexandros Stamatakis, Diego Darriba, Tomas Flouri, Benoit Morel.
Latest version: https://github.com/amkozlov/raxml-ng
Questions/problems/suggestions? Please visit: https://groups.google.com/forum/#!forum/raxml

WARNING: This is a BETA release, please use at your own risk!

RAxML-NG was called as follows:

raxml-ng-mpi --all --msa /mnt/lustre/scratch/home/uvi/be/avs/cancer_genes_selection/genes/DEK/align/DEK_align_DNA_trimmed2.fasta --model GTR+G -tree pars{10} --bs-trees 100 --prefix /mnt/lustre/scratch/home/uvi/be/avs/cancer_genes_selection/genes/DEK/tree/DEK_trimmed --redo

Analysis options:
  run mode: ML tree search + bootstrapping
  start tree(s): parsimony (10)
  random seed: 1522090321
  tip-inner: ON
  pattern compression: ON
  per-rate scalers: OFF
  site repeats: OFF
  branch lengths: ML estimate (linked)
  SIMD kernels: AVX2
  parallelization: NONE/sequential

WARNING: Running in REDO mode: existing checkpoints are ignored, and all result files will be overwritten!

[00:00:00] Reading alignment from file: /mnt/lustre/scratch/home/uvi/be/avs/cancer_genes_selection/genes/DEK/align/DEK_align_DNA_trimmed2.fasta
[00:00:01] Loaded alignment with 30 taxa and 1131 sites

Alignment comprises 1 partitions and 582 patterns

Partition 0: noname
Model: GTR+FO+G4m
Alignment sites / patterns: 1131 / 582
Gaps: 3.76 %
Invariant sites: 50.40 %


[00:00:01] Generating parsimony starting tree(s) with 30 taxa
[00:00:01] Data distribution: partitions/thread: 1-1, patterns/thread: 582-582

Starting ML tree search with 10 distinct starting trees

[00:00:09] ML tree search #1, logLikelihood: -8199.483893
[00:00:18] ML tree search #2, logLikelihood: -8199.483712
[00:00:26] ML tree search #3, logLikelihood: -8199.483556
[00:00:38] ML tree search #4, logLikelihood: -8199.481477
[00:00:47] ML tree search #5, logLikelihood: -8199.485818
[00:00:56] ML tree search #6, logLikelihood: -8199.483181
[00:01:05] ML tree search #7, logLikelihood: -8199.484142
[00:01:14] ML tree search #8, logLikelihood: -8199.481986
[00:01:23] ML tree search #9, logLikelihood: -8199.483517
[00:01:32] ML tree search #10, logLikelihood: -8199.485265

[00:01:32] ML tree search completed, best tree logLH: -8199.481477

[00:01:32] Starting bootstrapping analysis with 100 replicates.

[00:01:42] Bootstrap tree #1, logLikelihood: -8142.719165
[00:01:52] Bootstrap tree #2, logLikelihood: -8101.844391
[00:02:04] Bootstrap tree #3, logLikelihood: -8099.156941
[00:02:14] Bootstrap tree #4, logLikelihood: -8140.726910
[00:02:27] Bootstrap tree #5, logLikelihood: -8178.304057
[00:02:36] Bootstrap tree #6, logLikelihood: -8210.395694
[00:02:47] Bootstrap tree #7, logLikelihood: -8155.447868
[00:02:56] Bootstrap tree #8, logLikelihood: -8128.463735
[00:03:08] Bootstrap tree #9, logLikelihood: -8634.434627
[00:03:17] Bootstrap tree #10, logLikelihood: -7926.773483
[00:03:27] Bootstrap tree #11, logLikelihood: -8182.909779
[00:03:36] Bootstrap tree #12, logLikelihood: -8246.899218
[00:03:45] Bootstrap tree #13, logLikelihood: -8422.791248
[00:03:57] Bootstrap tree #14, logLikelihood: -8585.831026
[00:04:06] Bootstrap tree #15, logLikelihood: -8043.366896
[00:04:19] Bootstrap tree #16, logLikelihood: -8246.748851
[00:04:30] Bootstrap tree #17, logLikelihood: -8599.742266
[00:04:41] Bootstrap tree #18, logLikelihood: -8269.238302
[00:04:54] Bootstrap tree #19, logLikelihood: -7889.157196
[00:05:05] Bootstrap tree #20, logLikelihood: -8281.571918
[00:05:16] Bootstrap tree #21, logLikelihood: -8171.678815
[00:05:26] Bootstrap tree #22, logLikelihood: -8167.256927
[00:05:39] Bootstrap tree #23, logLikelihood: -8392.767917
[00:05:51] Bootstrap tree #24, logLikelihood: -8071.596677
[00:06:03] Bootstrap tree #25, logLikelihood: -7951.512005
[00:06:13] Bootstrap tree #26, logLikelihood: -8143.781759
[00:06:24] Bootstrap tree #27, logLikelihood: -8036.394522
[00:06:35] Bootstrap tree #28, logLikelihood: -8103.571958
[00:06:45] Bootstrap tree #29, logLikelihood: -8362.899433
[00:06:54] Bootstrap tree #30, logLikelihood: -8325.023504
[00:07:05] Bootstrap tree #31, logLikelihood: -8425.845001
[00:07:16] Bootstrap tree #32, logLikelihood: -8065.220981
[00:07:27] Bootstrap tree #33, logLikelihood: -8130.302979
[00:07:38] Bootstrap tree #34, logLikelihood: -8457.151719
[00:07:49] Bootstrap tree #35, logLikelihood: -8225.462740
[00:07:58] Bootstrap tree #36, logLikelihood: -8162.771618
[00:08:09] Bootstrap tree #37, logLikelihood: -8020.486364
[00:08:20] Bootstrap tree #38, logLikelihood: -8346.263221
[00:08:33] Bootstrap tree #39, logLikelihood: -8065.513422
[00:08:43] Bootstrap tree #40, logLikelihood: -8672.820109
[00:08:52] Bootstrap tree #41, logLikelihood: -8468.429563
[00:09:00] Bootstrap tree #42, logLikelihood: -8010.809612
[00:09:11] Bootstrap tree #43, logLikelihood: -8240.687676
[00:09:21] Bootstrap tree #44, logLikelihood: -7923.361276
[00:09:31] Bootstrap tree #45, logLikelihood: -8252.475310
[00:09:42] Bootstrap tree #46, logLikelihood: -8035.624656
[00:09:55] Bootstrap tree #47, logLikelihood: -8489.729491
[00:10:05] Bootstrap tree #48, logLikelihood: -7968.686391
[00:10:15] Bootstrap tree #49, logLikelihood: -8272.817865
[00:10:25] Bootstrap tree #50, logLikelihood: -7705.891964
[00:10:35] Bootstrap tree #51, logLikelihood: -8403.411464
[00:10:46] Bootstrap tree #52, logLikelihood: -8468.190860
[00:10:58] Bootstrap tree #53, logLikelihood: -8150.167544
[00:11:09] Bootstrap tree #54, logLikelihood: -8083.348981
[00:11:22] Bootstrap tree #55, logLikelihood: -8151.909011
[00:11:35] Bootstrap tree #56, logLikelihood: -8103.663267
[00:11:45] Bootstrap tree #57, logLikelihood: -8194.525771
[00:11:56] Bootstrap tree #58, logLikelihood: -8041.980724
[00:12:08] Bootstrap tree #59, logLikelihood: -7942.257973
[00:12:19] Bootstrap tree #60, logLikelihood: -8102.434986
[00:12:30] Bootstrap tree #61, logLikelihood: -8334.300087
[00:12:40] Bootstrap tree #62, logLikelihood: -8297.603063
[00:12:53] Bootstrap tree #63, logLikelihood: -8597.226241
[00:13:07] Bootstrap tree #64, logLikelihood: -8107.430099
[00:13:18] Bootstrap tree #65, logLikelihood: -8304.055636
[00:13:28] Bootstrap tree #66, logLikelihood: -7824.384388
[00:13:38] Bootstrap tree #67, logLikelihood: -8440.001873
[00:13:50] Bootstrap tree #68, logLikelihood: -7911.049475
[00:14:00] Bootstrap tree #69, logLikelihood: -8412.553798
[00:14:08] Bootstrap tree #70, logLikelihood: -8166.457455
[00:14:19] Bootstrap tree #71, logLikelihood: -8173.128604
[00:14:29] Bootstrap tree #72, logLikelihood: -7908.911929
[00:14:44] Bootstrap tree #73, logLikelihood: -7820.900953
[00:14:56] Bootstrap tree #74, logLikelihood: -8401.659312
[00:15:09] Bootstrap tree #75, logLikelihood: -8008.475346
[00:15:22] Bootstrap tree #76, logLikelihood: -7774.104027
[00:15:32] Bootstrap tree #77, logLikelihood: -7931.266545
[00:15:45] Bootstrap tree #78, logLikelihood: -8002.007669
[00:15:56] Bootstrap tree #79, logLikelihood: -7807.497506
[00:16:10] Bootstrap tree #80, logLikelihood: -8299.065704
[00:16:22] Bootstrap tree #81, logLikelihood: -8024.609687
[00:16:36] Bootstrap tree #82, logLikelihood: -8112.770751
[00:16:49] Bootstrap tree #83, logLikelihood: -8076.796505
[00:17:01] Bootstrap tree #84, logLikelihood: -7770.583847
[00:17:13] Bootstrap tree #85, logLikelihood: -8531.423852
[00:17:26] Bootstrap tree #86, logLikelihood: -8371.665571
[00:17:38] Bootstrap tree #87, logLikelihood: -8317.543450
[00:17:50] Bootstrap tree #88, logLikelihood: -7968.388159
[00:18:03] Bootstrap tree #89, logLikelihood: -8260.060213
[00:18:17] Bootstrap tree #90, logLikelihood: -8324.238829
[00:18:28] Bootstrap tree #91, logLikelihood: -8222.662001
[00:18:41] Bootstrap tree #92, logLikelihood: -8066.373844
[00:18:53] Bootstrap tree #93, logLikelihood: -7923.526286
[00:19:03] Bootstrap tree #94, logLikelihood: -7908.380272
[00:19:13] Bootstrap tree #95, logLikelihood: -8631.320949
[00:19:29] Bootstrap tree #96, logLikelihood: -8260.705475
[00:19:41] Bootstrap tree #97, logLikelihood: -8202.566236
[00:19:53] Bootstrap tree #98, logLikelihood: -8014.291026
[00:20:05] Bootstrap tree #99, logLikelihood: -7925.108967
[00:20:17] Bootstrap tree #100, logLikelihood: -8391.498559

Optimized model parameters:

   Partition 0: noname
   Rate heterogeneity: GAMMA (4 cats, mean),  alpha: 0.474687 (ML),  weights&rates: (0.250000,0.028798) (0.250000,0.235070) (0.250000,0.800939) (0.250000,2.935194) 
   Base frequencies (ML): 0.388509 0.158640 0.270518 0.182333 
   Substitution rates (ML): 2.010372 5.160608 0.710666 3.001176 8.563025 1.000000 

Final LogLikelihood: -8199.481477

All ML trees saved to: /mnt/lustre/scratch/home/uvi/be/avs/cancer_genes_selection/genes/DEK/tree/DEK_trimmed.raxml.mlTrees
Best ML tree saved to: /mnt/lustre/scratch/home/uvi/be/avs/cancer_genes_selection/genes/DEK/tree/DEK_trimmed.raxml.bestTree
Best ML tree with bootstrap support values saved to: /mnt/lustre/scratch/home/uvi/be/avs/cancer_genes_selection/genes/DEK/tree/DEK_trimmed.raxml.support
Optimized model saved to: /mnt/lustre/scratch/home/uvi/be/avs/cancer_genes_selection/genes/DEK/tree/DEK_trimmed.raxml.bestModel
Bootstrap trees saved to: /mnt/lustre/scratch/home/uvi/be/avs/cancer_genes_selection/genes/DEK/tree/DEK_trimmed.raxml.bootstraps

Execution log saved to: /mnt/lustre/scratch/home/uvi/be/avs/cancer_genes_selection/genes/DEK/tree/DEK_trimmed.raxml.log

Analysis started: 26-Mar-2018 20:52:01 / finished: 26-Mar-2018 21:12:22

Elapsed time: 1221.421 seconds

