
RAxML-NG v. 0.5.1b BETA released on 01.12.2017 by The Exelixis Lab.
Authors: Alexey Kozlov, Alexandros Stamatakis, Diego Darriba, Tomas Flouri, Benoit Morel.
Latest version: https://github.com/amkozlov/raxml-ng
Questions/problems/suggestions? Please visit: https://groups.google.com/forum/#!forum/raxml

WARNING: This is a BETA release, please use at your own risk!

RAxML-NG was called as follows:

raxml-ng-mpi --all --msa /mnt/lustre/scratch/home/uvi/be/avs/cancer_genes_selection/genes/BTK/align/BTK_align_DNA_trimmed2.fasta --model GTR+G -tree pars{10} --bs-trees 100 --prefix /mnt/lustre/scratch/home/uvi/be/avs/cancer_genes_selection/genes/BTK/tree/BTK_trimmed --redo

Analysis options:
  run mode: ML tree search + bootstrapping
  start tree(s): parsimony (10)
  random seed: 1522087347
  tip-inner: ON
  pattern compression: ON
  per-rate scalers: OFF
  site repeats: OFF
  branch lengths: ML estimate (linked)
  SIMD kernels: AVX2
  parallelization: NONE/sequential

WARNING: Running in REDO mode: existing checkpoints are ignored, and all result files will be overwritten!

[00:00:00] Reading alignment from file: /mnt/lustre/scratch/home/uvi/be/avs/cancer_genes_selection/genes/BTK/align/BTK_align_DNA_trimmed2.fasta
[00:00:01] Loaded alignment with 27 taxa and 1980 sites

Alignment comprises 1 partitions and 766 patterns

Partition 0: noname
Model: GTR+FO+G4m
Alignment sites / patterns: 1980 / 766
Gaps: 2.41 %
Invariant sites: 57.02 %


[00:00:01] Generating parsimony starting tree(s) with 27 taxa
[00:00:01] Data distribution: partitions/thread: 1-1, patterns/thread: 766-766

Starting ML tree search with 10 distinct starting trees

[00:00:09] ML tree search #1, logLikelihood: -12546.590202
[00:00:18] ML tree search #2, logLikelihood: -12546.590053
[00:00:26] ML tree search #3, logLikelihood: -12546.590107
[00:00:34] ML tree search #4, logLikelihood: -12546.589840
[00:00:41] ML tree search #5, logLikelihood: -12546.590218
[00:00:49] ML tree search #6, logLikelihood: -12546.590265
[00:00:57] ML tree search #7, logLikelihood: -12546.590400
[00:01:06] ML tree search #8, logLikelihood: -12546.589819
[00:01:15] ML tree search #9, logLikelihood: -12546.590154
[00:01:23] ML tree search #10, logLikelihood: -12546.590034

[00:01:23] ML tree search completed, best tree logLH: -12546.589819

[00:01:23] Starting bootstrapping analysis with 100 replicates.

[00:01:31] Bootstrap tree #1, logLikelihood: -12458.454833
[00:01:38] Bootstrap tree #2, logLikelihood: -12471.172747
[00:01:46] Bootstrap tree #3, logLikelihood: -12859.673796
[00:01:55] Bootstrap tree #4, logLikelihood: -12241.296992
[00:02:04] Bootstrap tree #5, logLikelihood: -12752.717507
[00:02:13] Bootstrap tree #6, logLikelihood: -12220.906031
[00:02:23] Bootstrap tree #7, logLikelihood: -12715.504969
[00:02:31] Bootstrap tree #8, logLikelihood: -12522.395834
[00:02:39] Bootstrap tree #9, logLikelihood: -12916.864374
[00:02:49] Bootstrap tree #10, logLikelihood: -12286.187569
[00:02:57] Bootstrap tree #11, logLikelihood: -13110.855238
[00:03:05] Bootstrap tree #12, logLikelihood: -13148.021699
[00:03:13] Bootstrap tree #13, logLikelihood: -12335.608924
[00:03:22] Bootstrap tree #14, logLikelihood: -12492.051369
[00:03:31] Bootstrap tree #15, logLikelihood: -12379.933402
[00:03:39] Bootstrap tree #16, logLikelihood: -13327.927841
[00:03:49] Bootstrap tree #17, logLikelihood: -12254.293034
[00:03:59] Bootstrap tree #18, logLikelihood: -12336.965787
[00:04:07] Bootstrap tree #19, logLikelihood: -12484.436063
[00:04:15] Bootstrap tree #20, logLikelihood: -12637.943715
[00:04:22] Bootstrap tree #21, logLikelihood: -12469.489217
[00:04:30] Bootstrap tree #22, logLikelihood: -12356.393691
[00:04:38] Bootstrap tree #23, logLikelihood: -13094.564215
[00:04:46] Bootstrap tree #24, logLikelihood: -11972.475678
[00:04:54] Bootstrap tree #25, logLikelihood: -12213.843014
[00:05:01] Bootstrap tree #26, logLikelihood: -12580.057128
[00:05:09] Bootstrap tree #27, logLikelihood: -12790.103842
[00:05:17] Bootstrap tree #28, logLikelihood: -12683.601774
[00:05:25] Bootstrap tree #29, logLikelihood: -11965.379166
[00:05:35] Bootstrap tree #30, logLikelihood: -12527.747681
[00:05:43] Bootstrap tree #31, logLikelihood: -12812.750344
[00:05:51] Bootstrap tree #32, logLikelihood: -12220.472306
[00:06:02] Bootstrap tree #33, logLikelihood: -12098.935602
[00:06:10] Bootstrap tree #34, logLikelihood: -12363.059822
[00:06:18] Bootstrap tree #35, logLikelihood: -12578.065055
[00:06:28] Bootstrap tree #36, logLikelihood: -12132.018469
[00:06:36] Bootstrap tree #37, logLikelihood: -12111.955476
[00:06:45] Bootstrap tree #38, logLikelihood: -12721.008641
[00:06:54] Bootstrap tree #39, logLikelihood: -12996.354732
[00:07:03] Bootstrap tree #40, logLikelihood: -12550.466224
[00:07:13] Bootstrap tree #41, logLikelihood: -12672.846386
[00:07:22] Bootstrap tree #42, logLikelihood: -12602.402496
[00:07:36] Bootstrap tree #43, logLikelihood: -12234.776252
[00:07:44] Bootstrap tree #44, logLikelihood: -12277.577789
[00:07:52] Bootstrap tree #45, logLikelihood: -12628.656883
[00:08:02] Bootstrap tree #46, logLikelihood: -11816.783254
[00:08:11] Bootstrap tree #47, logLikelihood: -12770.681359
[00:08:22] Bootstrap tree #48, logLikelihood: -12079.037423
[00:08:33] Bootstrap tree #49, logLikelihood: -12130.886482
[00:08:42] Bootstrap tree #50, logLikelihood: -12433.231551
[00:08:53] Bootstrap tree #51, logLikelihood: -12854.128089
[00:09:03] Bootstrap tree #52, logLikelihood: -12920.323474
[00:09:11] Bootstrap tree #53, logLikelihood: -12402.924926
[00:09:20] Bootstrap tree #54, logLikelihood: -12384.570469
[00:09:30] Bootstrap tree #55, logLikelihood: -12109.032758
[00:09:41] Bootstrap tree #56, logLikelihood: -12513.101307
[00:09:50] Bootstrap tree #57, logLikelihood: -12317.192621
[00:09:59] Bootstrap tree #58, logLikelihood: -12523.717738
[00:10:09] Bootstrap tree #59, logLikelihood: -12458.511066
[00:10:18] Bootstrap tree #60, logLikelihood: -12344.061999
[00:10:28] Bootstrap tree #61, logLikelihood: -12719.577934
[00:10:37] Bootstrap tree #62, logLikelihood: -12842.265762
[00:10:46] Bootstrap tree #63, logLikelihood: -12253.869644
[00:10:56] Bootstrap tree #64, logLikelihood: -12131.322410
[00:11:05] Bootstrap tree #65, logLikelihood: -12149.695029
[00:11:15] Bootstrap tree #66, logLikelihood: -12694.294986
[00:11:27] Bootstrap tree #67, logLikelihood: -12718.267938
[00:11:38] Bootstrap tree #68, logLikelihood: -12353.918966
[00:11:50] Bootstrap tree #69, logLikelihood: -12617.437486
[00:12:00] Bootstrap tree #70, logLikelihood: -12336.860071
[00:12:10] Bootstrap tree #71, logLikelihood: -12289.375977
[00:12:19] Bootstrap tree #72, logLikelihood: -12148.292702
[00:12:30] Bootstrap tree #73, logLikelihood: -12395.947769
[00:12:40] Bootstrap tree #74, logLikelihood: -11929.411925
[00:12:50] Bootstrap tree #75, logLikelihood: -12976.956225
[00:13:03] Bootstrap tree #76, logLikelihood: -12816.012622
[00:13:13] Bootstrap tree #77, logLikelihood: -12796.258736
[00:13:23] Bootstrap tree #78, logLikelihood: -12187.122939
[00:13:32] Bootstrap tree #79, logLikelihood: -12133.350347
[00:13:44] Bootstrap tree #80, logLikelihood: -12357.693932
[00:13:55] Bootstrap tree #81, logLikelihood: -12361.502729
[00:14:06] Bootstrap tree #82, logLikelihood: -12620.238627
[00:14:16] Bootstrap tree #83, logLikelihood: -12700.157706
[00:14:27] Bootstrap tree #84, logLikelihood: -12449.491534
[00:14:37] Bootstrap tree #85, logLikelihood: -12819.112407
[00:14:47] Bootstrap tree #86, logLikelihood: -12324.448280
[00:14:57] Bootstrap tree #87, logLikelihood: -12664.958911
[00:15:08] Bootstrap tree #88, logLikelihood: -12378.539749
[00:15:19] Bootstrap tree #89, logLikelihood: -12621.635012
[00:15:31] Bootstrap tree #90, logLikelihood: -12299.652740
[00:15:40] Bootstrap tree #91, logLikelihood: -12549.198761
[00:15:50] Bootstrap tree #92, logLikelihood: -12147.732936
[00:16:01] Bootstrap tree #93, logLikelihood: -12279.823938
[00:16:11] Bootstrap tree #94, logLikelihood: -12030.876733
[00:16:21] Bootstrap tree #95, logLikelihood: -12642.349420
[00:16:30] Bootstrap tree #96, logLikelihood: -12590.887128
[00:16:40] Bootstrap tree #97, logLikelihood: -12476.697029
[00:16:52] Bootstrap tree #98, logLikelihood: -12651.729478
[00:17:01] Bootstrap tree #99, logLikelihood: -12616.873205
[00:17:11] Bootstrap tree #100, logLikelihood: -12372.373057

Optimized model parameters:

   Partition 0: noname
   Rate heterogeneity: GAMMA (4 cats, mean),  alpha: 0.338160 (ML),  weights&rates: (0.250000,0.008895) (0.250000,0.134325) (0.250000,0.654659) (0.250000,3.202121) 
   Base frequencies (ML): 0.288711 0.233016 0.252871 0.225403 
   Substitution rates (ML): 1.728690 5.661726 1.433966 0.828463 9.668478 1.000000 

Final LogLikelihood: -12546.589819

All ML trees saved to: /mnt/lustre/scratch/home/uvi/be/avs/cancer_genes_selection/genes/BTK/tree/BTK_trimmed.raxml.mlTrees
Best ML tree saved to: /mnt/lustre/scratch/home/uvi/be/avs/cancer_genes_selection/genes/BTK/tree/BTK_trimmed.raxml.bestTree
Best ML tree with bootstrap support values saved to: /mnt/lustre/scratch/home/uvi/be/avs/cancer_genes_selection/genes/BTK/tree/BTK_trimmed.raxml.support
Optimized model saved to: /mnt/lustre/scratch/home/uvi/be/avs/cancer_genes_selection/genes/BTK/tree/BTK_trimmed.raxml.bestModel
Bootstrap trees saved to: /mnt/lustre/scratch/home/uvi/be/avs/cancer_genes_selection/genes/BTK/tree/BTK_trimmed.raxml.bootstraps

Execution log saved to: /mnt/lustre/scratch/home/uvi/be/avs/cancer_genes_selection/genes/BTK/tree/BTK_trimmed.raxml.log

Analysis started: 26-Mar-2018 20:02:26 / finished: 26-Mar-2018 20:19:42

Elapsed time: 1035.723 seconds

