
RAxML-NG v. 0.5.1b BETA released on 01.12.2017 by The Exelixis Lab.
Authors: Alexey Kozlov, Alexandros Stamatakis, Diego Darriba, Tomas Flouri, Benoit Morel.
Latest version: https://github.com/amkozlov/raxml-ng
Questions/problems/suggestions? Please visit: https://groups.google.com/forum/#!forum/raxml

WARNING: This is a BETA release, please use at your own risk!

RAxML-NG was called as follows:

raxml-ng-mpi --all --msa /mnt/lustre/scratch/home/uvi/be/avs/cancer_genes_selection/genes/PBX1/align/PBX1_align_DNA_trimmed.fasta --model GTR+G -tree pars{10} --bs-trees 100 --prefix /mnt/lustre/scratch/home/uvi/be/avs/cancer_genes_selection/genes/PBX1/tree/PBX1 --redo

Analysis options:
  run mode: ML tree search + bootstrapping
  start tree(s): parsimony (10)
  random seed: 1521665703
  tip-inner: ON
  pattern compression: ON
  per-rate scalers: OFF
  site repeats: OFF
  branch lengths: ML estimate (linked)
  SIMD kernels: AVX2
  parallelization: NONE/sequential

WARNING: Running in REDO mode: existing checkpoints are ignored, and all result files will be overwritten!

[00:00:00] Reading alignment from file: /mnt/lustre/scratch/home/uvi/be/avs/cancer_genes_selection/genes/PBX1/align/PBX1_align_DNA_trimmed.fasta
[00:00:00] Loaded alignment with 15 taxa and 1293 sites

Alignment comprises 1 partitions and 237 patterns

Partition 0: noname
Model: GTR+FO+G4m
Alignment sites / patterns: 1293 / 237
Gaps: 8.86 %
Invariant sites: 78.96 %


[00:00:00] Generating parsimony starting tree(s) with 15 taxa
[00:00:01] Data distribution: partitions/thread: 1-1, patterns/thread: 237-237

Starting ML tree search with 10 distinct starting trees

[00:00:03] ML tree search #1, logLikelihood: -4148.655921
[00:00:06] ML tree search #2, logLikelihood: -4146.605255
[00:00:09] ML tree search #3, logLikelihood: -4146.605286
[00:00:12] ML tree search #4, logLikelihood: -4146.605282
[00:00:15] ML tree search #5, logLikelihood: -4146.605268
[00:00:17] ML tree search #6, logLikelihood: -4148.655990
[00:00:20] ML tree search #7, logLikelihood: -4146.605270
[00:00:22] ML tree search #8, logLikelihood: -4146.605132
[00:00:26] ML tree search #9, logLikelihood: -4146.605147
[00:00:29] ML tree search #10, logLikelihood: -4148.655982

[00:00:29] ML tree search completed, best tree logLH: -4146.605132

[00:00:29] Starting bootstrapping analysis with 100 replicates.

[00:00:31] Bootstrap tree #1, logLikelihood: -4116.409439
[00:00:35] Bootstrap tree #2, logLikelihood: -4253.136975
[00:00:38] Bootstrap tree #3, logLikelihood: -4245.892370
[00:00:41] Bootstrap tree #4, logLikelihood: -4124.799169
[00:00:43] Bootstrap tree #5, logLikelihood: -4276.456009
[00:00:47] Bootstrap tree #6, logLikelihood: -4361.793128
[00:00:50] Bootstrap tree #7, logLikelihood: -4181.374503
[00:00:53] Bootstrap tree #8, logLikelihood: -4304.888944
[00:00:56] Bootstrap tree #9, logLikelihood: -4078.270635
[00:00:59] Bootstrap tree #10, logLikelihood: -4117.445695
[00:01:02] Bootstrap tree #11, logLikelihood: -4257.564629
[00:01:04] Bootstrap tree #12, logLikelihood: -3758.715042
[00:01:07] Bootstrap tree #13, logLikelihood: -4005.210555
[00:01:10] Bootstrap tree #14, logLikelihood: -4066.423900
[00:01:13] Bootstrap tree #15, logLikelihood: -3966.831682
[00:01:17] Bootstrap tree #16, logLikelihood: -4186.804324
[00:01:19] Bootstrap tree #17, logLikelihood: -4129.499039
[00:01:22] Bootstrap tree #18, logLikelihood: -4084.159030
[00:01:25] Bootstrap tree #19, logLikelihood: -4265.394717
[00:01:28] Bootstrap tree #20, logLikelihood: -4031.754165
[00:01:31] Bootstrap tree #21, logLikelihood: -4338.363836
[00:01:34] Bootstrap tree #22, logLikelihood: -4205.561348
[00:01:36] Bootstrap tree #23, logLikelihood: -4050.391129
[00:01:39] Bootstrap tree #24, logLikelihood: -4238.467926
[00:01:42] Bootstrap tree #25, logLikelihood: -4027.070620
[00:01:45] Bootstrap tree #26, logLikelihood: -3851.027068
[00:01:48] Bootstrap tree #27, logLikelihood: -3982.859458
[00:01:51] Bootstrap tree #28, logLikelihood: -4204.632133
[00:01:55] Bootstrap tree #29, logLikelihood: -3962.637686
[00:01:58] Bootstrap tree #30, logLikelihood: -4118.100345
[00:02:01] Bootstrap tree #31, logLikelihood: -4287.306733
[00:02:05] Bootstrap tree #32, logLikelihood: -4007.703967
[00:02:08] Bootstrap tree #33, logLikelihood: -4015.766523
[00:02:11] Bootstrap tree #34, logLikelihood: -4194.990848
[00:02:14] Bootstrap tree #35, logLikelihood: -4261.987508
[00:02:17] Bootstrap tree #36, logLikelihood: -4133.095606
[00:02:19] Bootstrap tree #37, logLikelihood: -3991.732829
[00:02:22] Bootstrap tree #38, logLikelihood: -3999.730737
[00:02:25] Bootstrap tree #39, logLikelihood: -4133.190913
[00:02:28] Bootstrap tree #40, logLikelihood: -4055.989415
[00:02:32] Bootstrap tree #41, logLikelihood: -4426.114661
[00:02:35] Bootstrap tree #42, logLikelihood: -4173.672039
[00:02:39] Bootstrap tree #43, logLikelihood: -4205.392136
[00:02:42] Bootstrap tree #44, logLikelihood: -4121.220086
[00:02:46] Bootstrap tree #45, logLikelihood: -4276.389740
[00:02:49] Bootstrap tree #46, logLikelihood: -4181.872779
[00:02:52] Bootstrap tree #47, logLikelihood: -4023.465854
[00:02:56] Bootstrap tree #48, logLikelihood: -4179.447296
[00:02:59] Bootstrap tree #49, logLikelihood: -4025.750523
[00:03:02] Bootstrap tree #50, logLikelihood: -3968.845864
[00:03:05] Bootstrap tree #51, logLikelihood: -3927.721865
[00:03:11] Bootstrap tree #52, logLikelihood: -4019.059041
[00:03:15] Bootstrap tree #53, logLikelihood: -4160.042108
[00:03:20] Bootstrap tree #54, logLikelihood: -3949.555055
[00:03:24] Bootstrap tree #55, logLikelihood: -4106.683976
[00:03:27] Bootstrap tree #56, logLikelihood: -4183.517119
[00:03:30] Bootstrap tree #57, logLikelihood: -3958.953545
[00:03:34] Bootstrap tree #58, logLikelihood: -4256.693276
[00:03:37] Bootstrap tree #59, logLikelihood: -4065.521159
[00:03:41] Bootstrap tree #60, logLikelihood: -4155.575795
[00:03:44] Bootstrap tree #61, logLikelihood: -4270.938388
[00:03:48] Bootstrap tree #62, logLikelihood: -4025.281615
[00:03:51] Bootstrap tree #63, logLikelihood: -4073.366673
[00:03:54] Bootstrap tree #64, logLikelihood: -3965.868459
[00:03:58] Bootstrap tree #65, logLikelihood: -3874.821331
[00:04:02] Bootstrap tree #66, logLikelihood: -4241.219077
[00:04:05] Bootstrap tree #67, logLikelihood: -4014.755324
[00:04:08] Bootstrap tree #68, logLikelihood: -4157.078559
[00:04:12] Bootstrap tree #69, logLikelihood: -4367.685453
[00:04:15] Bootstrap tree #70, logLikelihood: -4014.315471
[00:04:19] Bootstrap tree #71, logLikelihood: -4193.625510
[00:04:23] Bootstrap tree #72, logLikelihood: -4159.039692
[00:04:28] Bootstrap tree #73, logLikelihood: -3822.014396
[00:04:33] Bootstrap tree #74, logLikelihood: -3956.088105
[00:04:37] Bootstrap tree #75, logLikelihood: -4011.237604
[00:04:40] Bootstrap tree #76, logLikelihood: -4351.537742
[00:04:44] Bootstrap tree #77, logLikelihood: -4203.338785
[00:04:48] Bootstrap tree #78, logLikelihood: -3902.388861
[00:04:51] Bootstrap tree #79, logLikelihood: -3963.124157
[00:04:55] Bootstrap tree #80, logLikelihood: -4078.270029
[00:04:58] Bootstrap tree #81, logLikelihood: -4154.452016
[00:05:02] Bootstrap tree #82, logLikelihood: -4161.456982
[00:05:05] Bootstrap tree #83, logLikelihood: -4101.773344
[00:05:09] Bootstrap tree #84, logLikelihood: -4244.487143
[00:05:13] Bootstrap tree #85, logLikelihood: -4216.203821
[00:05:16] Bootstrap tree #86, logLikelihood: -4122.044932
[00:05:20] Bootstrap tree #87, logLikelihood: -4110.662645
[00:05:24] Bootstrap tree #88, logLikelihood: -4033.820394
[00:05:27] Bootstrap tree #89, logLikelihood: -4179.707383
[00:05:32] Bootstrap tree #90, logLikelihood: -4008.109625
[00:05:36] Bootstrap tree #91, logLikelihood: -3969.833567
[00:05:40] Bootstrap tree #92, logLikelihood: -4365.263465
[00:05:44] Bootstrap tree #93, logLikelihood: -3872.812789
[00:05:47] Bootstrap tree #94, logLikelihood: -4222.336765
[00:05:50] Bootstrap tree #95, logLikelihood: -4013.031507
[00:05:54] Bootstrap tree #96, logLikelihood: -4135.868283
[00:05:57] Bootstrap tree #97, logLikelihood: -4168.864459
[00:06:01] Bootstrap tree #98, logLikelihood: -4159.973091
[00:06:06] Bootstrap tree #99, logLikelihood: -4397.394335
[00:06:09] Bootstrap tree #100, logLikelihood: -4026.658255

Optimized model parameters:

   Partition 0: noname
   Rate heterogeneity: GAMMA (4 cats, mean),  alpha: 0.124446 (ML),  weights&rates: (0.250000,0.000008) (0.250000,0.004189) (0.250000,0.164249) (0.250000,3.831554) 
   Base frequencies (ML): 0.242670 0.287936 0.294607 0.174787 
   Substitution rates (ML): 2.478259 7.158057 0.010106 1.611789 8.199879 1.000000 

Final LogLikelihood: -4146.605132

All ML trees saved to: /mnt/lustre/scratch/home/uvi/be/avs/cancer_genes_selection/genes/PBX1/tree/PBX1.raxml.mlTrees
Best ML tree saved to: /mnt/lustre/scratch/home/uvi/be/avs/cancer_genes_selection/genes/PBX1/tree/PBX1.raxml.bestTree
Best ML tree with bootstrap support values saved to: /mnt/lustre/scratch/home/uvi/be/avs/cancer_genes_selection/genes/PBX1/tree/PBX1.raxml.support
Optimized model saved to: /mnt/lustre/scratch/home/uvi/be/avs/cancer_genes_selection/genes/PBX1/tree/PBX1.raxml.bestModel
Bootstrap trees saved to: /mnt/lustre/scratch/home/uvi/be/avs/cancer_genes_selection/genes/PBX1/tree/PBX1.raxml.bootstraps

Execution log saved to: /mnt/lustre/scratch/home/uvi/be/avs/cancer_genes_selection/genes/PBX1/tree/PBX1.raxml.log

Analysis started: 21-Mar-2018 21:55:03 / finished: 21-Mar-2018 22:01:14

Elapsed time: 371.239 seconds

