
RAxML-NG v. 0.5.1b BETA released on 01.12.2017 by The Exelixis Lab.
Authors: Alexey Kozlov, Alexandros Stamatakis, Diego Darriba, Tomas Flouri, Benoit Morel.
Latest version: https://github.com/amkozlov/raxml-ng
Questions/problems/suggestions? Please visit: https://groups.google.com/forum/#!forum/raxml

WARNING: This is a BETA release, please use at your own risk!

RAxML-NG was called as follows:

raxml-ng-mpi --all --msa /mnt/lustre/scratch/home/uvi/be/avs/cancer_genes_selection/genes/HSP90AB1/align/HSP90AB1_align_DNA_trimmed.fasta --model GTR+G -tree pars{10} --bs-trees 100 --prefix /mnt/lustre/scratch/home/uvi/be/avs/cancer_genes_selection/genes/HSP90AB1/tree/HSP90AB1 --redo

Analysis options:
  run mode: ML tree search + bootstrapping
  start tree(s): parsimony (10)
  random seed: 1521658752
  tip-inner: ON
  pattern compression: ON
  per-rate scalers: OFF
  site repeats: OFF
  branch lengths: ML estimate (linked)
  SIMD kernels: AVX2
  parallelization: NONE/sequential

WARNING: Running in REDO mode: existing checkpoints are ignored, and all result files will be overwritten!

[00:00:00] Reading alignment from file: /mnt/lustre/scratch/home/uvi/be/avs/cancer_genes_selection/genes/HSP90AB1/align/HSP90AB1_align_DNA_trimmed.fasta
[00:00:00] Loaded alignment with 21 taxa and 2175 sites

Alignment comprises 1 partitions and 665 patterns

Partition 0: noname
Model: GTR+FO+G4m
Alignment sites / patterns: 2175 / 665
Gaps: 2.87 %
Invariant sites: 67.08 %


[00:00:00] Generating parsimony starting tree(s) with 21 taxa
[00:00:01] Data distribution: partitions/thread: 1-1, patterns/thread: 665-665

Starting ML tree search with 10 distinct starting trees

[00:00:05] ML tree search #1, logLikelihood: -11094.936921
[00:00:10] ML tree search #2, logLikelihood: -11094.937997
[00:00:14] ML tree search #3, logLikelihood: -11094.936852
[00:00:18] ML tree search #4, logLikelihood: -11094.938135
[00:00:23] ML tree search #5, logLikelihood: -11094.937914
[00:00:28] ML tree search #6, logLikelihood: -11094.937503
[00:00:33] ML tree search #7, logLikelihood: -11094.937851
[00:00:37] ML tree search #8, logLikelihood: -11094.937087
[00:00:42] ML tree search #9, logLikelihood: -11094.936895
[00:00:47] ML tree search #10, logLikelihood: -11094.937100

[00:00:47] ML tree search completed, best tree logLH: -11094.936852

[00:00:47] Starting bootstrapping analysis with 100 replicates.

[00:00:53] Bootstrap tree #1, logLikelihood: -11075.880410
[00:00:57] Bootstrap tree #2, logLikelihood: -11051.228528
[00:01:01] Bootstrap tree #3, logLikelihood: -10617.684746
[00:01:06] Bootstrap tree #4, logLikelihood: -11080.436093
[00:01:11] Bootstrap tree #5, logLikelihood: -11034.893501
[00:01:16] Bootstrap tree #6, logLikelihood: -11257.876162
[00:01:21] Bootstrap tree #7, logLikelihood: -10991.103277
[00:01:27] Bootstrap tree #8, logLikelihood: -10996.677638
[00:01:32] Bootstrap tree #9, logLikelihood: -11246.162731
[00:01:37] Bootstrap tree #10, logLikelihood: -11243.228734
[00:01:42] Bootstrap tree #11, logLikelihood: -10781.787107
[00:01:46] Bootstrap tree #12, logLikelihood: -11509.916723
[00:01:51] Bootstrap tree #13, logLikelihood: -11240.240095
[00:01:56] Bootstrap tree #14, logLikelihood: -11249.839925
[00:02:03] Bootstrap tree #15, logLikelihood: -11275.952564
[00:02:09] Bootstrap tree #16, logLikelihood: -10973.604114
[00:02:14] Bootstrap tree #17, logLikelihood: -10566.916170
[00:02:22] Bootstrap tree #18, logLikelihood: -11168.467745
[00:02:28] Bootstrap tree #19, logLikelihood: -11377.447995
[00:02:33] Bootstrap tree #20, logLikelihood: -10892.739148
[00:02:38] Bootstrap tree #21, logLikelihood: -11048.670238
[00:02:42] Bootstrap tree #22, logLikelihood: -10720.217049
[00:02:47] Bootstrap tree #23, logLikelihood: -10812.247857
[00:02:52] Bootstrap tree #24, logLikelihood: -11653.544529
[00:02:58] Bootstrap tree #25, logLikelihood: -10928.438340
[00:03:04] Bootstrap tree #26, logLikelihood: -11183.650324
[00:03:10] Bootstrap tree #27, logLikelihood: -11364.727873
[00:03:15] Bootstrap tree #28, logLikelihood: -10760.229747
[00:03:20] Bootstrap tree #29, logLikelihood: -10973.433149
[00:03:25] Bootstrap tree #30, logLikelihood: -10785.256238
[00:03:32] Bootstrap tree #31, logLikelihood: -11089.879156
[00:03:37] Bootstrap tree #32, logLikelihood: -11170.875276
[00:03:42] Bootstrap tree #33, logLikelihood: -10935.308604
[00:03:48] Bootstrap tree #34, logLikelihood: -11227.770958
[00:03:53] Bootstrap tree #35, logLikelihood: -10981.500002
[00:03:57] Bootstrap tree #36, logLikelihood: -10623.104754
[00:04:03] Bootstrap tree #37, logLikelihood: -10951.069672
[00:04:09] Bootstrap tree #38, logLikelihood: -11183.405575
[00:04:14] Bootstrap tree #39, logLikelihood: -11307.489772
[00:04:20] Bootstrap tree #40, logLikelihood: -11024.438718
[00:04:25] Bootstrap tree #41, logLikelihood: -11356.539410
[00:04:31] Bootstrap tree #42, logLikelihood: -11228.416113
[00:04:36] Bootstrap tree #43, logLikelihood: -10659.284239
[00:04:42] Bootstrap tree #44, logLikelihood: -11033.511140
[00:04:47] Bootstrap tree #45, logLikelihood: -10900.399943
[00:04:52] Bootstrap tree #46, logLikelihood: -11064.032214
[00:04:58] Bootstrap tree #47, logLikelihood: -11112.754207
[00:05:02] Bootstrap tree #48, logLikelihood: -10944.675037
[00:05:09] Bootstrap tree #49, logLikelihood: -11360.148012
[00:05:15] Bootstrap tree #50, logLikelihood: -11110.095913
[00:05:20] Bootstrap tree #51, logLikelihood: -11049.852474
[00:05:25] Bootstrap tree #52, logLikelihood: -10865.574627
[00:05:30] Bootstrap tree #53, logLikelihood: -11273.269120
[00:05:36] Bootstrap tree #54, logLikelihood: -10697.617549
[00:05:41] Bootstrap tree #55, logLikelihood: -11339.347036
[00:05:46] Bootstrap tree #56, logLikelihood: -11382.503693
[00:05:51] Bootstrap tree #57, logLikelihood: -11083.394959
[00:05:55] Bootstrap tree #58, logLikelihood: -11016.849517
[00:06:01] Bootstrap tree #59, logLikelihood: -10854.004394
[00:06:07] Bootstrap tree #60, logLikelihood: -11498.027743
[00:06:13] Bootstrap tree #61, logLikelihood: -11240.583406
[00:06:18] Bootstrap tree #62, logLikelihood: -11445.740227
[00:06:24] Bootstrap tree #63, logLikelihood: -11215.370742
[00:06:29] Bootstrap tree #64, logLikelihood: -11181.478255
[00:06:34] Bootstrap tree #65, logLikelihood: -10827.648063
[00:06:39] Bootstrap tree #66, logLikelihood: -11138.667577
[00:06:45] Bootstrap tree #67, logLikelihood: -11493.567272
[00:06:50] Bootstrap tree #68, logLikelihood: -11137.912833
[00:06:55] Bootstrap tree #69, logLikelihood: -11039.768699
[00:07:01] Bootstrap tree #70, logLikelihood: -11463.819085
[00:07:07] Bootstrap tree #71, logLikelihood: -10991.051723
[00:07:13] Bootstrap tree #72, logLikelihood: -11136.594444
[00:07:18] Bootstrap tree #73, logLikelihood: -11002.505423
[00:07:25] Bootstrap tree #74, logLikelihood: -11076.096305
[00:07:30] Bootstrap tree #75, logLikelihood: -11015.315029
[00:07:36] Bootstrap tree #76, logLikelihood: -11081.855549
[00:07:42] Bootstrap tree #77, logLikelihood: -10596.785426
[00:07:48] Bootstrap tree #78, logLikelihood: -10529.917920
[00:07:53] Bootstrap tree #79, logLikelihood: -10629.260554
[00:08:01] Bootstrap tree #80, logLikelihood: -11275.538202
[00:08:06] Bootstrap tree #81, logLikelihood: -10910.838694
[00:08:13] Bootstrap tree #82, logLikelihood: -11214.643246
[00:08:19] Bootstrap tree #83, logLikelihood: -11145.525539
[00:08:26] Bootstrap tree #84, logLikelihood: -11511.420631
[00:08:33] Bootstrap tree #85, logLikelihood: -10629.499052
[00:08:40] Bootstrap tree #86, logLikelihood: -11373.970159
[00:08:47] Bootstrap tree #87, logLikelihood: -11113.257284
[00:08:53] Bootstrap tree #88, logLikelihood: -10926.769740
[00:08:58] Bootstrap tree #89, logLikelihood: -10577.471072
[00:09:03] Bootstrap tree #90, logLikelihood: -10975.939808
[00:09:09] Bootstrap tree #91, logLikelihood: -10674.600217
[00:09:15] Bootstrap tree #92, logLikelihood: -11141.115713
[00:09:20] Bootstrap tree #93, logLikelihood: -10860.384661
[00:09:26] Bootstrap tree #94, logLikelihood: -11287.868488
[00:09:32] Bootstrap tree #95, logLikelihood: -10973.385159
[00:09:39] Bootstrap tree #96, logLikelihood: -11016.218316
[00:09:45] Bootstrap tree #97, logLikelihood: -11217.742530
[00:09:51] Bootstrap tree #98, logLikelihood: -11390.059610
[00:09:56] Bootstrap tree #99, logLikelihood: -10890.027444
[00:10:02] Bootstrap tree #100, logLikelihood: -11022.598516

Optimized model parameters:

   Partition 0: noname
   Rate heterogeneity: GAMMA (4 cats, mean),  alpha: 0.244783 (ML),  weights&rates: (0.250000,0.001877) (0.250000,0.062949) (0.250000,0.490354) (0.250000,3.444820) 
   Base frequencies (ML): 0.303265 0.211854 0.267716 0.217165 
   Substitution rates (ML): 1.297267 4.894750 0.886880 0.741688 10.132819 1.000000 

Final LogLikelihood: -11094.936852

All ML trees saved to: /mnt/lustre/scratch/home/uvi/be/avs/cancer_genes_selection/genes/HSP90AB1/tree/HSP90AB1.raxml.mlTrees
Best ML tree saved to: /mnt/lustre/scratch/home/uvi/be/avs/cancer_genes_selection/genes/HSP90AB1/tree/HSP90AB1.raxml.bestTree
Best ML tree with bootstrap support values saved to: /mnt/lustre/scratch/home/uvi/be/avs/cancer_genes_selection/genes/HSP90AB1/tree/HSP90AB1.raxml.support
Optimized model saved to: /mnt/lustre/scratch/home/uvi/be/avs/cancer_genes_selection/genes/HSP90AB1/tree/HSP90AB1.raxml.bestModel
Bootstrap trees saved to: /mnt/lustre/scratch/home/uvi/be/avs/cancer_genes_selection/genes/HSP90AB1/tree/HSP90AB1.raxml.bootstraps

Execution log saved to: /mnt/lustre/scratch/home/uvi/be/avs/cancer_genes_selection/genes/HSP90AB1/tree/HSP90AB1.raxml.log

Analysis started: 21-Mar-2018 19:59:11 / finished: 21-Mar-2018 20:09:16

Elapsed time: 604.643 seconds

