
RAxML-NG v. 0.5.1b BETA released on 01.12.2017 by The Exelixis Lab.
Authors: Alexey Kozlov, Alexandros Stamatakis, Diego Darriba, Tomas Flouri, Benoit Morel.
Latest version: https://github.com/amkozlov/raxml-ng
Questions/problems/suggestions? Please visit: https://groups.google.com/forum/#!forum/raxml

WARNING: This is a BETA release, please use at your own risk!

RAxML-NG was called as follows:

raxml-ng-mpi --all --msa /mnt/lustre/scratch/home/uvi/be/avs/cancer_genes_selection/genes/MSH2/align/MSH2_align_DNA_trimmed.fasta --model GTR+G -tree pars{10} --bs-trees 100 --prefix /mnt/lustre/scratch/home/uvi/be/avs/cancer_genes_selection/genes/MSH2/tree/MSH2 --redo

Analysis options:
  run mode: ML tree search + bootstrapping
  start tree(s): parsimony (10)
  random seed: 1521662939
  tip-inner: ON
  pattern compression: ON
  per-rate scalers: OFF
  site repeats: OFF
  branch lengths: ML estimate (linked)
  SIMD kernels: AVX2
  parallelization: NONE/sequential

WARNING: Running in REDO mode: existing checkpoints are ignored, and all result files will be overwritten!

[00:00:00] Reading alignment from file: /mnt/lustre/scratch/home/uvi/be/avs/cancer_genes_selection/genes/MSH2/align/MSH2_align_DNA_trimmed.fasta
[00:00:00] Loaded alignment with 28 taxa and 2805 sites

Alignment comprises 1 partitions and 1430 patterns

Partition 0: noname
Model: GTR+FO+G4m
Alignment sites / patterns: 2805 / 1430
Gaps: 3.60 %
Invariant sites: 43.28 %


[00:00:00] Generating parsimony starting tree(s) with 28 taxa
[00:00:01] Data distribution: partitions/thread: 1-1, patterns/thread: 1430-1430

Starting ML tree search with 10 distinct starting trees

[00:00:10] ML tree search #1, logLikelihood: -22760.453073
[00:00:20] ML tree search #2, logLikelihood: -22760.452280
[00:00:36] ML tree search #3, logLikelihood: -22760.452037
[00:00:45] ML tree search #4, logLikelihood: -22760.451385
[00:00:58] ML tree search #5, logLikelihood: -22760.451021
[00:01:10] ML tree search #6, logLikelihood: -22760.450920
[00:01:22] ML tree search #7, logLikelihood: -22760.451567
[00:01:34] ML tree search #8, logLikelihood: -22760.452531
[00:01:46] ML tree search #9, logLikelihood: -22760.450760
[00:01:58] ML tree search #10, logLikelihood: -22760.450988

[00:01:58] ML tree search completed, best tree logLH: -22760.450760

[00:01:58] Starting bootstrapping analysis with 100 replicates.

[00:02:10] Bootstrap tree #1, logLikelihood: -22565.457139
[00:02:19] Bootstrap tree #2, logLikelihood: -22205.254061
[00:02:30] Bootstrap tree #3, logLikelihood: -22719.792420
[00:02:41] Bootstrap tree #4, logLikelihood: -22531.612169
[00:02:51] Bootstrap tree #5, logLikelihood: -22265.582953
[00:03:01] Bootstrap tree #6, logLikelihood: -22277.371943
[00:03:10] Bootstrap tree #7, logLikelihood: -22280.799791
[00:03:20] Bootstrap tree #8, logLikelihood: -22594.967821
[00:03:28] Bootstrap tree #9, logLikelihood: -22975.363120
[00:03:42] Bootstrap tree #10, logLikelihood: -22694.407743
[00:03:53] Bootstrap tree #11, logLikelihood: -22386.018336
[00:04:03] Bootstrap tree #12, logLikelihood: -22559.241502
[00:04:16] Bootstrap tree #13, logLikelihood: -22530.911622
[00:04:26] Bootstrap tree #14, logLikelihood: -22296.945230
[00:04:37] Bootstrap tree #15, logLikelihood: -22505.645663
[00:04:50] Bootstrap tree #16, logLikelihood: -23124.740412
[00:05:01] Bootstrap tree #17, logLikelihood: -22508.328061
[00:05:11] Bootstrap tree #18, logLikelihood: -23252.811793
[00:05:21] Bootstrap tree #19, logLikelihood: -23196.644226
[00:05:31] Bootstrap tree #20, logLikelihood: -22287.098896
[00:05:41] Bootstrap tree #21, logLikelihood: -22676.345723
[00:05:54] Bootstrap tree #22, logLikelihood: -21948.569034
[00:06:06] Bootstrap tree #23, logLikelihood: -22402.243846
[00:06:17] Bootstrap tree #24, logLikelihood: -22306.813083
[00:06:29] Bootstrap tree #25, logLikelihood: -21812.883550
[00:06:41] Bootstrap tree #26, logLikelihood: -22240.196164
[00:06:50] Bootstrap tree #27, logLikelihood: -22760.389387
[00:07:01] Bootstrap tree #28, logLikelihood: -23198.597985
[00:07:12] Bootstrap tree #29, logLikelihood: -22861.057211
[00:07:23] Bootstrap tree #30, logLikelihood: -22325.740629
[00:07:35] Bootstrap tree #31, logLikelihood: -22470.238491
[00:07:44] Bootstrap tree #32, logLikelihood: -22147.174317
[00:07:57] Bootstrap tree #33, logLikelihood: -22267.374654
[00:08:07] Bootstrap tree #34, logLikelihood: -22198.539405
[00:08:18] Bootstrap tree #35, logLikelihood: -22943.005061
[00:08:27] Bootstrap tree #36, logLikelihood: -22826.810475
[00:08:39] Bootstrap tree #37, logLikelihood: -23451.041054
[00:08:53] Bootstrap tree #38, logLikelihood: -23174.022999
[00:09:03] Bootstrap tree #39, logLikelihood: -22333.784076
[00:09:16] Bootstrap tree #40, logLikelihood: -22648.179735
[00:09:29] Bootstrap tree #41, logLikelihood: -23236.885892
[00:09:39] Bootstrap tree #42, logLikelihood: -22656.356166
[00:09:50] Bootstrap tree #43, logLikelihood: -23414.226649
[00:10:03] Bootstrap tree #44, logLikelihood: -22535.839513
[00:10:13] Bootstrap tree #45, logLikelihood: -23088.634306
[00:10:25] Bootstrap tree #46, logLikelihood: -23289.435427
[00:10:35] Bootstrap tree #47, logLikelihood: -23022.064366
[00:10:46] Bootstrap tree #48, logLikelihood: -22354.254519
[00:11:00] Bootstrap tree #49, logLikelihood: -23271.000570
[00:11:15] Bootstrap tree #50, logLikelihood: -22404.665468
[00:11:28] Bootstrap tree #51, logLikelihood: -21997.198481
[00:11:38] Bootstrap tree #52, logLikelihood: -22453.439638
[00:11:50] Bootstrap tree #53, logLikelihood: -23232.882154
[00:12:01] Bootstrap tree #54, logLikelihood: -22112.424690
[00:12:12] Bootstrap tree #55, logLikelihood: -22774.824504
[00:12:25] Bootstrap tree #56, logLikelihood: -22973.104537
[00:12:36] Bootstrap tree #57, logLikelihood: -22460.364006
[00:12:47] Bootstrap tree #58, logLikelihood: -22897.770623
[00:12:58] Bootstrap tree #59, logLikelihood: -23267.187168
[00:13:09] Bootstrap tree #60, logLikelihood: -22354.153630
[00:13:20] Bootstrap tree #61, logLikelihood: -22503.357295
[00:13:29] Bootstrap tree #62, logLikelihood: -22891.039456
[00:13:40] Bootstrap tree #63, logLikelihood: -23095.677746
[00:13:55] Bootstrap tree #64, logLikelihood: -22743.178514
[00:14:07] Bootstrap tree #65, logLikelihood: -21938.933893
[00:14:17] Bootstrap tree #66, logLikelihood: -22951.853125
[00:14:30] Bootstrap tree #67, logLikelihood: -22515.944131
[00:14:43] Bootstrap tree #68, logLikelihood: -23018.514428
[00:14:55] Bootstrap tree #69, logLikelihood: -23036.221847
[00:15:10] Bootstrap tree #70, logLikelihood: -22212.203065
[00:15:21] Bootstrap tree #71, logLikelihood: -22231.019939
[00:15:35] Bootstrap tree #72, logLikelihood: -22343.854844
[00:15:48] Bootstrap tree #73, logLikelihood: -23465.883731
[00:16:04] Bootstrap tree #74, logLikelihood: -22807.367365
[00:16:18] Bootstrap tree #75, logLikelihood: -22414.388495
[00:16:31] Bootstrap tree #76, logLikelihood: -22722.915844
[00:16:43] Bootstrap tree #77, logLikelihood: -23283.933080
[00:16:54] Bootstrap tree #78, logLikelihood: -22694.103072
[00:17:06] Bootstrap tree #79, logLikelihood: -22724.964923
[00:17:18] Bootstrap tree #80, logLikelihood: -23056.755531
[00:17:29] Bootstrap tree #81, logLikelihood: -23092.394199
[00:17:42] Bootstrap tree #82, logLikelihood: -23061.087480
[00:17:52] Bootstrap tree #83, logLikelihood: -22981.337167
[00:18:04] Bootstrap tree #84, logLikelihood: -22110.969524
[00:18:16] Bootstrap tree #85, logLikelihood: -23044.021336
[00:18:27] Bootstrap tree #86, logLikelihood: -22710.929534
[00:18:39] Bootstrap tree #87, logLikelihood: -22172.918249
[00:18:51] Bootstrap tree #88, logLikelihood: -21345.308028
[00:19:04] Bootstrap tree #89, logLikelihood: -22285.319205
[00:19:14] Bootstrap tree #90, logLikelihood: -22156.277903
[00:19:28] Bootstrap tree #91, logLikelihood: -22655.779881
[00:19:39] Bootstrap tree #92, logLikelihood: -22527.581032
[00:19:53] Bootstrap tree #93, logLikelihood: -22700.854484
[00:20:10] Bootstrap tree #94, logLikelihood: -23019.295684
[00:20:22] Bootstrap tree #95, logLikelihood: -22925.398393
[00:20:34] Bootstrap tree #96, logLikelihood: -22593.758412
[00:20:46] Bootstrap tree #97, logLikelihood: -22270.754008
[00:21:00] Bootstrap tree #98, logLikelihood: -22432.909652
[00:21:14] Bootstrap tree #99, logLikelihood: -22478.745343
[00:21:26] Bootstrap tree #100, logLikelihood: -22502.398746

Optimized model parameters:

   Partition 0: noname
   Rate heterogeneity: GAMMA (4 cats, mean),  alpha: 0.620767 (ML),  weights&rates: (0.250000,0.057418) (0.250000,0.323621) (0.250000,0.891555) (0.250000,2.727407) 
   Base frequencies (ML): 0.288028 0.192143 0.249518 0.270312 
   Substitution rates (ML): 1.890950 4.753583 1.021951 1.489732 6.568140 1.000000 

Final LogLikelihood: -22760.450760

All ML trees saved to: /mnt/lustre/scratch/home/uvi/be/avs/cancer_genes_selection/genes/MSH2/tree/MSH2.raxml.mlTrees
Best ML tree saved to: /mnt/lustre/scratch/home/uvi/be/avs/cancer_genes_selection/genes/MSH2/tree/MSH2.raxml.bestTree
Best ML tree with bootstrap support values saved to: /mnt/lustre/scratch/home/uvi/be/avs/cancer_genes_selection/genes/MSH2/tree/MSH2.raxml.support
Optimized model saved to: /mnt/lustre/scratch/home/uvi/be/avs/cancer_genes_selection/genes/MSH2/tree/MSH2.raxml.bestModel
Bootstrap trees saved to: /mnt/lustre/scratch/home/uvi/be/avs/cancer_genes_selection/genes/MSH2/tree/MSH2.raxml.bootstraps

Execution log saved to: /mnt/lustre/scratch/home/uvi/be/avs/cancer_genes_selection/genes/MSH2/tree/MSH2.raxml.log

Analysis started: 21-Mar-2018 21:08:58 / finished: 21-Mar-2018 21:30:28

Elapsed time: 1289.823 seconds

