
RAxML-NG v. 0.5.1b BETA released on 01.12.2017 by The Exelixis Lab.
Authors: Alexey Kozlov, Alexandros Stamatakis, Diego Darriba, Tomas Flouri, Benoit Morel.
Latest version: https://github.com/amkozlov/raxml-ng
Questions/problems/suggestions? Please visit: https://groups.google.com/forum/#!forum/raxml

WARNING: This is a BETA release, please use at your own risk!

RAxML-NG was called as follows:

raxml-ng-mpi --all --msa /mnt/lustre/scratch/home/uvi/be/avs/cancer_genes_selection/genes/MSH2/align/MSH2_align_DNA_trimmed2.fasta --model GTR+G -tree pars{10} --bs-trees 100 --prefix /mnt/lustre/scratch/home/uvi/be/avs/cancer_genes_selection/genes/MSH2/tree/MSH2_trimmed --redo

Analysis options:
  run mode: ML tree search + bootstrapping
  start tree(s): parsimony (10)
  random seed: 1522098026
  tip-inner: ON
  pattern compression: ON
  per-rate scalers: OFF
  site repeats: OFF
  branch lengths: ML estimate (linked)
  SIMD kernels: AVX2
  parallelization: NONE/sequential

WARNING: Running in REDO mode: existing checkpoints are ignored, and all result files will be overwritten!

[00:00:00] Reading alignment from file: /mnt/lustre/scratch/home/uvi/be/avs/cancer_genes_selection/genes/MSH2/align/MSH2_align_DNA_trimmed2.fasta
[00:00:01] Loaded alignment with 28 taxa and 2805 sites

Alignment comprises 1 partitions and 1430 patterns

Partition 0: noname
Model: GTR+FO+G4m
Alignment sites / patterns: 2805 / 1430
Gaps: 3.60 %
Invariant sites: 43.28 %


[00:00:01] Generating parsimony starting tree(s) with 28 taxa
[00:00:01] Data distribution: partitions/thread: 1-1, patterns/thread: 1430-1430

Starting ML tree search with 10 distinct starting trees

[00:00:18] ML tree search #1, logLikelihood: -22760.451085
[00:00:32] ML tree search #2, logLikelihood: -22760.451708
[00:00:44] ML tree search #3, logLikelihood: -22760.451121
[00:00:56] ML tree search #4, logLikelihood: -22760.451323
[00:01:11] ML tree search #5, logLikelihood: -22760.451400
[00:01:25] ML tree search #6, logLikelihood: -22760.452831
[00:01:37] ML tree search #7, logLikelihood: -22760.451498
[00:01:51] ML tree search #8, logLikelihood: -22760.451362
[00:02:05] ML tree search #9, logLikelihood: -22760.451512
[00:02:21] ML tree search #10, logLikelihood: -22760.451173

[00:02:21] ML tree search completed, best tree logLH: -22760.451085

[00:02:21] Starting bootstrapping analysis with 100 replicates.

[00:02:36] Bootstrap tree #1, logLikelihood: -22763.841973
[00:02:52] Bootstrap tree #2, logLikelihood: -22386.618047
[00:03:06] Bootstrap tree #3, logLikelihood: -22214.822483
[00:03:20] Bootstrap tree #4, logLikelihood: -22569.555276
[00:03:37] Bootstrap tree #5, logLikelihood: -23137.011516
[00:03:53] Bootstrap tree #6, logLikelihood: -22842.727250
[00:04:06] Bootstrap tree #7, logLikelihood: -22662.723569
[00:04:20] Bootstrap tree #8, logLikelihood: -22936.112173
[00:04:35] Bootstrap tree #9, logLikelihood: -21681.973087
[00:04:53] Bootstrap tree #10, logLikelihood: -23081.033095
[00:05:07] Bootstrap tree #11, logLikelihood: -22872.594341
[00:05:22] Bootstrap tree #12, logLikelihood: -22748.172797
[00:05:40] Bootstrap tree #13, logLikelihood: -22559.757784
[00:05:55] Bootstrap tree #14, logLikelihood: -22592.489855
[00:06:11] Bootstrap tree #15, logLikelihood: -22280.228003
[00:06:28] Bootstrap tree #16, logLikelihood: -22415.176592
[00:06:43] Bootstrap tree #17, logLikelihood: -22478.050782
[00:07:00] Bootstrap tree #18, logLikelihood: -22552.204798
[00:07:16] Bootstrap tree #19, logLikelihood: -23074.085676
[00:07:32] Bootstrap tree #20, logLikelihood: -23002.846120
[00:07:47] Bootstrap tree #21, logLikelihood: -22586.126955
[00:08:05] Bootstrap tree #22, logLikelihood: -22646.057312
[00:08:23] Bootstrap tree #23, logLikelihood: -22969.177721
[00:08:41] Bootstrap tree #24, logLikelihood: -22475.555608
[00:08:57] Bootstrap tree #25, logLikelihood: -22771.589642
[00:09:18] Bootstrap tree #26, logLikelihood: -22445.425633
[00:09:38] Bootstrap tree #27, logLikelihood: -23133.990384
[00:09:57] Bootstrap tree #28, logLikelihood: -22892.094637
[00:10:16] Bootstrap tree #29, logLikelihood: -22603.190008
[00:10:33] Bootstrap tree #30, logLikelihood: -23277.282781
[00:10:50] Bootstrap tree #31, logLikelihood: -22616.001395
[00:11:14] Bootstrap tree #32, logLikelihood: -23403.172449
[00:11:29] Bootstrap tree #33, logLikelihood: -22718.379024
[00:11:46] Bootstrap tree #34, logLikelihood: -22708.038969
[00:12:01] Bootstrap tree #35, logLikelihood: -22858.330536
[00:12:17] Bootstrap tree #36, logLikelihood: -22760.126220
[00:12:32] Bootstrap tree #37, logLikelihood: -22837.399407
[00:12:48] Bootstrap tree #38, logLikelihood: -22136.064390
[00:13:06] Bootstrap tree #39, logLikelihood: -23223.454073
[00:13:24] Bootstrap tree #40, logLikelihood: -23142.241799
[00:13:41] Bootstrap tree #41, logLikelihood: -23423.882801
[00:13:59] Bootstrap tree #42, logLikelihood: -22968.929933
[00:14:17] Bootstrap tree #43, logLikelihood: -23000.018256
[00:14:34] Bootstrap tree #44, logLikelihood: -22394.568052
[00:14:50] Bootstrap tree #45, logLikelihood: -23201.959452
[00:15:08] Bootstrap tree #46, logLikelihood: -22888.644424
[00:15:26] Bootstrap tree #47, logLikelihood: -22912.033199
[00:15:43] Bootstrap tree #48, logLikelihood: -22856.508092
[00:15:59] Bootstrap tree #49, logLikelihood: -22265.912818
[00:16:15] Bootstrap tree #50, logLikelihood: -22561.674959
[00:16:31] Bootstrap tree #51, logLikelihood: -23114.618904
[00:16:48] Bootstrap tree #52, logLikelihood: -23030.121432
[00:17:04] Bootstrap tree #53, logLikelihood: -23028.564877
[00:17:18] Bootstrap tree #54, logLikelihood: -22550.849051
[00:17:33] Bootstrap tree #55, logLikelihood: -22588.783720
[00:17:48] Bootstrap tree #56, logLikelihood: -23018.297506
[00:18:03] Bootstrap tree #57, logLikelihood: -23163.443508
[00:18:20] Bootstrap tree #58, logLikelihood: -22894.418222
[00:18:36] Bootstrap tree #59, logLikelihood: -22526.359147
[00:18:53] Bootstrap tree #60, logLikelihood: -22562.215876
[00:19:07] Bootstrap tree #61, logLikelihood: -23074.068968
[00:19:26] Bootstrap tree #62, logLikelihood: -22403.482270
[00:19:41] Bootstrap tree #63, logLikelihood: -22374.490308
[00:19:57] Bootstrap tree #64, logLikelihood: -22235.349741
[00:20:13] Bootstrap tree #65, logLikelihood: -22504.799729
[00:20:30] Bootstrap tree #66, logLikelihood: -23349.227918
[00:20:45] Bootstrap tree #67, logLikelihood: -22518.497943
[00:21:01] Bootstrap tree #68, logLikelihood: -22587.727787
[00:21:17] Bootstrap tree #69, logLikelihood: -22511.136320
[00:21:32] Bootstrap tree #70, logLikelihood: -22618.623109
[00:21:48] Bootstrap tree #71, logLikelihood: -22743.096070
[00:22:03] Bootstrap tree #72, logLikelihood: -22802.255176
[00:22:17] Bootstrap tree #73, logLikelihood: -22585.254672
[00:22:30] Bootstrap tree #74, logLikelihood: -23078.255470
[00:22:43] Bootstrap tree #75, logLikelihood: -22219.781708
[00:22:58] Bootstrap tree #76, logLikelihood: -22599.072842
[00:23:11] Bootstrap tree #77, logLikelihood: -22429.759271
[00:23:25] Bootstrap tree #78, logLikelihood: -23080.991589
[00:23:43] Bootstrap tree #79, logLikelihood: -22563.670717
[00:24:00] Bootstrap tree #80, logLikelihood: -23052.145082
[00:24:17] Bootstrap tree #81, logLikelihood: -23261.468932
[00:24:36] Bootstrap tree #82, logLikelihood: -22604.190388
[00:24:56] Bootstrap tree #83, logLikelihood: -22479.094277
[00:25:16] Bootstrap tree #84, logLikelihood: -22305.265801
[00:25:34] Bootstrap tree #85, logLikelihood: -22400.709676
[00:25:50] Bootstrap tree #86, logLikelihood: -22270.136862
[00:26:07] Bootstrap tree #87, logLikelihood: -22920.927650
[00:26:26] Bootstrap tree #88, logLikelihood: -23091.013100
[00:26:42] Bootstrap tree #89, logLikelihood: -22244.334805
[00:27:00] Bootstrap tree #90, logLikelihood: -22700.175020
[00:27:14] Bootstrap tree #91, logLikelihood: -22960.256591
[00:27:32] Bootstrap tree #92, logLikelihood: -22765.116348
[00:27:47] Bootstrap tree #93, logLikelihood: -23044.292046
[00:28:03] Bootstrap tree #94, logLikelihood: -23381.351126
[00:28:19] Bootstrap tree #95, logLikelihood: -22321.296753
[00:28:36] Bootstrap tree #96, logLikelihood: -22709.982923
[00:28:54] Bootstrap tree #97, logLikelihood: -23137.625970
[00:29:10] Bootstrap tree #98, logLikelihood: -22821.129087
[00:29:33] Bootstrap tree #99, logLikelihood: -22557.411175
[00:29:51] Bootstrap tree #100, logLikelihood: -23268.739362

Optimized model parameters:

   Partition 0: noname
   Rate heterogeneity: GAMMA (4 cats, mean),  alpha: 0.643928 (ML),  weights&rates: (0.250000,0.062276) (0.250000,0.335828) (0.250000,0.902175) (0.250000,2.699721) 
   Base frequencies (ML): 0.304633 0.194637 0.237734 0.262996 
   Substitution rates (ML): 1.633793 4.702376 1.009368 1.447252 6.216126 1.000000 

Final LogLikelihood: -22760.451085

All ML trees saved to: /mnt/lustre/scratch/home/uvi/be/avs/cancer_genes_selection/genes/MSH2/tree/MSH2_trimmed.raxml.mlTrees
Best ML tree saved to: /mnt/lustre/scratch/home/uvi/be/avs/cancer_genes_selection/genes/MSH2/tree/MSH2_trimmed.raxml.bestTree
Best ML tree with bootstrap support values saved to: /mnt/lustre/scratch/home/uvi/be/avs/cancer_genes_selection/genes/MSH2/tree/MSH2_trimmed.raxml.support
Optimized model saved to: /mnt/lustre/scratch/home/uvi/be/avs/cancer_genes_selection/genes/MSH2/tree/MSH2_trimmed.raxml.bestModel
Bootstrap trees saved to: /mnt/lustre/scratch/home/uvi/be/avs/cancer_genes_selection/genes/MSH2/tree/MSH2_trimmed.raxml.bootstraps

Execution log saved to: /mnt/lustre/scratch/home/uvi/be/avs/cancer_genes_selection/genes/MSH2/tree/MSH2_trimmed.raxml.log

Analysis started: 26-Mar-2018 23:00:26 / finished: 26-Mar-2018 23:30:24

Elapsed time: 1798.161 seconds

