
RAxML-NG v. 0.5.1b BETA released on 01.12.2017 by The Exelixis Lab.
Authors: Alexey Kozlov, Alexandros Stamatakis, Diego Darriba, Tomas Flouri, Benoit Morel.
Latest version: https://github.com/amkozlov/raxml-ng
Questions/problems/suggestions? Please visit: https://groups.google.com/forum/#!forum/raxml

WARNING: This is a BETA release, please use at your own risk!

RAxML-NG was called as follows:

raxml-ng-mpi --all --msa /mnt/lustre/scratch/home/uvi/be/avs/cancer_genes_selection/genes/LZTR1/align/LZTR1_align_DNA_trimmed2.fasta --model GTR+G -tree pars{10} --bs-trees 100 --prefix /mnt/lustre/scratch/home/uvi/be/avs/cancer_genes_selection/genes/LZTR1/tree/LZTR1_trimmed --redo

Analysis options:
  run mode: ML tree search + bootstrapping
  start tree(s): parsimony (10)
  random seed: 1522097101
  tip-inner: ON
  pattern compression: ON
  per-rate scalers: OFF
  site repeats: OFF
  branch lengths: ML estimate (linked)
  SIMD kernels: AVX2
  parallelization: NONE/sequential

WARNING: Running in REDO mode: existing checkpoints are ignored, and all result files will be overwritten!

[00:00:00] Reading alignment from file: /mnt/lustre/scratch/home/uvi/be/avs/cancer_genes_selection/genes/LZTR1/align/LZTR1_align_DNA_trimmed2.fasta
[00:00:00] Loaded alignment with 27 taxa and 2523 sites

Alignment comprises 1 partitions and 971 patterns

Partition 0: noname
Model: GTR+FO+G4m
Alignment sites / patterns: 2523 / 971
Gaps: 1.47 %
Invariant sites: 54.42 %


[00:00:01] Generating parsimony starting tree(s) with 27 taxa
[00:00:01] Data distribution: partitions/thread: 1-1, patterns/thread: 971-971

Starting ML tree search with 10 distinct starting trees

[00:00:11] ML tree search #1, logLikelihood: -18487.855791
[00:00:24] ML tree search #2, logLikelihood: -18487.840243
[00:00:36] ML tree search #3, logLikelihood: -18487.839704
[00:00:48] ML tree search #4, logLikelihood: -18487.838518
[00:01:02] ML tree search #5, logLikelihood: -18487.839688
[00:01:14] ML tree search #6, logLikelihood: -18487.851643
[00:01:27] ML tree search #7, logLikelihood: -18487.838886
[00:01:37] ML tree search #8, logLikelihood: -18487.838479
[00:01:50] ML tree search #9, logLikelihood: -18487.839956
[00:02:03] ML tree search #10, logLikelihood: -18487.837867

[00:02:03] ML tree search completed, best tree logLH: -18487.837867

[00:02:03] Starting bootstrapping analysis with 100 replicates.

[00:02:14] Bootstrap tree #1, logLikelihood: -18678.443950
[00:02:25] Bootstrap tree #2, logLikelihood: -17929.561770
[00:02:38] Bootstrap tree #3, logLikelihood: -18364.671452
[00:02:49] Bootstrap tree #4, logLikelihood: -18988.433237
[00:03:01] Bootstrap tree #5, logLikelihood: -18407.696459
[00:03:13] Bootstrap tree #6, logLikelihood: -17880.054997
[00:03:27] Bootstrap tree #7, logLikelihood: -18517.937864
[00:03:40] Bootstrap tree #8, logLikelihood: -18906.739770
[00:03:51] Bootstrap tree #9, logLikelihood: -18299.396987
[00:04:02] Bootstrap tree #10, logLikelihood: -18249.071728
[00:04:13] Bootstrap tree #11, logLikelihood: -17853.401826
[00:04:24] Bootstrap tree #12, logLikelihood: -18520.419839
[00:04:35] Bootstrap tree #13, logLikelihood: -18601.419532
[00:04:47] Bootstrap tree #14, logLikelihood: -19170.431503
[00:04:58] Bootstrap tree #15, logLikelihood: -18594.007426
[00:05:10] Bootstrap tree #16, logLikelihood: -18732.473443
[00:05:20] Bootstrap tree #17, logLikelihood: -18438.081079
[00:05:30] Bootstrap tree #18, logLikelihood: -18749.645131
[00:05:40] Bootstrap tree #19, logLikelihood: -18397.076922
[00:05:52] Bootstrap tree #20, logLikelihood: -18316.713669
[00:06:04] Bootstrap tree #21, logLikelihood: -18593.204339
[00:06:15] Bootstrap tree #22, logLikelihood: -18698.454612
[00:06:27] Bootstrap tree #23, logLikelihood: -18348.569955
[00:06:37] Bootstrap tree #24, logLikelihood: -18297.120626
[00:06:48] Bootstrap tree #25, logLikelihood: -17986.350540
[00:06:58] Bootstrap tree #26, logLikelihood: -17978.601328
[00:07:10] Bootstrap tree #27, logLikelihood: -18627.312731
[00:07:21] Bootstrap tree #28, logLikelihood: -18112.442950
[00:07:32] Bootstrap tree #29, logLikelihood: -18680.060471
[00:07:42] Bootstrap tree #30, logLikelihood: -18125.689826
[00:07:51] Bootstrap tree #31, logLikelihood: -18623.406669
[00:08:05] Bootstrap tree #32, logLikelihood: -18986.747616
[00:08:17] Bootstrap tree #33, logLikelihood: -18568.239755
[00:08:28] Bootstrap tree #34, logLikelihood: -17956.801400
[00:08:39] Bootstrap tree #35, logLikelihood: -18305.485125
[00:08:50] Bootstrap tree #36, logLikelihood: -18756.928035
[00:09:02] Bootstrap tree #37, logLikelihood: -19112.571944
[00:09:12] Bootstrap tree #38, logLikelihood: -19143.854456
[00:09:23] Bootstrap tree #39, logLikelihood: -18800.267250
[00:09:33] Bootstrap tree #40, logLikelihood: -18198.166873
[00:09:43] Bootstrap tree #41, logLikelihood: -18415.603279
[00:09:57] Bootstrap tree #42, logLikelihood: -18057.394314
[00:10:08] Bootstrap tree #43, logLikelihood: -18728.634029
[00:10:18] Bootstrap tree #44, logLikelihood: -18328.277251
[00:10:31] Bootstrap tree #45, logLikelihood: -18389.679830
[00:10:42] Bootstrap tree #46, logLikelihood: -19178.621423
[00:10:52] Bootstrap tree #47, logLikelihood: -18751.253339
[00:11:04] Bootstrap tree #48, logLikelihood: -18667.990082
[00:11:14] Bootstrap tree #49, logLikelihood: -18803.274981
[00:11:26] Bootstrap tree #50, logLikelihood: -17635.003978
[00:11:40] Bootstrap tree #51, logLikelihood: -18633.229601
[00:11:51] Bootstrap tree #52, logLikelihood: -18696.523272
[00:12:03] Bootstrap tree #53, logLikelihood: -18522.888151
[00:12:13] Bootstrap tree #54, logLikelihood: -18772.518677
[00:12:23] Bootstrap tree #55, logLikelihood: -18181.234769
[00:12:34] Bootstrap tree #56, logLikelihood: -18038.528702
[00:12:46] Bootstrap tree #57, logLikelihood: -18605.897538
[00:12:59] Bootstrap tree #58, logLikelihood: -18731.121690
[00:13:11] Bootstrap tree #59, logLikelihood: -19261.056545
[00:13:26] Bootstrap tree #60, logLikelihood: -18552.456191
[00:13:38] Bootstrap tree #61, logLikelihood: -18246.507912
[00:13:51] Bootstrap tree #62, logLikelihood: -18614.325720
[00:14:03] Bootstrap tree #63, logLikelihood: -18651.644222
[00:14:17] Bootstrap tree #64, logLikelihood: -18179.507179
[00:14:29] Bootstrap tree #65, logLikelihood: -18301.061981
[00:14:40] Bootstrap tree #66, logLikelihood: -18496.790275
[00:14:53] Bootstrap tree #67, logLikelihood: -18170.968721
[00:15:04] Bootstrap tree #68, logLikelihood: -18812.336724
[00:15:16] Bootstrap tree #69, logLikelihood: -18312.651709
[00:15:28] Bootstrap tree #70, logLikelihood: -18276.393135
[00:15:41] Bootstrap tree #71, logLikelihood: -18449.804448
[00:15:52] Bootstrap tree #72, logLikelihood: -18546.811488
[00:16:04] Bootstrap tree #73, logLikelihood: -18145.007675
[00:16:17] Bootstrap tree #74, logLikelihood: -18373.299414
[00:16:28] Bootstrap tree #75, logLikelihood: -18228.697703
[00:16:41] Bootstrap tree #76, logLikelihood: -18143.403734
[00:16:55] Bootstrap tree #77, logLikelihood: -18280.865131
[00:17:06] Bootstrap tree #78, logLikelihood: -17611.894516
[00:17:24] Bootstrap tree #79, logLikelihood: -18293.046664
[00:17:37] Bootstrap tree #80, logLikelihood: -18261.710030
[00:17:50] Bootstrap tree #81, logLikelihood: -19395.754410
[00:18:06] Bootstrap tree #82, logLikelihood: -18442.601859
[00:18:21] Bootstrap tree #83, logLikelihood: -18611.006110
[00:18:34] Bootstrap tree #84, logLikelihood: -18790.462436
[00:18:50] Bootstrap tree #85, logLikelihood: -18593.557798
[00:19:06] Bootstrap tree #86, logLikelihood: -18280.314981
[00:19:19] Bootstrap tree #87, logLikelihood: -18406.675682
[00:19:33] Bootstrap tree #88, logLikelihood: -18257.733595
[00:19:47] Bootstrap tree #89, logLikelihood: -18965.185780
[00:20:01] Bootstrap tree #90, logLikelihood: -18373.127998
[00:20:13] Bootstrap tree #91, logLikelihood: -18768.823037
[00:20:27] Bootstrap tree #92, logLikelihood: -17778.405163
[00:20:44] Bootstrap tree #93, logLikelihood: -18563.370381
[00:20:57] Bootstrap tree #94, logLikelihood: -18102.342001
[00:21:11] Bootstrap tree #95, logLikelihood: -18476.157650
[00:21:27] Bootstrap tree #96, logLikelihood: -18899.730857
[00:21:40] Bootstrap tree #97, logLikelihood: -18788.846472
[00:21:52] Bootstrap tree #98, logLikelihood: -17718.238392
[00:22:06] Bootstrap tree #99, logLikelihood: -18298.479001
[00:22:22] Bootstrap tree #100, logLikelihood: -19033.112230

Optimized model parameters:

   Partition 0: noname
   Rate heterogeneity: GAMMA (4 cats, mean),  alpha: 0.293432 (ML),  weights&rates: (0.250000,0.004778) (0.250000,0.099396) (0.250000,0.584606) (0.250000,3.311220) 
   Base frequencies (ML): 0.178299 0.324374 0.297889 0.199439 
   Substitution rates (ML): 1.476148 6.081356 1.746102 0.741748 6.727061 1.000000 

Final LogLikelihood: -18487.837867

All ML trees saved to: /mnt/lustre/scratch/home/uvi/be/avs/cancer_genes_selection/genes/LZTR1/tree/LZTR1_trimmed.raxml.mlTrees
Best ML tree saved to: /mnt/lustre/scratch/home/uvi/be/avs/cancer_genes_selection/genes/LZTR1/tree/LZTR1_trimmed.raxml.bestTree
Best ML tree with bootstrap support values saved to: /mnt/lustre/scratch/home/uvi/be/avs/cancer_genes_selection/genes/LZTR1/tree/LZTR1_trimmed.raxml.support
Optimized model saved to: /mnt/lustre/scratch/home/uvi/be/avs/cancer_genes_selection/genes/LZTR1/tree/LZTR1_trimmed.raxml.bestModel
Bootstrap trees saved to: /mnt/lustre/scratch/home/uvi/be/avs/cancer_genes_selection/genes/LZTR1/tree/LZTR1_trimmed.raxml.bootstraps

Execution log saved to: /mnt/lustre/scratch/home/uvi/be/avs/cancer_genes_selection/genes/LZTR1/tree/LZTR1_trimmed.raxml.log

Analysis started: 26-Mar-2018 22:45:00 / finished: 26-Mar-2018 23:07:27

Elapsed time: 1346.541 seconds

