
RAxML-NG v. 0.5.1b BETA released on 01.12.2017 by The Exelixis Lab.
Authors: Alexey Kozlov, Alexandros Stamatakis, Diego Darriba, Tomas Flouri, Benoit Morel.
Latest version: https://github.com/amkozlov/raxml-ng
Questions/problems/suggestions? Please visit: https://groups.google.com/forum/#!forum/raxml

WARNING: This is a BETA release, please use at your own risk!

RAxML-NG was called as follows:

raxml-ng-mpi --all --msa /mnt/lustre/scratch/home/uvi/be/avs/cancer_genes_selection/genes/BCOR/align/BCOR_align_DNA_trimmed2.fasta --model GTR+G -tree pars{10} --bs-trees 100 --prefix /mnt/lustre/scratch/home/uvi/be/avs/cancer_genes_selection/genes/BCOR/tree/BCOR_trimmed --redo

Analysis options:
  run mode: ML tree search + bootstrapping
  start tree(s): parsimony (10)
  random seed: 1522086619
  tip-inner: ON
  pattern compression: ON
  per-rate scalers: OFF
  site repeats: OFF
  branch lengths: ML estimate (linked)
  SIMD kernels: AVX2
  parallelization: NONE/sequential

WARNING: Running in REDO mode: existing checkpoints are ignored, and all result files will be overwritten!

[00:00:00] Reading alignment from file: /mnt/lustre/scratch/home/uvi/be/avs/cancer_genes_selection/genes/BCOR/align/BCOR_align_DNA_trimmed2.fasta
[00:00:00] Loaded alignment with 20 taxa and 5277 sites

Alignment comprises 1 partitions and 2406 patterns

Partition 0: noname
Model: GTR+FO+G4m
Alignment sites / patterns: 5277 / 2406
Gaps: 3.40 %
Invariant sites: 41.82 %


[00:00:01] Generating parsimony starting tree(s) with 20 taxa
[00:00:01] Data distribution: partitions/thread: 1-1, patterns/thread: 2406-2406

Starting ML tree search with 10 distinct starting trees

[00:00:11] ML tree search #1, logLikelihood: -42617.016047
[00:00:25] ML tree search #2, logLikelihood: -42617.022285
[00:00:39] ML tree search #3, logLikelihood: -42617.023149
[00:00:55] ML tree search #4, logLikelihood: -42617.024412
[00:01:10] ML tree search #5, logLikelihood: -42617.015693
[00:01:26] ML tree search #6, logLikelihood: -42617.014463
[00:01:39] ML tree search #7, logLikelihood: -42617.016063
[00:01:50] ML tree search #8, logLikelihood: -42617.015396
[00:02:04] ML tree search #9, logLikelihood: -42617.014660
[00:02:17] ML tree search #10, logLikelihood: -42617.015017

[00:02:17] ML tree search completed, best tree logLH: -42617.014463

[00:02:17] Starting bootstrapping analysis with 100 replicates.

[00:02:28] Bootstrap tree #1, logLikelihood: -42138.628423
[00:02:39] Bootstrap tree #2, logLikelihood: -42407.589429
[00:02:50] Bootstrap tree #3, logLikelihood: -43246.643191
[00:03:01] Bootstrap tree #4, logLikelihood: -43133.048265
[00:03:10] Bootstrap tree #5, logLikelihood: -43752.317714
[00:03:23] Bootstrap tree #6, logLikelihood: -41257.931167
[00:03:38] Bootstrap tree #7, logLikelihood: -41927.648221
[00:03:52] Bootstrap tree #8, logLikelihood: -42951.730700
[00:04:03] Bootstrap tree #9, logLikelihood: -42395.335437
[00:04:14] Bootstrap tree #10, logLikelihood: -43883.132871
[00:04:30] Bootstrap tree #11, logLikelihood: -42333.221654
[00:04:45] Bootstrap tree #12, logLikelihood: -42817.747504
[00:05:01] Bootstrap tree #13, logLikelihood: -42796.357526
[00:05:15] Bootstrap tree #14, logLikelihood: -42439.904599
[00:05:30] Bootstrap tree #15, logLikelihood: -42701.078938
[00:05:41] Bootstrap tree #16, logLikelihood: -43300.356627
[00:05:53] Bootstrap tree #17, logLikelihood: -42376.497020
[00:06:05] Bootstrap tree #18, logLikelihood: -42589.778371
[00:06:17] Bootstrap tree #19, logLikelihood: -43057.432268
[00:06:29] Bootstrap tree #20, logLikelihood: -42662.238484
[00:06:43] Bootstrap tree #21, logLikelihood: -42029.225428
[00:06:55] Bootstrap tree #22, logLikelihood: -43171.384140
[00:07:11] Bootstrap tree #23, logLikelihood: -42649.824576
[00:07:23] Bootstrap tree #24, logLikelihood: -41961.121631
[00:07:36] Bootstrap tree #25, logLikelihood: -42854.854351
[00:07:46] Bootstrap tree #26, logLikelihood: -43404.977228
[00:07:59] Bootstrap tree #27, logLikelihood: -42822.939216
[00:08:10] Bootstrap tree #28, logLikelihood: -42648.584140
[00:08:23] Bootstrap tree #29, logLikelihood: -42389.923509
[00:08:36] Bootstrap tree #30, logLikelihood: -41552.952027
[00:08:50] Bootstrap tree #31, logLikelihood: -42883.409200
[00:09:05] Bootstrap tree #32, logLikelihood: -42570.817779
[00:09:17] Bootstrap tree #33, logLikelihood: -41873.869866
[00:09:29] Bootstrap tree #34, logLikelihood: -42949.420982
[00:09:41] Bootstrap tree #35, logLikelihood: -42975.600640
[00:09:54] Bootstrap tree #36, logLikelihood: -42746.726945
[00:10:07] Bootstrap tree #37, logLikelihood: -42120.776651
[00:10:22] Bootstrap tree #38, logLikelihood: -42045.019480
[00:10:34] Bootstrap tree #39, logLikelihood: -42290.438783
[00:10:47] Bootstrap tree #40, logLikelihood: -43166.198710
[00:10:58] Bootstrap tree #41, logLikelihood: -42883.694234
[00:11:14] Bootstrap tree #42, logLikelihood: -42737.628079
[00:11:27] Bootstrap tree #43, logLikelihood: -42529.670206
[00:11:39] Bootstrap tree #44, logLikelihood: -42471.711159
[00:11:52] Bootstrap tree #45, logLikelihood: -42932.942493
[00:12:08] Bootstrap tree #46, logLikelihood: -42725.098252
[00:12:18] Bootstrap tree #47, logLikelihood: -42181.638699
[00:12:29] Bootstrap tree #48, logLikelihood: -41506.121923
[00:12:40] Bootstrap tree #49, logLikelihood: -42811.575686
[00:12:54] Bootstrap tree #50, logLikelihood: -41886.426066
[00:13:05] Bootstrap tree #51, logLikelihood: -42695.246042
[00:13:18] Bootstrap tree #52, logLikelihood: -42425.326642
[00:13:29] Bootstrap tree #53, logLikelihood: -43113.506574
[00:13:41] Bootstrap tree #54, logLikelihood: -42680.290403
[00:13:52] Bootstrap tree #55, logLikelihood: -42793.635126
[00:14:03] Bootstrap tree #56, logLikelihood: -41878.952045
[00:14:13] Bootstrap tree #57, logLikelihood: -41713.138242
[00:14:26] Bootstrap tree #58, logLikelihood: -42682.349319
[00:14:38] Bootstrap tree #59, logLikelihood: -41969.292847
[00:14:50] Bootstrap tree #60, logLikelihood: -42644.435235
[00:15:05] Bootstrap tree #61, logLikelihood: -42207.856037
[00:15:19] Bootstrap tree #62, logLikelihood: -42737.636126
[00:15:33] Bootstrap tree #63, logLikelihood: -43181.967443
[00:15:43] Bootstrap tree #64, logLikelihood: -42409.636957
[00:15:55] Bootstrap tree #65, logLikelihood: -43161.245536
[00:16:08] Bootstrap tree #66, logLikelihood: -42232.507034
[00:16:21] Bootstrap tree #67, logLikelihood: -42754.192760
[00:16:31] Bootstrap tree #68, logLikelihood: -42631.661096
[00:16:42] Bootstrap tree #69, logLikelihood: -42325.329332
[00:16:54] Bootstrap tree #70, logLikelihood: -41789.357000
[00:17:04] Bootstrap tree #71, logLikelihood: -42259.569948
[00:17:16] Bootstrap tree #72, logLikelihood: -42506.740642
[00:17:30] Bootstrap tree #73, logLikelihood: -42681.732674
[00:17:44] Bootstrap tree #74, logLikelihood: -42342.672612
[00:17:58] Bootstrap tree #75, logLikelihood: -43023.221606
[00:18:10] Bootstrap tree #76, logLikelihood: -43352.022924
[00:18:24] Bootstrap tree #77, logLikelihood: -42517.107369
[00:18:38] Bootstrap tree #78, logLikelihood: -42819.730528
[00:18:52] Bootstrap tree #79, logLikelihood: -42203.236805
[00:19:03] Bootstrap tree #80, logLikelihood: -43046.841937
[00:19:14] Bootstrap tree #81, logLikelihood: -42777.155099
[00:19:27] Bootstrap tree #82, logLikelihood: -42898.260814
[00:19:44] Bootstrap tree #83, logLikelihood: -42072.425714
[00:19:54] Bootstrap tree #84, logLikelihood: -43120.542179
[00:20:05] Bootstrap tree #85, logLikelihood: -42704.451019
[00:20:17] Bootstrap tree #86, logLikelihood: -42357.312473
[00:20:31] Bootstrap tree #87, logLikelihood: -42773.279631
[00:20:43] Bootstrap tree #88, logLikelihood: -42528.603739
[00:20:55] Bootstrap tree #89, logLikelihood: -42420.623288
[00:21:09] Bootstrap tree #90, logLikelihood: -43047.105301
[00:21:21] Bootstrap tree #91, logLikelihood: -43261.780714
[00:21:34] Bootstrap tree #92, logLikelihood: -42756.114819
[00:21:47] Bootstrap tree #93, logLikelihood: -42634.301806
[00:21:59] Bootstrap tree #94, logLikelihood: -43452.195858
[00:22:11] Bootstrap tree #95, logLikelihood: -42993.398209
[00:22:25] Bootstrap tree #96, logLikelihood: -44027.146758
[00:22:38] Bootstrap tree #97, logLikelihood: -41566.533452
[00:22:53] Bootstrap tree #98, logLikelihood: -41564.831816
[00:23:06] Bootstrap tree #99, logLikelihood: -42496.642516
[00:23:21] Bootstrap tree #100, logLikelihood: -42320.853578

Optimized model parameters:

   Partition 0: noname
   Rate heterogeneity: GAMMA (4 cats, mean),  alpha: 0.460384 (ML),  weights&rates: (0.250000,0.026302) (0.250000,0.225269) (0.250000,0.789156) (0.250000,2.959274) 
   Base frequencies (ML): 0.226337 0.312340 0.267912 0.193411 
   Substitution rates (ML): 1.038960 3.966710 0.447573 0.912511 4.222447 1.000000 

Final LogLikelihood: -42617.014463

All ML trees saved to: /mnt/lustre/scratch/home/uvi/be/avs/cancer_genes_selection/genes/BCOR/tree/BCOR_trimmed.raxml.mlTrees
Best ML tree saved to: /mnt/lustre/scratch/home/uvi/be/avs/cancer_genes_selection/genes/BCOR/tree/BCOR_trimmed.raxml.bestTree
Best ML tree with bootstrap support values saved to: /mnt/lustre/scratch/home/uvi/be/avs/cancer_genes_selection/genes/BCOR/tree/BCOR_trimmed.raxml.support
Optimized model saved to: /mnt/lustre/scratch/home/uvi/be/avs/cancer_genes_selection/genes/BCOR/tree/BCOR_trimmed.raxml.bestModel
Bootstrap trees saved to: /mnt/lustre/scratch/home/uvi/be/avs/cancer_genes_selection/genes/BCOR/tree/BCOR_trimmed.raxml.bootstraps

Execution log saved to: /mnt/lustre/scratch/home/uvi/be/avs/cancer_genes_selection/genes/BCOR/tree/BCOR_trimmed.raxml.log

Analysis started: 26-Mar-2018 19:50:19 / finished: 26-Mar-2018 20:13:45

Elapsed time: 1405.648 seconds

