
RAxML-NG v. 0.5.1b BETA released on 01.12.2017 by The Exelixis Lab.
Authors: Alexey Kozlov, Alexandros Stamatakis, Diego Darriba, Tomas Flouri, Benoit Morel.
Latest version: https://github.com/amkozlov/raxml-ng
Questions/problems/suggestions? Please visit: https://groups.google.com/forum/#!forum/raxml

WARNING: This is a BETA release, please use at your own risk!

RAxML-NG was called as follows:

raxml-ng-mpi --all --msa /mnt/lustre/scratch/home/uvi/be/avs/cancer_genes_selection/genes/CBL/align/CBL_align_DNA_trimmed.fasta --model GTR+G -tree pars{10} --bs-trees 100 --prefix /mnt/lustre/scratch/home/uvi/be/avs/cancer_genes_selection/genes/CBL/tree/CBL --redo

Analysis options:
  run mode: ML tree search + bootstrapping
  start tree(s): parsimony (10)
  random seed: 1521648007
  tip-inner: ON
  pattern compression: ON
  per-rate scalers: OFF
  site repeats: OFF
  branch lengths: ML estimate (linked)
  SIMD kernels: AVX2
  parallelization: NONE/sequential

WARNING: Running in REDO mode: existing checkpoints are ignored, and all result files will be overwritten!

[00:00:00] Reading alignment from file: /mnt/lustre/scratch/home/uvi/be/avs/cancer_genes_selection/genes/CBL/align/CBL_align_DNA_trimmed.fasta
[00:00:00] Loaded alignment with 22 taxa and 2742 sites

Alignment comprises 1 partitions and 1091 patterns

Partition 0: noname
Model: GTR+FO+G4m
Alignment sites / patterns: 2742 / 1091
Gaps: 6.02 %
Invariant sites: 52.66 %


[00:00:00] Generating parsimony starting tree(s) with 22 taxa
[00:00:01] Data distribution: partitions/thread: 1-1, patterns/thread: 1091-1091

Starting ML tree search with 10 distinct starting trees

[00:00:07] ML tree search #1, logLikelihood: -16743.228904
[00:00:13] ML tree search #2, logLikelihood: -16743.228954
[00:00:20] ML tree search #3, logLikelihood: -16743.228881
[00:00:27] ML tree search #4, logLikelihood: -16743.229049
[00:00:33] ML tree search #5, logLikelihood: -16743.229304
[00:00:40] ML tree search #6, logLikelihood: -16743.228995
[00:00:48] ML tree search #7, logLikelihood: -16743.229800
[00:00:55] ML tree search #8, logLikelihood: -16743.229309
[00:01:04] ML tree search #9, logLikelihood: -16743.228899
[00:01:14] ML tree search #10, logLikelihood: -16743.229217

[00:01:14] ML tree search completed, best tree logLH: -16743.228881

[00:01:14] Starting bootstrapping analysis with 100 replicates.

[00:01:21] Bootstrap tree #1, logLikelihood: -16598.838662
[00:01:30] Bootstrap tree #2, logLikelihood: -16427.802953
[00:01:36] Bootstrap tree #3, logLikelihood: -16571.109028
[00:01:43] Bootstrap tree #4, logLikelihood: -17159.960675
[00:01:49] Bootstrap tree #5, logLikelihood: -15926.758206
[00:01:55] Bootstrap tree #6, logLikelihood: -16687.591009
[00:02:01] Bootstrap tree #7, logLikelihood: -16727.174285
[00:02:10] Bootstrap tree #8, logLikelihood: -17209.652464
[00:02:20] Bootstrap tree #9, logLikelihood: -16745.093273
[00:02:30] Bootstrap tree #10, logLikelihood: -16266.832503
[00:02:40] Bootstrap tree #11, logLikelihood: -17297.233498
[00:02:49] Bootstrap tree #12, logLikelihood: -16570.363315
[00:02:56] Bootstrap tree #13, logLikelihood: -16216.303361
[00:03:04] Bootstrap tree #14, logLikelihood: -16652.986297
[00:03:11] Bootstrap tree #15, logLikelihood: -16365.721373
[00:03:19] Bootstrap tree #16, logLikelihood: -16722.651825
[00:03:26] Bootstrap tree #17, logLikelihood: -17275.759518
[00:03:32] Bootstrap tree #18, logLikelihood: -16256.478003
[00:03:39] Bootstrap tree #19, logLikelihood: -16953.198258
[00:03:45] Bootstrap tree #20, logLikelihood: -16375.636762
[00:03:52] Bootstrap tree #21, logLikelihood: -16754.483832
[00:03:59] Bootstrap tree #22, logLikelihood: -16618.533923
[00:04:07] Bootstrap tree #23, logLikelihood: -16614.984899
[00:04:13] Bootstrap tree #24, logLikelihood: -17450.891286
[00:04:25] Bootstrap tree #25, logLikelihood: -16661.775331
[00:04:34] Bootstrap tree #26, logLikelihood: -16819.996171
[00:04:40] Bootstrap tree #27, logLikelihood: -16642.653308
[00:04:46] Bootstrap tree #28, logLikelihood: -16834.102076
[00:04:53] Bootstrap tree #29, logLikelihood: -16519.888730
[00:04:59] Bootstrap tree #30, logLikelihood: -16211.191820
[00:05:06] Bootstrap tree #31, logLikelihood: -16652.099322
[00:05:13] Bootstrap tree #32, logLikelihood: -16784.779623
[00:05:21] Bootstrap tree #33, logLikelihood: -16690.340356
[00:05:27] Bootstrap tree #34, logLikelihood: -16495.096231
[00:05:35] Bootstrap tree #35, logLikelihood: -16805.290940
[00:05:42] Bootstrap tree #36, logLikelihood: -16294.661004
[00:05:51] Bootstrap tree #37, logLikelihood: -16582.932131
[00:05:58] Bootstrap tree #38, logLikelihood: -16828.337385
[00:06:07] Bootstrap tree #39, logLikelihood: -16883.719211
[00:06:15] Bootstrap tree #40, logLikelihood: -16963.724946
[00:06:22] Bootstrap tree #41, logLikelihood: -16664.987077
[00:06:30] Bootstrap tree #42, logLikelihood: -17229.227169
[00:06:37] Bootstrap tree #43, logLikelihood: -16648.118883
[00:06:45] Bootstrap tree #44, logLikelihood: -16808.564429
[00:06:51] Bootstrap tree #45, logLikelihood: -16672.579918
[00:06:58] Bootstrap tree #46, logLikelihood: -17020.976349
[00:07:04] Bootstrap tree #47, logLikelihood: -16918.078701
[00:07:12] Bootstrap tree #48, logLikelihood: -16637.360198
[00:07:20] Bootstrap tree #49, logLikelihood: -17307.461767
[00:07:27] Bootstrap tree #50, logLikelihood: -16270.048087
[00:07:35] Bootstrap tree #51, logLikelihood: -16757.235117
[00:07:44] Bootstrap tree #52, logLikelihood: -17150.215141
[00:07:52] Bootstrap tree #53, logLikelihood: -16206.450773
[00:07:59] Bootstrap tree #54, logLikelihood: -16504.303100
[00:08:09] Bootstrap tree #55, logLikelihood: -17092.830196
[00:08:18] Bootstrap tree #56, logLikelihood: -16881.839388
[00:08:24] Bootstrap tree #57, logLikelihood: -16855.315847
[00:08:31] Bootstrap tree #58, logLikelihood: -16950.580931
[00:08:40] Bootstrap tree #59, logLikelihood: -17157.390906
[00:08:48] Bootstrap tree #60, logLikelihood: -16672.727660
[00:08:56] Bootstrap tree #61, logLikelihood: -16758.303803
[00:09:04] Bootstrap tree #62, logLikelihood: -16277.860371
[00:09:11] Bootstrap tree #63, logLikelihood: -16986.626986
[00:09:18] Bootstrap tree #64, logLikelihood: -16348.644875
[00:09:33] Bootstrap tree #65, logLikelihood: -16892.057056
[00:09:42] Bootstrap tree #66, logLikelihood: -16604.610887
[00:09:49] Bootstrap tree #67, logLikelihood: -16488.008189
[00:09:56] Bootstrap tree #68, logLikelihood: -16578.286941
[00:10:04] Bootstrap tree #69, logLikelihood: -16785.322019
[00:10:12] Bootstrap tree #70, logLikelihood: -16909.277499
[00:10:22] Bootstrap tree #71, logLikelihood: -16840.594261
[00:10:29] Bootstrap tree #72, logLikelihood: -17039.848908
[00:10:37] Bootstrap tree #73, logLikelihood: -16557.491629
[00:10:46] Bootstrap tree #74, logLikelihood: -16540.796216
[00:10:58] Bootstrap tree #75, logLikelihood: -16552.430813
[00:11:05] Bootstrap tree #76, logLikelihood: -16591.257644
[00:11:13] Bootstrap tree #77, logLikelihood: -16576.445756
[00:11:24] Bootstrap tree #78, logLikelihood: -16819.368629
[00:11:32] Bootstrap tree #79, logLikelihood: -16539.613766
[00:11:41] Bootstrap tree #80, logLikelihood: -16745.858056
[00:11:49] Bootstrap tree #81, logLikelihood: -16890.962838
[00:11:56] Bootstrap tree #82, logLikelihood: -16817.701747
[00:12:04] Bootstrap tree #83, logLikelihood: -16998.425036
[00:12:12] Bootstrap tree #84, logLikelihood: -16467.696200
[00:12:19] Bootstrap tree #85, logLikelihood: -16748.331225
[00:12:27] Bootstrap tree #86, logLikelihood: -16378.365713
[00:12:35] Bootstrap tree #87, logLikelihood: -16844.258228
[00:12:44] Bootstrap tree #88, logLikelihood: -16627.031628
[00:12:52] Bootstrap tree #89, logLikelihood: -16860.387182
[00:12:58] Bootstrap tree #90, logLikelihood: -16490.104071
[00:13:08] Bootstrap tree #91, logLikelihood: -17179.618245
[00:13:16] Bootstrap tree #92, logLikelihood: -16214.519732
[00:13:26] Bootstrap tree #93, logLikelihood: -16441.114955
[00:13:34] Bootstrap tree #94, logLikelihood: -16319.576987
[00:13:42] Bootstrap tree #95, logLikelihood: -16346.769093
[00:13:50] Bootstrap tree #96, logLikelihood: -16639.602918
[00:13:58] Bootstrap tree #97, logLikelihood: -16415.029014
[00:14:08] Bootstrap tree #98, logLikelihood: -16336.384184
[00:14:15] Bootstrap tree #99, logLikelihood: -17252.684510
[00:14:24] Bootstrap tree #100, logLikelihood: -16830.640478

Optimized model parameters:

   Partition 0: noname
   Rate heterogeneity: GAMMA (4 cats, mean),  alpha: 0.421838 (ML),  weights&rates: (0.250000,0.019987) (0.250000,0.197873) (0.250000,0.753871) (0.250000,3.028270) 
   Base frequencies (ML): 0.229700 0.286129 0.267137 0.217034 
   Substitution rates (ML): 0.849504 3.159108 0.727068 0.593102 3.523651 1.000000 

Final LogLikelihood: -16743.228881

All ML trees saved to: /mnt/lustre/scratch/home/uvi/be/avs/cancer_genes_selection/genes/CBL/tree/CBL.raxml.mlTrees
Best ML tree saved to: /mnt/lustre/scratch/home/uvi/be/avs/cancer_genes_selection/genes/CBL/tree/CBL.raxml.bestTree
Best ML tree with bootstrap support values saved to: /mnt/lustre/scratch/home/uvi/be/avs/cancer_genes_selection/genes/CBL/tree/CBL.raxml.support
Optimized model saved to: /mnt/lustre/scratch/home/uvi/be/avs/cancer_genes_selection/genes/CBL/tree/CBL.raxml.bestModel
Bootstrap trees saved to: /mnt/lustre/scratch/home/uvi/be/avs/cancer_genes_selection/genes/CBL/tree/CBL.raxml.bootstraps

Execution log saved to: /mnt/lustre/scratch/home/uvi/be/avs/cancer_genes_selection/genes/CBL/tree/CBL.raxml.log

Analysis started: 21-Mar-2018 17:00:07 / finished: 21-Mar-2018 17:14:33

Elapsed time: 866.252 seconds

