
RAxML-NG v. 0.5.1b BETA released on 01.12.2017 by The Exelixis Lab.
Authors: Alexey Kozlov, Alexandros Stamatakis, Diego Darriba, Tomas Flouri, Benoit Morel.
Latest version: https://github.com/amkozlov/raxml-ng
Questions/problems/suggestions? Please visit: https://groups.google.com/forum/#!forum/raxml

WARNING: This is a BETA release, please use at your own risk!

RAxML-NG was called as follows:

raxml-ng-mpi --all --msa /mnt/lustre/scratch/home/uvi/be/avs/cancer_genes_selection/genes/PRKACA/align/PRKACA_align_DNA_trimmed.fasta --model GTR+G -tree pars{10} --bs-trees 100 --prefix /mnt/lustre/scratch/home/uvi/be/avs/cancer_genes_selection/genes/PRKACA/tree/PRKACA --redo

Analysis options:
  run mode: ML tree search + bootstrapping
  start tree(s): parsimony (10)
  random seed: 1521667264
  tip-inner: ON
  pattern compression: ON
  per-rate scalers: OFF
  site repeats: OFF
  branch lengths: ML estimate (linked)
  SIMD kernels: AVX2
  parallelization: NONE/sequential

WARNING: Running in REDO mode: existing checkpoints are ignored, and all result files will be overwritten!

[00:00:00] Reading alignment from file: /mnt/lustre/scratch/home/uvi/be/avs/cancer_genes_selection/genes/PRKACA/align/PRKACA_align_DNA_trimmed.fasta
[00:00:00] Loaded alignment with 21 taxa and 1056 sites

Alignment comprises 1 partitions and 418 patterns

Partition 0: noname
Model: GTR+FO+G4m
Alignment sites / patterns: 1056 / 418
Gaps: 7.82 %
Invariant sites: 60.42 %


[00:00:01] Generating parsimony starting tree(s) with 21 taxa
[00:00:01] Data distribution: partitions/thread: 1-1, patterns/thread: 418-418

Starting ML tree search with 10 distinct starting trees

[00:00:06] ML tree search #1, logLikelihood: -5773.327571
[00:00:10] ML tree search #2, logLikelihood: -5773.325836
[00:00:15] ML tree search #3, logLikelihood: -5739.143251
[00:00:19] ML tree search #4, logLikelihood: -5739.138573
[00:00:23] ML tree search #5, logLikelihood: -5740.096932
[00:00:27] ML tree search #6, logLikelihood: -5739.138668
[00:00:32] ML tree search #7, logLikelihood: -5739.147366
[00:00:36] ML tree search #8, logLikelihood: -5739.143376
[00:00:41] ML tree search #9, logLikelihood: -5739.138930
[00:00:45] ML tree search #10, logLikelihood: -5739.139169

[00:00:46] ML tree search completed, best tree logLH: -5739.138573

[00:00:46] Starting bootstrapping analysis with 100 replicates.

[00:00:50] Bootstrap tree #1, logLikelihood: -5413.617185
[00:00:54] Bootstrap tree #2, logLikelihood: -5874.001588
[00:00:59] Bootstrap tree #3, logLikelihood: -5813.244329
[00:01:04] Bootstrap tree #4, logLikelihood: -5997.945427
[00:01:09] Bootstrap tree #5, logLikelihood: -5498.074763
[00:01:15] Bootstrap tree #6, logLikelihood: -5885.432924
[00:01:19] Bootstrap tree #7, logLikelihood: -5268.791260
[00:01:24] Bootstrap tree #8, logLikelihood: -5636.040358
[00:01:28] Bootstrap tree #9, logLikelihood: -5764.194045
[00:01:32] Bootstrap tree #10, logLikelihood: -6120.145818
[00:01:37] Bootstrap tree #11, logLikelihood: -5599.007284
[00:01:43] Bootstrap tree #12, logLikelihood: -5667.203351
[00:01:47] Bootstrap tree #13, logLikelihood: -5536.199385
[00:01:52] Bootstrap tree #14, logLikelihood: -5594.199704
[00:01:56] Bootstrap tree #15, logLikelihood: -5728.785511
[00:02:01] Bootstrap tree #16, logLikelihood: -5720.504516
[00:02:05] Bootstrap tree #17, logLikelihood: -5447.296406
[00:02:10] Bootstrap tree #18, logLikelihood: -5790.771391
[00:02:16] Bootstrap tree #19, logLikelihood: -5331.995008
[00:02:20] Bootstrap tree #20, logLikelihood: -5770.216262
[00:02:24] Bootstrap tree #21, logLikelihood: -5707.776456
[00:02:31] Bootstrap tree #22, logLikelihood: -5924.309995
[00:02:38] Bootstrap tree #23, logLikelihood: -5552.476472
[00:02:43] Bootstrap tree #24, logLikelihood: -5565.866673
[00:02:48] Bootstrap tree #25, logLikelihood: -5543.694969
[00:02:53] Bootstrap tree #26, logLikelihood: -5624.430279
[00:02:58] Bootstrap tree #27, logLikelihood: -5612.919821
[00:03:03] Bootstrap tree #28, logLikelihood: -5427.490164
[00:03:09] Bootstrap tree #29, logLikelihood: -5856.765896
[00:03:14] Bootstrap tree #30, logLikelihood: -5741.281947
[00:03:19] Bootstrap tree #31, logLikelihood: -5883.428970
[00:03:24] Bootstrap tree #32, logLikelihood: -5576.803474
[00:03:29] Bootstrap tree #33, logLikelihood: -5999.922865
[00:03:34] Bootstrap tree #34, logLikelihood: -5980.664022
[00:03:40] Bootstrap tree #35, logLikelihood: -5573.473245
[00:03:45] Bootstrap tree #36, logLikelihood: -5797.673457
[00:03:53] Bootstrap tree #37, logLikelihood: -5866.922342
[00:04:00] Bootstrap tree #38, logLikelihood: -5613.687173
[00:04:05] Bootstrap tree #39, logLikelihood: -5535.836498
[00:04:10] Bootstrap tree #40, logLikelihood: -5563.020815
[00:04:14] Bootstrap tree #41, logLikelihood: -5837.885220
[00:04:20] Bootstrap tree #42, logLikelihood: -5812.442609
[00:04:25] Bootstrap tree #43, logLikelihood: -5703.063541
[00:04:30] Bootstrap tree #44, logLikelihood: -5876.865953
[00:04:35] Bootstrap tree #45, logLikelihood: -5949.409247
[00:04:39] Bootstrap tree #46, logLikelihood: -5818.599476
[00:04:44] Bootstrap tree #47, logLikelihood: -5823.893789
[00:04:49] Bootstrap tree #48, logLikelihood: -5690.751511
[00:04:55] Bootstrap tree #49, logLikelihood: -5763.996803
[00:05:00] Bootstrap tree #50, logLikelihood: -5657.585514
[00:05:05] Bootstrap tree #51, logLikelihood: -5712.978277
[00:05:09] Bootstrap tree #52, logLikelihood: -5331.250225
[00:05:14] Bootstrap tree #53, logLikelihood: -5732.118589
[00:05:19] Bootstrap tree #54, logLikelihood: -5844.557172
[00:05:25] Bootstrap tree #55, logLikelihood: -5747.558910
[00:05:31] Bootstrap tree #56, logLikelihood: -5799.009179
[00:05:36] Bootstrap tree #57, logLikelihood: -5555.079171
[00:05:41] Bootstrap tree #58, logLikelihood: -5901.683303
[00:05:46] Bootstrap tree #59, logLikelihood: -5794.986013
[00:05:51] Bootstrap tree #60, logLikelihood: -5842.491008
[00:05:58] Bootstrap tree #61, logLikelihood: -5750.555926
[00:06:03] Bootstrap tree #62, logLikelihood: -5541.349097
[00:06:07] Bootstrap tree #63, logLikelihood: -6020.128133
[00:06:13] Bootstrap tree #64, logLikelihood: -5795.607030
[00:06:19] Bootstrap tree #65, logLikelihood: -5757.982493
[00:06:24] Bootstrap tree #66, logLikelihood: -5479.853320
[00:06:28] Bootstrap tree #67, logLikelihood: -5658.247369
[00:06:33] Bootstrap tree #68, logLikelihood: -5754.635877
[00:06:38] Bootstrap tree #69, logLikelihood: -5486.354923
[00:06:43] Bootstrap tree #70, logLikelihood: -5875.776031
[00:06:48] Bootstrap tree #71, logLikelihood: -5531.867145
[00:06:54] Bootstrap tree #72, logLikelihood: -5675.922394
[00:07:00] Bootstrap tree #73, logLikelihood: -5624.191029
[00:07:05] Bootstrap tree #74, logLikelihood: -5787.045082
[00:07:10] Bootstrap tree #75, logLikelihood: -5730.975019
[00:07:16] Bootstrap tree #76, logLikelihood: -5658.824129
[00:07:23] Bootstrap tree #77, logLikelihood: -5652.041382
[00:07:29] Bootstrap tree #78, logLikelihood: -5400.896461
[00:07:35] Bootstrap tree #79, logLikelihood: -5616.040265
[00:07:43] Bootstrap tree #80, logLikelihood: -5681.171600
[00:07:48] Bootstrap tree #81, logLikelihood: -5883.031724
[00:07:52] Bootstrap tree #82, logLikelihood: -5877.718611
[00:07:58] Bootstrap tree #83, logLikelihood: -5617.942668
[00:08:04] Bootstrap tree #84, logLikelihood: -5390.870894
[00:08:09] Bootstrap tree #85, logLikelihood: -5804.775147
[00:08:16] Bootstrap tree #86, logLikelihood: -5929.492881
[00:08:21] Bootstrap tree #87, logLikelihood: -5688.631517
[00:08:28] Bootstrap tree #88, logLikelihood: -5859.309677
[00:08:33] Bootstrap tree #89, logLikelihood: -5657.939057
[00:08:39] Bootstrap tree #90, logLikelihood: -6049.941123
[00:08:44] Bootstrap tree #91, logLikelihood: -5832.361810
[00:08:49] Bootstrap tree #92, logLikelihood: -5875.957708
[00:08:56] Bootstrap tree #93, logLikelihood: -5599.638528
[00:09:04] Bootstrap tree #94, logLikelihood: -5894.879456
[00:09:10] Bootstrap tree #95, logLikelihood: -5491.312644
[00:09:17] Bootstrap tree #96, logLikelihood: -5757.255446
[00:09:23] Bootstrap tree #97, logLikelihood: -5971.099010
[00:09:29] Bootstrap tree #98, logLikelihood: -5626.733963
[00:09:34] Bootstrap tree #99, logLikelihood: -5736.013018
[00:09:40] Bootstrap tree #100, logLikelihood: -5849.788416

Optimized model parameters:

   Partition 0: noname
   Rate heterogeneity: GAMMA (4 cats, mean),  alpha: 0.287768 (ML),  weights&rates: (0.250000,0.004356) (0.250000,0.095020) (0.250000,0.574677) (0.250000,3.325948) 
   Base frequencies (ML): 0.265602 0.274158 0.239817 0.220423 
   Substitution rates (ML): 1.512025 4.156166 1.059690 1.802520 8.475565 1.000000 

Final LogLikelihood: -5739.138573

All ML trees saved to: /mnt/lustre/scratch/home/uvi/be/avs/cancer_genes_selection/genes/PRKACA/tree/PRKACA.raxml.mlTrees
Best ML tree saved to: /mnt/lustre/scratch/home/uvi/be/avs/cancer_genes_selection/genes/PRKACA/tree/PRKACA.raxml.bestTree
Best ML tree with bootstrap support values saved to: /mnt/lustre/scratch/home/uvi/be/avs/cancer_genes_selection/genes/PRKACA/tree/PRKACA.raxml.support
Optimized model saved to: /mnt/lustre/scratch/home/uvi/be/avs/cancer_genes_selection/genes/PRKACA/tree/PRKACA.raxml.bestModel
Bootstrap trees saved to: /mnt/lustre/scratch/home/uvi/be/avs/cancer_genes_selection/genes/PRKACA/tree/PRKACA.raxml.bootstraps

Execution log saved to: /mnt/lustre/scratch/home/uvi/be/avs/cancer_genes_selection/genes/PRKACA/tree/PRKACA.raxml.log

Analysis started: 21-Mar-2018 22:21:04 / finished: 21-Mar-2018 22:30:47

Elapsed time: 582.693 seconds

