
RAxML-NG v. 0.5.1b BETA released on 01.12.2017 by The Exelixis Lab.
Authors: Alexey Kozlov, Alexandros Stamatakis, Diego Darriba, Tomas Flouri, Benoit Morel.
Latest version: https://github.com/amkozlov/raxml-ng
Questions/problems/suggestions? Please visit: https://groups.google.com/forum/#!forum/raxml

WARNING: This is a BETA release, please use at your own risk!

RAxML-NG was called as follows:

raxml-ng-mpi --all --msa /mnt/lustre/scratch/home/uvi/be/avs/cancer_genes_selection/genes/PRKACA/align/PRKACA_align_DNA_trimmed2.fasta --model GTR+G -tree pars{10} --bs-trees 100 --prefix /mnt/lustre/scratch/home/uvi/be/avs/cancer_genes_selection/genes/PRKACA/tree/PRKACA_trimmed --redo

Analysis options:
  run mode: ML tree search + bootstrapping
  start tree(s): parsimony (10)
  random seed: 1522102166
  tip-inner: ON
  pattern compression: ON
  per-rate scalers: OFF
  site repeats: OFF
  branch lengths: ML estimate (linked)
  SIMD kernels: AVX2
  parallelization: NONE/sequential

WARNING: Running in REDO mode: existing checkpoints are ignored, and all result files will be overwritten!

[00:00:00] Reading alignment from file: /mnt/lustre/scratch/home/uvi/be/avs/cancer_genes_selection/genes/PRKACA/align/PRKACA_align_DNA_trimmed2.fasta
[00:00:00] Loaded alignment with 18 taxa and 1056 sites

Alignment comprises 1 partitions and 308 patterns

Partition 0: noname
Model: GTR+FO+G4m
Alignment sites / patterns: 1056 / 308
Gaps: 3.27 %
Invariant sites: 64.77 %


[00:00:01] Generating parsimony starting tree(s) with 18 taxa
[00:00:01] Data distribution: partitions/thread: 1-1, patterns/thread: 308-308

Starting ML tree search with 10 distinct starting trees

[00:00:06] ML tree search #1, logLikelihood: -4972.289098
[00:00:10] ML tree search #2, logLikelihood: -4972.289029
[00:00:17] ML tree search #3, logLikelihood: -5005.004111
[00:00:22] ML tree search #4, logLikelihood: -4972.289280
[00:00:26] ML tree search #5, logLikelihood: -4972.289165
[00:00:32] ML tree search #6, logLikelihood: -4972.289233
[00:00:37] ML tree search #7, logLikelihood: -4972.289291
[00:00:43] ML tree search #8, logLikelihood: -4972.289414
[00:00:48] ML tree search #9, logLikelihood: -4972.289062
[00:00:53] ML tree search #10, logLikelihood: -4972.289309

[00:00:54] ML tree search completed, best tree logLH: -4972.289029

[00:00:54] Starting bootstrapping analysis with 100 replicates.

[00:01:00] Bootstrap tree #1, logLikelihood: -4942.413096
[00:01:06] Bootstrap tree #2, logLikelihood: -5025.225977
[00:01:10] Bootstrap tree #3, logLikelihood: -4853.555397
[00:01:17] Bootstrap tree #4, logLikelihood: -5101.126336
[00:01:22] Bootstrap tree #5, logLikelihood: -4829.369162
[00:01:27] Bootstrap tree #6, logLikelihood: -4912.149341
[00:01:33] Bootstrap tree #7, logLikelihood: -5135.701371
[00:01:38] Bootstrap tree #8, logLikelihood: -5083.273919
[00:01:44] Bootstrap tree #9, logLikelihood: -4981.243045
[00:01:50] Bootstrap tree #10, logLikelihood: -5022.697957
[00:01:58] Bootstrap tree #11, logLikelihood: -4784.940471
[00:02:04] Bootstrap tree #12, logLikelihood: -4859.008737
[00:02:10] Bootstrap tree #13, logLikelihood: -5007.455904
[00:02:16] Bootstrap tree #14, logLikelihood: -4881.373483
[00:02:22] Bootstrap tree #15, logLikelihood: -4969.309492
[00:02:29] Bootstrap tree #16, logLikelihood: -4864.176812
[00:02:36] Bootstrap tree #17, logLikelihood: -5135.988815
[00:02:43] Bootstrap tree #18, logLikelihood: -4721.718386
[00:02:51] Bootstrap tree #19, logLikelihood: -4908.990340
[00:03:00] Bootstrap tree #20, logLikelihood: -4879.991110
[00:03:05] Bootstrap tree #21, logLikelihood: -4985.021335
[00:03:11] Bootstrap tree #22, logLikelihood: -5046.267870
[00:03:18] Bootstrap tree #23, logLikelihood: -4934.625775
[00:03:23] Bootstrap tree #24, logLikelihood: -4843.412923
[00:03:28] Bootstrap tree #25, logLikelihood: -4831.310777
[00:03:34] Bootstrap tree #26, logLikelihood: -4995.391831
[00:03:40] Bootstrap tree #27, logLikelihood: -4735.322448
[00:03:47] Bootstrap tree #28, logLikelihood: -4940.210575
[00:03:53] Bootstrap tree #29, logLikelihood: -5012.528578
[00:03:59] Bootstrap tree #30, logLikelihood: -5192.683210
[00:04:05] Bootstrap tree #31, logLikelihood: -4996.280953
[00:04:12] Bootstrap tree #32, logLikelihood: -5120.254217
[00:04:18] Bootstrap tree #33, logLikelihood: -5139.247713
[00:04:25] Bootstrap tree #34, logLikelihood: -4948.666006
[00:04:32] Bootstrap tree #35, logLikelihood: -4680.485752
[00:04:39] Bootstrap tree #36, logLikelihood: -5008.471772
[00:04:46] Bootstrap tree #37, logLikelihood: -4836.343031
[00:04:53] Bootstrap tree #38, logLikelihood: -5103.047987
[00:04:59] Bootstrap tree #39, logLikelihood: -5177.195483
[00:05:06] Bootstrap tree #40, logLikelihood: -4824.138210
[00:05:13] Bootstrap tree #41, logLikelihood: -5278.891334
[00:05:19] Bootstrap tree #42, logLikelihood: -5026.683615
[00:05:25] Bootstrap tree #43, logLikelihood: -5085.558029
[00:05:32] Bootstrap tree #44, logLikelihood: -5335.738248
[00:05:37] Bootstrap tree #45, logLikelihood: -5188.617978
[00:05:45] Bootstrap tree #46, logLikelihood: -5083.215682
[00:05:51] Bootstrap tree #47, logLikelihood: -4916.916265
[00:05:58] Bootstrap tree #48, logLikelihood: -4835.938139
[00:06:04] Bootstrap tree #49, logLikelihood: -5086.878051
[00:06:09] Bootstrap tree #50, logLikelihood: -5057.965577
[00:06:16] Bootstrap tree #51, logLikelihood: -4909.396413
[00:06:23] Bootstrap tree #52, logLikelihood: -4882.071237
[00:06:28] Bootstrap tree #53, logLikelihood: -4885.606336
[00:06:34] Bootstrap tree #54, logLikelihood: -4759.266540
[00:06:40] Bootstrap tree #55, logLikelihood: -4829.877566
[00:06:46] Bootstrap tree #56, logLikelihood: -4612.849284
[00:06:53] Bootstrap tree #57, logLikelihood: -5047.770172
[00:06:59] Bootstrap tree #58, logLikelihood: -4954.066462
[00:07:05] Bootstrap tree #59, logLikelihood: -5177.085697
[00:07:11] Bootstrap tree #60, logLikelihood: -5124.537624
[00:07:18] Bootstrap tree #61, logLikelihood: -4994.980877
[00:07:24] Bootstrap tree #62, logLikelihood: -4998.862725
[00:07:30] Bootstrap tree #63, logLikelihood: -5237.589137
[00:07:37] Bootstrap tree #64, logLikelihood: -5203.189585
[00:07:43] Bootstrap tree #65, logLikelihood: -4807.709703
[00:07:51] Bootstrap tree #66, logLikelihood: -4942.454296
[00:08:01] Bootstrap tree #67, logLikelihood: -5010.052085
[00:08:07] Bootstrap tree #68, logLikelihood: -4823.117667
[00:08:14] Bootstrap tree #69, logLikelihood: -4888.270759
[00:08:21] Bootstrap tree #70, logLikelihood: -4681.816862
[00:08:27] Bootstrap tree #71, logLikelihood: -4915.997586
[00:08:33] Bootstrap tree #72, logLikelihood: -4694.061770
[00:08:39] Bootstrap tree #73, logLikelihood: -4829.722217
[00:08:45] Bootstrap tree #74, logLikelihood: -5056.136476
[00:08:51] Bootstrap tree #75, logLikelihood: -5102.442307
[00:08:57] Bootstrap tree #76, logLikelihood: -4821.166105
[00:09:04] Bootstrap tree #77, logLikelihood: -5050.983613
[00:09:11] Bootstrap tree #78, logLikelihood: -4807.140440
[00:09:17] Bootstrap tree #79, logLikelihood: -4844.406590
[00:09:24] Bootstrap tree #80, logLikelihood: -4649.747342
[00:09:29] Bootstrap tree #81, logLikelihood: -5063.325080
[00:09:37] Bootstrap tree #82, logLikelihood: -5044.175086
[00:09:43] Bootstrap tree #83, logLikelihood: -5041.920232
[00:09:50] Bootstrap tree #84, logLikelihood: -5183.782221
[00:09:57] Bootstrap tree #85, logLikelihood: -5106.258404
[00:10:03] Bootstrap tree #86, logLikelihood: -4898.992086
[00:10:11] Bootstrap tree #87, logLikelihood: -4918.956310
[00:10:18] Bootstrap tree #88, logLikelihood: -4857.571224
[00:10:25] Bootstrap tree #89, logLikelihood: -4865.869845
[00:10:32] Bootstrap tree #90, logLikelihood: -4957.389412
[00:10:39] Bootstrap tree #91, logLikelihood: -4841.106644
[00:10:47] Bootstrap tree #92, logLikelihood: -5026.197140
[00:10:54] Bootstrap tree #93, logLikelihood: -4867.997633
[00:11:00] Bootstrap tree #94, logLikelihood: -4878.567226
[00:11:08] Bootstrap tree #95, logLikelihood: -5067.665633
[00:11:15] Bootstrap tree #96, logLikelihood: -5075.860517
[00:11:22] Bootstrap tree #97, logLikelihood: -4604.878732
[00:11:27] Bootstrap tree #98, logLikelihood: -4734.178475
[00:11:34] Bootstrap tree #99, logLikelihood: -4720.196797
[00:11:41] Bootstrap tree #100, logLikelihood: -5000.146016

Optimized model parameters:

   Partition 0: noname
   Rate heterogeneity: GAMMA (4 cats, mean),  alpha: 0.293376 (ML),  weights&rates: (0.250000,0.004773) (0.250000,0.099353) (0.250000,0.584510) (0.250000,3.311364) 
   Base frequencies (ML): 0.272709 0.268732 0.266781 0.191778 
   Substitution rates (ML): 2.275967 5.120368 1.289338 1.471338 9.443023 1.000000 

Final LogLikelihood: -4972.289029

All ML trees saved to: /mnt/lustre/scratch/home/uvi/be/avs/cancer_genes_selection/genes/PRKACA/tree/PRKACA_trimmed.raxml.mlTrees
Best ML tree saved to: /mnt/lustre/scratch/home/uvi/be/avs/cancer_genes_selection/genes/PRKACA/tree/PRKACA_trimmed.raxml.bestTree
Best ML tree with bootstrap support values saved to: /mnt/lustre/scratch/home/uvi/be/avs/cancer_genes_selection/genes/PRKACA/tree/PRKACA_trimmed.raxml.support
Optimized model saved to: /mnt/lustre/scratch/home/uvi/be/avs/cancer_genes_selection/genes/PRKACA/tree/PRKACA_trimmed.raxml.bestModel
Bootstrap trees saved to: /mnt/lustre/scratch/home/uvi/be/avs/cancer_genes_selection/genes/PRKACA/tree/PRKACA_trimmed.raxml.bootstraps

Execution log saved to: /mnt/lustre/scratch/home/uvi/be/avs/cancer_genes_selection/genes/PRKACA/tree/PRKACA_trimmed.raxml.log

Analysis started: 27-Mar-2018 00:09:26 / finished: 27-Mar-2018 00:21:10

Elapsed time: 704.690 seconds

