
RAxML-NG v. 0.5.1b BETA released on 01.12.2017 by The Exelixis Lab.
Authors: Alexey Kozlov, Alexandros Stamatakis, Diego Darriba, Tomas Flouri, Benoit Morel.
Latest version: https://github.com/amkozlov/raxml-ng
Questions/problems/suggestions? Please visit: https://groups.google.com/forum/#!forum/raxml

WARNING: This is a BETA release, please use at your own risk!

RAxML-NG was called as follows:

raxml-ng-mpi --all --msa /mnt/lustre/scratch/home/uvi/be/avs/cancer_genes_selection/genes/DROSHA/align/DROSHA_align_DNA_trimmed2.fasta --model GTR+G -tree pars{10} --bs-trees 100 --prefix /mnt/lustre/scratch/home/uvi/be/avs/cancer_genes_selection/genes/DROSHA/tree/DROSHA_trimmed --redo

Analysis options:
  run mode: ML tree search + bootstrapping
  start tree(s): parsimony (10)
  random seed: 1522090583
  tip-inner: ON
  pattern compression: ON
  per-rate scalers: OFF
  site repeats: OFF
  branch lengths: ML estimate (linked)
  SIMD kernels: AVX2
  parallelization: NONE/sequential

WARNING: Running in REDO mode: existing checkpoints are ignored, and all result files will be overwritten!

[00:00:00] Reading alignment from file: /mnt/lustre/scratch/home/uvi/be/avs/cancer_genes_selection/genes/DROSHA/align/DROSHA_align_DNA_trimmed2.fasta
[00:00:01] Loaded alignment with 25 taxa and 4125 sites

Alignment comprises 1 partitions and 1613 patterns

Partition 0: noname
Model: GTR+FO+G4m
Alignment sites / patterns: 4125 / 1613
Gaps: 4.39 %
Invariant sites: 57.24 %


[00:00:01] Generating parsimony starting tree(s) with 25 taxa
[00:00:01] Data distribution: partitions/thread: 1-1, patterns/thread: 1613-1613

Starting ML tree search with 10 distinct starting trees

[00:00:18] ML tree search #1, logLikelihood: -27452.466207
[00:00:38] ML tree search #2, logLikelihood: -27450.466751
[00:00:52] ML tree search #3, logLikelihood: -27450.626990
[00:01:06] ML tree search #4, logLikelihood: -27452.370359
[00:01:22] ML tree search #5, logLikelihood: -27452.369633
[00:01:38] ML tree search #6, logLikelihood: -27450.464867
[00:01:50] ML tree search #7, logLikelihood: -27452.465854
[00:02:05] ML tree search #8, logLikelihood: -27450.465006
[00:02:23] ML tree search #9, logLikelihood: -27452.466494
[00:02:40] ML tree search #10, logLikelihood: -27450.465507

[00:02:40] ML tree search completed, best tree logLH: -27450.464867

[00:02:40] Starting bootstrapping analysis with 100 replicates.

[00:02:56] Bootstrap tree #1, logLikelihood: -27913.345583
[00:03:11] Bootstrap tree #2, logLikelihood: -27095.090613
[00:03:27] Bootstrap tree #3, logLikelihood: -27631.842248
[00:03:42] Bootstrap tree #4, logLikelihood: -27388.084560
[00:03:56] Bootstrap tree #5, logLikelihood: -27473.020527
[00:04:10] Bootstrap tree #6, logLikelihood: -28194.171758
[00:04:25] Bootstrap tree #7, logLikelihood: -27643.456440
[00:04:41] Bootstrap tree #8, logLikelihood: -27273.587284
[00:04:58] Bootstrap tree #9, logLikelihood: -27869.505671
[00:05:14] Bootstrap tree #10, logLikelihood: -27474.733474
[00:05:28] Bootstrap tree #11, logLikelihood: -27249.464037
[00:05:44] Bootstrap tree #12, logLikelihood: -27990.584955
[00:06:02] Bootstrap tree #13, logLikelihood: -27632.262110
[00:06:16] Bootstrap tree #14, logLikelihood: -27174.483023
[00:06:28] Bootstrap tree #15, logLikelihood: -27170.300686
[00:06:43] Bootstrap tree #16, logLikelihood: -27675.018113
[00:07:05] Bootstrap tree #17, logLikelihood: -26910.052486
[00:07:19] Bootstrap tree #18, logLikelihood: -28079.919949
[00:07:33] Bootstrap tree #19, logLikelihood: -28168.808474
[00:07:50] Bootstrap tree #20, logLikelihood: -27474.309169
[00:08:09] Bootstrap tree #21, logLikelihood: -27791.824532
[00:08:22] Bootstrap tree #22, logLikelihood: -27370.320250
[00:08:39] Bootstrap tree #23, logLikelihood: -27514.839403
[00:08:52] Bootstrap tree #24, logLikelihood: -26572.634993
[00:09:06] Bootstrap tree #25, logLikelihood: -27510.981835
[00:09:21] Bootstrap tree #26, logLikelihood: -28280.728999
[00:09:36] Bootstrap tree #27, logLikelihood: -26870.607182
[00:09:49] Bootstrap tree #28, logLikelihood: -27325.308902
[00:10:04] Bootstrap tree #29, logLikelihood: -27652.493633
[00:10:21] Bootstrap tree #30, logLikelihood: -27755.020842
[00:10:36] Bootstrap tree #31, logLikelihood: -28382.745431
[00:10:50] Bootstrap tree #32, logLikelihood: -28015.114482
[00:11:08] Bootstrap tree #33, logLikelihood: -27334.096764
[00:11:21] Bootstrap tree #34, logLikelihood: -26916.614844
[00:11:34] Bootstrap tree #35, logLikelihood: -27404.472101
[00:11:50] Bootstrap tree #36, logLikelihood: -26794.473482
[00:12:08] Bootstrap tree #37, logLikelihood: -27715.712202
[00:12:25] Bootstrap tree #38, logLikelihood: -27427.079584
[00:12:41] Bootstrap tree #39, logLikelihood: -27150.987258
[00:13:01] Bootstrap tree #40, logLikelihood: -27406.363705
[00:13:14] Bootstrap tree #41, logLikelihood: -26834.150402
[00:13:27] Bootstrap tree #42, logLikelihood: -27172.872357
[00:13:43] Bootstrap tree #43, logLikelihood: -27662.233529
[00:13:56] Bootstrap tree #44, logLikelihood: -27500.895052
[00:14:13] Bootstrap tree #45, logLikelihood: -27806.299602
[00:14:26] Bootstrap tree #46, logLikelihood: -27383.966446
[00:14:41] Bootstrap tree #47, logLikelihood: -26760.944216
[00:14:58] Bootstrap tree #48, logLikelihood: -27583.155744
[00:15:14] Bootstrap tree #49, logLikelihood: -27512.215460
[00:15:31] Bootstrap tree #50, logLikelihood: -27947.762252
[00:15:47] Bootstrap tree #51, logLikelihood: -27111.609944
[00:16:01] Bootstrap tree #52, logLikelihood: -28055.396231
[00:16:16] Bootstrap tree #53, logLikelihood: -27206.942010
[00:16:29] Bootstrap tree #54, logLikelihood: -27500.348061
[00:16:45] Bootstrap tree #55, logLikelihood: -27275.565048
[00:17:03] Bootstrap tree #56, logLikelihood: -26418.365036
[00:17:27] Bootstrap tree #57, logLikelihood: -26889.865339
[00:17:42] Bootstrap tree #58, logLikelihood: -27281.965215
[00:17:58] Bootstrap tree #59, logLikelihood: -27568.115745
[00:18:14] Bootstrap tree #60, logLikelihood: -27313.478315
[00:18:31] Bootstrap tree #61, logLikelihood: -27540.715325
[00:18:46] Bootstrap tree #62, logLikelihood: -27459.449846
[00:19:02] Bootstrap tree #63, logLikelihood: -26595.694250
[00:19:19] Bootstrap tree #64, logLikelihood: -27050.858715
[00:19:35] Bootstrap tree #65, logLikelihood: -26729.757308
[00:19:53] Bootstrap tree #66, logLikelihood: -27608.610454
[00:20:08] Bootstrap tree #67, logLikelihood: -27537.809973
[00:20:25] Bootstrap tree #68, logLikelihood: -27706.568625
[00:20:39] Bootstrap tree #69, logLikelihood: -27865.932926
[00:20:56] Bootstrap tree #70, logLikelihood: -26932.027038
[00:21:12] Bootstrap tree #71, logLikelihood: -26521.629059
[00:21:28] Bootstrap tree #72, logLikelihood: -27878.600890
[00:21:45] Bootstrap tree #73, logLikelihood: -27726.837291
[00:22:02] Bootstrap tree #74, logLikelihood: -27203.413374
[00:22:24] Bootstrap tree #75, logLikelihood: -27386.314287
[00:22:40] Bootstrap tree #76, logLikelihood: -28408.083819
[00:22:57] Bootstrap tree #77, logLikelihood: -27656.903198
[00:23:13] Bootstrap tree #78, logLikelihood: -26976.565336
[00:23:29] Bootstrap tree #79, logLikelihood: -27736.463313
[00:23:46] Bootstrap tree #80, logLikelihood: -26933.549109
[00:24:02] Bootstrap tree #81, logLikelihood: -27862.945446
[00:24:17] Bootstrap tree #82, logLikelihood: -27475.328484
[00:24:33] Bootstrap tree #83, logLikelihood: -26625.559306
[00:24:49] Bootstrap tree #84, logLikelihood: -27277.012430
[00:25:06] Bootstrap tree #85, logLikelihood: -27765.443085
[00:25:21] Bootstrap tree #86, logLikelihood: -27910.967240
[00:25:38] Bootstrap tree #87, logLikelihood: -27129.506817
[00:25:56] Bootstrap tree #88, logLikelihood: -27431.738075
[00:26:13] Bootstrap tree #89, logLikelihood: -27471.339413
[00:26:31] Bootstrap tree #90, logLikelihood: -27276.914731
[00:26:50] Bootstrap tree #91, logLikelihood: -26734.686025
[00:27:08] Bootstrap tree #92, logLikelihood: -27621.213512
[00:27:22] Bootstrap tree #93, logLikelihood: -27511.151133
[00:27:40] Bootstrap tree #94, logLikelihood: -27535.826653
[00:27:57] Bootstrap tree #95, logLikelihood: -27361.074229
[00:28:16] Bootstrap tree #96, logLikelihood: -28134.786458
[00:28:32] Bootstrap tree #97, logLikelihood: -27584.358647
[00:28:47] Bootstrap tree #98, logLikelihood: -27315.679361
[00:29:06] Bootstrap tree #99, logLikelihood: -27761.017158
[00:29:27] Bootstrap tree #100, logLikelihood: -26926.957080

Optimized model parameters:

   Partition 0: noname
   Rate heterogeneity: GAMMA (4 cats, mean),  alpha: 0.289566 (ML),  weights&rates: (0.250000,0.004487) (0.250000,0.096407) (0.250000,0.577857) (0.250000,3.321249) 
   Base frequencies (ML): 0.291043 0.259240 0.218941 0.230776 
   Substitution rates (ML): 1.418697 5.049516 0.614597 1.154361 5.946907 1.000000 

Final LogLikelihood: -27450.464867

All ML trees saved to: /mnt/lustre/scratch/home/uvi/be/avs/cancer_genes_selection/genes/DROSHA/tree/DROSHA_trimmed.raxml.mlTrees
Best ML tree saved to: /mnt/lustre/scratch/home/uvi/be/avs/cancer_genes_selection/genes/DROSHA/tree/DROSHA_trimmed.raxml.bestTree
Best ML tree with bootstrap support values saved to: /mnt/lustre/scratch/home/uvi/be/avs/cancer_genes_selection/genes/DROSHA/tree/DROSHA_trimmed.raxml.support
Optimized model saved to: /mnt/lustre/scratch/home/uvi/be/avs/cancer_genes_selection/genes/DROSHA/tree/DROSHA_trimmed.raxml.bestModel
Bootstrap trees saved to: /mnt/lustre/scratch/home/uvi/be/avs/cancer_genes_selection/genes/DROSHA/tree/DROSHA_trimmed.raxml.bootstraps

Execution log saved to: /mnt/lustre/scratch/home/uvi/be/avs/cancer_genes_selection/genes/DROSHA/tree/DROSHA_trimmed.raxml.log

Analysis started: 26-Mar-2018 20:56:22 / finished: 26-Mar-2018 21:25:53

Elapsed time: 1770.928 seconds

