
RAxML-NG v. 0.5.1b BETA released on 01.12.2017 by The Exelixis Lab.
Authors: Alexey Kozlov, Alexandros Stamatakis, Diego Darriba, Tomas Flouri, Benoit Morel.
Latest version: https://github.com/amkozlov/raxml-ng
Questions/problems/suggestions? Please visit: https://groups.google.com/forum/#!forum/raxml

WARNING: This is a BETA release, please use at your own risk!

RAxML-NG was called as follows:

raxml-ng-mpi --all --msa /mnt/lustre/scratch/home/uvi/be/avs/cancer_genes_selection/genes/DROSHA/align/DROSHA_align_DNA_trimmed.fasta --model GTR+G -tree pars{10} --bs-trees 100 --prefix /mnt/lustre/scratch/home/uvi/be/avs/cancer_genes_selection/genes/DROSHA/tree/DROSHA --redo

Analysis options:
  run mode: ML tree search + bootstrapping
  start tree(s): parsimony (10)
  random seed: 1521653559
  tip-inner: ON
  pattern compression: ON
  per-rate scalers: OFF
  site repeats: OFF
  branch lengths: ML estimate (linked)
  SIMD kernels: AVX2
  parallelization: NONE/sequential

WARNING: Running in REDO mode: existing checkpoints are ignored, and all result files will be overwritten!

[00:00:00] Reading alignment from file: /mnt/lustre/scratch/home/uvi/be/avs/cancer_genes_selection/genes/DROSHA/align/DROSHA_align_DNA_trimmed.fasta
[00:00:00] Loaded alignment with 25 taxa and 4125 sites

Alignment comprises 1 partitions and 1613 patterns

Partition 0: noname
Model: GTR+FO+G4m
Alignment sites / patterns: 4125 / 1613
Gaps: 4.39 %
Invariant sites: 57.24 %


[00:00:01] Generating parsimony starting tree(s) with 25 taxa
[00:00:01] Data distribution: partitions/thread: 1-1, patterns/thread: 1613-1613

Starting ML tree search with 10 distinct starting trees

[00:00:15] ML tree search #1, logLikelihood: -27452.369575
[00:00:28] ML tree search #2, logLikelihood: -27452.370154
[00:00:39] ML tree search #3, logLikelihood: -27450.465137
[00:00:52] ML tree search #4, logLikelihood: -27455.908497
[00:01:04] ML tree search #5, logLikelihood: -27452.370343
[00:01:19] ML tree search #6, logLikelihood: -27450.627275
[00:01:35] ML tree search #7, logLikelihood: -27451.737034
[00:01:45] ML tree search #8, logLikelihood: -27451.736775
[00:01:58] ML tree search #9, logLikelihood: -27450.465585
[00:02:09] ML tree search #10, logLikelihood: -27452.369715

[00:02:09] ML tree search completed, best tree logLH: -27450.465137

[00:02:09] Starting bootstrapping analysis with 100 replicates.

[00:02:22] Bootstrap tree #1, logLikelihood: -26525.871377
[00:02:33] Bootstrap tree #2, logLikelihood: -27195.386103
[00:02:45] Bootstrap tree #3, logLikelihood: -27299.170523
[00:02:57] Bootstrap tree #4, logLikelihood: -27500.642204
[00:03:14] Bootstrap tree #5, logLikelihood: -27589.960980
[00:03:29] Bootstrap tree #6, logLikelihood: -27217.771907
[00:03:43] Bootstrap tree #7, logLikelihood: -27971.420626
[00:03:55] Bootstrap tree #8, logLikelihood: -26882.723741
[00:04:05] Bootstrap tree #9, logLikelihood: -27254.699750
[00:04:14] Bootstrap tree #10, logLikelihood: -27375.280938
[00:04:27] Bootstrap tree #11, logLikelihood: -26978.206488
[00:04:37] Bootstrap tree #12, logLikelihood: -27886.534899
[00:04:52] Bootstrap tree #13, logLikelihood: -27055.290718
[00:05:06] Bootstrap tree #14, logLikelihood: -27073.774919
[00:05:16] Bootstrap tree #15, logLikelihood: -27613.668480
[00:05:31] Bootstrap tree #16, logLikelihood: -27541.107848
[00:05:41] Bootstrap tree #17, logLikelihood: -26678.416666
[00:05:52] Bootstrap tree #18, logLikelihood: -27531.254227
[00:06:02] Bootstrap tree #19, logLikelihood: -27998.127472
[00:06:16] Bootstrap tree #20, logLikelihood: -27525.395979
[00:06:27] Bootstrap tree #21, logLikelihood: -27396.519266
[00:06:39] Bootstrap tree #22, logLikelihood: -26809.372579
[00:06:53] Bootstrap tree #23, logLikelihood: -28044.218986
[00:07:06] Bootstrap tree #24, logLikelihood: -27064.150711
[00:07:18] Bootstrap tree #25, logLikelihood: -27836.059317
[00:07:34] Bootstrap tree #26, logLikelihood: -26763.697070
[00:07:50] Bootstrap tree #27, logLikelihood: -27794.020719
[00:08:02] Bootstrap tree #28, logLikelihood: -27470.997450
[00:08:11] Bootstrap tree #29, logLikelihood: -27820.415771
[00:08:23] Bootstrap tree #30, logLikelihood: -27399.873582
[00:08:33] Bootstrap tree #31, logLikelihood: -27893.030869
[00:08:48] Bootstrap tree #32, logLikelihood: -28101.872305
[00:08:59] Bootstrap tree #33, logLikelihood: -27837.537512
[00:09:13] Bootstrap tree #34, logLikelihood: -26952.844272
[00:09:24] Bootstrap tree #35, logLikelihood: -27841.951403
[00:09:39] Bootstrap tree #36, logLikelihood: -27296.297115
[00:09:53] Bootstrap tree #37, logLikelihood: -27040.779266
[00:10:10] Bootstrap tree #38, logLikelihood: -27227.805781
[00:10:22] Bootstrap tree #39, logLikelihood: -28131.424948
[00:10:35] Bootstrap tree #40, logLikelihood: -27051.655055
[00:10:47] Bootstrap tree #41, logLikelihood: -28340.346323
[00:11:02] Bootstrap tree #42, logLikelihood: -27359.975400
[00:11:16] Bootstrap tree #43, logLikelihood: -27799.023570
[00:11:30] Bootstrap tree #44, logLikelihood: -27270.568848
[00:11:41] Bootstrap tree #45, logLikelihood: -27806.772452
[00:11:54] Bootstrap tree #46, logLikelihood: -27513.274637
[00:12:06] Bootstrap tree #47, logLikelihood: -26636.127064
[00:12:18] Bootstrap tree #48, logLikelihood: -27503.846841
[00:12:33] Bootstrap tree #49, logLikelihood: -27385.655793
[00:12:49] Bootstrap tree #50, logLikelihood: -27044.438632
[00:13:02] Bootstrap tree #51, logLikelihood: -27492.386972
[00:13:14] Bootstrap tree #52, logLikelihood: -27585.000727
[00:13:26] Bootstrap tree #53, logLikelihood: -28300.561058
[00:13:38] Bootstrap tree #54, logLikelihood: -26970.478279
[00:14:00] Bootstrap tree #55, logLikelihood: -27086.100874
[00:14:12] Bootstrap tree #56, logLikelihood: -26755.247781
[00:14:24] Bootstrap tree #57, logLikelihood: -26427.898053
[00:14:38] Bootstrap tree #58, logLikelihood: -27136.519940
[00:14:51] Bootstrap tree #59, logLikelihood: -26937.791305
[00:15:08] Bootstrap tree #60, logLikelihood: -27581.437395
[00:15:21] Bootstrap tree #61, logLikelihood: -27423.869456
[00:15:33] Bootstrap tree #62, logLikelihood: -27021.072529
[00:15:46] Bootstrap tree #63, logLikelihood: -27425.539988
[00:15:57] Bootstrap tree #64, logLikelihood: -27377.949735
[00:16:07] Bootstrap tree #65, logLikelihood: -26822.052576
[00:16:27] Bootstrap tree #66, logLikelihood: -26897.249879
[00:16:37] Bootstrap tree #67, logLikelihood: -26991.142042
[00:16:48] Bootstrap tree #68, logLikelihood: -27656.197336
[00:17:02] Bootstrap tree #69, logLikelihood: -26812.228504
[00:17:13] Bootstrap tree #70, logLikelihood: -27318.535509
[00:17:25] Bootstrap tree #71, logLikelihood: -27297.212162
[00:17:39] Bootstrap tree #72, logLikelihood: -26648.226076
[00:17:52] Bootstrap tree #73, logLikelihood: -28177.050664
[00:18:11] Bootstrap tree #74, logLikelihood: -27667.632337
[00:18:21] Bootstrap tree #75, logLikelihood: -27662.052095
[00:18:33] Bootstrap tree #76, logLikelihood: -26856.496786
[00:18:48] Bootstrap tree #77, logLikelihood: -27383.145889
[00:18:59] Bootstrap tree #78, logLikelihood: -26905.564663
[00:19:11] Bootstrap tree #79, logLikelihood: -27854.932177
[00:19:28] Bootstrap tree #80, logLikelihood: -27305.240305
[00:19:42] Bootstrap tree #81, logLikelihood: -27667.970787
[00:19:55] Bootstrap tree #82, logLikelihood: -27495.570549
[00:20:19] Bootstrap tree #83, logLikelihood: -27753.279631
[00:20:34] Bootstrap tree #84, logLikelihood: -27374.454571
[00:20:48] Bootstrap tree #85, logLikelihood: -26616.961280
[00:21:00] Bootstrap tree #86, logLikelihood: -27323.872518
[00:21:13] Bootstrap tree #87, logLikelihood: -27640.099260
[00:21:25] Bootstrap tree #88, logLikelihood: -27201.853389
[00:21:36] Bootstrap tree #89, logLikelihood: -27588.471130
[00:21:48] Bootstrap tree #90, logLikelihood: -26915.570582
[00:22:00] Bootstrap tree #91, logLikelihood: -27716.066616
[00:22:15] Bootstrap tree #92, logLikelihood: -27511.532689
[00:22:26] Bootstrap tree #93, logLikelihood: -27736.475705
[00:22:40] Bootstrap tree #94, logLikelihood: -27684.960256
[00:22:57] Bootstrap tree #95, logLikelihood: -27107.752381
[00:23:09] Bootstrap tree #96, logLikelihood: -27809.230566
[00:23:21] Bootstrap tree #97, logLikelihood: -27041.345597
[00:23:38] Bootstrap tree #98, logLikelihood: -27005.373971
[00:23:55] Bootstrap tree #99, logLikelihood: -28076.462618
[00:24:10] Bootstrap tree #100, logLikelihood: -27024.677980

Optimized model parameters:

   Partition 0: noname
   Rate heterogeneity: GAMMA (4 cats, mean),  alpha: 0.305751 (ML),  weights&rates: (0.250000,0.005773) (0.250000,0.108976) (0.250000,0.605336) (0.250000,3.279914) 
   Base frequencies (ML): 0.278878 0.262592 0.237381 0.221149 
   Substitution rates (ML): 1.177049 4.742448 0.714908 0.997069 5.847989 1.000000 

Final LogLikelihood: -27450.465137

All ML trees saved to: /mnt/lustre/scratch/home/uvi/be/avs/cancer_genes_selection/genes/DROSHA/tree/DROSHA.raxml.mlTrees
Best ML tree saved to: /mnt/lustre/scratch/home/uvi/be/avs/cancer_genes_selection/genes/DROSHA/tree/DROSHA.raxml.bestTree
Best ML tree with bootstrap support values saved to: /mnt/lustre/scratch/home/uvi/be/avs/cancer_genes_selection/genes/DROSHA/tree/DROSHA.raxml.support
Optimized model saved to: /mnt/lustre/scratch/home/uvi/be/avs/cancer_genes_selection/genes/DROSHA/tree/DROSHA.raxml.bestModel
Bootstrap trees saved to: /mnt/lustre/scratch/home/uvi/be/avs/cancer_genes_selection/genes/DROSHA/tree/DROSHA.raxml.bootstraps

Execution log saved to: /mnt/lustre/scratch/home/uvi/be/avs/cancer_genes_selection/genes/DROSHA/tree/DROSHA.raxml.log

Analysis started: 21-Mar-2018 18:32:39 / finished: 21-Mar-2018 18:56:52

Elapsed time: 1452.972 seconds

