
RAxML-NG v. 0.5.1b BETA released on 01.12.2017 by The Exelixis Lab.
Authors: Alexey Kozlov, Alexandros Stamatakis, Diego Darriba, Tomas Flouri, Benoit Morel.
Latest version: https://github.com/amkozlov/raxml-ng
Questions/problems/suggestions? Please visit: https://groups.google.com/forum/#!forum/raxml

WARNING: This is a BETA release, please use at your own risk!

RAxML-NG was called as follows:

raxml-ng-mpi --all --msa /mnt/lustre/scratch/home/uvi/be/avs/cancer_genes_selection/genes/NSD1/align/NSD1_align_DNA_trimmed2.fasta --model GTR+G -tree pars{10} --bs-trees 100 --prefix /mnt/lustre/scratch/home/uvi/be/avs/cancer_genes_selection/genes/NSD1/tree/NSD1_trimmed --redo

Analysis options:
  run mode: ML tree search + bootstrapping
  start tree(s): parsimony (10)
  random seed: 1522099698
  tip-inner: ON
  pattern compression: ON
  per-rate scalers: OFF
  site repeats: OFF
  branch lengths: ML estimate (linked)
  SIMD kernels: AVX2
  parallelization: NONE/sequential

WARNING: Running in REDO mode: existing checkpoints are ignored, and all result files will be overwritten!

[00:00:00] Reading alignment from file: /mnt/lustre/scratch/home/uvi/be/avs/cancer_genes_selection/genes/NSD1/align/NSD1_align_DNA_trimmed2.fasta
[00:00:01] Loaded alignment with 17 taxa and 8106 sites

Alignment comprises 1 partitions and 2239 patterns

Partition 0: noname
Model: GTR+FO+G4m
Alignment sites / patterns: 8106 / 2239
Gaps: 4.89 %
Invariant sites: 55.02 %


[00:00:01] Generating parsimony starting tree(s) with 17 taxa
[00:00:01] Data distribution: partitions/thread: 1-1, patterns/thread: 2239-2239

Starting ML tree search with 10 distinct starting trees

[00:00:11] ML tree search #1, logLikelihood: -43188.796448
[00:00:21] ML tree search #2, logLikelihood: -43188.796392
[00:00:33] ML tree search #3, logLikelihood: -43188.796322
[00:00:45] ML tree search #4, logLikelihood: -43188.796353
[00:00:55] ML tree search #5, logLikelihood: -43188.796260
[00:01:06] ML tree search #6, logLikelihood: -43188.796289
[00:01:18] ML tree search #7, logLikelihood: -43188.796164
[00:01:29] ML tree search #8, logLikelihood: -43188.796385
[00:01:42] ML tree search #9, logLikelihood: -43188.796328
[00:01:52] ML tree search #10, logLikelihood: -43188.796375

[00:01:52] ML tree search completed, best tree logLH: -43188.796164

[00:01:52] Starting bootstrapping analysis with 100 replicates.

[00:02:04] Bootstrap tree #1, logLikelihood: -42948.571682
[00:02:15] Bootstrap tree #2, logLikelihood: -42555.589929
[00:02:28] Bootstrap tree #3, logLikelihood: -44140.288206
[00:02:39] Bootstrap tree #4, logLikelihood: -43429.753880
[00:02:49] Bootstrap tree #5, logLikelihood: -42857.334333
[00:03:02] Bootstrap tree #6, logLikelihood: -43173.333799
[00:03:11] Bootstrap tree #7, logLikelihood: -42559.476393
[00:03:27] Bootstrap tree #8, logLikelihood: -42631.791679
[00:03:42] Bootstrap tree #9, logLikelihood: -43258.057384
[00:03:55] Bootstrap tree #10, logLikelihood: -42629.734905
[00:04:06] Bootstrap tree #11, logLikelihood: -43177.917385
[00:04:17] Bootstrap tree #12, logLikelihood: -42475.571432
[00:04:29] Bootstrap tree #13, logLikelihood: -43075.521053
[00:04:39] Bootstrap tree #14, logLikelihood: -43276.795797
[00:04:51] Bootstrap tree #15, logLikelihood: -44634.128556
[00:05:03] Bootstrap tree #16, logLikelihood: -43287.151364
[00:05:12] Bootstrap tree #17, logLikelihood: -43377.456257
[00:05:26] Bootstrap tree #18, logLikelihood: -43474.773919
[00:05:36] Bootstrap tree #19, logLikelihood: -43205.045385
[00:05:47] Bootstrap tree #20, logLikelihood: -42932.820889
[00:06:00] Bootstrap tree #21, logLikelihood: -43065.848280
[00:06:11] Bootstrap tree #22, logLikelihood: -42485.161801
[00:06:22] Bootstrap tree #23, logLikelihood: -43680.897922
[00:06:32] Bootstrap tree #24, logLikelihood: -43675.730294
[00:06:45] Bootstrap tree #25, logLikelihood: -43548.085963
[00:06:57] Bootstrap tree #26, logLikelihood: -43067.432006
[00:07:08] Bootstrap tree #27, logLikelihood: -42688.038513
[00:07:19] Bootstrap tree #28, logLikelihood: -42678.100352
[00:07:30] Bootstrap tree #29, logLikelihood: -43568.407705
[00:07:42] Bootstrap tree #30, logLikelihood: -42766.813325
[00:07:54] Bootstrap tree #31, logLikelihood: -43756.359359
[00:08:06] Bootstrap tree #32, logLikelihood: -42767.931706
[00:08:17] Bootstrap tree #33, logLikelihood: -43350.196629
[00:08:29] Bootstrap tree #34, logLikelihood: -43768.103047
[00:08:41] Bootstrap tree #35, logLikelihood: -43082.423312
[00:08:55] Bootstrap tree #36, logLikelihood: -42781.885374
[00:09:06] Bootstrap tree #37, logLikelihood: -44286.107395
[00:09:19] Bootstrap tree #38, logLikelihood: -43422.218640
[00:09:29] Bootstrap tree #39, logLikelihood: -42771.621169
[00:09:40] Bootstrap tree #40, logLikelihood: -43228.584042
[00:09:51] Bootstrap tree #41, logLikelihood: -43638.901576
[00:10:01] Bootstrap tree #42, logLikelihood: -42837.959994
[00:10:13] Bootstrap tree #43, logLikelihood: -43060.878021
[00:10:26] Bootstrap tree #44, logLikelihood: -43017.706744
[00:10:37] Bootstrap tree #45, logLikelihood: -42454.832739
[00:10:52] Bootstrap tree #46, logLikelihood: -43136.836238
[00:11:04] Bootstrap tree #47, logLikelihood: -42895.368036
[00:11:19] Bootstrap tree #48, logLikelihood: -42730.229135
[00:11:33] Bootstrap tree #49, logLikelihood: -42710.450853
[00:11:46] Bootstrap tree #50, logLikelihood: -43313.766375
[00:11:57] Bootstrap tree #51, logLikelihood: -43219.567880
[00:12:12] Bootstrap tree #52, logLikelihood: -44025.135063
[00:12:23] Bootstrap tree #53, logLikelihood: -43399.555739
[00:12:34] Bootstrap tree #54, logLikelihood: -43301.053270
[00:12:47] Bootstrap tree #55, logLikelihood: -43037.427676
[00:12:59] Bootstrap tree #56, logLikelihood: -43605.779859
[00:13:10] Bootstrap tree #57, logLikelihood: -43470.866198
[00:13:23] Bootstrap tree #58, logLikelihood: -42769.170978
[00:13:35] Bootstrap tree #59, logLikelihood: -44142.986539
[00:13:47] Bootstrap tree #60, logLikelihood: -42463.296272
[00:13:59] Bootstrap tree #61, logLikelihood: -43091.034785
[00:14:12] Bootstrap tree #62, logLikelihood: -43036.736159
[00:14:24] Bootstrap tree #63, logLikelihood: -42269.134283
[00:14:35] Bootstrap tree #64, logLikelihood: -43225.083184
[00:14:46] Bootstrap tree #65, logLikelihood: -42597.264526
[00:14:57] Bootstrap tree #66, logLikelihood: -43937.953858
[00:15:08] Bootstrap tree #67, logLikelihood: -42688.108199
[00:15:21] Bootstrap tree #68, logLikelihood: -42495.642092
[00:15:31] Bootstrap tree #69, logLikelihood: -43429.207729
[00:15:43] Bootstrap tree #70, logLikelihood: -43000.281870
[00:15:57] Bootstrap tree #71, logLikelihood: -43396.053593
[00:16:08] Bootstrap tree #72, logLikelihood: -43245.766541
[00:16:21] Bootstrap tree #73, logLikelihood: -43073.427343
[00:16:32] Bootstrap tree #74, logLikelihood: -43320.917580
[00:16:48] Bootstrap tree #75, logLikelihood: -43828.318387
[00:17:01] Bootstrap tree #76, logLikelihood: -43369.373283
[00:17:12] Bootstrap tree #77, logLikelihood: -43476.130037
[00:17:25] Bootstrap tree #78, logLikelihood: -43290.904747
[00:17:37] Bootstrap tree #79, logLikelihood: -43548.781835
[00:17:51] Bootstrap tree #80, logLikelihood: -42903.599672
[00:18:03] Bootstrap tree #81, logLikelihood: -42522.009269
[00:18:15] Bootstrap tree #82, logLikelihood: -42768.986734
[00:18:30] Bootstrap tree #83, logLikelihood: -43324.042905
[00:18:43] Bootstrap tree #84, logLikelihood: -42600.248944
[00:18:55] Bootstrap tree #85, logLikelihood: -43699.952415
[00:19:08] Bootstrap tree #86, logLikelihood: -43381.320198
[00:19:24] Bootstrap tree #87, logLikelihood: -43485.088021
[00:19:38] Bootstrap tree #88, logLikelihood: -43297.303606
[00:19:50] Bootstrap tree #89, logLikelihood: -42516.684976
[00:20:02] Bootstrap tree #90, logLikelihood: -43367.268960
[00:20:12] Bootstrap tree #91, logLikelihood: -43136.202139
[00:20:24] Bootstrap tree #92, logLikelihood: -43093.033342
[00:20:37] Bootstrap tree #93, logLikelihood: -43427.144195
[00:20:51] Bootstrap tree #94, logLikelihood: -42300.978313
[00:21:01] Bootstrap tree #95, logLikelihood: -43357.220098
[00:21:13] Bootstrap tree #96, logLikelihood: -42988.651141
[00:21:30] Bootstrap tree #97, logLikelihood: -43055.272546
[00:21:41] Bootstrap tree #98, logLikelihood: -43468.133636
[00:21:54] Bootstrap tree #99, logLikelihood: -43315.443562
[00:22:07] Bootstrap tree #100, logLikelihood: -43339.460808

Optimized model parameters:

   Partition 0: noname
   Rate heterogeneity: GAMMA (4 cats, mean),  alpha: 0.526077 (ML),  weights&rates: (0.250000,0.038317) (0.250000,0.268599) (0.250000,0.838353) (0.250000,2.854732) 
   Base frequencies (ML): 0.307173 0.226592 0.235896 0.230339 
   Substitution rates (ML): 1.292747 4.835714 0.906093 0.963808 6.162202 1.000000 

Final LogLikelihood: -43188.796164

All ML trees saved to: /mnt/lustre/scratch/home/uvi/be/avs/cancer_genes_selection/genes/NSD1/tree/NSD1_trimmed.raxml.mlTrees
Best ML tree saved to: /mnt/lustre/scratch/home/uvi/be/avs/cancer_genes_selection/genes/NSD1/tree/NSD1_trimmed.raxml.bestTree
Best ML tree with bootstrap support values saved to: /mnt/lustre/scratch/home/uvi/be/avs/cancer_genes_selection/genes/NSD1/tree/NSD1_trimmed.raxml.support
Optimized model saved to: /mnt/lustre/scratch/home/uvi/be/avs/cancer_genes_selection/genes/NSD1/tree/NSD1_trimmed.raxml.bestModel
Bootstrap trees saved to: /mnt/lustre/scratch/home/uvi/be/avs/cancer_genes_selection/genes/NSD1/tree/NSD1_trimmed.raxml.bootstraps

Execution log saved to: /mnt/lustre/scratch/home/uvi/be/avs/cancer_genes_selection/genes/NSD1/tree/NSD1_trimmed.raxml.log

Analysis started: 26-Mar-2018 23:28:18 / finished: 26-Mar-2018 23:50:31

Elapsed time: 1333.164 seconds

