
RAxML-NG v. 0.5.1b BETA released on 01.12.2017 by The Exelixis Lab.
Authors: Alexey Kozlov, Alexandros Stamatakis, Diego Darriba, Tomas Flouri, Benoit Morel.
Latest version: https://github.com/amkozlov/raxml-ng
Questions/problems/suggestions? Please visit: https://groups.google.com/forum/#!forum/raxml

WARNING: This is a BETA release, please use at your own risk!

RAxML-NG was called as follows:

raxml-ng-mpi --all --msa /mnt/lustre/scratch/home/uvi/be/avs/cancer_genes_selection/genes/GOLGA5/align/GOLGA5_align_DNA_trimmed.fasta --model GTR+G -tree pars{10} --bs-trees 100 --prefix /mnt/lustre/scratch/home/uvi/be/avs/cancer_genes_selection/genes/GOLGA5/tree/GOLGA5 --redo

Analysis options:
  run mode: ML tree search + bootstrapping
  start tree(s): parsimony (10)
  random seed: 1521657804
  tip-inner: ON
  pattern compression: ON
  per-rate scalers: OFF
  site repeats: OFF
  branch lengths: ML estimate (linked)
  SIMD kernels: AVX2
  parallelization: NONE/sequential

WARNING: Running in REDO mode: existing checkpoints are ignored, and all result files will be overwritten!

[00:00:00] Reading alignment from file: /mnt/lustre/scratch/home/uvi/be/avs/cancer_genes_selection/genes/GOLGA5/align/GOLGA5_align_DNA_trimmed.fasta
[00:00:00] Loaded alignment with 29 taxa and 2199 sites

Alignment comprises 1 partitions and 1213 patterns

Partition 0: noname
Model: GTR+FO+G4m
Alignment sites / patterns: 2199 / 1213
Gaps: 4.16 %
Invariant sites: 42.79 %


[00:00:01] Generating parsimony starting tree(s) with 29 taxa
[00:00:01] Data distribution: partitions/thread: 1-1, patterns/thread: 1213-1213

Starting ML tree search with 10 distinct starting trees

[00:00:14] ML tree search #1, logLikelihood: -19245.255634
[00:00:23] ML tree search #2, logLikelihood: -19245.263020
[00:00:33] ML tree search #3, logLikelihood: -19245.267279
[00:00:43] ML tree search #4, logLikelihood: -19245.267765
[00:00:52] ML tree search #5, logLikelihood: -19245.266836
[00:01:02] ML tree search #6, logLikelihood: -19245.265619
[00:01:12] ML tree search #7, logLikelihood: -19245.264869
[00:01:23] ML tree search #8, logLikelihood: -19245.255819
[00:01:33] ML tree search #9, logLikelihood: -19245.261741
[00:01:48] ML tree search #10, logLikelihood: -19245.255656

[00:01:48] ML tree search completed, best tree logLH: -19245.255634

[00:01:48] Starting bootstrapping analysis with 100 replicates.

[00:01:57] Bootstrap tree #1, logLikelihood: -19084.218308
[00:02:07] Bootstrap tree #2, logLikelihood: -19433.810385
[00:02:17] Bootstrap tree #3, logLikelihood: -19516.814273
[00:02:27] Bootstrap tree #4, logLikelihood: -18630.041805
[00:02:45] Bootstrap tree #5, logLikelihood: -19185.883136
[00:02:57] Bootstrap tree #6, logLikelihood: -19153.499932
[00:03:08] Bootstrap tree #7, logLikelihood: -18307.571115
[00:03:18] Bootstrap tree #8, logLikelihood: -19638.146622
[00:03:32] Bootstrap tree #9, logLikelihood: -19116.751286
[00:03:43] Bootstrap tree #10, logLikelihood: -19278.533934
[00:03:54] Bootstrap tree #11, logLikelihood: -19350.250162
[00:04:06] Bootstrap tree #12, logLikelihood: -19199.255858
[00:04:17] Bootstrap tree #13, logLikelihood: -19501.197816
[00:04:27] Bootstrap tree #14, logLikelihood: -18985.837290
[00:04:42] Bootstrap tree #15, logLikelihood: -18753.785743
[00:04:52] Bootstrap tree #16, logLikelihood: -18798.533354
[00:05:05] Bootstrap tree #17, logLikelihood: -19818.229441
[00:05:17] Bootstrap tree #18, logLikelihood: -19368.063642
[00:05:26] Bootstrap tree #19, logLikelihood: -18999.816322
[00:05:38] Bootstrap tree #20, logLikelihood: -19415.502070
[00:05:47] Bootstrap tree #21, logLikelihood: -19277.018914
[00:06:06] Bootstrap tree #22, logLikelihood: -18855.695144
[00:06:17] Bootstrap tree #23, logLikelihood: -18365.107496
[00:06:30] Bootstrap tree #24, logLikelihood: -18675.266290
[00:06:40] Bootstrap tree #25, logLikelihood: -19082.847602
[00:06:50] Bootstrap tree #26, logLikelihood: -19140.623027
[00:06:59] Bootstrap tree #27, logLikelihood: -18984.876954
[00:07:10] Bootstrap tree #28, logLikelihood: -20009.412490
[00:07:21] Bootstrap tree #29, logLikelihood: -19460.975090
[00:07:31] Bootstrap tree #30, logLikelihood: -19273.719885
[00:07:41] Bootstrap tree #31, logLikelihood: -18656.566660
[00:07:52] Bootstrap tree #32, logLikelihood: -18650.344296
[00:08:06] Bootstrap tree #33, logLikelihood: -18574.312766
[00:08:16] Bootstrap tree #34, logLikelihood: -19105.989019
[00:08:29] Bootstrap tree #35, logLikelihood: -19947.903633
[00:08:41] Bootstrap tree #36, logLikelihood: -19509.950575
[00:08:53] Bootstrap tree #37, logLikelihood: -19097.197399
[00:09:03] Bootstrap tree #38, logLikelihood: -19132.484217
[00:09:13] Bootstrap tree #39, logLikelihood: -19584.209447
[00:09:22] Bootstrap tree #40, logLikelihood: -19142.435440
[00:09:32] Bootstrap tree #41, logLikelihood: -19609.186363
[00:09:43] Bootstrap tree #42, logLikelihood: -19029.227729
[00:09:53] Bootstrap tree #43, logLikelihood: -19014.448942
[00:10:03] Bootstrap tree #44, logLikelihood: -19157.172947
[00:10:13] Bootstrap tree #45, logLikelihood: -19612.937748
[00:10:25] Bootstrap tree #46, logLikelihood: -18626.382002
[00:10:36] Bootstrap tree #47, logLikelihood: -18787.259604
[00:10:46] Bootstrap tree #48, logLikelihood: -18652.076893
[00:10:58] Bootstrap tree #49, logLikelihood: -19484.183934
[00:11:11] Bootstrap tree #50, logLikelihood: -19261.546236
[00:11:21] Bootstrap tree #51, logLikelihood: -19223.708409
[00:11:31] Bootstrap tree #52, logLikelihood: -19418.997193
[00:11:41] Bootstrap tree #53, logLikelihood: -19111.740455
[00:11:57] Bootstrap tree #54, logLikelihood: -18806.119813
[00:12:07] Bootstrap tree #55, logLikelihood: -19749.696033
[00:12:18] Bootstrap tree #56, logLikelihood: -19273.738389
[00:12:28] Bootstrap tree #57, logLikelihood: -18588.861283
[00:12:38] Bootstrap tree #58, logLikelihood: -18922.390341
[00:12:49] Bootstrap tree #59, logLikelihood: -19848.338386
[00:12:58] Bootstrap tree #60, logLikelihood: -19627.831052
[00:13:11] Bootstrap tree #61, logLikelihood: -19056.501907
[00:13:21] Bootstrap tree #62, logLikelihood: -18860.890188
[00:13:32] Bootstrap tree #63, logLikelihood: -18871.917016
[00:13:44] Bootstrap tree #64, logLikelihood: -19134.694737
[00:13:55] Bootstrap tree #65, logLikelihood: -19545.472779
[00:14:07] Bootstrap tree #66, logLikelihood: -19344.351241
[00:14:17] Bootstrap tree #67, logLikelihood: -19366.654619
[00:14:28] Bootstrap tree #68, logLikelihood: -19098.220978
[00:14:37] Bootstrap tree #69, logLikelihood: -19177.769658
[00:14:48] Bootstrap tree #70, logLikelihood: -18852.036753
[00:15:01] Bootstrap tree #71, logLikelihood: -18803.529906
[00:15:13] Bootstrap tree #72, logLikelihood: -19016.773999
[00:15:26] Bootstrap tree #73, logLikelihood: -19184.974818
[00:15:39] Bootstrap tree #74, logLikelihood: -19419.191240
[00:15:50] Bootstrap tree #75, logLikelihood: -19910.805938
[00:16:01] Bootstrap tree #76, logLikelihood: -19305.696352
[00:16:11] Bootstrap tree #77, logLikelihood: -18816.715391
[00:16:22] Bootstrap tree #78, logLikelihood: -18957.384284
[00:16:33] Bootstrap tree #79, logLikelihood: -19311.207584
[00:16:44] Bootstrap tree #80, logLikelihood: -19410.760429
[00:16:57] Bootstrap tree #81, logLikelihood: -19669.352022
[00:17:08] Bootstrap tree #82, logLikelihood: -19286.747730
[00:17:18] Bootstrap tree #83, logLikelihood: -19480.194305
[00:17:29] Bootstrap tree #84, logLikelihood: -19254.060995
[00:17:38] Bootstrap tree #85, logLikelihood: -18662.161261
[00:17:54] Bootstrap tree #86, logLikelihood: -18927.450809
[00:18:05] Bootstrap tree #87, logLikelihood: -19220.782652
[00:18:16] Bootstrap tree #88, logLikelihood: -18848.860045
[00:18:26] Bootstrap tree #89, logLikelihood: -19375.534731
[00:18:40] Bootstrap tree #90, logLikelihood: -19376.502368
[00:18:55] Bootstrap tree #91, logLikelihood: -19251.034376
[00:19:06] Bootstrap tree #92, logLikelihood: -18565.912620
[00:19:20] Bootstrap tree #93, logLikelihood: -18943.222512
[00:19:36] Bootstrap tree #94, logLikelihood: -18876.468071
[00:19:48] Bootstrap tree #95, logLikelihood: -19656.070513
[00:19:58] Bootstrap tree #96, logLikelihood: -19066.799621
[00:20:09] Bootstrap tree #97, logLikelihood: -18721.222738
[00:20:22] Bootstrap tree #98, logLikelihood: -18926.898816
[00:20:33] Bootstrap tree #99, logLikelihood: -20188.727111
[00:20:46] Bootstrap tree #100, logLikelihood: -19179.496593

Optimized model parameters:

   Partition 0: noname
   Rate heterogeneity: GAMMA (4 cats, mean),  alpha: 0.522912 (ML),  weights&rates: (0.250000,0.037709) (0.250000,0.266611) (0.250000,0.836250) (0.250000,2.859431) 
   Base frequencies (ML): 0.301583 0.241408 0.263462 0.193546 
   Substitution rates (ML): 0.905124 4.026498 0.717124 0.712086 5.431386 1.000000 

Final LogLikelihood: -19245.255634

All ML trees saved to: /mnt/lustre/scratch/home/uvi/be/avs/cancer_genes_selection/genes/GOLGA5/tree/GOLGA5.raxml.mlTrees
Best ML tree saved to: /mnt/lustre/scratch/home/uvi/be/avs/cancer_genes_selection/genes/GOLGA5/tree/GOLGA5.raxml.bestTree
Best ML tree with bootstrap support values saved to: /mnt/lustre/scratch/home/uvi/be/avs/cancer_genes_selection/genes/GOLGA5/tree/GOLGA5.raxml.support
Optimized model saved to: /mnt/lustre/scratch/home/uvi/be/avs/cancer_genes_selection/genes/GOLGA5/tree/GOLGA5.raxml.bestModel
Bootstrap trees saved to: /mnt/lustre/scratch/home/uvi/be/avs/cancer_genes_selection/genes/GOLGA5/tree/GOLGA5.raxml.bootstraps

Execution log saved to: /mnt/lustre/scratch/home/uvi/be/avs/cancer_genes_selection/genes/GOLGA5/tree/GOLGA5.raxml.log

Analysis started: 21-Mar-2018 19:43:23 / finished: 21-Mar-2018 20:04:14

Elapsed time: 1250.641 seconds

