
RAxML-NG v. 0.5.1b BETA released on 01.12.2017 by The Exelixis Lab.
Authors: Alexey Kozlov, Alexandros Stamatakis, Diego Darriba, Tomas Flouri, Benoit Morel.
Latest version: https://github.com/amkozlov/raxml-ng
Questions/problems/suggestions? Please visit: https://groups.google.com/forum/#!forum/raxml

WARNING: This is a BETA release, please use at your own risk!

RAxML-NG was called as follows:

raxml-ng-mpi --all --msa /mnt/lustre/scratch/home/uvi/be/avs/cancer_genes_selection/genes/GOLGA5/align/GOLGA5_align_DNA_trimmed2.fasta --model GTR+G -tree pars{10} --bs-trees 100 --prefix /mnt/lustre/scratch/home/uvi/be/avs/cancer_genes_selection/genes/GOLGA5/tree/GOLGA5_trimmed --redo

Analysis options:
  run mode: ML tree search + bootstrapping
  start tree(s): parsimony (10)
  random seed: 1522094063
  tip-inner: ON
  pattern compression: ON
  per-rate scalers: OFF
  site repeats: OFF
  branch lengths: ML estimate (linked)
  SIMD kernels: AVX2
  parallelization: NONE/sequential

WARNING: Running in REDO mode: existing checkpoints are ignored, and all result files will be overwritten!

[00:00:00] Reading alignment from file: /mnt/lustre/scratch/home/uvi/be/avs/cancer_genes_selection/genes/GOLGA5/align/GOLGA5_align_DNA_trimmed2.fasta
[00:00:01] Loaded alignment with 27 taxa and 2199 sites

Alignment comprises 1 partitions and 1107 patterns

Partition 0: noname
Model: GTR+FO+G4m
Alignment sites / patterns: 2199 / 1107
Gaps: 1.41 %
Invariant sites: 45.29 %


[00:00:01] Generating parsimony starting tree(s) with 27 taxa
[00:00:01] Data distribution: partitions/thread: 1-1, patterns/thread: 1107-1107

Starting ML tree search with 10 distinct starting trees

[00:00:11] ML tree search #1, logLikelihood: -18131.191198
[00:00:24] ML tree search #2, logLikelihood: -18131.189420
[00:00:35] ML tree search #3, logLikelihood: -18131.190979
[00:00:48] ML tree search #4, logLikelihood: -18131.192861
[00:00:59] ML tree search #5, logLikelihood: -18131.190226
[00:01:11] ML tree search #6, logLikelihood: -18131.181790
[00:01:22] ML tree search #7, logLikelihood: -18131.188369
[00:01:34] ML tree search #8, logLikelihood: -18131.189361
[00:01:47] ML tree search #9, logLikelihood: -18131.187228
[00:01:59] ML tree search #10, logLikelihood: -18131.189268

[00:02:00] ML tree search completed, best tree logLH: -18131.181790

[00:02:00] Starting bootstrapping analysis with 100 replicates.

[00:02:12] Bootstrap tree #1, logLikelihood: -18196.725609
[00:02:24] Bootstrap tree #2, logLikelihood: -17850.441346
[00:02:36] Bootstrap tree #3, logLikelihood: -18431.467922
[00:02:48] Bootstrap tree #4, logLikelihood: -17973.045518
[00:02:59] Bootstrap tree #5, logLikelihood: -18339.340531
[00:03:10] Bootstrap tree #6, logLikelihood: -17401.071730
[00:03:20] Bootstrap tree #7, logLikelihood: -18288.114989
[00:03:32] Bootstrap tree #8, logLikelihood: -17524.888850
[00:03:42] Bootstrap tree #9, logLikelihood: -18216.706274
[00:03:53] Bootstrap tree #10, logLikelihood: -18235.532791
[00:04:05] Bootstrap tree #11, logLikelihood: -18200.152144
[00:04:18] Bootstrap tree #12, logLikelihood: -18262.767871
[00:04:30] Bootstrap tree #13, logLikelihood: -18466.427670
[00:04:43] Bootstrap tree #14, logLikelihood: -17381.799678
[00:04:53] Bootstrap tree #15, logLikelihood: -18388.990511
[00:05:04] Bootstrap tree #16, logLikelihood: -17732.295646
[00:05:15] Bootstrap tree #17, logLikelihood: -18104.650252
[00:05:28] Bootstrap tree #18, logLikelihood: -18336.302247
[00:05:42] Bootstrap tree #19, logLikelihood: -18180.521271
[00:05:54] Bootstrap tree #20, logLikelihood: -18634.393674
[00:06:08] Bootstrap tree #21, logLikelihood: -18391.885995
[00:06:20] Bootstrap tree #22, logLikelihood: -17758.161074
[00:06:34] Bootstrap tree #23, logLikelihood: -18397.190392
[00:06:46] Bootstrap tree #24, logLikelihood: -18227.577382
[00:06:59] Bootstrap tree #25, logLikelihood: -18239.795398
[00:07:12] Bootstrap tree #26, logLikelihood: -18422.026754
[00:07:24] Bootstrap tree #27, logLikelihood: -18344.741214
[00:07:39] Bootstrap tree #28, logLikelihood: -18035.072078
[00:07:51] Bootstrap tree #29, logLikelihood: -18130.089379
[00:08:03] Bootstrap tree #30, logLikelihood: -17998.017317
[00:08:15] Bootstrap tree #31, logLikelihood: -17771.088037
[00:08:26] Bootstrap tree #32, logLikelihood: -18733.729173
[00:08:39] Bootstrap tree #33, logLikelihood: -18339.585870
[00:08:50] Bootstrap tree #34, logLikelihood: -17940.403978
[00:09:02] Bootstrap tree #35, logLikelihood: -17794.252624
[00:09:14] Bootstrap tree #36, logLikelihood: -18265.485702
[00:09:27] Bootstrap tree #37, logLikelihood: -17864.997589
[00:09:40] Bootstrap tree #38, logLikelihood: -17817.401901
[00:09:52] Bootstrap tree #39, logLikelihood: -17558.456051
[00:10:03] Bootstrap tree #40, logLikelihood: -18011.142479
[00:10:16] Bootstrap tree #41, logLikelihood: -17703.750153
[00:10:29] Bootstrap tree #42, logLikelihood: -17983.608732
[00:10:42] Bootstrap tree #43, logLikelihood: -18172.440304
[00:10:53] Bootstrap tree #44, logLikelihood: -17556.618936
[00:11:04] Bootstrap tree #45, logLikelihood: -17919.557544
[00:11:21] Bootstrap tree #46, logLikelihood: -18277.774726
[00:11:35] Bootstrap tree #47, logLikelihood: -18785.603167
[00:11:47] Bootstrap tree #48, logLikelihood: -18119.350882
[00:12:00] Bootstrap tree #49, logLikelihood: -18294.208325
[00:12:13] Bootstrap tree #50, logLikelihood: -18053.095419
[00:12:26] Bootstrap tree #51, logLikelihood: -18049.157839
[00:12:41] Bootstrap tree #52, logLikelihood: -18244.245667
[00:12:55] Bootstrap tree #53, logLikelihood: -18091.043377
[00:13:09] Bootstrap tree #54, logLikelihood: -17827.894194
[00:13:24] Bootstrap tree #55, logLikelihood: -17808.408378
[00:13:35] Bootstrap tree #56, logLikelihood: -17864.508243
[00:13:52] Bootstrap tree #57, logLikelihood: -18617.990438
[00:14:04] Bootstrap tree #58, logLikelihood: -17823.503588
[00:14:19] Bootstrap tree #59, logLikelihood: -18480.612485
[00:14:32] Bootstrap tree #60, logLikelihood: -18014.378098
[00:14:45] Bootstrap tree #61, logLikelihood: -17789.025608
[00:14:58] Bootstrap tree #62, logLikelihood: -17855.851563
[00:15:11] Bootstrap tree #63, logLikelihood: -18099.760201
[00:15:26] Bootstrap tree #64, logLikelihood: -18040.083902
[00:15:40] Bootstrap tree #65, logLikelihood: -18517.138097
[00:15:53] Bootstrap tree #66, logLikelihood: -18865.439189
[00:16:06] Bootstrap tree #67, logLikelihood: -18953.966607
[00:16:21] Bootstrap tree #68, logLikelihood: -18113.429341
[00:16:34] Bootstrap tree #69, logLikelihood: -17981.605230
[00:16:47] Bootstrap tree #70, logLikelihood: -18404.767529
[00:17:01] Bootstrap tree #71, logLikelihood: -18013.329844
[00:17:14] Bootstrap tree #72, logLikelihood: -18083.475903
[00:17:29] Bootstrap tree #73, logLikelihood: -18543.454244
[00:17:43] Bootstrap tree #74, logLikelihood: -18246.695449
[00:17:56] Bootstrap tree #75, logLikelihood: -18278.173602
[00:18:12] Bootstrap tree #76, logLikelihood: -17360.521504
[00:18:27] Bootstrap tree #77, logLikelihood: -18493.833486
[00:18:40] Bootstrap tree #78, logLikelihood: -18632.642278
[00:18:55] Bootstrap tree #79, logLikelihood: -18200.368431
[00:19:08] Bootstrap tree #80, logLikelihood: -17561.245653
[00:19:26] Bootstrap tree #81, logLikelihood: -17839.744646
[00:19:39] Bootstrap tree #82, logLikelihood: -18733.145936
[00:19:55] Bootstrap tree #83, logLikelihood: -17989.868424
[00:20:10] Bootstrap tree #84, logLikelihood: -18061.726899
[00:20:24] Bootstrap tree #85, logLikelihood: -17884.017460
[00:20:38] Bootstrap tree #86, logLikelihood: -17670.089498
[00:20:54] Bootstrap tree #87, logLikelihood: -17776.315878
[00:21:08] Bootstrap tree #88, logLikelihood: -18083.864174
[00:21:23] Bootstrap tree #89, logLikelihood: -17827.907416
[00:21:37] Bootstrap tree #90, logLikelihood: -18194.140613
[00:21:51] Bootstrap tree #91, logLikelihood: -18227.955329
[00:22:06] Bootstrap tree #92, logLikelihood: -18370.183656
[00:22:20] Bootstrap tree #93, logLikelihood: -18067.836217
[00:22:34] Bootstrap tree #94, logLikelihood: -18138.000983
[00:22:48] Bootstrap tree #95, logLikelihood: -17777.468393
[00:23:04] Bootstrap tree #96, logLikelihood: -17935.704860
[00:23:20] Bootstrap tree #97, logLikelihood: -18013.194713
[00:23:34] Bootstrap tree #98, logLikelihood: -17912.084696
[00:23:46] Bootstrap tree #99, logLikelihood: -17964.926131
[00:23:57] Bootstrap tree #100, logLikelihood: -17966.975537

Optimized model parameters:

   Partition 0: noname
   Rate heterogeneity: GAMMA (4 cats, mean),  alpha: 0.508422 (ML),  weights&rates: (0.250000,0.034959) (0.250000,0.257378) (0.250000,0.826301) (0.250000,2.881362) 
   Base frequencies (ML): 0.304167 0.233778 0.269905 0.192150 
   Substitution rates (ML): 1.069930 4.766333 0.723212 1.017324 5.815720 1.000000 

Final LogLikelihood: -18131.181790

All ML trees saved to: /mnt/lustre/scratch/home/uvi/be/avs/cancer_genes_selection/genes/GOLGA5/tree/GOLGA5_trimmed.raxml.mlTrees
Best ML tree saved to: /mnt/lustre/scratch/home/uvi/be/avs/cancer_genes_selection/genes/GOLGA5/tree/GOLGA5_trimmed.raxml.bestTree
Best ML tree with bootstrap support values saved to: /mnt/lustre/scratch/home/uvi/be/avs/cancer_genes_selection/genes/GOLGA5/tree/GOLGA5_trimmed.raxml.support
Optimized model saved to: /mnt/lustre/scratch/home/uvi/be/avs/cancer_genes_selection/genes/GOLGA5/tree/GOLGA5_trimmed.raxml.bestModel
Bootstrap trees saved to: /mnt/lustre/scratch/home/uvi/be/avs/cancer_genes_selection/genes/GOLGA5/tree/GOLGA5_trimmed.raxml.bootstraps

Execution log saved to: /mnt/lustre/scratch/home/uvi/be/avs/cancer_genes_selection/genes/GOLGA5/tree/GOLGA5_trimmed.raxml.log

Analysis started: 26-Mar-2018 21:54:23 / finished: 26-Mar-2018 22:18:24

Elapsed time: 1441.204 seconds

