
RAxML-NG v. 0.5.1b BETA released on 01.12.2017 by The Exelixis Lab.
Authors: Alexey Kozlov, Alexandros Stamatakis, Diego Darriba, Tomas Flouri, Benoit Morel.
Latest version: https://github.com/amkozlov/raxml-ng
Questions/problems/suggestions? Please visit: https://groups.google.com/forum/#!forum/raxml

WARNING: This is a BETA release, please use at your own risk!

RAxML-NG was called as follows:

raxml-ng-mpi --all --msa /mnt/lustre/scratch/home/uvi/be/avs/cancer_genes_selection/genes/SDHC/align/SDHC_align_DNA_trimmed.fasta --model GTR+G -tree pars{10} --bs-trees 100 --prefix /mnt/lustre/scratch/home/uvi/be/avs/cancer_genes_selection/genes/SDHC/tree/SDHC --redo

Analysis options:
  run mode: ML tree search + bootstrapping
  start tree(s): parsimony (10)
  random seed: 1521669129
  tip-inner: ON
  pattern compression: ON
  per-rate scalers: OFF
  site repeats: OFF
  branch lengths: ML estimate (linked)
  SIMD kernels: AVX2
  parallelization: NONE/sequential

WARNING: Running in REDO mode: existing checkpoints are ignored, and all result files will be overwritten!

[00:00:00] Reading alignment from file: /mnt/lustre/scratch/home/uvi/be/avs/cancer_genes_selection/genes/SDHC/align/SDHC_align_DNA_trimmed.fasta
[00:00:00] Loaded alignment with 25 taxa and 510 sites

Alignment comprises 1 partitions and 347 patterns

Partition 0: noname
Model: GTR+FO+G4m
Alignment sites / patterns: 510 / 347
Gaps: 2.82 %
Invariant sites: 34.51 %


[00:00:00] Generating parsimony starting tree(s) with 25 taxa
[00:00:01] Data distribution: partitions/thread: 1-1, patterns/thread: 347-347

Starting ML tree search with 10 distinct starting trees

[00:00:06] ML tree search #1, logLikelihood: -4502.019204
[00:00:11] ML tree search #2, logLikelihood: -4502.294969
[00:00:16] ML tree search #3, logLikelihood: -4502.015583
[00:00:22] ML tree search #4, logLikelihood: -4502.019795
[00:00:27] ML tree search #5, logLikelihood: -4502.013515
[00:00:31] ML tree search #6, logLikelihood: -4502.011777
[00:00:36] ML tree search #7, logLikelihood: -4502.018112
[00:00:41] ML tree search #8, logLikelihood: -4502.013067
[00:00:47] ML tree search #9, logLikelihood: -4502.301795
[00:00:52] ML tree search #10, logLikelihood: -4502.303011

[00:00:52] ML tree search completed, best tree logLH: -4502.011777

[00:00:52] Starting bootstrapping analysis with 100 replicates.

[00:00:58] Bootstrap tree #1, logLikelihood: -4144.103012
[00:01:03] Bootstrap tree #2, logLikelihood: -4340.161475
[00:01:08] Bootstrap tree #3, logLikelihood: -4517.426651
[00:01:13] Bootstrap tree #4, logLikelihood: -4518.931962
[00:01:19] Bootstrap tree #5, logLikelihood: -4573.052003
[00:01:25] Bootstrap tree #6, logLikelihood: -4550.313985
[00:01:30] Bootstrap tree #7, logLikelihood: -4428.378168
[00:01:34] Bootstrap tree #8, logLikelihood: -4259.688791
[00:01:39] Bootstrap tree #9, logLikelihood: -4605.078508
[00:01:46] Bootstrap tree #10, logLikelihood: -4607.573645
[00:01:51] Bootstrap tree #11, logLikelihood: -4545.584185
[00:01:55] Bootstrap tree #12, logLikelihood: -4445.375449
[00:02:00] Bootstrap tree #13, logLikelihood: -4322.151389
[00:02:06] Bootstrap tree #14, logLikelihood: -4383.819658
[00:02:11] Bootstrap tree #15, logLikelihood: -4214.166763
[00:02:16] Bootstrap tree #16, logLikelihood: -4392.645108
[00:02:23] Bootstrap tree #17, logLikelihood: -4556.635517
[00:02:29] Bootstrap tree #18, logLikelihood: -4312.128115
[00:02:35] Bootstrap tree #19, logLikelihood: -4462.135782
[00:02:41] Bootstrap tree #20, logLikelihood: -4334.075943
[00:02:46] Bootstrap tree #21, logLikelihood: -4329.561817
[00:02:52] Bootstrap tree #22, logLikelihood: -4670.826351
[00:02:57] Bootstrap tree #23, logLikelihood: -4366.453093
[00:03:01] Bootstrap tree #24, logLikelihood: -4284.186428
[00:03:07] Bootstrap tree #25, logLikelihood: -4415.381863
[00:03:15] Bootstrap tree #26, logLikelihood: -4580.868563
[00:03:20] Bootstrap tree #27, logLikelihood: -4483.171672
[00:03:25] Bootstrap tree #28, logLikelihood: -4446.321421
[00:03:34] Bootstrap tree #29, logLikelihood: -4641.735430
[00:03:39] Bootstrap tree #30, logLikelihood: -4373.521584
[00:03:44] Bootstrap tree #31, logLikelihood: -4363.330529
[00:03:49] Bootstrap tree #32, logLikelihood: -4487.819804
[00:03:54] Bootstrap tree #33, logLikelihood: -4705.263961
[00:03:59] Bootstrap tree #34, logLikelihood: -4570.722594
[00:04:05] Bootstrap tree #35, logLikelihood: -4439.657370
[00:04:10] Bootstrap tree #36, logLikelihood: -4440.251456
[00:04:18] Bootstrap tree #37, logLikelihood: -4454.031114
[00:04:23] Bootstrap tree #38, logLikelihood: -4547.267701
[00:04:28] Bootstrap tree #39, logLikelihood: -4264.030943
[00:04:33] Bootstrap tree #40, logLikelihood: -4345.380187
[00:04:39] Bootstrap tree #41, logLikelihood: -4405.326776
[00:04:45] Bootstrap tree #42, logLikelihood: -4502.722327
[00:04:51] Bootstrap tree #43, logLikelihood: -4181.372931
[00:04:55] Bootstrap tree #44, logLikelihood: -4087.090549
[00:05:01] Bootstrap tree #45, logLikelihood: -4406.793793
[00:05:06] Bootstrap tree #46, logLikelihood: -4680.904374
[00:05:11] Bootstrap tree #47, logLikelihood: -4465.073503
[00:05:16] Bootstrap tree #48, logLikelihood: -4201.868532
[00:05:22] Bootstrap tree #49, logLikelihood: -4555.113306
[00:05:28] Bootstrap tree #50, logLikelihood: -4655.096581
[00:05:34] Bootstrap tree #51, logLikelihood: -4366.462917
[00:05:40] Bootstrap tree #52, logLikelihood: -4633.924652
[00:05:47] Bootstrap tree #53, logLikelihood: -4504.406946
[00:05:52] Bootstrap tree #54, logLikelihood: -4170.887311
[00:05:58] Bootstrap tree #55, logLikelihood: -4623.401315
[00:06:03] Bootstrap tree #56, logLikelihood: -4658.789407
[00:06:09] Bootstrap tree #57, logLikelihood: -4390.612341
[00:06:14] Bootstrap tree #58, logLikelihood: -4491.643680
[00:06:20] Bootstrap tree #59, logLikelihood: -4505.288473
[00:06:26] Bootstrap tree #60, logLikelihood: -4490.474861
[00:06:31] Bootstrap tree #61, logLikelihood: -4125.204621
[00:06:37] Bootstrap tree #62, logLikelihood: -4540.128153
[00:06:42] Bootstrap tree #63, logLikelihood: -4417.518118
[00:06:47] Bootstrap tree #64, logLikelihood: -4372.145203
[00:06:53] Bootstrap tree #65, logLikelihood: -4307.455146
[00:06:59] Bootstrap tree #66, logLikelihood: -4402.071716
[00:07:04] Bootstrap tree #67, logLikelihood: -4502.528738
[00:07:10] Bootstrap tree #68, logLikelihood: -4429.898264
[00:07:15] Bootstrap tree #69, logLikelihood: -4609.903552
[00:07:21] Bootstrap tree #70, logLikelihood: -4667.990983
[00:07:29] Bootstrap tree #71, logLikelihood: -4233.491810
[00:07:37] Bootstrap tree #72, logLikelihood: -4401.793618
[00:07:42] Bootstrap tree #73, logLikelihood: -4668.125268
[00:07:49] Bootstrap tree #74, logLikelihood: -4508.319047
[00:07:54] Bootstrap tree #75, logLikelihood: -4415.170359
[00:08:02] Bootstrap tree #76, logLikelihood: -4332.390040
[00:08:07] Bootstrap tree #77, logLikelihood: -4452.842807
[00:08:14] Bootstrap tree #78, logLikelihood: -4752.601559
[00:08:21] Bootstrap tree #79, logLikelihood: -4306.005715
[00:08:27] Bootstrap tree #80, logLikelihood: -4527.477995
[00:08:33] Bootstrap tree #81, logLikelihood: -4364.876669
[00:08:39] Bootstrap tree #82, logLikelihood: -4495.113503
[00:08:46] Bootstrap tree #83, logLikelihood: -4180.741683
[00:08:52] Bootstrap tree #84, logLikelihood: -4638.850498
[00:08:58] Bootstrap tree #85, logLikelihood: -4325.134701
[00:09:05] Bootstrap tree #86, logLikelihood: -4484.879293
[00:09:10] Bootstrap tree #87, logLikelihood: -4453.456452
[00:09:17] Bootstrap tree #88, logLikelihood: -4443.257574
[00:09:24] Bootstrap tree #89, logLikelihood: -4597.433849
[00:09:30] Bootstrap tree #90, logLikelihood: -4381.625225
[00:09:37] Bootstrap tree #91, logLikelihood: -4347.678905
[00:09:43] Bootstrap tree #92, logLikelihood: -4321.765204
[00:09:48] Bootstrap tree #93, logLikelihood: -4326.866019
[00:09:54] Bootstrap tree #94, logLikelihood: -4297.367101
[00:09:59] Bootstrap tree #95, logLikelihood: -4605.942608
[00:10:06] Bootstrap tree #96, logLikelihood: -4510.098015
[00:10:12] Bootstrap tree #97, logLikelihood: -4274.414452
[00:10:18] Bootstrap tree #98, logLikelihood: -4438.953562
[00:10:24] Bootstrap tree #99, logLikelihood: -4427.444949
[00:10:31] Bootstrap tree #100, logLikelihood: -4451.355651

Optimized model parameters:

   Partition 0: noname
   Rate heterogeneity: GAMMA (4 cats, mean),  alpha: 0.761566 (ML),  weights&rates: (0.250000,0.087358) (0.250000,0.391187) (0.250000,0.945709) (0.250000,2.575746) 
   Base frequencies (ML): 0.206487 0.262208 0.234619 0.296687 
   Substitution rates (ML): 1.061119 3.762060 1.285936 0.854985 4.614610 1.000000 

Final LogLikelihood: -4502.011777

All ML trees saved to: /mnt/lustre/scratch/home/uvi/be/avs/cancer_genes_selection/genes/SDHC/tree/SDHC.raxml.mlTrees
Best ML tree saved to: /mnt/lustre/scratch/home/uvi/be/avs/cancer_genes_selection/genes/SDHC/tree/SDHC.raxml.bestTree
Best ML tree with bootstrap support values saved to: /mnt/lustre/scratch/home/uvi/be/avs/cancer_genes_selection/genes/SDHC/tree/SDHC.raxml.support
Optimized model saved to: /mnt/lustre/scratch/home/uvi/be/avs/cancer_genes_selection/genes/SDHC/tree/SDHC.raxml.bestModel
Bootstrap trees saved to: /mnt/lustre/scratch/home/uvi/be/avs/cancer_genes_selection/genes/SDHC/tree/SDHC.raxml.bootstraps

Execution log saved to: /mnt/lustre/scratch/home/uvi/be/avs/cancer_genes_selection/genes/SDHC/tree/SDHC.raxml.log

Analysis started: 21-Mar-2018 22:52:09 / finished: 21-Mar-2018 23:02:43

Elapsed time: 633.884 seconds

