
RAxML-NG v. 0.5.1b BETA released on 01.12.2017 by The Exelixis Lab.
Authors: Alexey Kozlov, Alexandros Stamatakis, Diego Darriba, Tomas Flouri, Benoit Morel.
Latest version: https://github.com/amkozlov/raxml-ng
Questions/problems/suggestions? Please visit: https://groups.google.com/forum/#!forum/raxml

WARNING: This is a BETA release, please use at your own risk!

RAxML-NG was called as follows:

raxml-ng-mpi --all --msa /mnt/lustre/scratch/home/uvi/be/avs/cancer_genes_selection/genes/KAT6A/align/KAT6A_align_DNA_trimmed.fasta --model GTR+G -tree pars{10} --bs-trees 100 --prefix /mnt/lustre/scratch/home/uvi/be/avs/cancer_genes_selection/genes/KAT6A/tree/KAT6A --redo

Analysis options:
  run mode: ML tree search + bootstrapping
  start tree(s): parsimony (10)
  random seed: 1521659184
  tip-inner: ON
  pattern compression: ON
  per-rate scalers: OFF
  site repeats: OFF
  branch lengths: ML estimate (linked)
  SIMD kernels: AVX2
  parallelization: NONE/sequential

WARNING: Running in REDO mode: existing checkpoints are ignored, and all result files will be overwritten!

[00:00:00] Reading alignment from file: /mnt/lustre/scratch/home/uvi/be/avs/cancer_genes_selection/genes/KAT6A/align/KAT6A_align_DNA_trimmed.fasta
[00:00:00] Loaded alignment with 20 taxa and 6012 sites

Alignment comprises 1 partitions and 1944 patterns

Partition 0: noname
Model: GTR+FO+G4m
Alignment sites / patterns: 6012 / 1944
Gaps: 4.44 %
Invariant sites: 60.06 %


[00:00:00] Generating parsimony starting tree(s) with 20 taxa
[00:00:01] Data distribution: partitions/thread: 1-1, patterns/thread: 1944-1944

Starting ML tree search with 10 distinct starting trees

[00:00:09] ML tree search #1, logLikelihood: -32203.233713
[00:00:20] ML tree search #2, logLikelihood: -32203.233864
[00:00:29] ML tree search #3, logLikelihood: -32203.233871
[00:00:38] ML tree search #4, logLikelihood: -32203.233539
[00:00:47] ML tree search #5, logLikelihood: -32203.233555
[00:00:55] ML tree search #6, logLikelihood: -32203.233534
[00:01:05] ML tree search #7, logLikelihood: -32203.233517
[00:01:12] ML tree search #8, logLikelihood: -32203.233606
[00:01:22] ML tree search #9, logLikelihood: -32203.233676
[00:01:32] ML tree search #10, logLikelihood: -32203.234089

[00:01:32] ML tree search completed, best tree logLH: -32203.233517

[00:01:32] Starting bootstrapping analysis with 100 replicates.

[00:01:41] Bootstrap tree #1, logLikelihood: -31300.282019
[00:01:49] Bootstrap tree #2, logLikelihood: -31993.356662
[00:01:57] Bootstrap tree #3, logLikelihood: -31802.185039
[00:02:05] Bootstrap tree #4, logLikelihood: -31585.993179
[00:02:13] Bootstrap tree #5, logLikelihood: -31903.483548
[00:02:22] Bootstrap tree #6, logLikelihood: -32145.946779
[00:02:30] Bootstrap tree #7, logLikelihood: -33078.182227
[00:02:41] Bootstrap tree #8, logLikelihood: -32599.165269
[00:02:50] Bootstrap tree #9, logLikelihood: -31995.909672
[00:03:00] Bootstrap tree #10, logLikelihood: -32106.392811
[00:03:08] Bootstrap tree #11, logLikelihood: -32183.366062
[00:03:17] Bootstrap tree #12, logLikelihood: -32629.876222
[00:03:25] Bootstrap tree #13, logLikelihood: -31644.044279
[00:03:33] Bootstrap tree #14, logLikelihood: -32574.387327
[00:03:42] Bootstrap tree #15, logLikelihood: -32389.430552
[00:03:51] Bootstrap tree #16, logLikelihood: -32146.505205
[00:03:58] Bootstrap tree #17, logLikelihood: -32167.470235
[00:04:10] Bootstrap tree #18, logLikelihood: -32151.449962
[00:04:18] Bootstrap tree #19, logLikelihood: -32410.062194
[00:04:26] Bootstrap tree #20, logLikelihood: -32270.696143
[00:04:34] Bootstrap tree #21, logLikelihood: -32526.509363
[00:04:42] Bootstrap tree #22, logLikelihood: -32268.537766
[00:04:52] Bootstrap tree #23, logLikelihood: -32377.228500
[00:05:03] Bootstrap tree #24, logLikelihood: -33159.108304
[00:05:11] Bootstrap tree #25, logLikelihood: -31757.095977
[00:05:22] Bootstrap tree #26, logLikelihood: -32265.531600
[00:05:31] Bootstrap tree #27, logLikelihood: -31896.951315
[00:05:40] Bootstrap tree #28, logLikelihood: -31997.632477
[00:05:50] Bootstrap tree #29, logLikelihood: -32396.789872
[00:05:59] Bootstrap tree #30, logLikelihood: -31803.454753
[00:06:09] Bootstrap tree #31, logLikelihood: -31630.153387
[00:06:19] Bootstrap tree #32, logLikelihood: -31940.878274
[00:06:28] Bootstrap tree #33, logLikelihood: -31550.895707
[00:06:39] Bootstrap tree #34, logLikelihood: -32298.579230
[00:06:47] Bootstrap tree #35, logLikelihood: -32283.094952
[00:06:55] Bootstrap tree #36, logLikelihood: -32049.458157
[00:07:03] Bootstrap tree #37, logLikelihood: -32262.130646
[00:07:12] Bootstrap tree #38, logLikelihood: -32208.663127
[00:07:22] Bootstrap tree #39, logLikelihood: -32180.709811
[00:07:31] Bootstrap tree #40, logLikelihood: -31651.211344
[00:07:39] Bootstrap tree #41, logLikelihood: -32995.939415
[00:07:48] Bootstrap tree #42, logLikelihood: -32663.324623
[00:07:58] Bootstrap tree #43, logLikelihood: -32563.592126
[00:08:06] Bootstrap tree #44, logLikelihood: -32289.293653
[00:08:14] Bootstrap tree #45, logLikelihood: -32377.275389
[00:08:23] Bootstrap tree #46, logLikelihood: -32626.440601
[00:08:33] Bootstrap tree #47, logLikelihood: -31300.202522
[00:08:42] Bootstrap tree #48, logLikelihood: -32135.982788
[00:08:52] Bootstrap tree #49, logLikelihood: -31689.153713
[00:09:02] Bootstrap tree #50, logLikelihood: -32531.930928
[00:09:10] Bootstrap tree #51, logLikelihood: -32274.633090
[00:09:19] Bootstrap tree #52, logLikelihood: -31756.957920
[00:09:30] Bootstrap tree #53, logLikelihood: -32632.733438
[00:09:38] Bootstrap tree #54, logLikelihood: -31555.281640
[00:09:49] Bootstrap tree #55, logLikelihood: -31685.045491
[00:09:58] Bootstrap tree #56, logLikelihood: -32884.820834
[00:10:07] Bootstrap tree #57, logLikelihood: -32399.907218
[00:10:16] Bootstrap tree #58, logLikelihood: -31665.865965
[00:10:25] Bootstrap tree #59, logLikelihood: -31905.380062
[00:10:35] Bootstrap tree #60, logLikelihood: -32965.663904
[00:10:45] Bootstrap tree #61, logLikelihood: -31749.483550
[00:10:53] Bootstrap tree #62, logLikelihood: -32839.965724
[00:11:04] Bootstrap tree #63, logLikelihood: -32197.286004
[00:11:18] Bootstrap tree #64, logLikelihood: -31278.410075
[00:11:28] Bootstrap tree #65, logLikelihood: -31701.669862
[00:11:39] Bootstrap tree #66, logLikelihood: -32305.768959
[00:11:47] Bootstrap tree #67, logLikelihood: -31619.229971
[00:11:58] Bootstrap tree #68, logLikelihood: -31726.493948
[00:12:07] Bootstrap tree #69, logLikelihood: -31981.164781
[00:12:16] Bootstrap tree #70, logLikelihood: -31906.871122
[00:12:27] Bootstrap tree #71, logLikelihood: -32294.996790
[00:12:37] Bootstrap tree #72, logLikelihood: -32108.837803
[00:12:45] Bootstrap tree #73, logLikelihood: -32108.704323
[00:12:55] Bootstrap tree #74, logLikelihood: -32217.918107
[00:13:05] Bootstrap tree #75, logLikelihood: -31872.829785
[00:13:15] Bootstrap tree #76, logLikelihood: -31822.224835
[00:13:23] Bootstrap tree #77, logLikelihood: -32342.264293
[00:13:32] Bootstrap tree #78, logLikelihood: -31937.246084
[00:13:41] Bootstrap tree #79, logLikelihood: -32325.765656
[00:13:49] Bootstrap tree #80, logLikelihood: -31933.850004
[00:13:58] Bootstrap tree #81, logLikelihood: -31876.583507
[00:14:10] Bootstrap tree #82, logLikelihood: -31597.870731
[00:14:18] Bootstrap tree #83, logLikelihood: -32022.325758
[00:14:29] Bootstrap tree #84, logLikelihood: -32203.540308
[00:14:38] Bootstrap tree #85, logLikelihood: -33005.356588
[00:14:48] Bootstrap tree #86, logLikelihood: -32139.885340
[00:14:56] Bootstrap tree #87, logLikelihood: -32366.558700
[00:15:05] Bootstrap tree #88, logLikelihood: -31864.442753
[00:15:16] Bootstrap tree #89, logLikelihood: -32764.312579
[00:15:26] Bootstrap tree #90, logLikelihood: -32540.620385
[00:15:45] Bootstrap tree #91, logLikelihood: -32616.920994
[00:16:01] Bootstrap tree #92, logLikelihood: -32435.770072
[00:16:10] Bootstrap tree #93, logLikelihood: -31697.820618
[00:16:20] Bootstrap tree #94, logLikelihood: -32280.831145
[00:16:27] Bootstrap tree #95, logLikelihood: -32024.356643
[00:16:38] Bootstrap tree #96, logLikelihood: -32229.870965
[00:16:47] Bootstrap tree #97, logLikelihood: -32142.178459
[00:16:57] Bootstrap tree #98, logLikelihood: -32101.193223
[00:17:07] Bootstrap tree #99, logLikelihood: -32009.789538
[00:17:17] Bootstrap tree #100, logLikelihood: -32434.314648

Optimized model parameters:

   Partition 0: noname
   Rate heterogeneity: GAMMA (4 cats, mean),  alpha: 0.378887 (ML),  weights&rates: (0.250000,0.013790) (0.250000,0.165817) (0.250000,0.707385) (0.250000,3.113008) 
   Base frequencies (ML): 0.289687 0.259972 0.251699 0.198642 
   Substitution rates (ML): 1.234169 4.553209 0.843844 0.664110 5.447194 1.000000 

Final LogLikelihood: -32203.233517

All ML trees saved to: /mnt/lustre/scratch/home/uvi/be/avs/cancer_genes_selection/genes/KAT6A/tree/KAT6A.raxml.mlTrees
Best ML tree saved to: /mnt/lustre/scratch/home/uvi/be/avs/cancer_genes_selection/genes/KAT6A/tree/KAT6A.raxml.bestTree
Best ML tree with bootstrap support values saved to: /mnt/lustre/scratch/home/uvi/be/avs/cancer_genes_selection/genes/KAT6A/tree/KAT6A.raxml.support
Optimized model saved to: /mnt/lustre/scratch/home/uvi/be/avs/cancer_genes_selection/genes/KAT6A/tree/KAT6A.raxml.bestModel
Bootstrap trees saved to: /mnt/lustre/scratch/home/uvi/be/avs/cancer_genes_selection/genes/KAT6A/tree/KAT6A.raxml.bootstraps

Execution log saved to: /mnt/lustre/scratch/home/uvi/be/avs/cancer_genes_selection/genes/KAT6A/tree/KAT6A.raxml.log

Analysis started: 21-Mar-2018 20:06:24 / finished: 21-Mar-2018 20:23:44

Elapsed time: 1039.632 seconds

