
RAxML-NG v. 0.5.1b BETA released on 01.12.2017 by The Exelixis Lab.
Authors: Alexey Kozlov, Alexandros Stamatakis, Diego Darriba, Tomas Flouri, Benoit Morel.
Latest version: https://github.com/amkozlov/raxml-ng
Questions/problems/suggestions? Please visit: https://groups.google.com/forum/#!forum/raxml

WARNING: This is a BETA release, please use at your own risk!

RAxML-NG was called as follows:

raxml-ng-mpi --all --msa /mnt/lustre/scratch/home/uvi/be/avs/cancer_genes_selection/genes/SDC4/align/SDC4_align_DNA_trimmed2.fasta --model GTR+G -tree pars{10} --bs-trees 100 --prefix /mnt/lustre/scratch/home/uvi/be/avs/cancer_genes_selection/genes/SDC4/tree/SDC4_trimmed --redo

Analysis options:
  run mode: ML tree search + bootstrapping
  start tree(s): parsimony (10)
  random seed: 1522103906
  tip-inner: ON
  pattern compression: ON
  per-rate scalers: OFF
  site repeats: OFF
  branch lengths: ML estimate (linked)
  SIMD kernels: AVX2
  parallelization: NONE/sequential

WARNING: Running in REDO mode: existing checkpoints are ignored, and all result files will be overwritten!

[00:00:00] Reading alignment from file: /mnt/lustre/scratch/home/uvi/be/avs/cancer_genes_selection/genes/SDC4/align/SDC4_align_DNA_trimmed2.fasta
[00:00:01] Loaded alignment with 28 taxa and 606 sites

Alignment comprises 1 partitions and 419 patterns

Partition 0: noname
Model: GTR+FO+G4m
Alignment sites / patterns: 606 / 419
Gaps: 3.43 %
Invariant sites: 31.85 %


[00:00:01] Generating parsimony starting tree(s) with 28 taxa
[00:00:01] Data distribution: partitions/thread: 1-1, patterns/thread: 419-419

Starting ML tree search with 10 distinct starting trees

[00:00:09] ML tree search #1, logLikelihood: -6447.979529
[00:00:19] ML tree search #2, logLikelihood: -6447.987769
[00:00:28] ML tree search #3, logLikelihood: -6447.984894
[00:00:35] ML tree search #4, logLikelihood: -6447.022633
[00:00:44] ML tree search #5, logLikelihood: -6447.034878
[00:00:52] ML tree search #6, logLikelihood: -6446.888338
[00:01:01] ML tree search #7, logLikelihood: -6447.993386
[00:01:08] ML tree search #8, logLikelihood: -6447.982282
[00:01:16] ML tree search #9, logLikelihood: -6447.029245
[00:01:24] ML tree search #10, logLikelihood: -6447.988798

[00:01:25] ML tree search completed, best tree logLH: -6446.888338

[00:01:25] Starting bootstrapping analysis with 100 replicates.

[00:01:31] Bootstrap tree #1, logLikelihood: -6185.385687
[00:01:39] Bootstrap tree #2, logLikelihood: -5942.875422
[00:01:50] Bootstrap tree #3, logLikelihood: -6385.101089
[00:01:58] Bootstrap tree #4, logLikelihood: -6880.646117
[00:02:09] Bootstrap tree #5, logLikelihood: -6233.936297
[00:02:17] Bootstrap tree #6, logLikelihood: -6422.325685
[00:02:24] Bootstrap tree #7, logLikelihood: -5949.218138
[00:02:32] Bootstrap tree #8, logLikelihood: -6327.988841
[00:02:41] Bootstrap tree #9, logLikelihood: -6706.974102
[00:02:51] Bootstrap tree #10, logLikelihood: -6585.229110
[00:02:59] Bootstrap tree #11, logLikelihood: -6487.088000
[00:03:08] Bootstrap tree #12, logLikelihood: -6216.132688
[00:03:18] Bootstrap tree #13, logLikelihood: -6005.206928
[00:03:27] Bootstrap tree #14, logLikelihood: -6012.454258
[00:03:38] Bootstrap tree #15, logLikelihood: -6555.415473
[00:03:46] Bootstrap tree #16, logLikelihood: -6624.665148
[00:04:00] Bootstrap tree #17, logLikelihood: -6610.533668
[00:04:10] Bootstrap tree #18, logLikelihood: -6288.122933
[00:04:18] Bootstrap tree #19, logLikelihood: -6274.483139
[00:04:25] Bootstrap tree #20, logLikelihood: -6194.546904
[00:04:34] Bootstrap tree #21, logLikelihood: -6026.760156
[00:04:43] Bootstrap tree #22, logLikelihood: -6185.765803
[00:04:54] Bootstrap tree #23, logLikelihood: -6421.401967
[00:05:03] Bootstrap tree #24, logLikelihood: -6373.339447
[00:05:13] Bootstrap tree #25, logLikelihood: -6318.082853
[00:05:24] Bootstrap tree #26, logLikelihood: -6551.311066
[00:05:35] Bootstrap tree #27, logLikelihood: -6209.125885
[00:05:45] Bootstrap tree #28, logLikelihood: -6518.706810
[00:05:58] Bootstrap tree #29, logLikelihood: -6099.398657
[00:06:09] Bootstrap tree #30, logLikelihood: -6126.790643
[00:06:19] Bootstrap tree #31, logLikelihood: -6563.967009
[00:06:29] Bootstrap tree #32, logLikelihood: -6657.983415
[00:06:38] Bootstrap tree #33, logLikelihood: -6406.368245
[00:06:46] Bootstrap tree #34, logLikelihood: -6752.900106
[00:06:55] Bootstrap tree #35, logLikelihood: -6295.617964
[00:07:04] Bootstrap tree #36, logLikelihood: -6891.937997
[00:07:13] Bootstrap tree #37, logLikelihood: -6529.983192
[00:07:23] Bootstrap tree #38, logLikelihood: -6333.304607
[00:07:33] Bootstrap tree #39, logLikelihood: -6477.855948
[00:07:43] Bootstrap tree #40, logLikelihood: -6290.641733
[00:07:53] Bootstrap tree #41, logLikelihood: -6273.056970
[00:08:04] Bootstrap tree #42, logLikelihood: -6422.167615
[00:08:18] Bootstrap tree #43, logLikelihood: -6228.140645
[00:08:28] Bootstrap tree #44, logLikelihood: -6300.125696
[00:08:37] Bootstrap tree #45, logLikelihood: -6448.204504
[00:08:48] Bootstrap tree #46, logLikelihood: -6258.909798
[00:08:57] Bootstrap tree #47, logLikelihood: -6782.282651
[00:09:08] Bootstrap tree #48, logLikelihood: -6460.925988
[00:09:19] Bootstrap tree #49, logLikelihood: -6487.404749
[00:09:28] Bootstrap tree #50, logLikelihood: -6238.964974
[00:09:39] Bootstrap tree #51, logLikelihood: -6319.095485
[00:09:50] Bootstrap tree #52, logLikelihood: -6452.824614
[00:10:00] Bootstrap tree #53, logLikelihood: -6460.365297
[00:10:08] Bootstrap tree #54, logLikelihood: -6391.987880
[00:10:17] Bootstrap tree #55, logLikelihood: -6710.916134
[00:10:30] Bootstrap tree #56, logLikelihood: -6553.404777
[00:10:40] Bootstrap tree #57, logLikelihood: -6462.817117
[00:10:48] Bootstrap tree #58, logLikelihood: -6080.520811
[00:10:58] Bootstrap tree #59, logLikelihood: -6540.587508
[00:11:09] Bootstrap tree #60, logLikelihood: -6213.311955
[00:11:19] Bootstrap tree #61, logLikelihood: -6229.288330
[00:11:29] Bootstrap tree #62, logLikelihood: -6137.681303
[00:11:41] Bootstrap tree #63, logLikelihood: -6746.340809
[00:11:51] Bootstrap tree #64, logLikelihood: -6525.150480
[00:12:02] Bootstrap tree #65, logLikelihood: -6243.664775
[00:12:14] Bootstrap tree #66, logLikelihood: -6434.047206
[00:12:25] Bootstrap tree #67, logLikelihood: -6455.358878
[00:12:34] Bootstrap tree #68, logLikelihood: -6482.040396
[00:12:45] Bootstrap tree #69, logLikelihood: -6406.454705
[00:13:00] Bootstrap tree #70, logLikelihood: -6430.689402
[00:13:15] Bootstrap tree #71, logLikelihood: -6353.170833
[00:13:27] Bootstrap tree #72, logLikelihood: -6121.210021
[00:13:38] Bootstrap tree #73, logLikelihood: -6114.583055
[00:13:50] Bootstrap tree #74, logLikelihood: -6456.460711
[00:13:59] Bootstrap tree #75, logLikelihood: -6073.676207
[00:14:08] Bootstrap tree #76, logLikelihood: -6261.511538
[00:14:21] Bootstrap tree #77, logLikelihood: -6683.249795
[00:14:34] Bootstrap tree #78, logLikelihood: -6193.376332
[00:14:46] Bootstrap tree #79, logLikelihood: -6463.043526
[00:14:55] Bootstrap tree #80, logLikelihood: -6063.169818
[00:15:06] Bootstrap tree #81, logLikelihood: -6432.996498
[00:15:20] Bootstrap tree #82, logLikelihood: -6309.723249
[00:15:30] Bootstrap tree #83, logLikelihood: -6445.895228
[00:15:45] Bootstrap tree #84, logLikelihood: -6207.943418
[00:15:56] Bootstrap tree #85, logLikelihood: -6265.514952
[00:16:06] Bootstrap tree #86, logLikelihood: -6334.234255
[00:16:17] Bootstrap tree #87, logLikelihood: -6349.470084
[00:16:28] Bootstrap tree #88, logLikelihood: -6496.414371
[00:16:39] Bootstrap tree #89, logLikelihood: -6400.816522
[00:16:53] Bootstrap tree #90, logLikelihood: -6211.306833
[00:17:04] Bootstrap tree #91, logLikelihood: -6543.250802
[00:17:14] Bootstrap tree #92, logLikelihood: -6128.385621
[00:17:24] Bootstrap tree #93, logLikelihood: -6722.699268
[00:17:34] Bootstrap tree #94, logLikelihood: -6050.404601
[00:17:43] Bootstrap tree #95, logLikelihood: -6154.070759
[00:17:53] Bootstrap tree #96, logLikelihood: -6103.186365
[00:18:03] Bootstrap tree #97, logLikelihood: -6214.214460
[00:18:14] Bootstrap tree #98, logLikelihood: -6900.342124
[00:18:24] Bootstrap tree #99, logLikelihood: -6276.835925
[00:18:36] Bootstrap tree #100, logLikelihood: -6086.709313

Optimized model parameters:

   Partition 0: noname
   Rate heterogeneity: GAMMA (4 cats, mean),  alpha: 0.604434 (ML),  weights&rates: (0.250000,0.054024) (0.250000,0.314728) (0.250000,0.883564) (0.250000,2.747685) 
   Base frequencies (ML): 0.232533 0.246857 0.288154 0.232456 
   Substitution rates (ML): 2.257978 5.484274 0.827861 1.391908 6.398179 1.000000 

Final LogLikelihood: -6446.888338

All ML trees saved to: /mnt/lustre/scratch/home/uvi/be/avs/cancer_genes_selection/genes/SDC4/tree/SDC4_trimmed.raxml.mlTrees
Best ML tree saved to: /mnt/lustre/scratch/home/uvi/be/avs/cancer_genes_selection/genes/SDC4/tree/SDC4_trimmed.raxml.bestTree
Best ML tree with bootstrap support values saved to: /mnt/lustre/scratch/home/uvi/be/avs/cancer_genes_selection/genes/SDC4/tree/SDC4_trimmed.raxml.support
Optimized model saved to: /mnt/lustre/scratch/home/uvi/be/avs/cancer_genes_selection/genes/SDC4/tree/SDC4_trimmed.raxml.bestModel
Bootstrap trees saved to: /mnt/lustre/scratch/home/uvi/be/avs/cancer_genes_selection/genes/SDC4/tree/SDC4_trimmed.raxml.bootstraps

Execution log saved to: /mnt/lustre/scratch/home/uvi/be/avs/cancer_genes_selection/genes/SDC4/tree/SDC4_trimmed.raxml.log

Analysis started: 27-Mar-2018 00:38:25 / finished: 27-Mar-2018 00:57:06

Elapsed time: 1120.788 seconds

