
RAxML-NG v. 0.5.1b BETA released on 01.12.2017 by The Exelixis Lab.
Authors: Alexey Kozlov, Alexandros Stamatakis, Diego Darriba, Tomas Flouri, Benoit Morel.
Latest version: https://github.com/amkozlov/raxml-ng
Questions/problems/suggestions? Please visit: https://groups.google.com/forum/#!forum/raxml

WARNING: This is a BETA release, please use at your own risk!

RAxML-NG was called as follows:

raxml-ng-mpi --all --msa /mnt/lustre/scratch/home/uvi/be/avs/cancer_genes_selection/genes/ERCC5/align/ERCC5_align_DNA_trimmed2.fasta --model GTR+G -tree pars{10} --bs-trees 100 --prefix /mnt/lustre/scratch/home/uvi/be/avs/cancer_genes_selection/genes/ERCC5/tree/ERCC5_trimmed --redo

Analysis options:
  run mode: ML tree search + bootstrapping
  start tree(s): parsimony (10)
  random seed: 1522091525
  tip-inner: ON
  pattern compression: ON
  per-rate scalers: OFF
  site repeats: OFF
  branch lengths: ML estimate (linked)
  SIMD kernels: AVX2
  parallelization: NONE/sequential

WARNING: Running in REDO mode: existing checkpoints are ignored, and all result files will be overwritten!

[00:00:00] Reading alignment from file: /mnt/lustre/scratch/home/uvi/be/avs/cancer_genes_selection/genes/ERCC5/align/ERCC5_align_DNA_trimmed2.fasta
[00:00:01] Loaded alignment with 22 taxa and 3558 sites

Alignment comprises 1 partitions and 2454 patterns

Partition 0: noname
Model: GTR+FO+G4m
Alignment sites / patterns: 3558 / 2454
Gaps: 5.41 %
Invariant sites: 28.67 %


[00:00:01] Generating parsimony starting tree(s) with 22 taxa
[00:00:01] Data distribution: partitions/thread: 1-1, patterns/thread: 2454-2454

Starting ML tree search with 10 distinct starting trees

[00:00:15] ML tree search #1, logLikelihood: -36999.898749
[00:00:35] ML tree search #2, logLikelihood: -36999.896520
[00:00:57] ML tree search #3, logLikelihood: -36999.894693
[00:01:09] ML tree search #4, logLikelihood: -36999.900767
[00:01:29] ML tree search #5, logLikelihood: -36999.895352
[00:01:42] ML tree search #6, logLikelihood: -36999.897599
[00:02:04] ML tree search #7, logLikelihood: -36999.892692
[00:02:24] ML tree search #8, logLikelihood: -36999.914988
[00:02:40] ML tree search #9, logLikelihood: -36999.899949
[00:02:57] ML tree search #10, logLikelihood: -36999.898900

[00:02:57] ML tree search completed, best tree logLH: -36999.892692

[00:02:57] Starting bootstrapping analysis with 100 replicates.

[00:03:10] Bootstrap tree #1, logLikelihood: -37273.126343
[00:03:24] Bootstrap tree #2, logLikelihood: -36331.622032
[00:03:37] Bootstrap tree #3, logLikelihood: -36473.067297
[00:03:55] Bootstrap tree #4, logLikelihood: -36967.051087
[00:04:09] Bootstrap tree #5, logLikelihood: -37314.397791
[00:04:23] Bootstrap tree #6, logLikelihood: -37078.268340
[00:04:35] Bootstrap tree #7, logLikelihood: -36862.037398
[00:04:50] Bootstrap tree #8, logLikelihood: -37427.745439
[00:05:06] Bootstrap tree #9, logLikelihood: -37185.454698
[00:05:22] Bootstrap tree #10, logLikelihood: -37022.228660
[00:05:35] Bootstrap tree #11, logLikelihood: -36920.870246
[00:05:46] Bootstrap tree #12, logLikelihood: -36552.011119
[00:06:00] Bootstrap tree #13, logLikelihood: -37450.658529
[00:06:14] Bootstrap tree #14, logLikelihood: -37498.707826
[00:06:32] Bootstrap tree #15, logLikelihood: -37339.190885
[00:06:48] Bootstrap tree #16, logLikelihood: -36521.913952
[00:07:04] Bootstrap tree #17, logLikelihood: -36816.079448
[00:07:19] Bootstrap tree #18, logLikelihood: -36892.424666
[00:07:34] Bootstrap tree #19, logLikelihood: -36727.252710
[00:07:49] Bootstrap tree #20, logLikelihood: -37744.570388
[00:08:04] Bootstrap tree #21, logLikelihood: -36898.447147
[00:08:17] Bootstrap tree #22, logLikelihood: -37110.677438
[00:08:35] Bootstrap tree #23, logLikelihood: -37277.150695
[00:08:50] Bootstrap tree #24, logLikelihood: -36713.803586
[00:09:04] Bootstrap tree #25, logLikelihood: -37331.648290
[00:09:23] Bootstrap tree #26, logLikelihood: -36639.759424
[00:09:36] Bootstrap tree #27, logLikelihood: -37005.762600
[00:09:53] Bootstrap tree #28, logLikelihood: -36785.684284
[00:10:11] Bootstrap tree #29, logLikelihood: -36680.613989
[00:10:32] Bootstrap tree #30, logLikelihood: -36546.744177
[00:10:46] Bootstrap tree #31, logLikelihood: -37356.358923
[00:11:03] Bootstrap tree #32, logLikelihood: -36049.791710
[00:11:18] Bootstrap tree #33, logLikelihood: -37007.986271
[00:11:36] Bootstrap tree #34, logLikelihood: -37627.021315
[00:11:51] Bootstrap tree #35, logLikelihood: -37299.754504
[00:12:08] Bootstrap tree #36, logLikelihood: -36710.104377
[00:12:24] Bootstrap tree #37, logLikelihood: -37137.050369
[00:12:41] Bootstrap tree #38, logLikelihood: -37162.087540
[00:12:59] Bootstrap tree #39, logLikelihood: -36692.455712
[00:13:15] Bootstrap tree #40, logLikelihood: -36537.836410
[00:13:32] Bootstrap tree #41, logLikelihood: -37037.177418
[00:13:50] Bootstrap tree #42, logLikelihood: -37577.345644
[00:14:07] Bootstrap tree #43, logLikelihood: -37699.704443
[00:14:21] Bootstrap tree #44, logLikelihood: -36615.329004
[00:14:39] Bootstrap tree #45, logLikelihood: -37702.195598
[00:14:55] Bootstrap tree #46, logLikelihood: -36560.332002
[00:15:12] Bootstrap tree #47, logLikelihood: -37073.780302
[00:15:28] Bootstrap tree #48, logLikelihood: -36607.240857
[00:15:46] Bootstrap tree #49, logLikelihood: -36546.347461
[00:16:00] Bootstrap tree #50, logLikelihood: -36672.741952
[00:16:13] Bootstrap tree #51, logLikelihood: -36604.139725
[00:16:29] Bootstrap tree #52, logLikelihood: -37226.845986
[00:16:44] Bootstrap tree #53, logLikelihood: -36126.664362
[00:17:04] Bootstrap tree #54, logLikelihood: -37296.871964
[00:17:19] Bootstrap tree #55, logLikelihood: -36911.964494
[00:17:38] Bootstrap tree #56, logLikelihood: -37191.095973
[00:17:54] Bootstrap tree #57, logLikelihood: -37147.299854
[00:18:07] Bootstrap tree #58, logLikelihood: -37830.512772
[00:18:24] Bootstrap tree #59, logLikelihood: -37420.574793
[00:18:38] Bootstrap tree #60, logLikelihood: -37217.988762
[00:18:52] Bootstrap tree #61, logLikelihood: -37092.962457
[00:19:07] Bootstrap tree #62, logLikelihood: -36567.403645
[00:19:20] Bootstrap tree #63, logLikelihood: -36835.509958
[00:19:35] Bootstrap tree #64, logLikelihood: -36979.518137
[00:19:48] Bootstrap tree #65, logLikelihood: -36879.116633
[00:20:07] Bootstrap tree #66, logLikelihood: -37060.652550
[00:20:21] Bootstrap tree #67, logLikelihood: -37347.309848
[00:20:39] Bootstrap tree #68, logLikelihood: -36826.010281
[00:20:57] Bootstrap tree #69, logLikelihood: -37054.900090
[00:21:13] Bootstrap tree #70, logLikelihood: -37227.501288
[00:21:28] Bootstrap tree #71, logLikelihood: -36983.300772
[00:21:43] Bootstrap tree #72, logLikelihood: -37068.698641
[00:21:57] Bootstrap tree #73, logLikelihood: -36197.582495
[00:22:11] Bootstrap tree #74, logLikelihood: -36608.666556
[00:22:25] Bootstrap tree #75, logLikelihood: -36411.096237
[00:22:39] Bootstrap tree #76, logLikelihood: -36938.636854
[00:22:54] Bootstrap tree #77, logLikelihood: -36879.141516
[00:23:09] Bootstrap tree #78, logLikelihood: -36848.803057
[00:23:25] Bootstrap tree #79, logLikelihood: -36853.508539
[00:23:42] Bootstrap tree #80, logLikelihood: -37065.345556
[00:24:00] Bootstrap tree #81, logLikelihood: -37043.606835
[00:24:17] Bootstrap tree #82, logLikelihood: -36570.369325
[00:24:35] Bootstrap tree #83, logLikelihood: -36944.455959
[00:24:48] Bootstrap tree #84, logLikelihood: -37598.540267
[00:25:02] Bootstrap tree #85, logLikelihood: -37084.641649
[00:25:19] Bootstrap tree #86, logLikelihood: -37226.912771
[00:25:33] Bootstrap tree #87, logLikelihood: -36397.352449
[00:25:48] Bootstrap tree #88, logLikelihood: -36381.722576
[00:26:03] Bootstrap tree #89, logLikelihood: -37390.437722
[00:26:19] Bootstrap tree #90, logLikelihood: -36937.010991
[00:26:33] Bootstrap tree #91, logLikelihood: -36823.267230
[00:26:46] Bootstrap tree #92, logLikelihood: -36943.422455
[00:27:03] Bootstrap tree #93, logLikelihood: -37138.331052
[00:27:18] Bootstrap tree #94, logLikelihood: -36084.022534
[00:27:32] Bootstrap tree #95, logLikelihood: -36918.685980
[00:27:46] Bootstrap tree #96, logLikelihood: -36459.857617
[00:28:05] Bootstrap tree #97, logLikelihood: -36938.489379
[00:28:21] Bootstrap tree #98, logLikelihood: -37644.455153
[00:28:38] Bootstrap tree #99, logLikelihood: -36032.437899
[00:28:54] Bootstrap tree #100, logLikelihood: -37255.154169

Optimized model parameters:

   Partition 0: noname
   Rate heterogeneity: GAMMA (4 cats, mean),  alpha: 0.828921 (ML),  weights&rates: (0.250000,0.101696) (0.250000,0.418522) (0.250000,0.964657) (0.250000,2.515124) 
   Base frequencies (ML): 0.273844 0.247319 0.274904 0.203933 
   Substitution rates (ML): 1.323381 3.652944 0.717905 1.262967 4.530587 1.000000 

Final LogLikelihood: -36999.892692

All ML trees saved to: /mnt/lustre/scratch/home/uvi/be/avs/cancer_genes_selection/genes/ERCC5/tree/ERCC5_trimmed.raxml.mlTrees
Best ML tree saved to: /mnt/lustre/scratch/home/uvi/be/avs/cancer_genes_selection/genes/ERCC5/tree/ERCC5_trimmed.raxml.bestTree
Best ML tree with bootstrap support values saved to: /mnt/lustre/scratch/home/uvi/be/avs/cancer_genes_selection/genes/ERCC5/tree/ERCC5_trimmed.raxml.support
Optimized model saved to: /mnt/lustre/scratch/home/uvi/be/avs/cancer_genes_selection/genes/ERCC5/tree/ERCC5_trimmed.raxml.bestModel
Bootstrap trees saved to: /mnt/lustre/scratch/home/uvi/be/avs/cancer_genes_selection/genes/ERCC5/tree/ERCC5_trimmed.raxml.bootstraps

Execution log saved to: /mnt/lustre/scratch/home/uvi/be/avs/cancer_genes_selection/genes/ERCC5/tree/ERCC5_trimmed.raxml.log

Analysis started: 26-Mar-2018 21:12:05 / finished: 26-Mar-2018 21:41:03

Elapsed time: 1737.798 seconds

