
RAxML-NG v. 0.5.1b BETA released on 01.12.2017 by The Exelixis Lab.
Authors: Alexey Kozlov, Alexandros Stamatakis, Diego Darriba, Tomas Flouri, Benoit Morel.
Latest version: https://github.com/amkozlov/raxml-ng
Questions/problems/suggestions? Please visit: https://groups.google.com/forum/#!forum/raxml

WARNING: This is a BETA release, please use at your own risk!

RAxML-NG was called as follows:

raxml-ng-mpi --all --msa /mnt/lustre/scratch/home/uvi/be/avs/cancer_genes_selection/genes/CDX2/align/CDX2_align_DNA_trimmed.fasta --model GTR+G -tree pars{10} --bs-trees 100 --prefix /mnt/lustre/scratch/home/uvi/be/avs/cancer_genes_selection/genes/CDX2/tree/CDX2 --redo

Analysis options:
  run mode: ML tree search + bootstrapping
  start tree(s): parsimony (10)
  random seed: 1521650648
  tip-inner: ON
  pattern compression: ON
  per-rate scalers: OFF
  site repeats: OFF
  branch lengths: ML estimate (linked)
  SIMD kernels: AVX2
  parallelization: NONE/sequential

WARNING: Running in REDO mode: existing checkpoints are ignored, and all result files will be overwritten!

[00:00:00] Reading alignment from file: /mnt/lustre/scratch/home/uvi/be/avs/cancer_genes_selection/genes/CDX2/align/CDX2_align_DNA_trimmed.fasta
[00:00:00] Loaded alignment with 26 taxa and 942 sites

Alignment comprises 1 partitions and 548 patterns

Partition 0: noname
Model: GTR+FO+G4m
Alignment sites / patterns: 942 / 548
Gaps: 6.67 %
Invariant sites: 43.74 %


[00:00:00] Generating parsimony starting tree(s) with 26 taxa
[00:00:01] Data distribution: partitions/thread: 1-1, patterns/thread: 548-548

Starting ML tree search with 10 distinct starting trees

[00:00:06] ML tree search #1, logLikelihood: -7545.808083
[00:00:12] ML tree search #2, logLikelihood: -7547.109302
[00:00:19] ML tree search #3, logLikelihood: -7546.089634
[00:00:25] ML tree search #4, logLikelihood: -7546.094159
[00:00:31] ML tree search #5, logLikelihood: -7547.107384
[00:00:38] ML tree search #6, logLikelihood: -7546.087256
[00:00:45] ML tree search #7, logLikelihood: -7548.942423
[00:00:52] ML tree search #8, logLikelihood: -7546.089183
[00:01:02] ML tree search #9, logLikelihood: -7546.085310
[00:01:08] ML tree search #10, logLikelihood: -7548.502726

[00:01:08] ML tree search completed, best tree logLH: -7545.808083

[00:01:08] Starting bootstrapping analysis with 100 replicates.

[00:01:14] Bootstrap tree #1, logLikelihood: -7857.749456
[00:01:23] Bootstrap tree #2, logLikelihood: -7476.315519
[00:01:29] Bootstrap tree #3, logLikelihood: -7613.270992
[00:01:36] Bootstrap tree #4, logLikelihood: -7610.973130
[00:01:42] Bootstrap tree #5, logLikelihood: -7585.635300
[00:01:48] Bootstrap tree #6, logLikelihood: -7693.266469
[00:01:54] Bootstrap tree #7, logLikelihood: -7720.206280
[00:02:00] Bootstrap tree #8, logLikelihood: -7424.888338
[00:02:06] Bootstrap tree #9, logLikelihood: -7791.137868
[00:02:11] Bootstrap tree #10, logLikelihood: -7337.434270
[00:02:17] Bootstrap tree #11, logLikelihood: -7374.308718
[00:02:25] Bootstrap tree #12, logLikelihood: -7170.030766
[00:02:31] Bootstrap tree #13, logLikelihood: -7337.065163
[00:02:38] Bootstrap tree #14, logLikelihood: -7623.085706
[00:02:45] Bootstrap tree #15, logLikelihood: -7473.874487
[00:02:50] Bootstrap tree #16, logLikelihood: -7278.551123
[00:02:58] Bootstrap tree #17, logLikelihood: -7647.012113
[00:03:05] Bootstrap tree #18, logLikelihood: -7052.989687
[00:03:12] Bootstrap tree #19, logLikelihood: -7520.223220
[00:03:18] Bootstrap tree #20, logLikelihood: -7480.439490
[00:03:24] Bootstrap tree #21, logLikelihood: -7508.243806
[00:03:31] Bootstrap tree #22, logLikelihood: -7799.062448
[00:03:37] Bootstrap tree #23, logLikelihood: -7138.365920
[00:03:44] Bootstrap tree #24, logLikelihood: -7159.763385
[00:03:52] Bootstrap tree #25, logLikelihood: -7180.897231
[00:04:03] Bootstrap tree #26, logLikelihood: -7603.305621
[00:04:13] Bootstrap tree #27, logLikelihood: -7682.918086
[00:04:21] Bootstrap tree #28, logLikelihood: -7609.685613
[00:04:28] Bootstrap tree #29, logLikelihood: -7499.176932
[00:04:37] Bootstrap tree #30, logLikelihood: -7612.252701
[00:04:44] Bootstrap tree #31, logLikelihood: -7620.604574
[00:04:52] Bootstrap tree #32, logLikelihood: -7739.071380
[00:05:01] Bootstrap tree #33, logLikelihood: -7343.013995
[00:05:07] Bootstrap tree #34, logLikelihood: -7266.811435
[00:05:13] Bootstrap tree #35, logLikelihood: -7541.997417
[00:05:21] Bootstrap tree #36, logLikelihood: -7286.308300
[00:05:28] Bootstrap tree #37, logLikelihood: -7547.786778
[00:05:36] Bootstrap tree #38, logLikelihood: -7296.573282
[00:05:46] Bootstrap tree #39, logLikelihood: -7581.387297
[00:05:53] Bootstrap tree #40, logLikelihood: -7348.367439
[00:06:02] Bootstrap tree #41, logLikelihood: -7353.264923
[00:06:08] Bootstrap tree #42, logLikelihood: -7923.639050
[00:06:16] Bootstrap tree #43, logLikelihood: -7924.110845
[00:06:27] Bootstrap tree #44, logLikelihood: -7646.227610
[00:06:33] Bootstrap tree #45, logLikelihood: -7485.401388
[00:06:41] Bootstrap tree #46, logLikelihood: -7303.815937
[00:06:49] Bootstrap tree #47, logLikelihood: -7368.275723
[00:06:56] Bootstrap tree #48, logLikelihood: -7516.408042
[00:07:04] Bootstrap tree #49, logLikelihood: -7687.601964
[00:07:10] Bootstrap tree #50, logLikelihood: -7564.925243
[00:07:17] Bootstrap tree #51, logLikelihood: -7609.863702
[00:07:28] Bootstrap tree #52, logLikelihood: -7393.310997
[00:07:37] Bootstrap tree #53, logLikelihood: -7533.505577
[00:07:44] Bootstrap tree #54, logLikelihood: -7761.217623
[00:07:50] Bootstrap tree #55, logLikelihood: -7283.250241
[00:07:56] Bootstrap tree #56, logLikelihood: -7319.837187
[00:08:05] Bootstrap tree #57, logLikelihood: -7381.619077
[00:08:13] Bootstrap tree #58, logLikelihood: -7415.509206
[00:08:21] Bootstrap tree #59, logLikelihood: -7037.183909
[00:08:27] Bootstrap tree #60, logLikelihood: -7737.666002
[00:08:34] Bootstrap tree #61, logLikelihood: -7028.743515
[00:08:40] Bootstrap tree #62, logLikelihood: -7429.474700
[00:08:47] Bootstrap tree #63, logLikelihood: -7543.117293
[00:08:54] Bootstrap tree #64, logLikelihood: -7536.414523
[00:09:03] Bootstrap tree #65, logLikelihood: -7628.748709
[00:09:08] Bootstrap tree #66, logLikelihood: -7850.815194
[00:09:15] Bootstrap tree #67, logLikelihood: -7381.294498
[00:09:22] Bootstrap tree #68, logLikelihood: -7201.667653
[00:09:28] Bootstrap tree #69, logLikelihood: -7485.865672
[00:09:36] Bootstrap tree #70, logLikelihood: -7479.558585
[00:09:46] Bootstrap tree #71, logLikelihood: -7730.528761
[00:09:53] Bootstrap tree #72, logLikelihood: -7291.122977
[00:10:03] Bootstrap tree #73, logLikelihood: -7403.745024
[00:10:10] Bootstrap tree #74, logLikelihood: -7495.137366
[00:10:20] Bootstrap tree #75, logLikelihood: -7680.601404
[00:10:29] Bootstrap tree #76, logLikelihood: -7602.629287
[00:10:36] Bootstrap tree #77, logLikelihood: -7636.277385
[00:10:43] Bootstrap tree #78, logLikelihood: -7769.898185
[00:10:51] Bootstrap tree #79, logLikelihood: -7469.818537
[00:10:57] Bootstrap tree #80, logLikelihood: -7114.767863
[00:11:06] Bootstrap tree #81, logLikelihood: -7458.159155
[00:11:12] Bootstrap tree #82, logLikelihood: -7054.228539
[00:11:20] Bootstrap tree #83, logLikelihood: -7106.611138
[00:11:28] Bootstrap tree #84, logLikelihood: -7349.855763
[00:11:39] Bootstrap tree #85, logLikelihood: -7382.927146
[00:11:47] Bootstrap tree #86, logLikelihood: -7528.579751
[00:11:56] Bootstrap tree #87, logLikelihood: -7492.269575
[00:12:03] Bootstrap tree #88, logLikelihood: -7772.438166
[00:12:11] Bootstrap tree #89, logLikelihood: -7296.018584
[00:12:18] Bootstrap tree #90, logLikelihood: -7472.894395
[00:12:25] Bootstrap tree #91, logLikelihood: -7815.745695
[00:12:35] Bootstrap tree #92, logLikelihood: -7490.635312
[00:12:44] Bootstrap tree #93, logLikelihood: -7797.686152
[00:12:52] Bootstrap tree #94, logLikelihood: -7630.533125
[00:13:00] Bootstrap tree #95, logLikelihood: -7220.756051
[00:13:10] Bootstrap tree #96, logLikelihood: -7640.047048
[00:13:19] Bootstrap tree #97, logLikelihood: -7172.061493
[00:13:27] Bootstrap tree #98, logLikelihood: -7132.717716
[00:13:36] Bootstrap tree #99, logLikelihood: -7823.091207
[00:13:44] Bootstrap tree #100, logLikelihood: -7613.714169

Optimized model parameters:

   Partition 0: noname
   Rate heterogeneity: GAMMA (4 cats, mean),  alpha: 0.403674 (ML),  weights&rates: (0.250000,0.017248) (0.250000,0.184495) (0.250000,0.735226) (0.250000,3.063031) 
   Base frequencies (ML): 0.192010 0.331147 0.303701 0.173142 
   Substitution rates (ML): 0.883997 2.068340 0.587441 0.572081 2.202104 1.000000 

Final LogLikelihood: -7545.808083

All ML trees saved to: /mnt/lustre/scratch/home/uvi/be/avs/cancer_genes_selection/genes/CDX2/tree/CDX2.raxml.mlTrees
Best ML tree saved to: /mnt/lustre/scratch/home/uvi/be/avs/cancer_genes_selection/genes/CDX2/tree/CDX2.raxml.bestTree
Best ML tree with bootstrap support values saved to: /mnt/lustre/scratch/home/uvi/be/avs/cancer_genes_selection/genes/CDX2/tree/CDX2.raxml.support
Optimized model saved to: /mnt/lustre/scratch/home/uvi/be/avs/cancer_genes_selection/genes/CDX2/tree/CDX2.raxml.bestModel
Bootstrap trees saved to: /mnt/lustre/scratch/home/uvi/be/avs/cancer_genes_selection/genes/CDX2/tree/CDX2.raxml.bootstraps

Execution log saved to: /mnt/lustre/scratch/home/uvi/be/avs/cancer_genes_selection/genes/CDX2/tree/CDX2.raxml.log

Analysis started: 21-Mar-2018 17:44:08 / finished: 21-Mar-2018 17:57:54

Elapsed time: 826.819 seconds

