
RAxML-NG v. 0.5.1b BETA released on 01.12.2017 by The Exelixis Lab.
Authors: Alexey Kozlov, Alexandros Stamatakis, Diego Darriba, Tomas Flouri, Benoit Morel.
Latest version: https://github.com/amkozlov/raxml-ng
Questions/problems/suggestions? Please visit: https://groups.google.com/forum/#!forum/raxml

WARNING: This is a BETA release, please use at your own risk!

RAxML-NG was called as follows:

raxml-ng-mpi --all --msa /mnt/lustre/scratch/home/uvi/be/avs/cancer_genes_selection/genes/TRIM24/align/TRIM24_align_DNA_trimmed2.fasta --model GTR+G -tree pars{10} --bs-trees 100 --prefix /mnt/lustre/scratch/home/uvi/be/avs/cancer_genes_selection/genes/TRIM24/tree/TRIM24_trimmed --redo

Analysis options:
  run mode: ML tree search + bootstrapping
  start tree(s): parsimony (10)
  random seed: 1522107349
  tip-inner: ON
  pattern compression: ON
  per-rate scalers: OFF
  site repeats: OFF
  branch lengths: ML estimate (linked)
  SIMD kernels: AVX2
  parallelization: NONE/sequential

WARNING: Running in REDO mode: existing checkpoints are ignored, and all result files will be overwritten!

[00:00:00] Reading alignment from file: /mnt/lustre/scratch/home/uvi/be/avs/cancer_genes_selection/genes/TRIM24/align/TRIM24_align_DNA_trimmed2.fasta
[00:00:00] Loaded alignment with 26 taxa and 3147 sites

Alignment comprises 1 partitions and 1151 patterns

Partition 0: noname
Model: GTR+FO+G4m
Alignment sites / patterns: 3147 / 1151
Gaps: 5.44 %
Invariant sites: 59.96 %


[00:00:01] Generating parsimony starting tree(s) with 26 taxa
[00:00:01] Data distribution: partitions/thread: 1-1, patterns/thread: 1151-1151

Starting ML tree search with 10 distinct starting trees

[00:00:11] ML tree search #1, logLikelihood: -18316.812139
[00:00:21] ML tree search #2, logLikelihood: -18316.812000
[00:00:32] ML tree search #3, logLikelihood: -18316.812072
[00:00:41] ML tree search #4, logLikelihood: -18316.811903
[00:00:53] ML tree search #5, logLikelihood: -18316.812168
[00:01:04] ML tree search #6, logLikelihood: -18316.811992
[00:01:18] ML tree search #7, logLikelihood: -18316.812705
[00:01:29] ML tree search #8, logLikelihood: -18316.812484
[00:01:41] ML tree search #9, logLikelihood: -18316.812005
[00:01:52] ML tree search #10, logLikelihood: -18316.811985

[00:01:52] ML tree search completed, best tree logLH: -18316.811903

[00:01:52] Starting bootstrapping analysis with 100 replicates.

[00:02:03] Bootstrap tree #1, logLikelihood: -17758.501306
[00:02:16] Bootstrap tree #2, logLikelihood: -18537.148564
[00:02:26] Bootstrap tree #3, logLikelihood: -18198.085414
[00:02:36] Bootstrap tree #4, logLikelihood: -18374.060855
[00:02:46] Bootstrap tree #5, logLikelihood: -18103.292870
[00:02:58] Bootstrap tree #6, logLikelihood: -17879.469709
[00:03:08] Bootstrap tree #7, logLikelihood: -18333.508992
[00:03:20] Bootstrap tree #8, logLikelihood: -18304.739111
[00:03:31] Bootstrap tree #9, logLikelihood: -18717.995658
[00:03:41] Bootstrap tree #10, logLikelihood: -18231.050991
[00:03:53] Bootstrap tree #11, logLikelihood: -18293.683123
[00:04:02] Bootstrap tree #12, logLikelihood: -19125.729930
[00:04:11] Bootstrap tree #13, logLikelihood: -19152.402425
[00:04:20] Bootstrap tree #14, logLikelihood: -17868.652063
[00:04:30] Bootstrap tree #15, logLikelihood: -18122.016064
[00:04:41] Bootstrap tree #16, logLikelihood: -18265.623334
[00:04:52] Bootstrap tree #17, logLikelihood: -18014.899175
[00:05:04] Bootstrap tree #18, logLikelihood: -18194.151955
[00:05:16] Bootstrap tree #19, logLikelihood: -18095.433574
[00:05:27] Bootstrap tree #20, logLikelihood: -18651.823391
[00:05:38] Bootstrap tree #21, logLikelihood: -18297.722536
[00:05:48] Bootstrap tree #22, logLikelihood: -18018.094007
[00:05:57] Bootstrap tree #23, logLikelihood: -18159.003450
[00:06:09] Bootstrap tree #24, logLikelihood: -18863.320282
[00:06:18] Bootstrap tree #25, logLikelihood: -17827.849603
[00:06:28] Bootstrap tree #26, logLikelihood: -18405.890811
[00:06:38] Bootstrap tree #27, logLikelihood: -18018.959591
[00:06:51] Bootstrap tree #28, logLikelihood: -19330.968998
[00:07:00] Bootstrap tree #29, logLikelihood: -18403.722219
[00:07:14] Bootstrap tree #30, logLikelihood: -18386.153113
[00:07:24] Bootstrap tree #31, logLikelihood: -17396.437176
[00:07:35] Bootstrap tree #32, logLikelihood: -18122.953658
[00:07:46] Bootstrap tree #33, logLikelihood: -18243.555859
[00:07:57] Bootstrap tree #34, logLikelihood: -18354.614675
[00:08:07] Bootstrap tree #35, logLikelihood: -18185.229963
[00:08:17] Bootstrap tree #36, logLikelihood: -18507.777508
[00:08:27] Bootstrap tree #37, logLikelihood: -18429.747983
[00:08:41] Bootstrap tree #38, logLikelihood: -17548.342508
[00:08:53] Bootstrap tree #39, logLikelihood: -18415.522247
[00:09:04] Bootstrap tree #40, logLikelihood: -18275.359973
[00:09:16] Bootstrap tree #41, logLikelihood: -18150.371868
[00:09:27] Bootstrap tree #42, logLikelihood: -18248.115056
[00:09:39] Bootstrap tree #43, logLikelihood: -18143.809495
[00:09:51] Bootstrap tree #44, logLikelihood: -18816.547658
[00:10:05] Bootstrap tree #45, logLikelihood: -17813.482206
[00:10:16] Bootstrap tree #46, logLikelihood: -18203.971079
[00:10:26] Bootstrap tree #47, logLikelihood: -18526.796031
[00:10:40] Bootstrap tree #48, logLikelihood: -18406.566810
[00:10:51] Bootstrap tree #49, logLikelihood: -18313.413401
[00:11:01] Bootstrap tree #50, logLikelihood: -18213.970579
[00:11:13] Bootstrap tree #51, logLikelihood: -18354.174094
[00:11:26] Bootstrap tree #52, logLikelihood: -18187.696321
[00:11:37] Bootstrap tree #53, logLikelihood: -18687.591005
[00:11:49] Bootstrap tree #54, logLikelihood: -18295.215378
[00:12:01] Bootstrap tree #55, logLikelihood: -18187.530074
[00:12:12] Bootstrap tree #56, logLikelihood: -18017.111432
[00:12:25] Bootstrap tree #57, logLikelihood: -18852.368640
[00:12:37] Bootstrap tree #58, logLikelihood: -17414.679557
[00:12:47] Bootstrap tree #59, logLikelihood: -18209.912752
[00:12:58] Bootstrap tree #60, logLikelihood: -18236.612712
[00:13:10] Bootstrap tree #61, logLikelihood: -18431.081183
[00:13:20] Bootstrap tree #62, logLikelihood: -18678.762512
[00:13:30] Bootstrap tree #63, logLikelihood: -18120.131775
[00:13:40] Bootstrap tree #64, logLikelihood: -18313.271303
[00:13:50] Bootstrap tree #65, logLikelihood: -19030.938242
[00:14:02] Bootstrap tree #66, logLikelihood: -18423.757497
[00:14:12] Bootstrap tree #67, logLikelihood: -18288.052129
[00:14:24] Bootstrap tree #68, logLikelihood: -18471.273323
[00:14:34] Bootstrap tree #69, logLikelihood: -18691.811544
[00:14:49] Bootstrap tree #70, logLikelihood: -18387.484809
[00:15:00] Bootstrap tree #71, logLikelihood: -18251.321484
[00:15:13] Bootstrap tree #72, logLikelihood: -18415.492221
[00:15:24] Bootstrap tree #73, logLikelihood: -18062.097470
[00:15:35] Bootstrap tree #74, logLikelihood: -18716.728409
[00:15:47] Bootstrap tree #75, logLikelihood: -17858.688642
[00:15:58] Bootstrap tree #76, logLikelihood: -17993.852621
[00:16:09] Bootstrap tree #77, logLikelihood: -18094.887534
[00:16:20] Bootstrap tree #78, logLikelihood: -18275.081677
[00:16:31] Bootstrap tree #79, logLikelihood: -18056.629979
[00:16:42] Bootstrap tree #80, logLikelihood: -18293.582041
[00:16:53] Bootstrap tree #81, logLikelihood: -17689.116978
[00:17:06] Bootstrap tree #82, logLikelihood: -18059.451526
[00:17:16] Bootstrap tree #83, logLikelihood: -18503.582012
[00:17:29] Bootstrap tree #84, logLikelihood: -18187.066053
[00:17:40] Bootstrap tree #85, logLikelihood: -18869.423684
[00:17:53] Bootstrap tree #86, logLikelihood: -18046.869703
[00:18:05] Bootstrap tree #87, logLikelihood: -18289.672056
[00:18:19] Bootstrap tree #88, logLikelihood: -18237.286746
[00:18:31] Bootstrap tree #89, logLikelihood: -18277.172167
[00:18:42] Bootstrap tree #90, logLikelihood: -18066.104299
[00:18:53] Bootstrap tree #91, logLikelihood: -18215.849174
[00:19:05] Bootstrap tree #92, logLikelihood: -18207.368677
[00:19:17] Bootstrap tree #93, logLikelihood: -17818.388164
[00:19:29] Bootstrap tree #94, logLikelihood: -17979.611925
[00:19:41] Bootstrap tree #95, logLikelihood: -17400.584692
[00:19:56] Bootstrap tree #96, logLikelihood: -18162.501449
[00:20:08] Bootstrap tree #97, logLikelihood: -18703.790557
[00:20:22] Bootstrap tree #98, logLikelihood: -17964.768245
[00:20:35] Bootstrap tree #99, logLikelihood: -19047.164533
[00:20:48] Bootstrap tree #100, logLikelihood: -18184.871547

Optimized model parameters:

   Partition 0: noname
   Rate heterogeneity: GAMMA (4 cats, mean),  alpha: 0.308094 (ML),  weights&rates: (0.250000,0.005975) (0.250000,0.110805) (0.250000,0.609149) (0.250000,3.274071) 
   Base frequencies (ML): 0.279821 0.276096 0.238237 0.205847 
   Substitution rates (ML): 1.300541 4.873048 1.104072 1.380440 7.033777 1.000000 

Final LogLikelihood: -18316.811903

All ML trees saved to: /mnt/lustre/scratch/home/uvi/be/avs/cancer_genes_selection/genes/TRIM24/tree/TRIM24_trimmed.raxml.mlTrees
Best ML tree saved to: /mnt/lustre/scratch/home/uvi/be/avs/cancer_genes_selection/genes/TRIM24/tree/TRIM24_trimmed.raxml.bestTree
Best ML tree with bootstrap support values saved to: /mnt/lustre/scratch/home/uvi/be/avs/cancer_genes_selection/genes/TRIM24/tree/TRIM24_trimmed.raxml.support
Optimized model saved to: /mnt/lustre/scratch/home/uvi/be/avs/cancer_genes_selection/genes/TRIM24/tree/TRIM24_trimmed.raxml.bestModel
Bootstrap trees saved to: /mnt/lustre/scratch/home/uvi/be/avs/cancer_genes_selection/genes/TRIM24/tree/TRIM24_trimmed.raxml.bootstraps

Execution log saved to: /mnt/lustre/scratch/home/uvi/be/avs/cancer_genes_selection/genes/TRIM24/tree/TRIM24_trimmed.raxml.log

Analysis started: 27-Mar-2018 01:35:49 / finished: 27-Mar-2018 01:56:40

Elapsed time: 1251.707 seconds

