
RAxML-NG v. 0.5.1b BETA released on 01.12.2017 by The Exelixis Lab.
Authors: Alexey Kozlov, Alexandros Stamatakis, Diego Darriba, Tomas Flouri, Benoit Morel.
Latest version: https://github.com/amkozlov/raxml-ng
Questions/problems/suggestions? Please visit: https://groups.google.com/forum/#!forum/raxml

WARNING: This is a BETA release, please use at your own risk!

RAxML-NG was called as follows:

raxml-ng-mpi --all --msa /mnt/lustre/scratch/home/uvi/be/avs/cancer_genes_selection/genes/ERCC3/align/ERCC3_align_DNA_trimmed.fasta --model GTR+G -tree pars{10} --bs-trees 100 --prefix /mnt/lustre/scratch/home/uvi/be/avs/cancer_genes_selection/genes/ERCC3/tree/ERCC3 --redo

Analysis options:
  run mode: ML tree search + bootstrapping
  start tree(s): parsimony (10)
  random seed: 1521655126
  tip-inner: ON
  pattern compression: ON
  per-rate scalers: OFF
  site repeats: OFF
  branch lengths: ML estimate (linked)
  SIMD kernels: AVX2
  parallelization: NONE/sequential

WARNING: Running in REDO mode: existing checkpoints are ignored, and all result files will be overwritten!

[00:00:00] Reading alignment from file: /mnt/lustre/scratch/home/uvi/be/avs/cancer_genes_selection/genes/ERCC3/align/ERCC3_align_DNA_trimmed.fasta
[00:00:00] Loaded alignment with 27 taxa and 2349 sites

Alignment comprises 1 partitions and 955 patterns

Partition 0: noname
Model: GTR+FO+G4m
Alignment sites / patterns: 2349 / 955
Gaps: 4.15 %
Invariant sites: 58.37 %


[00:00:00] Generating parsimony starting tree(s) with 27 taxa
[00:00:01] Data distribution: partitions/thread: 1-1, patterns/thread: 955-955

Starting ML tree search with 10 distinct starting trees

[00:00:12] ML tree search #1, logLikelihood: -16436.746077
[00:00:23] ML tree search #2, logLikelihood: -16437.238424
[00:00:32] ML tree search #3, logLikelihood: -16437.464872
[00:00:41] ML tree search #4, logLikelihood: -16436.736051
[00:00:48] ML tree search #5, logLikelihood: -16439.513348
[00:00:57] ML tree search #6, logLikelihood: -16436.739533
[00:01:07] ML tree search #7, logLikelihood: -16437.465688
[00:01:17] ML tree search #8, logLikelihood: -16437.466441
[00:01:27] ML tree search #9, logLikelihood: -16436.739328
[00:01:40] ML tree search #10, logLikelihood: -16440.166497

[00:01:40] ML tree search completed, best tree logLH: -16436.736051

[00:01:40] Starting bootstrapping analysis with 100 replicates.

[00:01:49] Bootstrap tree #1, logLikelihood: -16763.493296
[00:01:57] Bootstrap tree #2, logLikelihood: -17259.374693
[00:02:05] Bootstrap tree #3, logLikelihood: -16136.421021
[00:02:12] Bootstrap tree #4, logLikelihood: -16112.185703
[00:02:20] Bootstrap tree #5, logLikelihood: -16573.890517
[00:02:29] Bootstrap tree #6, logLikelihood: -16334.626594
[00:02:38] Bootstrap tree #7, logLikelihood: -15740.860648
[00:02:45] Bootstrap tree #8, logLikelihood: -15648.855049
[00:02:57] Bootstrap tree #9, logLikelihood: -16528.809242
[00:03:05] Bootstrap tree #10, logLikelihood: -16013.434018
[00:03:12] Bootstrap tree #11, logLikelihood: -16333.601973
[00:03:20] Bootstrap tree #12, logLikelihood: -16849.216914
[00:03:28] Bootstrap tree #13, logLikelihood: -16581.814485
[00:03:36] Bootstrap tree #14, logLikelihood: -16844.039272
[00:03:44] Bootstrap tree #15, logLikelihood: -16285.139784
[00:03:52] Bootstrap tree #16, logLikelihood: -17016.562752
[00:04:03] Bootstrap tree #17, logLikelihood: -16344.318428
[00:04:14] Bootstrap tree #18, logLikelihood: -16414.439391
[00:04:24] Bootstrap tree #19, logLikelihood: -15995.774311
[00:04:32] Bootstrap tree #20, logLikelihood: -16217.542378
[00:04:39] Bootstrap tree #21, logLikelihood: -16472.409933
[00:04:46] Bootstrap tree #22, logLikelihood: -16360.364979
[00:04:55] Bootstrap tree #23, logLikelihood: -15898.527509
[00:05:03] Bootstrap tree #24, logLikelihood: -16348.392541
[00:05:13] Bootstrap tree #25, logLikelihood: -16623.067542
[00:05:22] Bootstrap tree #26, logLikelihood: -16427.145803
[00:05:30] Bootstrap tree #27, logLikelihood: -15601.453992
[00:05:38] Bootstrap tree #28, logLikelihood: -16971.648785
[00:05:46] Bootstrap tree #29, logLikelihood: -16312.811790
[00:05:57] Bootstrap tree #30, logLikelihood: -16038.350698
[00:06:10] Bootstrap tree #31, logLikelihood: -16252.036284
[00:06:19] Bootstrap tree #32, logLikelihood: -15886.559784
[00:06:29] Bootstrap tree #33, logLikelihood: -16237.608188
[00:06:42] Bootstrap tree #34, logLikelihood: -16242.475576
[00:06:49] Bootstrap tree #35, logLikelihood: -15929.313058
[00:06:56] Bootstrap tree #36, logLikelihood: -16540.828355
[00:07:03] Bootstrap tree #37, logLikelihood: -16282.153967
[00:07:11] Bootstrap tree #38, logLikelihood: -16278.037209
[00:07:19] Bootstrap tree #39, logLikelihood: -15730.452326
[00:07:29] Bootstrap tree #40, logLikelihood: -16062.639508
[00:07:38] Bootstrap tree #41, logLikelihood: -16578.072683
[00:07:48] Bootstrap tree #42, logLikelihood: -16520.156010
[00:07:59] Bootstrap tree #43, logLikelihood: -16459.024500
[00:08:08] Bootstrap tree #44, logLikelihood: -16963.445646
[00:08:19] Bootstrap tree #45, logLikelihood: -16087.827464
[00:08:27] Bootstrap tree #46, logLikelihood: -16246.574356
[00:08:36] Bootstrap tree #47, logLikelihood: -16280.394217
[00:08:46] Bootstrap tree #48, logLikelihood: -15862.071029
[00:08:54] Bootstrap tree #49, logLikelihood: -15903.329483
[00:09:07] Bootstrap tree #50, logLikelihood: -16330.596819
[00:09:17] Bootstrap tree #51, logLikelihood: -16069.687407
[00:09:27] Bootstrap tree #52, logLikelihood: -16263.303137
[00:09:38] Bootstrap tree #53, logLikelihood: -16431.138658
[00:09:47] Bootstrap tree #54, logLikelihood: -16013.001505
[00:09:57] Bootstrap tree #55, logLikelihood: -16833.504170
[00:10:08] Bootstrap tree #56, logLikelihood: -16684.032632
[00:10:15] Bootstrap tree #57, logLikelihood: -15954.287800
[00:10:26] Bootstrap tree #58, logLikelihood: -16331.479716
[00:10:36] Bootstrap tree #59, logLikelihood: -16626.167175
[00:10:46] Bootstrap tree #60, logLikelihood: -17126.214742
[00:10:55] Bootstrap tree #61, logLikelihood: -15622.675364
[00:11:07] Bootstrap tree #62, logLikelihood: -17321.518710
[00:11:18] Bootstrap tree #63, logLikelihood: -16111.646033
[00:11:28] Bootstrap tree #64, logLikelihood: -16379.451632
[00:11:42] Bootstrap tree #65, logLikelihood: -16275.189076
[00:11:53] Bootstrap tree #66, logLikelihood: -16362.249172
[00:12:01] Bootstrap tree #67, logLikelihood: -16304.951349
[00:12:11] Bootstrap tree #68, logLikelihood: -16734.622053
[00:12:21] Bootstrap tree #69, logLikelihood: -16310.230310
[00:12:31] Bootstrap tree #70, logLikelihood: -16438.149928
[00:12:42] Bootstrap tree #71, logLikelihood: -16287.176616
[00:12:52] Bootstrap tree #72, logLikelihood: -15923.107939
[00:13:03] Bootstrap tree #73, logLikelihood: -16095.584750
[00:13:12] Bootstrap tree #74, logLikelihood: -15905.837645
[00:13:21] Bootstrap tree #75, logLikelihood: -16350.160333
[00:13:29] Bootstrap tree #76, logLikelihood: -16589.444198
[00:13:38] Bootstrap tree #77, logLikelihood: -16674.181165
[00:13:49] Bootstrap tree #78, logLikelihood: -16305.505340
[00:13:58] Bootstrap tree #79, logLikelihood: -16326.581603
[00:14:09] Bootstrap tree #80, logLikelihood: -16435.559760
[00:14:19] Bootstrap tree #81, logLikelihood: -16658.604733
[00:14:28] Bootstrap tree #82, logLikelihood: -16680.544902
[00:14:37] Bootstrap tree #83, logLikelihood: -16909.108366
[00:14:48] Bootstrap tree #84, logLikelihood: -15694.266872
[00:14:56] Bootstrap tree #85, logLikelihood: -16778.420828
[00:15:09] Bootstrap tree #86, logLikelihood: -16153.487369
[00:15:21] Bootstrap tree #87, logLikelihood: -16267.680797
[00:15:30] Bootstrap tree #88, logLikelihood: -16949.956857
[00:15:39] Bootstrap tree #89, logLikelihood: -16355.040228
[00:15:48] Bootstrap tree #90, logLikelihood: -15852.863695
[00:15:58] Bootstrap tree #91, logLikelihood: -16609.094805
[00:16:10] Bootstrap tree #92, logLikelihood: -16361.274994
[00:16:19] Bootstrap tree #93, logLikelihood: -16119.108880
[00:16:27] Bootstrap tree #94, logLikelihood: -16332.946946
[00:16:37] Bootstrap tree #95, logLikelihood: -15948.276103
[00:16:48] Bootstrap tree #96, logLikelihood: -16596.754496
[00:17:00] Bootstrap tree #97, logLikelihood: -16180.185640
[00:17:12] Bootstrap tree #98, logLikelihood: -16157.595644
[00:17:21] Bootstrap tree #99, logLikelihood: -16733.118020
[00:17:31] Bootstrap tree #100, logLikelihood: -16434.424651

Optimized model parameters:

   Partition 0: noname
   Rate heterogeneity: GAMMA (4 cats, mean),  alpha: 0.267281 (ML),  weights&rates: (0.250000,0.003017) (0.250000,0.079424) (0.250000,0.536541) (0.250000,3.381018) 
   Base frequencies (ML): 0.245900 0.280345 0.261894 0.211861 
   Substitution rates (ML): 1.668034 8.074014 1.312054 1.122473 8.212453 1.000000 

Final LogLikelihood: -16436.736051

All ML trees saved to: /mnt/lustre/scratch/home/uvi/be/avs/cancer_genes_selection/genes/ERCC3/tree/ERCC3.raxml.mlTrees
Best ML tree saved to: /mnt/lustre/scratch/home/uvi/be/avs/cancer_genes_selection/genes/ERCC3/tree/ERCC3.raxml.bestTree
Best ML tree with bootstrap support values saved to: /mnt/lustre/scratch/home/uvi/be/avs/cancer_genes_selection/genes/ERCC3/tree/ERCC3.raxml.support
Optimized model saved to: /mnt/lustre/scratch/home/uvi/be/avs/cancer_genes_selection/genes/ERCC3/tree/ERCC3.raxml.bestModel
Bootstrap trees saved to: /mnt/lustre/scratch/home/uvi/be/avs/cancer_genes_selection/genes/ERCC3/tree/ERCC3.raxml.bootstraps

Execution log saved to: /mnt/lustre/scratch/home/uvi/be/avs/cancer_genes_selection/genes/ERCC3/tree/ERCC3.raxml.log

Analysis started: 21-Mar-2018 18:58:46 / finished: 21-Mar-2018 19:16:20

Elapsed time: 1054.301 seconds

