
RAxML-NG v. 0.5.1b BETA released on 01.12.2017 by The Exelixis Lab.
Authors: Alexey Kozlov, Alexandros Stamatakis, Diego Darriba, Tomas Flouri, Benoit Morel.
Latest version: https://github.com/amkozlov/raxml-ng
Questions/problems/suggestions? Please visit: https://groups.google.com/forum/#!forum/raxml

WARNING: This is a BETA release, please use at your own risk!

RAxML-NG was called as follows:

raxml-ng-mpi --all --msa /mnt/lustre/scratch/home/uvi/be/avs/cancer_genes_selection/genes/ZNF521/align/ZNF521_align_DNA_trimmed.fasta --model GTR+G -tree pars{10} --bs-trees 100 --prefix /mnt/lustre/scratch/home/uvi/be/avs/cancer_genes_selection/genes/ZNF521/tree/ZNF521 --redo

Analysis options:
  run mode: ML tree search + bootstrapping
  start tree(s): parsimony (10)
  random seed: 1521676046
  tip-inner: ON
  pattern compression: ON
  per-rate scalers: OFF
  site repeats: OFF
  branch lengths: ML estimate (linked)
  SIMD kernels: AVX2
  parallelization: NONE/sequential

WARNING: Running in REDO mode: existing checkpoints are ignored, and all result files will be overwritten!

[00:00:00] Reading alignment from file: /mnt/lustre/scratch/home/uvi/be/avs/cancer_genes_selection/genes/ZNF521/align/ZNF521_align_DNA_trimmed.fasta
[00:00:00] Loaded alignment with 15 taxa and 3936 sites

Alignment comprises 1 partitions and 868 patterns

Partition 0: noname
Model: GTR+FO+G4m
Alignment sites / patterns: 3936 / 868
Gaps: 2.68 %
Invariant sites: 71.27 %


[00:00:01] Generating parsimony starting tree(s) with 15 taxa
[00:00:01] Data distribution: partitions/thread: 1-1, patterns/thread: 868-868

Starting ML tree search with 10 distinct starting trees

[00:00:05] ML tree search #1, logLikelihood: -17058.992848
[00:00:10] ML tree search #2, logLikelihood: -17060.603419
[00:00:14] ML tree search #3, logLikelihood: -17060.603336
[00:00:19] ML tree search #4, logLikelihood: -17058.991244
[00:00:24] ML tree search #5, logLikelihood: -17060.603341
[00:00:28] ML tree search #6, logLikelihood: -17060.603319
[00:00:32] ML tree search #7, logLikelihood: -17060.603236
[00:00:36] ML tree search #8, logLikelihood: -17060.603294
[00:00:40] ML tree search #9, logLikelihood: -17060.604134
[00:00:44] ML tree search #10, logLikelihood: -17058.990960

[00:00:45] ML tree search completed, best tree logLH: -17058.990960

[00:00:45] Starting bootstrapping analysis with 100 replicates.

[00:00:49] Bootstrap tree #1, logLikelihood: -16760.185628
[00:00:53] Bootstrap tree #2, logLikelihood: -17149.741019
[00:00:57] Bootstrap tree #3, logLikelihood: -16424.351275
[00:01:02] Bootstrap tree #4, logLikelihood: -17403.965293
[00:01:06] Bootstrap tree #5, logLikelihood: -16624.622575
[00:01:10] Bootstrap tree #6, logLikelihood: -17098.434937
[00:01:14] Bootstrap tree #7, logLikelihood: -16717.891190
[00:01:19] Bootstrap tree #8, logLikelihood: -16933.331603
[00:01:22] Bootstrap tree #9, logLikelihood: -16939.102542
[00:01:26] Bootstrap tree #10, logLikelihood: -16702.550181
[00:01:29] Bootstrap tree #11, logLikelihood: -17200.529915
[00:01:33] Bootstrap tree #12, logLikelihood: -16618.475901
[00:01:37] Bootstrap tree #13, logLikelihood: -16642.540194
[00:01:42] Bootstrap tree #14, logLikelihood: -17069.872866
[00:01:46] Bootstrap tree #15, logLikelihood: -17038.094262
[00:01:50] Bootstrap tree #16, logLikelihood: -17739.152929
[00:01:55] Bootstrap tree #17, logLikelihood: -16982.649061
[00:01:58] Bootstrap tree #18, logLikelihood: -16842.266761
[00:02:03] Bootstrap tree #19, logLikelihood: -16793.129410
[00:02:07] Bootstrap tree #20, logLikelihood: -17109.181481
[00:02:10] Bootstrap tree #21, logLikelihood: -16634.726672
[00:02:14] Bootstrap tree #22, logLikelihood: -16592.994425
[00:02:18] Bootstrap tree #23, logLikelihood: -17107.303153
[00:02:23] Bootstrap tree #24, logLikelihood: -16807.780349
[00:02:26] Bootstrap tree #25, logLikelihood: -16840.421665
[00:02:30] Bootstrap tree #26, logLikelihood: -17185.495617
[00:02:34] Bootstrap tree #27, logLikelihood: -17472.242810
[00:02:39] Bootstrap tree #28, logLikelihood: -16480.099810
[00:02:43] Bootstrap tree #29, logLikelihood: -17455.406909
[00:02:47] Bootstrap tree #30, logLikelihood: -17315.972974
[00:02:52] Bootstrap tree #31, logLikelihood: -16512.489860
[00:02:56] Bootstrap tree #32, logLikelihood: -17040.141518
[00:03:01] Bootstrap tree #33, logLikelihood: -17728.950690
[00:03:05] Bootstrap tree #34, logLikelihood: -17028.210414
[00:03:10] Bootstrap tree #35, logLikelihood: -17328.662402
[00:03:14] Bootstrap tree #36, logLikelihood: -17073.905134
[00:03:19] Bootstrap tree #37, logLikelihood: -17609.402751
[00:03:23] Bootstrap tree #38, logLikelihood: -16544.776750
[00:03:27] Bootstrap tree #39, logLikelihood: -17526.943987
[00:03:31] Bootstrap tree #40, logLikelihood: -16688.408754
[00:03:35] Bootstrap tree #41, logLikelihood: -16897.917117
[00:03:40] Bootstrap tree #42, logLikelihood: -17164.893460
[00:03:44] Bootstrap tree #43, logLikelihood: -16949.629939
[00:03:50] Bootstrap tree #44, logLikelihood: -17066.608231
[00:03:56] Bootstrap tree #45, logLikelihood: -16891.842416
[00:04:00] Bootstrap tree #46, logLikelihood: -16796.881923
[00:04:04] Bootstrap tree #47, logLikelihood: -16849.214054
[00:04:08] Bootstrap tree #48, logLikelihood: -17147.636620
[00:04:12] Bootstrap tree #49, logLikelihood: -16845.711882
[00:04:16] Bootstrap tree #50, logLikelihood: -17095.435742
[00:04:20] Bootstrap tree #51, logLikelihood: -17588.823073
[00:04:25] Bootstrap tree #52, logLikelihood: -16960.367303
[00:04:29] Bootstrap tree #53, logLikelihood: -17230.619566
[00:04:33] Bootstrap tree #54, logLikelihood: -17329.752314
[00:04:38] Bootstrap tree #55, logLikelihood: -17175.161582
[00:04:42] Bootstrap tree #56, logLikelihood: -16817.792974
[00:04:47] Bootstrap tree #57, logLikelihood: -17292.658474
[00:04:52] Bootstrap tree #58, logLikelihood: -16457.148182
[00:04:58] Bootstrap tree #59, logLikelihood: -16770.615411
[00:05:02] Bootstrap tree #60, logLikelihood: -16876.477514
[00:05:08] Bootstrap tree #61, logLikelihood: -17203.843475
[00:05:12] Bootstrap tree #62, logLikelihood: -17002.722499
[00:05:17] Bootstrap tree #63, logLikelihood: -16967.940922
[00:05:22] Bootstrap tree #64, logLikelihood: -16804.281340
[00:05:27] Bootstrap tree #65, logLikelihood: -17192.640907
[00:05:31] Bootstrap tree #66, logLikelihood: -16939.465961
[00:05:37] Bootstrap tree #67, logLikelihood: -16494.288995
[00:05:43] Bootstrap tree #68, logLikelihood: -17259.061144
[00:05:47] Bootstrap tree #69, logLikelihood: -17202.355404
[00:05:52] Bootstrap tree #70, logLikelihood: -17207.830043
[00:05:56] Bootstrap tree #71, logLikelihood: -17135.847977
[00:06:02] Bootstrap tree #72, logLikelihood: -16947.949676
[00:06:07] Bootstrap tree #73, logLikelihood: -17024.801922
[00:06:12] Bootstrap tree #74, logLikelihood: -17166.857184
[00:06:16] Bootstrap tree #75, logLikelihood: -17354.117085
[00:06:21] Bootstrap tree #76, logLikelihood: -17485.762353
[00:06:25] Bootstrap tree #77, logLikelihood: -16973.425251
[00:06:29] Bootstrap tree #78, logLikelihood: -17599.257548
[00:06:34] Bootstrap tree #79, logLikelihood: -17485.611093
[00:06:39] Bootstrap tree #80, logLikelihood: -16767.246382
[00:06:44] Bootstrap tree #81, logLikelihood: -16819.737574
[00:06:48] Bootstrap tree #82, logLikelihood: -17259.275531
[00:06:54] Bootstrap tree #83, logLikelihood: -17405.608915
[00:07:00] Bootstrap tree #84, logLikelihood: -17137.105415
[00:07:05] Bootstrap tree #85, logLikelihood: -16935.322690
[00:07:09] Bootstrap tree #86, logLikelihood: -16462.738754
[00:07:14] Bootstrap tree #87, logLikelihood: -16944.581246
[00:07:19] Bootstrap tree #88, logLikelihood: -16817.202903
[00:07:24] Bootstrap tree #89, logLikelihood: -17201.148125
[00:07:28] Bootstrap tree #90, logLikelihood: -17241.926869
[00:07:32] Bootstrap tree #91, logLikelihood: -17108.554058
[00:07:37] Bootstrap tree #92, logLikelihood: -16911.681716
[00:07:41] Bootstrap tree #93, logLikelihood: -17337.778370
[00:07:46] Bootstrap tree #94, logLikelihood: -17096.654691
[00:07:50] Bootstrap tree #95, logLikelihood: -17434.952436
[00:07:55] Bootstrap tree #96, logLikelihood: -16952.797830
[00:08:00] Bootstrap tree #97, logLikelihood: -17054.742225
[00:08:06] Bootstrap tree #98, logLikelihood: -17061.356873
[00:08:11] Bootstrap tree #99, logLikelihood: -16809.381003
[00:08:15] Bootstrap tree #100, logLikelihood: -16512.071196

Optimized model parameters:

   Partition 0: noname
   Rate heterogeneity: GAMMA (4 cats, mean),  alpha: 0.196098 (ML),  weights&rates: (0.250000,0.000463) (0.250000,0.031555) (0.250000,0.373397) (0.250000,3.594584) 
   Base frequencies (ML): 0.247453 0.291018 0.264135 0.197394 
   Substitution rates (ML): 1.186841 5.682425 0.410993 1.077703 7.115419 1.000000 

Final LogLikelihood: -17058.990960

All ML trees saved to: /mnt/lustre/scratch/home/uvi/be/avs/cancer_genes_selection/genes/ZNF521/tree/ZNF521.raxml.mlTrees
Best ML tree saved to: /mnt/lustre/scratch/home/uvi/be/avs/cancer_genes_selection/genes/ZNF521/tree/ZNF521.raxml.bestTree
Best ML tree with bootstrap support values saved to: /mnt/lustre/scratch/home/uvi/be/avs/cancer_genes_selection/genes/ZNF521/tree/ZNF521.raxml.support
Optimized model saved to: /mnt/lustre/scratch/home/uvi/be/avs/cancer_genes_selection/genes/ZNF521/tree/ZNF521.raxml.bestModel
Bootstrap trees saved to: /mnt/lustre/scratch/home/uvi/be/avs/cancer_genes_selection/genes/ZNF521/tree/ZNF521.raxml.bootstraps

Execution log saved to: /mnt/lustre/scratch/home/uvi/be/avs/cancer_genes_selection/genes/ZNF521/tree/ZNF521.raxml.log

Analysis started: 22-Mar-2018 00:47:25 / finished: 22-Mar-2018 00:55:43

Elapsed time: 497.925 seconds

