
RAxML-NG v. 0.5.1b BETA released on 01.12.2017 by The Exelixis Lab.
Authors: Alexey Kozlov, Alexandros Stamatakis, Diego Darriba, Tomas Flouri, Benoit Morel.
Latest version: https://github.com/amkozlov/raxml-ng
Questions/problems/suggestions? Please visit: https://groups.google.com/forum/#!forum/raxml

WARNING: This is a BETA release, please use at your own risk!

RAxML-NG was called as follows:

raxml-ng-mpi --all --msa /mnt/lustre/scratch/home/uvi/be/avs/cancer_genes_selection/genes/ZNF521/align/ZNF521_align_DNA_trimmed2.fasta --model GTR+G -tree pars{10} --bs-trees 100 --prefix /mnt/lustre/scratch/home/uvi/be/avs/cancer_genes_selection/genes/ZNF521/tree/ZNF521_trimmed --redo

Analysis options:
  run mode: ML tree search + bootstrapping
  start tree(s): parsimony (10)
  random seed: 1522108529
  tip-inner: ON
  pattern compression: ON
  per-rate scalers: OFF
  site repeats: OFF
  branch lengths: ML estimate (linked)
  SIMD kernels: AVX2
  parallelization: NONE/sequential

WARNING: Running in REDO mode: existing checkpoints are ignored, and all result files will be overwritten!

[00:00:00] Reading alignment from file: /mnt/lustre/scratch/home/uvi/be/avs/cancer_genes_selection/genes/ZNF521/align/ZNF521_align_DNA_trimmed2.fasta
[00:00:00] Loaded alignment with 15 taxa and 3936 sites

Alignment comprises 1 partitions and 868 patterns

Partition 0: noname
Model: GTR+FO+G4m
Alignment sites / patterns: 3936 / 868
Gaps: 2.68 %
Invariant sites: 71.27 %


[00:00:01] Generating parsimony starting tree(s) with 15 taxa
[00:00:01] Data distribution: partitions/thread: 1-1, patterns/thread: 868-868

Starting ML tree search with 10 distinct starting trees

[00:00:08] ML tree search #1, logLikelihood: -17058.992864
[00:00:19] ML tree search #2, logLikelihood: -17058.990821
[00:00:25] ML tree search #3, logLikelihood: -17060.603312
[00:00:32] ML tree search #4, logLikelihood: -17060.603623
[00:00:38] ML tree search #5, logLikelihood: -17058.993368
[00:00:45] ML tree search #6, logLikelihood: -17060.604260
[00:00:51] ML tree search #7, logLikelihood: -17060.604090
[00:00:57] ML tree search #8, logLikelihood: -17058.992423
[00:01:03] ML tree search #9, logLikelihood: -17060.604167
[00:01:09] ML tree search #10, logLikelihood: -17058.993147

[00:01:10] ML tree search completed, best tree logLH: -17058.990821

[00:01:10] Starting bootstrapping analysis with 100 replicates.

[00:01:15] Bootstrap tree #1, logLikelihood: -17176.714219
[00:01:22] Bootstrap tree #2, logLikelihood: -17415.613520
[00:01:28] Bootstrap tree #3, logLikelihood: -17245.136842
[00:01:34] Bootstrap tree #4, logLikelihood: -16909.641890
[00:01:40] Bootstrap tree #5, logLikelihood: -17515.281055
[00:01:46] Bootstrap tree #6, logLikelihood: -16680.118997
[00:01:52] Bootstrap tree #7, logLikelihood: -17038.521013
[00:01:58] Bootstrap tree #8, logLikelihood: -16760.323728
[00:02:03] Bootstrap tree #9, logLikelihood: -16796.086669
[00:02:09] Bootstrap tree #10, logLikelihood: -17010.015744
[00:02:15] Bootstrap tree #11, logLikelihood: -17391.527146
[00:02:21] Bootstrap tree #12, logLikelihood: -17412.048476
[00:02:28] Bootstrap tree #13, logLikelihood: -17302.216783
[00:02:33] Bootstrap tree #14, logLikelihood: -16756.031388
[00:02:39] Bootstrap tree #15, logLikelihood: -16400.420209
[00:02:45] Bootstrap tree #16, logLikelihood: -17131.824475
[00:02:52] Bootstrap tree #17, logLikelihood: -17436.738586
[00:02:59] Bootstrap tree #18, logLikelihood: -16634.463294
[00:03:05] Bootstrap tree #19, logLikelihood: -16803.644535
[00:03:11] Bootstrap tree #20, logLikelihood: -16962.385975
[00:03:17] Bootstrap tree #21, logLikelihood: -16837.975582
[00:03:23] Bootstrap tree #22, logLikelihood: -16907.880254
[00:03:30] Bootstrap tree #23, logLikelihood: -16958.139994
[00:03:36] Bootstrap tree #24, logLikelihood: -16681.904308
[00:03:41] Bootstrap tree #25, logLikelihood: -17112.440554
[00:03:48] Bootstrap tree #26, logLikelihood: -17210.597605
[00:03:54] Bootstrap tree #27, logLikelihood: -17033.550606
[00:04:00] Bootstrap tree #28, logLikelihood: -16886.064775
[00:04:06] Bootstrap tree #29, logLikelihood: -17039.878866
[00:04:13] Bootstrap tree #30, logLikelihood: -16920.608054
[00:04:19] Bootstrap tree #31, logLikelihood: -16957.098986
[00:04:26] Bootstrap tree #32, logLikelihood: -16827.337708
[00:04:33] Bootstrap tree #33, logLikelihood: -16810.388059
[00:04:38] Bootstrap tree #34, logLikelihood: -16922.536128
[00:04:45] Bootstrap tree #35, logLikelihood: -16901.856013
[00:04:50] Bootstrap tree #36, logLikelihood: -16488.905546
[00:04:57] Bootstrap tree #37, logLikelihood: -16807.439148
[00:05:03] Bootstrap tree #38, logLikelihood: -17100.374295
[00:05:09] Bootstrap tree #39, logLikelihood: -16773.570332
[00:05:15] Bootstrap tree #40, logLikelihood: -17002.275028
[00:05:21] Bootstrap tree #41, logLikelihood: -16592.399439
[00:05:29] Bootstrap tree #42, logLikelihood: -17283.544689
[00:05:35] Bootstrap tree #43, logLikelihood: -17251.581154
[00:05:42] Bootstrap tree #44, logLikelihood: -17379.139874
[00:05:48] Bootstrap tree #45, logLikelihood: -17063.683359
[00:05:54] Bootstrap tree #46, logLikelihood: -17357.422664
[00:06:00] Bootstrap tree #47, logLikelihood: -16934.517545
[00:06:06] Bootstrap tree #48, logLikelihood: -17065.610153
[00:06:11] Bootstrap tree #49, logLikelihood: -17024.658168
[00:06:18] Bootstrap tree #50, logLikelihood: -17683.486970
[00:06:25] Bootstrap tree #51, logLikelihood: -16639.840285
[00:06:31] Bootstrap tree #52, logLikelihood: -17016.058877
[00:06:38] Bootstrap tree #53, logLikelihood: -16934.484886
[00:06:44] Bootstrap tree #54, logLikelihood: -16796.845744
[00:06:52] Bootstrap tree #55, logLikelihood: -17131.033137
[00:07:00] Bootstrap tree #56, logLikelihood: -16958.066050
[00:07:06] Bootstrap tree #57, logLikelihood: -16672.007353
[00:07:13] Bootstrap tree #58, logLikelihood: -16992.631253
[00:07:20] Bootstrap tree #59, logLikelihood: -17338.284512
[00:07:26] Bootstrap tree #60, logLikelihood: -17095.514612
[00:07:32] Bootstrap tree #61, logLikelihood: -16811.374052
[00:07:38] Bootstrap tree #62, logLikelihood: -17289.532589
[00:07:44] Bootstrap tree #63, logLikelihood: -17138.086123
[00:07:49] Bootstrap tree #64, logLikelihood: -17006.042691
[00:07:57] Bootstrap tree #65, logLikelihood: -16963.746038
[00:08:04] Bootstrap tree #66, logLikelihood: -17083.131315
[00:08:13] Bootstrap tree #67, logLikelihood: -16433.662291
[00:08:19] Bootstrap tree #68, logLikelihood: -16851.523637
[00:08:25] Bootstrap tree #69, logLikelihood: -16707.585805
[00:08:32] Bootstrap tree #70, logLikelihood: -17270.483828
[00:08:38] Bootstrap tree #71, logLikelihood: -17214.987207
[00:08:44] Bootstrap tree #72, logLikelihood: -16851.018580
[00:08:50] Bootstrap tree #73, logLikelihood: -17106.090432
[00:08:58] Bootstrap tree #74, logLikelihood: -16733.135290
[00:09:03] Bootstrap tree #75, logLikelihood: -16656.729178
[00:09:10] Bootstrap tree #76, logLikelihood: -16708.182617
[00:09:17] Bootstrap tree #77, logLikelihood: -17258.095507
[00:09:23] Bootstrap tree #78, logLikelihood: -17053.876390
[00:09:32] Bootstrap tree #79, logLikelihood: -17741.900224
[00:09:43] Bootstrap tree #80, logLikelihood: -17577.594421
[00:09:53] Bootstrap tree #81, logLikelihood: -16556.537361
[00:10:03] Bootstrap tree #82, logLikelihood: -16694.341585
[00:10:13] Bootstrap tree #83, logLikelihood: -16830.149989
[00:10:22] Bootstrap tree #84, logLikelihood: -16803.414818
[00:10:34] Bootstrap tree #85, logLikelihood: -17070.672293
[00:10:47] Bootstrap tree #86, logLikelihood: -17258.181943
[00:10:55] Bootstrap tree #87, logLikelihood: -17449.974318
[00:11:02] Bootstrap tree #88, logLikelihood: -16833.017006
[00:11:09] Bootstrap tree #89, logLikelihood: -17172.722862
[00:11:18] Bootstrap tree #90, logLikelihood: -17092.607201
[00:11:24] Bootstrap tree #91, logLikelihood: -17248.584923
[00:11:30] Bootstrap tree #92, logLikelihood: -16875.248374
[00:11:36] Bootstrap tree #93, logLikelihood: -16932.856329
[00:11:43] Bootstrap tree #94, logLikelihood: -16843.506610
[00:11:49] Bootstrap tree #95, logLikelihood: -16824.184076
[00:11:55] Bootstrap tree #96, logLikelihood: -17648.643148
[00:12:03] Bootstrap tree #97, logLikelihood: -16583.452582
[00:12:10] Bootstrap tree #98, logLikelihood: -17065.133435
[00:12:16] Bootstrap tree #99, logLikelihood: -16905.421459
[00:12:23] Bootstrap tree #100, logLikelihood: -17274.628672

Optimized model parameters:

   Partition 0: noname
   Rate heterogeneity: GAMMA (4 cats, mean),  alpha: 0.216868 (ML),  weights&rates: (0.250000,0.000909) (0.250000,0.044038) (0.250000,0.426233) (0.250000,3.528820) 
   Base frequencies (ML): 0.264167 0.284518 0.249778 0.201538 
   Substitution rates (ML): 1.023629 4.969530 0.440500 1.509705 7.677180 1.000000 

Final LogLikelihood: -17058.990821

All ML trees saved to: /mnt/lustre/scratch/home/uvi/be/avs/cancer_genes_selection/genes/ZNF521/tree/ZNF521_trimmed.raxml.mlTrees
Best ML tree saved to: /mnt/lustre/scratch/home/uvi/be/avs/cancer_genes_selection/genes/ZNF521/tree/ZNF521_trimmed.raxml.bestTree
Best ML tree with bootstrap support values saved to: /mnt/lustre/scratch/home/uvi/be/avs/cancer_genes_selection/genes/ZNF521/tree/ZNF521_trimmed.raxml.support
Optimized model saved to: /mnt/lustre/scratch/home/uvi/be/avs/cancer_genes_selection/genes/ZNF521/tree/ZNF521_trimmed.raxml.bestModel
Bootstrap trees saved to: /mnt/lustre/scratch/home/uvi/be/avs/cancer_genes_selection/genes/ZNF521/tree/ZNF521_trimmed.raxml.bootstraps

Execution log saved to: /mnt/lustre/scratch/home/uvi/be/avs/cancer_genes_selection/genes/ZNF521/tree/ZNF521_trimmed.raxml.log

Analysis started: 27-Mar-2018 01:55:29 / finished: 27-Mar-2018 02:07:55

Elapsed time: 746.312 seconds

