
RAxML-NG v. 0.5.1b BETA released on 01.12.2017 by The Exelixis Lab.
Authors: Alexey Kozlov, Alexandros Stamatakis, Diego Darriba, Tomas Flouri, Benoit Morel.
Latest version: https://github.com/amkozlov/raxml-ng
Questions/problems/suggestions? Please visit: https://groups.google.com/forum/#!forum/raxml

WARNING: This is a BETA release, please use at your own risk!

RAxML-NG was called as follows:

raxml-ng-mpi --all --msa /mnt/lustre/scratch/home/uvi/be/avs/cancer_genes_selection/genes/BCL11B/align/BCL11B_align_DNA_trimmed.fasta --model GTR+G -tree pars{10} --bs-trees 100 --prefix /mnt/lustre/scratch/home/uvi/be/avs/cancer_genes_selection/genes/BCL11B/tree/BCL11B --redo

Analysis options:
  run mode: ML tree search + bootstrapping
  start tree(s): parsimony (10)
  random seed: 1521644188
  tip-inner: ON
  pattern compression: ON
  per-rate scalers: OFF
  site repeats: OFF
  branch lengths: ML estimate (linked)
  SIMD kernels: AVX2
  parallelization: NONE/sequential

WARNING: Running in REDO mode: existing checkpoints are ignored, and all result files will be overwritten!

[00:00:00] Reading alignment from file: /mnt/lustre/scratch/home/uvi/be/avs/cancer_genes_selection/genes/BCL11B/align/BCL11B_align_DNA_trimmed.fasta
[00:00:00] Loaded alignment with 25 taxa and 2688 sites

Alignment comprises 1 partitions and 993 patterns

Partition 0: noname
Model: GTR+FO+G4m
Alignment sites / patterns: 2688 / 993
Gaps: 5.40 %
Invariant sites: 56.10 %


[00:00:01] Generating parsimony starting tree(s) with 25 taxa
[00:00:01] Data distribution: partitions/thread: 1-1, patterns/thread: 993-993

Starting ML tree search with 10 distinct starting trees

[00:00:09] ML tree search #1, logLikelihood: -15611.695002
[00:00:16] ML tree search #2, logLikelihood: -15611.711921
[00:00:23] ML tree search #3, logLikelihood: -15611.714583
[00:00:30] ML tree search #4, logLikelihood: -15611.711073
[00:00:38] ML tree search #5, logLikelihood: -15611.694967
[00:00:44] ML tree search #6, logLikelihood: -15611.711233
[00:00:51] ML tree search #7, logLikelihood: -15611.695779
[00:00:58] ML tree search #8, logLikelihood: -15611.714077
[00:01:07] ML tree search #9, logLikelihood: -15611.709327
[00:01:14] ML tree search #10, logLikelihood: -15611.714741

[00:01:14] ML tree search completed, best tree logLH: -15611.694967

[00:01:14] Starting bootstrapping analysis with 100 replicates.

[00:01:21] Bootstrap tree #1, logLikelihood: -15095.010657
[00:01:28] Bootstrap tree #2, logLikelihood: -15428.237300
[00:01:35] Bootstrap tree #3, logLikelihood: -15111.518404
[00:01:42] Bootstrap tree #4, logLikelihood: -15696.517508
[00:01:51] Bootstrap tree #5, logLikelihood: -15907.800308
[00:02:02] Bootstrap tree #6, logLikelihood: -15648.265709
[00:02:10] Bootstrap tree #7, logLikelihood: -15379.830197
[00:02:17] Bootstrap tree #8, logLikelihood: -15808.220030
[00:02:25] Bootstrap tree #9, logLikelihood: -16156.825222
[00:02:34] Bootstrap tree #10, logLikelihood: -15660.269035
[00:02:43] Bootstrap tree #11, logLikelihood: -15703.097647
[00:02:53] Bootstrap tree #12, logLikelihood: -15382.366276
[00:03:01] Bootstrap tree #13, logLikelihood: -15325.731585
[00:03:10] Bootstrap tree #14, logLikelihood: -15874.835923
[00:03:17] Bootstrap tree #15, logLikelihood: -15813.824769
[00:03:26] Bootstrap tree #16, logLikelihood: -15605.325660
[00:03:33] Bootstrap tree #17, logLikelihood: -15593.646980
[00:03:40] Bootstrap tree #18, logLikelihood: -15442.376179
[00:03:49] Bootstrap tree #19, logLikelihood: -15633.562910
[00:03:58] Bootstrap tree #20, logLikelihood: -15983.874943
[00:04:05] Bootstrap tree #21, logLikelihood: -15286.870127
[00:04:18] Bootstrap tree #22, logLikelihood: -15442.050162
[00:04:26] Bootstrap tree #23, logLikelihood: -15698.614616
[00:04:32] Bootstrap tree #24, logLikelihood: -15381.268795
[00:04:41] Bootstrap tree #25, logLikelihood: -15115.678799
[00:04:50] Bootstrap tree #26, logLikelihood: -15695.803792
[00:04:57] Bootstrap tree #27, logLikelihood: -15347.714679
[00:05:07] Bootstrap tree #28, logLikelihood: -15467.122607
[00:05:16] Bootstrap tree #29, logLikelihood: -15656.485638
[00:05:25] Bootstrap tree #30, logLikelihood: -15438.708953
[00:05:32] Bootstrap tree #31, logLikelihood: -15506.867402
[00:05:40] Bootstrap tree #32, logLikelihood: -15099.915217
[00:05:48] Bootstrap tree #33, logLikelihood: -15665.601834
[00:05:58] Bootstrap tree #34, logLikelihood: -14923.408016
[00:06:09] Bootstrap tree #35, logLikelihood: -15401.042604
[00:06:17] Bootstrap tree #36, logLikelihood: -16027.837798
[00:06:26] Bootstrap tree #37, logLikelihood: -15502.235921
[00:06:35] Bootstrap tree #38, logLikelihood: -15958.406732
[00:06:46] Bootstrap tree #39, logLikelihood: -15621.616776
[00:06:59] Bootstrap tree #40, logLikelihood: -15760.097842
[00:07:12] Bootstrap tree #41, logLikelihood: -16081.926650
[00:07:19] Bootstrap tree #42, logLikelihood: -15517.627494
[00:07:27] Bootstrap tree #43, logLikelihood: -15337.748500
[00:07:36] Bootstrap tree #44, logLikelihood: -15266.552903
[00:07:44] Bootstrap tree #45, logLikelihood: -16306.304171
[00:07:52] Bootstrap tree #46, logLikelihood: -15330.812244
[00:08:00] Bootstrap tree #47, logLikelihood: -15508.372936
[00:08:08] Bootstrap tree #48, logLikelihood: -15628.151396
[00:08:16] Bootstrap tree #49, logLikelihood: -15615.878392
[00:08:24] Bootstrap tree #50, logLikelihood: -15389.397757
[00:08:34] Bootstrap tree #51, logLikelihood: -15329.370933
[00:08:42] Bootstrap tree #52, logLikelihood: -15343.823026
[00:08:50] Bootstrap tree #53, logLikelihood: -15328.582244
[00:09:01] Bootstrap tree #54, logLikelihood: -14859.711496
[00:09:11] Bootstrap tree #55, logLikelihood: -15549.341079
[00:09:21] Bootstrap tree #56, logLikelihood: -15715.798893
[00:09:30] Bootstrap tree #57, logLikelihood: -15582.811897
[00:09:39] Bootstrap tree #58, logLikelihood: -15491.842023
[00:09:49] Bootstrap tree #59, logLikelihood: -15601.119215
[00:09:57] Bootstrap tree #60, logLikelihood: -15635.993680
[00:10:05] Bootstrap tree #61, logLikelihood: -15648.992837
[00:10:13] Bootstrap tree #62, logLikelihood: -15817.833659
[00:10:27] Bootstrap tree #63, logLikelihood: -15749.868511
[00:10:36] Bootstrap tree #64, logLikelihood: -15281.735566
[00:10:45] Bootstrap tree #65, logLikelihood: -15302.580073
[00:10:53] Bootstrap tree #66, logLikelihood: -15479.473495
[00:11:02] Bootstrap tree #67, logLikelihood: -16409.360439
[00:11:15] Bootstrap tree #68, logLikelihood: -15398.719964
[00:11:26] Bootstrap tree #69, logLikelihood: -15554.258427
[00:11:37] Bootstrap tree #70, logLikelihood: -15414.758847
[00:11:47] Bootstrap tree #71, logLikelihood: -15280.587666
[00:11:56] Bootstrap tree #72, logLikelihood: -15366.547427
[00:12:10] Bootstrap tree #73, logLikelihood: -15848.200314
[00:12:17] Bootstrap tree #74, logLikelihood: -15834.443329
[00:12:25] Bootstrap tree #75, logLikelihood: -16018.583708
[00:12:34] Bootstrap tree #76, logLikelihood: -15576.093528
[00:12:43] Bootstrap tree #77, logLikelihood: -15684.923700
[00:12:53] Bootstrap tree #78, logLikelihood: -15747.916321
[00:13:03] Bootstrap tree #79, logLikelihood: -15115.666104
[00:13:12] Bootstrap tree #80, logLikelihood: -15768.340659
[00:13:21] Bootstrap tree #81, logLikelihood: -15092.336335
[00:13:33] Bootstrap tree #82, logLikelihood: -15713.215616
[00:13:44] Bootstrap tree #83, logLikelihood: -15996.108258
[00:13:54] Bootstrap tree #84, logLikelihood: -15203.192455
[00:14:02] Bootstrap tree #85, logLikelihood: -15925.038886
[00:14:11] Bootstrap tree #86, logLikelihood: -15850.024878
[00:14:20] Bootstrap tree #87, logLikelihood: -15847.960091
[00:14:29] Bootstrap tree #88, logLikelihood: -15843.845200
[00:14:37] Bootstrap tree #89, logLikelihood: -15773.230865
[00:14:49] Bootstrap tree #90, logLikelihood: -15338.826208
[00:14:59] Bootstrap tree #91, logLikelihood: -15830.864261
[00:15:07] Bootstrap tree #92, logLikelihood: -14947.654164
[00:15:16] Bootstrap tree #93, logLikelihood: -15006.527878
[00:15:25] Bootstrap tree #94, logLikelihood: -15077.050539
[00:15:33] Bootstrap tree #95, logLikelihood: -15565.844156
[00:15:47] Bootstrap tree #96, logLikelihood: -15666.028963
[00:15:56] Bootstrap tree #97, logLikelihood: -15580.222693
[00:16:05] Bootstrap tree #98, logLikelihood: -15283.879548
[00:16:13] Bootstrap tree #99, logLikelihood: -15318.763565
[00:16:22] Bootstrap tree #100, logLikelihood: -16410.377983

Optimized model parameters:

   Partition 0: noname
   Rate heterogeneity: GAMMA (4 cats, mean),  alpha: 0.371766 (ML),  weights&rates: (0.250000,0.012861) (0.250000,0.160372) (0.250000,0.698827) (0.250000,3.127940) 
   Base frequencies (ML): 0.216748 0.320771 0.294394 0.168087 
   Substitution rates (ML): 0.783147 1.914209 0.424748 0.992627 3.543658 1.000000 

Final LogLikelihood: -15611.694967

All ML trees saved to: /mnt/lustre/scratch/home/uvi/be/avs/cancer_genes_selection/genes/BCL11B/tree/BCL11B.raxml.mlTrees
Best ML tree saved to: /mnt/lustre/scratch/home/uvi/be/avs/cancer_genes_selection/genes/BCL11B/tree/BCL11B.raxml.bestTree
Best ML tree with bootstrap support values saved to: /mnt/lustre/scratch/home/uvi/be/avs/cancer_genes_selection/genes/BCL11B/tree/BCL11B.raxml.support
Optimized model saved to: /mnt/lustre/scratch/home/uvi/be/avs/cancer_genes_selection/genes/BCL11B/tree/BCL11B.raxml.bestModel
Bootstrap trees saved to: /mnt/lustre/scratch/home/uvi/be/avs/cancer_genes_selection/genes/BCL11B/tree/BCL11B.raxml.bootstraps

Execution log saved to: /mnt/lustre/scratch/home/uvi/be/avs/cancer_genes_selection/genes/BCL11B/tree/BCL11B.raxml.log

Analysis started: 21-Mar-2018 15:56:28 / finished: 21-Mar-2018 16:12:52

Elapsed time: 984.667 seconds

