
RAxML-NG v. 0.5.1b BETA released on 01.12.2017 by The Exelixis Lab.
Authors: Alexey Kozlov, Alexandros Stamatakis, Diego Darriba, Tomas Flouri, Benoit Morel.
Latest version: https://github.com/amkozlov/raxml-ng
Questions/problems/suggestions? Please visit: https://groups.google.com/forum/#!forum/raxml

WARNING: This is a BETA release, please use at your own risk!

RAxML-NG was called as follows:

raxml-ng-mpi --all --msa /mnt/lustre/scratch/home/uvi/be/avs/cancer_genes_selection/genes/GPC3/align/GPC3_align_DNA_trimmed.fasta --model GTR+G -tree pars{10} --bs-trees 100 --prefix /mnt/lustre/scratch/home/uvi/be/avs/cancer_genes_selection/genes/GPC3/tree/GPC3 --redo

Analysis options:
  run mode: ML tree search + bootstrapping
  start tree(s): parsimony (10)
  random seed: 1521657961
  tip-inner: ON
  pattern compression: ON
  per-rate scalers: OFF
  site repeats: OFF
  branch lengths: ML estimate (linked)
  SIMD kernels: AVX2
  parallelization: NONE/sequential

WARNING: Running in REDO mode: existing checkpoints are ignored, and all result files will be overwritten!

[00:00:00] Reading alignment from file: /mnt/lustre/scratch/home/uvi/be/avs/cancer_genes_selection/genes/GPC3/align/GPC3_align_DNA_trimmed.fasta
[00:00:00] Loaded alignment with 28 taxa and 1743 sites

Alignment comprises 1 partitions and 869 patterns

Partition 0: noname
Model: GTR+FO+G4m
Alignment sites / patterns: 1743 / 869
Gaps: 7.86 %
Invariant sites: 46.93 %


[00:00:01] Generating parsimony starting tree(s) with 28 taxa
[00:00:02] Data distribution: partitions/thread: 1-1, patterns/thread: 869-869

Starting ML tree search with 10 distinct starting trees

[00:00:12] ML tree search #1, logLikelihood: -12464.187579
[00:00:19] ML tree search #2, logLikelihood: -12464.187493
[00:00:28] ML tree search #3, logLikelihood: -12464.188837
[00:00:36] ML tree search #4, logLikelihood: -12464.187951
[00:00:43] ML tree search #5, logLikelihood: -12464.187648
[00:00:53] ML tree search #6, logLikelihood: -12464.189540
[00:01:00] ML tree search #7, logLikelihood: -12464.187531
[00:01:09] ML tree search #8, logLikelihood: -12464.187847
[00:01:18] ML tree search #9, logLikelihood: -12464.189786
[00:01:26] ML tree search #10, logLikelihood: -12464.189606

[00:01:26] ML tree search completed, best tree logLH: -12464.187493

[00:01:26] Starting bootstrapping analysis with 100 replicates.

[00:01:34] Bootstrap tree #1, logLikelihood: -12338.062676
[00:01:41] Bootstrap tree #2, logLikelihood: -12422.806974
[00:01:48] Bootstrap tree #3, logLikelihood: -12795.854473
[00:01:58] Bootstrap tree #4, logLikelihood: -12148.059290
[00:02:05] Bootstrap tree #5, logLikelihood: -12389.196979
[00:02:14] Bootstrap tree #6, logLikelihood: -12531.541910
[00:02:22] Bootstrap tree #7, logLikelihood: -12531.920303
[00:02:29] Bootstrap tree #8, logLikelihood: -12487.137225
[00:02:37] Bootstrap tree #9, logLikelihood: -12946.389930
[00:02:44] Bootstrap tree #10, logLikelihood: -12622.595281
[00:02:52] Bootstrap tree #11, logLikelihood: -12316.198657
[00:02:59] Bootstrap tree #12, logLikelihood: -12647.999476
[00:03:06] Bootstrap tree #13, logLikelihood: -12476.163635
[00:03:14] Bootstrap tree #14, logLikelihood: -12579.469949
[00:03:28] Bootstrap tree #15, logLikelihood: -12638.262878
[00:03:38] Bootstrap tree #16, logLikelihood: -11991.867017
[00:03:48] Bootstrap tree #17, logLikelihood: -12441.316680
[00:03:55] Bootstrap tree #18, logLikelihood: -12457.372716
[00:04:02] Bootstrap tree #19, logLikelihood: -12109.359340
[00:04:10] Bootstrap tree #20, logLikelihood: -12493.229061
[00:04:18] Bootstrap tree #21, logLikelihood: -11999.796885
[00:04:27] Bootstrap tree #22, logLikelihood: -12770.191711
[00:04:35] Bootstrap tree #23, logLikelihood: -11487.566115
[00:04:43] Bootstrap tree #24, logLikelihood: -12222.348372
[00:04:50] Bootstrap tree #25, logLikelihood: -12472.049752
[00:04:58] Bootstrap tree #26, logLikelihood: -12818.782035
[00:05:07] Bootstrap tree #27, logLikelihood: -12561.761366
[00:05:15] Bootstrap tree #28, logLikelihood: -12364.502867
[00:05:23] Bootstrap tree #29, logLikelihood: -12454.607900
[00:05:32] Bootstrap tree #30, logLikelihood: -12484.741628
[00:05:39] Bootstrap tree #31, logLikelihood: -12136.280683
[00:05:49] Bootstrap tree #32, logLikelihood: -12924.942929
[00:05:58] Bootstrap tree #33, logLikelihood: -12363.893793
[00:06:06] Bootstrap tree #34, logLikelihood: -12324.511160
[00:06:15] Bootstrap tree #35, logLikelihood: -12247.421469
[00:06:22] Bootstrap tree #36, logLikelihood: -12356.090811
[00:06:31] Bootstrap tree #37, logLikelihood: -12568.273078
[00:06:39] Bootstrap tree #38, logLikelihood: -12554.176440
[00:06:47] Bootstrap tree #39, logLikelihood: -12413.581073
[00:06:55] Bootstrap tree #40, logLikelihood: -12093.146294
[00:07:04] Bootstrap tree #41, logLikelihood: -12371.177772
[00:07:12] Bootstrap tree #42, logLikelihood: -11895.213261
[00:07:22] Bootstrap tree #43, logLikelihood: -12455.623318
[00:07:32] Bootstrap tree #44, logLikelihood: -12686.376394
[00:07:40] Bootstrap tree #45, logLikelihood: -12687.353648
[00:07:47] Bootstrap tree #46, logLikelihood: -11966.341180
[00:07:55] Bootstrap tree #47, logLikelihood: -12438.182609
[00:08:08] Bootstrap tree #48, logLikelihood: -12167.767574
[00:08:20] Bootstrap tree #49, logLikelihood: -12183.725432
[00:08:30] Bootstrap tree #50, logLikelihood: -12700.370271
[00:08:41] Bootstrap tree #51, logLikelihood: -12421.536890
[00:08:49] Bootstrap tree #52, logLikelihood: -12995.702941
[00:08:56] Bootstrap tree #53, logLikelihood: -12626.754009
[00:09:06] Bootstrap tree #54, logLikelihood: -12236.161126
[00:09:14] Bootstrap tree #55, logLikelihood: -12338.070767
[00:09:25] Bootstrap tree #56, logLikelihood: -12900.383118
[00:09:33] Bootstrap tree #57, logLikelihood: -12662.825353
[00:09:41] Bootstrap tree #58, logLikelihood: -11908.874661
[00:09:50] Bootstrap tree #59, logLikelihood: -11607.027115
[00:09:58] Bootstrap tree #60, logLikelihood: -12150.234523
[00:10:06] Bootstrap tree #61, logLikelihood: -12058.377993
[00:10:17] Bootstrap tree #62, logLikelihood: -12025.393829
[00:10:26] Bootstrap tree #63, logLikelihood: -12455.287402
[00:10:34] Bootstrap tree #64, logLikelihood: -12564.402021
[00:10:45] Bootstrap tree #65, logLikelihood: -12266.966222
[00:10:53] Bootstrap tree #66, logLikelihood: -12389.410516
[00:11:04] Bootstrap tree #67, logLikelihood: -12423.500718
[00:11:13] Bootstrap tree #68, logLikelihood: -12432.867144
[00:11:22] Bootstrap tree #69, logLikelihood: -12474.832347
[00:11:29] Bootstrap tree #70, logLikelihood: -12333.044154
[00:11:38] Bootstrap tree #71, logLikelihood: -12452.875905
[00:11:47] Bootstrap tree #72, logLikelihood: -12452.139305
[00:11:56] Bootstrap tree #73, logLikelihood: -12088.767162
[00:12:04] Bootstrap tree #74, logLikelihood: -13219.253393
[00:12:13] Bootstrap tree #75, logLikelihood: -12598.707580
[00:12:22] Bootstrap tree #76, logLikelihood: -12645.801050
[00:12:31] Bootstrap tree #77, logLikelihood: -12791.242965
[00:12:42] Bootstrap tree #78, logLikelihood: -12385.644683
[00:12:49] Bootstrap tree #79, logLikelihood: -12431.991307
[00:12:57] Bootstrap tree #80, logLikelihood: -12472.944711
[00:13:06] Bootstrap tree #81, logLikelihood: -12281.697729
[00:13:14] Bootstrap tree #82, logLikelihood: -12217.203463
[00:13:23] Bootstrap tree #83, logLikelihood: -11732.827386
[00:13:31] Bootstrap tree #84, logLikelihood: -12426.040112
[00:13:41] Bootstrap tree #85, logLikelihood: -12538.143191
[00:13:50] Bootstrap tree #86, logLikelihood: -12486.894462
[00:13:58] Bootstrap tree #87, logLikelihood: -12369.760163
[00:14:07] Bootstrap tree #88, logLikelihood: -11724.326847
[00:14:17] Bootstrap tree #89, logLikelihood: -12524.045170
[00:14:26] Bootstrap tree #90, logLikelihood: -12016.871250
[00:14:38] Bootstrap tree #91, logLikelihood: -11457.146294
[00:14:50] Bootstrap tree #92, logLikelihood: -12618.514483
[00:15:00] Bootstrap tree #93, logLikelihood: -12354.641690
[00:15:09] Bootstrap tree #94, logLikelihood: -12355.863415
[00:15:24] Bootstrap tree #95, logLikelihood: -12141.836242
[00:15:35] Bootstrap tree #96, logLikelihood: -12470.451109
[00:15:46] Bootstrap tree #97, logLikelihood: -12956.707879
[00:15:57] Bootstrap tree #98, logLikelihood: -12740.789620
[00:16:06] Bootstrap tree #99, logLikelihood: -12261.102660
[00:16:19] Bootstrap tree #100, logLikelihood: -12390.023918

Optimized model parameters:

   Partition 0: noname
   Rate heterogeneity: GAMMA (4 cats, mean),  alpha: 0.470034 (ML),  weights&rates: (0.250000,0.027977) (0.250000,0.231903) (0.250000,0.797177) (0.250000,2.942942) 
   Base frequencies (ML): 0.272168 0.238474 0.246744 0.242614 
   Substitution rates (ML): 1.622832 3.593426 0.363306 1.134284 7.025042 1.000000 

Final LogLikelihood: -12464.187493

All ML trees saved to: /mnt/lustre/scratch/home/uvi/be/avs/cancer_genes_selection/genes/GPC3/tree/GPC3.raxml.mlTrees
Best ML tree saved to: /mnt/lustre/scratch/home/uvi/be/avs/cancer_genes_selection/genes/GPC3/tree/GPC3.raxml.bestTree
Best ML tree with bootstrap support values saved to: /mnt/lustre/scratch/home/uvi/be/avs/cancer_genes_selection/genes/GPC3/tree/GPC3.raxml.support
Optimized model saved to: /mnt/lustre/scratch/home/uvi/be/avs/cancer_genes_selection/genes/GPC3/tree/GPC3.raxml.bestModel
Bootstrap trees saved to: /mnt/lustre/scratch/home/uvi/be/avs/cancer_genes_selection/genes/GPC3/tree/GPC3.raxml.bootstraps

Execution log saved to: /mnt/lustre/scratch/home/uvi/be/avs/cancer_genes_selection/genes/GPC3/tree/GPC3.raxml.log

Analysis started: 21-Mar-2018 19:46:01 / finished: 21-Mar-2018 20:02:24

Elapsed time: 983.269 seconds

