
RAxML-NG v. 0.5.1b BETA released on 01.12.2017 by The Exelixis Lab.
Authors: Alexey Kozlov, Alexandros Stamatakis, Diego Darriba, Tomas Flouri, Benoit Morel.
Latest version: https://github.com/amkozlov/raxml-ng
Questions/problems/suggestions? Please visit: https://groups.google.com/forum/#!forum/raxml

WARNING: This is a BETA release, please use at your own risk!

RAxML-NG was called as follows:

raxml-ng-mpi --all --msa /mnt/lustre/scratch/home/uvi/be/avs/cancer_genes_selection/genes/GPC3/align/GPC3_align_DNA_trimmed2.fasta --model GTR+G -tree pars{10} --bs-trees 100 --prefix /mnt/lustre/scratch/home/uvi/be/avs/cancer_genes_selection/genes/GPC3/tree/GPC3_trimmed --redo

Analysis options:
  run mode: ML tree search + bootstrapping
  start tree(s): parsimony (10)
  random seed: 1522094184
  tip-inner: ON
  pattern compression: ON
  per-rate scalers: OFF
  site repeats: OFF
  branch lengths: ML estimate (linked)
  SIMD kernels: AVX2
  parallelization: NONE/sequential

WARNING: Running in REDO mode: existing checkpoints are ignored, and all result files will be overwritten!

[00:00:00] Reading alignment from file: /mnt/lustre/scratch/home/uvi/be/avs/cancer_genes_selection/genes/GPC3/align/GPC3_align_DNA_trimmed2.fasta
[00:00:01] Loaded alignment with 25 taxa and 1743 sites

Alignment comprises 1 partitions and 793 patterns

Partition 0: noname
Model: GTR+FO+G4m
Alignment sites / patterns: 1743 / 793
Gaps: 5.35 %
Invariant sites: 47.79 %


[00:00:01] Generating parsimony starting tree(s) with 25 taxa
[00:00:01] Data distribution: partitions/thread: 1-1, patterns/thread: 793-793

Starting ML tree search with 10 distinct starting trees

[00:00:10] ML tree search #1, logLikelihood: -11651.002040
[00:00:20] ML tree search #2, logLikelihood: -11651.001919
[00:00:30] ML tree search #3, logLikelihood: -11651.002342
[00:00:39] ML tree search #4, logLikelihood: -11651.001297
[00:00:48] ML tree search #5, logLikelihood: -11651.003313
[00:00:58] ML tree search #6, logLikelihood: -11651.001962
[00:01:07] ML tree search #7, logLikelihood: -11651.002939
[00:01:16] ML tree search #8, logLikelihood: -11651.002000
[00:01:25] ML tree search #9, logLikelihood: -11651.002994
[00:01:34] ML tree search #10, logLikelihood: -11651.001873

[00:01:35] ML tree search completed, best tree logLH: -11651.001297

[00:01:35] Starting bootstrapping analysis with 100 replicates.

[00:01:42] Bootstrap tree #1, logLikelihood: -11271.649646
[00:01:51] Bootstrap tree #2, logLikelihood: -11696.261576
[00:01:59] Bootstrap tree #3, logLikelihood: -11725.736712
[00:02:08] Bootstrap tree #4, logLikelihood: -11537.701907
[00:02:17] Bootstrap tree #5, logLikelihood: -11043.826082
[00:02:26] Bootstrap tree #6, logLikelihood: -11181.284262
[00:02:34] Bootstrap tree #7, logLikelihood: -11027.737478
[00:02:43] Bootstrap tree #8, logLikelihood: -11741.035858
[00:02:52] Bootstrap tree #9, logLikelihood: -11752.244981
[00:03:00] Bootstrap tree #10, logLikelihood: -11310.204065
[00:03:10] Bootstrap tree #11, logLikelihood: -11263.594368
[00:03:19] Bootstrap tree #12, logLikelihood: -11734.314715
[00:03:28] Bootstrap tree #13, logLikelihood: -11333.200810
[00:03:37] Bootstrap tree #14, logLikelihood: -11396.581047
[00:03:46] Bootstrap tree #15, logLikelihood: -12102.708111
[00:03:54] Bootstrap tree #16, logLikelihood: -11810.502982
[00:04:03] Bootstrap tree #17, logLikelihood: -11001.021022
[00:04:11] Bootstrap tree #18, logLikelihood: -12086.256843
[00:04:20] Bootstrap tree #19, logLikelihood: -11255.289680
[00:04:31] Bootstrap tree #20, logLikelihood: -11592.252586
[00:04:42] Bootstrap tree #21, logLikelihood: -11760.756304
[00:04:51] Bootstrap tree #22, logLikelihood: -11571.970911
[00:05:02] Bootstrap tree #23, logLikelihood: -11653.037460
[00:05:13] Bootstrap tree #24, logLikelihood: -11814.693900
[00:05:25] Bootstrap tree #25, logLikelihood: -11832.057613
[00:05:35] Bootstrap tree #26, logLikelihood: -11724.279205
[00:05:45] Bootstrap tree #27, logLikelihood: -11504.755377
[00:05:54] Bootstrap tree #28, logLikelihood: -11628.177078
[00:06:06] Bootstrap tree #29, logLikelihood: -11346.981825
[00:06:15] Bootstrap tree #30, logLikelihood: -11531.751886
[00:06:27] Bootstrap tree #31, logLikelihood: -11266.119872
[00:06:36] Bootstrap tree #32, logLikelihood: -11668.824364
[00:06:46] Bootstrap tree #33, logLikelihood: -11604.277300
[00:06:56] Bootstrap tree #34, logLikelihood: -11424.757429
[00:07:07] Bootstrap tree #35, logLikelihood: -11435.973995
[00:07:16] Bootstrap tree #36, logLikelihood: -11487.207853
[00:07:27] Bootstrap tree #37, logLikelihood: -11151.920835
[00:07:36] Bootstrap tree #38, logLikelihood: -11925.210972
[00:07:44] Bootstrap tree #39, logLikelihood: -11335.000099
[00:07:54] Bootstrap tree #40, logLikelihood: -11691.576532
[00:08:03] Bootstrap tree #41, logLikelihood: -11709.352774
[00:08:13] Bootstrap tree #42, logLikelihood: -12304.401501
[00:08:25] Bootstrap tree #43, logLikelihood: -11559.509148
[00:08:36] Bootstrap tree #44, logLikelihood: -11295.456675
[00:08:44] Bootstrap tree #45, logLikelihood: -11567.826074
[00:08:53] Bootstrap tree #46, logLikelihood: -12003.464203
[00:09:02] Bootstrap tree #47, logLikelihood: -11618.411376
[00:09:13] Bootstrap tree #48, logLikelihood: -11823.359388
[00:09:22] Bootstrap tree #49, logLikelihood: -11887.759119
[00:09:32] Bootstrap tree #50, logLikelihood: -11183.634011
[00:09:41] Bootstrap tree #51, logLikelihood: -11558.361596
[00:09:50] Bootstrap tree #52, logLikelihood: -11627.340715
[00:10:01] Bootstrap tree #53, logLikelihood: -11531.497198
[00:10:11] Bootstrap tree #54, logLikelihood: -11697.375533
[00:10:21] Bootstrap tree #55, logLikelihood: -11751.281419
[00:10:33] Bootstrap tree #56, logLikelihood: -11630.767949
[00:10:43] Bootstrap tree #57, logLikelihood: -11716.526014
[00:10:55] Bootstrap tree #58, logLikelihood: -11886.755273
[00:11:05] Bootstrap tree #59, logLikelihood: -11501.668207
[00:11:15] Bootstrap tree #60, logLikelihood: -11828.610028
[00:11:25] Bootstrap tree #61, logLikelihood: -11016.742164
[00:11:33] Bootstrap tree #62, logLikelihood: -11910.046017
[00:11:44] Bootstrap tree #63, logLikelihood: -11567.083828
[00:11:58] Bootstrap tree #64, logLikelihood: -11817.122089
[00:12:07] Bootstrap tree #65, logLikelihood: -11771.300103
[00:12:17] Bootstrap tree #66, logLikelihood: -11425.240794
[00:12:26] Bootstrap tree #67, logLikelihood: -11448.441194
[00:12:36] Bootstrap tree #68, logLikelihood: -11972.840234
[00:12:46] Bootstrap tree #69, logLikelihood: -11853.354270
[00:12:57] Bootstrap tree #70, logLikelihood: -11637.477943
[00:13:11] Bootstrap tree #71, logLikelihood: -11600.511195
[00:13:20] Bootstrap tree #72, logLikelihood: -11670.668047
[00:13:30] Bootstrap tree #73, logLikelihood: -11461.192580
[00:13:39] Bootstrap tree #74, logLikelihood: -11568.775742
[00:13:48] Bootstrap tree #75, logLikelihood: -11447.134882
[00:14:00] Bootstrap tree #76, logLikelihood: -11525.760506
[00:14:11] Bootstrap tree #77, logLikelihood: -11769.817147
[00:14:23] Bootstrap tree #78, logLikelihood: -11543.155991
[00:14:34] Bootstrap tree #79, logLikelihood: -11748.771650
[00:14:45] Bootstrap tree #80, logLikelihood: -11706.978033
[00:14:55] Bootstrap tree #81, logLikelihood: -11648.192579
[00:15:04] Bootstrap tree #82, logLikelihood: -11602.776957
[00:15:13] Bootstrap tree #83, logLikelihood: -11574.243564
[00:15:24] Bootstrap tree #84, logLikelihood: -11477.976711
[00:15:35] Bootstrap tree #85, logLikelihood: -11560.166028
[00:15:46] Bootstrap tree #86, logLikelihood: -11496.857032
[00:16:00] Bootstrap tree #87, logLikelihood: -11460.374706
[00:16:12] Bootstrap tree #88, logLikelihood: -12300.766480
[00:16:22] Bootstrap tree #89, logLikelihood: -11652.711451
[00:16:31] Bootstrap tree #90, logLikelihood: -11320.866363
[00:16:41] Bootstrap tree #91, logLikelihood: -11521.173496
[00:16:50] Bootstrap tree #92, logLikelihood: -11631.947266
[00:16:59] Bootstrap tree #93, logLikelihood: -11456.742388
[00:17:11] Bootstrap tree #94, logLikelihood: -11852.601095
[00:17:23] Bootstrap tree #95, logLikelihood: -11350.573393
[00:17:36] Bootstrap tree #96, logLikelihood: -11798.945134
[00:17:51] Bootstrap tree #97, logLikelihood: -11669.404053
[00:18:03] Bootstrap tree #98, logLikelihood: -12008.296200
[00:18:16] Bootstrap tree #99, logLikelihood: -11290.834387
[00:18:28] Bootstrap tree #100, logLikelihood: -11687.813941

Optimized model parameters:

   Partition 0: noname
   Rate heterogeneity: GAMMA (4 cats, mean),  alpha: 0.518888 (ML),  weights&rates: (0.250000,0.036940) (0.250000,0.264067) (0.250000,0.833539) (0.250000,2.865454) 
   Base frequencies (ML): 0.270176 0.240096 0.249263 0.240465 
   Substitution rates (ML): 1.448508 4.228955 0.473059 1.291169 5.798212 1.000000 

Final LogLikelihood: -11651.001297

All ML trees saved to: /mnt/lustre/scratch/home/uvi/be/avs/cancer_genes_selection/genes/GPC3/tree/GPC3_trimmed.raxml.mlTrees
Best ML tree saved to: /mnt/lustre/scratch/home/uvi/be/avs/cancer_genes_selection/genes/GPC3/tree/GPC3_trimmed.raxml.bestTree
Best ML tree with bootstrap support values saved to: /mnt/lustre/scratch/home/uvi/be/avs/cancer_genes_selection/genes/GPC3/tree/GPC3_trimmed.raxml.support
Optimized model saved to: /mnt/lustre/scratch/home/uvi/be/avs/cancer_genes_selection/genes/GPC3/tree/GPC3_trimmed.raxml.bestModel
Bootstrap trees saved to: /mnt/lustre/scratch/home/uvi/be/avs/cancer_genes_selection/genes/GPC3/tree/GPC3_trimmed.raxml.bootstraps

Execution log saved to: /mnt/lustre/scratch/home/uvi/be/avs/cancer_genes_selection/genes/GPC3/tree/GPC3_trimmed.raxml.log

Analysis started: 26-Mar-2018 21:56:23 / finished: 26-Mar-2018 22:14:56

Elapsed time: 1112.647 seconds

