
RAxML-NG v. 0.5.1b BETA released on 01.12.2017 by The Exelixis Lab.
Authors: Alexey Kozlov, Alexandros Stamatakis, Diego Darriba, Tomas Flouri, Benoit Morel.
Latest version: https://github.com/amkozlov/raxml-ng
Questions/problems/suggestions? Please visit: https://groups.google.com/forum/#!forum/raxml

WARNING: This is a BETA release, please use at your own risk!

RAxML-NG was called as follows:

raxml-ng-mpi --all --msa /mnt/lustre/scratch/home/uvi/be/avs/cancer_genes_selection/genes/TERT/align/TERT_align_DNA_trimmed2.fasta --model GTR+G -tree pars{10} --bs-trees 100 --prefix /mnt/lustre/scratch/home/uvi/be/avs/cancer_genes_selection/genes/TERT/tree/TERT_trimmed --redo

Analysis options:
  run mode: ML tree search + bootstrapping
  start tree(s): parsimony (10)
  random seed: 1522106528
  tip-inner: ON
  pattern compression: ON
  per-rate scalers: OFF
  site repeats: OFF
  branch lengths: ML estimate (linked)
  SIMD kernels: AVX2
  parallelization: NONE/sequential

WARNING: Running in REDO mode: existing checkpoints are ignored, and all result files will be overwritten!

[00:00:00] Reading alignment from file: /mnt/lustre/scratch/home/uvi/be/avs/cancer_genes_selection/genes/TERT/align/TERT_align_DNA_trimmed2.fasta
[00:00:01] Loaded alignment with 25 taxa and 3384 sites

Alignment comprises 1 partitions and 2540 patterns

Partition 0: noname
Model: GTR+FO+G4m
Alignment sites / patterns: 3384 / 2540
Gaps: 4.77 %
Invariant sites: 22.16 %


[00:00:01] Generating parsimony starting tree(s) with 25 taxa
[00:00:01] Data distribution: partitions/thread: 1-1, patterns/thread: 2540-2540

Starting ML tree search with 10 distinct starting trees

[00:00:16] ML tree search #1, logLikelihood: -43553.399876
[00:00:28] ML tree search #2, logLikelihood: -43553.403164
[00:00:41] ML tree search #3, logLikelihood: -43553.399329
[00:00:56] ML tree search #4, logLikelihood: -43553.398461
[00:01:11] ML tree search #5, logLikelihood: -43553.405236
[00:01:26] ML tree search #6, logLikelihood: -43553.403086
[00:01:41] ML tree search #7, logLikelihood: -43553.399805
[00:01:54] ML tree search #8, logLikelihood: -43553.403155
[00:02:07] ML tree search #9, logLikelihood: -43553.399991
[00:02:22] ML tree search #10, logLikelihood: -43553.400405

[00:02:22] ML tree search completed, best tree logLH: -43553.398461

[00:02:22] Starting bootstrapping analysis with 100 replicates.

[00:02:35] Bootstrap tree #1, logLikelihood: -43464.386832
[00:02:50] Bootstrap tree #2, logLikelihood: -42840.057148
[00:03:05] Bootstrap tree #3, logLikelihood: -42630.763804
[00:03:20] Bootstrap tree #4, logLikelihood: -43377.817044
[00:03:34] Bootstrap tree #5, logLikelihood: -43964.690582
[00:03:50] Bootstrap tree #6, logLikelihood: -43146.761570
[00:04:05] Bootstrap tree #7, logLikelihood: -43258.429022
[00:04:20] Bootstrap tree #8, logLikelihood: -44408.897756
[00:04:36] Bootstrap tree #9, logLikelihood: -44022.615947
[00:04:50] Bootstrap tree #10, logLikelihood: -43441.478244
[00:05:06] Bootstrap tree #11, logLikelihood: -42736.174941
[00:05:22] Bootstrap tree #12, logLikelihood: -43118.915630
[00:05:36] Bootstrap tree #13, logLikelihood: -43232.045454
[00:05:51] Bootstrap tree #14, logLikelihood: -43600.161138
[00:06:06] Bootstrap tree #15, logLikelihood: -43137.849073
[00:06:22] Bootstrap tree #16, logLikelihood: -43570.332580
[00:06:38] Bootstrap tree #17, logLikelihood: -43608.134867
[00:06:53] Bootstrap tree #18, logLikelihood: -42973.603657
[00:07:07] Bootstrap tree #19, logLikelihood: -43068.132744
[00:07:22] Bootstrap tree #20, logLikelihood: -42957.366805
[00:07:38] Bootstrap tree #21, logLikelihood: -43729.177393
[00:07:52] Bootstrap tree #22, logLikelihood: -43822.935221
[00:08:08] Bootstrap tree #23, logLikelihood: -43647.226042
[00:08:22] Bootstrap tree #24, logLikelihood: -43233.738144
[00:08:36] Bootstrap tree #25, logLikelihood: -42806.120845
[00:08:51] Bootstrap tree #26, logLikelihood: -43327.173700
[00:09:08] Bootstrap tree #27, logLikelihood: -43672.317269
[00:09:22] Bootstrap tree #28, logLikelihood: -43450.662912
[00:09:36] Bootstrap tree #29, logLikelihood: -43361.528061
[00:09:49] Bootstrap tree #30, logLikelihood: -42937.237848
[00:10:05] Bootstrap tree #31, logLikelihood: -42215.976006
[00:10:21] Bootstrap tree #32, logLikelihood: -43893.870154
[00:10:37] Bootstrap tree #33, logLikelihood: -43175.580035
[00:10:51] Bootstrap tree #34, logLikelihood: -43340.860694
[00:11:08] Bootstrap tree #35, logLikelihood: -44836.708100
[00:11:24] Bootstrap tree #36, logLikelihood: -43824.977483
[00:11:39] Bootstrap tree #37, logLikelihood: -42935.832189
[00:11:55] Bootstrap tree #38, logLikelihood: -43963.896040
[00:12:10] Bootstrap tree #39, logLikelihood: -43415.108286
[00:12:26] Bootstrap tree #40, logLikelihood: -43129.177231
[00:12:42] Bootstrap tree #41, logLikelihood: -44166.996891
[00:12:59] Bootstrap tree #42, logLikelihood: -42942.845251
[00:13:14] Bootstrap tree #43, logLikelihood: -43686.208343
[00:13:29] Bootstrap tree #44, logLikelihood: -43102.084646
[00:13:45] Bootstrap tree #45, logLikelihood: -43344.288655
[00:14:02] Bootstrap tree #46, logLikelihood: -43317.905976
[00:14:17] Bootstrap tree #47, logLikelihood: -44035.180307
[00:14:32] Bootstrap tree #48, logLikelihood: -44144.987807
[00:14:47] Bootstrap tree #49, logLikelihood: -43717.355218
[00:15:04] Bootstrap tree #50, logLikelihood: -42988.978888
[00:15:21] Bootstrap tree #51, logLikelihood: -42987.365420
[00:15:36] Bootstrap tree #52, logLikelihood: -43944.128381
[00:15:51] Bootstrap tree #53, logLikelihood: -43879.002636
[00:16:05] Bootstrap tree #54, logLikelihood: -42940.770186
[00:16:21] Bootstrap tree #55, logLikelihood: -42916.980188
[00:16:36] Bootstrap tree #56, logLikelihood: -43572.759553
[00:16:51] Bootstrap tree #57, logLikelihood: -43826.745697
[00:17:08] Bootstrap tree #58, logLikelihood: -42545.374966
[00:17:22] Bootstrap tree #59, logLikelihood: -43801.438815
[00:17:37] Bootstrap tree #60, logLikelihood: -43524.256755
[00:17:52] Bootstrap tree #61, logLikelihood: -43138.987886
[00:18:08] Bootstrap tree #62, logLikelihood: -43570.990899
[00:18:26] Bootstrap tree #63, logLikelihood: -43403.102007
[00:18:41] Bootstrap tree #64, logLikelihood: -43913.001123
[00:18:59] Bootstrap tree #65, logLikelihood: -43838.183392
[00:19:16] Bootstrap tree #66, logLikelihood: -43779.652279
[00:19:32] Bootstrap tree #67, logLikelihood: -43607.527463
[00:19:47] Bootstrap tree #68, logLikelihood: -42883.819548
[00:20:03] Bootstrap tree #69, logLikelihood: -43591.300561
[00:20:20] Bootstrap tree #70, logLikelihood: -44010.340849
[00:20:35] Bootstrap tree #71, logLikelihood: -43299.465492
[00:20:50] Bootstrap tree #72, logLikelihood: -43912.778403
[00:21:05] Bootstrap tree #73, logLikelihood: -43151.931523
[00:21:21] Bootstrap tree #74, logLikelihood: -43078.073453
[00:21:37] Bootstrap tree #75, logLikelihood: -43674.723050
[00:21:52] Bootstrap tree #76, logLikelihood: -43323.754418
[00:22:08] Bootstrap tree #77, logLikelihood: -43665.806578
[00:22:27] Bootstrap tree #78, logLikelihood: -44060.630469
[00:22:46] Bootstrap tree #79, logLikelihood: -43493.552014
[00:23:00] Bootstrap tree #80, logLikelihood: -43006.689710
[00:23:17] Bootstrap tree #81, logLikelihood: -43809.549215
[00:23:34] Bootstrap tree #82, logLikelihood: -42984.659619
[00:23:51] Bootstrap tree #83, logLikelihood: -44065.090184
[00:24:07] Bootstrap tree #84, logLikelihood: -43338.571726
[00:24:23] Bootstrap tree #85, logLikelihood: -44479.430550
[00:24:43] Bootstrap tree #86, logLikelihood: -43556.387524
[00:24:58] Bootstrap tree #87, logLikelihood: -43480.192821
[00:25:14] Bootstrap tree #88, logLikelihood: -43176.085221
[00:25:31] Bootstrap tree #89, logLikelihood: -43377.906452
[00:25:47] Bootstrap tree #90, logLikelihood: -43275.814483
[00:26:03] Bootstrap tree #91, logLikelihood: -43655.351233
[00:26:21] Bootstrap tree #92, logLikelihood: -43615.292143
[00:26:38] Bootstrap tree #93, logLikelihood: -43718.825034
[00:26:55] Bootstrap tree #94, logLikelihood: -43696.393287
[00:27:11] Bootstrap tree #95, logLikelihood: -43370.107195
[00:27:26] Bootstrap tree #96, logLikelihood: -43494.909160
[00:27:42] Bootstrap tree #97, logLikelihood: -43140.080778
[00:27:57] Bootstrap tree #98, logLikelihood: -43725.462171
[00:28:12] Bootstrap tree #99, logLikelihood: -43220.335422
[00:28:28] Bootstrap tree #100, logLikelihood: -43159.414241

Optimized model parameters:

   Partition 0: noname
   Rate heterogeneity: GAMMA (4 cats, mean),  alpha: 0.897953 (ML),  weights&rates: (0.250000,0.116170) (0.250000,0.443774) (0.250000,0.980795) (0.250000,2.459261) 
   Base frequencies (ML): 0.184515 0.321801 0.287910 0.205774 
   Substitution rates (ML): 1.515281 4.563807 0.695995 1.459266 3.519022 1.000000 

Final LogLikelihood: -43553.398461

All ML trees saved to: /mnt/lustre/scratch/home/uvi/be/avs/cancer_genes_selection/genes/TERT/tree/TERT_trimmed.raxml.mlTrees
Best ML tree saved to: /mnt/lustre/scratch/home/uvi/be/avs/cancer_genes_selection/genes/TERT/tree/TERT_trimmed.raxml.bestTree
Best ML tree with bootstrap support values saved to: /mnt/lustre/scratch/home/uvi/be/avs/cancer_genes_selection/genes/TERT/tree/TERT_trimmed.raxml.support
Optimized model saved to: /mnt/lustre/scratch/home/uvi/be/avs/cancer_genes_selection/genes/TERT/tree/TERT_trimmed.raxml.bestModel
Bootstrap trees saved to: /mnt/lustre/scratch/home/uvi/be/avs/cancer_genes_selection/genes/TERT/tree/TERT_trimmed.raxml.bootstraps

Execution log saved to: /mnt/lustre/scratch/home/uvi/be/avs/cancer_genes_selection/genes/TERT/tree/TERT_trimmed.raxml.log

Analysis started: 27-Mar-2018 01:22:08 / finished: 27-Mar-2018 01:50:39

Elapsed time: 1711.958 seconds

