
RAxML-NG v. 0.5.1b BETA released on 01.12.2017 by The Exelixis Lab.
Authors: Alexey Kozlov, Alexandros Stamatakis, Diego Darriba, Tomas Flouri, Benoit Morel.
Latest version: https://github.com/amkozlov/raxml-ng
Questions/problems/suggestions? Please visit: https://groups.google.com/forum/#!forum/raxml

WARNING: This is a BETA release, please use at your own risk!

RAxML-NG was called as follows:

raxml-ng-mpi --all --msa /mnt/lustre/scratch/home/uvi/be/avs/cancer_genes_selection/genes/DDIT3/align/DDIT3_align_DNA_trimmed.fasta --model GTR+G -tree pars{10} --bs-trees 100 --prefix /mnt/lustre/scratch/home/uvi/be/avs/cancer_genes_selection/genes/DDIT3/tree/DDIT3 --redo

Analysis options:
  run mode: ML tree search + bootstrapping
  start tree(s): parsimony (10)
  random seed: 1521652992
  tip-inner: ON
  pattern compression: ON
  per-rate scalers: OFF
  site repeats: OFF
  branch lengths: ML estimate (linked)
  SIMD kernels: AVX2
  parallelization: NONE/sequential

WARNING: Running in REDO mode: existing checkpoints are ignored, and all result files will be overwritten!

[00:00:00] Reading alignment from file: /mnt/lustre/scratch/home/uvi/be/avs/cancer_genes_selection/genes/DDIT3/align/DDIT3_align_DNA_trimmed.fasta
[00:00:00] Loaded alignment with 29 taxa and 507 sites

Alignment comprises 1 partitions and 243 patterns

Partition 0: noname
Model: GTR+FO+G4m
Alignment sites / patterns: 507 / 243
Gaps: 0.24 %
Invariant sites: 50.49 %


[00:00:00] Generating parsimony starting tree(s) with 29 taxa
[00:00:01] Data distribution: partitions/thread: 1-1, patterns/thread: 243-243

Starting ML tree search with 10 distinct starting trees

[00:00:04] ML tree search #1, logLikelihood: -3522.000413
[00:00:07] ML tree search #2, logLikelihood: -3521.998099
[00:00:11] ML tree search #3, logLikelihood: -3522.001681
[00:00:15] ML tree search #4, logLikelihood: -3521.999191
[00:00:19] ML tree search #5, logLikelihood: -3522.000547
[00:00:22] ML tree search #6, logLikelihood: -3522.238303
[00:00:26] ML tree search #7, logLikelihood: -3522.238575
[00:00:30] ML tree search #8, logLikelihood: -3521.615523
[00:00:34] ML tree search #9, logLikelihood: -3522.238320
[00:00:38] ML tree search #10, logLikelihood: -3521.616459

[00:00:38] ML tree search completed, best tree logLH: -3521.615523

[00:00:38] Starting bootstrapping analysis with 100 replicates.

[00:00:42] Bootstrap tree #1, logLikelihood: -3500.568167
[00:00:46] Bootstrap tree #2, logLikelihood: -3486.527055
[00:00:51] Bootstrap tree #3, logLikelihood: -3366.034285
[00:00:55] Bootstrap tree #4, logLikelihood: -3324.881525
[00:01:00] Bootstrap tree #5, logLikelihood: -3334.331375
[00:01:07] Bootstrap tree #6, logLikelihood: -3730.851860
[00:01:11] Bootstrap tree #7, logLikelihood: -3590.212736
[00:01:16] Bootstrap tree #8, logLikelihood: -3754.740829
[00:01:21] Bootstrap tree #9, logLikelihood: -3511.712701
[00:01:25] Bootstrap tree #10, logLikelihood: -3587.767732
[00:01:30] Bootstrap tree #11, logLikelihood: -3558.229679
[00:01:35] Bootstrap tree #12, logLikelihood: -3379.772604
[00:01:42] Bootstrap tree #13, logLikelihood: -3784.080546
[00:01:46] Bootstrap tree #14, logLikelihood: -3381.437829
[00:01:51] Bootstrap tree #15, logLikelihood: -3525.669769
[00:01:56] Bootstrap tree #16, logLikelihood: -3437.148446
[00:02:00] Bootstrap tree #17, logLikelihood: -3413.712687
[00:02:06] Bootstrap tree #18, logLikelihood: -3405.850559
[00:02:11] Bootstrap tree #19, logLikelihood: -3339.565383
[00:02:15] Bootstrap tree #20, logLikelihood: -3282.403877
[00:02:21] Bootstrap tree #21, logLikelihood: -3557.255385
[00:02:26] Bootstrap tree #22, logLikelihood: -3418.854243
[00:02:31] Bootstrap tree #23, logLikelihood: -3077.024859
[00:02:35] Bootstrap tree #24, logLikelihood: -3440.737593
[00:02:41] Bootstrap tree #25, logLikelihood: -3874.975721
[00:02:46] Bootstrap tree #26, logLikelihood: -3625.009547
[00:02:51] Bootstrap tree #27, logLikelihood: -3231.042482
[00:02:57] Bootstrap tree #28, logLikelihood: -3497.009981
[00:03:03] Bootstrap tree #29, logLikelihood: -3393.409354
[00:03:07] Bootstrap tree #30, logLikelihood: -3445.618222
[00:03:12] Bootstrap tree #31, logLikelihood: -3529.433665
[00:03:17] Bootstrap tree #32, logLikelihood: -3312.678850
[00:03:21] Bootstrap tree #33, logLikelihood: -3395.348707
[00:03:26] Bootstrap tree #34, logLikelihood: -3474.441862
[00:03:31] Bootstrap tree #35, logLikelihood: -3657.262839
[00:03:35] Bootstrap tree #36, logLikelihood: -3659.100938
[00:03:40] Bootstrap tree #37, logLikelihood: -3637.798246
[00:03:45] Bootstrap tree #38, logLikelihood: -3209.676807
[00:03:51] Bootstrap tree #39, logLikelihood: -3656.613188
[00:03:58] Bootstrap tree #40, logLikelihood: -3502.679183
[00:04:03] Bootstrap tree #41, logLikelihood: -3549.316670
[00:04:08] Bootstrap tree #42, logLikelihood: -3265.603272
[00:04:13] Bootstrap tree #43, logLikelihood: -3572.248695
[00:04:17] Bootstrap tree #44, logLikelihood: -3473.682394
[00:04:23] Bootstrap tree #45, logLikelihood: -3487.754053
[00:04:30] Bootstrap tree #46, logLikelihood: -3408.195820
[00:04:35] Bootstrap tree #47, logLikelihood: -3448.823532
[00:04:40] Bootstrap tree #48, logLikelihood: -3416.682317
[00:04:45] Bootstrap tree #49, logLikelihood: -3423.920266
[00:04:50] Bootstrap tree #50, logLikelihood: -3656.580641
[00:04:55] Bootstrap tree #51, logLikelihood: -3416.073353
[00:05:00] Bootstrap tree #52, logLikelihood: -3447.144530
[00:05:05] Bootstrap tree #53, logLikelihood: -3664.782487
[00:05:10] Bootstrap tree #54, logLikelihood: -3440.492368
[00:05:15] Bootstrap tree #55, logLikelihood: -3323.247481
[00:05:20] Bootstrap tree #56, logLikelihood: -3447.154202
[00:05:26] Bootstrap tree #57, logLikelihood: -3473.512282
[00:05:31] Bootstrap tree #58, logLikelihood: -3533.933143
[00:05:37] Bootstrap tree #59, logLikelihood: -3548.699020
[00:05:42] Bootstrap tree #60, logLikelihood: -3645.389701
[00:05:47] Bootstrap tree #61, logLikelihood: -3381.215982
[00:05:53] Bootstrap tree #62, logLikelihood: -3654.848631
[00:05:58] Bootstrap tree #63, logLikelihood: -3397.929342
[00:06:04] Bootstrap tree #64, logLikelihood: -3546.735305
[00:06:08] Bootstrap tree #65, logLikelihood: -3293.695190
[00:06:13] Bootstrap tree #66, logLikelihood: -3195.122176
[00:06:18] Bootstrap tree #67, logLikelihood: -3529.296270
[00:06:26] Bootstrap tree #68, logLikelihood: -3514.433283
[00:06:32] Bootstrap tree #69, logLikelihood: -3408.552259
[00:06:38] Bootstrap tree #70, logLikelihood: -3505.211012
[00:06:44] Bootstrap tree #71, logLikelihood: -3500.378315
[00:06:50] Bootstrap tree #72, logLikelihood: -3481.641493
[00:06:56] Bootstrap tree #73, logLikelihood: -3462.049027
[00:07:02] Bootstrap tree #74, logLikelihood: -3528.308802
[00:07:09] Bootstrap tree #75, logLikelihood: -3736.831065
[00:07:14] Bootstrap tree #76, logLikelihood: -3379.395986
[00:07:21] Bootstrap tree #77, logLikelihood: -3524.236682
[00:07:26] Bootstrap tree #78, logLikelihood: -3731.131826
[00:07:32] Bootstrap tree #79, logLikelihood: -3547.051684
[00:07:38] Bootstrap tree #80, logLikelihood: -3272.801418
[00:07:43] Bootstrap tree #81, logLikelihood: -3520.235913
[00:07:50] Bootstrap tree #82, logLikelihood: -3381.482287
[00:07:56] Bootstrap tree #83, logLikelihood: -3352.260307
[00:08:03] Bootstrap tree #84, logLikelihood: -3491.262106
[00:08:08] Bootstrap tree #85, logLikelihood: -3572.434805
[00:08:13] Bootstrap tree #86, logLikelihood: -3452.491425
[00:08:19] Bootstrap tree #87, logLikelihood: -3539.143934
[00:08:25] Bootstrap tree #88, logLikelihood: -3299.028052
[00:08:31] Bootstrap tree #89, logLikelihood: -3532.516252
[00:08:38] Bootstrap tree #90, logLikelihood: -3509.337076
[00:08:43] Bootstrap tree #91, logLikelihood: -3374.246487
[00:08:49] Bootstrap tree #92, logLikelihood: -3078.205611
[00:08:55] Bootstrap tree #93, logLikelihood: -3246.956896
[00:09:04] Bootstrap tree #94, logLikelihood: -3404.025796
[00:09:10] Bootstrap tree #95, logLikelihood: -3621.112663
[00:09:15] Bootstrap tree #96, logLikelihood: -3376.224038
[00:09:20] Bootstrap tree #97, logLikelihood: -3357.682531
[00:09:26] Bootstrap tree #98, logLikelihood: -3653.775197
[00:09:32] Bootstrap tree #99, logLikelihood: -3190.017002
[00:09:38] Bootstrap tree #100, logLikelihood: -3268.200896

Optimized model parameters:

   Partition 0: noname
   Rate heterogeneity: GAMMA (4 cats, mean),  alpha: 0.522717 (ML),  weights&rates: (0.250000,0.037671) (0.250000,0.266487) (0.250000,0.836119) (0.250000,2.859723) 
   Base frequencies (ML): 0.271019 0.270027 0.304901 0.154053 
   Substitution rates (ML): 1.715980 5.941830 0.860870 0.665627 8.811855 1.000000 

Final LogLikelihood: -3521.615523

All ML trees saved to: /mnt/lustre/scratch/home/uvi/be/avs/cancer_genes_selection/genes/DDIT3/tree/DDIT3.raxml.mlTrees
Best ML tree saved to: /mnt/lustre/scratch/home/uvi/be/avs/cancer_genes_selection/genes/DDIT3/tree/DDIT3.raxml.bestTree
Best ML tree with bootstrap support values saved to: /mnt/lustre/scratch/home/uvi/be/avs/cancer_genes_selection/genes/DDIT3/tree/DDIT3.raxml.support
Optimized model saved to: /mnt/lustre/scratch/home/uvi/be/avs/cancer_genes_selection/genes/DDIT3/tree/DDIT3.raxml.bestModel
Bootstrap trees saved to: /mnt/lustre/scratch/home/uvi/be/avs/cancer_genes_selection/genes/DDIT3/tree/DDIT3.raxml.bootstraps

Execution log saved to: /mnt/lustre/scratch/home/uvi/be/avs/cancer_genes_selection/genes/DDIT3/tree/DDIT3.raxml.log

Analysis started: 21-Mar-2018 18:23:12 / finished: 21-Mar-2018 18:32:53

Elapsed time: 581.483 seconds

