
RAxML-NG v. 0.5.1b BETA released on 01.12.2017 by The Exelixis Lab.
Authors: Alexey Kozlov, Alexandros Stamatakis, Diego Darriba, Tomas Flouri, Benoit Morel.
Latest version: https://github.com/amkozlov/raxml-ng
Questions/problems/suggestions? Please visit: https://groups.google.com/forum/#!forum/raxml

WARNING: This is a BETA release, please use at your own risk!

RAxML-NG was called as follows:

raxml-ng-mpi --all --msa /mnt/lustre/scratch/home/uvi/be/avs/cancer_genes_selection/genes/DDIT3/align/DDIT3_align_DNA_trimmed2.fasta --model GTR+G -tree pars{10} --bs-trees 100 --prefix /mnt/lustre/scratch/home/uvi/be/avs/cancer_genes_selection/genes/DDIT3/tree/DDIT3_trimmed --redo

Analysis options:
  run mode: ML tree search + bootstrapping
  start tree(s): parsimony (10)
  random seed: 1522089921
  tip-inner: ON
  pattern compression: ON
  per-rate scalers: OFF
  site repeats: OFF
  branch lengths: ML estimate (linked)
  SIMD kernels: AVX2
  parallelization: NONE/sequential

WARNING: Running in REDO mode: existing checkpoints are ignored, and all result files will be overwritten!

[00:00:00] Reading alignment from file: /mnt/lustre/scratch/home/uvi/be/avs/cancer_genes_selection/genes/DDIT3/align/DDIT3_align_DNA_trimmed2.fasta
[00:00:00] Loaded alignment with 29 taxa and 507 sites

Alignment comprises 1 partitions and 243 patterns

Partition 0: noname
Model: GTR+FO+G4m
Alignment sites / patterns: 507 / 243
Gaps: 0.24 %
Invariant sites: 50.49 %


[00:00:01] Generating parsimony starting tree(s) with 29 taxa
[00:00:01] Data distribution: partitions/thread: 1-1, patterns/thread: 243-243

Starting ML tree search with 10 distinct starting trees

[00:00:08] ML tree search #1, logLikelihood: -3521.615335
[00:00:13] ML tree search #2, logLikelihood: -3521.999976
[00:00:20] ML tree search #3, logLikelihood: -3521.998920
[00:00:25] ML tree search #4, logLikelihood: -3521.616236
[00:00:31] ML tree search #5, logLikelihood: -3521.999677
[00:00:35] ML tree search #6, logLikelihood: -3521.999557
[00:00:42] ML tree search #7, logLikelihood: -3522.238062
[00:00:47] ML tree search #8, logLikelihood: -3521.999371
[00:00:53] ML tree search #9, logLikelihood: -3522.237851
[00:00:58] ML tree search #10, logLikelihood: -3522.239549

[00:00:59] ML tree search completed, best tree logLH: -3521.615335

[00:00:59] Starting bootstrapping analysis with 100 replicates.

[00:01:06] Bootstrap tree #1, logLikelihood: -3307.676777
[00:01:12] Bootstrap tree #2, logLikelihood: -3379.034639
[00:01:19] Bootstrap tree #3, logLikelihood: -3461.655555
[00:01:25] Bootstrap tree #4, logLikelihood: -3523.908154
[00:01:33] Bootstrap tree #5, logLikelihood: -3305.696985
[00:01:40] Bootstrap tree #6, logLikelihood: -3575.457433
[00:01:46] Bootstrap tree #7, logLikelihood: -3704.209216
[00:01:52] Bootstrap tree #8, logLikelihood: -3686.400306
[00:01:57] Bootstrap tree #9, logLikelihood: -3352.246509
[00:02:04] Bootstrap tree #10, logLikelihood: -3586.703241
[00:02:12] Bootstrap tree #11, logLikelihood: -3328.758996
[00:02:20] Bootstrap tree #12, logLikelihood: -3412.534979
[00:02:26] Bootstrap tree #13, logLikelihood: -3415.408647
[00:02:33] Bootstrap tree #14, logLikelihood: -3336.413932
[00:02:40] Bootstrap tree #15, logLikelihood: -3680.474008
[00:02:47] Bootstrap tree #16, logLikelihood: -3565.593830
[00:02:54] Bootstrap tree #17, logLikelihood: -3368.556944
[00:03:01] Bootstrap tree #18, logLikelihood: -3426.595920
[00:03:08] Bootstrap tree #19, logLikelihood: -3212.112012
[00:03:14] Bootstrap tree #20, logLikelihood: -3590.701736
[00:03:21] Bootstrap tree #21, logLikelihood: -3388.920535
[00:03:28] Bootstrap tree #22, logLikelihood: -3282.769151
[00:03:35] Bootstrap tree #23, logLikelihood: -3606.422738
[00:03:42] Bootstrap tree #24, logLikelihood: -3273.168679
[00:03:49] Bootstrap tree #25, logLikelihood: -3328.532371
[00:03:56] Bootstrap tree #26, logLikelihood: -3734.262186
[00:04:04] Bootstrap tree #27, logLikelihood: -3654.260402
[00:04:11] Bootstrap tree #28, logLikelihood: -3754.630692
[00:04:19] Bootstrap tree #29, logLikelihood: -3423.284423
[00:04:26] Bootstrap tree #30, logLikelihood: -3535.480261
[00:04:33] Bootstrap tree #31, logLikelihood: -3540.247111
[00:04:41] Bootstrap tree #32, logLikelihood: -3925.365731
[00:04:48] Bootstrap tree #33, logLikelihood: -3642.507007
[00:04:55] Bootstrap tree #34, logLikelihood: -3602.823131
[00:05:03] Bootstrap tree #35, logLikelihood: -3287.898331
[00:05:09] Bootstrap tree #36, logLikelihood: -3358.383571
[00:05:15] Bootstrap tree #37, logLikelihood: -3757.270542
[00:05:22] Bootstrap tree #38, logLikelihood: -3538.505597
[00:05:29] Bootstrap tree #39, logLikelihood: -3534.473576
[00:05:36] Bootstrap tree #40, logLikelihood: -3629.147513
[00:05:44] Bootstrap tree #41, logLikelihood: -3515.926256
[00:05:52] Bootstrap tree #42, logLikelihood: -3432.160986
[00:06:00] Bootstrap tree #43, logLikelihood: -3605.176211
[00:06:08] Bootstrap tree #44, logLikelihood: -3526.860824
[00:06:15] Bootstrap tree #45, logLikelihood: -3436.624865
[00:06:24] Bootstrap tree #46, logLikelihood: -3514.627800
[00:06:31] Bootstrap tree #47, logLikelihood: -3250.807806
[00:06:38] Bootstrap tree #48, logLikelihood: -3631.339795
[00:06:45] Bootstrap tree #49, logLikelihood: -3942.793926
[00:06:51] Bootstrap tree #50, logLikelihood: -3257.767378
[00:06:58] Bootstrap tree #51, logLikelihood: -3254.164849
[00:07:06] Bootstrap tree #52, logLikelihood: -3576.349118
[00:07:13] Bootstrap tree #53, logLikelihood: -3460.512005
[00:07:23] Bootstrap tree #54, logLikelihood: -3527.360496
[00:07:30] Bootstrap tree #55, logLikelihood: -3707.743234
[00:07:37] Bootstrap tree #56, logLikelihood: -3385.814755
[00:07:45] Bootstrap tree #57, logLikelihood: -3379.617212
[00:07:54] Bootstrap tree #58, logLikelihood: -3441.692563
[00:08:01] Bootstrap tree #59, logLikelihood: -3259.225599
[00:08:08] Bootstrap tree #60, logLikelihood: -3439.740153
[00:08:17] Bootstrap tree #61, logLikelihood: -3423.725829
[00:08:27] Bootstrap tree #62, logLikelihood: -3645.640549
[00:08:35] Bootstrap tree #63, logLikelihood: -3346.354546
[00:08:42] Bootstrap tree #64, logLikelihood: -3440.999069
[00:08:50] Bootstrap tree #65, logLikelihood: -3467.591277
[00:08:59] Bootstrap tree #66, logLikelihood: -3405.081642
[00:09:08] Bootstrap tree #67, logLikelihood: -3409.492826
[00:09:15] Bootstrap tree #68, logLikelihood: -3358.634808
[00:09:23] Bootstrap tree #69, logLikelihood: -3317.289380
[00:09:31] Bootstrap tree #70, logLikelihood: -3458.270639
[00:09:38] Bootstrap tree #71, logLikelihood: -3444.629333
[00:09:45] Bootstrap tree #72, logLikelihood: -3574.338317
[00:09:53] Bootstrap tree #73, logLikelihood: -3655.127216
[00:10:01] Bootstrap tree #74, logLikelihood: -3538.565984
[00:10:09] Bootstrap tree #75, logLikelihood: -3535.847231
[00:10:17] Bootstrap tree #76, logLikelihood: -3396.855435
[00:10:24] Bootstrap tree #77, logLikelihood: -3446.506115
[00:10:33] Bootstrap tree #78, logLikelihood: -3312.625665
[00:10:41] Bootstrap tree #79, logLikelihood: -3606.980184
[00:10:49] Bootstrap tree #80, logLikelihood: -3197.409445
[00:10:57] Bootstrap tree #81, logLikelihood: -3644.591001
[00:11:06] Bootstrap tree #82, logLikelihood: -3262.527462
[00:11:16] Bootstrap tree #83, logLikelihood: -3353.735989
[00:11:26] Bootstrap tree #84, logLikelihood: -3458.939725
[00:11:34] Bootstrap tree #85, logLikelihood: -3266.295462
[00:11:43] Bootstrap tree #86, logLikelihood: -3561.006380
[00:11:52] Bootstrap tree #87, logLikelihood: -3480.755938
[00:12:00] Bootstrap tree #88, logLikelihood: -3491.637312
[00:12:08] Bootstrap tree #89, logLikelihood: -3393.579233
[00:12:17] Bootstrap tree #90, logLikelihood: -3544.277904
[00:12:23] Bootstrap tree #91, logLikelihood: -3384.627401
[00:12:31] Bootstrap tree #92, logLikelihood: -3205.385826
[00:12:40] Bootstrap tree #93, logLikelihood: -3262.569943
[00:12:49] Bootstrap tree #94, logLikelihood: -3672.090630
[00:12:57] Bootstrap tree #95, logLikelihood: -3434.285881
[00:13:06] Bootstrap tree #96, logLikelihood: -3293.247343
[00:13:14] Bootstrap tree #97, logLikelihood: -3566.430004
[00:13:23] Bootstrap tree #98, logLikelihood: -3243.156677
[00:13:33] Bootstrap tree #99, logLikelihood: -3658.268980
[00:13:42] Bootstrap tree #100, logLikelihood: -3630.261584

Optimized model parameters:

   Partition 0: noname
   Rate heterogeneity: GAMMA (4 cats, mean),  alpha: 0.542548 (ML),  weights&rates: (0.250000,0.041520) (0.250000,0.278788) (0.250000,0.848919) (0.250000,2.830774) 
   Base frequencies (ML): 0.295134 0.268546 0.267782 0.168539 
   Substitution rates (ML): 0.928075 3.225715 0.497952 0.460319 4.440612 1.000000 

Final LogLikelihood: -3521.615335

All ML trees saved to: /mnt/lustre/scratch/home/uvi/be/avs/cancer_genes_selection/genes/DDIT3/tree/DDIT3_trimmed.raxml.mlTrees
Best ML tree saved to: /mnt/lustre/scratch/home/uvi/be/avs/cancer_genes_selection/genes/DDIT3/tree/DDIT3_trimmed.raxml.bestTree
Best ML tree with bootstrap support values saved to: /mnt/lustre/scratch/home/uvi/be/avs/cancer_genes_selection/genes/DDIT3/tree/DDIT3_trimmed.raxml.support
Optimized model saved to: /mnt/lustre/scratch/home/uvi/be/avs/cancer_genes_selection/genes/DDIT3/tree/DDIT3_trimmed.raxml.bestModel
Bootstrap trees saved to: /mnt/lustre/scratch/home/uvi/be/avs/cancer_genes_selection/genes/DDIT3/tree/DDIT3_trimmed.raxml.bootstraps

Execution log saved to: /mnt/lustre/scratch/home/uvi/be/avs/cancer_genes_selection/genes/DDIT3/tree/DDIT3_trimmed.raxml.log

Analysis started: 26-Mar-2018 20:45:21 / finished: 26-Mar-2018 20:59:08

Elapsed time: 826.780 seconds

