
RAxML-NG v. 0.5.1b BETA released on 01.12.2017 by The Exelixis Lab.
Authors: Alexey Kozlov, Alexandros Stamatakis, Diego Darriba, Tomas Flouri, Benoit Morel.
Latest version: https://github.com/amkozlov/raxml-ng
Questions/problems/suggestions? Please visit: https://groups.google.com/forum/#!forum/raxml

WARNING: This is a BETA release, please use at your own risk!

RAxML-NG was called as follows:

raxml-ng-mpi --all --msa /mnt/lustre/scratch/home/uvi/be/avs/cancer_genes_selection/genes/SDHB/align/SDHB_align_DNA_trimmed2.fasta --model GTR+G -tree pars{10} --bs-trees 100 --prefix /mnt/lustre/scratch/home/uvi/be/avs/cancer_genes_selection/genes/SDHB/tree/SDHB_trimmed --redo

Analysis options:
  run mode: ML tree search + bootstrapping
  start tree(s): parsimony (10)
  random seed: 1522104206
  tip-inner: ON
  pattern compression: ON
  per-rate scalers: OFF
  site repeats: OFF
  branch lengths: ML estimate (linked)
  SIMD kernels: AVX2
  parallelization: NONE/sequential

WARNING: Running in REDO mode: existing checkpoints are ignored, and all result files will be overwritten!

[00:00:00] Reading alignment from file: /mnt/lustre/scratch/home/uvi/be/avs/cancer_genes_selection/genes/SDHB/align/SDHB_align_DNA_trimmed2.fasta
[00:00:01] Loaded alignment with 27 taxa and 843 sites

Alignment comprises 1 partitions and 400 patterns

Partition 0: noname
Model: GTR+FO+G4m
Alignment sites / patterns: 843 / 400
Gaps: 1.58 %
Invariant sites: 49.47 %


[00:00:01] Generating parsimony starting tree(s) with 27 taxa
[00:00:01] Data distribution: partitions/thread: 1-1, patterns/thread: 400-400

Starting ML tree search with 10 distinct starting trees

[00:00:11] ML tree search #1, logLikelihood: -6377.727489
[00:00:24] ML tree search #2, logLikelihood: -6377.724614
[00:00:38] ML tree search #3, logLikelihood: -6377.724486
[00:00:48] ML tree search #4, logLikelihood: -6377.724224
[00:01:01] ML tree search #5, logLikelihood: -6377.724795
[00:01:09] ML tree search #6, logLikelihood: -6379.124855
[00:01:21] ML tree search #7, logLikelihood: -6377.724708
[00:01:35] ML tree search #8, logLikelihood: -6377.725537
[00:01:43] ML tree search #9, logLikelihood: -6380.332812
[00:01:50] ML tree search #10, logLikelihood: -6383.934682

[00:01:50] ML tree search completed, best tree logLH: -6377.724224

[00:01:50] Starting bootstrapping analysis with 100 replicates.

[00:01:59] Bootstrap tree #1, logLikelihood: -6401.112687
[00:02:07] Bootstrap tree #2, logLikelihood: -6195.010716
[00:02:17] Bootstrap tree #3, logLikelihood: -6145.537724
[00:02:28] Bootstrap tree #4, logLikelihood: -6499.307341
[00:02:37] Bootstrap tree #5, logLikelihood: -5979.401011
[00:02:45] Bootstrap tree #6, logLikelihood: -6048.647742
[00:02:54] Bootstrap tree #7, logLikelihood: -6254.487437
[00:03:06] Bootstrap tree #8, logLikelihood: -6304.329136
[00:03:17] Bootstrap tree #9, logLikelihood: -6169.939371
[00:03:33] Bootstrap tree #10, logLikelihood: -6544.621940
[00:03:41] Bootstrap tree #11, logLikelihood: -6612.340583
[00:03:52] Bootstrap tree #12, logLikelihood: -6076.985554
[00:04:01] Bootstrap tree #13, logLikelihood: -6434.769113
[00:04:11] Bootstrap tree #14, logLikelihood: -6236.221470
[00:04:21] Bootstrap tree #15, logLikelihood: -6237.834403
[00:04:31] Bootstrap tree #16, logLikelihood: -6769.793134
[00:04:41] Bootstrap tree #17, logLikelihood: -6572.617403
[00:04:50] Bootstrap tree #18, logLikelihood: -6323.424208
[00:04:58] Bootstrap tree #19, logLikelihood: -6219.076351
[00:05:07] Bootstrap tree #20, logLikelihood: -6090.514851
[00:05:19] Bootstrap tree #21, logLikelihood: -6536.264734
[00:05:31] Bootstrap tree #22, logLikelihood: -6283.465836
[00:05:40] Bootstrap tree #23, logLikelihood: -6525.064782
[00:05:49] Bootstrap tree #24, logLikelihood: -6413.731912
[00:05:57] Bootstrap tree #25, logLikelihood: -6451.181940
[00:06:07] Bootstrap tree #26, logLikelihood: -6305.339065
[00:06:16] Bootstrap tree #27, logLikelihood: -6371.060136
[00:06:25] Bootstrap tree #28, logLikelihood: -6496.229462
[00:06:34] Bootstrap tree #29, logLikelihood: -6519.961414
[00:06:43] Bootstrap tree #30, logLikelihood: -6307.138293
[00:06:53] Bootstrap tree #31, logLikelihood: -6366.382151
[00:07:02] Bootstrap tree #32, logLikelihood: -6332.447240
[00:07:11] Bootstrap tree #33, logLikelihood: -6237.475061
[00:07:21] Bootstrap tree #34, logLikelihood: -6361.365444
[00:07:30] Bootstrap tree #35, logLikelihood: -6271.552265
[00:07:39] Bootstrap tree #36, logLikelihood: -6212.160586
[00:07:50] Bootstrap tree #37, logLikelihood: -6333.090853
[00:07:58] Bootstrap tree #38, logLikelihood: -6580.222243
[00:08:12] Bootstrap tree #39, logLikelihood: -6331.422745
[00:08:21] Bootstrap tree #40, logLikelihood: -6293.035669
[00:08:31] Bootstrap tree #41, logLikelihood: -6007.188879
[00:08:41] Bootstrap tree #42, logLikelihood: -6076.030013
[00:08:55] Bootstrap tree #43, logLikelihood: -6385.391461
[00:09:05] Bootstrap tree #44, logLikelihood: -5996.330712
[00:09:15] Bootstrap tree #45, logLikelihood: -6230.470824
[00:09:25] Bootstrap tree #46, logLikelihood: -6041.011978
[00:09:35] Bootstrap tree #47, logLikelihood: -6436.483087
[00:09:47] Bootstrap tree #48, logLikelihood: -6328.702597
[00:09:56] Bootstrap tree #49, logLikelihood: -5950.190175
[00:10:05] Bootstrap tree #50, logLikelihood: -6622.313400
[00:10:15] Bootstrap tree #51, logLikelihood: -6443.247969
[00:10:25] Bootstrap tree #52, logLikelihood: -6200.160803
[00:10:35] Bootstrap tree #53, logLikelihood: -6386.072560
[00:10:46] Bootstrap tree #54, logLikelihood: -5938.779776
[00:10:56] Bootstrap tree #55, logLikelihood: -6557.200292
[00:11:06] Bootstrap tree #56, logLikelihood: -6108.570275
[00:11:17] Bootstrap tree #57, logLikelihood: -6320.996422
[00:11:26] Bootstrap tree #58, logLikelihood: -6136.326131
[00:11:35] Bootstrap tree #59, logLikelihood: -6504.164677
[00:11:46] Bootstrap tree #60, logLikelihood: -6440.234000
[00:11:58] Bootstrap tree #61, logLikelihood: -6034.945985
[00:12:08] Bootstrap tree #62, logLikelihood: -6727.332476
[00:12:18] Bootstrap tree #63, logLikelihood: -6523.695293
[00:12:31] Bootstrap tree #64, logLikelihood: -6494.407501
[00:12:44] Bootstrap tree #65, logLikelihood: -6480.015883
[00:12:54] Bootstrap tree #66, logLikelihood: -6570.337000
[00:13:05] Bootstrap tree #67, logLikelihood: -6165.974600
[00:13:15] Bootstrap tree #68, logLikelihood: -6234.938785
[00:13:27] Bootstrap tree #69, logLikelihood: -6052.563236
[00:13:38] Bootstrap tree #70, logLikelihood: -6405.057722
[00:13:54] Bootstrap tree #71, logLikelihood: -6461.518504
[00:14:04] Bootstrap tree #72, logLikelihood: -6362.983753
[00:14:14] Bootstrap tree #73, logLikelihood: -6569.205859
[00:14:23] Bootstrap tree #74, logLikelihood: -5892.943190
[00:14:34] Bootstrap tree #75, logLikelihood: -6266.336902
[00:14:44] Bootstrap tree #76, logLikelihood: -6323.112910
[00:14:54] Bootstrap tree #77, logLikelihood: -6525.640577
[00:15:04] Bootstrap tree #78, logLikelihood: -6332.162380
[00:15:15] Bootstrap tree #79, logLikelihood: -6188.047482
[00:15:24] Bootstrap tree #80, logLikelihood: -6274.758956
[00:15:35] Bootstrap tree #81, logLikelihood: -6457.791200
[00:15:46] Bootstrap tree #82, logLikelihood: -6343.214758
[00:15:57] Bootstrap tree #83, logLikelihood: -6175.769743
[00:16:07] Bootstrap tree #84, logLikelihood: -6486.635750
[00:16:16] Bootstrap tree #85, logLikelihood: -5746.393775
[00:16:27] Bootstrap tree #86, logLikelihood: -6436.652104
[00:16:37] Bootstrap tree #87, logLikelihood: -6357.296942
[00:16:48] Bootstrap tree #88, logLikelihood: -6273.332699
[00:16:58] Bootstrap tree #89, logLikelihood: -6356.064397
[00:17:09] Bootstrap tree #90, logLikelihood: -6495.913905
[00:17:20] Bootstrap tree #91, logLikelihood: -6460.452195
[00:17:31] Bootstrap tree #92, logLikelihood: -6043.751965
[00:17:41] Bootstrap tree #93, logLikelihood: -6076.187339
[00:17:51] Bootstrap tree #94, logLikelihood: -6255.061324
[00:18:02] Bootstrap tree #95, logLikelihood: -6572.155963
[00:18:12] Bootstrap tree #96, logLikelihood: -6150.421644
[00:18:26] Bootstrap tree #97, logLikelihood: -6429.470520
[00:18:37] Bootstrap tree #98, logLikelihood: -6045.589301
[00:18:49] Bootstrap tree #99, logLikelihood: -6442.605433
[00:19:01] Bootstrap tree #100, logLikelihood: -6229.594852

Optimized model parameters:

   Partition 0: noname
   Rate heterogeneity: GAMMA (4 cats, mean),  alpha: 0.337150 (ML),  weights&rates: (0.250000,0.008787) (0.250000,0.133536) (0.250000,0.653228) (0.250000,3.204449) 
   Base frequencies (ML): 0.238564 0.285836 0.262550 0.213051 
   Substitution rates (ML): 0.969904 4.713752 0.657124 1.059772 5.337827 1.000000 

Final LogLikelihood: -6377.724224

All ML trees saved to: /mnt/lustre/scratch/home/uvi/be/avs/cancer_genes_selection/genes/SDHB/tree/SDHB_trimmed.raxml.mlTrees
Best ML tree saved to: /mnt/lustre/scratch/home/uvi/be/avs/cancer_genes_selection/genes/SDHB/tree/SDHB_trimmed.raxml.bestTree
Best ML tree with bootstrap support values saved to: /mnt/lustre/scratch/home/uvi/be/avs/cancer_genes_selection/genes/SDHB/tree/SDHB_trimmed.raxml.support
Optimized model saved to: /mnt/lustre/scratch/home/uvi/be/avs/cancer_genes_selection/genes/SDHB/tree/SDHB_trimmed.raxml.bestModel
Bootstrap trees saved to: /mnt/lustre/scratch/home/uvi/be/avs/cancer_genes_selection/genes/SDHB/tree/SDHB_trimmed.raxml.bootstraps

Execution log saved to: /mnt/lustre/scratch/home/uvi/be/avs/cancer_genes_selection/genes/SDHB/tree/SDHB_trimmed.raxml.log

Analysis started: 27-Mar-2018 00:43:26 / finished: 27-Mar-2018 01:02:30

Elapsed time: 1144.752 seconds

