
RAxML-NG v. 0.5.1b BETA released on 01.12.2017 by The Exelixis Lab.
Authors: Alexey Kozlov, Alexandros Stamatakis, Diego Darriba, Tomas Flouri, Benoit Morel.
Latest version: https://github.com/amkozlov/raxml-ng
Questions/problems/suggestions? Please visit: https://groups.google.com/forum/#!forum/raxml

WARNING: This is a BETA release, please use at your own risk!

RAxML-NG was called as follows:

raxml-ng-mpi --all --msa /mnt/lustre/scratch/home/uvi/be/avs/cancer_genes_selection/genes/RHOA/align/RHOA_align_DNA_trimmed.fasta --model GTR+G -tree pars{10} --bs-trees 100 --prefix /mnt/lustre/scratch/home/uvi/be/avs/cancer_genes_selection/genes/RHOA/tree/RHOA --redo

Analysis options:
  run mode: ML tree search + bootstrapping
  start tree(s): parsimony (10)
  random seed: 1521668408
  tip-inner: ON
  pattern compression: ON
  per-rate scalers: OFF
  site repeats: OFF
  branch lengths: ML estimate (linked)
  SIMD kernels: AVX2
  parallelization: NONE/sequential

WARNING: Running in REDO mode: existing checkpoints are ignored, and all result files will be overwritten!

[00:00:00] Reading alignment from file: /mnt/lustre/scratch/home/uvi/be/avs/cancer_genes_selection/genes/RHOA/align/RHOA_align_DNA_trimmed.fasta
[00:00:00] Loaded alignment with 31 taxa and 582 sites

WARNING: Duplicate sequences found: 1
WARNING: Sequences ENSG00000067560 and ENSPTRG00000014922 are exactly identical!

Alignment comprises 1 partitions and 288 patterns

Partition 0: noname
Model: GTR+FO+G4m
Alignment sites / patterns: 582 / 288
Gaps: 3.19 %
Invariant sites: 42.10 %


[00:00:01] Generating parsimony starting tree(s) with 31 taxa
[00:00:01] Data distribution: partitions/thread: 1-1, patterns/thread: 288-288

Starting ML tree search with 10 distinct starting trees

[00:00:08] ML tree search #1, logLikelihood: -4279.547064
[00:00:12] ML tree search #2, logLikelihood: -4279.545385
[00:00:17] ML tree search #3, logLikelihood: -4279.545131
[00:00:23] ML tree search #4, logLikelihood: -4279.544823
[00:00:28] ML tree search #5, logLikelihood: -4279.545037
[00:00:32] ML tree search #6, logLikelihood: -4279.545311
[00:00:39] ML tree search #7, logLikelihood: -4279.546780
[00:00:44] ML tree search #8, logLikelihood: -4279.545202
[00:00:48] ML tree search #9, logLikelihood: -4279.545889
[00:00:53] ML tree search #10, logLikelihood: -4279.545458

[00:00:53] ML tree search completed, best tree logLH: -4279.544823

[00:00:53] Starting bootstrapping analysis with 100 replicates.

[00:00:58] Bootstrap tree #1, logLikelihood: -4461.421400
[00:01:04] Bootstrap tree #2, logLikelihood: -4258.919680
[00:01:10] Bootstrap tree #3, logLikelihood: -4231.773893
[00:01:14] Bootstrap tree #4, logLikelihood: -4119.026331
[00:01:19] Bootstrap tree #5, logLikelihood: -4047.905769
[00:01:24] Bootstrap tree #6, logLikelihood: -4156.613083
[00:01:32] Bootstrap tree #7, logLikelihood: -4445.546805
[00:01:37] Bootstrap tree #8, logLikelihood: -4059.814748
[00:01:42] Bootstrap tree #9, logLikelihood: -3906.310253
[00:01:47] Bootstrap tree #10, logLikelihood: -3955.800585
[00:01:53] Bootstrap tree #11, logLikelihood: -4130.715537
[00:01:57] Bootstrap tree #12, logLikelihood: -4215.032961
[00:02:02] Bootstrap tree #13, logLikelihood: -4126.895579
[00:02:09] Bootstrap tree #14, logLikelihood: -4059.774077
[00:02:14] Bootstrap tree #15, logLikelihood: -4096.553503
[00:02:19] Bootstrap tree #16, logLikelihood: -4243.347842
[00:02:26] Bootstrap tree #17, logLikelihood: -4215.445370
[00:02:31] Bootstrap tree #18, logLikelihood: -4317.287050
[00:02:36] Bootstrap tree #19, logLikelihood: -4093.211798
[00:02:43] Bootstrap tree #20, logLikelihood: -4515.509747
[00:02:49] Bootstrap tree #21, logLikelihood: -4224.202851
[00:02:56] Bootstrap tree #22, logLikelihood: -4293.673662
[00:03:02] Bootstrap tree #23, logLikelihood: -4572.778542
[00:03:08] Bootstrap tree #24, logLikelihood: -3881.926400
[00:03:13] Bootstrap tree #25, logLikelihood: -4295.116003
[00:03:21] Bootstrap tree #26, logLikelihood: -4047.727207
[00:03:26] Bootstrap tree #27, logLikelihood: -4482.252401
[00:03:34] Bootstrap tree #28, logLikelihood: -4228.000762
[00:03:39] Bootstrap tree #29, logLikelihood: -4154.933856
[00:03:46] Bootstrap tree #30, logLikelihood: -4365.216662
[00:03:51] Bootstrap tree #31, logLikelihood: -4429.456990
[00:03:58] Bootstrap tree #32, logLikelihood: -4221.463496
[00:04:05] Bootstrap tree #33, logLikelihood: -4001.549453
[00:04:10] Bootstrap tree #34, logLikelihood: -4661.930176
[00:04:17] Bootstrap tree #35, logLikelihood: -4131.610210
[00:04:24] Bootstrap tree #36, logLikelihood: -4413.813589
[00:04:30] Bootstrap tree #37, logLikelihood: -4324.459254
[00:04:36] Bootstrap tree #38, logLikelihood: -4063.641587
[00:04:42] Bootstrap tree #39, logLikelihood: -4272.647549
[00:04:47] Bootstrap tree #40, logLikelihood: -4322.373193
[00:04:53] Bootstrap tree #41, logLikelihood: -4002.859511
[00:04:59] Bootstrap tree #42, logLikelihood: -4268.154127
[00:05:05] Bootstrap tree #43, logLikelihood: -4086.066288
[00:05:11] Bootstrap tree #44, logLikelihood: -4217.711424
[00:05:16] Bootstrap tree #45, logLikelihood: -4228.167854
[00:05:22] Bootstrap tree #46, logLikelihood: -4096.824892
[00:05:28] Bootstrap tree #47, logLikelihood: -4038.224968
[00:05:34] Bootstrap tree #48, logLikelihood: -4349.422203
[00:05:42] Bootstrap tree #49, logLikelihood: -4226.859431
[00:05:47] Bootstrap tree #50, logLikelihood: -4234.242672
[00:06:07] Bootstrap tree #51, logLikelihood: -4320.282300
[00:06:41] Bootstrap tree #52, logLikelihood: -4128.159705
[00:06:48] Bootstrap tree #53, logLikelihood: -4448.355738
[00:06:55] Bootstrap tree #54, logLikelihood: -4161.338250
[00:07:01] Bootstrap tree #55, logLikelihood: -4286.167385
[00:07:09] Bootstrap tree #56, logLikelihood: -4013.656955
[00:07:17] Bootstrap tree #57, logLikelihood: -4283.294392
[00:07:25] Bootstrap tree #58, logLikelihood: -4189.346215
[00:07:31] Bootstrap tree #59, logLikelihood: -3967.937611
[00:07:38] Bootstrap tree #60, logLikelihood: -4213.859589
[00:07:43] Bootstrap tree #61, logLikelihood: -4221.636374
[00:07:49] Bootstrap tree #62, logLikelihood: -4167.393379
[00:07:56] Bootstrap tree #63, logLikelihood: -3947.862361
[00:08:02] Bootstrap tree #64, logLikelihood: -4097.845243
[00:08:08] Bootstrap tree #65, logLikelihood: -4471.470256
[00:08:15] Bootstrap tree #66, logLikelihood: -4207.852934
[00:08:21] Bootstrap tree #67, logLikelihood: -3857.935944
[00:08:27] Bootstrap tree #68, logLikelihood: -4327.745832
[00:08:36] Bootstrap tree #69, logLikelihood: -4291.292744
[00:08:41] Bootstrap tree #70, logLikelihood: -4003.193018
[00:08:48] Bootstrap tree #71, logLikelihood: -4096.432065
[00:08:54] Bootstrap tree #72, logLikelihood: -4052.106192
[00:09:00] Bootstrap tree #73, logLikelihood: -4241.612627
[00:09:11] Bootstrap tree #74, logLikelihood: -4480.195132
[00:09:20] Bootstrap tree #75, logLikelihood: -4215.627366
[00:09:28] Bootstrap tree #76, logLikelihood: -4101.197840
[00:09:35] Bootstrap tree #77, logLikelihood: -4283.361229
[00:09:41] Bootstrap tree #78, logLikelihood: -4451.879973
[00:09:48] Bootstrap tree #79, logLikelihood: -4362.195985
[00:09:55] Bootstrap tree #80, logLikelihood: -4445.462523
[00:10:01] Bootstrap tree #81, logLikelihood: -4103.105894
[00:10:09] Bootstrap tree #82, logLikelihood: -4291.867413
[00:10:17] Bootstrap tree #83, logLikelihood: -4147.268801
[00:10:24] Bootstrap tree #84, logLikelihood: -4198.170186
[00:10:32] Bootstrap tree #85, logLikelihood: -4230.715634
[00:10:38] Bootstrap tree #86, logLikelihood: -4164.888800
[00:10:47] Bootstrap tree #87, logLikelihood: -4185.322821
[00:10:53] Bootstrap tree #88, logLikelihood: -3934.697047
[00:10:59] Bootstrap tree #89, logLikelihood: -4256.536021
[00:11:05] Bootstrap tree #90, logLikelihood: -4209.559946
[00:11:13] Bootstrap tree #91, logLikelihood: -4430.824255
[00:11:19] Bootstrap tree #92, logLikelihood: -3994.558108
[00:11:26] Bootstrap tree #93, logLikelihood: -4159.058881
[00:11:34] Bootstrap tree #94, logLikelihood: -4243.817335
[00:11:42] Bootstrap tree #95, logLikelihood: -4402.127024
[00:11:49] Bootstrap tree #96, logLikelihood: -4265.568972
[00:11:56] Bootstrap tree #97, logLikelihood: -4059.990025
[00:12:03] Bootstrap tree #98, logLikelihood: -4193.104879
[00:12:10] Bootstrap tree #99, logLikelihood: -4081.065076
[00:12:16] Bootstrap tree #100, logLikelihood: -4110.624892

Optimized model parameters:

   Partition 0: noname
   Rate heterogeneity: GAMMA (4 cats, mean),  alpha: 0.586093 (ML),  weights&rates: (0.250000,0.050253) (0.250000,0.304453) (0.250000,0.874055) (0.250000,2.771240) 
   Base frequencies (ML): 0.250787 0.225939 0.314327 0.208947 
   Substitution rates (ML): 2.378581 5.719722 1.158009 1.054582 8.947578 1.000000 

Final LogLikelihood: -4279.544823

All ML trees saved to: /mnt/lustre/scratch/home/uvi/be/avs/cancer_genes_selection/genes/RHOA/tree/RHOA.raxml.mlTrees
Best ML tree saved to: /mnt/lustre/scratch/home/uvi/be/avs/cancer_genes_selection/genes/RHOA/tree/RHOA.raxml.bestTree
Best ML tree with bootstrap support values saved to: /mnt/lustre/scratch/home/uvi/be/avs/cancer_genes_selection/genes/RHOA/tree/RHOA.raxml.support
Optimized model saved to: /mnt/lustre/scratch/home/uvi/be/avs/cancer_genes_selection/genes/RHOA/tree/RHOA.raxml.bestModel
Bootstrap trees saved to: /mnt/lustre/scratch/home/uvi/be/avs/cancer_genes_selection/genes/RHOA/tree/RHOA.raxml.bootstraps

Execution log saved to: /mnt/lustre/scratch/home/uvi/be/avs/cancer_genes_selection/genes/RHOA/tree/RHOA.raxml.log

Analysis started: 21-Mar-2018 22:40:08 / finished: 21-Mar-2018 22:52:27

Elapsed time: 739.406 seconds

