
RAxML-NG v. 0.5.1b BETA released on 01.12.2017 by The Exelixis Lab.
Authors: Alexey Kozlov, Alexandros Stamatakis, Diego Darriba, Tomas Flouri, Benoit Morel.
Latest version: https://github.com/amkozlov/raxml-ng
Questions/problems/suggestions? Please visit: https://groups.google.com/forum/#!forum/raxml

WARNING: This is a BETA release, please use at your own risk!

RAxML-NG was called as follows:

raxml-ng-mpi --all --msa /mnt/lustre/scratch/home/uvi/be/avs/cancer_genes_selection/genes/AFF4/align/AFF4_align_DNA_trimmed.fasta --model GTR+G -tree pars{10} --bs-trees 100 --prefix /mnt/lustre/scratch/home/uvi/be/avs/cancer_genes_selection/genes/AFF4/tree/AFF4 --redo

Analysis options:
  run mode: ML tree search + bootstrapping
  start tree(s): parsimony (10)
  random seed: 1521641416
  tip-inner: ON
  pattern compression: ON
  per-rate scalers: OFF
  site repeats: OFF
  branch lengths: ML estimate (linked)
  SIMD kernels: AVX2
  parallelization: NONE/sequential

WARNING: Running in REDO mode: existing checkpoints are ignored, and all result files will be overwritten!

[00:00:00] Reading alignment from file: /mnt/lustre/scratch/home/uvi/be/avs/cancer_genes_selection/genes/AFF4/align/AFF4_align_DNA_trimmed.fasta
[00:00:00] Loaded alignment with 30 taxa and 3495 sites

Alignment comprises 1 partitions and 1375 patterns

Partition 0: noname
Model: GTR+FO+G4m
Alignment sites / patterns: 3495 / 1375
Gaps: 3.16 %
Invariant sites: 58.34 %


[00:00:00] Generating parsimony starting tree(s) with 30 taxa
[00:00:01] Data distribution: partitions/thread: 1-1, patterns/thread: 1375-1375

Starting ML tree search with 10 distinct starting trees

[00:00:13] ML tree search #1, logLikelihood: -21582.429795
[00:00:25] ML tree search #2, logLikelihood: -21582.430115
[00:00:38] ML tree search #3, logLikelihood: -21582.430103
[00:00:49] ML tree search #4, logLikelihood: -21582.429651
[00:00:59] ML tree search #5, logLikelihood: -21582.429684
[00:01:10] ML tree search #6, logLikelihood: -21582.430764
[00:01:23] ML tree search #7, logLikelihood: -21582.430836
[00:01:33] ML tree search #8, logLikelihood: -21582.429732
[00:01:43] ML tree search #9, logLikelihood: -21582.429889
[00:01:53] ML tree search #10, logLikelihood: -21582.429812

[00:01:53] ML tree search completed, best tree logLH: -21582.429651

[00:01:53] Starting bootstrapping analysis with 100 replicates.

[00:02:03] Bootstrap tree #1, logLikelihood: -21218.769303
[00:02:14] Bootstrap tree #2, logLikelihood: -21400.741580
[00:02:23] Bootstrap tree #3, logLikelihood: -20973.542018
[00:02:34] Bootstrap tree #4, logLikelihood: -21205.549003
[00:02:44] Bootstrap tree #5, logLikelihood: -22298.683821
[00:02:57] Bootstrap tree #6, logLikelihood: -22022.817794
[00:03:11] Bootstrap tree #7, logLikelihood: -21760.282053
[00:03:20] Bootstrap tree #8, logLikelihood: -21307.479539
[00:03:31] Bootstrap tree #9, logLikelihood: -21564.436259
[00:03:40] Bootstrap tree #10, logLikelihood: -21078.828197
[00:03:50] Bootstrap tree #11, logLikelihood: -21087.549213
[00:04:00] Bootstrap tree #12, logLikelihood: -21161.826712
[00:04:11] Bootstrap tree #13, logLikelihood: -21662.571793
[00:04:20] Bootstrap tree #14, logLikelihood: -21511.877255
[00:04:29] Bootstrap tree #15, logLikelihood: -21562.086885
[00:04:39] Bootstrap tree #16, logLikelihood: -22251.023655
[00:04:49] Bootstrap tree #17, logLikelihood: -21442.513199
[00:04:59] Bootstrap tree #18, logLikelihood: -21770.972988
[00:05:11] Bootstrap tree #19, logLikelihood: -22168.946020
[00:05:22] Bootstrap tree #20, logLikelihood: -21479.041875
[00:05:32] Bootstrap tree #21, logLikelihood: -22053.914228
[00:05:42] Bootstrap tree #22, logLikelihood: -20946.846691
[00:05:55] Bootstrap tree #23, logLikelihood: -21715.985659
[00:06:05] Bootstrap tree #24, logLikelihood: -22467.397188
[00:06:17] Bootstrap tree #25, logLikelihood: -21690.222411
[00:06:28] Bootstrap tree #26, logLikelihood: -21419.463651
[00:06:39] Bootstrap tree #27, logLikelihood: -21188.373389
[00:06:49] Bootstrap tree #28, logLikelihood: -21325.133301
[00:07:00] Bootstrap tree #29, logLikelihood: -21402.441426
[00:07:09] Bootstrap tree #30, logLikelihood: -21662.945145
[00:07:19] Bootstrap tree #31, logLikelihood: -21300.998735
[00:07:34] Bootstrap tree #32, logLikelihood: -22157.648883
[00:07:44] Bootstrap tree #33, logLikelihood: -21946.625963
[00:07:56] Bootstrap tree #34, logLikelihood: -21736.676326
[00:08:13] Bootstrap tree #35, logLikelihood: -21633.687331
[00:08:23] Bootstrap tree #36, logLikelihood: -21391.470518
[00:08:32] Bootstrap tree #37, logLikelihood: -21428.769205
[00:08:46] Bootstrap tree #38, logLikelihood: -21351.650245
[00:09:01] Bootstrap tree #39, logLikelihood: -21450.518887
[00:09:11] Bootstrap tree #40, logLikelihood: -21616.917747
[00:09:22] Bootstrap tree #41, logLikelihood: -21442.553580
[00:09:33] Bootstrap tree #42, logLikelihood: -21267.630640
[00:09:46] Bootstrap tree #43, logLikelihood: -21644.494287
[00:09:59] Bootstrap tree #44, logLikelihood: -21155.064459
[00:10:09] Bootstrap tree #45, logLikelihood: -21466.848965
[00:10:21] Bootstrap tree #46, logLikelihood: -21359.774356
[00:10:32] Bootstrap tree #47, logLikelihood: -21505.587543
[00:10:47] Bootstrap tree #48, logLikelihood: -21483.225305
[00:10:59] Bootstrap tree #49, logLikelihood: -21282.497445
[00:11:10] Bootstrap tree #50, logLikelihood: -21570.251007
[00:11:21] Bootstrap tree #51, logLikelihood: -21352.630322
[00:11:34] Bootstrap tree #52, logLikelihood: -21377.270326
[00:11:49] Bootstrap tree #53, logLikelihood: -21663.866064
[00:12:02] Bootstrap tree #54, logLikelihood: -21701.698066
[00:12:13] Bootstrap tree #55, logLikelihood: -21534.442329
[00:12:24] Bootstrap tree #56, logLikelihood: -21372.625952
[00:12:39] Bootstrap tree #57, logLikelihood: -20921.572665
[00:12:49] Bootstrap tree #58, logLikelihood: -21500.141699
[00:13:01] Bootstrap tree #59, logLikelihood: -21652.166044
[00:13:14] Bootstrap tree #60, logLikelihood: -21605.783795
[00:13:24] Bootstrap tree #61, logLikelihood: -21199.881928
[00:13:39] Bootstrap tree #62, logLikelihood: -21669.403257
[00:13:51] Bootstrap tree #63, logLikelihood: -22068.572513
[00:14:02] Bootstrap tree #64, logLikelihood: -21533.203149
[00:14:12] Bootstrap tree #65, logLikelihood: -21681.104304
[00:14:25] Bootstrap tree #66, logLikelihood: -21781.692583
[00:14:37] Bootstrap tree #67, logLikelihood: -21276.987922
[00:14:48] Bootstrap tree #68, logLikelihood: -21252.307319
[00:14:58] Bootstrap tree #69, logLikelihood: -21618.071997
[00:15:10] Bootstrap tree #70, logLikelihood: -21952.825970
[00:15:21] Bootstrap tree #71, logLikelihood: -21334.393782
[00:15:32] Bootstrap tree #72, logLikelihood: -21818.405976
[00:15:44] Bootstrap tree #73, logLikelihood: -21131.559183
[00:15:57] Bootstrap tree #74, logLikelihood: -21657.950588
[00:16:10] Bootstrap tree #75, logLikelihood: -21358.246762
[00:16:25] Bootstrap tree #76, logLikelihood: -21159.604298
[00:16:36] Bootstrap tree #77, logLikelihood: -20436.428452
[00:16:46] Bootstrap tree #78, logLikelihood: -21431.279968
[00:16:58] Bootstrap tree #79, logLikelihood: -21127.579069
[00:17:11] Bootstrap tree #80, logLikelihood: -21068.258141
[00:17:22] Bootstrap tree #81, logLikelihood: -21579.739429
[00:17:33] Bootstrap tree #82, logLikelihood: -21736.040482
[00:17:49] Bootstrap tree #83, logLikelihood: -21439.219882
[00:18:01] Bootstrap tree #84, logLikelihood: -22160.209314
[00:18:15] Bootstrap tree #85, logLikelihood: -21780.099968
[00:18:32] Bootstrap tree #86, logLikelihood: -21426.827375
[00:18:46] Bootstrap tree #87, logLikelihood: -21586.058267
[00:18:58] Bootstrap tree #88, logLikelihood: -20674.272780
[00:19:09] Bootstrap tree #89, logLikelihood: -20558.668889
[00:19:21] Bootstrap tree #90, logLikelihood: -20997.234720
[00:19:33] Bootstrap tree #91, logLikelihood: -21103.675654
[00:19:46] Bootstrap tree #92, logLikelihood: -21015.917704
[00:19:59] Bootstrap tree #93, logLikelihood: -21112.978087
[00:20:12] Bootstrap tree #94, logLikelihood: -21843.307063
[00:20:23] Bootstrap tree #95, logLikelihood: -21878.825316
[00:20:35] Bootstrap tree #96, logLikelihood: -21127.877411
[00:20:49] Bootstrap tree #97, logLikelihood: -21127.408284
[00:21:02] Bootstrap tree #98, logLikelihood: -21611.635113
[00:21:15] Bootstrap tree #99, logLikelihood: -21587.983266
[00:21:27] Bootstrap tree #100, logLikelihood: -21139.785827

Optimized model parameters:

   Partition 0: noname
   Rate heterogeneity: GAMMA (4 cats, mean),  alpha: 0.364222 (ML),  weights&rates: (0.250000,0.011909) (0.250000,0.154570) (0.250000,0.689469) (0.250000,3.144052) 
   Base frequencies (ML): 0.327080 0.245758 0.223535 0.203626 
   Substitution rates (ML): 0.859612 4.303955 1.055971 0.670751 6.743654 1.000000 

Final LogLikelihood: -21582.429651

All ML trees saved to: /mnt/lustre/scratch/home/uvi/be/avs/cancer_genes_selection/genes/AFF4/tree/AFF4.raxml.mlTrees
Best ML tree saved to: /mnt/lustre/scratch/home/uvi/be/avs/cancer_genes_selection/genes/AFF4/tree/AFF4.raxml.bestTree
Best ML tree with bootstrap support values saved to: /mnt/lustre/scratch/home/uvi/be/avs/cancer_genes_selection/genes/AFF4/tree/AFF4.raxml.support
Optimized model saved to: /mnt/lustre/scratch/home/uvi/be/avs/cancer_genes_selection/genes/AFF4/tree/AFF4.raxml.bestModel
Bootstrap trees saved to: /mnt/lustre/scratch/home/uvi/be/avs/cancer_genes_selection/genes/AFF4/tree/AFF4.raxml.bootstraps

Execution log saved to: /mnt/lustre/scratch/home/uvi/be/avs/cancer_genes_selection/genes/AFF4/tree/AFF4.raxml.log

Analysis started: 21-Mar-2018 15:10:16 / finished: 21-Mar-2018 15:31:47

Elapsed time: 1291.020 seconds

