
RAxML-NG v. 0.5.1b BETA released on 01.12.2017 by The Exelixis Lab.
Authors: Alexey Kozlov, Alexandros Stamatakis, Diego Darriba, Tomas Flouri, Benoit Morel.
Latest version: https://github.com/amkozlov/raxml-ng
Questions/problems/suggestions? Please visit: https://groups.google.com/forum/#!forum/raxml

WARNING: This is a BETA release, please use at your own risk!

RAxML-NG was called as follows:

raxml-ng-mpi --all --msa /mnt/lustre/scratch/home/uvi/be/avs/cancer_genes_selection/genes/CD79B/align/CD79B_align_DNA_trimmed.fasta --model GTR+G -tree pars{10} --bs-trees 100 --prefix /mnt/lustre/scratch/home/uvi/be/avs/cancer_genes_selection/genes/CD79B/tree/CD79B --redo

Analysis options:
  run mode: ML tree search + bootstrapping
  start tree(s): parsimony (10)
  random seed: 1521649266
  tip-inner: ON
  pattern compression: ON
  per-rate scalers: OFF
  site repeats: OFF
  branch lengths: ML estimate (linked)
  SIMD kernels: AVX2
  parallelization: NONE/sequential

WARNING: Running in REDO mode: existing checkpoints are ignored, and all result files will be overwritten!

[00:00:00] Reading alignment from file: /mnt/lustre/scratch/home/uvi/be/avs/cancer_genes_selection/genes/CD79B/align/CD79B_align_DNA_trimmed.fasta
[00:00:00] Loaded alignment with 27 taxa and 687 sites

Alignment comprises 1 partitions and 566 patterns

Partition 0: noname
Model: GTR+FO+G4m
Alignment sites / patterns: 687 / 566
Gaps: 11.84 %
Invariant sites: 20.09 %


[00:00:00] Generating parsimony starting tree(s) with 27 taxa
[00:00:01] Data distribution: partitions/thread: 1-1, patterns/thread: 566-566

Starting ML tree search with 10 distinct starting trees

[00:00:08] ML tree search #1, logLikelihood: -8848.524406
[00:00:13] ML tree search #2, logLikelihood: -8848.523371
[00:00:20] ML tree search #3, logLikelihood: -8848.522431
[00:00:26] ML tree search #4, logLikelihood: -8848.521403
[00:00:33] ML tree search #5, logLikelihood: -8848.526679
[00:00:39] ML tree search #6, logLikelihood: -8848.526150
[00:00:45] ML tree search #7, logLikelihood: -8848.527414
[00:00:50] ML tree search #8, logLikelihood: -8848.548224
[00:00:55] ML tree search #9, logLikelihood: -8848.525775
[00:01:00] ML tree search #10, logLikelihood: -8848.522717

[00:01:01] ML tree search completed, best tree logLH: -8848.521403

[00:01:01] Starting bootstrapping analysis with 100 replicates.

[00:01:06] Bootstrap tree #1, logLikelihood: -8469.217093
[00:01:11] Bootstrap tree #2, logLikelihood: -8685.722046
[00:01:16] Bootstrap tree #3, logLikelihood: -8786.540744
[00:01:22] Bootstrap tree #4, logLikelihood: -8601.983215
[00:01:27] Bootstrap tree #5, logLikelihood: -8831.200836
[00:01:33] Bootstrap tree #6, logLikelihood: -8877.330011
[00:01:38] Bootstrap tree #7, logLikelihood: -8785.664588
[00:01:44] Bootstrap tree #8, logLikelihood: -8925.182780
[00:01:55] Bootstrap tree #9, logLikelihood: -8749.433218
[00:02:02] Bootstrap tree #10, logLikelihood: -8666.737758
[00:02:15] Bootstrap tree #11, logLikelihood: -8691.104445
[00:02:27] Bootstrap tree #12, logLikelihood: -8710.527107
[00:02:37] Bootstrap tree #13, logLikelihood: -8718.980946
[00:02:47] Bootstrap tree #14, logLikelihood: -8902.398145
[00:02:53] Bootstrap tree #15, logLikelihood: -8989.815539
[00:02:59] Bootstrap tree #16, logLikelihood: -8438.364938
[00:03:06] Bootstrap tree #17, logLikelihood: -8598.951071
[00:03:13] Bootstrap tree #18, logLikelihood: -8720.320128
[00:03:19] Bootstrap tree #19, logLikelihood: -9439.420751
[00:03:25] Bootstrap tree #20, logLikelihood: -8824.794971
[00:03:31] Bootstrap tree #21, logLikelihood: -8546.740261
[00:03:39] Bootstrap tree #22, logLikelihood: -8951.748682
[00:03:45] Bootstrap tree #23, logLikelihood: -8817.372378
[00:03:56] Bootstrap tree #24, logLikelihood: -8597.622932
[00:04:02] Bootstrap tree #25, logLikelihood: -8406.925879
[00:04:07] Bootstrap tree #26, logLikelihood: -8807.803994
[00:04:12] Bootstrap tree #27, logLikelihood: -8982.597413
[00:04:18] Bootstrap tree #28, logLikelihood: -8918.354817
[00:04:24] Bootstrap tree #29, logLikelihood: -8628.322042
[00:04:30] Bootstrap tree #30, logLikelihood: -8938.570558
[00:04:36] Bootstrap tree #31, logLikelihood: -9088.226834
[00:04:43] Bootstrap tree #32, logLikelihood: -8606.457414
[00:04:48] Bootstrap tree #33, logLikelihood: -8704.047520
[00:04:54] Bootstrap tree #34, logLikelihood: -9177.669948
[00:05:00] Bootstrap tree #35, logLikelihood: -8789.047509
[00:05:07] Bootstrap tree #36, logLikelihood: -8768.744031
[00:05:14] Bootstrap tree #37, logLikelihood: -8661.616754
[00:05:19] Bootstrap tree #38, logLikelihood: -8612.044953
[00:05:26] Bootstrap tree #39, logLikelihood: -8787.957206
[00:05:34] Bootstrap tree #40, logLikelihood: -9047.868530
[00:05:42] Bootstrap tree #41, logLikelihood: -8851.169923
[00:05:48] Bootstrap tree #42, logLikelihood: -8621.439004
[00:05:54] Bootstrap tree #43, logLikelihood: -8792.194354
[00:06:01] Bootstrap tree #44, logLikelihood: -8712.469339
[00:06:08] Bootstrap tree #45, logLikelihood: -9052.656632
[00:06:14] Bootstrap tree #46, logLikelihood: -8978.607171
[00:06:22] Bootstrap tree #47, logLikelihood: -8692.665139
[00:06:28] Bootstrap tree #48, logLikelihood: -9121.309155
[00:06:35] Bootstrap tree #49, logLikelihood: -8822.631527
[00:06:41] Bootstrap tree #50, logLikelihood: -8787.231188
[00:06:48] Bootstrap tree #51, logLikelihood: -8669.111435
[00:06:54] Bootstrap tree #52, logLikelihood: -8338.913405
[00:07:02] Bootstrap tree #53, logLikelihood: -8606.233727
[00:07:09] Bootstrap tree #54, logLikelihood: -8862.691561
[00:07:16] Bootstrap tree #55, logLikelihood: -8709.936349
[00:07:23] Bootstrap tree #56, logLikelihood: -8910.457894
[00:07:31] Bootstrap tree #57, logLikelihood: -9055.583543
[00:07:37] Bootstrap tree #58, logLikelihood: -8667.559226
[00:07:43] Bootstrap tree #59, logLikelihood: -8886.459901
[00:07:49] Bootstrap tree #60, logLikelihood: -8589.410527
[00:07:56] Bootstrap tree #61, logLikelihood: -9029.611875
[00:08:02] Bootstrap tree #62, logLikelihood: -8995.381720
[00:08:10] Bootstrap tree #63, logLikelihood: -8754.852877
[00:08:17] Bootstrap tree #64, logLikelihood: -9206.991949
[00:08:25] Bootstrap tree #65, logLikelihood: -8725.756816
[00:08:32] Bootstrap tree #66, logLikelihood: -8691.674495
[00:08:38] Bootstrap tree #67, logLikelihood: -9024.607053
[00:08:44] Bootstrap tree #68, logLikelihood: -8935.003825
[00:08:51] Bootstrap tree #69, logLikelihood: -8743.504227
[00:09:00] Bootstrap tree #70, logLikelihood: -8591.592729
[00:09:07] Bootstrap tree #71, logLikelihood: -8580.490793
[00:09:15] Bootstrap tree #72, logLikelihood: -9053.664539
[00:09:22] Bootstrap tree #73, logLikelihood: -8771.002308
[00:09:29] Bootstrap tree #74, logLikelihood: -9025.735877
[00:09:39] Bootstrap tree #75, logLikelihood: -8758.699394
[00:09:46] Bootstrap tree #76, logLikelihood: -8507.055588
[00:09:52] Bootstrap tree #77, logLikelihood: -8343.009603
[00:10:00] Bootstrap tree #78, logLikelihood: -8798.005925
[00:10:08] Bootstrap tree #79, logLikelihood: -8773.581424
[00:10:15] Bootstrap tree #80, logLikelihood: -9215.765165
[00:10:23] Bootstrap tree #81, logLikelihood: -9113.511945
[00:10:30] Bootstrap tree #82, logLikelihood: -8304.049519
[00:10:38] Bootstrap tree #83, logLikelihood: -8645.122648
[00:10:46] Bootstrap tree #84, logLikelihood: -8375.370398
[00:10:54] Bootstrap tree #85, logLikelihood: -8665.250058
[00:11:02] Bootstrap tree #86, logLikelihood: -9072.463683
[00:11:10] Bootstrap tree #87, logLikelihood: -8702.110243
[00:11:17] Bootstrap tree #88, logLikelihood: -8699.139140
[00:11:25] Bootstrap tree #89, logLikelihood: -8711.867930
[00:11:33] Bootstrap tree #90, logLikelihood: -9062.811574
[00:11:40] Bootstrap tree #91, logLikelihood: -8983.268358
[00:11:47] Bootstrap tree #92, logLikelihood: -8851.017726
[00:12:00] Bootstrap tree #93, logLikelihood: -9083.129710
[00:12:09] Bootstrap tree #94, logLikelihood: -8945.545998
[00:12:15] Bootstrap tree #95, logLikelihood: -8928.760910
[00:12:23] Bootstrap tree #96, logLikelihood: -8691.457750
[00:12:35] Bootstrap tree #97, logLikelihood: -8776.276458
[00:12:42] Bootstrap tree #98, logLikelihood: -9048.845038
[00:12:50] Bootstrap tree #99, logLikelihood: -9204.968854
[00:12:59] Bootstrap tree #100, logLikelihood: -8609.790810

Optimized model parameters:

   Partition 0: noname
   Rate heterogeneity: GAMMA (4 cats, mean),  alpha: 0.922138 (ML),  weights&rates: (0.250000,0.121168) (0.250000,0.452029) (0.250000,0.985797) (0.250000,2.441006) 
   Base frequencies (ML): 0.239668 0.288051 0.270111 0.202170 
   Substitution rates (ML): 1.938093 4.193445 1.454420 1.548994 4.588579 1.000000 

Final LogLikelihood: -8848.521403

All ML trees saved to: /mnt/lustre/scratch/home/uvi/be/avs/cancer_genes_selection/genes/CD79B/tree/CD79B.raxml.mlTrees
Best ML tree saved to: /mnt/lustre/scratch/home/uvi/be/avs/cancer_genes_selection/genes/CD79B/tree/CD79B.raxml.bestTree
Best ML tree with bootstrap support values saved to: /mnt/lustre/scratch/home/uvi/be/avs/cancer_genes_selection/genes/CD79B/tree/CD79B.raxml.support
Optimized model saved to: /mnt/lustre/scratch/home/uvi/be/avs/cancer_genes_selection/genes/CD79B/tree/CD79B.raxml.bestModel
Bootstrap trees saved to: /mnt/lustre/scratch/home/uvi/be/avs/cancer_genes_selection/genes/CD79B/tree/CD79B.raxml.bootstraps

Execution log saved to: /mnt/lustre/scratch/home/uvi/be/avs/cancer_genes_selection/genes/CD79B/tree/CD79B.raxml.log

Analysis started: 21-Mar-2018 17:21:06 / finished: 21-Mar-2018 17:34:09

Elapsed time: 782.723 seconds

