
RAxML-NG v. 0.5.1b BETA released on 01.12.2017 by The Exelixis Lab.
Authors: Alexey Kozlov, Alexandros Stamatakis, Diego Darriba, Tomas Flouri, Benoit Morel.
Latest version: https://github.com/amkozlov/raxml-ng
Questions/problems/suggestions? Please visit: https://groups.google.com/forum/#!forum/raxml

WARNING: This is a BETA release, please use at your own risk!

RAxML-NG was called as follows:

raxml-ng-mpi --all --msa /mnt/lustre/scratch/home/uvi/be/avs/cancer_genes_selection/genes/WIF1/align/WIF1_align_DNA_trimmed2.fasta --model GTR+G -tree pars{10} --bs-trees 100 --prefix /mnt/lustre/scratch/home/uvi/be/avs/cancer_genes_selection/genes/WIF1/tree/WIF1_trimmed --redo

Analysis options:
  run mode: ML tree search + bootstrapping
  start tree(s): parsimony (10)
  random seed: 1522107990
  tip-inner: ON
  pattern compression: ON
  per-rate scalers: OFF
  site repeats: OFF
  branch lengths: ML estimate (linked)
  SIMD kernels: AVX2
  parallelization: NONE/sequential

WARNING: Running in REDO mode: existing checkpoints are ignored, and all result files will be overwritten!

[00:00:00] Reading alignment from file: /mnt/lustre/scratch/home/uvi/be/avs/cancer_genes_selection/genes/WIF1/align/WIF1_align_DNA_trimmed2.fasta
[00:00:01] Loaded alignment with 24 taxa and 1140 sites

Alignment comprises 1 partitions and 468 patterns

Partition 0: noname
Model: GTR+FO+G4m
Alignment sites / patterns: 1140 / 468
Gaps: 2.39 %
Invariant sites: 57.02 %


[00:00:01] Generating parsimony starting tree(s) with 24 taxa
[00:00:01] Data distribution: partitions/thread: 1-1, patterns/thread: 468-468

Starting ML tree search with 10 distinct starting trees

[00:00:07] ML tree search #1, logLikelihood: -7320.050809
[00:00:14] ML tree search #2, logLikelihood: -7320.050442
[00:00:21] ML tree search #3, logLikelihood: -7320.434196
[00:00:28] ML tree search #4, logLikelihood: -7320.050392
[00:00:35] ML tree search #5, logLikelihood: -7320.434130
[00:00:41] ML tree search #6, logLikelihood: -7320.434940
[00:00:48] ML tree search #7, logLikelihood: -7320.050009
[00:00:54] ML tree search #8, logLikelihood: -7320.050848
[00:01:01] ML tree search #9, logLikelihood: -7320.434282
[00:01:08] ML tree search #10, logLikelihood: -7320.050881

[00:01:08] ML tree search completed, best tree logLH: -7320.050009

[00:01:08] Starting bootstrapping analysis with 100 replicates.

[00:01:16] Bootstrap tree #1, logLikelihood: -7354.698477
[00:01:24] Bootstrap tree #2, logLikelihood: -7247.194537
[00:01:30] Bootstrap tree #3, logLikelihood: -7244.119527
[00:01:39] Bootstrap tree #4, logLikelihood: -7242.155326
[00:01:46] Bootstrap tree #5, logLikelihood: -7030.351850
[00:01:52] Bootstrap tree #6, logLikelihood: -7337.421239
[00:02:00] Bootstrap tree #7, logLikelihood: -7095.176178
[00:02:08] Bootstrap tree #8, logLikelihood: -7584.228341
[00:02:16] Bootstrap tree #9, logLikelihood: -7544.506783
[00:02:23] Bootstrap tree #10, logLikelihood: -7386.419867
[00:02:30] Bootstrap tree #11, logLikelihood: -7002.589131
[00:02:38] Bootstrap tree #12, logLikelihood: -7523.342770
[00:02:45] Bootstrap tree #13, logLikelihood: -7236.685732
[00:02:52] Bootstrap tree #14, logLikelihood: -7425.820615
[00:02:58] Bootstrap tree #15, logLikelihood: -7330.088606
[00:03:04] Bootstrap tree #16, logLikelihood: -7180.244281
[00:03:10] Bootstrap tree #17, logLikelihood: -7604.518985
[00:03:19] Bootstrap tree #18, logLikelihood: -7215.261050
[00:03:26] Bootstrap tree #19, logLikelihood: -7343.672548
[00:03:33] Bootstrap tree #20, logLikelihood: -7029.741764
[00:03:40] Bootstrap tree #21, logLikelihood: -7435.393166
[00:03:47] Bootstrap tree #22, logLikelihood: -7459.610231
[00:03:53] Bootstrap tree #23, logLikelihood: -7153.432460
[00:04:03] Bootstrap tree #24, logLikelihood: -7283.162334
[00:04:11] Bootstrap tree #25, logLikelihood: -7597.386592
[00:04:20] Bootstrap tree #26, logLikelihood: -7087.416696
[00:04:27] Bootstrap tree #27, logLikelihood: -7047.567845
[00:04:35] Bootstrap tree #28, logLikelihood: -7294.024839
[00:04:42] Bootstrap tree #29, logLikelihood: -7346.907923
[00:04:49] Bootstrap tree #30, logLikelihood: -7353.383954
[00:04:55] Bootstrap tree #31, logLikelihood: -7181.190461
[00:05:03] Bootstrap tree #32, logLikelihood: -7382.445396
[00:05:10] Bootstrap tree #33, logLikelihood: -7726.944307
[00:05:18] Bootstrap tree #34, logLikelihood: -7059.978651
[00:05:26] Bootstrap tree #35, logLikelihood: -6979.753803
[00:05:36] Bootstrap tree #36, logLikelihood: -7011.610932
[00:05:43] Bootstrap tree #37, logLikelihood: -7241.015191
[00:05:51] Bootstrap tree #38, logLikelihood: -6944.394933
[00:05:59] Bootstrap tree #39, logLikelihood: -7150.165477
[00:06:04] Bootstrap tree #40, logLikelihood: -7198.089678
[00:06:11] Bootstrap tree #41, logLikelihood: -7191.435596
[00:06:17] Bootstrap tree #42, logLikelihood: -7392.523445
[00:06:25] Bootstrap tree #43, logLikelihood: -7446.611156
[00:06:31] Bootstrap tree #44, logLikelihood: -6846.990382
[00:06:40] Bootstrap tree #45, logLikelihood: -7227.897302
[00:06:48] Bootstrap tree #46, logLikelihood: -7392.527057
[00:06:55] Bootstrap tree #47, logLikelihood: -7551.134855
[00:07:02] Bootstrap tree #48, logLikelihood: -7402.107186
[00:07:09] Bootstrap tree #49, logLikelihood: -7159.800158
[00:07:18] Bootstrap tree #50, logLikelihood: -7331.947263
[00:07:26] Bootstrap tree #51, logLikelihood: -7202.291035
[00:07:33] Bootstrap tree #52, logLikelihood: -7123.796053
[00:07:40] Bootstrap tree #53, logLikelihood: -7119.231453
[00:07:47] Bootstrap tree #54, logLikelihood: -7397.162205
[00:07:55] Bootstrap tree #55, logLikelihood: -7087.281937
[00:08:02] Bootstrap tree #56, logLikelihood: -6950.358933
[00:08:09] Bootstrap tree #57, logLikelihood: -7318.632271
[00:08:16] Bootstrap tree #58, logLikelihood: -7333.981661
[00:08:25] Bootstrap tree #59, logLikelihood: -6975.344305
[00:08:32] Bootstrap tree #60, logLikelihood: -7117.234231
[00:08:41] Bootstrap tree #61, logLikelihood: -6984.102413
[00:08:50] Bootstrap tree #62, logLikelihood: -7625.596533
[00:08:56] Bootstrap tree #63, logLikelihood: -7237.852149
[00:09:04] Bootstrap tree #64, logLikelihood: -7185.254476
[00:09:17] Bootstrap tree #65, logLikelihood: -7201.356099
[00:09:24] Bootstrap tree #66, logLikelihood: -7060.703437
[00:09:33] Bootstrap tree #67, logLikelihood: -7206.152700
[00:09:42] Bootstrap tree #68, logLikelihood: -7433.731232
[00:09:50] Bootstrap tree #69, logLikelihood: -7096.699150
[00:09:57] Bootstrap tree #70, logLikelihood: -6989.013161
[00:10:06] Bootstrap tree #71, logLikelihood: -7268.280592
[00:10:15] Bootstrap tree #72, logLikelihood: -7203.522447
[00:10:22] Bootstrap tree #73, logLikelihood: -7283.825592
[00:10:30] Bootstrap tree #74, logLikelihood: -7336.769328
[00:10:40] Bootstrap tree #75, logLikelihood: -7328.050292
[00:10:47] Bootstrap tree #76, logLikelihood: -7181.741106
[00:10:55] Bootstrap tree #77, logLikelihood: -7423.117663
[00:11:02] Bootstrap tree #78, logLikelihood: -7516.586964
[00:11:11] Bootstrap tree #79, logLikelihood: -7241.533660
[00:11:18] Bootstrap tree #80, logLikelihood: -7174.920874
[00:11:26] Bootstrap tree #81, logLikelihood: -6821.753562
[00:11:35] Bootstrap tree #82, logLikelihood: -7621.200869
[00:11:42] Bootstrap tree #83, logLikelihood: -7235.971407
[00:11:51] Bootstrap tree #84, logLikelihood: -7113.792604
[00:11:58] Bootstrap tree #85, logLikelihood: -7358.743923
[00:12:07] Bootstrap tree #86, logLikelihood: -6924.062223
[00:12:17] Bootstrap tree #87, logLikelihood: -7205.939652
[00:12:26] Bootstrap tree #88, logLikelihood: -6936.774950
[00:12:35] Bootstrap tree #89, logLikelihood: -7126.170440
[00:12:43] Bootstrap tree #90, logLikelihood: -7462.995278
[00:12:52] Bootstrap tree #91, logLikelihood: -7041.315152
[00:12:59] Bootstrap tree #92, logLikelihood: -7105.734425
[00:13:07] Bootstrap tree #93, logLikelihood: -7318.962022
[00:13:16] Bootstrap tree #94, logLikelihood: -7617.806990
[00:13:25] Bootstrap tree #95, logLikelihood: -7171.190607
[00:13:36] Bootstrap tree #96, logLikelihood: -7042.146558
[00:13:45] Bootstrap tree #97, logLikelihood: -7338.224601
[00:13:55] Bootstrap tree #98, logLikelihood: -7360.641207
[00:14:03] Bootstrap tree #99, logLikelihood: -7386.594335
[00:14:13] Bootstrap tree #100, logLikelihood: -7407.112965

Optimized model parameters:

   Partition 0: noname
   Rate heterogeneity: GAMMA (4 cats, mean),  alpha: 0.365860 (ML),  weights&rates: (0.250000,0.012113) (0.250000,0.155833) (0.250000,0.691527) (0.250000,3.140527) 
   Base frequencies (ML): 0.253375 0.274808 0.268562 0.203255 
   Substitution rates (ML): 1.941396 6.034560 0.807456 1.953654 9.440386 1.000000 

Final LogLikelihood: -7320.050009

All ML trees saved to: /mnt/lustre/scratch/home/uvi/be/avs/cancer_genes_selection/genes/WIF1/tree/WIF1_trimmed.raxml.mlTrees
Best ML tree saved to: /mnt/lustre/scratch/home/uvi/be/avs/cancer_genes_selection/genes/WIF1/tree/WIF1_trimmed.raxml.bestTree
Best ML tree with bootstrap support values saved to: /mnt/lustre/scratch/home/uvi/be/avs/cancer_genes_selection/genes/WIF1/tree/WIF1_trimmed.raxml.support
Optimized model saved to: /mnt/lustre/scratch/home/uvi/be/avs/cancer_genes_selection/genes/WIF1/tree/WIF1_trimmed.raxml.bestModel
Bootstrap trees saved to: /mnt/lustre/scratch/home/uvi/be/avs/cancer_genes_selection/genes/WIF1/tree/WIF1_trimmed.raxml.bootstraps

Execution log saved to: /mnt/lustre/scratch/home/uvi/be/avs/cancer_genes_selection/genes/WIF1/tree/WIF1_trimmed.raxml.log

Analysis started: 27-Mar-2018 01:46:30 / finished: 27-Mar-2018 02:00:47

Elapsed time: 857.660 seconds

