
RAxML-NG v. 0.5.1b BETA released on 01.12.2017 by The Exelixis Lab.
Authors: Alexey Kozlov, Alexandros Stamatakis, Diego Darriba, Tomas Flouri, Benoit Morel.
Latest version: https://github.com/amkozlov/raxml-ng
Questions/problems/suggestions? Please visit: https://groups.google.com/forum/#!forum/raxml

WARNING: This is a BETA release, please use at your own risk!

RAxML-NG was called as follows:

raxml-ng-mpi --all --msa /mnt/lustre/scratch/home/uvi/be/avs/cancer_genes_selection/genes/ZNF384/align/ZNF384_align_DNA_trimmed2.fasta --model GTR+G -tree pars{10} --bs-trees 100 --prefix /mnt/lustre/scratch/home/uvi/be/avs/cancer_genes_selection/genes/ZNF384/tree/ZNF384_trimmed --redo

Analysis options:
  run mode: ML tree search + bootstrapping
  start tree(s): parsimony (10)
  random seed: 1522108411
  tip-inner: ON
  pattern compression: ON
  per-rate scalers: OFF
  site repeats: OFF
  branch lengths: ML estimate (linked)
  SIMD kernels: AVX2
  parallelization: NONE/sequential

WARNING: Running in REDO mode: existing checkpoints are ignored, and all result files will be overwritten!

[00:00:00] Reading alignment from file: /mnt/lustre/scratch/home/uvi/be/avs/cancer_genes_selection/genes/ZNF384/align/ZNF384_align_DNA_trimmed2.fasta
[00:00:01] Loaded alignment with 29 taxa and 1734 sites

Alignment comprises 1 partitions and 523 patterns

Partition 0: noname
Model: GTR+FO+G4m
Alignment sites / patterns: 1734 / 523
Gaps: 3.11 %
Invariant sites: 70.01 %


[00:00:01] Generating parsimony starting tree(s) with 29 taxa
[00:00:01] Data distribution: partitions/thread: 1-1, patterns/thread: 523-523

Starting ML tree search with 10 distinct starting trees

[00:00:11] ML tree search #1, logLikelihood: -9119.623317
[00:00:22] ML tree search #2, logLikelihood: -9123.753277
[00:00:33] ML tree search #3, logLikelihood: -9119.264956
[00:00:45] ML tree search #4, logLikelihood: -9121.324494
[00:00:55] ML tree search #5, logLikelihood: -9121.586625
[00:01:06] ML tree search #6, logLikelihood: -9121.325075
[00:01:18] ML tree search #7, logLikelihood: -9119.623980
[00:01:28] ML tree search #8, logLikelihood: -9119.265494
[00:01:38] ML tree search #9, logLikelihood: -9122.702337
[00:01:48] ML tree search #10, logLikelihood: -9119.623264

[00:01:49] ML tree search completed, best tree logLH: -9119.264956

[00:01:49] Starting bootstrapping analysis with 100 replicates.

[00:02:00] Bootstrap tree #1, logLikelihood: -9092.231626
[00:02:15] Bootstrap tree #2, logLikelihood: -8880.717178
[00:02:25] Bootstrap tree #3, logLikelihood: -9007.351643
[00:02:37] Bootstrap tree #4, logLikelihood: -9157.971538
[00:02:51] Bootstrap tree #5, logLikelihood: -9030.779446
[00:03:00] Bootstrap tree #6, logLikelihood: -9733.013449
[00:03:14] Bootstrap tree #7, logLikelihood: -9293.148174
[00:03:24] Bootstrap tree #8, logLikelihood: -9483.818995
[00:03:37] Bootstrap tree #9, logLikelihood: -9067.142444
[00:03:48] Bootstrap tree #10, logLikelihood: -8968.449900
[00:03:59] Bootstrap tree #11, logLikelihood: -8904.446963
[00:04:10] Bootstrap tree #12, logLikelihood: -9399.188770
[00:04:21] Bootstrap tree #13, logLikelihood: -9484.309276
[00:04:32] Bootstrap tree #14, logLikelihood: -9339.680894
[00:04:53] Bootstrap tree #15, logLikelihood: -9120.051652
[00:05:02] Bootstrap tree #16, logLikelihood: -9106.374231
[00:05:14] Bootstrap tree #17, logLikelihood: -8747.585062
[00:05:26] Bootstrap tree #18, logLikelihood: -9000.511273
[00:05:41] Bootstrap tree #19, logLikelihood: -8983.537781
[00:05:51] Bootstrap tree #20, logLikelihood: -8950.022808
[00:06:06] Bootstrap tree #21, logLikelihood: -9154.781437
[00:06:18] Bootstrap tree #22, logLikelihood: -9256.844556
[00:06:30] Bootstrap tree #23, logLikelihood: -9484.104074
[00:06:42] Bootstrap tree #24, logLikelihood: -9575.522063
[00:06:55] Bootstrap tree #25, logLikelihood: -9186.620012
[00:07:06] Bootstrap tree #26, logLikelihood: -9577.790937
[00:07:17] Bootstrap tree #27, logLikelihood: -8837.155252
[00:07:29] Bootstrap tree #28, logLikelihood: -8853.083801
[00:07:41] Bootstrap tree #29, logLikelihood: -8731.647356
[00:07:52] Bootstrap tree #30, logLikelihood: -9355.894166
[00:08:01] Bootstrap tree #31, logLikelihood: -8979.787847
[00:08:16] Bootstrap tree #32, logLikelihood: -10004.881221
[00:08:29] Bootstrap tree #33, logLikelihood: -9006.517003
[00:08:42] Bootstrap tree #34, logLikelihood: -9551.654434
[00:08:52] Bootstrap tree #35, logLikelihood: -9073.830214
[00:09:06] Bootstrap tree #36, logLikelihood: -9118.008423
[00:09:17] Bootstrap tree #37, logLikelihood: -8264.852565
[00:09:28] Bootstrap tree #38, logLikelihood: -8822.264272
[00:09:38] Bootstrap tree #39, logLikelihood: -9093.675463
[00:09:48] Bootstrap tree #40, logLikelihood: -8488.705037
[00:09:58] Bootstrap tree #41, logLikelihood: -9204.868032
[00:10:12] Bootstrap tree #42, logLikelihood: -9164.780317
[00:10:23] Bootstrap tree #43, logLikelihood: -9357.168021
[00:10:33] Bootstrap tree #44, logLikelihood: -8444.475526
[00:10:49] Bootstrap tree #45, logLikelihood: -9142.990005
[00:11:00] Bootstrap tree #46, logLikelihood: -8786.135933
[00:11:12] Bootstrap tree #47, logLikelihood: -8551.954221
[00:11:24] Bootstrap tree #48, logLikelihood: -9111.245603
[00:11:45] Bootstrap tree #49, logLikelihood: -8869.529674
[00:12:04] Bootstrap tree #50, logLikelihood: -8831.956366
[00:12:24] Bootstrap tree #51, logLikelihood: -9283.326993
[00:12:44] Bootstrap tree #52, logLikelihood: -9034.292867
[00:12:59] Bootstrap tree #53, logLikelihood: -8786.564456
[00:13:11] Bootstrap tree #54, logLikelihood: -9053.606199
[00:13:23] Bootstrap tree #55, logLikelihood: -8784.829976
[00:13:36] Bootstrap tree #56, logLikelihood: -9497.805299
[00:13:51] Bootstrap tree #57, logLikelihood: -9133.566280
[00:14:02] Bootstrap tree #58, logLikelihood: -8970.259144
[00:14:12] Bootstrap tree #59, logLikelihood: -9305.012431
[00:14:24] Bootstrap tree #60, logLikelihood: -9206.221496
[00:14:35] Bootstrap tree #61, logLikelihood: -8870.700933
[00:14:45] Bootstrap tree #62, logLikelihood: -9069.592255
[00:14:54] Bootstrap tree #63, logLikelihood: -8974.139051
[00:15:03] Bootstrap tree #64, logLikelihood: -8916.742533
[00:15:12] Bootstrap tree #65, logLikelihood: -8901.118964
[00:15:23] Bootstrap tree #66, logLikelihood: -9096.421542
[00:15:34] Bootstrap tree #67, logLikelihood: -8611.575600
[00:15:45] Bootstrap tree #68, logLikelihood: -8812.800669
[00:15:56] Bootstrap tree #69, logLikelihood: -9055.686551
[00:16:04] Bootstrap tree #70, logLikelihood: -9173.286858
[00:16:14] Bootstrap tree #71, logLikelihood: -9251.974712
[00:16:26] Bootstrap tree #72, logLikelihood: -8611.627571
[00:16:35] Bootstrap tree #73, logLikelihood: -9121.625337
[00:16:47] Bootstrap tree #74, logLikelihood: -8995.582581
[00:16:59] Bootstrap tree #75, logLikelihood: -8906.332755
[00:17:10] Bootstrap tree #76, logLikelihood: -9231.938309
[00:17:21] Bootstrap tree #77, logLikelihood: -9119.092399
[00:17:31] Bootstrap tree #78, logLikelihood: -8974.650287
[00:17:44] Bootstrap tree #79, logLikelihood: -8789.219784
[00:17:55] Bootstrap tree #80, logLikelihood: -8682.204062
[00:18:04] Bootstrap tree #81, logLikelihood: -9597.595279
[00:18:15] Bootstrap tree #82, logLikelihood: -8786.588412
[00:18:24] Bootstrap tree #83, logLikelihood: -9334.374195
[00:18:33] Bootstrap tree #84, logLikelihood: -9235.233004
[00:18:44] Bootstrap tree #85, logLikelihood: -8516.753498
[00:18:52] Bootstrap tree #86, logLikelihood: -8591.670256
[00:19:01] Bootstrap tree #87, logLikelihood: -9034.356939
[00:19:10] Bootstrap tree #88, logLikelihood: -9288.587558
[00:19:18] Bootstrap tree #89, logLikelihood: -9442.333990
[00:19:28] Bootstrap tree #90, logLikelihood: -8837.228747
[00:19:38] Bootstrap tree #91, logLikelihood: -9329.405436
[00:19:48] Bootstrap tree #92, logLikelihood: -9587.372436
[00:19:58] Bootstrap tree #93, logLikelihood: -9048.799085
[00:20:07] Bootstrap tree #94, logLikelihood: -8943.403342
[00:20:18] Bootstrap tree #95, logLikelihood: -9439.625137
[00:20:28] Bootstrap tree #96, logLikelihood: -8613.310693
[00:20:38] Bootstrap tree #97, logLikelihood: -9175.491809
[00:20:48] Bootstrap tree #98, logLikelihood: -9177.258195
[00:20:57] Bootstrap tree #99, logLikelihood: -8952.581413
[00:21:10] Bootstrap tree #100, logLikelihood: -8897.589574

Optimized model parameters:

   Partition 0: noname
   Rate heterogeneity: GAMMA (4 cats, mean),  alpha: 0.163849 (ML),  weights&rates: (0.250000,0.000116) (0.250000,0.015857) (0.250000,0.283092) (0.250000,3.700935) 
   Base frequencies (ML): 0.221379 0.352551 0.243791 0.182279 
   Substitution rates (ML): 1.712969 13.654699 2.103939 0.666092 9.941220 1.000000 

Final LogLikelihood: -9119.264956

All ML trees saved to: /mnt/lustre/scratch/home/uvi/be/avs/cancer_genes_selection/genes/ZNF384/tree/ZNF384_trimmed.raxml.mlTrees
Best ML tree saved to: /mnt/lustre/scratch/home/uvi/be/avs/cancer_genes_selection/genes/ZNF384/tree/ZNF384_trimmed.raxml.bestTree
Best ML tree with bootstrap support values saved to: /mnt/lustre/scratch/home/uvi/be/avs/cancer_genes_selection/genes/ZNF384/tree/ZNF384_trimmed.raxml.support
Optimized model saved to: /mnt/lustre/scratch/home/uvi/be/avs/cancer_genes_selection/genes/ZNF384/tree/ZNF384_trimmed.raxml.bestModel
Bootstrap trees saved to: /mnt/lustre/scratch/home/uvi/be/avs/cancer_genes_selection/genes/ZNF384/tree/ZNF384_trimmed.raxml.bootstraps

Execution log saved to: /mnt/lustre/scratch/home/uvi/be/avs/cancer_genes_selection/genes/ZNF384/tree/ZNF384_trimmed.raxml.log

Analysis started: 27-Mar-2018 01:53:31 / finished: 27-Mar-2018 02:14:44

Elapsed time: 1273.667 seconds

