
RAxML-NG v. 0.5.1b BETA released on 01.12.2017 by The Exelixis Lab.
Authors: Alexey Kozlov, Alexandros Stamatakis, Diego Darriba, Tomas Flouri, Benoit Morel.
Latest version: https://github.com/amkozlov/raxml-ng
Questions/problems/suggestions? Please visit: https://groups.google.com/forum/#!forum/raxml

WARNING: This is a BETA release, please use at your own risk!

RAxML-NG was called as follows:

raxml-ng-mpi --all --msa /mnt/lustre/scratch/home/uvi/be/avs/cancer_genes_selection/genes/HERPUD1/align/HERPUD1_align_DNA_trimmed.fasta --model GTR+G -tree pars{10} --bs-trees 100 --prefix /mnt/lustre/scratch/home/uvi/be/avs/cancer_genes_selection/genes/HERPUD1/tree/HERPUD1 --redo

Analysis options:
  run mode: ML tree search + bootstrapping
  start tree(s): parsimony (10)
  random seed: 1521657961
  tip-inner: ON
  pattern compression: ON
  per-rate scalers: OFF
  site repeats: OFF
  branch lengths: ML estimate (linked)
  SIMD kernels: AVX2
  parallelization: NONE/sequential

WARNING: Running in REDO mode: existing checkpoints are ignored, and all result files will be overwritten!

[00:00:00] Reading alignment from file: /mnt/lustre/scratch/home/uvi/be/avs/cancer_genes_selection/genes/HERPUD1/align/HERPUD1_align_DNA_trimmed.fasta
[00:00:01] Loaded alignment with 32 taxa and 1176 sites

Alignment comprises 1 partitions and 690 patterns

Partition 0: noname
Model: GTR+FO+G4m
Alignment sites / patterns: 1176 / 690
Gaps: 8.11 %
Invariant sites: 44.98 %


[00:00:01] Generating parsimony starting tree(s) with 32 taxa
[00:00:04] Data distribution: partitions/thread: 1-1, patterns/thread: 690-690

Starting ML tree search with 10 distinct starting trees

[00:00:13] ML tree search #1, logLikelihood: -10307.632107
[00:00:23] ML tree search #2, logLikelihood: -10307.632812
[00:00:33] ML tree search #3, logLikelihood: -10308.522605
[00:00:39] ML tree search #4, logLikelihood: -10308.519446
[00:00:46] ML tree search #5, logLikelihood: -10308.519299
[00:00:57] ML tree search #6, logLikelihood: -10307.643586
[00:01:05] ML tree search #7, logLikelihood: -10308.519614
[00:01:12] ML tree search #8, logLikelihood: -10308.519810
[00:01:19] ML tree search #9, logLikelihood: -10308.519359
[00:01:29] ML tree search #10, logLikelihood: -10307.643796

[00:01:29] ML tree search completed, best tree logLH: -10307.632107

[00:01:29] Starting bootstrapping analysis with 100 replicates.

[00:01:37] Bootstrap tree #1, logLikelihood: -10021.350604
[00:01:45] Bootstrap tree #2, logLikelihood: -9760.471623
[00:01:51] Bootstrap tree #3, logLikelihood: -10198.022173
[00:02:00] Bootstrap tree #4, logLikelihood: -10312.065447
[00:02:10] Bootstrap tree #5, logLikelihood: -10370.572790
[00:02:18] Bootstrap tree #6, logLikelihood: -9884.085448
[00:02:28] Bootstrap tree #7, logLikelihood: -10508.510625
[00:02:36] Bootstrap tree #8, logLikelihood: -10107.031763
[00:02:47] Bootstrap tree #9, logLikelihood: -10455.535944
[00:02:56] Bootstrap tree #10, logLikelihood: -10156.401601
[00:03:04] Bootstrap tree #11, logLikelihood: -10541.927482
[00:03:11] Bootstrap tree #12, logLikelihood: -9829.743135
[00:03:20] Bootstrap tree #13, logLikelihood: -10319.469237
[00:03:31] Bootstrap tree #14, logLikelihood: -10358.547545
[00:03:40] Bootstrap tree #15, logLikelihood: -10256.389466
[00:03:49] Bootstrap tree #16, logLikelihood: -10184.587028
[00:03:58] Bootstrap tree #17, logLikelihood: -10115.437322
[00:04:07] Bootstrap tree #18, logLikelihood: -10026.055508
[00:04:13] Bootstrap tree #19, logLikelihood: -10124.661813
[00:04:22] Bootstrap tree #20, logLikelihood: -10293.395329
[00:04:34] Bootstrap tree #21, logLikelihood: -10360.350029
[00:04:42] Bootstrap tree #22, logLikelihood: -10308.675445
[00:04:49] Bootstrap tree #23, logLikelihood: -10193.803613
[00:04:59] Bootstrap tree #24, logLikelihood: -10300.693095
[00:05:08] Bootstrap tree #25, logLikelihood: -10271.602626
[00:05:17] Bootstrap tree #26, logLikelihood: -10555.533452
[00:05:26] Bootstrap tree #27, logLikelihood: -10324.499566
[00:05:33] Bootstrap tree #28, logLikelihood: -10269.464171
[00:05:41] Bootstrap tree #29, logLikelihood: -10055.654800
[00:05:49] Bootstrap tree #30, logLikelihood: -10367.415998
[00:05:57] Bootstrap tree #31, logLikelihood: -10365.230068
[00:06:06] Bootstrap tree #32, logLikelihood: -10592.713370
[00:06:15] Bootstrap tree #33, logLikelihood: -10303.471423
[00:06:25] Bootstrap tree #34, logLikelihood: -10149.575994
[00:06:35] Bootstrap tree #35, logLikelihood: -10435.560225
[00:06:44] Bootstrap tree #36, logLikelihood: -9808.191155
[00:06:53] Bootstrap tree #37, logLikelihood: -10392.200312
[00:07:02] Bootstrap tree #38, logLikelihood: -10042.487901
[00:07:12] Bootstrap tree #39, logLikelihood: -10861.746063
[00:07:21] Bootstrap tree #40, logLikelihood: -10175.811741
[00:07:31] Bootstrap tree #41, logLikelihood: -10520.623195
[00:07:39] Bootstrap tree #42, logLikelihood: -9967.752125
[00:07:48] Bootstrap tree #43, logLikelihood: -10000.212500
[00:07:59] Bootstrap tree #44, logLikelihood: -10677.389661
[00:08:07] Bootstrap tree #45, logLikelihood: -10582.049284
[00:08:15] Bootstrap tree #46, logLikelihood: -9946.352845
[00:08:25] Bootstrap tree #47, logLikelihood: -10343.074594
[00:08:35] Bootstrap tree #48, logLikelihood: -10615.887344
[00:08:43] Bootstrap tree #49, logLikelihood: -10044.858636
[00:08:51] Bootstrap tree #50, logLikelihood: -10705.898335
[00:08:59] Bootstrap tree #51, logLikelihood: -10063.576400
[00:09:10] Bootstrap tree #52, logLikelihood: -10264.902138
[00:09:19] Bootstrap tree #53, logLikelihood: -10010.253385
[00:09:28] Bootstrap tree #54, logLikelihood: -10150.316859
[00:09:36] Bootstrap tree #55, logLikelihood: -10224.723864
[00:09:48] Bootstrap tree #56, logLikelihood: -10428.444964
[00:10:00] Bootstrap tree #57, logLikelihood: -10488.902242
[00:10:11] Bootstrap tree #58, logLikelihood: -10568.373243
[00:10:20] Bootstrap tree #59, logLikelihood: -10543.265310
[00:10:30] Bootstrap tree #60, logLikelihood: -10354.713303
[00:10:41] Bootstrap tree #61, logLikelihood: -10444.932625
[00:10:52] Bootstrap tree #62, logLikelihood: -10075.305154
[00:11:04] Bootstrap tree #63, logLikelihood: -10410.125091
[00:11:13] Bootstrap tree #64, logLikelihood: -9675.163053
[00:11:23] Bootstrap tree #65, logLikelihood: -10400.948717
[00:11:30] Bootstrap tree #66, logLikelihood: -10217.739444
[00:11:38] Bootstrap tree #67, logLikelihood: -9892.439350
[00:11:48] Bootstrap tree #68, logLikelihood: -9964.200435
[00:11:58] Bootstrap tree #69, logLikelihood: -9998.886765
[00:12:08] Bootstrap tree #70, logLikelihood: -10064.261879
[00:12:17] Bootstrap tree #71, logLikelihood: -10056.807174
[00:12:29] Bootstrap tree #72, logLikelihood: -10345.417749
[00:12:40] Bootstrap tree #73, logLikelihood: -10169.678189
[00:12:53] Bootstrap tree #74, logLikelihood: -10641.050445
[00:13:02] Bootstrap tree #75, logLikelihood: -10044.560468
[00:13:11] Bootstrap tree #76, logLikelihood: -10297.181311
[00:13:21] Bootstrap tree #77, logLikelihood: -10065.530429
[00:13:29] Bootstrap tree #78, logLikelihood: -10612.220336
[00:13:39] Bootstrap tree #79, logLikelihood: -10129.782454
[00:13:47] Bootstrap tree #80, logLikelihood: -10441.365779
[00:13:56] Bootstrap tree #81, logLikelihood: -10203.002896
[00:14:05] Bootstrap tree #82, logLikelihood: -10512.063828
[00:14:16] Bootstrap tree #83, logLikelihood: -10665.840757
[00:14:27] Bootstrap tree #84, logLikelihood: -10418.473410
[00:14:38] Bootstrap tree #85, logLikelihood: -9872.505064
[00:14:47] Bootstrap tree #86, logLikelihood: -10335.874143
[00:14:57] Bootstrap tree #87, logLikelihood: -10174.169755
[00:15:07] Bootstrap tree #88, logLikelihood: -10526.166182
[00:15:18] Bootstrap tree #89, logLikelihood: -9860.342409
[00:15:32] Bootstrap tree #90, logLikelihood: -10266.876596
[00:15:43] Bootstrap tree #91, logLikelihood: -10429.866303
[00:15:55] Bootstrap tree #92, logLikelihood: -10404.237882
[00:16:06] Bootstrap tree #93, logLikelihood: -10389.486704
[00:16:15] Bootstrap tree #94, logLikelihood: -10377.531637
[00:16:25] Bootstrap tree #95, logLikelihood: -10030.004244
[00:16:34] Bootstrap tree #96, logLikelihood: -10246.971771
[00:16:45] Bootstrap tree #97, logLikelihood: -10078.457626
[00:16:56] Bootstrap tree #98, logLikelihood: -10275.634108
[00:17:08] Bootstrap tree #99, logLikelihood: -10201.520525
[00:17:19] Bootstrap tree #100, logLikelihood: -10634.331616

Optimized model parameters:

   Partition 0: noname
   Rate heterogeneity: GAMMA (4 cats, mean),  alpha: 0.510163 (ML),  weights&rates: (0.250000,0.035287) (0.250000,0.258499) (0.250000,0.827525) (0.250000,2.878690) 
   Base frequencies (ML): 0.241069 0.277607 0.262592 0.218733 
   Substitution rates (ML): 2.247247 7.470677 1.432877 2.053923 7.363019 1.000000 

Final LogLikelihood: -10307.632107

All ML trees saved to: /mnt/lustre/scratch/home/uvi/be/avs/cancer_genes_selection/genes/HERPUD1/tree/HERPUD1.raxml.mlTrees
Best ML tree saved to: /mnt/lustre/scratch/home/uvi/be/avs/cancer_genes_selection/genes/HERPUD1/tree/HERPUD1.raxml.bestTree
Best ML tree with bootstrap support values saved to: /mnt/lustre/scratch/home/uvi/be/avs/cancer_genes_selection/genes/HERPUD1/tree/HERPUD1.raxml.support
Optimized model saved to: /mnt/lustre/scratch/home/uvi/be/avs/cancer_genes_selection/genes/HERPUD1/tree/HERPUD1.raxml.bestModel
Bootstrap trees saved to: /mnt/lustre/scratch/home/uvi/be/avs/cancer_genes_selection/genes/HERPUD1/tree/HERPUD1.raxml.bootstraps

Execution log saved to: /mnt/lustre/scratch/home/uvi/be/avs/cancer_genes_selection/genes/HERPUD1/tree/HERPUD1.raxml.log

Analysis started: 21-Mar-2018 19:46:01 / finished: 21-Mar-2018 20:03:24

Elapsed time: 1043.011 seconds

