
RAxML-NG v. 0.5.1b BETA released on 01.12.2017 by The Exelixis Lab.
Authors: Alexey Kozlov, Alexandros Stamatakis, Diego Darriba, Tomas Flouri, Benoit Morel.
Latest version: https://github.com/amkozlov/raxml-ng
Questions/problems/suggestions? Please visit: https://groups.google.com/forum/#!forum/raxml

WARNING: This is a BETA release, please use at your own risk!

RAxML-NG was called as follows:

raxml-ng-mpi --all --msa /mnt/lustre/scratch/home/uvi/be/avs/cancer_genes_selection/genes/HERPUD1/align/HERPUD1_align_DNA_trimmed2.fasta --model GTR+G -tree pars{10} --bs-trees 100 --prefix /mnt/lustre/scratch/home/uvi/be/avs/cancer_genes_selection/genes/HERPUD1/tree/HERPUD1_trimmed --redo

Analysis options:
  run mode: ML tree search + bootstrapping
  start tree(s): parsimony (10)
  random seed: 1522094245
  tip-inner: ON
  pattern compression: ON
  per-rate scalers: OFF
  site repeats: OFF
  branch lengths: ML estimate (linked)
  SIMD kernels: AVX2
  parallelization: NONE/sequential

WARNING: Running in REDO mode: existing checkpoints are ignored, and all result files will be overwritten!

[00:00:00] Reading alignment from file: /mnt/lustre/scratch/home/uvi/be/avs/cancer_genes_selection/genes/HERPUD1/align/HERPUD1_align_DNA_trimmed2.fasta
[00:00:01] Loaded alignment with 29 taxa and 1176 sites

Alignment comprises 1 partitions and 653 patterns

Partition 0: noname
Model: GTR+FO+G4m
Alignment sites / patterns: 1176 / 653
Gaps: 3.71 %
Invariant sites: 45.83 %


[00:00:01] Generating parsimony starting tree(s) with 29 taxa
[00:00:01] Data distribution: partitions/thread: 1-1, patterns/thread: 653-653

Starting ML tree search with 10 distinct starting trees

[00:00:08] ML tree search #1, logLikelihood: -9944.046962
[00:00:16] ML tree search #2, logLikelihood: -9944.050655
[00:00:25] ML tree search #3, logLikelihood: -9943.679621
[00:00:32] ML tree search #4, logLikelihood: -9943.676857
[00:00:41] ML tree search #5, logLikelihood: -9943.681804
[00:00:48] ML tree search #6, logLikelihood: -9943.677291
[00:00:57] ML tree search #7, logLikelihood: -9943.677182
[00:01:06] ML tree search #8, logLikelihood: -9944.047824
[00:01:15] ML tree search #9, logLikelihood: -9944.050303
[00:01:24] ML tree search #10, logLikelihood: -9944.048735

[00:01:24] ML tree search completed, best tree logLH: -9943.676857

[00:01:24] Starting bootstrapping analysis with 100 replicates.

[00:01:36] Bootstrap tree #1, logLikelihood: -9629.689011
[00:01:44] Bootstrap tree #2, logLikelihood: -9508.272046
[00:01:54] Bootstrap tree #3, logLikelihood: -10070.853456
[00:02:02] Bootstrap tree #4, logLikelihood: -9982.594388
[00:02:11] Bootstrap tree #5, logLikelihood: -10393.730328
[00:02:21] Bootstrap tree #6, logLikelihood: -9859.062284
[00:02:32] Bootstrap tree #7, logLikelihood: -10291.012329
[00:02:44] Bootstrap tree #8, logLikelihood: -10054.324777
[00:02:53] Bootstrap tree #9, logLikelihood: -9876.152723
[00:03:02] Bootstrap tree #10, logLikelihood: -9617.492998
[00:03:11] Bootstrap tree #11, logLikelihood: -10073.519244
[00:03:22] Bootstrap tree #12, logLikelihood: -10023.900836
[00:03:33] Bootstrap tree #13, logLikelihood: -9687.054118
[00:03:42] Bootstrap tree #14, logLikelihood: -10290.756370
[00:03:52] Bootstrap tree #15, logLikelihood: -9857.508059
[00:04:01] Bootstrap tree #16, logLikelihood: -9680.031494
[00:04:10] Bootstrap tree #17, logLikelihood: -10217.394012
[00:04:18] Bootstrap tree #18, logLikelihood: -9549.270329
[00:04:30] Bootstrap tree #19, logLikelihood: -10205.998614
[00:04:39] Bootstrap tree #20, logLikelihood: -9793.110192
[00:04:47] Bootstrap tree #21, logLikelihood: -9624.515781
[00:04:58] Bootstrap tree #22, logLikelihood: -10414.752080
[00:05:08] Bootstrap tree #23, logLikelihood: -10110.655604
[00:05:19] Bootstrap tree #24, logLikelihood: -10186.132402
[00:05:30] Bootstrap tree #25, logLikelihood: -9421.241681
[00:05:41] Bootstrap tree #26, logLikelihood: -9561.294018
[00:05:50] Bootstrap tree #27, logLikelihood: -10348.667722
[00:05:59] Bootstrap tree #28, logLikelihood: -10020.612128
[00:06:09] Bootstrap tree #29, logLikelihood: -9588.391672
[00:06:20] Bootstrap tree #30, logLikelihood: -9594.585976
[00:06:30] Bootstrap tree #31, logLikelihood: -9890.331410
[00:06:39] Bootstrap tree #32, logLikelihood: -9896.078651
[00:06:48] Bootstrap tree #33, logLikelihood: -10112.253773
[00:06:57] Bootstrap tree #34, logLikelihood: -10301.240630
[00:07:07] Bootstrap tree #35, logLikelihood: -9881.598113
[00:07:18] Bootstrap tree #36, logLikelihood: -9467.937852
[00:07:29] Bootstrap tree #37, logLikelihood: -10218.436988
[00:07:39] Bootstrap tree #38, logLikelihood: -10134.413523
[00:07:49] Bootstrap tree #39, logLikelihood: -9959.415113
[00:07:59] Bootstrap tree #40, logLikelihood: -9615.535678
[00:08:10] Bootstrap tree #41, logLikelihood: -9755.792453
[00:08:18] Bootstrap tree #42, logLikelihood: -9586.447145
[00:08:29] Bootstrap tree #43, logLikelihood: -9778.126137
[00:08:38] Bootstrap tree #44, logLikelihood: -9957.342339
[00:08:47] Bootstrap tree #45, logLikelihood: -9805.825039
[00:08:56] Bootstrap tree #46, logLikelihood: -9743.882936
[00:09:06] Bootstrap tree #47, logLikelihood: -9935.050523
[00:09:14] Bootstrap tree #48, logLikelihood: -10038.291648
[00:09:25] Bootstrap tree #49, logLikelihood: -9700.392689
[00:09:34] Bootstrap tree #50, logLikelihood: -9548.965340
[00:09:42] Bootstrap tree #51, logLikelihood: -9993.948033
[00:09:53] Bootstrap tree #52, logLikelihood: -9791.268690
[00:10:04] Bootstrap tree #53, logLikelihood: -10091.724808
[00:10:16] Bootstrap tree #54, logLikelihood: -9519.685249
[00:10:26] Bootstrap tree #55, logLikelihood: -9587.418722
[00:10:35] Bootstrap tree #56, logLikelihood: -9888.175831
[00:10:45] Bootstrap tree #57, logLikelihood: -9815.428469
[00:10:54] Bootstrap tree #58, logLikelihood: -10102.196946
[00:11:10] Bootstrap tree #59, logLikelihood: -9697.254032
[00:11:20] Bootstrap tree #60, logLikelihood: -9951.198619
[00:11:29] Bootstrap tree #61, logLikelihood: -9542.832205
[00:11:38] Bootstrap tree #62, logLikelihood: -9972.919829
[00:11:48] Bootstrap tree #63, logLikelihood: -9252.237031
[00:11:59] Bootstrap tree #64, logLikelihood: -9847.876140
[00:12:09] Bootstrap tree #65, logLikelihood: -9741.914620
[00:12:20] Bootstrap tree #66, logLikelihood: -9604.111045
[00:12:28] Bootstrap tree #67, logLikelihood: -9751.305710
[00:12:37] Bootstrap tree #68, logLikelihood: -10260.859837
[00:12:46] Bootstrap tree #69, logLikelihood: -10036.393542
[00:12:57] Bootstrap tree #70, logLikelihood: -9826.495526
[00:13:08] Bootstrap tree #71, logLikelihood: -10504.742603
[00:13:17] Bootstrap tree #72, logLikelihood: -10298.245066
[00:13:26] Bootstrap tree #73, logLikelihood: -10406.972549
[00:13:39] Bootstrap tree #74, logLikelihood: -9618.234490
[00:13:50] Bootstrap tree #75, logLikelihood: -9986.138081
[00:13:59] Bootstrap tree #76, logLikelihood: -10106.790035
[00:14:15] Bootstrap tree #77, logLikelihood: -9881.494635
[00:14:26] Bootstrap tree #78, logLikelihood: -10083.161790
[00:14:39] Bootstrap tree #79, logLikelihood: -9864.111641
[00:14:51] Bootstrap tree #80, logLikelihood: -9863.773882
[00:15:03] Bootstrap tree #81, logLikelihood: -9648.675242
[00:15:16] Bootstrap tree #82, logLikelihood: -9810.438171
[00:15:29] Bootstrap tree #83, logLikelihood: -9562.715805
[00:15:38] Bootstrap tree #84, logLikelihood: -9386.472757
[00:15:50] Bootstrap tree #85, logLikelihood: -10068.352864
[00:15:59] Bootstrap tree #86, logLikelihood: -10069.115084
[00:16:10] Bootstrap tree #87, logLikelihood: -10393.292538
[00:16:19] Bootstrap tree #88, logLikelihood: -9427.536973
[00:16:30] Bootstrap tree #89, logLikelihood: -9660.403895
[00:16:40] Bootstrap tree #90, logLikelihood: -9719.158497
[00:16:49] Bootstrap tree #91, logLikelihood: -9585.572058
[00:17:01] Bootstrap tree #92, logLikelihood: -10426.067741
[00:17:12] Bootstrap tree #93, logLikelihood: -9750.129738
[00:17:22] Bootstrap tree #94, logLikelihood: -10034.743861
[00:17:36] Bootstrap tree #95, logLikelihood: -10046.766153
[00:17:48] Bootstrap tree #96, logLikelihood: -9867.163459
[00:18:01] Bootstrap tree #97, logLikelihood: -10165.156436
[00:18:13] Bootstrap tree #98, logLikelihood: -9778.095610
[00:18:23] Bootstrap tree #99, logLikelihood: -9418.218077
[00:18:33] Bootstrap tree #100, logLikelihood: -9751.780588

Optimized model parameters:

   Partition 0: noname
   Rate heterogeneity: GAMMA (4 cats, mean),  alpha: 0.454499 (ML),  weights&rates: (0.250000,0.025297) (0.250000,0.221177) (0.250000,0.784113) (0.250000,2.969412) 
   Base frequencies (ML): 0.243657 0.284575 0.236251 0.235517 
   Substitution rates (ML): 1.167026 5.080528 0.784404 1.335411 4.979392 1.000000 

Final LogLikelihood: -9943.676857

All ML trees saved to: /mnt/lustre/scratch/home/uvi/be/avs/cancer_genes_selection/genes/HERPUD1/tree/HERPUD1_trimmed.raxml.mlTrees
Best ML tree saved to: /mnt/lustre/scratch/home/uvi/be/avs/cancer_genes_selection/genes/HERPUD1/tree/HERPUD1_trimmed.raxml.bestTree
Best ML tree with bootstrap support values saved to: /mnt/lustre/scratch/home/uvi/be/avs/cancer_genes_selection/genes/HERPUD1/tree/HERPUD1_trimmed.raxml.support
Optimized model saved to: /mnt/lustre/scratch/home/uvi/be/avs/cancer_genes_selection/genes/HERPUD1/tree/HERPUD1_trimmed.raxml.bestModel
Bootstrap trees saved to: /mnt/lustre/scratch/home/uvi/be/avs/cancer_genes_selection/genes/HERPUD1/tree/HERPUD1_trimmed.raxml.bootstraps

Execution log saved to: /mnt/lustre/scratch/home/uvi/be/avs/cancer_genes_selection/genes/HERPUD1/tree/HERPUD1_trimmed.raxml.log

Analysis started: 26-Mar-2018 21:57:24 / finished: 26-Mar-2018 22:16:02

Elapsed time: 1117.901 seconds

