
RAxML-NG v. 0.5.1b BETA released on 01.12.2017 by The Exelixis Lab.
Authors: Alexey Kozlov, Alexandros Stamatakis, Diego Darriba, Tomas Flouri, Benoit Morel.
Latest version: https://github.com/amkozlov/raxml-ng
Questions/problems/suggestions? Please visit: https://groups.google.com/forum/#!forum/raxml

WARNING: This is a BETA release, please use at your own risk!

RAxML-NG was called as follows:

raxml-ng-mpi --all --msa /mnt/lustre/scratch/home/uvi/be/avs/cancer_genes_selection/genes/YWHAE/align/YWHAE_align_DNA_trimmed.fasta --model GTR+G -tree pars{10} --bs-trees 100 --prefix /mnt/lustre/scratch/home/uvi/be/avs/cancer_genes_selection/genes/YWHAE/tree/YWHAE --redo

Analysis options:
  run mode: ML tree search + bootstrapping
  start tree(s): parsimony (10)
  random seed: 1521675386
  tip-inner: ON
  pattern compression: ON
  per-rate scalers: OFF
  site repeats: OFF
  branch lengths: ML estimate (linked)
  SIMD kernels: AVX2
  parallelization: NONE/sequential

WARNING: Running in REDO mode: existing checkpoints are ignored, and all result files will be overwritten!

[00:00:00] Reading alignment from file: /mnt/lustre/scratch/home/uvi/be/avs/cancer_genes_selection/genes/YWHAE/align/YWHAE_align_DNA_trimmed.fasta
[00:00:00] Loaded alignment with 27 taxa and 768 sites

Alignment comprises 1 partitions and 179 patterns

Partition 0: noname
Model: GTR+FO+G4m
Alignment sites / patterns: 768 / 179
Gaps: 3.67 %
Invariant sites: 79.17 %


[00:00:00] Generating parsimony starting tree(s) with 27 taxa
[00:00:01] Data distribution: partitions/thread: 1-1, patterns/thread: 179-179

Starting ML tree search with 10 distinct starting trees

[00:00:05] ML tree search #1, logLikelihood: -2679.950900
[00:00:08] ML tree search #2, logLikelihood: -2682.581025
[00:00:13] ML tree search #3, logLikelihood: -2679.950879
[00:00:18] ML tree search #4, logLikelihood: -2679.951587
[00:00:21] ML tree search #5, logLikelihood: -2682.581170
[00:00:26] ML tree search #6, logLikelihood: -2679.951695
[00:00:30] ML tree search #7, logLikelihood: -2681.852110
[00:00:35] ML tree search #8, logLikelihood: -2681.852311
[00:00:42] ML tree search #9, logLikelihood: -2682.581611
[00:00:46] ML tree search #10, logLikelihood: -2679.951763

[00:00:46] ML tree search completed, best tree logLH: -2679.950879

[00:00:46] Starting bootstrapping analysis with 100 replicates.

[00:00:50] Bootstrap tree #1, logLikelihood: -2487.957358
[00:00:55] Bootstrap tree #2, logLikelihood: -2700.274969
[00:01:00] Bootstrap tree #3, logLikelihood: -2781.097758
[00:01:03] Bootstrap tree #4, logLikelihood: -2876.239315
[00:01:07] Bootstrap tree #5, logLikelihood: -2694.896012
[00:01:12] Bootstrap tree #6, logLikelihood: -2669.632784
[00:01:16] Bootstrap tree #7, logLikelihood: -2741.245252
[00:01:21] Bootstrap tree #8, logLikelihood: -2787.897026
[00:01:25] Bootstrap tree #9, logLikelihood: -2719.395780
[00:01:30] Bootstrap tree #10, logLikelihood: -2613.646273
[00:01:35] Bootstrap tree #11, logLikelihood: -2701.794964
[00:01:42] Bootstrap tree #12, logLikelihood: -2531.218724
[00:01:46] Bootstrap tree #13, logLikelihood: -2850.696682
[00:01:51] Bootstrap tree #14, logLikelihood: -2563.986950
[00:01:55] Bootstrap tree #15, logLikelihood: -2486.327976
[00:02:00] Bootstrap tree #16, logLikelihood: -2445.787990
[00:02:06] Bootstrap tree #17, logLikelihood: -2730.067573
[00:02:11] Bootstrap tree #18, logLikelihood: -2748.279334
[00:02:15] Bootstrap tree #19, logLikelihood: -2789.798189
[00:02:20] Bootstrap tree #20, logLikelihood: -2785.433221
[00:02:25] Bootstrap tree #21, logLikelihood: -2543.845513
[00:02:30] Bootstrap tree #22, logLikelihood: -2686.462750
[00:02:36] Bootstrap tree #23, logLikelihood: -2764.116562
[00:02:40] Bootstrap tree #24, logLikelihood: -2607.050289
[00:02:45] Bootstrap tree #25, logLikelihood: -2765.527738
[00:02:50] Bootstrap tree #26, logLikelihood: -2715.402293
[00:02:54] Bootstrap tree #27, logLikelihood: -2600.720298
[00:02:59] Bootstrap tree #28, logLikelihood: -2737.220620
[00:03:04] Bootstrap tree #29, logLikelihood: -2669.239110
[00:03:09] Bootstrap tree #30, logLikelihood: -2775.029718
[00:03:14] Bootstrap tree #31, logLikelihood: -2693.275216
[00:03:18] Bootstrap tree #32, logLikelihood: -2680.448696
[00:03:23] Bootstrap tree #33, logLikelihood: -2408.294553
[00:03:28] Bootstrap tree #34, logLikelihood: -2632.055717
[00:03:32] Bootstrap tree #35, logLikelihood: -2755.373801
[00:03:36] Bootstrap tree #36, logLikelihood: -2777.418165
[00:03:41] Bootstrap tree #37, logLikelihood: -2679.837584
[00:03:46] Bootstrap tree #38, logLikelihood: -2639.425918
[00:03:52] Bootstrap tree #39, logLikelihood: -2441.945151
[00:03:57] Bootstrap tree #40, logLikelihood: -2676.141880
[00:04:02] Bootstrap tree #41, logLikelihood: -2622.485178
[00:04:07] Bootstrap tree #42, logLikelihood: -2624.650685
[00:04:13] Bootstrap tree #43, logLikelihood: -2575.605782
[00:04:18] Bootstrap tree #44, logLikelihood: -2770.336701
[00:04:23] Bootstrap tree #45, logLikelihood: -2668.266371
[00:04:28] Bootstrap tree #46, logLikelihood: -2683.502887
[00:04:35] Bootstrap tree #47, logLikelihood: -2728.880041
[00:04:40] Bootstrap tree #48, logLikelihood: -2787.106509
[00:04:47] Bootstrap tree #49, logLikelihood: -2585.621333
[00:04:52] Bootstrap tree #50, logLikelihood: -2676.877261
[00:04:59] Bootstrap tree #51, logLikelihood: -2522.278555
[00:05:05] Bootstrap tree #52, logLikelihood: -2714.809948
[00:05:10] Bootstrap tree #53, logLikelihood: -2558.116735
[00:05:16] Bootstrap tree #54, logLikelihood: -2737.804395
[00:05:22] Bootstrap tree #55, logLikelihood: -2728.846611
[00:05:28] Bootstrap tree #56, logLikelihood: -2589.501759
[00:05:34] Bootstrap tree #57, logLikelihood: -2517.717066
[00:05:39] Bootstrap tree #58, logLikelihood: -2679.553417
[00:05:48] Bootstrap tree #59, logLikelihood: -2489.581102
[00:05:55] Bootstrap tree #60, logLikelihood: -2588.078520
[00:06:00] Bootstrap tree #61, logLikelihood: -2505.166150
[00:06:07] Bootstrap tree #62, logLikelihood: -2478.670877
[00:06:12] Bootstrap tree #63, logLikelihood: -2566.937028
[00:06:18] Bootstrap tree #64, logLikelihood: -2425.297489
[00:06:23] Bootstrap tree #65, logLikelihood: -2648.202514
[00:06:29] Bootstrap tree #66, logLikelihood: -2730.161406
[00:06:34] Bootstrap tree #67, logLikelihood: -2640.915040
[00:06:39] Bootstrap tree #68, logLikelihood: -2561.243941
[00:06:46] Bootstrap tree #69, logLikelihood: -2708.103928
[00:06:53] Bootstrap tree #70, logLikelihood: -2601.823911
[00:06:58] Bootstrap tree #71, logLikelihood: -2636.011734
[00:07:03] Bootstrap tree #72, logLikelihood: -2787.950104
[00:07:09] Bootstrap tree #73, logLikelihood: -2549.312768
[00:07:14] Bootstrap tree #74, logLikelihood: -2859.018039
[00:07:19] Bootstrap tree #75, logLikelihood: -2677.739536
[00:07:25] Bootstrap tree #76, logLikelihood: -2729.769418
[00:07:32] Bootstrap tree #77, logLikelihood: -2625.885016
[00:07:39] Bootstrap tree #78, logLikelihood: -2466.213566
[00:07:45] Bootstrap tree #79, logLikelihood: -2695.494056
[00:07:50] Bootstrap tree #80, logLikelihood: -2503.968416
[00:07:56] Bootstrap tree #81, logLikelihood: -2713.424878
[00:08:02] Bootstrap tree #82, logLikelihood: -2708.071936
[00:08:08] Bootstrap tree #83, logLikelihood: -2551.632658
[00:08:14] Bootstrap tree #84, logLikelihood: -2787.489829
[00:08:21] Bootstrap tree #85, logLikelihood: -2485.193203
[00:08:27] Bootstrap tree #86, logLikelihood: -2624.851602
[00:08:33] Bootstrap tree #87, logLikelihood: -2684.670818
[00:08:37] Bootstrap tree #88, logLikelihood: -2791.747613
[00:08:44] Bootstrap tree #89, logLikelihood: -2519.026375
[00:08:49] Bootstrap tree #90, logLikelihood: -2778.351927
[00:08:55] Bootstrap tree #91, logLikelihood: -2555.916622
[00:09:01] Bootstrap tree #92, logLikelihood: -2535.600004
[00:09:08] Bootstrap tree #93, logLikelihood: -2653.072867
[00:09:14] Bootstrap tree #94, logLikelihood: -2526.719561
[00:09:20] Bootstrap tree #95, logLikelihood: -2671.465391
[00:09:25] Bootstrap tree #96, logLikelihood: -2689.285146
[00:09:31] Bootstrap tree #97, logLikelihood: -2613.528950
[00:09:38] Bootstrap tree #98, logLikelihood: -2525.175201
[00:09:47] Bootstrap tree #99, logLikelihood: -2716.365680
[00:09:58] Bootstrap tree #100, logLikelihood: -2478.705439

Optimized model parameters:

   Partition 0: noname
   Rate heterogeneity: GAMMA (4 cats, mean),  alpha: 0.174963 (ML),  weights&rates: (0.250000,0.000198) (0.250000,0.020694) (0.250000,0.315253) (0.250000,3.663856) 
   Base frequencies (ML): 0.306744 0.203766 0.269420 0.220070 
   Substitution rates (ML): 3.025300 9.235872 3.190709 0.225233 29.184929 1.000000 

Final LogLikelihood: -2679.950879

All ML trees saved to: /mnt/lustre/scratch/home/uvi/be/avs/cancer_genes_selection/genes/YWHAE/tree/YWHAE.raxml.mlTrees
Best ML tree saved to: /mnt/lustre/scratch/home/uvi/be/avs/cancer_genes_selection/genes/YWHAE/tree/YWHAE.raxml.bestTree
Best ML tree with bootstrap support values saved to: /mnt/lustre/scratch/home/uvi/be/avs/cancer_genes_selection/genes/YWHAE/tree/YWHAE.raxml.support
Optimized model saved to: /mnt/lustre/scratch/home/uvi/be/avs/cancer_genes_selection/genes/YWHAE/tree/YWHAE.raxml.bestModel
Bootstrap trees saved to: /mnt/lustre/scratch/home/uvi/be/avs/cancer_genes_selection/genes/YWHAE/tree/YWHAE.raxml.bootstraps

Execution log saved to: /mnt/lustre/scratch/home/uvi/be/avs/cancer_genes_selection/genes/YWHAE/tree/YWHAE.raxml.log

Analysis started: 22-Mar-2018 00:36:26 / finished: 22-Mar-2018 00:46:26

Elapsed time: 600.469 seconds

