
RAxML-NG v. 0.5.1b BETA released on 01.12.2017 by The Exelixis Lab.
Authors: Alexey Kozlov, Alexandros Stamatakis, Diego Darriba, Tomas Flouri, Benoit Morel.
Latest version: https://github.com/amkozlov/raxml-ng
Questions/problems/suggestions? Please visit: https://groups.google.com/forum/#!forum/raxml

WARNING: This is a BETA release, please use at your own risk!

RAxML-NG was called as follows:

raxml-ng-mpi --all --msa /mnt/lustre/scratch/home/uvi/be/avs/cancer_genes_selection/genes/PTPN11/align/PTPN11_align_DNA_trimmed.fasta --model GTR+G -tree pars{10} --bs-trees 100 --prefix /mnt/lustre/scratch/home/uvi/be/avs/cancer_genes_selection/genes/PTPN11/tree/PTPN11 --redo

Analysis options:
  run mode: ML tree search + bootstrapping
  start tree(s): parsimony (10)
  random seed: 1521667505
  tip-inner: ON
  pattern compression: ON
  per-rate scalers: OFF
  site repeats: OFF
  branch lengths: ML estimate (linked)
  SIMD kernels: AVX2
  parallelization: NONE/sequential

WARNING: Running in REDO mode: existing checkpoints are ignored, and all result files will be overwritten!

[00:00:00] Reading alignment from file: /mnt/lustre/scratch/home/uvi/be/avs/cancer_genes_selection/genes/PTPN11/align/PTPN11_align_DNA_trimmed.fasta
[00:00:00] Loaded alignment with 29 taxa and 1782 sites

Alignment comprises 1 partitions and 718 patterns

Partition 0: noname
Model: GTR+FO+G4m
Alignment sites / patterns: 1782 / 718
Gaps: 13.68 %
Invariant sites: 60.27 %


[00:00:00] Generating parsimony starting tree(s) with 29 taxa
[00:00:01] Data distribution: partitions/thread: 1-1, patterns/thread: 718-718

Starting ML tree search with 10 distinct starting trees

[00:00:07] ML tree search #1, logLikelihood: -11334.121530
[00:00:14] ML tree search #2, logLikelihood: -11334.121079
[00:00:22] ML tree search #3, logLikelihood: -11334.122000
[00:00:30] ML tree search #4, logLikelihood: -11334.121677
[00:00:36] ML tree search #5, logLikelihood: -11334.123897
[00:00:44] ML tree search #6, logLikelihood: -11334.120964
[00:00:51] ML tree search #7, logLikelihood: -11334.122509
[00:01:00] ML tree search #8, logLikelihood: -11334.121439
[00:01:08] ML tree search #9, logLikelihood: -11334.122566
[00:01:15] ML tree search #10, logLikelihood: -11334.122562

[00:01:15] ML tree search completed, best tree logLH: -11334.120964

[00:01:15] Starting bootstrapping analysis with 100 replicates.

[00:01:22] Bootstrap tree #1, logLikelihood: -11445.259448
[00:01:28] Bootstrap tree #2, logLikelihood: -11391.503837
[00:01:36] Bootstrap tree #3, logLikelihood: -11638.471151
[00:01:43] Bootstrap tree #4, logLikelihood: -11865.933503
[00:01:51] Bootstrap tree #5, logLikelihood: -11505.583003
[00:01:58] Bootstrap tree #6, logLikelihood: -11337.477438
[00:02:05] Bootstrap tree #7, logLikelihood: -11652.837897
[00:02:14] Bootstrap tree #8, logLikelihood: -10996.654895
[00:02:21] Bootstrap tree #9, logLikelihood: -11094.628446
[00:02:27] Bootstrap tree #10, logLikelihood: -11522.812750
[00:02:37] Bootstrap tree #11, logLikelihood: -11471.528791
[00:02:44] Bootstrap tree #12, logLikelihood: -11085.047829
[00:02:51] Bootstrap tree #13, logLikelihood: -11070.209364
[00:03:00] Bootstrap tree #14, logLikelihood: -11576.455670
[00:03:09] Bootstrap tree #15, logLikelihood: -11101.232693
[00:03:17] Bootstrap tree #16, logLikelihood: -10991.298880
[00:03:24] Bootstrap tree #17, logLikelihood: -10565.123046
[00:03:33] Bootstrap tree #18, logLikelihood: -11690.298108
[00:03:43] Bootstrap tree #19, logLikelihood: -10991.701779
[00:03:51] Bootstrap tree #20, logLikelihood: -10704.030390
[00:03:58] Bootstrap tree #21, logLikelihood: -10865.263409
[00:04:06] Bootstrap tree #22, logLikelihood: -11555.259556
[00:04:14] Bootstrap tree #23, logLikelihood: -10992.719526
[00:04:22] Bootstrap tree #24, logLikelihood: -11212.751455
[00:04:30] Bootstrap tree #25, logLikelihood: -11216.656758
[00:04:38] Bootstrap tree #26, logLikelihood: -11336.616532
[00:04:47] Bootstrap tree #27, logLikelihood: -11460.807214
[00:04:56] Bootstrap tree #28, logLikelihood: -11180.230921
[00:05:05] Bootstrap tree #29, logLikelihood: -11152.385253
[00:05:13] Bootstrap tree #30, logLikelihood: -11258.673354
[00:05:22] Bootstrap tree #31, logLikelihood: -11498.740909
[00:05:29] Bootstrap tree #32, logLikelihood: -11193.688699
[00:05:39] Bootstrap tree #33, logLikelihood: -11009.539637
[00:05:46] Bootstrap tree #34, logLikelihood: -11101.336275
[00:05:56] Bootstrap tree #35, logLikelihood: -10879.762020
[00:06:04] Bootstrap tree #36, logLikelihood: -11048.479339
[00:06:13] Bootstrap tree #37, logLikelihood: -10766.254484
[00:06:20] Bootstrap tree #38, logLikelihood: -11254.377164
[00:06:28] Bootstrap tree #39, logLikelihood: -11681.422876
[00:06:38] Bootstrap tree #40, logLikelihood: -11114.443088
[00:06:45] Bootstrap tree #41, logLikelihood: -11363.808140
[00:06:53] Bootstrap tree #42, logLikelihood: -11847.156420
[00:07:02] Bootstrap tree #43, logLikelihood: -11546.103238
[00:07:11] Bootstrap tree #44, logLikelihood: -11497.977320
[00:07:22] Bootstrap tree #45, logLikelihood: -11351.097311
[00:07:29] Bootstrap tree #46, logLikelihood: -10952.522393
[00:07:40] Bootstrap tree #47, logLikelihood: -10964.153282
[00:07:49] Bootstrap tree #48, logLikelihood: -11442.764204
[00:07:57] Bootstrap tree #49, logLikelihood: -11047.355521
[00:08:09] Bootstrap tree #50, logLikelihood: -11194.771902
[00:08:16] Bootstrap tree #51, logLikelihood: -11080.635502
[00:08:25] Bootstrap tree #52, logLikelihood: -11291.961091
[00:08:34] Bootstrap tree #53, logLikelihood: -11090.752228
[00:08:45] Bootstrap tree #54, logLikelihood: -11545.183373
[00:08:54] Bootstrap tree #55, logLikelihood: -11403.922706
[00:09:02] Bootstrap tree #56, logLikelihood: -11376.371805
[00:09:10] Bootstrap tree #57, logLikelihood: -11243.371960
[00:09:19] Bootstrap tree #58, logLikelihood: -11771.559215
[00:09:27] Bootstrap tree #59, logLikelihood: -11322.400277
[00:09:36] Bootstrap tree #60, logLikelihood: -11140.198432
[00:09:44] Bootstrap tree #61, logLikelihood: -11358.099121
[00:09:58] Bootstrap tree #62, logLikelihood: -10765.283446
[00:10:08] Bootstrap tree #63, logLikelihood: -11510.025954
[00:10:20] Bootstrap tree #64, logLikelihood: -11037.779590
[00:10:28] Bootstrap tree #65, logLikelihood: -11478.574230
[00:10:37] Bootstrap tree #66, logLikelihood: -11602.854241
[00:10:53] Bootstrap tree #67, logLikelihood: -11564.179630
[00:11:03] Bootstrap tree #68, logLikelihood: -11233.106439
[00:11:28] Bootstrap tree #69, logLikelihood: -11143.835432
[00:11:54] Bootstrap tree #70, logLikelihood: -11111.871947
[00:12:03] Bootstrap tree #71, logLikelihood: -11572.419190
[00:12:11] Bootstrap tree #72, logLikelihood: -11666.582768
[00:12:21] Bootstrap tree #73, logLikelihood: -11181.566420
[00:12:32] Bootstrap tree #74, logLikelihood: -11784.356228
[00:12:41] Bootstrap tree #75, logLikelihood: -11467.302277
[00:12:52] Bootstrap tree #76, logLikelihood: -11389.709590
[00:13:00] Bootstrap tree #77, logLikelihood: -10970.035111
[00:13:13] Bootstrap tree #78, logLikelihood: -11249.590584
[00:13:23] Bootstrap tree #79, logLikelihood: -11141.848946
[00:13:31] Bootstrap tree #80, logLikelihood: -11857.039529
[00:13:40] Bootstrap tree #81, logLikelihood: -10544.251917
[00:13:52] Bootstrap tree #82, logLikelihood: -11518.726508
[00:14:00] Bootstrap tree #83, logLikelihood: -11018.385136
[00:14:09] Bootstrap tree #84, logLikelihood: -11208.251395
[00:14:21] Bootstrap tree #85, logLikelihood: -11489.608792
[00:14:30] Bootstrap tree #86, logLikelihood: -11193.246758
[00:14:39] Bootstrap tree #87, logLikelihood: -11767.924113
[00:14:48] Bootstrap tree #88, logLikelihood: -11715.139379
[00:14:56] Bootstrap tree #89, logLikelihood: -11190.261192
[00:15:08] Bootstrap tree #90, logLikelihood: -11054.050178
[00:15:17] Bootstrap tree #91, logLikelihood: -11265.598036
[00:15:26] Bootstrap tree #92, logLikelihood: -11924.947873
[00:15:36] Bootstrap tree #93, logLikelihood: -11633.201023
[00:15:47] Bootstrap tree #94, logLikelihood: -11037.355165
[00:15:58] Bootstrap tree #95, logLikelihood: -11272.782515
[00:16:09] Bootstrap tree #96, logLikelihood: -11128.331831
[00:16:18] Bootstrap tree #97, logLikelihood: -11454.554714
[00:16:31] Bootstrap tree #98, logLikelihood: -11381.228562
[00:16:40] Bootstrap tree #99, logLikelihood: -11617.022796
[00:16:49] Bootstrap tree #100, logLikelihood: -11316.347984

Optimized model parameters:

   Partition 0: noname
   Rate heterogeneity: GAMMA (4 cats, mean),  alpha: 0.298101 (ML),  weights&rates: (0.250000,0.005143) (0.250000,0.103019) (0.250000,0.592600) (0.250000,3.299238) 
   Base frequencies (ML): 0.266079 0.226560 0.272605 0.234756 
   Substitution rates (ML): 2.096297 6.574933 0.982239 1.391345 11.693979 1.000000 

Final LogLikelihood: -11334.120964

All ML trees saved to: /mnt/lustre/scratch/home/uvi/be/avs/cancer_genes_selection/genes/PTPN11/tree/PTPN11.raxml.mlTrees
Best ML tree saved to: /mnt/lustre/scratch/home/uvi/be/avs/cancer_genes_selection/genes/PTPN11/tree/PTPN11.raxml.bestTree
Best ML tree with bootstrap support values saved to: /mnt/lustre/scratch/home/uvi/be/avs/cancer_genes_selection/genes/PTPN11/tree/PTPN11.raxml.support
Optimized model saved to: /mnt/lustre/scratch/home/uvi/be/avs/cancer_genes_selection/genes/PTPN11/tree/PTPN11.raxml.bestModel
Bootstrap trees saved to: /mnt/lustre/scratch/home/uvi/be/avs/cancer_genes_selection/genes/PTPN11/tree/PTPN11.raxml.bootstraps

Execution log saved to: /mnt/lustre/scratch/home/uvi/be/avs/cancer_genes_selection/genes/PTPN11/tree/PTPN11.raxml.log

Analysis started: 21-Mar-2018 22:25:05 / finished: 21-Mar-2018 22:41:57

Elapsed time: 1012.419 seconds

