
RAxML-NG v. 0.5.1b BETA released on 01.12.2017 by The Exelixis Lab.
Authors: Alexey Kozlov, Alexandros Stamatakis, Diego Darriba, Tomas Flouri, Benoit Morel.
Latest version: https://github.com/amkozlov/raxml-ng
Questions/problems/suggestions? Please visit: https://groups.google.com/forum/#!forum/raxml

WARNING: This is a BETA release, please use at your own risk!

RAxML-NG was called as follows:

raxml-ng-mpi --all --msa /mnt/lustre/scratch/home/uvi/be/avs/cancer_genes_selection/genes/HNRNPA2B1/align/HNRNPA2B1_align_DNA_trimmed.fasta --model GTR+G -tree pars{10} --bs-trees 100 --prefix /mnt/lustre/scratch/home/uvi/be/avs/cancer_genes_selection/genes/HNRNPA2B1/tree/HNRNPA2B1 --redo

Analysis options:
  run mode: ML tree search + bootstrapping
  start tree(s): parsimony (10)
  random seed: 1521658411
  tip-inner: ON
  pattern compression: ON
  per-rate scalers: OFF
  site repeats: OFF
  branch lengths: ML estimate (linked)
  SIMD kernels: AVX2
  parallelization: NONE/sequential

WARNING: Running in REDO mode: existing checkpoints are ignored, and all result files will be overwritten!

[00:00:00] Reading alignment from file: /mnt/lustre/scratch/home/uvi/be/avs/cancer_genes_selection/genes/HNRNPA2B1/align/HNRNPA2B1_align_DNA_trimmed.fasta
[00:00:00] Loaded alignment with 31 taxa and 1062 sites

Alignment comprises 1 partitions and 681 patterns

Partition 0: noname
Model: GTR+FO+G4m
Alignment sites / patterns: 1062 / 681
Gaps: 14.93 %
Invariant sites: 23.54 %


[00:00:00] Generating parsimony starting tree(s) with 31 taxa
[00:00:01] Data distribution: partitions/thread: 1-1, patterns/thread: 681-681

Starting ML tree search with 10 distinct starting trees

[00:00:10] ML tree search #1, logLikelihood: -7597.047514
[00:00:20] ML tree search #2, logLikelihood: -7597.113059
[00:00:30] ML tree search #3, logLikelihood: -7597.084036
[00:00:41] ML tree search #4, logLikelihood: -7597.152729
[00:00:51] ML tree search #5, logLikelihood: -7597.125082
[00:01:00] ML tree search #6, logLikelihood: -7597.128431
[00:01:09] ML tree search #7, logLikelihood: -7597.088205
[00:01:19] ML tree search #8, logLikelihood: -7597.133239
[00:01:31] ML tree search #9, logLikelihood: -7597.111454
[00:01:41] ML tree search #10, logLikelihood: -7597.110059

[00:01:41] ML tree search completed, best tree logLH: -7597.047514

[00:01:41] Starting bootstrapping analysis with 100 replicates.

[00:01:49] Bootstrap tree #1, logLikelihood: -7599.268002
[00:01:58] Bootstrap tree #2, logLikelihood: -7428.097273
[00:02:07] Bootstrap tree #3, logLikelihood: -7683.034451
[00:02:15] Bootstrap tree #4, logLikelihood: -7716.259865
[00:02:25] Bootstrap tree #5, logLikelihood: -7683.775437
[00:02:33] Bootstrap tree #6, logLikelihood: -7257.108797
[00:02:42] Bootstrap tree #7, logLikelihood: -7042.495894
[00:02:50] Bootstrap tree #8, logLikelihood: -7423.750366
[00:02:59] Bootstrap tree #9, logLikelihood: -7454.736340
[00:03:09] Bootstrap tree #10, logLikelihood: -7703.743514
[00:03:18] Bootstrap tree #11, logLikelihood: -7668.076746
[00:03:28] Bootstrap tree #12, logLikelihood: -7564.985327
[00:03:38] Bootstrap tree #13, logLikelihood: -7190.097564
[00:03:47] Bootstrap tree #14, logLikelihood: -7631.698312
[00:03:59] Bootstrap tree #15, logLikelihood: -7510.503650
[00:04:08] Bootstrap tree #16, logLikelihood: -7543.534713
[00:04:17] Bootstrap tree #17, logLikelihood: -7528.386055
[00:04:25] Bootstrap tree #18, logLikelihood: -7588.580721
[00:04:34] Bootstrap tree #19, logLikelihood: -7457.146832
[00:04:41] Bootstrap tree #20, logLikelihood: -7724.582594
[00:04:49] Bootstrap tree #21, logLikelihood: -7292.766882
[00:04:59] Bootstrap tree #22, logLikelihood: -7427.830516
[00:05:08] Bootstrap tree #23, logLikelihood: -7814.069024
[00:05:18] Bootstrap tree #24, logLikelihood: -7363.791488
[00:05:26] Bootstrap tree #25, logLikelihood: -7834.733740
[00:05:36] Bootstrap tree #26, logLikelihood: -7732.712050
[00:05:45] Bootstrap tree #27, logLikelihood: -7616.389265
[00:05:54] Bootstrap tree #28, logLikelihood: -7648.498959
[00:06:02] Bootstrap tree #29, logLikelihood: -7426.053969
[00:06:10] Bootstrap tree #30, logLikelihood: -7331.126120
[00:06:20] Bootstrap tree #31, logLikelihood: -7562.409305
[00:06:29] Bootstrap tree #32, logLikelihood: -7774.579604
[00:06:38] Bootstrap tree #33, logLikelihood: -7407.299171
[00:06:47] Bootstrap tree #34, logLikelihood: -7520.292900
[00:06:55] Bootstrap tree #35, logLikelihood: -7759.666499
[00:07:05] Bootstrap tree #36, logLikelihood: -7379.683468
[00:07:14] Bootstrap tree #37, logLikelihood: -7801.549111
[00:07:23] Bootstrap tree #38, logLikelihood: -7466.535721
[00:07:32] Bootstrap tree #39, logLikelihood: -7356.781835
[00:07:47] Bootstrap tree #40, logLikelihood: -7310.506947
[00:07:57] Bootstrap tree #41, logLikelihood: -7467.085890
[00:08:09] Bootstrap tree #42, logLikelihood: -7684.549638
[00:08:19] Bootstrap tree #43, logLikelihood: -7485.755419
[00:08:27] Bootstrap tree #44, logLikelihood: -7509.609195
[00:08:38] Bootstrap tree #45, logLikelihood: -7349.105673
[00:08:51] Bootstrap tree #46, logLikelihood: -7468.847340
[00:08:59] Bootstrap tree #47, logLikelihood: -7407.761084
[00:09:10] Bootstrap tree #48, logLikelihood: -7538.385582
[00:09:19] Bootstrap tree #49, logLikelihood: -7935.558076
[00:09:29] Bootstrap tree #50, logLikelihood: -7416.750305
[00:09:39] Bootstrap tree #51, logLikelihood: -7499.658699
[00:09:50] Bootstrap tree #52, logLikelihood: -7184.624147
[00:10:00] Bootstrap tree #53, logLikelihood: -7570.752199
[00:10:09] Bootstrap tree #54, logLikelihood: -7613.261635
[00:10:20] Bootstrap tree #55, logLikelihood: -7475.483418
[00:10:30] Bootstrap tree #56, logLikelihood: -7779.419384
[00:10:39] Bootstrap tree #57, logLikelihood: -7682.640560
[00:10:50] Bootstrap tree #58, logLikelihood: -7621.183994
[00:10:59] Bootstrap tree #59, logLikelihood: -7453.949439
[00:11:08] Bootstrap tree #60, logLikelihood: -7355.300710
[00:11:16] Bootstrap tree #61, logLikelihood: -7625.007966
[00:11:24] Bootstrap tree #62, logLikelihood: -7663.506434
[00:11:34] Bootstrap tree #63, logLikelihood: -7643.519101
[00:11:44] Bootstrap tree #64, logLikelihood: -7241.855072
[00:11:52] Bootstrap tree #65, logLikelihood: -7448.950617
[00:12:01] Bootstrap tree #66, logLikelihood: -7798.376674
[00:12:09] Bootstrap tree #67, logLikelihood: -7458.757755
[00:12:19] Bootstrap tree #68, logLikelihood: -7598.013023
[00:12:28] Bootstrap tree #69, logLikelihood: -7635.865971
[00:12:36] Bootstrap tree #70, logLikelihood: -7509.539196
[00:12:48] Bootstrap tree #71, logLikelihood: -7743.594069
[00:13:01] Bootstrap tree #72, logLikelihood: -7675.996503
[00:13:11] Bootstrap tree #73, logLikelihood: -7367.321518
[00:13:21] Bootstrap tree #74, logLikelihood: -8067.226153
[00:13:32] Bootstrap tree #75, logLikelihood: -7778.252255
[00:13:47] Bootstrap tree #76, logLikelihood: -7657.305819
[00:13:56] Bootstrap tree #77, logLikelihood: -7632.383500
[00:14:05] Bootstrap tree #78, logLikelihood: -7660.150377
[00:14:19] Bootstrap tree #79, logLikelihood: -7528.668875
[00:14:31] Bootstrap tree #80, logLikelihood: -7555.165904
[00:14:43] Bootstrap tree #81, logLikelihood: -7471.190503
[00:14:53] Bootstrap tree #82, logLikelihood: -7351.192292
[00:15:01] Bootstrap tree #83, logLikelihood: -7593.785060
[00:15:11] Bootstrap tree #84, logLikelihood: -7700.382927
[00:15:20] Bootstrap tree #85, logLikelihood: -7514.348210
[00:15:32] Bootstrap tree #86, logLikelihood: -7413.635863
[00:15:43] Bootstrap tree #87, logLikelihood: -7612.812638
[00:15:54] Bootstrap tree #88, logLikelihood: -7481.526199
[00:16:03] Bootstrap tree #89, logLikelihood: -7532.334482
[00:16:12] Bootstrap tree #90, logLikelihood: -7524.918813
[00:16:21] Bootstrap tree #91, logLikelihood: -7719.476765
[00:16:32] Bootstrap tree #92, logLikelihood: -7538.787834
[00:16:44] Bootstrap tree #93, logLikelihood: -7872.040363
[00:16:54] Bootstrap tree #94, logLikelihood: -7516.726978
[00:17:03] Bootstrap tree #95, logLikelihood: -7294.999048
[00:17:12] Bootstrap tree #96, logLikelihood: -7426.961020
[00:17:23] Bootstrap tree #97, logLikelihood: -7481.962653
[00:17:35] Bootstrap tree #98, logLikelihood: -7343.431667
[00:17:46] Bootstrap tree #99, logLikelihood: -7290.446069
[00:17:57] Bootstrap tree #100, logLikelihood: -7459.458487

Optimized model parameters:

   Partition 0: noname
   Rate heterogeneity: GAMMA (4 cats, mean),  alpha: 0.556386 (ML),  weights&rates: (0.250000,0.044256) (0.250000,0.287142) (0.250000,0.857326) (0.250000,2.811276) 
   Base frequencies (ML): 0.324929 0.133709 0.257691 0.283671 
   Substitution rates (ML): 7.286623 6.850841 2.082476 1.971638 20.628131 1.000000 

Final LogLikelihood: -7597.047514

All ML trees saved to: /mnt/lustre/scratch/home/uvi/be/avs/cancer_genes_selection/genes/HNRNPA2B1/tree/HNRNPA2B1.raxml.mlTrees
Best ML tree saved to: /mnt/lustre/scratch/home/uvi/be/avs/cancer_genes_selection/genes/HNRNPA2B1/tree/HNRNPA2B1.raxml.bestTree
Best ML tree with bootstrap support values saved to: /mnt/lustre/scratch/home/uvi/be/avs/cancer_genes_selection/genes/HNRNPA2B1/tree/HNRNPA2B1.raxml.support
Optimized model saved to: /mnt/lustre/scratch/home/uvi/be/avs/cancer_genes_selection/genes/HNRNPA2B1/tree/HNRNPA2B1.raxml.bestModel
Bootstrap trees saved to: /mnt/lustre/scratch/home/uvi/be/avs/cancer_genes_selection/genes/HNRNPA2B1/tree/HNRNPA2B1.raxml.bootstraps

Execution log saved to: /mnt/lustre/scratch/home/uvi/be/avs/cancer_genes_selection/genes/HNRNPA2B1/tree/HNRNPA2B1.raxml.log

Analysis started: 21-Mar-2018 19:53:31 / finished: 21-Mar-2018 20:11:32

Elapsed time: 1080.629 seconds

