
RAxML-NG v. 0.5.1b BETA released on 01.12.2017 by The Exelixis Lab.
Authors: Alexey Kozlov, Alexandros Stamatakis, Diego Darriba, Tomas Flouri, Benoit Morel.
Latest version: https://github.com/amkozlov/raxml-ng
Questions/problems/suggestions? Please visit: https://groups.google.com/forum/#!forum/raxml

WARNING: This is a BETA release, please use at your own risk!

RAxML-NG was called as follows:

raxml-ng-mpi --all --msa /mnt/lustre/scratch/home/uvi/be/avs/cancer_genes_selection/genes/TP53/align/TP53_align_DNA_trimmed2.fasta --model GTR+G -tree pars{10} --bs-trees 100 --prefix /mnt/lustre/scratch/home/uvi/be/avs/cancer_genes_selection/genes/TP53/tree/TP53_trimmed --redo

Analysis options:
  run mode: ML tree search + bootstrapping
  start tree(s): parsimony (10)
  random seed: 1522107167
  tip-inner: ON
  pattern compression: ON
  per-rate scalers: OFF
  site repeats: OFF
  branch lengths: ML estimate (linked)
  SIMD kernels: AVX2
  parallelization: NONE/sequential

WARNING: Running in REDO mode: existing checkpoints are ignored, and all result files will be overwritten!

[00:00:00] Reading alignment from file: /mnt/lustre/scratch/home/uvi/be/avs/cancer_genes_selection/genes/TP53/align/TP53_align_DNA_trimmed2.fasta
[00:00:01] Loaded alignment with 17 taxa and 1173 sites

Alignment comprises 1 partitions and 731 patterns

Partition 0: noname
Model: GTR+FO+G4m
Alignment sites / patterns: 1173 / 731
Gaps: 4.93 %
Invariant sites: 36.06 %


[00:00:01] Generating parsimony starting tree(s) with 17 taxa
[00:00:01] Data distribution: partitions/thread: 1-1, patterns/thread: 731-731

Starting ML tree search with 10 distinct starting trees

[00:00:08] ML tree search #1, logLikelihood: -9756.916614
[00:00:15] ML tree search #2, logLikelihood: -9756.916283
[00:00:22] ML tree search #3, logLikelihood: -9756.916514
[00:00:29] ML tree search #4, logLikelihood: -9756.917615
[00:00:37] ML tree search #5, logLikelihood: -9756.916718
[00:00:45] ML tree search #6, logLikelihood: -9756.917561
[00:00:52] ML tree search #7, logLikelihood: -9756.917670
[00:00:58] ML tree search #8, logLikelihood: -9756.916779
[00:01:06] ML tree search #9, logLikelihood: -9756.916309
[00:01:13] ML tree search #10, logLikelihood: -9756.916564

[00:01:13] ML tree search completed, best tree logLH: -9756.916283

[00:01:13] Starting bootstrapping analysis with 100 replicates.

[00:01:21] Bootstrap tree #1, logLikelihood: -9906.007124
[00:01:28] Bootstrap tree #2, logLikelihood: -9454.388768
[00:01:35] Bootstrap tree #3, logLikelihood: -9969.745193
[00:01:43] Bootstrap tree #4, logLikelihood: -9665.327801
[00:01:50] Bootstrap tree #5, logLikelihood: -9702.296278
[00:01:58] Bootstrap tree #6, logLikelihood: -9614.126590
[00:02:04] Bootstrap tree #7, logLikelihood: -9823.342063
[00:02:13] Bootstrap tree #8, logLikelihood: -10005.810528
[00:02:23] Bootstrap tree #9, logLikelihood: -9838.900081
[00:02:33] Bootstrap tree #10, logLikelihood: -9289.852612
[00:02:42] Bootstrap tree #11, logLikelihood: -9691.573375
[00:02:50] Bootstrap tree #12, logLikelihood: -9913.568416
[00:02:58] Bootstrap tree #13, logLikelihood: -9538.399539
[00:03:06] Bootstrap tree #14, logLikelihood: -9612.649616
[00:03:16] Bootstrap tree #15, logLikelihood: -9855.132500
[00:03:25] Bootstrap tree #16, logLikelihood: -9874.004503
[00:03:33] Bootstrap tree #17, logLikelihood: -10068.208460
[00:03:40] Bootstrap tree #18, logLikelihood: -9424.963536
[00:03:48] Bootstrap tree #19, logLikelihood: -9667.190142
[00:03:57] Bootstrap tree #20, logLikelihood: -10147.698303
[00:04:05] Bootstrap tree #21, logLikelihood: -9755.135421
[00:04:12] Bootstrap tree #22, logLikelihood: -9618.704851
[00:04:20] Bootstrap tree #23, logLikelihood: -9250.691603
[00:04:27] Bootstrap tree #24, logLikelihood: -9734.937066
[00:04:37] Bootstrap tree #25, logLikelihood: -9763.351819
[00:04:47] Bootstrap tree #26, logLikelihood: -9777.607666
[00:04:55] Bootstrap tree #27, logLikelihood: -9873.759460
[00:05:05] Bootstrap tree #28, logLikelihood: -9604.351083
[00:05:15] Bootstrap tree #29, logLikelihood: -10023.680808
[00:05:23] Bootstrap tree #30, logLikelihood: -9510.120426
[00:05:31] Bootstrap tree #31, logLikelihood: -10140.785962
[00:05:38] Bootstrap tree #32, logLikelihood: -9419.069230
[00:05:47] Bootstrap tree #33, logLikelihood: -9750.196373
[00:05:56] Bootstrap tree #34, logLikelihood: -10075.252533
[00:06:03] Bootstrap tree #35, logLikelihood: -9921.191082
[00:06:11] Bootstrap tree #36, logLikelihood: -9801.242021
[00:06:19] Bootstrap tree #37, logLikelihood: -9929.144907
[00:06:30] Bootstrap tree #38, logLikelihood: -9941.971398
[00:06:38] Bootstrap tree #39, logLikelihood: -9745.306839
[00:06:46] Bootstrap tree #40, logLikelihood: -9703.616746
[00:06:55] Bootstrap tree #41, logLikelihood: -9687.452620
[00:07:02] Bootstrap tree #42, logLikelihood: -9474.287366
[00:07:10] Bootstrap tree #43, logLikelihood: -9579.695930
[00:07:18] Bootstrap tree #44, logLikelihood: -9801.360900
[00:07:26] Bootstrap tree #45, logLikelihood: -9688.997892
[00:07:35] Bootstrap tree #46, logLikelihood: -9829.135393
[00:07:44] Bootstrap tree #47, logLikelihood: -9522.627062
[00:07:53] Bootstrap tree #48, logLikelihood: -9694.820515
[00:08:02] Bootstrap tree #49, logLikelihood: -9827.127443
[00:08:10] Bootstrap tree #50, logLikelihood: -9525.361389
[00:08:19] Bootstrap tree #51, logLikelihood: -9312.476912
[00:08:27] Bootstrap tree #52, logLikelihood: -9595.515180
[00:08:37] Bootstrap tree #53, logLikelihood: -9879.327527
[00:08:45] Bootstrap tree #54, logLikelihood: -9768.430329
[00:08:55] Bootstrap tree #55, logLikelihood: -9815.621669
[00:09:03] Bootstrap tree #56, logLikelihood: -9679.493748
[00:09:13] Bootstrap tree #57, logLikelihood: -10095.161816
[00:09:21] Bootstrap tree #58, logLikelihood: -9680.337737
[00:09:29] Bootstrap tree #59, logLikelihood: -9360.154388
[00:09:39] Bootstrap tree #60, logLikelihood: -9678.554766
[00:09:50] Bootstrap tree #61, logLikelihood: -9696.881062
[00:09:58] Bootstrap tree #62, logLikelihood: -9903.273043
[00:10:08] Bootstrap tree #63, logLikelihood: -10112.354463
[00:10:16] Bootstrap tree #64, logLikelihood: -9602.588228
[00:10:25] Bootstrap tree #65, logLikelihood: -9410.344732
[00:10:34] Bootstrap tree #66, logLikelihood: -9719.619691
[00:10:44] Bootstrap tree #67, logLikelihood: -9431.407561
[00:10:52] Bootstrap tree #68, logLikelihood: -9348.406663
[00:11:02] Bootstrap tree #69, logLikelihood: -9770.880608
[00:11:10] Bootstrap tree #70, logLikelihood: -9452.177372
[00:11:18] Bootstrap tree #71, logLikelihood: -10052.335661
[00:11:27] Bootstrap tree #72, logLikelihood: -9625.885748
[00:11:37] Bootstrap tree #73, logLikelihood: -9864.396793
[00:11:50] Bootstrap tree #74, logLikelihood: -10355.975655
[00:11:59] Bootstrap tree #75, logLikelihood: -9430.824335
[00:12:07] Bootstrap tree #76, logLikelihood: -9787.304600
[00:12:15] Bootstrap tree #77, logLikelihood: -9843.589357
[00:12:24] Bootstrap tree #78, logLikelihood: -9616.374392
[00:12:33] Bootstrap tree #79, logLikelihood: -9730.010865
[00:12:43] Bootstrap tree #80, logLikelihood: -9668.342511
[00:12:54] Bootstrap tree #81, logLikelihood: -9867.828896
[00:13:02] Bootstrap tree #82, logLikelihood: -9961.594015
[00:13:12] Bootstrap tree #83, logLikelihood: -9677.739449
[00:13:20] Bootstrap tree #84, logLikelihood: -9555.314198
[00:13:29] Bootstrap tree #85, logLikelihood: -9619.334771
[00:13:39] Bootstrap tree #86, logLikelihood: -9482.622619
[00:13:48] Bootstrap tree #87, logLikelihood: -9797.397915
[00:13:57] Bootstrap tree #88, logLikelihood: -9753.278278
[00:14:07] Bootstrap tree #89, logLikelihood: -9316.112766
[00:14:18] Bootstrap tree #90, logLikelihood: -9763.063561
[00:14:28] Bootstrap tree #91, logLikelihood: -9442.407438
[00:14:37] Bootstrap tree #92, logLikelihood: -9847.502825
[00:14:45] Bootstrap tree #93, logLikelihood: -9472.396875
[00:14:55] Bootstrap tree #94, logLikelihood: -9728.237960
[00:15:03] Bootstrap tree #95, logLikelihood: -9781.347080
[00:15:12] Bootstrap tree #96, logLikelihood: -9544.804259
[00:15:21] Bootstrap tree #97, logLikelihood: -9592.402986
[00:15:32] Bootstrap tree #98, logLikelihood: -9796.613594
[00:15:41] Bootstrap tree #99, logLikelihood: -9807.680022
[00:15:51] Bootstrap tree #100, logLikelihood: -10109.979593

Optimized model parameters:

   Partition 0: noname
   Rate heterogeneity: GAMMA (4 cats, mean),  alpha: 0.701857 (ML),  weights&rates: (0.250000,0.074585) (0.250000,0.364405) (0.250000,0.925555) (0.250000,2.635456) 
   Base frequencies (ML): 0.223379 0.311369 0.252643 0.212608 
   Substitution rates (ML): 1.820860 5.649210 1.558537 1.051473 6.456953 1.000000 

Final LogLikelihood: -9756.916283

All ML trees saved to: /mnt/lustre/scratch/home/uvi/be/avs/cancer_genes_selection/genes/TP53/tree/TP53_trimmed.raxml.mlTrees
Best ML tree saved to: /mnt/lustre/scratch/home/uvi/be/avs/cancer_genes_selection/genes/TP53/tree/TP53_trimmed.raxml.bestTree
Best ML tree with bootstrap support values saved to: /mnt/lustre/scratch/home/uvi/be/avs/cancer_genes_selection/genes/TP53/tree/TP53_trimmed.raxml.support
Optimized model saved to: /mnt/lustre/scratch/home/uvi/be/avs/cancer_genes_selection/genes/TP53/tree/TP53_trimmed.raxml.bestModel
Bootstrap trees saved to: /mnt/lustre/scratch/home/uvi/be/avs/cancer_genes_selection/genes/TP53/tree/TP53_trimmed.raxml.bootstraps

Execution log saved to: /mnt/lustre/scratch/home/uvi/be/avs/cancer_genes_selection/genes/TP53/tree/TP53_trimmed.raxml.log

Analysis started: 27-Mar-2018 01:32:47 / finished: 27-Mar-2018 01:48:44

Elapsed time: 956.560 seconds

