
RAxML-NG v. 0.5.1b BETA released on 01.12.2017 by The Exelixis Lab.
Authors: Alexey Kozlov, Alexandros Stamatakis, Diego Darriba, Tomas Flouri, Benoit Morel.
Latest version: https://github.com/amkozlov/raxml-ng
Questions/problems/suggestions? Please visit: https://groups.google.com/forum/#!forum/raxml

WARNING: This is a BETA release, please use at your own risk!

RAxML-NG was called as follows:

raxml-ng-mpi --all --msa /mnt/lustre/scratch/home/uvi/be/avs/cancer_genes_selection/genes/TP53/align/TP53_align_DNA_trimmed.fasta --model GTR+G -tree pars{10} --bs-trees 100 --prefix /mnt/lustre/scratch/home/uvi/be/avs/cancer_genes_selection/genes/TP53/tree/TP53 --redo

Analysis options:
  run mode: ML tree search + bootstrapping
  start tree(s): parsimony (10)
  random seed: 1521673643
  tip-inner: ON
  pattern compression: ON
  per-rate scalers: OFF
  site repeats: OFF
  branch lengths: ML estimate (linked)
  SIMD kernels: AVX2
  parallelization: NONE/sequential

WARNING: Running in REDO mode: existing checkpoints are ignored, and all result files will be overwritten!

[00:00:00] Reading alignment from file: /mnt/lustre/scratch/home/uvi/be/avs/cancer_genes_selection/genes/TP53/align/TP53_align_DNA_trimmed.fasta
[00:00:00] Loaded alignment with 20 taxa and 1173 sites

Alignment comprises 1 partitions and 819 patterns

Partition 0: noname
Model: GTR+FO+G4m
Alignment sites / patterns: 1173 / 819
Gaps: 9.37 %
Invariant sites: 33.33 %


[00:00:00] Generating parsimony starting tree(s) with 20 taxa
[00:00:01] Data distribution: partitions/thread: 1-1, patterns/thread: 819-819

Starting ML tree search with 10 distinct starting trees

[00:00:06] ML tree search #1, logLikelihood: -10772.690448
[00:00:11] ML tree search #2, logLikelihood: -10772.689519
[00:00:17] ML tree search #3, logLikelihood: -10772.691475
[00:00:23] ML tree search #4, logLikelihood: -10772.689633
[00:00:28] ML tree search #5, logLikelihood: -10772.691257
[00:00:33] ML tree search #6, logLikelihood: -10772.689799
[00:00:38] ML tree search #7, logLikelihood: -10772.689884
[00:00:43] ML tree search #8, logLikelihood: -10772.690426
[00:00:48] ML tree search #9, logLikelihood: -10772.690643
[00:00:53] ML tree search #10, logLikelihood: -10772.689397

[00:00:53] ML tree search completed, best tree logLH: -10772.689397

[00:00:53] Starting bootstrapping analysis with 100 replicates.

[00:00:59] Bootstrap tree #1, logLikelihood: -10253.101060
[00:01:05] Bootstrap tree #2, logLikelihood: -10995.855146
[00:01:11] Bootstrap tree #3, logLikelihood: -10854.422624
[00:01:16] Bootstrap tree #4, logLikelihood: -11092.569654
[00:01:21] Bootstrap tree #5, logLikelihood: -10740.146603
[00:01:25] Bootstrap tree #6, logLikelihood: -10759.823406
[00:01:31] Bootstrap tree #7, logLikelihood: -10773.300046
[00:01:37] Bootstrap tree #8, logLikelihood: -10634.600267
[00:01:42] Bootstrap tree #9, logLikelihood: -10662.997579
[00:01:47] Bootstrap tree #10, logLikelihood: -10562.725430
[00:01:53] Bootstrap tree #11, logLikelihood: -10758.628774
[00:01:58] Bootstrap tree #12, logLikelihood: -11077.200558
[00:02:04] Bootstrap tree #13, logLikelihood: -10820.696214
[00:02:09] Bootstrap tree #14, logLikelihood: -10349.528419
[00:02:13] Bootstrap tree #15, logLikelihood: -10670.214185
[00:02:18] Bootstrap tree #16, logLikelihood: -10752.547379
[00:02:23] Bootstrap tree #17, logLikelihood: -11067.425458
[00:02:28] Bootstrap tree #18, logLikelihood: -11131.563041
[00:02:34] Bootstrap tree #19, logLikelihood: -10709.187003
[00:02:39] Bootstrap tree #20, logLikelihood: -10741.442311
[00:02:46] Bootstrap tree #21, logLikelihood: -10917.066972
[00:02:51] Bootstrap tree #22, logLikelihood: -10677.019173
[00:02:56] Bootstrap tree #23, logLikelihood: -10511.185987
[00:03:02] Bootstrap tree #24, logLikelihood: -10467.018730
[00:03:10] Bootstrap tree #25, logLikelihood: -10804.977089
[00:03:18] Bootstrap tree #26, logLikelihood: -10869.485986
[00:03:25] Bootstrap tree #27, logLikelihood: -10705.825635
[00:03:30] Bootstrap tree #28, logLikelihood: -10470.021172
[00:03:35] Bootstrap tree #29, logLikelihood: -10806.423737
[00:03:40] Bootstrap tree #30, logLikelihood: -10553.349940
[00:03:45] Bootstrap tree #31, logLikelihood: -10385.762703
[00:03:51] Bootstrap tree #32, logLikelihood: -10948.995631
[00:03:56] Bootstrap tree #33, logLikelihood: -10821.142245
[00:04:03] Bootstrap tree #34, logLikelihood: -10516.868168
[00:04:09] Bootstrap tree #35, logLikelihood: -10957.516625
[00:04:14] Bootstrap tree #36, logLikelihood: -10877.025157
[00:04:22] Bootstrap tree #37, logLikelihood: -10351.594611
[00:04:27] Bootstrap tree #38, logLikelihood: -10609.243039
[00:04:33] Bootstrap tree #39, logLikelihood: -10307.628034
[00:04:39] Bootstrap tree #40, logLikelihood: -11460.715574
[00:04:44] Bootstrap tree #41, logLikelihood: -10684.161181
[00:04:49] Bootstrap tree #42, logLikelihood: -11267.063858
[00:04:56] Bootstrap tree #43, logLikelihood: -11021.606324
[00:05:01] Bootstrap tree #44, logLikelihood: -10664.567491
[00:05:07] Bootstrap tree #45, logLikelihood: -10802.939742
[00:05:12] Bootstrap tree #46, logLikelihood: -10659.995222
[00:05:22] Bootstrap tree #47, logLikelihood: -10659.018943
[00:05:28] Bootstrap tree #48, logLikelihood: -10989.514278
[00:05:33] Bootstrap tree #49, logLikelihood: -11046.002141
[00:05:40] Bootstrap tree #50, logLikelihood: -10735.779823
[00:05:46] Bootstrap tree #51, logLikelihood: -10835.484104
[00:05:52] Bootstrap tree #52, logLikelihood: -10505.148104
[00:05:57] Bootstrap tree #53, logLikelihood: -10970.236057
[00:06:02] Bootstrap tree #54, logLikelihood: -10170.145118
[00:06:08] Bootstrap tree #55, logLikelihood: -10902.990159
[00:06:14] Bootstrap tree #56, logLikelihood: -10481.296856
[00:06:19] Bootstrap tree #57, logLikelihood: -10906.840998
[00:06:25] Bootstrap tree #58, logLikelihood: -10833.798838
[00:06:31] Bootstrap tree #59, logLikelihood: -11093.609432
[00:06:37] Bootstrap tree #60, logLikelihood: -10966.513697
[00:06:42] Bootstrap tree #61, logLikelihood: -10661.325956
[00:06:48] Bootstrap tree #62, logLikelihood: -10988.593270
[00:06:55] Bootstrap tree #63, logLikelihood: -10620.398059
[00:07:01] Bootstrap tree #64, logLikelihood: -10757.021989
[00:07:07] Bootstrap tree #65, logLikelihood: -10425.460102
[00:07:13] Bootstrap tree #66, logLikelihood: -10733.388983
[00:07:20] Bootstrap tree #67, logLikelihood: -10872.063255
[00:07:27] Bootstrap tree #68, logLikelihood: -11012.652917
[00:07:33] Bootstrap tree #69, logLikelihood: -10709.775368
[00:07:38] Bootstrap tree #70, logLikelihood: -10590.707891
[00:07:44] Bootstrap tree #71, logLikelihood: -10734.150903
[00:07:50] Bootstrap tree #72, logLikelihood: -10695.031769
[00:07:57] Bootstrap tree #73, logLikelihood: -10714.106362
[00:08:03] Bootstrap tree #74, logLikelihood: -10771.165499
[00:08:10] Bootstrap tree #75, logLikelihood: -10449.416631
[00:08:17] Bootstrap tree #76, logLikelihood: -10632.385222
[00:08:25] Bootstrap tree #77, logLikelihood: -10683.808189
[00:08:32] Bootstrap tree #78, logLikelihood: -11118.411076
[00:08:38] Bootstrap tree #79, logLikelihood: -10684.985729
[00:08:44] Bootstrap tree #80, logLikelihood: -10857.142958
[00:08:50] Bootstrap tree #81, logLikelihood: -10530.710162
[00:08:55] Bootstrap tree #82, logLikelihood: -10475.309132
[00:09:02] Bootstrap tree #83, logLikelihood: -11001.386287
[00:09:08] Bootstrap tree #84, logLikelihood: -10766.887801
[00:09:15] Bootstrap tree #85, logLikelihood: -10663.844220
[00:09:22] Bootstrap tree #86, logLikelihood: -10815.103551
[00:09:30] Bootstrap tree #87, logLikelihood: -10755.908720
[00:09:36] Bootstrap tree #88, logLikelihood: -10590.105088
[00:09:41] Bootstrap tree #89, logLikelihood: -11118.174400
[00:09:48] Bootstrap tree #90, logLikelihood: -10377.429650
[00:09:54] Bootstrap tree #91, logLikelihood: -10848.296958
[00:10:00] Bootstrap tree #92, logLikelihood: -10799.769845
[00:10:07] Bootstrap tree #93, logLikelihood: -10879.542389
[00:10:13] Bootstrap tree #94, logLikelihood: -10994.510561
[00:10:18] Bootstrap tree #95, logLikelihood: -10694.600740
[00:10:26] Bootstrap tree #96, logLikelihood: -10946.166968
[00:10:33] Bootstrap tree #97, logLikelihood: -10710.958501
[00:10:39] Bootstrap tree #98, logLikelihood: -10814.789875
[00:10:45] Bootstrap tree #99, logLikelihood: -10999.855654
[00:10:52] Bootstrap tree #100, logLikelihood: -10694.116037

Optimized model parameters:

   Partition 0: noname
   Rate heterogeneity: GAMMA (4 cats, mean),  alpha: 0.637246 (ML),  weights&rates: (0.250000,0.060870) (0.250000,0.332353) (0.250000,0.899193) (0.250000,2.707584) 
   Base frequencies (ML): 0.237632 0.302410 0.243011 0.216946 
   Substitution rates (ML): 1.991618 5.571427 1.556035 0.925758 6.015250 1.000000 

Final LogLikelihood: -10772.689397

All ML trees saved to: /mnt/lustre/scratch/home/uvi/be/avs/cancer_genes_selection/genes/TP53/tree/TP53.raxml.mlTrees
Best ML tree saved to: /mnt/lustre/scratch/home/uvi/be/avs/cancer_genes_selection/genes/TP53/tree/TP53.raxml.bestTree
Best ML tree with bootstrap support values saved to: /mnt/lustre/scratch/home/uvi/be/avs/cancer_genes_selection/genes/TP53/tree/TP53.raxml.support
Optimized model saved to: /mnt/lustre/scratch/home/uvi/be/avs/cancer_genes_selection/genes/TP53/tree/TP53.raxml.bestModel
Bootstrap trees saved to: /mnt/lustre/scratch/home/uvi/be/avs/cancer_genes_selection/genes/TP53/tree/TP53.raxml.bootstraps

Execution log saved to: /mnt/lustre/scratch/home/uvi/be/avs/cancer_genes_selection/genes/TP53/tree/TP53.raxml.log

Analysis started: 22-Mar-2018 00:07:23 / finished: 22-Mar-2018 00:18:17

Elapsed time: 654.394 seconds

