
RAxML-NG v. 0.5.1b BETA released on 01.12.2017 by The Exelixis Lab.
Authors: Alexey Kozlov, Alexandros Stamatakis, Diego Darriba, Tomas Flouri, Benoit Morel.
Latest version: https://github.com/amkozlov/raxml-ng
Questions/problems/suggestions? Please visit: https://groups.google.com/forum/#!forum/raxml

WARNING: This is a BETA release, please use at your own risk!

RAxML-NG was called as follows:

raxml-ng-mpi --all --msa /mnt/lustre/scratch/home/uvi/be/avs/cancer_genes_selection/genes/PAFAH1B2/align/PAFAH1B2_align_DNA_trimmed2.fasta --model GTR+G -tree pars{10} --bs-trees 100 --prefix /mnt/lustre/scratch/home/uvi/be/avs/cancer_genes_selection/genes/PAFAH1B2/tree/PAFAH1B2_trimmed --redo

Analysis options:
  run mode: ML tree search + bootstrapping
  start tree(s): parsimony (10)
  random seed: 1522100125
  tip-inner: ON
  pattern compression: ON
  per-rate scalers: OFF
  site repeats: OFF
  branch lengths: ML estimate (linked)
  SIMD kernels: AVX2
  parallelization: NONE/sequential

WARNING: Running in REDO mode: existing checkpoints are ignored, and all result files will be overwritten!

[00:00:00] Reading alignment from file: /mnt/lustre/scratch/home/uvi/be/avs/cancer_genes_selection/genes/PAFAH1B2/align/PAFAH1B2_align_DNA_trimmed2.fasta
[00:00:00] Loaded alignment with 28 taxa and 690 sites

WARNING: Duplicate sequences found: 1
WARNING: Sequences ENSG00000168092 and ENSPTRG00000004318 are exactly identical!

Alignment comprises 1 partitions and 313 patterns

Partition 0: noname
Model: GTR+FO+G4m
Alignment sites / patterns: 690 / 313
Gaps: 3.87 %
Invariant sites: 48.12 %


[00:00:01] Generating parsimony starting tree(s) with 28 taxa
[00:00:01] Data distribution: partitions/thread: 1-1, patterns/thread: 313-313

Starting ML tree search with 10 distinct starting trees

[00:00:07] ML tree search #1, logLikelihood: -4237.536084
[00:00:13] ML tree search #2, logLikelihood: -4237.577573
[00:00:20] ML tree search #3, logLikelihood: -4237.529540
[00:00:26] ML tree search #4, logLikelihood: -4237.535214
[00:00:34] ML tree search #5, logLikelihood: -4237.529856
[00:00:41] ML tree search #6, logLikelihood: -4237.533152
[00:00:48] ML tree search #7, logLikelihood: -4237.528098
[00:00:53] ML tree search #8, logLikelihood: -4237.529215
[00:01:02] ML tree search #9, logLikelihood: -4236.781954
[00:01:09] ML tree search #10, logLikelihood: -4236.781139

[00:01:09] ML tree search completed, best tree logLH: -4236.781139

[00:01:09] Starting bootstrapping analysis with 100 replicates.

[00:01:16] Bootstrap tree #1, logLikelihood: -4376.178373
[00:01:23] Bootstrap tree #2, logLikelihood: -3906.331097
[00:01:30] Bootstrap tree #3, logLikelihood: -4233.319926
[00:01:38] Bootstrap tree #4, logLikelihood: -4329.994069
[00:01:50] Bootstrap tree #5, logLikelihood: -4131.107970
[00:01:57] Bootstrap tree #6, logLikelihood: -3855.232768
[00:02:05] Bootstrap tree #7, logLikelihood: -4194.179884
[00:02:12] Bootstrap tree #8, logLikelihood: -4117.935795
[00:02:20] Bootstrap tree #9, logLikelihood: -4118.362737
[00:02:27] Bootstrap tree #10, logLikelihood: -4165.067763
[00:02:35] Bootstrap tree #11, logLikelihood: -4141.108674
[00:02:42] Bootstrap tree #12, logLikelihood: -4054.704557
[00:02:49] Bootstrap tree #13, logLikelihood: -4214.594871
[00:02:56] Bootstrap tree #14, logLikelihood: -4202.974754
[00:03:04] Bootstrap tree #15, logLikelihood: -4185.879559
[00:03:13] Bootstrap tree #16, logLikelihood: -4381.622372
[00:03:22] Bootstrap tree #17, logLikelihood: -4461.974297
[00:03:30] Bootstrap tree #18, logLikelihood: -4112.930579
[00:03:38] Bootstrap tree #19, logLikelihood: -4149.142035
[00:03:45] Bootstrap tree #20, logLikelihood: -4123.777473
[00:03:53] Bootstrap tree #21, logLikelihood: -4466.074469
[00:04:03] Bootstrap tree #22, logLikelihood: -4376.988786
[00:04:13] Bootstrap tree #23, logLikelihood: -4178.149457
[00:04:23] Bootstrap tree #24, logLikelihood: -4345.866078
[00:04:33] Bootstrap tree #25, logLikelihood: -4136.070085
[00:04:41] Bootstrap tree #26, logLikelihood: -4430.210798
[00:04:48] Bootstrap tree #27, logLikelihood: -4008.871094
[00:04:57] Bootstrap tree #28, logLikelihood: -4029.815421
[00:05:05] Bootstrap tree #29, logLikelihood: -4083.243573
[00:05:13] Bootstrap tree #30, logLikelihood: -4346.318775
[00:05:21] Bootstrap tree #31, logLikelihood: -3995.072037
[00:05:29] Bootstrap tree #32, logLikelihood: -3965.195737
[00:05:37] Bootstrap tree #33, logLikelihood: -4511.421406
[00:05:46] Bootstrap tree #34, logLikelihood: -3848.425696
[00:05:55] Bootstrap tree #35, logLikelihood: -3874.826714
[00:06:03] Bootstrap tree #36, logLikelihood: -4036.776303
[00:06:11] Bootstrap tree #37, logLikelihood: -4128.055753
[00:06:19] Bootstrap tree #38, logLikelihood: -4104.010948
[00:06:29] Bootstrap tree #39, logLikelihood: -4093.574861
[00:06:38] Bootstrap tree #40, logLikelihood: -3861.291369
[00:06:47] Bootstrap tree #41, logLikelihood: -4229.014753
[00:06:55] Bootstrap tree #42, logLikelihood: -3857.590142
[00:07:03] Bootstrap tree #43, logLikelihood: -4177.256720
[00:07:11] Bootstrap tree #44, logLikelihood: -4232.315895
[00:07:19] Bootstrap tree #45, logLikelihood: -4052.295549
[00:07:28] Bootstrap tree #46, logLikelihood: -4533.714901
[00:07:35] Bootstrap tree #47, logLikelihood: -3927.024053
[00:07:45] Bootstrap tree #48, logLikelihood: -4289.674047
[00:07:53] Bootstrap tree #49, logLikelihood: -3962.133971
[00:08:02] Bootstrap tree #50, logLikelihood: -4352.495377
[00:08:11] Bootstrap tree #51, logLikelihood: -4350.903541
[00:08:20] Bootstrap tree #52, logLikelihood: -4116.677860
[00:08:28] Bootstrap tree #53, logLikelihood: -4503.901178
[00:08:36] Bootstrap tree #54, logLikelihood: -3929.729022
[00:08:45] Bootstrap tree #55, logLikelihood: -4055.168473
[00:08:53] Bootstrap tree #56, logLikelihood: -4206.061047
[00:09:01] Bootstrap tree #57, logLikelihood: -4313.989712
[00:09:11] Bootstrap tree #58, logLikelihood: -4285.434015
[00:09:20] Bootstrap tree #59, logLikelihood: -4652.294495
[00:09:31] Bootstrap tree #60, logLikelihood: -4334.935795
[00:09:43] Bootstrap tree #61, logLikelihood: -4132.090855
[00:09:52] Bootstrap tree #62, logLikelihood: -4241.651830
[00:10:02] Bootstrap tree #63, logLikelihood: -4044.409896
[00:10:11] Bootstrap tree #64, logLikelihood: -4147.295234
[00:10:19] Bootstrap tree #65, logLikelihood: -4086.906579
[00:10:30] Bootstrap tree #66, logLikelihood: -4342.380640
[00:10:40] Bootstrap tree #67, logLikelihood: -4039.011677
[00:10:48] Bootstrap tree #68, logLikelihood: -4244.305201
[00:10:57] Bootstrap tree #69, logLikelihood: -4263.712038
[00:11:05] Bootstrap tree #70, logLikelihood: -4217.397403
[00:11:16] Bootstrap tree #71, logLikelihood: -4314.063716
[00:11:24] Bootstrap tree #72, logLikelihood: -4108.870974
[00:11:35] Bootstrap tree #73, logLikelihood: -4441.183294
[00:11:47] Bootstrap tree #74, logLikelihood: -4113.558092
[00:11:56] Bootstrap tree #75, logLikelihood: -4298.913204
[00:12:06] Bootstrap tree #76, logLikelihood: -4124.269324
[00:12:16] Bootstrap tree #77, logLikelihood: -4342.420450
[00:12:26] Bootstrap tree #78, logLikelihood: -4224.853207
[00:12:35] Bootstrap tree #79, logLikelihood: -4220.142554
[00:12:45] Bootstrap tree #80, logLikelihood: -4369.726966
[00:12:54] Bootstrap tree #81, logLikelihood: -4179.945281
[00:13:03] Bootstrap tree #82, logLikelihood: -4458.462264
[00:13:11] Bootstrap tree #83, logLikelihood: -4189.215106
[00:13:20] Bootstrap tree #84, logLikelihood: -4271.151005
[00:13:29] Bootstrap tree #85, logLikelihood: -4402.625854
[00:13:39] Bootstrap tree #86, logLikelihood: -4381.771573
[00:13:47] Bootstrap tree #87, logLikelihood: -4127.091916
[00:13:57] Bootstrap tree #88, logLikelihood: -4164.876204
[00:14:06] Bootstrap tree #89, logLikelihood: -4528.979766
[00:14:17] Bootstrap tree #90, logLikelihood: -4167.197375
[00:14:26] Bootstrap tree #91, logLikelihood: -4176.780410
[00:14:38] Bootstrap tree #92, logLikelihood: -4164.107468
[00:14:46] Bootstrap tree #93, logLikelihood: -4017.542910
[00:14:55] Bootstrap tree #94, logLikelihood: -4341.166491
[00:15:06] Bootstrap tree #95, logLikelihood: -4466.090330
[00:15:15] Bootstrap tree #96, logLikelihood: -4226.299414
[00:15:25] Bootstrap tree #97, logLikelihood: -3946.111487
[00:15:35] Bootstrap tree #98, logLikelihood: -4077.782265
[00:15:44] Bootstrap tree #99, logLikelihood: -4203.321963
[00:15:54] Bootstrap tree #100, logLikelihood: -4298.548792

Optimized model parameters:

   Partition 0: noname
   Rate heterogeneity: GAMMA (4 cats, mean),  alpha: 0.308280 (ML),  weights&rates: (0.250000,0.005991) (0.250000,0.110950) (0.250000,0.609449) (0.250000,3.273610) 
   Base frequencies (ML): 0.266054 0.275887 0.245536 0.212523 
   Substitution rates (ML): 2.599546 7.557781 1.007393 0.106546 10.244770 1.000000 

Final LogLikelihood: -4236.781139

All ML trees saved to: /mnt/lustre/scratch/home/uvi/be/avs/cancer_genes_selection/genes/PAFAH1B2/tree/PAFAH1B2_trimmed.raxml.mlTrees
Best ML tree saved to: /mnt/lustre/scratch/home/uvi/be/avs/cancer_genes_selection/genes/PAFAH1B2/tree/PAFAH1B2_trimmed.raxml.bestTree
Best ML tree with bootstrap support values saved to: /mnt/lustre/scratch/home/uvi/be/avs/cancer_genes_selection/genes/PAFAH1B2/tree/PAFAH1B2_trimmed.raxml.support
Optimized model saved to: /mnt/lustre/scratch/home/uvi/be/avs/cancer_genes_selection/genes/PAFAH1B2/tree/PAFAH1B2_trimmed.raxml.bestModel
Bootstrap trees saved to: /mnt/lustre/scratch/home/uvi/be/avs/cancer_genes_selection/genes/PAFAH1B2/tree/PAFAH1B2_trimmed.raxml.bootstraps

Execution log saved to: /mnt/lustre/scratch/home/uvi/be/avs/cancer_genes_selection/genes/PAFAH1B2/tree/PAFAH1B2_trimmed.raxml.log

Analysis started: 26-Mar-2018 23:35:25 / finished: 26-Mar-2018 23:51:24

Elapsed time: 958.695 seconds

