
RAxML-NG v. 0.5.1b BETA released on 01.12.2017 by The Exelixis Lab.
Authors: Alexey Kozlov, Alexandros Stamatakis, Diego Darriba, Tomas Flouri, Benoit Morel.
Latest version: https://github.com/amkozlov/raxml-ng
Questions/problems/suggestions? Please visit: https://groups.google.com/forum/#!forum/raxml

WARNING: This is a BETA release, please use at your own risk!

RAxML-NG was called as follows:

raxml-ng-mpi --all --msa /mnt/lustre/scratch/home/uvi/be/avs/cancer_genes_selection/genes/PAFAH1B2/align/PAFAH1B2_align_DNA_trimmed.fasta --model GTR+G -tree pars{10} --bs-trees 100 --prefix /mnt/lustre/scratch/home/uvi/be/avs/cancer_genes_selection/genes/PAFAH1B2/tree/PAFAH1B2 --redo

Analysis options:
  run mode: ML tree search + bootstrapping
  start tree(s): parsimony (10)
  random seed: 1521665342
  tip-inner: ON
  pattern compression: ON
  per-rate scalers: OFF
  site repeats: OFF
  branch lengths: ML estimate (linked)
  SIMD kernels: AVX2
  parallelization: NONE/sequential

WARNING: Running in REDO mode: existing checkpoints are ignored, and all result files will be overwritten!

[00:00:00] Reading alignment from file: /mnt/lustre/scratch/home/uvi/be/avs/cancer_genes_selection/genes/PAFAH1B2/align/PAFAH1B2_align_DNA_trimmed.fasta
[00:00:00] Loaded alignment with 29 taxa and 690 sites

WARNING: Duplicate sequences found: 1
WARNING: Sequences ENSG00000168092 and ENSPTRG00000004318 are exactly identical!

Alignment comprises 1 partitions and 342 patterns

Partition 0: noname
Model: GTR+FO+G4m
Alignment sites / patterns: 690 / 342
Gaps: 5.42 %
Invariant sites: 47.10 %


[00:00:00] Generating parsimony starting tree(s) with 29 taxa
[00:00:01] Data distribution: partitions/thread: 1-1, patterns/thread: 342-342

Starting ML tree search with 10 distinct starting trees

[00:00:06] ML tree search #1, logLikelihood: -4406.593915
[00:00:11] ML tree search #2, logLikelihood: -4406.593942
[00:00:16] ML tree search #3, logLikelihood: -4406.593996
[00:00:22] ML tree search #4, logLikelihood: -4406.594078
[00:00:27] ML tree search #5, logLikelihood: -4406.593957
[00:00:32] ML tree search #6, logLikelihood: -4406.686491
[00:00:37] ML tree search #7, logLikelihood: -4406.594112
[00:00:42] ML tree search #8, logLikelihood: -4406.593874
[00:00:47] ML tree search #9, logLikelihood: -4406.594088
[00:00:53] ML tree search #10, logLikelihood: -4406.593810

[00:00:53] ML tree search completed, best tree logLH: -4406.593810

[00:00:53] Starting bootstrapping analysis with 100 replicates.

[00:00:59] Bootstrap tree #1, logLikelihood: -4423.352680
[00:01:04] Bootstrap tree #2, logLikelihood: -4444.486677
[00:01:11] Bootstrap tree #3, logLikelihood: -4350.166670
[00:01:18] Bootstrap tree #4, logLikelihood: -4230.810684
[00:01:25] Bootstrap tree #5, logLikelihood: -4169.350011
[00:01:30] Bootstrap tree #6, logLikelihood: -4210.777218
[00:01:37] Bootstrap tree #7, logLikelihood: -4257.531795
[00:01:43] Bootstrap tree #8, logLikelihood: -4432.367636
[00:01:50] Bootstrap tree #9, logLikelihood: -4158.406977
[00:01:56] Bootstrap tree #10, logLikelihood: -4447.780080
[00:02:02] Bootstrap tree #11, logLikelihood: -4286.031866
[00:02:08] Bootstrap tree #12, logLikelihood: -4493.295427
[00:02:13] Bootstrap tree #13, logLikelihood: -4211.184332
[00:02:20] Bootstrap tree #14, logLikelihood: -4427.674781
[00:02:31] Bootstrap tree #15, logLikelihood: -4294.651500
[00:02:40] Bootstrap tree #16, logLikelihood: -4510.217763
[00:02:55] Bootstrap tree #17, logLikelihood: -4577.358365
[00:03:02] Bootstrap tree #18, logLikelihood: -4420.236035
[00:03:10] Bootstrap tree #19, logLikelihood: -4314.167765
[00:03:17] Bootstrap tree #20, logLikelihood: -4537.430916
[00:03:23] Bootstrap tree #21, logLikelihood: -4520.871134
[00:03:30] Bootstrap tree #22, logLikelihood: -4178.041348
[00:03:38] Bootstrap tree #23, logLikelihood: -4544.305782
[00:03:44] Bootstrap tree #24, logLikelihood: -4451.501281
[00:03:49] Bootstrap tree #25, logLikelihood: -4453.600736
[00:03:55] Bootstrap tree #26, logLikelihood: -4383.801322
[00:04:01] Bootstrap tree #27, logLikelihood: -4051.399640
[00:04:07] Bootstrap tree #28, logLikelihood: -4401.261554
[00:04:16] Bootstrap tree #29, logLikelihood: -4319.512407
[00:04:22] Bootstrap tree #30, logLikelihood: -4577.771333
[00:04:30] Bootstrap tree #31, logLikelihood: -4294.311524
[00:04:37] Bootstrap tree #32, logLikelihood: -4676.244400
[00:04:43] Bootstrap tree #33, logLikelihood: -4680.645123
[00:04:49] Bootstrap tree #34, logLikelihood: -4275.393408
[00:04:55] Bootstrap tree #35, logLikelihood: -4159.592910
[00:05:01] Bootstrap tree #36, logLikelihood: -4038.938959
[00:05:08] Bootstrap tree #37, logLikelihood: -4345.359461
[00:05:14] Bootstrap tree #38, logLikelihood: -4349.909226
[00:05:22] Bootstrap tree #39, logLikelihood: -4214.812504
[00:05:30] Bootstrap tree #40, logLikelihood: -4477.297194
[00:05:40] Bootstrap tree #41, logLikelihood: -4323.177534
[00:05:46] Bootstrap tree #42, logLikelihood: -4355.922013
[00:05:52] Bootstrap tree #43, logLikelihood: -4353.641463
[00:05:58] Bootstrap tree #44, logLikelihood: -4478.029019
[00:06:04] Bootstrap tree #45, logLikelihood: -4216.427550
[00:06:10] Bootstrap tree #46, logLikelihood: -4390.364200
[00:06:16] Bootstrap tree #47, logLikelihood: -4287.581251
[00:06:23] Bootstrap tree #48, logLikelihood: -4196.596051
[00:06:31] Bootstrap tree #49, logLikelihood: -4499.816500
[00:06:36] Bootstrap tree #50, logLikelihood: -4330.654290
[00:06:42] Bootstrap tree #51, logLikelihood: -4197.141765
[00:06:48] Bootstrap tree #52, logLikelihood: -4272.728850
[00:06:54] Bootstrap tree #53, logLikelihood: -4376.337669
[00:07:01] Bootstrap tree #54, logLikelihood: -4230.734398
[00:07:08] Bootstrap tree #55, logLikelihood: -4361.116497
[00:07:14] Bootstrap tree #56, logLikelihood: -4407.278175
[00:07:22] Bootstrap tree #57, logLikelihood: -4394.896331
[00:07:30] Bootstrap tree #58, logLikelihood: -4138.986285
[00:07:37] Bootstrap tree #59, logLikelihood: -4135.132034
[00:07:46] Bootstrap tree #60, logLikelihood: -4421.101995
[00:07:53] Bootstrap tree #61, logLikelihood: -4332.921184
[00:08:01] Bootstrap tree #62, logLikelihood: -4260.947357
[00:08:08] Bootstrap tree #63, logLikelihood: -3881.801936
[00:08:14] Bootstrap tree #64, logLikelihood: -4579.557122
[00:08:21] Bootstrap tree #65, logLikelihood: -4279.661280
[00:08:29] Bootstrap tree #66, logLikelihood: -4559.104403
[00:08:38] Bootstrap tree #67, logLikelihood: -4333.989470
[00:08:46] Bootstrap tree #68, logLikelihood: -4105.422286
[00:08:53] Bootstrap tree #69, logLikelihood: -4537.571987
[00:09:00] Bootstrap tree #70, logLikelihood: -4353.373980
[00:09:07] Bootstrap tree #71, logLikelihood: -4367.676384
[00:09:16] Bootstrap tree #72, logLikelihood: -4266.518893
[00:09:23] Bootstrap tree #73, logLikelihood: -4508.210161
[00:09:29] Bootstrap tree #74, logLikelihood: -4300.480432
[00:09:36] Bootstrap tree #75, logLikelihood: -4350.174822
[00:09:43] Bootstrap tree #76, logLikelihood: -4373.762527
[00:09:51] Bootstrap tree #77, logLikelihood: -4159.064761
[00:09:58] Bootstrap tree #78, logLikelihood: -4182.052233
[00:10:05] Bootstrap tree #79, logLikelihood: -4384.520226
[00:10:13] Bootstrap tree #80, logLikelihood: -4540.971327
[00:10:19] Bootstrap tree #81, logLikelihood: -4418.392182
[00:10:30] Bootstrap tree #82, logLikelihood: -4252.806719
[00:10:39] Bootstrap tree #83, logLikelihood: -4311.470186
[00:10:46] Bootstrap tree #84, logLikelihood: -4522.095021
[00:10:53] Bootstrap tree #85, logLikelihood: -4374.082269
[00:11:01] Bootstrap tree #86, logLikelihood: -4486.945289
[00:11:08] Bootstrap tree #87, logLikelihood: -4306.227023
[00:11:18] Bootstrap tree #88, logLikelihood: -4282.278524
[00:11:25] Bootstrap tree #89, logLikelihood: -4461.179545
[00:11:35] Bootstrap tree #90, logLikelihood: -4535.723625
[00:11:42] Bootstrap tree #91, logLikelihood: -4151.638261
[00:11:48] Bootstrap tree #92, logLikelihood: -4246.919618
[00:11:56] Bootstrap tree #93, logLikelihood: -4512.541539
[00:12:04] Bootstrap tree #94, logLikelihood: -4386.836151
[00:12:11] Bootstrap tree #95, logLikelihood: -4343.980429
[00:12:19] Bootstrap tree #96, logLikelihood: -4424.705029
[00:12:27] Bootstrap tree #97, logLikelihood: -4327.377497
[00:12:34] Bootstrap tree #98, logLikelihood: -4536.483582
[00:12:42] Bootstrap tree #99, logLikelihood: -4258.930415
[00:12:49] Bootstrap tree #100, logLikelihood: -4307.022166

Optimized model parameters:

   Partition 0: noname
   Rate heterogeneity: GAMMA (4 cats, mean),  alpha: 0.535886 (ML),  weights&rates: (0.250000,0.040216) (0.250000,0.274699) (0.250000,0.844720) (0.250000,2.840365) 
   Base frequencies (ML): 0.255452 0.263051 0.277195 0.204302 
   Substitution rates (ML): 1.624043 4.660916 1.214688 0.629373 6.630641 1.000000 

Final LogLikelihood: -4406.593810

All ML trees saved to: /mnt/lustre/scratch/home/uvi/be/avs/cancer_genes_selection/genes/PAFAH1B2/tree/PAFAH1B2.raxml.mlTrees
Best ML tree saved to: /mnt/lustre/scratch/home/uvi/be/avs/cancer_genes_selection/genes/PAFAH1B2/tree/PAFAH1B2.raxml.bestTree
Best ML tree with bootstrap support values saved to: /mnt/lustre/scratch/home/uvi/be/avs/cancer_genes_selection/genes/PAFAH1B2/tree/PAFAH1B2.raxml.support
Optimized model saved to: /mnt/lustre/scratch/home/uvi/be/avs/cancer_genes_selection/genes/PAFAH1B2/tree/PAFAH1B2.raxml.bestModel
Bootstrap trees saved to: /mnt/lustre/scratch/home/uvi/be/avs/cancer_genes_selection/genes/PAFAH1B2/tree/PAFAH1B2.raxml.bootstraps

Execution log saved to: /mnt/lustre/scratch/home/uvi/be/avs/cancer_genes_selection/genes/PAFAH1B2/tree/PAFAH1B2.raxml.log

Analysis started: 21-Mar-2018 21:49:02 / finished: 21-Mar-2018 22:01:54

Elapsed time: 772.432 seconds

