
RAxML-NG v. 0.5.1b BETA released on 01.12.2017 by The Exelixis Lab.
Authors: Alexey Kozlov, Alexandros Stamatakis, Diego Darriba, Tomas Flouri, Benoit Morel.
Latest version: https://github.com/amkozlov/raxml-ng
Questions/problems/suggestions? Please visit: https://groups.google.com/forum/#!forum/raxml

WARNING: This is a BETA release, please use at your own risk!

RAxML-NG was called as follows:

raxml-ng-mpi --all --msa /mnt/lustre/scratch/home/uvi/be/avs/cancer_genes_selection/genes/MEN1/align/MEN1_align_DNA_trimmed2.fasta --model GTR+G -tree pars{10} --bs-trees 100 --prefix /mnt/lustre/scratch/home/uvi/be/avs/cancer_genes_selection/genes/MEN1/tree/MEN1_trimmed --redo

Analysis options:
  run mode: ML tree search + bootstrapping
  start tree(s): parsimony (10)
  random seed: 1522097483
  tip-inner: ON
  pattern compression: ON
  per-rate scalers: OFF
  site repeats: OFF
  branch lengths: ML estimate (linked)
  SIMD kernels: AVX2
  parallelization: NONE/sequential

WARNING: Running in REDO mode: existing checkpoints are ignored, and all result files will be overwritten!

[00:00:00] Reading alignment from file: /mnt/lustre/scratch/home/uvi/be/avs/cancer_genes_selection/genes/MEN1/align/MEN1_align_DNA_trimmed2.fasta
[00:00:00] Loaded alignment with 24 taxa and 1833 sites

Alignment comprises 1 partitions and 633 patterns

Partition 0: noname
Model: GTR+FO+G4m
Alignment sites / patterns: 1833 / 633
Gaps: 2.52 %
Invariant sites: 59.63 %


[00:00:01] Generating parsimony starting tree(s) with 24 taxa
[00:00:01] Data distribution: partitions/thread: 1-1, patterns/thread: 633-633

Starting ML tree search with 10 distinct starting trees

[00:00:07] ML tree search #1, logLikelihood: -11639.331377
[00:00:13] ML tree search #2, logLikelihood: -11639.331371
[00:00:20] ML tree search #3, logLikelihood: -11639.331897
[00:00:26] ML tree search #4, logLikelihood: -11639.332308
[00:00:32] ML tree search #5, logLikelihood: -11639.331974
[00:00:38] ML tree search #6, logLikelihood: -11639.330985
[00:00:45] ML tree search #7, logLikelihood: -11639.338207
[00:00:51] ML tree search #8, logLikelihood: -11639.332076
[00:00:57] ML tree search #9, logLikelihood: -11639.330287
[00:01:04] ML tree search #10, logLikelihood: -11639.337574

[00:01:04] ML tree search completed, best tree logLH: -11639.330287

[00:01:04] Starting bootstrapping analysis with 100 replicates.

[00:01:13] Bootstrap tree #1, logLikelihood: -11773.175809
[00:01:21] Bootstrap tree #2, logLikelihood: -12148.763843
[00:01:28] Bootstrap tree #3, logLikelihood: -11745.347885
[00:01:38] Bootstrap tree #4, logLikelihood: -11432.290017
[00:01:45] Bootstrap tree #5, logLikelihood: -11460.852876
[00:01:52] Bootstrap tree #6, logLikelihood: -10853.593280
[00:02:00] Bootstrap tree #7, logLikelihood: -11295.876427
[00:02:07] Bootstrap tree #8, logLikelihood: -11791.042285
[00:02:15] Bootstrap tree #9, logLikelihood: -11430.000351
[00:02:24] Bootstrap tree #10, logLikelihood: -11388.555289
[00:02:31] Bootstrap tree #11, logLikelihood: -11603.539296
[00:02:37] Bootstrap tree #12, logLikelihood: -11661.172279
[00:02:45] Bootstrap tree #13, logLikelihood: -12280.364660
[00:02:52] Bootstrap tree #14, logLikelihood: -11493.975343
[00:02:59] Bootstrap tree #15, logLikelihood: -11919.939457
[00:03:06] Bootstrap tree #16, logLikelihood: -11303.309966
[00:03:14] Bootstrap tree #17, logLikelihood: -11403.091968
[00:03:21] Bootstrap tree #18, logLikelihood: -11669.196631
[00:03:28] Bootstrap tree #19, logLikelihood: -10957.981575
[00:03:35] Bootstrap tree #20, logLikelihood: -11653.635246
[00:03:43] Bootstrap tree #21, logLikelihood: -11510.704086
[00:03:50] Bootstrap tree #22, logLikelihood: -11483.861430
[00:03:58] Bootstrap tree #23, logLikelihood: -11269.954411
[00:04:05] Bootstrap tree #24, logLikelihood: -11652.366463
[00:04:12] Bootstrap tree #25, logLikelihood: -11514.203332
[00:04:19] Bootstrap tree #26, logLikelihood: -11240.095528
[00:04:24] Bootstrap tree #27, logLikelihood: -11754.195021
[00:04:33] Bootstrap tree #28, logLikelihood: -11702.958857
[00:04:40] Bootstrap tree #29, logLikelihood: -11407.047877
[00:04:47] Bootstrap tree #30, logLikelihood: -11839.917495
[00:04:55] Bootstrap tree #31, logLikelihood: -11324.448948
[00:05:03] Bootstrap tree #32, logLikelihood: -11491.993892
[00:05:10] Bootstrap tree #33, logLikelihood: -10775.267642
[00:05:18] Bootstrap tree #34, logLikelihood: -12257.278874
[00:05:26] Bootstrap tree #35, logLikelihood: -11396.229762
[00:05:33] Bootstrap tree #36, logLikelihood: -12046.731207
[00:05:40] Bootstrap tree #37, logLikelihood: -11268.902728
[00:05:47] Bootstrap tree #38, logLikelihood: -11676.448875
[00:05:54] Bootstrap tree #39, logLikelihood: -11705.276647
[00:06:01] Bootstrap tree #40, logLikelihood: -11070.820901
[00:06:09] Bootstrap tree #41, logLikelihood: -11735.741572
[00:06:17] Bootstrap tree #42, logLikelihood: -11883.380417
[00:06:24] Bootstrap tree #43, logLikelihood: -12206.313515
[00:06:32] Bootstrap tree #44, logLikelihood: -11785.952391
[00:06:41] Bootstrap tree #45, logLikelihood: -11578.022409
[00:06:49] Bootstrap tree #46, logLikelihood: -11428.010532
[00:06:58] Bootstrap tree #47, logLikelihood: -11363.384220
[00:07:06] Bootstrap tree #48, logLikelihood: -11872.146774
[00:07:16] Bootstrap tree #49, logLikelihood: -11746.986249
[00:07:23] Bootstrap tree #50, logLikelihood: -11401.985536
[00:07:30] Bootstrap tree #51, logLikelihood: -11259.169296
[00:07:37] Bootstrap tree #52, logLikelihood: -11723.398502
[00:07:45] Bootstrap tree #53, logLikelihood: -11813.585628
[00:07:53] Bootstrap tree #54, logLikelihood: -10985.232653
[00:08:03] Bootstrap tree #55, logLikelihood: -11644.459689
[00:08:11] Bootstrap tree #56, logLikelihood: -11695.837867
[00:08:19] Bootstrap tree #57, logLikelihood: -11706.890447
[00:08:27] Bootstrap tree #58, logLikelihood: -12185.914716
[00:08:37] Bootstrap tree #59, logLikelihood: -11804.884676
[00:08:44] Bootstrap tree #60, logLikelihood: -11792.197005
[00:08:54] Bootstrap tree #61, logLikelihood: -11754.473065
[00:09:02] Bootstrap tree #62, logLikelihood: -11809.647241
[00:09:12] Bootstrap tree #63, logLikelihood: -11677.937988
[00:09:22] Bootstrap tree #64, logLikelihood: -11793.798781
[00:09:30] Bootstrap tree #65, logLikelihood: -11688.637664
[00:09:38] Bootstrap tree #66, logLikelihood: -11706.165416
[00:09:47] Bootstrap tree #67, logLikelihood: -11234.709589
[00:09:54] Bootstrap tree #68, logLikelihood: -12135.565292
[00:10:04] Bootstrap tree #69, logLikelihood: -11586.420216
[00:10:11] Bootstrap tree #70, logLikelihood: -10896.118924
[00:10:20] Bootstrap tree #71, logLikelihood: -11470.610363
[00:10:29] Bootstrap tree #72, logLikelihood: -11724.671487
[00:10:37] Bootstrap tree #73, logLikelihood: -12111.496080
[00:10:45] Bootstrap tree #74, logLikelihood: -11537.428327
[00:10:53] Bootstrap tree #75, logLikelihood: -11613.062629
[00:11:02] Bootstrap tree #76, logLikelihood: -11678.793046
[00:11:10] Bootstrap tree #77, logLikelihood: -11652.081157
[00:11:18] Bootstrap tree #78, logLikelihood: -11982.744741
[00:11:26] Bootstrap tree #79, logLikelihood: -11530.849787
[00:11:35] Bootstrap tree #80, logLikelihood: -11187.749555
[00:11:43] Bootstrap tree #81, logLikelihood: -11358.148205
[00:11:53] Bootstrap tree #82, logLikelihood: -11379.105171
[00:12:03] Bootstrap tree #83, logLikelihood: -11964.041461
[00:12:13] Bootstrap tree #84, logLikelihood: -10737.600720
[00:12:21] Bootstrap tree #85, logLikelihood: -10937.827051
[00:12:32] Bootstrap tree #86, logLikelihood: -12022.147742
[00:12:42] Bootstrap tree #87, logLikelihood: -11721.575584
[00:12:51] Bootstrap tree #88, logLikelihood: -11945.326350
[00:13:02] Bootstrap tree #89, logLikelihood: -11970.381769
[00:13:12] Bootstrap tree #90, logLikelihood: -11172.522490
[00:13:22] Bootstrap tree #91, logLikelihood: -11271.537795
[00:13:32] Bootstrap tree #92, logLikelihood: -11767.817792
[00:13:43] Bootstrap tree #93, logLikelihood: -11594.020006
[00:13:53] Bootstrap tree #94, logLikelihood: -11812.402994
[00:14:03] Bootstrap tree #95, logLikelihood: -11383.105916
[00:14:12] Bootstrap tree #96, logLikelihood: -11925.442166
[00:14:23] Bootstrap tree #97, logLikelihood: -11723.533384
[00:14:35] Bootstrap tree #98, logLikelihood: -11425.700794
[00:14:46] Bootstrap tree #99, logLikelihood: -11108.969737
[00:14:55] Bootstrap tree #100, logLikelihood: -11513.757640

Optimized model parameters:

   Partition 0: noname
   Rate heterogeneity: GAMMA (4 cats, mean),  alpha: 0.277405 (ML),  weights&rates: (0.250000,0.003642) (0.250000,0.087077) (0.250000,0.555832) (0.250000,3.353449) 
   Base frequencies (ML): 0.193520 0.309601 0.316206 0.180674 
   Substitution rates (ML): 1.137373 4.274858 0.765015 0.645958 4.824906 1.000000 

Final LogLikelihood: -11639.330287

All ML trees saved to: /mnt/lustre/scratch/home/uvi/be/avs/cancer_genes_selection/genes/MEN1/tree/MEN1_trimmed.raxml.mlTrees
Best ML tree saved to: /mnt/lustre/scratch/home/uvi/be/avs/cancer_genes_selection/genes/MEN1/tree/MEN1_trimmed.raxml.bestTree
Best ML tree with bootstrap support values saved to: /mnt/lustre/scratch/home/uvi/be/avs/cancer_genes_selection/genes/MEN1/tree/MEN1_trimmed.raxml.support
Optimized model saved to: /mnt/lustre/scratch/home/uvi/be/avs/cancer_genes_selection/genes/MEN1/tree/MEN1_trimmed.raxml.bestModel
Bootstrap trees saved to: /mnt/lustre/scratch/home/uvi/be/avs/cancer_genes_selection/genes/MEN1/tree/MEN1_trimmed.raxml.bootstraps

Execution log saved to: /mnt/lustre/scratch/home/uvi/be/avs/cancer_genes_selection/genes/MEN1/tree/MEN1_trimmed.raxml.log

Analysis started: 26-Mar-2018 22:51:23 / finished: 26-Mar-2018 23:06:22

Elapsed time: 899.382 seconds

