
RAxML-NG v. 0.5.1b BETA released on 01.12.2017 by The Exelixis Lab.
Authors: Alexey Kozlov, Alexandros Stamatakis, Diego Darriba, Tomas Flouri, Benoit Morel.
Latest version: https://github.com/amkozlov/raxml-ng
Questions/problems/suggestions? Please visit: https://groups.google.com/forum/#!forum/raxml

WARNING: This is a BETA release, please use at your own risk!

RAxML-NG was called as follows:

raxml-ng-mpi --all --msa /mnt/lustre/scratch/home/uvi/be/avs/cancer_genes_selection/genes/CRTC1/align/CRTC1_align_DNA_trimmed2.fasta --model GTR+G -tree pars{10} --bs-trees 100 --prefix /mnt/lustre/scratch/home/uvi/be/avs/cancer_genes_selection/genes/CRTC1/tree/CRTC1_trimmed --redo

Analysis options:
  run mode: ML tree search + bootstrapping
  start tree(s): parsimony (10)
  random seed: 1522089321
  tip-inner: ON
  pattern compression: ON
  per-rate scalers: OFF
  site repeats: OFF
  branch lengths: ML estimate (linked)
  SIMD kernels: AVX2
  parallelization: NONE/sequential

WARNING: Running in REDO mode: existing checkpoints are ignored, and all result files will be overwritten!

[00:00:00] Reading alignment from file: /mnt/lustre/scratch/home/uvi/be/avs/cancer_genes_selection/genes/CRTC1/align/CRTC1_align_DNA_trimmed2.fasta
[00:00:01] Loaded alignment with 24 taxa and 1914 sites

Alignment comprises 1 partitions and 901 patterns

Partition 0: noname
Model: GTR+FO+G4m
Alignment sites / patterns: 1914 / 901
Gaps: 5.73 %
Invariant sites: 50.63 %


[00:00:01] Generating parsimony starting tree(s) with 24 taxa
[00:00:01] Data distribution: partitions/thread: 1-1, patterns/thread: 901-901

Starting ML tree search with 10 distinct starting trees

[00:00:09] ML tree search #1, logLikelihood: -13944.317277
[00:00:19] ML tree search #2, logLikelihood: -13944.318202
[00:00:28] ML tree search #3, logLikelihood: -13944.317614
[00:00:38] ML tree search #4, logLikelihood: -13944.316693
[00:00:47] ML tree search #5, logLikelihood: -13944.317796
[00:00:58] ML tree search #6, logLikelihood: -13944.317893
[00:01:07] ML tree search #7, logLikelihood: -13944.317046
[00:01:17] ML tree search #8, logLikelihood: -13944.318053
[00:01:27] ML tree search #9, logLikelihood: -13944.318772
[00:01:36] ML tree search #10, logLikelihood: -13944.318971

[00:01:37] ML tree search completed, best tree logLH: -13944.316693

[00:01:37] Starting bootstrapping analysis with 100 replicates.

[00:01:46] Bootstrap tree #1, logLikelihood: -13886.335055
[00:01:56] Bootstrap tree #2, logLikelihood: -13625.433278
[00:02:08] Bootstrap tree #3, logLikelihood: -13646.030897
[00:02:19] Bootstrap tree #4, logLikelihood: -13324.849018
[00:02:27] Bootstrap tree #5, logLikelihood: -13736.447496
[00:02:37] Bootstrap tree #6, logLikelihood: -13422.814401
[00:02:48] Bootstrap tree #7, logLikelihood: -14541.915531
[00:03:00] Bootstrap tree #8, logLikelihood: -13886.129429
[00:03:10] Bootstrap tree #9, logLikelihood: -14057.325898
[00:03:20] Bootstrap tree #10, logLikelihood: -14445.040019
[00:03:31] Bootstrap tree #11, logLikelihood: -13985.414659
[00:03:42] Bootstrap tree #12, logLikelihood: -14343.637466
[00:03:53] Bootstrap tree #13, logLikelihood: -13861.275570
[00:04:02] Bootstrap tree #14, logLikelihood: -13963.243424
[00:04:11] Bootstrap tree #15, logLikelihood: -14056.036224
[00:04:21] Bootstrap tree #16, logLikelihood: -13146.221890
[00:04:31] Bootstrap tree #17, logLikelihood: -14446.831815
[00:04:39] Bootstrap tree #18, logLikelihood: -13532.845220
[00:04:48] Bootstrap tree #19, logLikelihood: -13582.679229
[00:04:58] Bootstrap tree #20, logLikelihood: -13926.215450
[00:05:10] Bootstrap tree #21, logLikelihood: -14187.408888
[00:05:21] Bootstrap tree #22, logLikelihood: -13909.239625
[00:05:30] Bootstrap tree #23, logLikelihood: -13764.314392
[00:05:41] Bootstrap tree #24, logLikelihood: -13470.774839
[00:05:53] Bootstrap tree #25, logLikelihood: -13905.277049
[00:06:04] Bootstrap tree #26, logLikelihood: -14193.606806
[00:06:15] Bootstrap tree #27, logLikelihood: -14310.639857
[00:06:25] Bootstrap tree #28, logLikelihood: -14367.529566
[00:06:35] Bootstrap tree #29, logLikelihood: -13855.198364
[00:06:45] Bootstrap tree #30, logLikelihood: -13938.776213
[00:06:55] Bootstrap tree #31, logLikelihood: -14500.119987
[00:07:03] Bootstrap tree #32, logLikelihood: -13863.085947
[00:07:14] Bootstrap tree #33, logLikelihood: -13724.811784
[00:07:23] Bootstrap tree #34, logLikelihood: -13933.482568
[00:07:30] Bootstrap tree #35, logLikelihood: -13708.452132
[00:07:40] Bootstrap tree #36, logLikelihood: -13996.025763
[00:07:50] Bootstrap tree #37, logLikelihood: -13623.508256
[00:08:01] Bootstrap tree #38, logLikelihood: -13899.445791
[00:08:11] Bootstrap tree #39, logLikelihood: -13539.589335
[00:08:21] Bootstrap tree #40, logLikelihood: -13893.493471
[00:08:32] Bootstrap tree #41, logLikelihood: -14467.224856
[00:08:42] Bootstrap tree #42, logLikelihood: -13853.394610
[00:08:55] Bootstrap tree #43, logLikelihood: -13799.764059
[00:09:07] Bootstrap tree #44, logLikelihood: -13749.080768
[00:09:20] Bootstrap tree #45, logLikelihood: -13420.487391
[00:09:30] Bootstrap tree #46, logLikelihood: -13896.390099
[00:09:41] Bootstrap tree #47, logLikelihood: -14358.753112
[00:09:51] Bootstrap tree #48, logLikelihood: -13889.673729
[00:10:04] Bootstrap tree #49, logLikelihood: -13373.106164
[00:10:16] Bootstrap tree #50, logLikelihood: -13689.172469
[00:10:29] Bootstrap tree #51, logLikelihood: -13610.314290
[00:10:40] Bootstrap tree #52, logLikelihood: -13667.840026
[00:10:50] Bootstrap tree #53, logLikelihood: -13370.754585
[00:11:00] Bootstrap tree #54, logLikelihood: -14221.597681
[00:11:12] Bootstrap tree #55, logLikelihood: -14574.832818
[00:11:24] Bootstrap tree #56, logLikelihood: -13678.594424
[00:11:35] Bootstrap tree #57, logLikelihood: -13854.926365
[00:11:47] Bootstrap tree #58, logLikelihood: -13679.732185
[00:11:58] Bootstrap tree #59, logLikelihood: -12828.207761
[00:12:08] Bootstrap tree #60, logLikelihood: -13531.050201
[00:12:20] Bootstrap tree #61, logLikelihood: -14141.052446
[00:12:31] Bootstrap tree #62, logLikelihood: -13937.917652
[00:12:40] Bootstrap tree #63, logLikelihood: -14337.562536
[00:12:51] Bootstrap tree #64, logLikelihood: -13837.214266
[00:13:03] Bootstrap tree #65, logLikelihood: -13789.036597
[00:13:16] Bootstrap tree #66, logLikelihood: -14043.635041
[00:13:28] Bootstrap tree #67, logLikelihood: -13755.749005
[00:13:41] Bootstrap tree #68, logLikelihood: -13848.975843
[00:13:53] Bootstrap tree #69, logLikelihood: -13738.692158
[00:14:06] Bootstrap tree #70, logLikelihood: -13505.185602
[00:14:18] Bootstrap tree #71, logLikelihood: -13752.887719
[00:14:31] Bootstrap tree #72, logLikelihood: -13503.178881
[00:14:40] Bootstrap tree #73, logLikelihood: -13569.023356
[00:14:51] Bootstrap tree #74, logLikelihood: -13753.387919
[00:15:05] Bootstrap tree #75, logLikelihood: -14138.425340
[00:15:16] Bootstrap tree #76, logLikelihood: -13946.276107
[00:15:29] Bootstrap tree #77, logLikelihood: -13834.594377
[00:15:39] Bootstrap tree #78, logLikelihood: -13916.830720
[00:15:50] Bootstrap tree #79, logLikelihood: -14074.723814
[00:16:03] Bootstrap tree #80, logLikelihood: -13982.603290
[00:16:15] Bootstrap tree #81, logLikelihood: -13951.363307
[00:16:27] Bootstrap tree #82, logLikelihood: -14211.349818
[00:16:40] Bootstrap tree #83, logLikelihood: -14266.946512
[00:16:53] Bootstrap tree #84, logLikelihood: -13692.290410
[00:17:07] Bootstrap tree #85, logLikelihood: -13932.749771
[00:17:18] Bootstrap tree #86, logLikelihood: -14073.798973
[00:17:30] Bootstrap tree #87, logLikelihood: -13475.894798
[00:17:42] Bootstrap tree #88, logLikelihood: -13826.447757
[00:17:54] Bootstrap tree #89, logLikelihood: -13914.120106
[00:18:06] Bootstrap tree #90, logLikelihood: -13536.995927
[00:18:19] Bootstrap tree #91, logLikelihood: -13869.266374
[00:18:32] Bootstrap tree #92, logLikelihood: -14214.314535
[00:18:45] Bootstrap tree #93, logLikelihood: -13228.941284
[00:18:57] Bootstrap tree #94, logLikelihood: -14319.260439
[00:19:09] Bootstrap tree #95, logLikelihood: -13643.518558
[00:19:22] Bootstrap tree #96, logLikelihood: -14052.927668
[00:19:34] Bootstrap tree #97, logLikelihood: -13631.838652
[00:19:46] Bootstrap tree #98, logLikelihood: -13957.670312
[00:19:59] Bootstrap tree #99, logLikelihood: -13704.692785
[00:20:11] Bootstrap tree #100, logLikelihood: -13673.799903

Optimized model parameters:

   Partition 0: noname
   Rate heterogeneity: GAMMA (4 cats, mean),  alpha: 0.359534 (ML),  weights&rates: (0.250000,0.011335) (0.250000,0.150950) (0.250000,0.683498) (0.250000,3.154216) 
   Base frequencies (ML): 0.220977 0.380013 0.234494 0.164515 
   Substitution rates (ML): 0.446270 2.669533 0.717029 0.439921 2.864029 1.000000 

Final LogLikelihood: -13944.316693

All ML trees saved to: /mnt/lustre/scratch/home/uvi/be/avs/cancer_genes_selection/genes/CRTC1/tree/CRTC1_trimmed.raxml.mlTrees
Best ML tree saved to: /mnt/lustre/scratch/home/uvi/be/avs/cancer_genes_selection/genes/CRTC1/tree/CRTC1_trimmed.raxml.bestTree
Best ML tree with bootstrap support values saved to: /mnt/lustre/scratch/home/uvi/be/avs/cancer_genes_selection/genes/CRTC1/tree/CRTC1_trimmed.raxml.support
Optimized model saved to: /mnt/lustre/scratch/home/uvi/be/avs/cancer_genes_selection/genes/CRTC1/tree/CRTC1_trimmed.raxml.bestModel
Bootstrap trees saved to: /mnt/lustre/scratch/home/uvi/be/avs/cancer_genes_selection/genes/CRTC1/tree/CRTC1_trimmed.raxml.bootstraps

Execution log saved to: /mnt/lustre/scratch/home/uvi/be/avs/cancer_genes_selection/genes/CRTC1/tree/CRTC1_trimmed.raxml.log

Analysis started: 26-Mar-2018 20:35:21 / finished: 26-Mar-2018 20:55:36

Elapsed time: 1215.269 seconds

