
RAxML-NG v. 0.5.1b BETA released on 01.12.2017 by The Exelixis Lab.
Authors: Alexey Kozlov, Alexandros Stamatakis, Diego Darriba, Tomas Flouri, Benoit Morel.
Latest version: https://github.com/amkozlov/raxml-ng
Questions/problems/suggestions? Please visit: https://groups.google.com/forum/#!forum/raxml

WARNING: This is a BETA release, please use at your own risk!

RAxML-NG was called as follows:

raxml-ng-mpi --all --msa /mnt/lustre/scratch/home/uvi/be/avs/cancer_genes_selection/genes/COL1A1/align/COL1A1_align_DNA_trimmed.fasta --model GTR+G -tree pars{10} --bs-trees 100 --prefix /mnt/lustre/scratch/home/uvi/be/avs/cancer_genes_selection/genes/COL1A1/tree/COL1A1 --redo

Analysis options:
  run mode: ML tree search + bootstrapping
  start tree(s): parsimony (10)
  random seed: 1521651604
  tip-inner: ON
  pattern compression: ON
  per-rate scalers: OFF
  site repeats: OFF
  branch lengths: ML estimate (linked)
  SIMD kernels: AVX2
  parallelization: NONE/sequential

WARNING: Running in REDO mode: existing checkpoints are ignored, and all result files will be overwritten!

[00:00:00] Reading alignment from file: /mnt/lustre/scratch/home/uvi/be/avs/cancer_genes_selection/genes/COL1A1/align/COL1A1_align_DNA_trimmed.fasta
[00:00:00] Loaded alignment with 27 taxa and 4392 sites

Alignment comprises 1 partitions and 2213 patterns

Partition 0: noname
Model: GTR+FO+G4m
Alignment sites / patterns: 4392 / 2213
Gaps: 5.33 %
Invariant sites: 42.69 %


[00:00:00] Generating parsimony starting tree(s) with 27 taxa
[00:00:01] Data distribution: partitions/thread: 1-1, patterns/thread: 2213-2213

Starting ML tree search with 10 distinct starting trees

[00:00:16] ML tree search #1, logLikelihood: -34287.586221
[00:00:28] ML tree search #2, logLikelihood: -34287.585541
[00:00:42] ML tree search #3, logLikelihood: -34287.586295
[00:00:57] ML tree search #4, logLikelihood: -34290.482849
[00:01:11] ML tree search #5, logLikelihood: -34287.584876
[00:01:25] ML tree search #6, logLikelihood: -34287.585978
[00:01:39] ML tree search #7, logLikelihood: -34290.483643
[00:01:54] ML tree search #8, logLikelihood: -34287.585227
[00:02:08] ML tree search #9, logLikelihood: -34287.585922
[00:02:22] ML tree search #10, logLikelihood: -34290.483056

[00:02:22] ML tree search completed, best tree logLH: -34287.584876

[00:02:22] Starting bootstrapping analysis with 100 replicates.

[00:02:35] Bootstrap tree #1, logLikelihood: -34457.963631
[00:03:40] Bootstrap tree #2, logLikelihood: -34248.519296
[00:03:54] Bootstrap tree #3, logLikelihood: -34694.721413
[00:04:07] Bootstrap tree #4, logLikelihood: -34171.093716
[00:04:19] Bootstrap tree #5, logLikelihood: -35018.568928
[00:04:32] Bootstrap tree #6, logLikelihood: -33541.349781
[00:04:46] Bootstrap tree #7, logLikelihood: -34435.760682
[00:05:01] Bootstrap tree #8, logLikelihood: -34464.834660
[00:05:16] Bootstrap tree #9, logLikelihood: -33913.465860
[00:05:35] Bootstrap tree #10, logLikelihood: -34279.614421
[00:05:49] Bootstrap tree #11, logLikelihood: -34160.140043
[00:06:03] Bootstrap tree #12, logLikelihood: -34079.476753
[00:06:20] Bootstrap tree #13, logLikelihood: -34774.514003
[00:06:37] Bootstrap tree #14, logLikelihood: -35186.293831
[00:06:53] Bootstrap tree #15, logLikelihood: -34721.155030
[00:07:08] Bootstrap tree #16, logLikelihood: -33896.666664
[00:07:22] Bootstrap tree #17, logLikelihood: -34385.497365
[00:07:35] Bootstrap tree #18, logLikelihood: -34144.275668
[00:07:49] Bootstrap tree #19, logLikelihood: -33898.227169
[00:08:06] Bootstrap tree #20, logLikelihood: -35101.949896
[00:08:26] Bootstrap tree #21, logLikelihood: -34111.062790
[00:08:43] Bootstrap tree #22, logLikelihood: -33846.379066
[00:09:00] Bootstrap tree #23, logLikelihood: -33165.303024
[00:09:15] Bootstrap tree #24, logLikelihood: -34527.834262
[00:09:34] Bootstrap tree #25, logLikelihood: -35240.159263
[00:09:49] Bootstrap tree #26, logLikelihood: -34142.825637
[00:10:04] Bootstrap tree #27, logLikelihood: -34033.348704
[00:10:22] Bootstrap tree #28, logLikelihood: -34086.336239
[00:10:36] Bootstrap tree #29, logLikelihood: -34348.611949
[00:10:52] Bootstrap tree #30, logLikelihood: -34535.820415
[00:11:06] Bootstrap tree #31, logLikelihood: -33595.980706
[00:11:19] Bootstrap tree #32, logLikelihood: -33426.170989
[00:11:31] Bootstrap tree #33, logLikelihood: -34529.247848
[00:11:44] Bootstrap tree #34, logLikelihood: -34422.560127
[00:12:06] Bootstrap tree #35, logLikelihood: -34178.230521
[00:12:22] Bootstrap tree #36, logLikelihood: -33556.453555
[00:12:35] Bootstrap tree #37, logLikelihood: -33474.405447
[00:12:49] Bootstrap tree #38, logLikelihood: -34075.765608
[00:13:06] Bootstrap tree #39, logLikelihood: -33929.386115
[00:13:21] Bootstrap tree #40, logLikelihood: -33929.016697
[00:13:35] Bootstrap tree #41, logLikelihood: -34419.700490
[00:13:48] Bootstrap tree #42, logLikelihood: -34271.369353
[00:14:03] Bootstrap tree #43, logLikelihood: -33588.783951
[00:14:18] Bootstrap tree #44, logLikelihood: -34327.967934
[00:14:32] Bootstrap tree #45, logLikelihood: -34461.313139
[00:14:52] Bootstrap tree #46, logLikelihood: -34711.017086
[00:15:04] Bootstrap tree #47, logLikelihood: -34212.980493
[00:15:17] Bootstrap tree #48, logLikelihood: -34593.916527
[00:15:31] Bootstrap tree #49, logLikelihood: -34619.776717
[00:15:47] Bootstrap tree #50, logLikelihood: -34396.947340
[00:16:00] Bootstrap tree #51, logLikelihood: -34529.854578
[00:16:15] Bootstrap tree #52, logLikelihood: -33806.905086
[00:16:30] Bootstrap tree #53, logLikelihood: -33599.605584
[00:16:44] Bootstrap tree #54, logLikelihood: -34882.647876
[00:17:02] Bootstrap tree #55, logLikelihood: -33995.588169
[00:17:17] Bootstrap tree #56, logLikelihood: -33712.532473
[00:17:32] Bootstrap tree #57, logLikelihood: -34188.153554
[00:17:47] Bootstrap tree #58, logLikelihood: -33524.496369
[00:18:01] Bootstrap tree #59, logLikelihood: -34156.113282
[00:18:18] Bootstrap tree #60, logLikelihood: -33915.137128
[00:18:33] Bootstrap tree #61, logLikelihood: -33826.440026
[00:18:48] Bootstrap tree #62, logLikelihood: -33109.412286
[00:19:03] Bootstrap tree #63, logLikelihood: -34169.385801
[00:19:19] Bootstrap tree #64, logLikelihood: -34296.988048
[00:19:34] Bootstrap tree #65, logLikelihood: -34545.139993
[00:19:49] Bootstrap tree #66, logLikelihood: -34100.904492
[00:20:02] Bootstrap tree #67, logLikelihood: -34556.666609
[00:20:16] Bootstrap tree #68, logLikelihood: -33682.682664
[00:20:31] Bootstrap tree #69, logLikelihood: -33503.298066
[00:20:45] Bootstrap tree #70, logLikelihood: -33417.168060
[00:20:59] Bootstrap tree #71, logLikelihood: -34199.468090
[00:21:13] Bootstrap tree #72, logLikelihood: -34473.834447
[00:21:26] Bootstrap tree #73, logLikelihood: -34111.673374
[00:21:40] Bootstrap tree #74, logLikelihood: -33277.036877
[00:21:55] Bootstrap tree #75, logLikelihood: -33387.551570
[00:22:11] Bootstrap tree #76, logLikelihood: -33950.902363
[00:22:27] Bootstrap tree #77, logLikelihood: -34316.656657
[00:22:46] Bootstrap tree #78, logLikelihood: -35162.530825
[00:23:01] Bootstrap tree #79, logLikelihood: -34168.358019
[00:23:14] Bootstrap tree #80, logLikelihood: -33969.131079
[00:23:27] Bootstrap tree #81, logLikelihood: -33274.410272
[00:23:47] Bootstrap tree #82, logLikelihood: -32828.145086
[00:24:01] Bootstrap tree #83, logLikelihood: -34443.247454
[00:24:17] Bootstrap tree #84, logLikelihood: -34974.957424
[00:24:30] Bootstrap tree #85, logLikelihood: -34289.250930
[00:24:46] Bootstrap tree #86, logLikelihood: -34609.033417
[00:25:03] Bootstrap tree #87, logLikelihood: -34356.671789
[00:25:17] Bootstrap tree #88, logLikelihood: -33769.038963
[00:25:34] Bootstrap tree #89, logLikelihood: -34658.217519
[00:25:54] Bootstrap tree #90, logLikelihood: -34102.449751
[00:26:14] Bootstrap tree #91, logLikelihood: -34016.930736
[00:26:29] Bootstrap tree #92, logLikelihood: -33953.441566
[00:26:43] Bootstrap tree #93, logLikelihood: -34755.220211
[00:27:01] Bootstrap tree #94, logLikelihood: -33994.142314
[00:27:17] Bootstrap tree #95, logLikelihood: -34174.606396
[00:27:30] Bootstrap tree #96, logLikelihood: -34847.564381
[00:27:44] Bootstrap tree #97, logLikelihood: -34992.630735
[00:27:59] Bootstrap tree #98, logLikelihood: -33990.807528
[00:28:15] Bootstrap tree #99, logLikelihood: -34678.587902
[00:28:29] Bootstrap tree #100, logLikelihood: -34800.441791

Optimized model parameters:

   Partition 0: noname
   Rate heterogeneity: GAMMA (4 cats, mean),  alpha: 0.672157 (ML),  weights&rates: (0.250000,0.068254) (0.250000,0.350091) (0.250000,0.914097) (0.250000,2.667558) 
   Base frequencies (ML): 0.171213 0.313492 0.311365 0.203930 
   Substitution rates (ML): 2.067890 2.812766 2.315660 0.876755 6.993790 1.000000 

Final LogLikelihood: -34287.584876

All ML trees saved to: /mnt/lustre/scratch/home/uvi/be/avs/cancer_genes_selection/genes/COL1A1/tree/COL1A1.raxml.mlTrees
Best ML tree saved to: /mnt/lustre/scratch/home/uvi/be/avs/cancer_genes_selection/genes/COL1A1/tree/COL1A1.raxml.bestTree
Best ML tree with bootstrap support values saved to: /mnt/lustre/scratch/home/uvi/be/avs/cancer_genes_selection/genes/COL1A1/tree/COL1A1.raxml.support
Optimized model saved to: /mnt/lustre/scratch/home/uvi/be/avs/cancer_genes_selection/genes/COL1A1/tree/COL1A1.raxml.bestModel
Bootstrap trees saved to: /mnt/lustre/scratch/home/uvi/be/avs/cancer_genes_selection/genes/COL1A1/tree/COL1A1.raxml.bootstraps

Execution log saved to: /mnt/lustre/scratch/home/uvi/be/avs/cancer_genes_selection/genes/COL1A1/tree/COL1A1.raxml.log

Analysis started: 21-Mar-2018 18:00:04 / finished: 21-Mar-2018 18:28:36

Elapsed time: 1711.794 seconds

