
RAxML-NG v. 0.5.1b BETA released on 01.12.2017 by The Exelixis Lab.
Authors: Alexey Kozlov, Alexandros Stamatakis, Diego Darriba, Tomas Flouri, Benoit Morel.
Latest version: https://github.com/amkozlov/raxml-ng
Questions/problems/suggestions? Please visit: https://groups.google.com/forum/#!forum/raxml

WARNING: This is a BETA release, please use at your own risk!

RAxML-NG was called as follows:

raxml-ng-mpi --all --msa /mnt/lustre/scratch/home/uvi/be/avs/cancer_genes_selection/genes/HOXC11/align/HOXC11_align_DNA_trimmed2.fasta --model GTR+G -tree pars{10} --bs-trees 100 --prefix /mnt/lustre/scratch/home/uvi/be/avs/cancer_genes_selection/genes/HOXC11/tree/HOXC11_trimmed --redo

Analysis options:
  run mode: ML tree search + bootstrapping
  start tree(s): parsimony (10)
  random seed: 1522094964
  tip-inner: ON
  pattern compression: ON
  per-rate scalers: OFF
  site repeats: OFF
  branch lengths: ML estimate (linked)
  SIMD kernels: AVX2
  parallelization: NONE/sequential

WARNING: Running in REDO mode: existing checkpoints are ignored, and all result files will be overwritten!

[00:00:00] Reading alignment from file: /mnt/lustre/scratch/home/uvi/be/avs/cancer_genes_selection/genes/HOXC11/align/HOXC11_align_DNA_trimmed2.fasta
[00:00:01] Loaded alignment with 22 taxa and 918 sites

Alignment comprises 1 partitions and 278 patterns

Partition 0: noname
Model: GTR+FO+G4m
Alignment sites / patterns: 918 / 278
Gaps: 2.22 %
Invariant sites: 58.82 %


[00:00:01] Generating parsimony starting tree(s) with 22 taxa
[00:00:01] Data distribution: partitions/thread: 1-1, patterns/thread: 278-278

Starting ML tree search with 10 distinct starting trees

[00:00:06] ML tree search #1, logLikelihood: -4523.267269
[00:00:11] ML tree search #2, logLikelihood: -4523.267380
[00:00:16] ML tree search #3, logLikelihood: -4523.926209
[00:00:23] ML tree search #4, logLikelihood: -4523.920199
[00:00:28] ML tree search #5, logLikelihood: -4523.265665
[00:00:33] ML tree search #6, logLikelihood: -4523.926674
[00:00:39] ML tree search #7, logLikelihood: -4523.261861
[00:00:44] ML tree search #8, logLikelihood: -4523.266090
[00:00:49] ML tree search #9, logLikelihood: -4523.265240
[00:00:55] ML tree search #10, logLikelihood: -4523.265628

[00:00:55] ML tree search completed, best tree logLH: -4523.261861

[00:00:55] Starting bootstrapping analysis with 100 replicates.

[00:01:01] Bootstrap tree #1, logLikelihood: -4565.313100
[00:01:07] Bootstrap tree #2, logLikelihood: -4663.333050
[00:01:13] Bootstrap tree #3, logLikelihood: -4468.162803
[00:01:18] Bootstrap tree #4, logLikelihood: -4418.479930
[00:01:24] Bootstrap tree #5, logLikelihood: -4340.046625
[00:01:30] Bootstrap tree #6, logLikelihood: -4553.210258
[00:01:36] Bootstrap tree #7, logLikelihood: -4493.932609
[00:01:42] Bootstrap tree #8, logLikelihood: -4384.086001
[00:01:48] Bootstrap tree #9, logLikelihood: -4349.502685
[00:01:54] Bootstrap tree #10, logLikelihood: -4418.952095
[00:02:00] Bootstrap tree #11, logLikelihood: -4371.766210
[00:02:06] Bootstrap tree #12, logLikelihood: -4249.938674
[00:02:12] Bootstrap tree #13, logLikelihood: -4748.948323
[00:02:19] Bootstrap tree #14, logLikelihood: -4279.008038
[00:02:26] Bootstrap tree #15, logLikelihood: -4454.214510
[00:02:33] Bootstrap tree #16, logLikelihood: -4296.631726
[00:02:39] Bootstrap tree #17, logLikelihood: -4530.591064
[00:02:45] Bootstrap tree #18, logLikelihood: -4669.385351
[00:02:52] Bootstrap tree #19, logLikelihood: -4499.293138
[00:02:57] Bootstrap tree #20, logLikelihood: -4669.148139
[00:03:05] Bootstrap tree #21, logLikelihood: -4545.714226
[00:03:11] Bootstrap tree #22, logLikelihood: -4399.115706
[00:03:18] Bootstrap tree #23, logLikelihood: -4553.244768
[00:03:26] Bootstrap tree #24, logLikelihood: -4380.603423
[00:03:32] Bootstrap tree #25, logLikelihood: -4548.919747
[00:03:37] Bootstrap tree #26, logLikelihood: -4713.702266
[00:03:44] Bootstrap tree #27, logLikelihood: -4193.736541
[00:03:49] Bootstrap tree #28, logLikelihood: -4498.271093
[00:03:55] Bootstrap tree #29, logLikelihood: -4459.302824
[00:04:01] Bootstrap tree #30, logLikelihood: -4212.598576
[00:04:07] Bootstrap tree #31, logLikelihood: -4474.974481
[00:04:14] Bootstrap tree #32, logLikelihood: -4090.268065
[00:04:20] Bootstrap tree #33, logLikelihood: -4350.204543
[00:04:28] Bootstrap tree #34, logLikelihood: -4324.680957
[00:04:34] Bootstrap tree #35, logLikelihood: -4535.958789
[00:04:41] Bootstrap tree #36, logLikelihood: -4627.023344
[00:04:47] Bootstrap tree #37, logLikelihood: -4449.331352
[00:04:55] Bootstrap tree #38, logLikelihood: -4445.562925
[00:05:01] Bootstrap tree #39, logLikelihood: -4686.606930
[00:05:08] Bootstrap tree #40, logLikelihood: -4602.586211
[00:05:14] Bootstrap tree #41, logLikelihood: -4536.761474
[00:05:20] Bootstrap tree #42, logLikelihood: -4511.447006
[00:05:27] Bootstrap tree #43, logLikelihood: -4329.530509
[00:05:34] Bootstrap tree #44, logLikelihood: -4282.331703
[00:05:42] Bootstrap tree #45, logLikelihood: -4475.859732
[00:05:48] Bootstrap tree #46, logLikelihood: -4402.476242
[00:05:55] Bootstrap tree #47, logLikelihood: -4431.353428
[00:06:02] Bootstrap tree #48, logLikelihood: -4632.119959
[00:06:09] Bootstrap tree #49, logLikelihood: -4714.661565
[00:06:15] Bootstrap tree #50, logLikelihood: -4575.395727
[00:06:22] Bootstrap tree #51, logLikelihood: -4257.396679
[00:06:29] Bootstrap tree #52, logLikelihood: -4364.353334
[00:06:37] Bootstrap tree #53, logLikelihood: -4679.968774
[00:06:44] Bootstrap tree #54, logLikelihood: -4461.600039
[00:06:50] Bootstrap tree #55, logLikelihood: -4632.484745
[00:06:57] Bootstrap tree #56, logLikelihood: -4386.585330
[00:07:05] Bootstrap tree #57, logLikelihood: -4405.703801
[00:07:12] Bootstrap tree #58, logLikelihood: -4394.072160
[00:07:18] Bootstrap tree #59, logLikelihood: -4381.345120
[00:07:25] Bootstrap tree #60, logLikelihood: -4568.830940
[00:07:32] Bootstrap tree #61, logLikelihood: -4487.354543
[00:07:38] Bootstrap tree #62, logLikelihood: -4444.255913
[00:07:45] Bootstrap tree #63, logLikelihood: -4555.608349
[00:07:52] Bootstrap tree #64, logLikelihood: -4426.771924
[00:07:59] Bootstrap tree #65, logLikelihood: -4741.511229
[00:08:06] Bootstrap tree #66, logLikelihood: -4535.263433
[00:08:17] Bootstrap tree #67, logLikelihood: -4483.586794
[00:08:24] Bootstrap tree #68, logLikelihood: -4354.535541
[00:08:30] Bootstrap tree #69, logLikelihood: -4562.000560
[00:08:37] Bootstrap tree #70, logLikelihood: -4407.733374
[00:08:44] Bootstrap tree #71, logLikelihood: -4266.574028
[00:08:50] Bootstrap tree #72, logLikelihood: -4553.266323
[00:08:56] Bootstrap tree #73, logLikelihood: -4372.363239
[00:09:04] Bootstrap tree #74, logLikelihood: -4677.998809
[00:09:11] Bootstrap tree #75, logLikelihood: -4459.678217
[00:09:18] Bootstrap tree #76, logLikelihood: -4719.071878
[00:09:25] Bootstrap tree #77, logLikelihood: -4368.659017
[00:09:32] Bootstrap tree #78, logLikelihood: -4573.924600
[00:09:39] Bootstrap tree #79, logLikelihood: -4424.609547
[00:09:45] Bootstrap tree #80, logLikelihood: -4368.021433
[00:09:52] Bootstrap tree #81, logLikelihood: -4522.827444
[00:09:59] Bootstrap tree #82, logLikelihood: -4485.632758
[00:10:06] Bootstrap tree #83, logLikelihood: -4386.766320
[00:10:13] Bootstrap tree #84, logLikelihood: -4575.777624
[00:10:21] Bootstrap tree #85, logLikelihood: -4658.792701
[00:10:28] Bootstrap tree #86, logLikelihood: -4642.607601
[00:10:35] Bootstrap tree #87, logLikelihood: -4563.150891
[00:10:42] Bootstrap tree #88, logLikelihood: -4286.989353
[00:10:49] Bootstrap tree #89, logLikelihood: -4577.819689
[00:10:57] Bootstrap tree #90, logLikelihood: -4426.423060
[00:11:03] Bootstrap tree #91, logLikelihood: -4368.450081
[00:11:11] Bootstrap tree #92, logLikelihood: -4473.513438
[00:11:18] Bootstrap tree #93, logLikelihood: -4400.340196
[00:11:25] Bootstrap tree #94, logLikelihood: -4550.752933
[00:11:31] Bootstrap tree #95, logLikelihood: -4487.280029
[00:11:39] Bootstrap tree #96, logLikelihood: -4274.346577
[00:11:46] Bootstrap tree #97, logLikelihood: -4626.406980
[00:11:53] Bootstrap tree #98, logLikelihood: -4637.095785
[00:12:01] Bootstrap tree #99, logLikelihood: -4208.813461
[00:12:09] Bootstrap tree #100, logLikelihood: -4636.760263

Optimized model parameters:

   Partition 0: noname
   Rate heterogeneity: GAMMA (4 cats, mean),  alpha: 0.446969 (ML),  weights&rates: (0.250000,0.024032) (0.250000,0.215894) (0.250000,0.777488) (0.250000,2.982586) 
   Base frequencies (ML): 0.213172 0.347835 0.283437 0.155556 
   Substitution rates (ML): 0.506820 1.570726 0.870302 0.569892 2.833109 1.000000 

Final LogLikelihood: -4523.261861

All ML trees saved to: /mnt/lustre/scratch/home/uvi/be/avs/cancer_genes_selection/genes/HOXC11/tree/HOXC11_trimmed.raxml.mlTrees
Best ML tree saved to: /mnt/lustre/scratch/home/uvi/be/avs/cancer_genes_selection/genes/HOXC11/tree/HOXC11_trimmed.raxml.bestTree
Best ML tree with bootstrap support values saved to: /mnt/lustre/scratch/home/uvi/be/avs/cancer_genes_selection/genes/HOXC11/tree/HOXC11_trimmed.raxml.support
Optimized model saved to: /mnt/lustre/scratch/home/uvi/be/avs/cancer_genes_selection/genes/HOXC11/tree/HOXC11_trimmed.raxml.bestModel
Bootstrap trees saved to: /mnt/lustre/scratch/home/uvi/be/avs/cancer_genes_selection/genes/HOXC11/tree/HOXC11_trimmed.raxml.bootstraps

Execution log saved to: /mnt/lustre/scratch/home/uvi/be/avs/cancer_genes_selection/genes/HOXC11/tree/HOXC11_trimmed.raxml.log

Analysis started: 26-Mar-2018 22:09:24 / finished: 26-Mar-2018 22:21:36

Elapsed time: 732.385 seconds

