
RAxML-NG v. 0.5.1b BETA released on 01.12.2017 by The Exelixis Lab.
Authors: Alexey Kozlov, Alexandros Stamatakis, Diego Darriba, Tomas Flouri, Benoit Morel.
Latest version: https://github.com/amkozlov/raxml-ng
Questions/problems/suggestions? Please visit: https://groups.google.com/forum/#!forum/raxml

WARNING: This is a BETA release, please use at your own risk!

RAxML-NG was called as follows:

raxml-ng-mpi --all --msa /mnt/lustre/scratch/home/uvi/be/avs/cancer_genes_selection/genes/SMO/align/SMO_align_DNA_trimmed2.fasta --model GTR+G -tree pars{10} --bs-trees 100 --prefix /mnt/lustre/scratch/home/uvi/be/avs/cancer_genes_selection/genes/SMO/tree/SMO_trimmed --redo

Analysis options:
  run mode: ML tree search + bootstrapping
  start tree(s): parsimony (10)
  random seed: 1522105108
  tip-inner: ON
  pattern compression: ON
  per-rate scalers: OFF
  site repeats: OFF
  branch lengths: ML estimate (linked)
  SIMD kernels: AVX2
  parallelization: NONE/sequential

WARNING: Running in REDO mode: existing checkpoints are ignored, and all result files will be overwritten!

[00:00:01] Reading alignment from file: /mnt/lustre/scratch/home/uvi/be/avs/cancer_genes_selection/genes/SMO/align/SMO_align_DNA_trimmed2.fasta
[00:00:01] Loaded alignment with 27 taxa and 2367 sites

Alignment comprises 1 partitions and 875 patterns

Partition 0: noname
Model: GTR+FO+G4m
Alignment sites / patterns: 2367 / 875
Gaps: 2.94 %
Invariant sites: 57.41 %


[00:00:01] Generating parsimony starting tree(s) with 27 taxa
[00:00:01] Data distribution: partitions/thread: 1-1, patterns/thread: 875-875

Starting ML tree search with 10 distinct starting trees

[00:00:11] ML tree search #1, logLikelihood: -15672.198433
[00:00:21] ML tree search #2, logLikelihood: -15672.198028
[00:00:31] ML tree search #3, logLikelihood: -15672.199811
[00:00:41] ML tree search #4, logLikelihood: -15672.201094
[00:00:50] ML tree search #5, logLikelihood: -15672.197240
[00:00:59] ML tree search #6, logLikelihood: -15672.199521
[00:01:09] ML tree search #7, logLikelihood: -15672.198402
[00:01:18] ML tree search #8, logLikelihood: -15672.201108
[00:01:27] ML tree search #9, logLikelihood: -15672.201204
[00:01:36] ML tree search #10, logLikelihood: -15672.198122

[00:01:37] ML tree search completed, best tree logLH: -15672.197240

[00:01:37] Starting bootstrapping analysis with 100 replicates.

[00:01:45] Bootstrap tree #1, logLikelihood: -15763.778443
[00:01:57] Bootstrap tree #2, logLikelihood: -15066.947364
[00:02:08] Bootstrap tree #3, logLikelihood: -15053.719552
[00:02:17] Bootstrap tree #4, logLikelihood: -15086.817949
[00:02:28] Bootstrap tree #5, logLikelihood: -15685.420961
[00:02:39] Bootstrap tree #6, logLikelihood: -15983.685068
[00:02:51] Bootstrap tree #7, logLikelihood: -16303.088373
[00:03:02] Bootstrap tree #8, logLikelihood: -15197.087881
[00:03:12] Bootstrap tree #9, logLikelihood: -15940.119933
[00:03:23] Bootstrap tree #10, logLikelihood: -15415.928622
[00:03:34] Bootstrap tree #11, logLikelihood: -15589.370142
[00:03:46] Bootstrap tree #12, logLikelihood: -15438.191555
[00:03:59] Bootstrap tree #13, logLikelihood: -15398.479126
[00:04:10] Bootstrap tree #14, logLikelihood: -15879.198435
[00:04:23] Bootstrap tree #15, logLikelihood: -15759.004213
[00:04:34] Bootstrap tree #16, logLikelihood: -15507.839557
[00:04:45] Bootstrap tree #17, logLikelihood: -15350.369061
[00:04:57] Bootstrap tree #18, logLikelihood: -15468.385904
[00:05:07] Bootstrap tree #19, logLikelihood: -15115.465489
[00:05:18] Bootstrap tree #20, logLikelihood: -15530.274798
[00:05:29] Bootstrap tree #21, logLikelihood: -15733.314664
[00:05:42] Bootstrap tree #22, logLikelihood: -15218.731698
[00:05:58] Bootstrap tree #23, logLikelihood: -15355.001930
[00:06:11] Bootstrap tree #24, logLikelihood: -15639.173696
[00:06:24] Bootstrap tree #25, logLikelihood: -15410.973350
[00:06:36] Bootstrap tree #26, logLikelihood: -15229.515462
[00:06:48] Bootstrap tree #27, logLikelihood: -16043.447075
[00:07:00] Bootstrap tree #28, logLikelihood: -15562.068406
[00:07:12] Bootstrap tree #29, logLikelihood: -15757.454435
[00:07:24] Bootstrap tree #30, logLikelihood: -15321.015638
[00:07:38] Bootstrap tree #31, logLikelihood: -15730.472578
[00:07:51] Bootstrap tree #32, logLikelihood: -15259.239262
[00:08:05] Bootstrap tree #33, logLikelihood: -15499.716018
[00:08:16] Bootstrap tree #34, logLikelihood: -15735.578276
[00:08:30] Bootstrap tree #35, logLikelihood: -16138.548541
[00:08:44] Bootstrap tree #36, logLikelihood: -15804.166595
[00:08:58] Bootstrap tree #37, logLikelihood: -15597.749558
[00:09:09] Bootstrap tree #38, logLikelihood: -15605.551087
[00:09:23] Bootstrap tree #39, logLikelihood: -15930.598012
[00:09:35] Bootstrap tree #40, logLikelihood: -15678.032567
[00:09:48] Bootstrap tree #41, logLikelihood: -15736.929192
[00:10:01] Bootstrap tree #42, logLikelihood: -15672.152010
[00:10:15] Bootstrap tree #43, logLikelihood: -15726.381824
[00:10:27] Bootstrap tree #44, logLikelihood: -15211.159382
[00:10:45] Bootstrap tree #45, logLikelihood: -15577.702041
[00:10:58] Bootstrap tree #46, logLikelihood: -15707.784898
[00:11:11] Bootstrap tree #47, logLikelihood: -15596.220083
[00:11:23] Bootstrap tree #48, logLikelihood: -15342.398687
[00:11:35] Bootstrap tree #49, logLikelihood: -15195.124728
[00:11:47] Bootstrap tree #50, logLikelihood: -15383.231073
[00:11:58] Bootstrap tree #51, logLikelihood: -16565.609363
[00:12:10] Bootstrap tree #52, logLikelihood: -15647.492465
[00:12:21] Bootstrap tree #53, logLikelihood: -16277.729462
[00:12:34] Bootstrap tree #54, logLikelihood: -16130.413934
[00:12:46] Bootstrap tree #55, logLikelihood: -14965.560606
[00:12:59] Bootstrap tree #56, logLikelihood: -15141.725690
[00:13:11] Bootstrap tree #57, logLikelihood: -15565.463594
[00:13:24] Bootstrap tree #58, logLikelihood: -15458.289578
[00:13:37] Bootstrap tree #59, logLikelihood: -15722.414083
[00:13:50] Bootstrap tree #60, logLikelihood: -15678.219218
[00:14:04] Bootstrap tree #61, logLikelihood: -15562.339956
[00:14:15] Bootstrap tree #62, logLikelihood: -15349.616485
[00:14:27] Bootstrap tree #63, logLikelihood: -16010.446426
[00:14:39] Bootstrap tree #64, logLikelihood: -15438.647439
[00:14:51] Bootstrap tree #65, logLikelihood: -16260.897372
[00:15:05] Bootstrap tree #66, logLikelihood: -15414.988648
[00:15:16] Bootstrap tree #67, logLikelihood: -15488.120734
[00:15:28] Bootstrap tree #68, logLikelihood: -15220.633646
[00:15:42] Bootstrap tree #69, logLikelihood: -15578.487381
[00:15:55] Bootstrap tree #70, logLikelihood: -16286.446717
[00:16:09] Bootstrap tree #71, logLikelihood: -16033.392894
[00:16:24] Bootstrap tree #72, logLikelihood: -15607.793487
[00:16:37] Bootstrap tree #73, logLikelihood: -15588.564463
[00:16:49] Bootstrap tree #74, logLikelihood: -15126.456460
[00:17:00] Bootstrap tree #75, logLikelihood: -15609.062900
[00:17:12] Bootstrap tree #76, logLikelihood: -15582.470019
[00:17:25] Bootstrap tree #77, logLikelihood: -15725.957689
[00:17:37] Bootstrap tree #78, logLikelihood: -15857.118281
[00:17:49] Bootstrap tree #79, logLikelihood: -15559.962339
[00:18:03] Bootstrap tree #80, logLikelihood: -15780.080695
[00:18:16] Bootstrap tree #81, logLikelihood: -15173.030751
[00:18:28] Bootstrap tree #82, logLikelihood: -15504.668344
[00:18:42] Bootstrap tree #83, logLikelihood: -16206.839816
[00:18:58] Bootstrap tree #84, logLikelihood: -15634.739568
[00:19:10] Bootstrap tree #85, logLikelihood: -15454.437296
[00:19:22] Bootstrap tree #86, logLikelihood: -15806.591749
[00:19:37] Bootstrap tree #87, logLikelihood: -15398.120976
[00:19:50] Bootstrap tree #88, logLikelihood: -15627.105724
[00:20:04] Bootstrap tree #89, logLikelihood: -15801.053692
[00:20:19] Bootstrap tree #90, logLikelihood: -15681.725875
[00:20:30] Bootstrap tree #91, logLikelihood: -15316.014872
[00:20:42] Bootstrap tree #92, logLikelihood: -15537.511778
[00:20:57] Bootstrap tree #93, logLikelihood: -16317.783393
[00:21:10] Bootstrap tree #94, logLikelihood: -15744.757598
[00:21:23] Bootstrap tree #95, logLikelihood: -15639.387775
[00:21:35] Bootstrap tree #96, logLikelihood: -15768.715416
[00:21:48] Bootstrap tree #97, logLikelihood: -15632.389285
[00:21:59] Bootstrap tree #98, logLikelihood: -15458.003940
[00:22:13] Bootstrap tree #99, logLikelihood: -15202.383830
[00:22:24] Bootstrap tree #100, logLikelihood: -15979.959971

Optimized model parameters:

   Partition 0: noname
   Rate heterogeneity: GAMMA (4 cats, mean),  alpha: 0.314782 (ML),  weights&rates: (0.250000,0.006571) (0.250000,0.116032) (0.250000,0.619812) (0.250000,3.257585) 
   Base frequencies (ML): 0.173943 0.340774 0.281390 0.203893 
   Substitution rates (ML): 1.374380 6.076035 1.954605 0.993192 6.563164 1.000000 

Final LogLikelihood: -15672.197240

All ML trees saved to: /mnt/lustre/scratch/home/uvi/be/avs/cancer_genes_selection/genes/SMO/tree/SMO_trimmed.raxml.mlTrees
Best ML tree saved to: /mnt/lustre/scratch/home/uvi/be/avs/cancer_genes_selection/genes/SMO/tree/SMO_trimmed.raxml.bestTree
Best ML tree with bootstrap support values saved to: /mnt/lustre/scratch/home/uvi/be/avs/cancer_genes_selection/genes/SMO/tree/SMO_trimmed.raxml.support
Optimized model saved to: /mnt/lustre/scratch/home/uvi/be/avs/cancer_genes_selection/genes/SMO/tree/SMO_trimmed.raxml.bestModel
Bootstrap trees saved to: /mnt/lustre/scratch/home/uvi/be/avs/cancer_genes_selection/genes/SMO/tree/SMO_trimmed.raxml.bootstraps

Execution log saved to: /mnt/lustre/scratch/home/uvi/be/avs/cancer_genes_selection/genes/SMO/tree/SMO_trimmed.raxml.log

Analysis started: 27-Mar-2018 00:58:27 / finished: 27-Mar-2018 01:20:55

Elapsed time: 1347.355 seconds

