
RAxML-NG v. 0.5.1b BETA released on 01.12.2017 by The Exelixis Lab.
Authors: Alexey Kozlov, Alexandros Stamatakis, Diego Darriba, Tomas Flouri, Benoit Morel.
Latest version: https://github.com/amkozlov/raxml-ng
Questions/problems/suggestions? Please visit: https://groups.google.com/forum/#!forum/raxml

WARNING: This is a BETA release, please use at your own risk!

RAxML-NG was called as follows:

raxml-ng-mpi --all --msa /mnt/lustre/scratch/home/uvi/be/avs/cancer_genes_selection/genes/SMAD2/align/SMAD2_align_DNA_trimmed2.fasta --model GTR+G -tree pars{10} --bs-trees 100 --prefix /mnt/lustre/scratch/home/uvi/be/avs/cancer_genes_selection/genes/SMAD2/tree/SMAD2_trimmed --redo

Analysis options:
  run mode: ML tree search + bootstrapping
  start tree(s): parsimony (10)
  random seed: 1522104987
  tip-inner: ON
  pattern compression: ON
  per-rate scalers: OFF
  site repeats: OFF
  branch lengths: ML estimate (linked)
  SIMD kernels: AVX2
  parallelization: NONE/sequential

WARNING: Running in REDO mode: existing checkpoints are ignored, and all result files will be overwritten!

[00:00:00] Reading alignment from file: /mnt/lustre/scratch/home/uvi/be/avs/cancer_genes_selection/genes/SMAD2/align/SMAD2_align_DNA_trimmed2.fasta
[00:00:01] Loaded alignment with 28 taxa and 1404 sites

Alignment comprises 1 partitions and 364 patterns

Partition 0: noname
Model: GTR+FO+G4m
Alignment sites / patterns: 1404 / 364
Gaps: 0.34 %
Invariant sites: 71.87 %


[00:00:01] Generating parsimony starting tree(s) with 28 taxa
[00:00:01] Data distribution: partitions/thread: 1-1, patterns/thread: 364-364

Starting ML tree search with 10 distinct starting trees

[00:00:09] ML tree search #1, logLikelihood: -7210.466299
[00:00:17] ML tree search #2, logLikelihood: -7210.466270
[00:00:25] ML tree search #3, logLikelihood: -7210.466335
[00:00:36] ML tree search #4, logLikelihood: -7210.466425
[00:00:45] ML tree search #5, logLikelihood: -7210.466350
[00:00:54] ML tree search #6, logLikelihood: -7210.466308
[00:01:03] ML tree search #7, logLikelihood: -7210.466313
[00:01:14] ML tree search #8, logLikelihood: -7210.466308
[00:01:23] ML tree search #9, logLikelihood: -7210.466409
[00:01:32] ML tree search #10, logLikelihood: -7210.467082

[00:01:32] ML tree search completed, best tree logLH: -7210.466270

[00:01:32] Starting bootstrapping analysis with 100 replicates.

[00:01:42] Bootstrap tree #1, logLikelihood: -7310.313269
[00:01:52] Bootstrap tree #2, logLikelihood: -6927.505977
[00:02:03] Bootstrap tree #3, logLikelihood: -7132.743374
[00:02:13] Bootstrap tree #4, logLikelihood: -6748.410973
[00:02:23] Bootstrap tree #5, logLikelihood: -7060.882430
[00:02:35] Bootstrap tree #6, logLikelihood: -7084.143393
[00:02:47] Bootstrap tree #7, logLikelihood: -6824.051764
[00:02:58] Bootstrap tree #8, logLikelihood: -7247.557543
[00:03:09] Bootstrap tree #9, logLikelihood: -6960.750979
[00:03:21] Bootstrap tree #10, logLikelihood: -6654.870901
[00:03:34] Bootstrap tree #11, logLikelihood: -7444.815301
[00:03:43] Bootstrap tree #12, logLikelihood: -7300.643559
[00:03:56] Bootstrap tree #13, logLikelihood: -7627.010831
[00:04:07] Bootstrap tree #14, logLikelihood: -6930.572641
[00:04:16] Bootstrap tree #15, logLikelihood: -7222.138718
[00:04:28] Bootstrap tree #16, logLikelihood: -7609.862284
[00:04:39] Bootstrap tree #17, logLikelihood: -7366.150909
[00:04:51] Bootstrap tree #18, logLikelihood: -7201.975417
[00:05:02] Bootstrap tree #19, logLikelihood: -7354.246073
[00:05:18] Bootstrap tree #20, logLikelihood: -7665.317177
[00:05:30] Bootstrap tree #21, logLikelihood: -7266.673345
[00:05:42] Bootstrap tree #22, logLikelihood: -7341.466171
[00:05:55] Bootstrap tree #23, logLikelihood: -6959.640503
[00:06:07] Bootstrap tree #24, logLikelihood: -7188.743398
[00:06:20] Bootstrap tree #25, logLikelihood: -7402.545574
[00:06:32] Bootstrap tree #26, logLikelihood: -7408.107837
[00:06:44] Bootstrap tree #27, logLikelihood: -6948.183705
[00:06:56] Bootstrap tree #28, logLikelihood: -7097.030635
[00:07:08] Bootstrap tree #29, logLikelihood: -7181.701633
[00:07:19] Bootstrap tree #30, logLikelihood: -7155.704626
[00:07:33] Bootstrap tree #31, logLikelihood: -7376.933389
[00:07:48] Bootstrap tree #32, logLikelihood: -7552.316468
[00:08:02] Bootstrap tree #33, logLikelihood: -7282.438624
[00:08:15] Bootstrap tree #34, logLikelihood: -7263.347417
[00:08:29] Bootstrap tree #35, logLikelihood: -6628.955148
[00:08:42] Bootstrap tree #36, logLikelihood: -6929.021269
[00:08:54] Bootstrap tree #37, logLikelihood: -7085.982411
[00:09:05] Bootstrap tree #38, logLikelihood: -7589.660613
[00:09:19] Bootstrap tree #39, logLikelihood: -7254.608422
[00:09:31] Bootstrap tree #40, logLikelihood: -7259.718919
[00:09:43] Bootstrap tree #41, logLikelihood: -7411.205859
[00:09:55] Bootstrap tree #42, logLikelihood: -7022.038444
[00:10:09] Bootstrap tree #43, logLikelihood: -7331.454039
[00:10:22] Bootstrap tree #44, logLikelihood: -7021.556775
[00:10:35] Bootstrap tree #45, logLikelihood: -6642.831737
[00:10:49] Bootstrap tree #46, logLikelihood: -7370.811565
[00:11:00] Bootstrap tree #47, logLikelihood: -7090.341289
[00:11:15] Bootstrap tree #48, logLikelihood: -7182.433706
[00:11:27] Bootstrap tree #49, logLikelihood: -7125.590001
[00:11:41] Bootstrap tree #50, logLikelihood: -7074.526483
[00:11:55] Bootstrap tree #51, logLikelihood: -7148.689456
[00:12:06] Bootstrap tree #52, logLikelihood: -6956.023276
[00:12:20] Bootstrap tree #53, logLikelihood: -7383.841891
[00:12:35] Bootstrap tree #54, logLikelihood: -7340.218957
[00:12:48] Bootstrap tree #55, logLikelihood: -6922.902721
[00:13:03] Bootstrap tree #56, logLikelihood: -7469.473962
[00:13:17] Bootstrap tree #57, logLikelihood: -7171.035887
[00:13:31] Bootstrap tree #58, logLikelihood: -7357.018709
[00:13:43] Bootstrap tree #59, logLikelihood: -7039.289584
[00:13:55] Bootstrap tree #60, logLikelihood: -6551.092606
[00:14:09] Bootstrap tree #61, logLikelihood: -6584.241611
[00:14:22] Bootstrap tree #62, logLikelihood: -7528.313388
[00:14:35] Bootstrap tree #63, logLikelihood: -6774.996822
[00:14:50] Bootstrap tree #64, logLikelihood: -7194.999571
[00:15:03] Bootstrap tree #65, logLikelihood: -7105.077019
[00:15:19] Bootstrap tree #66, logLikelihood: -6891.891709
[00:15:33] Bootstrap tree #67, logLikelihood: -6763.788483
[00:15:46] Bootstrap tree #68, logLikelihood: -7156.854518
[00:15:58] Bootstrap tree #69, logLikelihood: -6797.877725
[00:16:12] Bootstrap tree #70, logLikelihood: -7149.873086
[00:16:23] Bootstrap tree #71, logLikelihood: -7246.231536
[00:16:37] Bootstrap tree #72, logLikelihood: -7211.814731
[00:16:50] Bootstrap tree #73, logLikelihood: -7656.811054
[00:17:02] Bootstrap tree #74, logLikelihood: -7275.942003
[00:17:16] Bootstrap tree #75, logLikelihood: -7048.346020
[00:17:27] Bootstrap tree #76, logLikelihood: -7074.635122
[00:17:41] Bootstrap tree #77, logLikelihood: -7046.331791
[00:17:55] Bootstrap tree #78, logLikelihood: -6999.914701
[00:18:12] Bootstrap tree #79, logLikelihood: -7335.471398
[00:18:27] Bootstrap tree #80, logLikelihood: -7072.687405
[00:18:41] Bootstrap tree #81, logLikelihood: -7063.078838
[00:18:57] Bootstrap tree #82, logLikelihood: -6991.095288
[00:19:09] Bootstrap tree #83, logLikelihood: -6899.193943
[00:19:23] Bootstrap tree #84, logLikelihood: -6752.251832
[00:19:36] Bootstrap tree #85, logLikelihood: -7019.818423
[00:19:49] Bootstrap tree #86, logLikelihood: -6968.590675
[00:20:03] Bootstrap tree #87, logLikelihood: -6856.547695
[00:20:15] Bootstrap tree #88, logLikelihood: -6988.712441
[00:20:29] Bootstrap tree #89, logLikelihood: -7267.039623
[00:20:42] Bootstrap tree #90, logLikelihood: -7112.824491
[00:20:53] Bootstrap tree #91, logLikelihood: -7011.820760
[00:21:08] Bootstrap tree #92, logLikelihood: -7055.567811
[00:21:20] Bootstrap tree #93, logLikelihood: -7161.920175
[00:21:34] Bootstrap tree #94, logLikelihood: -7198.854232
[00:21:46] Bootstrap tree #95, logLikelihood: -7542.502583
[00:22:00] Bootstrap tree #96, logLikelihood: -6939.564655
[00:22:13] Bootstrap tree #97, logLikelihood: -7354.397785
[00:22:27] Bootstrap tree #98, logLikelihood: -7158.608714
[00:22:40] Bootstrap tree #99, logLikelihood: -7470.943050
[00:22:54] Bootstrap tree #100, logLikelihood: -7350.501727

Optimized model parameters:

   Partition 0: noname
   Rate heterogeneity: GAMMA (4 cats, mean),  alpha: 0.167887 (ML),  weights&rates: (0.250000,0.000142) (0.250000,0.017540) (0.250000,0.294889) (0.250000,3.687429) 
   Base frequencies (ML): 0.284306 0.220125 0.256843 0.238726 
   Substitution rates (ML): 1.596120 6.519130 0.819370 0.313403 6.233859 1.000000 

Final LogLikelihood: -7210.466270

All ML trees saved to: /mnt/lustre/scratch/home/uvi/be/avs/cancer_genes_selection/genes/SMAD2/tree/SMAD2_trimmed.raxml.mlTrees
Best ML tree saved to: /mnt/lustre/scratch/home/uvi/be/avs/cancer_genes_selection/genes/SMAD2/tree/SMAD2_trimmed.raxml.bestTree
Best ML tree with bootstrap support values saved to: /mnt/lustre/scratch/home/uvi/be/avs/cancer_genes_selection/genes/SMAD2/tree/SMAD2_trimmed.raxml.support
Optimized model saved to: /mnt/lustre/scratch/home/uvi/be/avs/cancer_genes_selection/genes/SMAD2/tree/SMAD2_trimmed.raxml.bestModel
Bootstrap trees saved to: /mnt/lustre/scratch/home/uvi/be/avs/cancer_genes_selection/genes/SMAD2/tree/SMAD2_trimmed.raxml.bootstraps

Execution log saved to: /mnt/lustre/scratch/home/uvi/be/avs/cancer_genes_selection/genes/SMAD2/tree/SMAD2_trimmed.raxml.log

Analysis started: 27-Mar-2018 00:56:26 / finished: 27-Mar-2018 01:19:27

Elapsed time: 1380.507 seconds

