
RAxML-NG v. 0.5.1b BETA released on 01.12.2017 by The Exelixis Lab.
Authors: Alexey Kozlov, Alexandros Stamatakis, Diego Darriba, Tomas Flouri, Benoit Morel.
Latest version: https://github.com/amkozlov/raxml-ng
Questions/problems/suggestions? Please visit: https://groups.google.com/forum/#!forum/raxml

WARNING: This is a BETA release, please use at your own risk!

RAxML-NG was called as follows:

raxml-ng-mpi --all --msa /mnt/lustre/scratch/home/uvi/be/avs/cancer_genes_selection/genes/SF3B1/align/SF3B1_align_DNA_trimmed2.fasta --model GTR+G -tree pars{10} --bs-trees 100 --prefix /mnt/lustre/scratch/home/uvi/be/avs/cancer_genes_selection/genes/SF3B1/tree/SF3B1_trimmed --redo

Analysis options:
  run mode: ML tree search + bootstrapping
  start tree(s): parsimony (10)
  random seed: 1522104506
  tip-inner: ON
  pattern compression: ON
  per-rate scalers: OFF
  site repeats: OFF
  branch lengths: ML estimate (linked)
  SIMD kernels: AVX2
  parallelization: NONE/sequential

WARNING: Running in REDO mode: existing checkpoints are ignored, and all result files will be overwritten!

[00:00:00] Reading alignment from file: /mnt/lustre/scratch/home/uvi/be/avs/cancer_genes_selection/genes/SF3B1/align/SF3B1_align_DNA_trimmed2.fasta
[00:00:01] Loaded alignment with 25 taxa and 3915 sites

Alignment comprises 1 partitions and 1028 patterns

Partition 0: noname
Model: GTR+FO+G4m
Alignment sites / patterns: 3915 / 1028
Gaps: 3.18 %
Invariant sites: 68.99 %


[00:00:01] Generating parsimony starting tree(s) with 25 taxa
[00:00:01] Data distribution: partitions/thread: 1-1, patterns/thread: 1028-1028

Starting ML tree search with 10 distinct starting trees

[00:00:12] ML tree search #1, logLikelihood: -17921.310480
[00:00:23] ML tree search #2, logLikelihood: -17921.309725
[00:00:33] ML tree search #3, logLikelihood: -17921.309639
[00:00:42] ML tree search #4, logLikelihood: -17921.310393
[00:00:53] ML tree search #5, logLikelihood: -17921.309704
[00:01:03] ML tree search #6, logLikelihood: -17921.309645
[00:01:14] ML tree search #7, logLikelihood: -17921.309687
[00:01:25] ML tree search #8, logLikelihood: -17921.310673
[00:01:35] ML tree search #9, logLikelihood: -17921.309600
[00:01:46] ML tree search #10, logLikelihood: -17921.310146

[00:01:46] ML tree search completed, best tree logLH: -17921.309600

[00:01:46] Starting bootstrapping analysis with 100 replicates.

[00:01:55] Bootstrap tree #1, logLikelihood: -18019.237356
[00:02:06] Bootstrap tree #2, logLikelihood: -18043.749366
[00:02:19] Bootstrap tree #3, logLikelihood: -18314.047604
[00:02:28] Bootstrap tree #4, logLikelihood: -17413.409042
[00:02:39] Bootstrap tree #5, logLikelihood: -17665.958879
[00:02:50] Bootstrap tree #6, logLikelihood: -18063.721397
[00:03:02] Bootstrap tree #7, logLikelihood: -17924.831745
[00:03:16] Bootstrap tree #8, logLikelihood: -17953.628876
[00:03:30] Bootstrap tree #9, logLikelihood: -17889.643639
[00:03:41] Bootstrap tree #10, logLikelihood: -18099.126983
[00:03:51] Bootstrap tree #11, logLikelihood: -18627.073750
[00:04:01] Bootstrap tree #12, logLikelihood: -17363.503154
[00:04:13] Bootstrap tree #13, logLikelihood: -17603.421306
[00:04:23] Bootstrap tree #14, logLikelihood: -17890.765537
[00:04:34] Bootstrap tree #15, logLikelihood: -17826.769647
[00:04:45] Bootstrap tree #16, logLikelihood: -17618.760723
[00:04:55] Bootstrap tree #17, logLikelihood: -17608.578915
[00:05:05] Bootstrap tree #18, logLikelihood: -17682.296552
[00:05:16] Bootstrap tree #19, logLikelihood: -17313.976466
[00:05:26] Bootstrap tree #20, logLikelihood: -18081.045937
[00:05:39] Bootstrap tree #21, logLikelihood: -17845.956767
[00:05:48] Bootstrap tree #22, logLikelihood: -17937.882735
[00:06:00] Bootstrap tree #23, logLikelihood: -17876.656807
[00:06:09] Bootstrap tree #24, logLikelihood: -17838.156537
[00:06:19] Bootstrap tree #25, logLikelihood: -17795.576683
[00:06:29] Bootstrap tree #26, logLikelihood: -17371.374337
[00:06:39] Bootstrap tree #27, logLikelihood: -17926.610232
[00:06:51] Bootstrap tree #28, logLikelihood: -18187.799218
[00:07:02] Bootstrap tree #29, logLikelihood: -17841.713728
[00:07:13] Bootstrap tree #30, logLikelihood: -17765.668001
[00:07:25] Bootstrap tree #31, logLikelihood: -18109.700084
[00:07:35] Bootstrap tree #32, logLikelihood: -18460.436556
[00:07:45] Bootstrap tree #33, logLikelihood: -18032.548594
[00:07:55] Bootstrap tree #34, logLikelihood: -17962.583731
[00:08:06] Bootstrap tree #35, logLikelihood: -18372.688377
[00:08:16] Bootstrap tree #36, logLikelihood: -17886.921054
[00:08:27] Bootstrap tree #37, logLikelihood: -18214.229855
[00:08:39] Bootstrap tree #38, logLikelihood: -18095.568524
[00:08:51] Bootstrap tree #39, logLikelihood: -18110.712518
[00:09:04] Bootstrap tree #40, logLikelihood: -17782.273157
[00:09:18] Bootstrap tree #41, logLikelihood: -17641.439900
[00:09:28] Bootstrap tree #42, logLikelihood: -18179.282992
[00:09:38] Bootstrap tree #43, logLikelihood: -17525.208669
[00:09:48] Bootstrap tree #44, logLikelihood: -17908.350415
[00:09:58] Bootstrap tree #45, logLikelihood: -17917.755336
[00:10:12] Bootstrap tree #46, logLikelihood: -18333.154891
[00:10:25] Bootstrap tree #47, logLikelihood: -17940.970982
[00:10:36] Bootstrap tree #48, logLikelihood: -18124.182497
[00:10:47] Bootstrap tree #49, logLikelihood: -17707.001670
[00:11:01] Bootstrap tree #50, logLikelihood: -18037.352030
[00:11:13] Bootstrap tree #51, logLikelihood: -17571.253512
[00:11:25] Bootstrap tree #52, logLikelihood: -17961.081321
[00:11:37] Bootstrap tree #53, logLikelihood: -17722.724386
[00:11:49] Bootstrap tree #54, logLikelihood: -18174.118671
[00:12:01] Bootstrap tree #55, logLikelihood: -17789.631629
[00:12:11] Bootstrap tree #56, logLikelihood: -17689.258594
[00:12:22] Bootstrap tree #57, logLikelihood: -17740.035036
[00:12:34] Bootstrap tree #58, logLikelihood: -18193.516079
[00:12:45] Bootstrap tree #59, logLikelihood: -17669.143962
[00:12:58] Bootstrap tree #60, logLikelihood: -17280.381025
[00:13:10] Bootstrap tree #61, logLikelihood: -17793.061096
[00:13:23] Bootstrap tree #62, logLikelihood: -18354.193773
[00:13:33] Bootstrap tree #63, logLikelihood: -17471.757268
[00:13:43] Bootstrap tree #64, logLikelihood: -17643.663065
[00:13:57] Bootstrap tree #65, logLikelihood: -17780.925518
[00:14:07] Bootstrap tree #66, logLikelihood: -17846.531834
[00:14:19] Bootstrap tree #67, logLikelihood: -17659.731499
[00:14:30] Bootstrap tree #68, logLikelihood: -17260.972262
[00:14:42] Bootstrap tree #69, logLikelihood: -17641.430253
[00:14:53] Bootstrap tree #70, logLikelihood: -17484.001957
[00:15:05] Bootstrap tree #71, logLikelihood: -18024.891267
[00:15:16] Bootstrap tree #72, logLikelihood: -17912.759030
[00:15:29] Bootstrap tree #73, logLikelihood: -17657.430411
[00:15:46] Bootstrap tree #74, logLikelihood: -18007.675607
[00:15:57] Bootstrap tree #75, logLikelihood: -17590.815021
[00:16:09] Bootstrap tree #76, logLikelihood: -17964.926084
[00:16:20] Bootstrap tree #77, logLikelihood: -17528.320211
[00:16:33] Bootstrap tree #78, logLikelihood: -17885.771597
[00:16:44] Bootstrap tree #79, logLikelihood: -17932.643188
[00:16:57] Bootstrap tree #80, logLikelihood: -17657.424660
[00:17:10] Bootstrap tree #81, logLikelihood: -18261.154828
[00:17:24] Bootstrap tree #82, logLikelihood: -17361.020628
[00:17:35] Bootstrap tree #83, logLikelihood: -17408.585446
[00:17:49] Bootstrap tree #84, logLikelihood: -17431.643583
[00:18:02] Bootstrap tree #85, logLikelihood: -17836.091431
[00:18:14] Bootstrap tree #86, logLikelihood: -17678.007546
[00:18:26] Bootstrap tree #87, logLikelihood: -18041.318647
[00:18:41] Bootstrap tree #88, logLikelihood: -18070.350384
[00:18:52] Bootstrap tree #89, logLikelihood: -17701.721695
[00:19:07] Bootstrap tree #90, logLikelihood: -17680.812417
[00:19:21] Bootstrap tree #91, logLikelihood: -17830.254600
[00:19:34] Bootstrap tree #92, logLikelihood: -18000.622557
[00:19:49] Bootstrap tree #93, logLikelihood: -17594.837050
[00:20:01] Bootstrap tree #94, logLikelihood: -17961.597908
[00:20:14] Bootstrap tree #95, logLikelihood: -17770.696230
[00:20:28] Bootstrap tree #96, logLikelihood: -17570.388254
[00:20:42] Bootstrap tree #97, logLikelihood: -17847.666692
[00:20:57] Bootstrap tree #98, logLikelihood: -17865.809578
[00:21:12] Bootstrap tree #99, logLikelihood: -17780.185833
[00:21:25] Bootstrap tree #100, logLikelihood: -17649.044563

Optimized model parameters:

   Partition 0: noname
   Rate heterogeneity: GAMMA (4 cats, mean),  alpha: 0.245913 (ML),  weights&rates: (0.250000,0.001927) (0.250000,0.063755) (0.250000,0.492787) (0.250000,3.441531) 
   Base frequencies (ML): 0.307027 0.200898 0.229127 0.262948 
   Substitution rates (ML): 1.940209 7.842474 1.619484 1.108188 8.619808 1.000000 

Final LogLikelihood: -17921.309600

All ML trees saved to: /mnt/lustre/scratch/home/uvi/be/avs/cancer_genes_selection/genes/SF3B1/tree/SF3B1_trimmed.raxml.mlTrees
Best ML tree saved to: /mnt/lustre/scratch/home/uvi/be/avs/cancer_genes_selection/genes/SF3B1/tree/SF3B1_trimmed.raxml.bestTree
Best ML tree with bootstrap support values saved to: /mnt/lustre/scratch/home/uvi/be/avs/cancer_genes_selection/genes/SF3B1/tree/SF3B1_trimmed.raxml.support
Optimized model saved to: /mnt/lustre/scratch/home/uvi/be/avs/cancer_genes_selection/genes/SF3B1/tree/SF3B1_trimmed.raxml.bestModel
Bootstrap trees saved to: /mnt/lustre/scratch/home/uvi/be/avs/cancer_genes_selection/genes/SF3B1/tree/SF3B1_trimmed.raxml.bootstraps

Execution log saved to: /mnt/lustre/scratch/home/uvi/be/avs/cancer_genes_selection/genes/SF3B1/tree/SF3B1_trimmed.raxml.log

Analysis started: 27-Mar-2018 00:48:26 / finished: 27-Mar-2018 01:09:56

Elapsed time: 1289.752 seconds

