
RAxML-NG v. 0.5.1b BETA released on 01.12.2017 by The Exelixis Lab.
Authors: Alexey Kozlov, Alexandros Stamatakis, Diego Darriba, Tomas Flouri, Benoit Morel.
Latest version: https://github.com/amkozlov/raxml-ng
Questions/problems/suggestions? Please visit: https://groups.google.com/forum/#!forum/raxml

WARNING: This is a BETA release, please use at your own risk!

RAxML-NG was called as follows:

raxml-ng-mpi --all --msa /mnt/lustre/scratch/home/uvi/be/avs/cancer_genes_selection/genes/RABEP1/align/RABEP1_align_DNA_trimmed2.fasta --model GTR+G -tree pars{10} --bs-trees 100 --prefix /mnt/lustre/scratch/home/uvi/be/avs/cancer_genes_selection/genes/RABEP1/tree/RABEP1_trimmed --redo

Analysis options:
  run mode: ML tree search + bootstrapping
  start tree(s): parsimony (10)
  random seed: 1522102884
  tip-inner: ON
  pattern compression: ON
  per-rate scalers: OFF
  site repeats: OFF
  branch lengths: ML estimate (linked)
  SIMD kernels: AVX2
  parallelization: NONE/sequential

WARNING: Running in REDO mode: existing checkpoints are ignored, and all result files will be overwritten!

[00:00:00] Reading alignment from file: /mnt/lustre/scratch/home/uvi/be/avs/cancer_genes_selection/genes/RABEP1/align/RABEP1_align_DNA_trimmed2.fasta
[00:00:00] Loaded alignment with 22 taxa and 2589 sites

Alignment comprises 1 partitions and 904 patterns

Partition 0: noname
Model: GTR+FO+G4m
Alignment sites / patterns: 2589 / 904
Gaps: 1.77 %
Invariant sites: 56.93 %


[00:00:01] Generating parsimony starting tree(s) with 22 taxa
[00:00:01] Data distribution: partitions/thread: 1-1, patterns/thread: 904-904

Starting ML tree search with 10 distinct starting trees

[00:00:07] ML tree search #1, logLikelihood: -15713.219137
[00:00:15] ML tree search #2, logLikelihood: -15713.220218
[00:00:22] ML tree search #3, logLikelihood: -15713.219456
[00:00:31] ML tree search #4, logLikelihood: -15713.219680
[00:00:37] ML tree search #5, logLikelihood: -15713.219728
[00:00:44] ML tree search #6, logLikelihood: -15713.219093
[00:00:51] ML tree search #7, logLikelihood: -15713.219726
[00:00:59] ML tree search #8, logLikelihood: -15713.219818
[00:01:07] ML tree search #9, logLikelihood: -15713.219795
[00:01:14] ML tree search #10, logLikelihood: -15713.219193

[00:01:15] ML tree search completed, best tree logLH: -15713.219093

[00:01:15] Starting bootstrapping analysis with 100 replicates.

[00:01:23] Bootstrap tree #1, logLikelihood: -15980.889610
[00:01:33] Bootstrap tree #2, logLikelihood: -15944.279150
[00:01:43] Bootstrap tree #3, logLikelihood: -15771.086282
[00:01:51] Bootstrap tree #4, logLikelihood: -16174.272761
[00:02:04] Bootstrap tree #5, logLikelihood: -15602.400055
[00:02:11] Bootstrap tree #6, logLikelihood: -15928.100275
[00:02:19] Bootstrap tree #7, logLikelihood: -15554.634110
[00:02:27] Bootstrap tree #8, logLikelihood: -16149.699678
[00:02:34] Bootstrap tree #9, logLikelihood: -16117.773327
[00:02:41] Bootstrap tree #10, logLikelihood: -15899.532332
[00:02:50] Bootstrap tree #11, logLikelihood: -15467.467425
[00:02:57] Bootstrap tree #12, logLikelihood: -16360.447940
[00:03:05] Bootstrap tree #13, logLikelihood: -15908.972329
[00:03:13] Bootstrap tree #14, logLikelihood: -15508.922884
[00:03:22] Bootstrap tree #15, logLikelihood: -15280.765778
[00:03:30] Bootstrap tree #16, logLikelihood: -15717.673581
[00:03:40] Bootstrap tree #17, logLikelihood: -15681.958188
[00:03:48] Bootstrap tree #18, logLikelihood: -15783.165387
[00:03:58] Bootstrap tree #19, logLikelihood: -16222.851583
[00:04:05] Bootstrap tree #20, logLikelihood: -15689.292723
[00:04:13] Bootstrap tree #21, logLikelihood: -15983.178694
[00:04:21] Bootstrap tree #22, logLikelihood: -15844.630948
[00:04:32] Bootstrap tree #23, logLikelihood: -16149.428357
[00:04:39] Bootstrap tree #24, logLikelihood: -15215.167964
[00:04:47] Bootstrap tree #25, logLikelihood: -15467.058028
[00:04:55] Bootstrap tree #26, logLikelihood: -15698.404677
[00:05:02] Bootstrap tree #27, logLikelihood: -15686.229746
[00:05:10] Bootstrap tree #28, logLikelihood: -15292.919248
[00:05:18] Bootstrap tree #29, logLikelihood: -15723.543629
[00:05:25] Bootstrap tree #30, logLikelihood: -15244.000129
[00:05:34] Bootstrap tree #31, logLikelihood: -15463.667102
[00:05:42] Bootstrap tree #32, logLikelihood: -15744.660812
[00:05:52] Bootstrap tree #33, logLikelihood: -15888.269997
[00:06:00] Bootstrap tree #34, logLikelihood: -15672.596640
[00:06:09] Bootstrap tree #35, logLikelihood: -15453.831447
[00:06:20] Bootstrap tree #36, logLikelihood: -15586.194928
[00:06:30] Bootstrap tree #37, logLikelihood: -16069.432599
[00:06:38] Bootstrap tree #38, logLikelihood: -15971.160769
[00:06:48] Bootstrap tree #39, logLikelihood: -15690.158538
[00:06:57] Bootstrap tree #40, logLikelihood: -15503.940591
[00:07:07] Bootstrap tree #41, logLikelihood: -15739.402157
[00:07:15] Bootstrap tree #42, logLikelihood: -15546.821639
[00:07:26] Bootstrap tree #43, logLikelihood: -15533.607351
[00:07:35] Bootstrap tree #44, logLikelihood: -15489.044867
[00:07:44] Bootstrap tree #45, logLikelihood: -15436.268306
[00:07:53] Bootstrap tree #46, logLikelihood: -16580.782946
[00:08:03] Bootstrap tree #47, logLikelihood: -15401.191496
[00:08:12] Bootstrap tree #48, logLikelihood: -15541.619577
[00:08:20] Bootstrap tree #49, logLikelihood: -15725.827678
[00:08:28] Bootstrap tree #50, logLikelihood: -15617.548203
[00:08:37] Bootstrap tree #51, logLikelihood: -15587.632879
[00:08:46] Bootstrap tree #52, logLikelihood: -15487.258190
[00:08:55] Bootstrap tree #53, logLikelihood: -16010.475837
[00:09:04] Bootstrap tree #54, logLikelihood: -16091.058472
[00:09:13] Bootstrap tree #55, logLikelihood: -15946.415503
[00:09:21] Bootstrap tree #56, logLikelihood: -15840.683236
[00:09:31] Bootstrap tree #57, logLikelihood: -16030.523866
[00:09:41] Bootstrap tree #58, logLikelihood: -15412.897918
[00:09:49] Bootstrap tree #59, logLikelihood: -15276.749732
[00:09:59] Bootstrap tree #60, logLikelihood: -15518.826230
[00:10:07] Bootstrap tree #61, logLikelihood: -14991.733716
[00:10:17] Bootstrap tree #62, logLikelihood: -15964.315028
[00:10:27] Bootstrap tree #63, logLikelihood: -15660.020022
[00:10:35] Bootstrap tree #64, logLikelihood: -15262.532802
[00:10:44] Bootstrap tree #65, logLikelihood: -15947.900496
[00:10:54] Bootstrap tree #66, logLikelihood: -15801.496656
[00:11:03] Bootstrap tree #67, logLikelihood: -15369.833664
[00:11:11] Bootstrap tree #68, logLikelihood: -15194.003964
[00:11:19] Bootstrap tree #69, logLikelihood: -16105.825903
[00:11:27] Bootstrap tree #70, logLikelihood: -15500.508364
[00:11:36] Bootstrap tree #71, logLikelihood: -15354.371311
[00:11:48] Bootstrap tree #72, logLikelihood: -15659.216359
[00:11:59] Bootstrap tree #73, logLikelihood: -15666.668940
[00:12:09] Bootstrap tree #74, logLikelihood: -16466.409071
[00:12:18] Bootstrap tree #75, logLikelihood: -15956.262530
[00:12:28] Bootstrap tree #76, logLikelihood: -15879.420387
[00:12:37] Bootstrap tree #77, logLikelihood: -15787.222077
[00:12:49] Bootstrap tree #78, logLikelihood: -15722.744057
[00:12:56] Bootstrap tree #79, logLikelihood: -15428.627033
[00:13:05] Bootstrap tree #80, logLikelihood: -15968.209754
[00:13:13] Bootstrap tree #81, logLikelihood: -15759.952794
[00:13:22] Bootstrap tree #82, logLikelihood: -15472.600044
[00:13:31] Bootstrap tree #83, logLikelihood: -15758.306044
[00:13:41] Bootstrap tree #84, logLikelihood: -15652.288029
[00:13:51] Bootstrap tree #85, logLikelihood: -15355.362450
[00:14:03] Bootstrap tree #86, logLikelihood: -16275.021817
[00:14:13] Bootstrap tree #87, logLikelihood: -15631.417635
[00:14:24] Bootstrap tree #88, logLikelihood: -16025.171092
[00:14:32] Bootstrap tree #89, logLikelihood: -15754.782416
[00:14:42] Bootstrap tree #90, logLikelihood: -15466.815583
[00:14:53] Bootstrap tree #91, logLikelihood: -15772.623919
[00:15:02] Bootstrap tree #92, logLikelihood: -15513.058032
[00:15:12] Bootstrap tree #93, logLikelihood: -15625.383066
[00:15:21] Bootstrap tree #94, logLikelihood: -15736.741398
[00:15:29] Bootstrap tree #95, logLikelihood: -15455.002184
[00:15:38] Bootstrap tree #96, logLikelihood: -15519.684681
[00:15:48] Bootstrap tree #97, logLikelihood: -15403.076440
[00:15:58] Bootstrap tree #98, logLikelihood: -16149.074380
[00:16:07] Bootstrap tree #99, logLikelihood: -15268.214776
[00:16:17] Bootstrap tree #100, logLikelihood: -15528.182232

Optimized model parameters:

   Partition 0: noname
   Rate heterogeneity: GAMMA (4 cats, mean),  alpha: 0.348945 (ML),  weights&rates: (0.250000,0.010090) (0.250000,0.142734) (0.250000,0.669550) (0.250000,3.177626) 
   Base frequencies (ML): 0.312867 0.215219 0.281216 0.190698 
   Substitution rates (ML): 1.533439 6.830150 0.782503 1.312352 8.660867 1.000000 

Final LogLikelihood: -15713.219093

All ML trees saved to: /mnt/lustre/scratch/home/uvi/be/avs/cancer_genes_selection/genes/RABEP1/tree/RABEP1_trimmed.raxml.mlTrees
Best ML tree saved to: /mnt/lustre/scratch/home/uvi/be/avs/cancer_genes_selection/genes/RABEP1/tree/RABEP1_trimmed.raxml.bestTree
Best ML tree with bootstrap support values saved to: /mnt/lustre/scratch/home/uvi/be/avs/cancer_genes_selection/genes/RABEP1/tree/RABEP1_trimmed.raxml.support
Optimized model saved to: /mnt/lustre/scratch/home/uvi/be/avs/cancer_genes_selection/genes/RABEP1/tree/RABEP1_trimmed.raxml.bestModel
Bootstrap trees saved to: /mnt/lustre/scratch/home/uvi/be/avs/cancer_genes_selection/genes/RABEP1/tree/RABEP1_trimmed.raxml.bootstraps

Execution log saved to: /mnt/lustre/scratch/home/uvi/be/avs/cancer_genes_selection/genes/RABEP1/tree/RABEP1_trimmed.raxml.log

Analysis started: 27-Mar-2018 00:21:24 / finished: 27-Mar-2018 00:37:45

Elapsed time: 980.603 seconds

