
RAxML-NG v. 0.5.1b BETA released on 01.12.2017 by The Exelixis Lab.
Authors: Alexey Kozlov, Alexandros Stamatakis, Diego Darriba, Tomas Flouri, Benoit Morel.
Latest version: https://github.com/amkozlov/raxml-ng
Questions/problems/suggestions? Please visit: https://groups.google.com/forum/#!forum/raxml

WARNING: This is a BETA release, please use at your own risk!

RAxML-NG was called as follows:

raxml-ng-mpi --all --msa /mnt/lustre/scratch/home/uvi/be/avs/cancer_genes_selection/genes/KMT2A/align/KMT2A_align_DNA_trimmed.fasta --model GTR+G -tree pars{10} --bs-trees 100 --prefix /mnt/lustre/scratch/home/uvi/be/avs/cancer_genes_selection/genes/KMT2A/tree/KMT2A --redo

Analysis options:
  run mode: ML tree search + bootstrapping
  start tree(s): parsimony (10)
  random seed: 1521660390
  tip-inner: ON
  pattern compression: ON
  per-rate scalers: OFF
  site repeats: OFF
  branch lengths: ML estimate (linked)
  SIMD kernels: AVX2
  parallelization: NONE/sequential

WARNING: Running in REDO mode: existing checkpoints are ignored, and all result files will be overwritten!

[00:00:00] Reading alignment from file: /mnt/lustre/scratch/home/uvi/be/avs/cancer_genes_selection/genes/KMT2A/align/KMT2A_align_DNA_trimmed.fasta
[00:00:00] Loaded alignment with 26 taxa and 11889 sites

Alignment comprises 1 partitions and 4302 patterns

Partition 0: noname
Model: GTR+FO+G4m
Alignment sites / patterns: 11889 / 4302
Gaps: 5.87 %
Invariant sites: 54.72 %


[00:00:00] Generating parsimony starting tree(s) with 26 taxa
[00:00:01] Data distribution: partitions/thread: 1-1, patterns/thread: 4302-4302

Starting ML tree search with 10 distinct starting trees

[00:00:31] ML tree search #1, logLikelihood: -76601.898651
[00:01:01] ML tree search #2, logLikelihood: -76601.900349
[00:01:20] ML tree search #3, logLikelihood: -76601.898362
[00:01:43] ML tree search #4, logLikelihood: -76601.897904
[00:02:05] ML tree search #5, logLikelihood: -76601.898184
[00:02:29] ML tree search #6, logLikelihood: -76601.897859
[00:02:54] ML tree search #7, logLikelihood: -76601.898903
[00:03:18] ML tree search #8, logLikelihood: -76601.899216
[00:03:45] ML tree search #9, logLikelihood: -76601.898099
[00:04:07] ML tree search #10, logLikelihood: -76601.898779

[00:04:07] ML tree search completed, best tree logLH: -76601.897859

[00:04:07] Starting bootstrapping analysis with 100 replicates.

[00:04:30] Bootstrap tree #1, logLikelihood: -76881.098753
[00:04:51] Bootstrap tree #2, logLikelihood: -76973.950859
[00:05:18] Bootstrap tree #3, logLikelihood: -76840.610673
[00:05:44] Bootstrap tree #4, logLikelihood: -76902.782249
[00:06:08] Bootstrap tree #5, logLikelihood: -75367.350899
[00:06:32] Bootstrap tree #6, logLikelihood: -76321.669573
[00:06:54] Bootstrap tree #7, logLikelihood: -77530.911119
[00:07:17] Bootstrap tree #8, logLikelihood: -76808.131163
[00:07:44] Bootstrap tree #9, logLikelihood: -77288.756686
[00:08:09] Bootstrap tree #10, logLikelihood: -75675.667241
[00:08:31] Bootstrap tree #11, logLikelihood: -75998.241690
[00:08:51] Bootstrap tree #12, logLikelihood: -77725.306433
[00:09:11] Bootstrap tree #13, logLikelihood: -76400.164562
[00:09:32] Bootstrap tree #14, logLikelihood: -76323.326088
[00:09:56] Bootstrap tree #15, logLikelihood: -76704.681745
[00:10:19] Bootstrap tree #16, logLikelihood: -76079.122935
[00:10:42] Bootstrap tree #17, logLikelihood: -75618.058784
[00:11:09] Bootstrap tree #18, logLikelihood: -76961.849340
[00:11:28] Bootstrap tree #19, logLikelihood: -76817.925079
[00:11:58] Bootstrap tree #20, logLikelihood: -76134.746926
[00:12:20] Bootstrap tree #21, logLikelihood: -75271.483541
[00:12:44] Bootstrap tree #22, logLikelihood: -77429.917296
[00:13:04] Bootstrap tree #23, logLikelihood: -76247.872796
[00:13:26] Bootstrap tree #24, logLikelihood: -77228.410805
[00:13:48] Bootstrap tree #25, logLikelihood: -77214.121761
[00:14:14] Bootstrap tree #26, logLikelihood: -75848.353080
[00:14:36] Bootstrap tree #27, logLikelihood: -75605.925009
[00:14:54] Bootstrap tree #28, logLikelihood: -76152.766927
[00:15:23] Bootstrap tree #29, logLikelihood: -77465.322754
[00:15:47] Bootstrap tree #30, logLikelihood: -76481.321520
[00:16:07] Bootstrap tree #31, logLikelihood: -77294.351294
[00:16:28] Bootstrap tree #32, logLikelihood: -76474.927649
[00:16:49] Bootstrap tree #33, logLikelihood: -76735.762996
[00:17:11] Bootstrap tree #34, logLikelihood: -76339.462872
[00:17:30] Bootstrap tree #35, logLikelihood: -77761.131047
[00:17:56] Bootstrap tree #36, logLikelihood: -76855.570796
[00:18:17] Bootstrap tree #37, logLikelihood: -76700.646674
[00:18:38] Bootstrap tree #38, logLikelihood: -77147.605048
[00:19:07] Bootstrap tree #39, logLikelihood: -76738.666274
[00:19:31] Bootstrap tree #40, logLikelihood: -76631.017246
[00:19:55] Bootstrap tree #41, logLikelihood: -76744.092489
[00:20:16] Bootstrap tree #42, logLikelihood: -76801.967824
[00:20:36] Bootstrap tree #43, logLikelihood: -76422.457846
[00:21:03] Bootstrap tree #44, logLikelihood: -77041.400721
[00:21:26] Bootstrap tree #45, logLikelihood: -75257.788227
[00:21:48] Bootstrap tree #46, logLikelihood: -77973.942225
[00:22:16] Bootstrap tree #47, logLikelihood: -76245.040449
[00:22:39] Bootstrap tree #48, logLikelihood: -76779.781802
[00:23:02] Bootstrap tree #49, logLikelihood: -75384.360373
[00:23:25] Bootstrap tree #50, logLikelihood: -76875.968037
[00:23:47] Bootstrap tree #51, logLikelihood: -76428.320279
[00:24:12] Bootstrap tree #52, logLikelihood: -76751.654171
[00:24:33] Bootstrap tree #53, logLikelihood: -75658.392626
[00:24:57] Bootstrap tree #54, logLikelihood: -77951.678080
[00:25:22] Bootstrap tree #55, logLikelihood: -77300.443558
[00:25:44] Bootstrap tree #56, logLikelihood: -76168.473980
[00:26:13] Bootstrap tree #57, logLikelihood: -76792.860360
[00:26:39] Bootstrap tree #58, logLikelihood: -77019.010432
[00:27:03] Bootstrap tree #59, logLikelihood: -76318.946686
[00:27:24] Bootstrap tree #60, logLikelihood: -76629.417340
[00:27:52] Bootstrap tree #61, logLikelihood: -77589.943544
[00:28:19] Bootstrap tree #62, logLikelihood: -77345.056042
[00:28:41] Bootstrap tree #63, logLikelihood: -76823.606152
[00:29:04] Bootstrap tree #64, logLikelihood: -75728.369802
[00:29:28] Bootstrap tree #65, logLikelihood: -77071.027764
[00:29:52] Bootstrap tree #66, logLikelihood: -76367.654901
[00:30:13] Bootstrap tree #67, logLikelihood: -75844.495800
[00:30:35] Bootstrap tree #68, logLikelihood: -76433.423264
[00:31:05] Bootstrap tree #69, logLikelihood: -75218.997127
[00:31:30] Bootstrap tree #70, logLikelihood: -75989.304326
[00:31:56] Bootstrap tree #71, logLikelihood: -76146.862743
[00:32:21] Bootstrap tree #72, logLikelihood: -78214.292601
[00:32:42] Bootstrap tree #73, logLikelihood: -76654.169113
[00:33:02] Bootstrap tree #74, logLikelihood: -76274.330965
[00:33:24] Bootstrap tree #75, logLikelihood: -77059.922210
[00:33:54] Bootstrap tree #76, logLikelihood: -76953.209204
[00:34:18] Bootstrap tree #77, logLikelihood: -76153.893929
[00:34:41] Bootstrap tree #78, logLikelihood: -77048.560691
[00:35:05] Bootstrap tree #79, logLikelihood: -76708.900176
[00:35:27] Bootstrap tree #80, logLikelihood: -77285.737905
[00:35:54] Bootstrap tree #81, logLikelihood: -77004.290972
[00:36:15] Bootstrap tree #82, logLikelihood: -74915.682840
[00:36:34] Bootstrap tree #83, logLikelihood: -76640.117822
[00:36:58] Bootstrap tree #84, logLikelihood: -76238.465162
[00:37:20] Bootstrap tree #85, logLikelihood: -77285.571135
[00:37:42] Bootstrap tree #86, logLikelihood: -77037.497854
[00:38:05] Bootstrap tree #87, logLikelihood: -76160.732231
[00:38:30] Bootstrap tree #88, logLikelihood: -76638.992528
[00:38:53] Bootstrap tree #89, logLikelihood: -76856.804745
[00:39:15] Bootstrap tree #90, logLikelihood: -76561.988128
[00:39:42] Bootstrap tree #91, logLikelihood: -76564.978950
[00:40:12] Bootstrap tree #92, logLikelihood: -76788.085539
[00:40:45] Bootstrap tree #93, logLikelihood: -77194.578410
[00:41:06] Bootstrap tree #94, logLikelihood: -76366.142635
[00:41:27] Bootstrap tree #95, logLikelihood: -76245.161251
[00:42:01] Bootstrap tree #96, logLikelihood: -76605.103855
[00:42:30] Bootstrap tree #97, logLikelihood: -75853.498153
[00:42:48] Bootstrap tree #98, logLikelihood: -75442.459435
[00:43:13] Bootstrap tree #99, logLikelihood: -76949.927444
[00:43:38] Bootstrap tree #100, logLikelihood: -75928.005635

Optimized model parameters:

   Partition 0: noname
   Rate heterogeneity: GAMMA (4 cats, mean),  alpha: 0.389501 (ML),  weights&rates: (0.250000,0.015229) (0.250000,0.173870) (0.250000,0.719665) (0.250000,3.091236) 
   Base frequencies (ML): 0.249069 0.286274 0.257961 0.206696 
   Substitution rates (ML): 1.350534 4.809929 0.802776 0.859173 5.643913 1.000000 

Final LogLikelihood: -76601.897859

All ML trees saved to: /mnt/lustre/scratch/home/uvi/be/avs/cancer_genes_selection/genes/KMT2A/tree/KMT2A.raxml.mlTrees
Best ML tree saved to: /mnt/lustre/scratch/home/uvi/be/avs/cancer_genes_selection/genes/KMT2A/tree/KMT2A.raxml.bestTree
Best ML tree with bootstrap support values saved to: /mnt/lustre/scratch/home/uvi/be/avs/cancer_genes_selection/genes/KMT2A/tree/KMT2A.raxml.support
Optimized model saved to: /mnt/lustre/scratch/home/uvi/be/avs/cancer_genes_selection/genes/KMT2A/tree/KMT2A.raxml.bestModel
Bootstrap trees saved to: /mnt/lustre/scratch/home/uvi/be/avs/cancer_genes_selection/genes/KMT2A/tree/KMT2A.raxml.bootstraps

Execution log saved to: /mnt/lustre/scratch/home/uvi/be/avs/cancer_genes_selection/genes/KMT2A/tree/KMT2A.raxml.log

Analysis started: 21-Mar-2018 20:26:30 / finished: 21-Mar-2018 21:10:10

Elapsed time: 2620.494 seconds

