
RAxML-NG v. 0.5.1b BETA released on 01.12.2017 by The Exelixis Lab.
Authors: Alexey Kozlov, Alexandros Stamatakis, Diego Darriba, Tomas Flouri, Benoit Morel.
Latest version: https://github.com/amkozlov/raxml-ng
Questions/problems/suggestions? Please visit: https://groups.google.com/forum/#!forum/raxml

WARNING: This is a BETA release, please use at your own risk!

RAxML-NG was called as follows:

raxml-ng-mpi --all --msa /mnt/lustre/scratch/home/uvi/be/avs/cancer_genes_selection/genes/ERCC2/align/ERCC2_align_DNA_trimmed2.fasta --model GTR+G -tree pars{10} --bs-trees 100 --prefix /mnt/lustre/scratch/home/uvi/be/avs/cancer_genes_selection/genes/ERCC2/tree/ERCC2_trimmed --redo

Analysis options:
  run mode: ML tree search + bootstrapping
  start tree(s): parsimony (10)
  random seed: 1522091303
  tip-inner: ON
  pattern compression: ON
  per-rate scalers: OFF
  site repeats: OFF
  branch lengths: ML estimate (linked)
  SIMD kernels: AVX2
  parallelization: NONE/sequential

WARNING: Running in REDO mode: existing checkpoints are ignored, and all result files will be overwritten!

[00:00:00] Reading alignment from file: /mnt/lustre/scratch/home/uvi/be/avs/cancer_genes_selection/genes/ERCC2/align/ERCC2_align_DNA_trimmed2.fasta
[00:00:01] Loaded alignment with 24 taxa and 2283 sites

Alignment comprises 1 partitions and 828 patterns

Partition 0: noname
Model: GTR+FO+G4m
Alignment sites / patterns: 2283 / 828
Gaps: 1.50 %
Invariant sites: 52.39 %


[00:00:01] Generating parsimony starting tree(s) with 24 taxa
[00:00:01] Data distribution: partitions/thread: 1-1, patterns/thread: 828-828

Starting ML tree search with 10 distinct starting trees

[00:00:07] ML tree search #1, logLikelihood: -15976.177309
[00:00:16] ML tree search #2, logLikelihood: -15976.167160
[00:00:24] ML tree search #3, logLikelihood: -15976.168082
[00:00:32] ML tree search #4, logLikelihood: -15976.175595
[00:00:40] ML tree search #5, logLikelihood: -15981.238485
[00:00:52] ML tree search #6, logLikelihood: -15980.137339
[00:00:59] ML tree search #7, logLikelihood: -15976.174219
[00:01:06] ML tree search #8, logLikelihood: -15976.164040
[00:01:15] ML tree search #9, logLikelihood: -15976.162419
[00:01:24] ML tree search #10, logLikelihood: -15976.169289

[00:01:24] ML tree search completed, best tree logLH: -15976.162419

[00:01:24] Starting bootstrapping analysis with 100 replicates.

[00:01:32] Bootstrap tree #1, logLikelihood: -15908.597156
[00:01:40] Bootstrap tree #2, logLikelihood: -15614.267809
[00:01:47] Bootstrap tree #3, logLikelihood: -15488.655365
[00:01:55] Bootstrap tree #4, logLikelihood: -15278.473649
[00:02:06] Bootstrap tree #5, logLikelihood: -15963.288878
[00:02:13] Bootstrap tree #6, logLikelihood: -15942.511863
[00:02:25] Bootstrap tree #7, logLikelihood: -15773.157210
[00:02:32] Bootstrap tree #8, logLikelihood: -16354.070864
[00:02:41] Bootstrap tree #9, logLikelihood: -15373.380430
[00:02:49] Bootstrap tree #10, logLikelihood: -15730.573992
[00:02:56] Bootstrap tree #11, logLikelihood: -15644.956199
[00:03:04] Bootstrap tree #12, logLikelihood: -16240.248732
[00:03:16] Bootstrap tree #13, logLikelihood: -16616.640988
[00:03:26] Bootstrap tree #14, logLikelihood: -15902.484253
[00:03:35] Bootstrap tree #15, logLikelihood: -15354.466864
[00:03:47] Bootstrap tree #16, logLikelihood: -15191.991705
[00:03:58] Bootstrap tree #17, logLikelihood: -16239.037223
[00:04:08] Bootstrap tree #18, logLikelihood: -16189.409245
[00:04:16] Bootstrap tree #19, logLikelihood: -16774.712152
[00:04:24] Bootstrap tree #20, logLikelihood: -15868.381930
[00:04:31] Bootstrap tree #21, logLikelihood: -15553.029272
[00:04:39] Bootstrap tree #22, logLikelihood: -15755.393906
[00:04:48] Bootstrap tree #23, logLikelihood: -15918.885058
[00:04:57] Bootstrap tree #24, logLikelihood: -15990.954120
[00:05:06] Bootstrap tree #25, logLikelihood: -16088.018152
[00:05:14] Bootstrap tree #26, logLikelihood: -15347.668733
[00:05:22] Bootstrap tree #27, logLikelihood: -15610.007537
[00:05:31] Bootstrap tree #28, logLikelihood: -15675.584622
[00:05:41] Bootstrap tree #29, logLikelihood: -15799.283903
[00:05:48] Bootstrap tree #30, logLikelihood: -15719.155454
[00:05:57] Bootstrap tree #31, logLikelihood: -16379.343586
[00:06:06] Bootstrap tree #32, logLikelihood: -16460.838958
[00:06:13] Bootstrap tree #33, logLikelihood: -15149.921684
[00:06:23] Bootstrap tree #34, logLikelihood: -16315.228150
[00:06:33] Bootstrap tree #35, logLikelihood: -15716.970316
[00:06:41] Bootstrap tree #36, logLikelihood: -16145.560067
[00:06:49] Bootstrap tree #37, logLikelihood: -15885.521179
[00:06:57] Bootstrap tree #38, logLikelihood: -16360.024427
[00:07:06] Bootstrap tree #39, logLikelihood: -15849.074356
[00:07:16] Bootstrap tree #40, logLikelihood: -16397.193887
[00:07:24] Bootstrap tree #41, logLikelihood: -15741.690677
[00:07:33] Bootstrap tree #42, logLikelihood: -15709.532806
[00:07:41] Bootstrap tree #43, logLikelihood: -15366.963087
[00:07:50] Bootstrap tree #44, logLikelihood: -16040.315579
[00:08:00] Bootstrap tree #45, logLikelihood: -15844.402925
[00:08:09] Bootstrap tree #46, logLikelihood: -16543.788622
[00:08:19] Bootstrap tree #47, logLikelihood: -16026.204223
[00:08:30] Bootstrap tree #48, logLikelihood: -15743.164687
[00:08:38] Bootstrap tree #49, logLikelihood: -15512.113445
[00:08:50] Bootstrap tree #50, logLikelihood: -15612.843553
[00:09:01] Bootstrap tree #51, logLikelihood: -16399.353222
[00:09:12] Bootstrap tree #52, logLikelihood: -15861.881515
[00:09:21] Bootstrap tree #53, logLikelihood: -15375.725924
[00:09:30] Bootstrap tree #54, logLikelihood: -16411.168493
[00:09:39] Bootstrap tree #55, logLikelihood: -16233.962531
[00:09:48] Bootstrap tree #56, logLikelihood: -16502.304809
[00:09:59] Bootstrap tree #57, logLikelihood: -15480.495066
[00:10:09] Bootstrap tree #58, logLikelihood: -16066.778372
[00:10:19] Bootstrap tree #59, logLikelihood: -16033.002328
[00:10:30] Bootstrap tree #60, logLikelihood: -16161.387642
[00:10:38] Bootstrap tree #61, logLikelihood: -15823.999571
[00:10:47] Bootstrap tree #62, logLikelihood: -16197.412862
[00:10:57] Bootstrap tree #63, logLikelihood: -15803.540974
[00:11:07] Bootstrap tree #64, logLikelihood: -16266.588848
[00:11:18] Bootstrap tree #65, logLikelihood: -15746.185553
[00:11:27] Bootstrap tree #66, logLikelihood: -16139.678908
[00:11:35] Bootstrap tree #67, logLikelihood: -15546.905527
[00:11:46] Bootstrap tree #68, logLikelihood: -16253.058572
[00:11:56] Bootstrap tree #69, logLikelihood: -15671.824909
[00:12:07] Bootstrap tree #70, logLikelihood: -16232.614599
[00:12:17] Bootstrap tree #71, logLikelihood: -16560.830996
[00:12:27] Bootstrap tree #72, logLikelihood: -15780.530265
[00:12:36] Bootstrap tree #73, logLikelihood: -16351.068812
[00:12:48] Bootstrap tree #74, logLikelihood: -15296.570521
[00:12:57] Bootstrap tree #75, logLikelihood: -16361.426642
[00:13:08] Bootstrap tree #76, logLikelihood: -16483.180367
[00:13:17] Bootstrap tree #77, logLikelihood: -16191.042950
[00:13:26] Bootstrap tree #78, logLikelihood: -16004.172166
[00:13:36] Bootstrap tree #79, logLikelihood: -16082.952868
[00:13:46] Bootstrap tree #80, logLikelihood: -16595.523886
[00:13:59] Bootstrap tree #81, logLikelihood: -15904.507316
[00:14:07] Bootstrap tree #82, logLikelihood: -15068.415284
[00:14:15] Bootstrap tree #83, logLikelihood: -16148.480250
[00:14:24] Bootstrap tree #84, logLikelihood: -15424.485451
[00:14:33] Bootstrap tree #85, logLikelihood: -16347.633991
[00:14:41] Bootstrap tree #86, logLikelihood: -15787.322206
[00:14:51] Bootstrap tree #87, logLikelihood: -15451.485885
[00:15:01] Bootstrap tree #88, logLikelihood: -16115.257788
[00:15:12] Bootstrap tree #89, logLikelihood: -15638.461626
[00:15:21] Bootstrap tree #90, logLikelihood: -16176.693756
[00:15:33] Bootstrap tree #91, logLikelihood: -15624.185364
[00:15:42] Bootstrap tree #92, logLikelihood: -15985.624634
[00:15:53] Bootstrap tree #93, logLikelihood: -16199.107434
[00:16:04] Bootstrap tree #94, logLikelihood: -15907.704321
[00:16:15] Bootstrap tree #95, logLikelihood: -15943.009518
[00:16:25] Bootstrap tree #96, logLikelihood: -16013.214894
[00:16:37] Bootstrap tree #97, logLikelihood: -16285.419346
[00:16:45] Bootstrap tree #98, logLikelihood: -15793.845965
[00:16:56] Bootstrap tree #99, logLikelihood: -16585.964087
[00:17:08] Bootstrap tree #100, logLikelihood: -16152.775767

Optimized model parameters:

   Partition 0: noname
   Rate heterogeneity: GAMMA (4 cats, mean),  alpha: 0.335372 (ML),  weights&rates: (0.250000,0.008598) (0.250000,0.132147) (0.250000,0.650693) (0.250000,3.208561) 
   Base frequencies (ML): 0.179090 0.336993 0.306297 0.177619 
   Substitution rates (ML): 1.128403 3.331498 0.892250 0.939349 5.303101 1.000000 

Final LogLikelihood: -15976.162419

All ML trees saved to: /mnt/lustre/scratch/home/uvi/be/avs/cancer_genes_selection/genes/ERCC2/tree/ERCC2_trimmed.raxml.mlTrees
Best ML tree saved to: /mnt/lustre/scratch/home/uvi/be/avs/cancer_genes_selection/genes/ERCC2/tree/ERCC2_trimmed.raxml.bestTree
Best ML tree with bootstrap support values saved to: /mnt/lustre/scratch/home/uvi/be/avs/cancer_genes_selection/genes/ERCC2/tree/ERCC2_trimmed.raxml.support
Optimized model saved to: /mnt/lustre/scratch/home/uvi/be/avs/cancer_genes_selection/genes/ERCC2/tree/ERCC2_trimmed.raxml.bestModel
Bootstrap trees saved to: /mnt/lustre/scratch/home/uvi/be/avs/cancer_genes_selection/genes/ERCC2/tree/ERCC2_trimmed.raxml.bootstraps

Execution log saved to: /mnt/lustre/scratch/home/uvi/be/avs/cancer_genes_selection/genes/ERCC2/tree/ERCC2_trimmed.raxml.log

Analysis started: 26-Mar-2018 21:08:23 / finished: 26-Mar-2018 21:25:35

Elapsed time: 1032.080 seconds

