
RAxML-NG v. 0.5.1b BETA released on 01.12.2017 by The Exelixis Lab.
Authors: Alexey Kozlov, Alexandros Stamatakis, Diego Darriba, Tomas Flouri, Benoit Morel.
Latest version: https://github.com/amkozlov/raxml-ng
Questions/problems/suggestions? Please visit: https://groups.google.com/forum/#!forum/raxml

WARNING: This is a BETA release, please use at your own risk!

RAxML-NG was called as follows:

raxml-ng-mpi --all --msa /mnt/lustre/scratch/home/uvi/be/avs/cancer_genes_selection/genes/ERCC2/align/ERCC2_align_DNA_trimmed.fasta --model GTR+G -tree pars{10} --bs-trees 100 --prefix /mnt/lustre/scratch/home/uvi/be/avs/cancer_genes_selection/genes/ERCC2/tree/ERCC2 --redo

Analysis options:
  run mode: ML tree search + bootstrapping
  start tree(s): parsimony (10)
  random seed: 1521655126
  tip-inner: ON
  pattern compression: ON
  per-rate scalers: OFF
  site repeats: OFF
  branch lengths: ML estimate (linked)
  SIMD kernels: AVX2
  parallelization: NONE/sequential

WARNING: Running in REDO mode: existing checkpoints are ignored, and all result files will be overwritten!

[00:00:00] Reading alignment from file: /mnt/lustre/scratch/home/uvi/be/avs/cancer_genes_selection/genes/ERCC2/align/ERCC2_align_DNA_trimmed.fasta
[00:00:00] Loaded alignment with 24 taxa and 2283 sites

Alignment comprises 1 partitions and 828 patterns

Partition 0: noname
Model: GTR+FO+G4m
Alignment sites / patterns: 2283 / 828
Gaps: 1.50 %
Invariant sites: 52.39 %


[00:00:01] Generating parsimony starting tree(s) with 24 taxa
[00:00:01] Data distribution: partitions/thread: 1-1, patterns/thread: 828-828

Starting ML tree search with 10 distinct starting trees

[00:00:08] ML tree search #1, logLikelihood: -15980.151079
[00:00:15] ML tree search #2, logLikelihood: -15976.162860
[00:00:21] ML tree search #3, logLikelihood: -15979.512933
[00:00:27] ML tree search #4, logLikelihood: -15979.492114
[00:00:33] ML tree search #5, logLikelihood: -15976.175336
[00:00:40] ML tree search #6, logLikelihood: -15976.164198
[00:00:47] ML tree search #7, logLikelihood: -15981.241836
[00:00:54] ML tree search #8, logLikelihood: -15981.257249
[00:01:01] ML tree search #9, logLikelihood: -15979.506575
[00:01:08] ML tree search #10, logLikelihood: -15976.164698

[00:01:08] ML tree search completed, best tree logLH: -15976.162860

[00:01:08] Starting bootstrapping analysis with 100 replicates.

[00:01:15] Bootstrap tree #1, logLikelihood: -16568.617599
[00:01:25] Bootstrap tree #2, logLikelihood: -15903.484146
[00:01:33] Bootstrap tree #3, logLikelihood: -15913.940313
[00:01:42] Bootstrap tree #4, logLikelihood: -15840.692344
[00:01:49] Bootstrap tree #5, logLikelihood: -15668.655003
[00:01:56] Bootstrap tree #6, logLikelihood: -15994.146536
[00:02:03] Bootstrap tree #7, logLikelihood: -15803.151800
[00:02:09] Bootstrap tree #8, logLikelihood: -16395.145730
[00:02:17] Bootstrap tree #9, logLikelihood: -16451.919063
[00:02:26] Bootstrap tree #10, logLikelihood: -15940.967235
[00:02:32] Bootstrap tree #11, logLikelihood: -15929.652212
[00:02:41] Bootstrap tree #12, logLikelihood: -15690.082217
[00:02:48] Bootstrap tree #13, logLikelihood: -15798.261277
[00:02:56] Bootstrap tree #14, logLikelihood: -16177.365173
[00:03:03] Bootstrap tree #15, logLikelihood: -15866.347201
[00:03:09] Bootstrap tree #16, logLikelihood: -15833.089860
[00:03:16] Bootstrap tree #17, logLikelihood: -16034.849701
[00:03:23] Bootstrap tree #18, logLikelihood: -15999.029669
[00:03:32] Bootstrap tree #19, logLikelihood: -15708.040369
[00:03:41] Bootstrap tree #20, logLikelihood: -16066.075422
[00:03:49] Bootstrap tree #21, logLikelihood: -16369.504590
[00:03:56] Bootstrap tree #22, logLikelihood: -16325.058215
[00:04:03] Bootstrap tree #23, logLikelihood: -16109.957340
[00:04:13] Bootstrap tree #24, logLikelihood: -16489.889941
[00:04:22] Bootstrap tree #25, logLikelihood: -16026.242002
[00:04:30] Bootstrap tree #26, logLikelihood: -15708.677878
[00:04:38] Bootstrap tree #27, logLikelihood: -16551.811065
[00:04:45] Bootstrap tree #28, logLikelihood: -16400.711840
[00:04:54] Bootstrap tree #29, logLikelihood: -16172.140719
[00:05:03] Bootstrap tree #30, logLikelihood: -15586.896220
[00:05:13] Bootstrap tree #31, logLikelihood: -16017.708677
[00:05:21] Bootstrap tree #32, logLikelihood: -15817.455594
[00:05:30] Bootstrap tree #33, logLikelihood: -16401.532099
[00:05:37] Bootstrap tree #34, logLikelihood: -15481.344463
[00:05:44] Bootstrap tree #35, logLikelihood: -15793.429107
[00:05:54] Bootstrap tree #36, logLikelihood: -15778.291049
[00:06:03] Bootstrap tree #37, logLikelihood: -15767.447634
[00:06:14] Bootstrap tree #38, logLikelihood: -16362.397455
[00:06:24] Bootstrap tree #39, logLikelihood: -15841.558578
[00:06:36] Bootstrap tree #40, logLikelihood: -16668.956496
[00:06:44] Bootstrap tree #41, logLikelihood: -15916.732529
[00:06:51] Bootstrap tree #42, logLikelihood: -16114.445685
[00:07:01] Bootstrap tree #43, logLikelihood: -16150.705107
[00:07:08] Bootstrap tree #44, logLikelihood: -16125.512883
[00:07:17] Bootstrap tree #45, logLikelihood: -16266.820654
[00:07:26] Bootstrap tree #46, logLikelihood: -15836.392139
[00:07:34] Bootstrap tree #47, logLikelihood: -15720.485436
[00:07:43] Bootstrap tree #48, logLikelihood: -15955.234434
[00:07:51] Bootstrap tree #49, logLikelihood: -15981.624440
[00:08:02] Bootstrap tree #50, logLikelihood: -15909.593702
[00:08:09] Bootstrap tree #51, logLikelihood: -15953.570445
[00:08:17] Bootstrap tree #52, logLikelihood: -15820.202668
[00:08:25] Bootstrap tree #53, logLikelihood: -15849.976648
[00:08:32] Bootstrap tree #54, logLikelihood: -16220.407042
[00:08:40] Bootstrap tree #55, logLikelihood: -15111.913794
[00:08:48] Bootstrap tree #56, logLikelihood: -16559.032932
[00:08:55] Bootstrap tree #57, logLikelihood: -15605.198565
[00:09:04] Bootstrap tree #58, logLikelihood: -16546.395167
[00:09:12] Bootstrap tree #59, logLikelihood: -16063.085398
[00:09:20] Bootstrap tree #60, logLikelihood: -16399.778496
[00:09:28] Bootstrap tree #61, logLikelihood: -15582.003901
[00:09:40] Bootstrap tree #62, logLikelihood: -15924.262205
[00:09:49] Bootstrap tree #63, logLikelihood: -15480.118053
[00:09:56] Bootstrap tree #64, logLikelihood: -15333.665226
[00:10:05] Bootstrap tree #65, logLikelihood: -15190.610660
[00:10:13] Bootstrap tree #66, logLikelihood: -15968.546935
[00:10:21] Bootstrap tree #67, logLikelihood: -16151.166851
[00:10:28] Bootstrap tree #68, logLikelihood: -15931.380008
[00:10:37] Bootstrap tree #69, logLikelihood: -15513.756529
[00:10:44] Bootstrap tree #70, logLikelihood: -15901.118586
[00:10:51] Bootstrap tree #71, logLikelihood: -15556.929600
[00:10:59] Bootstrap tree #72, logLikelihood: -15847.374057
[00:11:07] Bootstrap tree #73, logLikelihood: -15818.200312
[00:11:14] Bootstrap tree #74, logLikelihood: -16109.722219
[00:11:24] Bootstrap tree #75, logLikelihood: -15888.173469
[00:11:31] Bootstrap tree #76, logLikelihood: -15289.935700
[00:11:42] Bootstrap tree #77, logLikelihood: -16086.303316
[00:11:52] Bootstrap tree #78, logLikelihood: -16130.799487
[00:11:58] Bootstrap tree #79, logLikelihood: -16029.977873
[00:12:07] Bootstrap tree #80, logLikelihood: -15859.256112
[00:12:15] Bootstrap tree #81, logLikelihood: -16116.814996
[00:12:24] Bootstrap tree #82, logLikelihood: -16694.102772
[00:12:33] Bootstrap tree #83, logLikelihood: -15653.961554
[00:12:41] Bootstrap tree #84, logLikelihood: -15378.329883
[00:12:51] Bootstrap tree #85, logLikelihood: -16199.730282
[00:13:01] Bootstrap tree #86, logLikelihood: -16950.394743
[00:13:08] Bootstrap tree #87, logLikelihood: -16146.976912
[00:13:17] Bootstrap tree #88, logLikelihood: -15800.452630
[00:13:26] Bootstrap tree #89, logLikelihood: -15479.693087
[00:13:33] Bootstrap tree #90, logLikelihood: -15708.191819
[00:13:41] Bootstrap tree #91, logLikelihood: -15608.491576
[00:13:49] Bootstrap tree #92, logLikelihood: -16156.650401
[00:14:00] Bootstrap tree #93, logLikelihood: -15862.924285
[00:14:09] Bootstrap tree #94, logLikelihood: -15575.696591
[00:14:18] Bootstrap tree #95, logLikelihood: -15730.494550
[00:14:27] Bootstrap tree #96, logLikelihood: -16303.697171
[00:14:36] Bootstrap tree #97, logLikelihood: -15734.551279
[00:14:46] Bootstrap tree #98, logLikelihood: -15810.363362
[00:14:55] Bootstrap tree #99, logLikelihood: -15869.729403
[00:15:03] Bootstrap tree #100, logLikelihood: -16231.211740

Optimized model parameters:

   Partition 0: noname
   Rate heterogeneity: GAMMA (4 cats, mean),  alpha: 0.346690 (ML),  weights&rates: (0.250000,0.009833) (0.250000,0.140979) (0.250000,0.666495) (0.250000,3.182692) 
   Base frequencies (ML): 0.169662 0.326048 0.302883 0.201407 
   Substitution rates (ML): 1.590099 4.030254 0.833809 1.363977 5.993413 1.000000 

Final LogLikelihood: -15976.162860

All ML trees saved to: /mnt/lustre/scratch/home/uvi/be/avs/cancer_genes_selection/genes/ERCC2/tree/ERCC2.raxml.mlTrees
Best ML tree saved to: /mnt/lustre/scratch/home/uvi/be/avs/cancer_genes_selection/genes/ERCC2/tree/ERCC2.raxml.bestTree
Best ML tree with bootstrap support values saved to: /mnt/lustre/scratch/home/uvi/be/avs/cancer_genes_selection/genes/ERCC2/tree/ERCC2.raxml.support
Optimized model saved to: /mnt/lustre/scratch/home/uvi/be/avs/cancer_genes_selection/genes/ERCC2/tree/ERCC2.raxml.bestModel
Bootstrap trees saved to: /mnt/lustre/scratch/home/uvi/be/avs/cancer_genes_selection/genes/ERCC2/tree/ERCC2.raxml.bootstraps

Execution log saved to: /mnt/lustre/scratch/home/uvi/be/avs/cancer_genes_selection/genes/ERCC2/tree/ERCC2.raxml.log

Analysis started: 21-Mar-2018 18:58:46 / finished: 21-Mar-2018 19:13:52

Elapsed time: 906.142 seconds

