
RAxML-NG v. 0.5.1b BETA released on 01.12.2017 by The Exelixis Lab.
Authors: Alexey Kozlov, Alexandros Stamatakis, Diego Darriba, Tomas Flouri, Benoit Morel.
Latest version: https://github.com/amkozlov/raxml-ng
Questions/problems/suggestions? Please visit: https://groups.google.com/forum/#!forum/raxml

WARNING: This is a BETA release, please use at your own risk!

RAxML-NG was called as follows:

raxml-ng-mpi --all --msa /mnt/lustre/scratch/home/uvi/be/avs/cancer_genes_selection/genes/PTEN/align/PTEN_align_DNA_trimmed.fasta --model GTR+G -tree pars{10} --bs-trees 100 --prefix /mnt/lustre/scratch/home/uvi/be/avs/cancer_genes_selection/genes/PTEN/tree/PTEN --redo

Analysis options:
  run mode: ML tree search + bootstrapping
  start tree(s): parsimony (10)
  random seed: 1521667444
  tip-inner: ON
  pattern compression: ON
  per-rate scalers: OFF
  site repeats: OFF
  branch lengths: ML estimate (linked)
  SIMD kernels: AVX2
  parallelization: NONE/sequential

WARNING: Running in REDO mode: existing checkpoints are ignored, and all result files will be overwritten!

[00:00:00] Reading alignment from file: /mnt/lustre/scratch/home/uvi/be/avs/cancer_genes_selection/genes/PTEN/align/PTEN_align_DNA_trimmed.fasta
[00:00:00] Loaded alignment with 17 taxa and 1212 sites

Alignment comprises 1 partitions and 244 patterns

Partition 0: noname
Model: GTR+FO+G4m
Alignment sites / patterns: 1212 / 244
Gaps: 6.09 %
Invariant sites: 77.97 %


[00:00:00] Generating parsimony starting tree(s) with 17 taxa
[00:00:01] Data distribution: partitions/thread: 1-1, patterns/thread: 244-244

Starting ML tree search with 10 distinct starting trees

[00:00:03] ML tree search #1, logLikelihood: -3846.583680
[00:00:07] ML tree search #2, logLikelihood: -3846.583649
[00:00:10] ML tree search #3, logLikelihood: -3846.583632
[00:00:13] ML tree search #4, logLikelihood: -3846.583660
[00:00:16] ML tree search #5, logLikelihood: -3846.583771
[00:00:18] ML tree search #6, logLikelihood: -3850.101296
[00:00:21] ML tree search #7, logLikelihood: -3846.583672
[00:00:24] ML tree search #8, logLikelihood: -3846.583633
[00:00:26] ML tree search #9, logLikelihood: -3846.583671
[00:00:29] ML tree search #10, logLikelihood: -3846.583759

[00:00:30] ML tree search completed, best tree logLH: -3846.583632

[00:00:30] Starting bootstrapping analysis with 100 replicates.

[00:00:33] Bootstrap tree #1, logLikelihood: -3731.633752
[00:00:36] Bootstrap tree #2, logLikelihood: -3881.725366
[00:00:39] Bootstrap tree #3, logLikelihood: -3813.879059
[00:00:43] Bootstrap tree #4, logLikelihood: -3636.198899
[00:00:46] Bootstrap tree #5, logLikelihood: -3935.617580
[00:00:52] Bootstrap tree #6, logLikelihood: -3871.006327
[00:00:57] Bootstrap tree #7, logLikelihood: -3789.937019
[00:01:01] Bootstrap tree #8, logLikelihood: -3708.216082
[00:01:04] Bootstrap tree #9, logLikelihood: -3690.912202
[00:01:08] Bootstrap tree #10, logLikelihood: -3866.748991
[00:01:11] Bootstrap tree #11, logLikelihood: -3807.578640
[00:01:14] Bootstrap tree #12, logLikelihood: -3698.898823
[00:01:18] Bootstrap tree #13, logLikelihood: -3862.451344
[00:01:21] Bootstrap tree #14, logLikelihood: -3734.998158
[00:01:24] Bootstrap tree #15, logLikelihood: -4014.246471
[00:01:27] Bootstrap tree #16, logLikelihood: -3765.284339
[00:01:30] Bootstrap tree #17, logLikelihood: -3828.205571
[00:01:34] Bootstrap tree #18, logLikelihood: -3803.390579
[00:01:38] Bootstrap tree #19, logLikelihood: -3974.734757
[00:01:41] Bootstrap tree #20, logLikelihood: -3580.793721
[00:01:44] Bootstrap tree #21, logLikelihood: -3734.662047
[00:01:48] Bootstrap tree #22, logLikelihood: -4023.826110
[00:01:52] Bootstrap tree #23, logLikelihood: -3704.133280
[00:01:57] Bootstrap tree #24, logLikelihood: -3864.886884
[00:02:00] Bootstrap tree #25, logLikelihood: -4015.328631
[00:02:03] Bootstrap tree #26, logLikelihood: -3839.777266
[00:02:06] Bootstrap tree #27, logLikelihood: -3847.425277
[00:02:10] Bootstrap tree #28, logLikelihood: -3730.735676
[00:02:13] Bootstrap tree #29, logLikelihood: -3891.734138
[00:02:17] Bootstrap tree #30, logLikelihood: -3719.575397
[00:02:21] Bootstrap tree #31, logLikelihood: -3487.351458
[00:02:25] Bootstrap tree #32, logLikelihood: -3896.211136
[00:02:29] Bootstrap tree #33, logLikelihood: -3878.798714
[00:02:32] Bootstrap tree #34, logLikelihood: -3846.747714
[00:02:36] Bootstrap tree #35, logLikelihood: -3711.689723
[00:02:40] Bootstrap tree #36, logLikelihood: -3546.603391
[00:02:43] Bootstrap tree #37, logLikelihood: -3889.897392
[00:02:46] Bootstrap tree #38, logLikelihood: -3941.490602
[00:02:50] Bootstrap tree #39, logLikelihood: -3639.769004
[00:02:53] Bootstrap tree #40, logLikelihood: -3933.501716
[00:02:57] Bootstrap tree #41, logLikelihood: -3777.299941
[00:03:00] Bootstrap tree #42, logLikelihood: -3554.249858
[00:03:04] Bootstrap tree #43, logLikelihood: -3897.043331
[00:03:07] Bootstrap tree #44, logLikelihood: -4105.969438
[00:03:10] Bootstrap tree #45, logLikelihood: -3695.220824
[00:03:15] Bootstrap tree #46, logLikelihood: -3803.005370
[00:03:18] Bootstrap tree #47, logLikelihood: -3604.532865
[00:03:22] Bootstrap tree #48, logLikelihood: -3853.760455
[00:03:26] Bootstrap tree #49, logLikelihood: -3741.747207
[00:03:30] Bootstrap tree #50, logLikelihood: -3851.731357
[00:03:33] Bootstrap tree #51, logLikelihood: -3783.231658
[00:03:37] Bootstrap tree #52, logLikelihood: -3764.883876
[00:03:41] Bootstrap tree #53, logLikelihood: -3650.551481
[00:03:45] Bootstrap tree #54, logLikelihood: -3717.300809
[00:03:48] Bootstrap tree #55, logLikelihood: -3827.967429
[00:03:52] Bootstrap tree #56, logLikelihood: -3795.706616
[00:03:55] Bootstrap tree #57, logLikelihood: -3714.649227
[00:03:59] Bootstrap tree #58, logLikelihood: -3798.859880
[00:04:03] Bootstrap tree #59, logLikelihood: -4047.314349
[00:04:07] Bootstrap tree #60, logLikelihood: -3806.875544
[00:04:10] Bootstrap tree #61, logLikelihood: -3611.778935
[00:04:14] Bootstrap tree #62, logLikelihood: -3730.381997
[00:04:18] Bootstrap tree #63, logLikelihood: -3864.169479
[00:04:22] Bootstrap tree #64, logLikelihood: -3760.045655
[00:04:27] Bootstrap tree #65, logLikelihood: -3905.708418
[00:04:31] Bootstrap tree #66, logLikelihood: -3822.494900
[00:04:36] Bootstrap tree #67, logLikelihood: -3971.045703
[00:04:43] Bootstrap tree #68, logLikelihood: -3909.881664
[00:04:47] Bootstrap tree #69, logLikelihood: -3824.341008
[00:04:51] Bootstrap tree #70, logLikelihood: -3749.352638
[00:04:55] Bootstrap tree #71, logLikelihood: -3858.888225
[00:04:59] Bootstrap tree #72, logLikelihood: -3740.864298
[00:05:03] Bootstrap tree #73, logLikelihood: -4013.834318
[00:05:08] Bootstrap tree #74, logLikelihood: -3693.482675
[00:05:12] Bootstrap tree #75, logLikelihood: -3736.128524
[00:05:17] Bootstrap tree #76, logLikelihood: -3890.592449
[00:05:21] Bootstrap tree #77, logLikelihood: -3947.933080
[00:05:25] Bootstrap tree #78, logLikelihood: -3820.332281
[00:05:29] Bootstrap tree #79, logLikelihood: -3846.771095
[00:05:33] Bootstrap tree #80, logLikelihood: -3683.134907
[00:05:36] Bootstrap tree #81, logLikelihood: -3660.999101
[00:05:40] Bootstrap tree #82, logLikelihood: -3913.547940
[00:05:45] Bootstrap tree #83, logLikelihood: -3635.740339
[00:05:50] Bootstrap tree #84, logLikelihood: -3868.833025
[00:05:56] Bootstrap tree #85, logLikelihood: -3736.091766
[00:06:02] Bootstrap tree #86, logLikelihood: -3707.765284
[00:06:07] Bootstrap tree #87, logLikelihood: -3755.284437
[00:06:11] Bootstrap tree #88, logLikelihood: -3661.713104
[00:06:15] Bootstrap tree #89, logLikelihood: -3663.448410
[00:06:19] Bootstrap tree #90, logLikelihood: -3810.579994
[00:06:24] Bootstrap tree #91, logLikelihood: -3688.876408
[00:06:29] Bootstrap tree #92, logLikelihood: -3849.515593
[00:06:32] Bootstrap tree #93, logLikelihood: -3852.699009
[00:06:37] Bootstrap tree #94, logLikelihood: -3820.824838
[00:06:41] Bootstrap tree #95, logLikelihood: -3722.496444
[00:06:45] Bootstrap tree #96, logLikelihood: -4150.233950
[00:06:49] Bootstrap tree #97, logLikelihood: -3824.982857
[00:06:53] Bootstrap tree #98, logLikelihood: -3703.266652
[00:06:58] Bootstrap tree #99, logLikelihood: -3801.051176
[00:07:03] Bootstrap tree #100, logLikelihood: -3906.867101

Optimized model parameters:

   Partition 0: noname
   Rate heterogeneity: GAMMA (4 cats, mean),  alpha: 0.241719 (ML),  weights&rates: (0.250000,0.001748) (0.250000,0.060778) (0.250000,0.483694) (0.250000,3.453779) 
   Base frequencies (ML): 0.331007 0.186971 0.214054 0.267968 
   Substitution rates (ML): 1.574121 5.040665 0.624244 0.460700 9.966763 1.000000 

Final LogLikelihood: -3846.583632

All ML trees saved to: /mnt/lustre/scratch/home/uvi/be/avs/cancer_genes_selection/genes/PTEN/tree/PTEN.raxml.mlTrees
Best ML tree saved to: /mnt/lustre/scratch/home/uvi/be/avs/cancer_genes_selection/genes/PTEN/tree/PTEN.raxml.bestTree
Best ML tree with bootstrap support values saved to: /mnt/lustre/scratch/home/uvi/be/avs/cancer_genes_selection/genes/PTEN/tree/PTEN.raxml.support
Optimized model saved to: /mnt/lustre/scratch/home/uvi/be/avs/cancer_genes_selection/genes/PTEN/tree/PTEN.raxml.bestModel
Bootstrap trees saved to: /mnt/lustre/scratch/home/uvi/be/avs/cancer_genes_selection/genes/PTEN/tree/PTEN.raxml.bootstraps

Execution log saved to: /mnt/lustre/scratch/home/uvi/be/avs/cancer_genes_selection/genes/PTEN/tree/PTEN.raxml.log

Analysis started: 21-Mar-2018 22:24:04 / finished: 21-Mar-2018 22:31:09

Elapsed time: 425.378 seconds

