
RAxML-NG v. 0.5.1b BETA released on 01.12.2017 by The Exelixis Lab.
Authors: Alexey Kozlov, Alexandros Stamatakis, Diego Darriba, Tomas Flouri, Benoit Morel.
Latest version: https://github.com/amkozlov/raxml-ng
Questions/problems/suggestions? Please visit: https://groups.google.com/forum/#!forum/raxml

WARNING: This is a BETA release, please use at your own risk!

RAxML-NG was called as follows:

raxml-ng-mpi --all --msa /mnt/lustre/scratch/home/uvi/be/avs/cancer_genes_selection/genes/RUNX1/align/RUNX1_align_DNA_trimmed2.fasta --model GTR+G -tree pars{10} --bs-trees 100 --prefix /mnt/lustre/scratch/home/uvi/be/avs/cancer_genes_selection/genes/RUNX1/tree/RUNX1_trimmed --redo

Analysis options:
  run mode: ML tree search + bootstrapping
  start tree(s): parsimony (10)
  random seed: 1522103684
  tip-inner: ON
  pattern compression: ON
  per-rate scalers: OFF
  site repeats: OFF
  branch lengths: ML estimate (linked)
  SIMD kernels: AVX2
  parallelization: NONE/sequential

WARNING: Running in REDO mode: existing checkpoints are ignored, and all result files will be overwritten!

[00:00:00] Reading alignment from file: /mnt/lustre/scratch/home/uvi/be/avs/cancer_genes_selection/genes/RUNX1/align/RUNX1_align_DNA_trimmed2.fasta
[00:00:01] Loaded alignment with 23 taxa and 1413 sites

Alignment comprises 1 partitions and 753 patterns

Partition 0: noname
Model: GTR+FO+G4m
Alignment sites / patterns: 1413 / 753
Gaps: 6.25 %
Invariant sites: 35.17 %


[00:00:01] Generating parsimony starting tree(s) with 23 taxa
[00:00:01] Data distribution: partitions/thread: 1-1, patterns/thread: 753-753

Starting ML tree search with 10 distinct starting trees

[00:00:09] ML tree search #1, logLikelihood: -11172.479507
[00:00:16] ML tree search #2, logLikelihood: -11172.481218
[00:00:26] ML tree search #3, logLikelihood: -11172.478340
[00:00:34] ML tree search #4, logLikelihood: -11172.481555
[00:00:42] ML tree search #5, logLikelihood: -11172.476524
[00:00:51] ML tree search #6, logLikelihood: -11172.483159
[00:01:00] ML tree search #7, logLikelihood: -11172.476107
[00:01:09] ML tree search #8, logLikelihood: -11172.478447
[00:01:17] ML tree search #9, logLikelihood: -11172.480419
[00:01:29] ML tree search #10, logLikelihood: -11172.479404

[00:01:30] ML tree search completed, best tree logLH: -11172.476107

[00:01:30] Starting bootstrapping analysis with 100 replicates.

[00:01:39] Bootstrap tree #1, logLikelihood: -11085.120417
[00:01:47] Bootstrap tree #2, logLikelihood: -11127.427700
[00:01:55] Bootstrap tree #3, logLikelihood: -10977.071256
[00:02:03] Bootstrap tree #4, logLikelihood: -11409.325508
[00:02:11] Bootstrap tree #5, logLikelihood: -11773.112930
[00:02:19] Bootstrap tree #6, logLikelihood: -11451.957479
[00:02:28] Bootstrap tree #7, logLikelihood: -11064.094785
[00:02:36] Bootstrap tree #8, logLikelihood: -10554.206739
[00:02:44] Bootstrap tree #9, logLikelihood: -11164.484662
[00:02:52] Bootstrap tree #10, logLikelihood: -11528.169574
[00:02:59] Bootstrap tree #11, logLikelihood: -11423.831300
[00:03:07] Bootstrap tree #12, logLikelihood: -11034.862805
[00:03:16] Bootstrap tree #13, logLikelihood: -11029.634759
[00:03:28] Bootstrap tree #14, logLikelihood: -10744.206011
[00:03:36] Bootstrap tree #15, logLikelihood: -11134.305653
[00:03:47] Bootstrap tree #16, logLikelihood: -11268.049470
[00:03:57] Bootstrap tree #17, logLikelihood: -10820.173401
[00:04:07] Bootstrap tree #18, logLikelihood: -10639.597451
[00:04:16] Bootstrap tree #19, logLikelihood: -11324.829234
[00:04:27] Bootstrap tree #20, logLikelihood: -10911.987114
[00:04:36] Bootstrap tree #21, logLikelihood: -10989.657148
[00:04:47] Bootstrap tree #22, logLikelihood: -11351.958320
[00:04:55] Bootstrap tree #23, logLikelihood: -11526.014708
[00:05:07] Bootstrap tree #24, logLikelihood: -11199.194945
[00:05:15] Bootstrap tree #25, logLikelihood: -11417.523534
[00:05:23] Bootstrap tree #26, logLikelihood: -10651.784414
[00:05:33] Bootstrap tree #27, logLikelihood: -11244.723453
[00:05:40] Bootstrap tree #28, logLikelihood: -11555.387065
[00:05:50] Bootstrap tree #29, logLikelihood: -11065.032665
[00:05:59] Bootstrap tree #30, logLikelihood: -11123.517723
[00:06:08] Bootstrap tree #31, logLikelihood: -11411.984946
[00:06:18] Bootstrap tree #32, logLikelihood: -10838.285691
[00:06:27] Bootstrap tree #33, logLikelihood: -10814.345370
[00:06:42] Bootstrap tree #34, logLikelihood: -11442.216565
[00:06:51] Bootstrap tree #35, logLikelihood: -10941.813696
[00:07:00] Bootstrap tree #36, logLikelihood: -10485.666270
[00:07:09] Bootstrap tree #37, logLikelihood: -11222.513047
[00:07:18] Bootstrap tree #38, logLikelihood: -11312.464912
[00:07:28] Bootstrap tree #39, logLikelihood: -10895.267437
[00:07:41] Bootstrap tree #40, logLikelihood: -11354.491578
[00:07:50] Bootstrap tree #41, logLikelihood: -10880.469201
[00:08:02] Bootstrap tree #42, logLikelihood: -11234.292913
[00:08:09] Bootstrap tree #43, logLikelihood: -10868.394529
[00:08:17] Bootstrap tree #44, logLikelihood: -10798.059480
[00:08:27] Bootstrap tree #45, logLikelihood: -11348.202094
[00:08:36] Bootstrap tree #46, logLikelihood: -11001.152020
[00:08:45] Bootstrap tree #47, logLikelihood: -11460.633461
[00:08:56] Bootstrap tree #48, logLikelihood: -10848.910564
[00:09:07] Bootstrap tree #49, logLikelihood: -10789.188519
[00:09:19] Bootstrap tree #50, logLikelihood: -10958.031290
[00:09:29] Bootstrap tree #51, logLikelihood: -10827.468868
[00:09:41] Bootstrap tree #52, logLikelihood: -11281.765540
[00:09:51] Bootstrap tree #53, logLikelihood: -11269.210626
[00:10:01] Bootstrap tree #54, logLikelihood: -11574.809226
[00:10:10] Bootstrap tree #55, logLikelihood: -11128.833730
[00:10:19] Bootstrap tree #56, logLikelihood: -11008.803281
[00:10:28] Bootstrap tree #57, logLikelihood: -11622.398152
[00:10:38] Bootstrap tree #58, logLikelihood: -11269.930996
[00:10:48] Bootstrap tree #59, logLikelihood: -11453.136670
[00:10:59] Bootstrap tree #60, logLikelihood: -11213.995662
[00:11:11] Bootstrap tree #61, logLikelihood: -11045.453950
[00:11:22] Bootstrap tree #62, logLikelihood: -10982.329232
[00:11:31] Bootstrap tree #63, logLikelihood: -10856.704898
[00:11:44] Bootstrap tree #64, logLikelihood: -11371.472178
[00:11:56] Bootstrap tree #65, logLikelihood: -11408.245208
[00:12:10] Bootstrap tree #66, logLikelihood: -11761.116231
[00:12:22] Bootstrap tree #67, logLikelihood: -11520.606794
[00:12:32] Bootstrap tree #68, logLikelihood: -11109.511079
[00:12:42] Bootstrap tree #69, logLikelihood: -11313.043111
[00:12:52] Bootstrap tree #70, logLikelihood: -11334.830696
[00:13:03] Bootstrap tree #71, logLikelihood: -11428.551891
[00:13:12] Bootstrap tree #72, logLikelihood: -10742.064547
[00:13:22] Bootstrap tree #73, logLikelihood: -10818.955044
[00:13:33] Bootstrap tree #74, logLikelihood: -10700.377822
[00:13:44] Bootstrap tree #75, logLikelihood: -11202.100087
[00:13:55] Bootstrap tree #76, logLikelihood: -11225.060296
[00:14:05] Bootstrap tree #77, logLikelihood: -11459.132223
[00:14:15] Bootstrap tree #78, logLikelihood: -11063.191031
[00:14:27] Bootstrap tree #79, logLikelihood: -11373.448615
[00:14:37] Bootstrap tree #80, logLikelihood: -10996.735675
[00:14:48] Bootstrap tree #81, logLikelihood: -11330.558908
[00:15:01] Bootstrap tree #82, logLikelihood: -10841.057922
[00:15:10] Bootstrap tree #83, logLikelihood: -11100.455914
[00:15:20] Bootstrap tree #84, logLikelihood: -11303.076758
[00:15:29] Bootstrap tree #85, logLikelihood: -11059.017217
[00:15:38] Bootstrap tree #86, logLikelihood: -10982.701761
[00:15:49] Bootstrap tree #87, logLikelihood: -11098.977374
[00:16:00] Bootstrap tree #88, logLikelihood: -11207.956901
[00:16:10] Bootstrap tree #89, logLikelihood: -11032.673216
[00:16:23] Bootstrap tree #90, logLikelihood: -11020.434148
[00:16:35] Bootstrap tree #91, logLikelihood: -11280.193747
[00:16:46] Bootstrap tree #92, logLikelihood: -11273.719161
[00:17:00] Bootstrap tree #93, logLikelihood: -11507.858636
[00:17:12] Bootstrap tree #94, logLikelihood: -10980.092848
[00:17:23] Bootstrap tree #95, logLikelihood: -11289.733645
[00:17:33] Bootstrap tree #96, logLikelihood: -11081.709323
[00:17:44] Bootstrap tree #97, logLikelihood: -11144.630615
[00:17:58] Bootstrap tree #98, logLikelihood: -11520.756840
[00:18:08] Bootstrap tree #99, logLikelihood: -10943.693512
[00:18:18] Bootstrap tree #100, logLikelihood: -11246.866350

Optimized model parameters:

   Partition 0: noname
   Rate heterogeneity: GAMMA (4 cats, mean),  alpha: 0.724169 (ML),  weights&rates: (0.250000,0.079357) (0.250000,0.374714) (0.250000,0.933506) (0.250000,2.612424) 
   Base frequencies (ML): 0.204973 0.364159 0.263578 0.167290 
   Substitution rates (ML): 0.940047 2.309537 1.125897 0.873861 2.333220 1.000000 

Final LogLikelihood: -11172.476107

All ML trees saved to: /mnt/lustre/scratch/home/uvi/be/avs/cancer_genes_selection/genes/RUNX1/tree/RUNX1_trimmed.raxml.mlTrees
Best ML tree saved to: /mnt/lustre/scratch/home/uvi/be/avs/cancer_genes_selection/genes/RUNX1/tree/RUNX1_trimmed.raxml.bestTree
Best ML tree with bootstrap support values saved to: /mnt/lustre/scratch/home/uvi/be/avs/cancer_genes_selection/genes/RUNX1/tree/RUNX1_trimmed.raxml.support
Optimized model saved to: /mnt/lustre/scratch/home/uvi/be/avs/cancer_genes_selection/genes/RUNX1/tree/RUNX1_trimmed.raxml.bestModel
Bootstrap trees saved to: /mnt/lustre/scratch/home/uvi/be/avs/cancer_genes_selection/genes/RUNX1/tree/RUNX1_trimmed.raxml.bootstraps

Execution log saved to: /mnt/lustre/scratch/home/uvi/be/avs/cancer_genes_selection/genes/RUNX1/tree/RUNX1_trimmed.raxml.log

Analysis started: 27-Mar-2018 00:34:44 / finished: 27-Mar-2018 00:53:07

Elapsed time: 1102.438 seconds

