
RAxML-NG v. 0.5.1b BETA released on 01.12.2017 by The Exelixis Lab.
Authors: Alexey Kozlov, Alexandros Stamatakis, Diego Darriba, Tomas Flouri, Benoit Morel.
Latest version: https://github.com/amkozlov/raxml-ng
Questions/problems/suggestions? Please visit: https://groups.google.com/forum/#!forum/raxml

WARNING: This is a BETA release, please use at your own risk!

RAxML-NG was called as follows:

raxml-ng-mpi --all --msa /mnt/lustre/scratch/home/uvi/be/avs/cancer_genes_selection/genes/FLT4/align/FLT4_align_DNA_trimmed2.fasta --model GTR+G -tree pars{10} --bs-trees 100 --prefix /mnt/lustre/scratch/home/uvi/be/avs/cancer_genes_selection/genes/FLT4/tree/FLT4_trimmed --redo

Analysis options:
  run mode: ML tree search + bootstrapping
  start tree(s): parsimony (10)
  random seed: 1522093383
  tip-inner: ON
  pattern compression: ON
  per-rate scalers: OFF
  site repeats: OFF
  branch lengths: ML estimate (linked)
  SIMD kernels: AVX2
  parallelization: NONE/sequential

WARNING: Running in REDO mode: existing checkpoints are ignored, and all result files will be overwritten!

[00:00:00] Reading alignment from file: /mnt/lustre/scratch/home/uvi/be/avs/cancer_genes_selection/genes/FLT4/align/FLT4_align_DNA_trimmed2.fasta
[00:00:00] Loaded alignment with 24 taxa and 4092 sites

Alignment comprises 1 partitions and 1876 patterns

Partition 0: noname
Model: GTR+FO+G4m
Alignment sites / patterns: 4092 / 1876
Gaps: 1.82 %
Invariant sites: 43.84 %


[00:00:01] Generating parsimony starting tree(s) with 24 taxa
[00:00:01] Data distribution: partitions/thread: 1-1, patterns/thread: 1876-1876

Starting ML tree search with 10 distinct starting trees

[00:00:13] ML tree search #1, logLikelihood: -33778.141869
[00:00:28] ML tree search #2, logLikelihood: -33775.081585
[00:00:44] ML tree search #3, logLikelihood: -33775.078423
[00:00:56] ML tree search #4, logLikelihood: -33778.141485
[00:01:11] ML tree search #5, logLikelihood: -33775.082534
[00:01:22] ML tree search #6, logLikelihood: -33778.424745
[00:01:36] ML tree search #7, logLikelihood: -33775.081015
[00:01:50] ML tree search #8, logLikelihood: -33775.079579
[00:02:05] ML tree search #9, logLikelihood: -33775.079378
[00:02:20] ML tree search #10, logLikelihood: -33775.082358

[00:02:20] ML tree search completed, best tree logLH: -33775.078423

[00:02:20] Starting bootstrapping analysis with 100 replicates.

[00:02:33] Bootstrap tree #1, logLikelihood: -34525.138582
[00:02:44] Bootstrap tree #2, logLikelihood: -33427.777948
[00:02:55] Bootstrap tree #3, logLikelihood: -33625.184825
[00:03:09] Bootstrap tree #4, logLikelihood: -34412.158426
[00:03:20] Bootstrap tree #5, logLikelihood: -33509.719000
[00:03:32] Bootstrap tree #6, logLikelihood: -33426.344882
[00:03:47] Bootstrap tree #7, logLikelihood: -33936.942980
[00:04:00] Bootstrap tree #8, logLikelihood: -33439.765508
[00:04:11] Bootstrap tree #9, logLikelihood: -34069.799046
[00:04:25] Bootstrap tree #10, logLikelihood: -34070.641932
[00:04:37] Bootstrap tree #11, logLikelihood: -32764.462134
[00:04:49] Bootstrap tree #12, logLikelihood: -34039.673985
[00:05:03] Bootstrap tree #13, logLikelihood: -33551.693843
[00:05:18] Bootstrap tree #14, logLikelihood: -33649.018755
[00:05:35] Bootstrap tree #15, logLikelihood: -34482.662535
[00:05:46] Bootstrap tree #16, logLikelihood: -34388.539097
[00:05:59] Bootstrap tree #17, logLikelihood: -32768.888421
[00:06:12] Bootstrap tree #18, logLikelihood: -33868.551633
[00:06:31] Bootstrap tree #19, logLikelihood: -33294.312373
[00:06:44] Bootstrap tree #20, logLikelihood: -34027.442925
[00:06:56] Bootstrap tree #21, logLikelihood: -33751.771209
[00:07:09] Bootstrap tree #22, logLikelihood: -33652.841783
[00:07:22] Bootstrap tree #23, logLikelihood: -34157.184357
[00:07:40] Bootstrap tree #24, logLikelihood: -33502.358641
[00:07:53] Bootstrap tree #25, logLikelihood: -33938.491603
[00:08:07] Bootstrap tree #26, logLikelihood: -33513.797040
[00:08:19] Bootstrap tree #27, logLikelihood: -32872.470668
[00:08:33] Bootstrap tree #28, logLikelihood: -34159.019915
[00:08:49] Bootstrap tree #29, logLikelihood: -33343.093808
[00:09:04] Bootstrap tree #30, logLikelihood: -33355.521129
[00:09:17] Bootstrap tree #31, logLikelihood: -33718.787320
[00:09:30] Bootstrap tree #32, logLikelihood: -33488.116455
[00:09:42] Bootstrap tree #33, logLikelihood: -34345.835392
[00:09:57] Bootstrap tree #34, logLikelihood: -34049.333341
[00:10:12] Bootstrap tree #35, logLikelihood: -33876.836607
[00:10:28] Bootstrap tree #36, logLikelihood: -33731.744324
[00:10:42] Bootstrap tree #37, logLikelihood: -34450.468859
[00:10:57] Bootstrap tree #38, logLikelihood: -33404.916165
[00:11:10] Bootstrap tree #39, logLikelihood: -33719.906061
[00:11:24] Bootstrap tree #40, logLikelihood: -34169.338613
[00:11:36] Bootstrap tree #41, logLikelihood: -33233.445437
[00:11:52] Bootstrap tree #42, logLikelihood: -33618.605133
[00:12:11] Bootstrap tree #43, logLikelihood: -34426.995046
[00:12:24] Bootstrap tree #44, logLikelihood: -32738.509596
[00:12:40] Bootstrap tree #45, logLikelihood: -32889.623384
[00:12:52] Bootstrap tree #46, logLikelihood: -34279.338607
[00:13:06] Bootstrap tree #47, logLikelihood: -34714.813765
[00:13:20] Bootstrap tree #48, logLikelihood: -33752.043018
[00:13:33] Bootstrap tree #49, logLikelihood: -33894.409689
[00:13:48] Bootstrap tree #50, logLikelihood: -33141.356304
[00:14:04] Bootstrap tree #51, logLikelihood: -33658.004738
[00:14:22] Bootstrap tree #52, logLikelihood: -33465.354696
[00:14:34] Bootstrap tree #53, logLikelihood: -33472.817635
[00:14:44] Bootstrap tree #54, logLikelihood: -33962.365777
[00:14:58] Bootstrap tree #55, logLikelihood: -34490.999525
[00:15:11] Bootstrap tree #56, logLikelihood: -33908.264461
[00:15:24] Bootstrap tree #57, logLikelihood: -32983.726514
[00:15:40] Bootstrap tree #58, logLikelihood: -33945.876702
[00:15:53] Bootstrap tree #59, logLikelihood: -33686.160853
[00:16:08] Bootstrap tree #60, logLikelihood: -33239.226059
[00:16:24] Bootstrap tree #61, logLikelihood: -33522.762654
[00:16:39] Bootstrap tree #62, logLikelihood: -33603.312284
[00:16:51] Bootstrap tree #63, logLikelihood: -33716.657446
[00:17:04] Bootstrap tree #64, logLikelihood: -33858.049958
[00:17:17] Bootstrap tree #65, logLikelihood: -33376.352719
[00:17:28] Bootstrap tree #66, logLikelihood: -33551.472139
[00:17:45] Bootstrap tree #67, logLikelihood: -33931.833680
[00:18:02] Bootstrap tree #68, logLikelihood: -33066.077203
[00:18:16] Bootstrap tree #69, logLikelihood: -34236.144758
[00:18:28] Bootstrap tree #70, logLikelihood: -33401.609830
[00:18:43] Bootstrap tree #71, logLikelihood: -33311.030993
[00:18:57] Bootstrap tree #72, logLikelihood: -33768.174139
[00:19:11] Bootstrap tree #73, logLikelihood: -33338.847342
[00:19:26] Bootstrap tree #74, logLikelihood: -34314.232385
[00:19:39] Bootstrap tree #75, logLikelihood: -33794.565599
[00:19:56] Bootstrap tree #76, logLikelihood: -33450.363085
[00:20:11] Bootstrap tree #77, logLikelihood: -34034.878960
[00:20:30] Bootstrap tree #78, logLikelihood: -33447.514465
[00:20:46] Bootstrap tree #79, logLikelihood: -34189.427486
[00:21:03] Bootstrap tree #80, logLikelihood: -33262.523535
[00:21:20] Bootstrap tree #81, logLikelihood: -33919.752702
[00:21:35] Bootstrap tree #82, logLikelihood: -34087.894690
[00:21:49] Bootstrap tree #83, logLikelihood: -33240.294879
[00:22:03] Bootstrap tree #84, logLikelihood: -33813.108125
[00:22:17] Bootstrap tree #85, logLikelihood: -33714.429789
[00:22:33] Bootstrap tree #86, logLikelihood: -33601.769201
[00:22:47] Bootstrap tree #87, logLikelihood: -33698.212492
[00:23:02] Bootstrap tree #88, logLikelihood: -34049.812114
[00:23:15] Bootstrap tree #89, logLikelihood: -33471.735954
[00:23:31] Bootstrap tree #90, logLikelihood: -33570.720920
[00:23:46] Bootstrap tree #91, logLikelihood: -34363.124613
[00:24:00] Bootstrap tree #92, logLikelihood: -34482.640500
[00:24:17] Bootstrap tree #93, logLikelihood: -33711.800872
[00:24:36] Bootstrap tree #94, logLikelihood: -34103.570277
[00:24:51] Bootstrap tree #95, logLikelihood: -33615.662859
[00:25:05] Bootstrap tree #96, logLikelihood: -33213.453115
[00:25:21] Bootstrap tree #97, logLikelihood: -33423.580258
[00:25:37] Bootstrap tree #98, logLikelihood: -33301.083662
[00:25:51] Bootstrap tree #99, logLikelihood: -34483.662682
[00:26:05] Bootstrap tree #100, logLikelihood: -33736.574173

Optimized model parameters:

   Partition 0: noname
   Rate heterogeneity: GAMMA (4 cats, mean),  alpha: 0.430086 (ML),  weights&rates: (0.250000,0.021283) (0.250000,0.203851) (0.250000,0.761887) (0.250000,3.012978) 
   Base frequencies (ML): 0.204273 0.299903 0.318245 0.177578 
   Substitution rates (ML): 1.347811 4.965074 1.304834 0.876508 6.005479 1.000000 

Final LogLikelihood: -33775.078423

All ML trees saved to: /mnt/lustre/scratch/home/uvi/be/avs/cancer_genes_selection/genes/FLT4/tree/FLT4_trimmed.raxml.mlTrees
Best ML tree saved to: /mnt/lustre/scratch/home/uvi/be/avs/cancer_genes_selection/genes/FLT4/tree/FLT4_trimmed.raxml.bestTree
Best ML tree with bootstrap support values saved to: /mnt/lustre/scratch/home/uvi/be/avs/cancer_genes_selection/genes/FLT4/tree/FLT4_trimmed.raxml.support
Optimized model saved to: /mnt/lustre/scratch/home/uvi/be/avs/cancer_genes_selection/genes/FLT4/tree/FLT4_trimmed.raxml.bestModel
Bootstrap trees saved to: /mnt/lustre/scratch/home/uvi/be/avs/cancer_genes_selection/genes/FLT4/tree/FLT4_trimmed.raxml.bootstraps

Execution log saved to: /mnt/lustre/scratch/home/uvi/be/avs/cancer_genes_selection/genes/FLT4/tree/FLT4_trimmed.raxml.log

Analysis started: 26-Mar-2018 21:43:03 / finished: 26-Mar-2018 22:09:12

Elapsed time: 1568.746 seconds

