
RAxML-NG v. 0.5.1b BETA released on 01.12.2017 by The Exelixis Lab.
Authors: Alexey Kozlov, Alexandros Stamatakis, Diego Darriba, Tomas Flouri, Benoit Morel.
Latest version: https://github.com/amkozlov/raxml-ng
Questions/problems/suggestions? Please visit: https://groups.google.com/forum/#!forum/raxml

WARNING: This is a BETA release, please use at your own risk!

RAxML-NG was called as follows:

raxml-ng-mpi --all --msa /mnt/lustre/scratch/home/uvi/be/avs/cancer_genes_selection/genes/FES/align/FES_align_DNA_trimmed.fasta --model GTR+G -tree pars{10} --bs-trees 100 --prefix /mnt/lustre/scratch/home/uvi/be/avs/cancer_genes_selection/genes/FES/tree/FES --redo

Analysis options:
  run mode: ML tree search + bootstrapping
  start tree(s): parsimony (10)
  random seed: 1521656279
  tip-inner: ON
  pattern compression: ON
  per-rate scalers: OFF
  site repeats: OFF
  branch lengths: ML estimate (linked)
  SIMD kernels: AVX2
  parallelization: NONE/sequential

WARNING: Running in REDO mode: existing checkpoints are ignored, and all result files will be overwritten!

[00:00:00] Reading alignment from file: /mnt/lustre/scratch/home/uvi/be/avs/cancer_genes_selection/genes/FES/align/FES_align_DNA_trimmed.fasta
[00:00:00] Loaded alignment with 24 taxa and 2469 sites

Alignment comprises 1 partitions and 982 patterns

Partition 0: noname
Model: GTR+FO+G4m
Alignment sites / patterns: 2469 / 982
Gaps: 2.63 %
Invariant sites: 53.06 %


[00:00:01] Generating parsimony starting tree(s) with 24 taxa
[00:00:01] Data distribution: partitions/thread: 1-1, patterns/thread: 982-982

Starting ML tree search with 10 distinct starting trees

[00:00:09] ML tree search #1, logLikelihood: -17208.672029
[00:00:16] ML tree search #2, logLikelihood: -17208.674110
[00:00:24] ML tree search #3, logLikelihood: -17209.163693
[00:00:32] ML tree search #4, logLikelihood: -17208.674855
[00:00:41] ML tree search #5, logLikelihood: -17208.674583
[00:00:50] ML tree search #6, logLikelihood: -17208.674143
[00:00:58] ML tree search #7, logLikelihood: -17208.672311
[00:01:08] ML tree search #8, logLikelihood: -17208.672222
[00:01:16] ML tree search #9, logLikelihood: -17208.671856
[00:01:26] ML tree search #10, logLikelihood: -17208.672835

[00:01:26] ML tree search completed, best tree logLH: -17208.671856

[00:01:26] Starting bootstrapping analysis with 100 replicates.

[00:01:32] Bootstrap tree #1, logLikelihood: -17131.401159
[00:01:39] Bootstrap tree #2, logLikelihood: -17509.253732
[00:01:47] Bootstrap tree #3, logLikelihood: -17232.539295
[00:01:54] Bootstrap tree #4, logLikelihood: -17416.476408
[00:02:02] Bootstrap tree #5, logLikelihood: -17121.140043
[00:02:11] Bootstrap tree #6, logLikelihood: -17343.484921
[00:02:19] Bootstrap tree #7, logLikelihood: -17689.046014
[00:02:26] Bootstrap tree #8, logLikelihood: -17281.489426
[00:02:36] Bootstrap tree #9, logLikelihood: -16587.503544
[00:02:45] Bootstrap tree #10, logLikelihood: -17319.613767
[00:02:51] Bootstrap tree #11, logLikelihood: -16600.438154
[00:03:01] Bootstrap tree #12, logLikelihood: -16863.494293
[00:03:10] Bootstrap tree #13, logLikelihood: -16447.013398
[00:03:18] Bootstrap tree #14, logLikelihood: -16826.515752
[00:03:25] Bootstrap tree #15, logLikelihood: -17174.029960
[00:03:34] Bootstrap tree #16, logLikelihood: -17255.407668
[00:03:41] Bootstrap tree #17, logLikelihood: -17367.686509
[00:03:50] Bootstrap tree #18, logLikelihood: -17388.599038
[00:03:59] Bootstrap tree #19, logLikelihood: -17583.447517
[00:04:06] Bootstrap tree #20, logLikelihood: -17471.642087
[00:04:13] Bootstrap tree #21, logLikelihood: -17282.805056
[00:04:22] Bootstrap tree #22, logLikelihood: -17434.130490
[00:04:29] Bootstrap tree #23, logLikelihood: -16976.149999
[00:04:35] Bootstrap tree #24, logLikelihood: -17141.054028
[00:04:42] Bootstrap tree #25, logLikelihood: -17568.898296
[00:04:51] Bootstrap tree #26, logLikelihood: -17918.799364
[00:04:59] Bootstrap tree #27, logLikelihood: -16585.303356
[00:05:07] Bootstrap tree #28, logLikelihood: -16951.574378
[00:05:14] Bootstrap tree #29, logLikelihood: -16802.305357
[00:05:23] Bootstrap tree #30, logLikelihood: -16836.154464
[00:05:30] Bootstrap tree #31, logLikelihood: -17103.454562
[00:05:38] Bootstrap tree #32, logLikelihood: -16869.542340
[00:05:46] Bootstrap tree #33, logLikelihood: -17000.064780
[00:05:54] Bootstrap tree #34, logLikelihood: -16671.285903
[00:06:02] Bootstrap tree #35, logLikelihood: -17237.625258
[00:06:11] Bootstrap tree #36, logLikelihood: -17103.713376
[00:06:17] Bootstrap tree #37, logLikelihood: -16557.142620
[00:06:25] Bootstrap tree #38, logLikelihood: -16681.799232
[00:06:32] Bootstrap tree #39, logLikelihood: -16825.015224
[00:06:39] Bootstrap tree #40, logLikelihood: -17344.623349
[00:06:51] Bootstrap tree #41, logLikelihood: -17397.769931
[00:06:59] Bootstrap tree #42, logLikelihood: -17391.383088
[00:07:05] Bootstrap tree #43, logLikelihood: -16751.617329
[00:07:12] Bootstrap tree #44, logLikelihood: -17465.186604
[00:07:20] Bootstrap tree #45, logLikelihood: -18034.367287
[00:07:27] Bootstrap tree #46, logLikelihood: -17353.171236
[00:07:34] Bootstrap tree #47, logLikelihood: -16847.875910
[00:07:45] Bootstrap tree #48, logLikelihood: -17202.983880
[00:07:52] Bootstrap tree #49, logLikelihood: -17215.698369
[00:07:59] Bootstrap tree #50, logLikelihood: -17218.004767
[00:08:09] Bootstrap tree #51, logLikelihood: -17641.746456
[00:08:18] Bootstrap tree #52, logLikelihood: -17263.261963
[00:08:26] Bootstrap tree #53, logLikelihood: -17305.755917
[00:08:35] Bootstrap tree #54, logLikelihood: -16340.584929
[00:08:44] Bootstrap tree #55, logLikelihood: -17214.921497
[00:08:53] Bootstrap tree #56, logLikelihood: -17700.320058
[00:09:03] Bootstrap tree #57, logLikelihood: -16781.388510
[00:09:13] Bootstrap tree #58, logLikelihood: -17111.787444
[00:09:24] Bootstrap tree #59, logLikelihood: -17333.115808
[00:09:32] Bootstrap tree #60, logLikelihood: -16767.907201
[00:09:40] Bootstrap tree #61, logLikelihood: -16842.565836
[00:09:49] Bootstrap tree #62, logLikelihood: -17202.535021
[00:09:58] Bootstrap tree #63, logLikelihood: -17325.749399
[00:10:07] Bootstrap tree #64, logLikelihood: -17335.549741
[00:10:19] Bootstrap tree #65, logLikelihood: -17254.542944
[00:10:27] Bootstrap tree #66, logLikelihood: -16523.135056
[00:10:35] Bootstrap tree #67, logLikelihood: -17977.877325
[00:10:47] Bootstrap tree #68, logLikelihood: -16628.030022
[00:10:55] Bootstrap tree #69, logLikelihood: -16933.478119
[00:11:02] Bootstrap tree #70, logLikelihood: -17557.055131
[00:11:11] Bootstrap tree #71, logLikelihood: -16877.826363
[00:11:20] Bootstrap tree #72, logLikelihood: -17682.474552
[00:11:29] Bootstrap tree #73, logLikelihood: -17709.898797
[00:11:38] Bootstrap tree #74, logLikelihood: -17074.582985
[00:11:47] Bootstrap tree #75, logLikelihood: -17061.613897
[00:11:56] Bootstrap tree #76, logLikelihood: -16748.552274
[00:12:05] Bootstrap tree #77, logLikelihood: -17215.238661
[00:12:15] Bootstrap tree #78, logLikelihood: -17532.457132
[00:12:24] Bootstrap tree #79, logLikelihood: -16807.173470
[00:12:31] Bootstrap tree #80, logLikelihood: -17487.823833
[00:12:41] Bootstrap tree #81, logLikelihood: -17171.587163
[00:12:51] Bootstrap tree #82, logLikelihood: -17140.508551
[00:13:00] Bootstrap tree #83, logLikelihood: -17331.118793
[00:13:11] Bootstrap tree #84, logLikelihood: -17076.769145
[00:13:21] Bootstrap tree #85, logLikelihood: -16380.984713
[00:13:30] Bootstrap tree #86, logLikelihood: -17464.200062
[00:13:42] Bootstrap tree #87, logLikelihood: -17235.350129
[00:13:52] Bootstrap tree #88, logLikelihood: -16510.600976
[00:14:00] Bootstrap tree #89, logLikelihood: -16978.132127
[00:14:13] Bootstrap tree #90, logLikelihood: -17056.795873
[00:14:21] Bootstrap tree #91, logLikelihood: -16956.722947
[00:14:31] Bootstrap tree #92, logLikelihood: -17144.521533
[00:14:40] Bootstrap tree #93, logLikelihood: -17499.800806
[00:14:49] Bootstrap tree #94, logLikelihood: -16930.586177
[00:14:59] Bootstrap tree #95, logLikelihood: -17583.792816
[00:15:07] Bootstrap tree #96, logLikelihood: -17327.233296
[00:15:18] Bootstrap tree #97, logLikelihood: -16815.035719
[00:15:26] Bootstrap tree #98, logLikelihood: -16404.068641
[00:15:36] Bootstrap tree #99, logLikelihood: -17024.299523
[00:15:44] Bootstrap tree #100, logLikelihood: -17078.099932

Optimized model parameters:

   Partition 0: noname
   Rate heterogeneity: GAMMA (4 cats, mean),  alpha: 0.328124 (ML),  weights&rates: (0.250000,0.007852) (0.250000,0.126477) (0.250000,0.640147) (0.250000,3.225525) 
   Base frequencies (ML): 0.217226 0.303041 0.321579 0.158153 
   Substitution rates (ML): 1.197168 3.591694 1.369445 0.680468 7.203984 1.000000 

Final LogLikelihood: -17208.671856

All ML trees saved to: /mnt/lustre/scratch/home/uvi/be/avs/cancer_genes_selection/genes/FES/tree/FES.raxml.mlTrees
Best ML tree saved to: /mnt/lustre/scratch/home/uvi/be/avs/cancer_genes_selection/genes/FES/tree/FES.raxml.bestTree
Best ML tree with bootstrap support values saved to: /mnt/lustre/scratch/home/uvi/be/avs/cancer_genes_selection/genes/FES/tree/FES.raxml.support
Optimized model saved to: /mnt/lustre/scratch/home/uvi/be/avs/cancer_genes_selection/genes/FES/tree/FES.raxml.bestModel
Bootstrap trees saved to: /mnt/lustre/scratch/home/uvi/be/avs/cancer_genes_selection/genes/FES/tree/FES.raxml.bootstraps

Execution log saved to: /mnt/lustre/scratch/home/uvi/be/avs/cancer_genes_selection/genes/FES/tree/FES.raxml.log

Analysis started: 21-Mar-2018 19:17:59 / finished: 21-Mar-2018 19:33:46

Elapsed time: 946.534 seconds

