
RAxML-NG v. 0.5.1b BETA released on 01.12.2017 by The Exelixis Lab.
Authors: Alexey Kozlov, Alexandros Stamatakis, Diego Darriba, Tomas Flouri, Benoit Morel.
Latest version: https://github.com/amkozlov/raxml-ng
Questions/problems/suggestions? Please visit: https://groups.google.com/forum/#!forum/raxml

WARNING: This is a BETA release, please use at your own risk!

RAxML-NG was called as follows:

raxml-ng-mpi --all --msa /mnt/lustre/scratch/home/uvi/be/avs/cancer_genes_selection/genes/HLF/align/HLF_align_DNA_trimmed.fasta --model GTR+G -tree pars{10} --bs-trees 100 --prefix /mnt/lustre/scratch/home/uvi/be/avs/cancer_genes_selection/genes/HLF/tree/HLF --redo

Analysis options:
  run mode: ML tree search + bootstrapping
  start tree(s): parsimony (10)
  random seed: 1521658298
  tip-inner: ON
  pattern compression: ON
  per-rate scalers: OFF
  site repeats: OFF
  branch lengths: ML estimate (linked)
  SIMD kernels: AVX2
  parallelization: NONE/sequential

WARNING: Running in REDO mode: existing checkpoints are ignored, and all result files will be overwritten!

[00:00:00] Reading alignment from file: /mnt/lustre/scratch/home/uvi/be/avs/cancer_genes_selection/genes/HLF/align/HLF_align_DNA_trimmed.fasta
[00:00:00] Loaded alignment with 29 taxa and 888 sites

Alignment comprises 1 partitions and 315 patterns

Partition 0: noname
Model: GTR+FO+G4m
Alignment sites / patterns: 888 / 315
Gaps: 2.99 %
Invariant sites: 62.95 %


[00:00:00] Generating parsimony starting tree(s) with 29 taxa
[00:00:01] Data distribution: partitions/thread: 1-1, patterns/thread: 315-315

Starting ML tree search with 10 distinct starting trees

[00:00:07] ML tree search #1, logLikelihood: -5293.662806
[00:00:14] ML tree search #2, logLikelihood: -5293.663197
[00:00:21] ML tree search #3, logLikelihood: -5293.662790
[00:00:27] ML tree search #4, logLikelihood: -5293.662320
[00:00:34] ML tree search #5, logLikelihood: -5293.663132
[00:00:39] ML tree search #6, logLikelihood: -5295.531657
[00:00:46] ML tree search #7, logLikelihood: -5293.663768
[00:00:53] ML tree search #8, logLikelihood: -5294.262777
[00:01:00] ML tree search #9, logLikelihood: -5293.662791
[00:01:06] ML tree search #10, logLikelihood: -5293.663753

[00:01:06] ML tree search completed, best tree logLH: -5293.662320

[00:01:06] Starting bootstrapping analysis with 100 replicates.

[00:01:11] Bootstrap tree #1, logLikelihood: -5137.612507
[00:01:16] Bootstrap tree #2, logLikelihood: -5212.173543
[00:01:22] Bootstrap tree #3, logLikelihood: -5100.333070
[00:01:28] Bootstrap tree #4, logLikelihood: -5458.650325
[00:01:33] Bootstrap tree #5, logLikelihood: -5543.990350
[00:01:40] Bootstrap tree #6, logLikelihood: -5089.959860
[00:01:45] Bootstrap tree #7, logLikelihood: -4736.436285
[00:01:51] Bootstrap tree #8, logLikelihood: -5265.690062
[00:01:57] Bootstrap tree #9, logLikelihood: -5350.897145
[00:02:02] Bootstrap tree #10, logLikelihood: -5042.705489
[00:02:07] Bootstrap tree #11, logLikelihood: -5185.543472
[00:02:13] Bootstrap tree #12, logLikelihood: -5265.997975
[00:02:18] Bootstrap tree #13, logLikelihood: -4996.849636
[00:02:23] Bootstrap tree #14, logLikelihood: -4927.888539
[00:02:31] Bootstrap tree #15, logLikelihood: -5305.834911
[00:02:37] Bootstrap tree #16, logLikelihood: -5622.036164
[00:02:43] Bootstrap tree #17, logLikelihood: -5386.793027
[00:02:48] Bootstrap tree #18, logLikelihood: -5075.468926
[00:02:53] Bootstrap tree #19, logLikelihood: -5241.600102
[00:02:59] Bootstrap tree #20, logLikelihood: -5251.740882
[00:03:04] Bootstrap tree #21, logLikelihood: -5000.645603
[00:03:10] Bootstrap tree #22, logLikelihood: -5186.805336
[00:03:17] Bootstrap tree #23, logLikelihood: -5362.149127
[00:03:23] Bootstrap tree #24, logLikelihood: -5435.978398
[00:03:27] Bootstrap tree #25, logLikelihood: -5088.992541
[00:03:33] Bootstrap tree #26, logLikelihood: -4976.889671
[00:03:40] Bootstrap tree #27, logLikelihood: -5264.296587
[00:03:45] Bootstrap tree #28, logLikelihood: -5187.030525
[00:03:52] Bootstrap tree #29, logLikelihood: -5487.134786
[00:03:57] Bootstrap tree #30, logLikelihood: -5110.953501
[00:04:04] Bootstrap tree #31, logLikelihood: -5264.390332
[00:04:09] Bootstrap tree #32, logLikelihood: -4879.180321
[00:04:15] Bootstrap tree #33, logLikelihood: -5066.496737
[00:04:20] Bootstrap tree #34, logLikelihood: -5270.346043
[00:04:25] Bootstrap tree #35, logLikelihood: -5177.672507
[00:04:31] Bootstrap tree #36, logLikelihood: -5742.656697
[00:04:39] Bootstrap tree #37, logLikelihood: -5505.788686
[00:04:44] Bootstrap tree #38, logLikelihood: -5453.684853
[00:04:50] Bootstrap tree #39, logLikelihood: -5263.851426
[00:04:57] Bootstrap tree #40, logLikelihood: -5342.849912
[00:05:05] Bootstrap tree #41, logLikelihood: -5158.631873
[00:05:12] Bootstrap tree #42, logLikelihood: -5452.599679
[00:05:17] Bootstrap tree #43, logLikelihood: -5098.586952
[00:05:24] Bootstrap tree #44, logLikelihood: -5381.484461
[00:05:29] Bootstrap tree #45, logLikelihood: -5124.694613
[00:05:38] Bootstrap tree #46, logLikelihood: -5119.901869
[00:05:45] Bootstrap tree #47, logLikelihood: -5426.178881
[00:05:51] Bootstrap tree #48, logLikelihood: -5380.697032
[00:05:57] Bootstrap tree #49, logLikelihood: -5353.755395
[00:06:03] Bootstrap tree #50, logLikelihood: -5459.712644
[00:06:08] Bootstrap tree #51, logLikelihood: -5049.288820
[00:06:15] Bootstrap tree #52, logLikelihood: -5052.708279
[00:06:21] Bootstrap tree #53, logLikelihood: -5360.317209
[00:06:26] Bootstrap tree #54, logLikelihood: -5107.626671
[00:06:31] Bootstrap tree #55, logLikelihood: -5284.835690
[00:06:39] Bootstrap tree #56, logLikelihood: -5074.993904
[00:06:45] Bootstrap tree #57, logLikelihood: -5108.336379
[00:06:53] Bootstrap tree #58, logLikelihood: -4965.973685
[00:07:00] Bootstrap tree #59, logLikelihood: -5295.033669
[00:07:07] Bootstrap tree #60, logLikelihood: -5118.910449
[00:07:14] Bootstrap tree #61, logLikelihood: -5160.307967
[00:07:20] Bootstrap tree #62, logLikelihood: -5205.548809
[00:07:27] Bootstrap tree #63, logLikelihood: -5347.239131
[00:07:33] Bootstrap tree #64, logLikelihood: -5180.683527
[00:07:39] Bootstrap tree #65, logLikelihood: -5249.776759
[00:07:46] Bootstrap tree #66, logLikelihood: -4950.263923
[00:07:52] Bootstrap tree #67, logLikelihood: -5173.882242
[00:07:59] Bootstrap tree #68, logLikelihood: -5317.048257
[00:08:05] Bootstrap tree #69, logLikelihood: -5296.096234
[00:08:10] Bootstrap tree #70, logLikelihood: -5676.438764
[00:08:17] Bootstrap tree #71, logLikelihood: -5146.763842
[00:08:22] Bootstrap tree #72, logLikelihood: -5151.313148
[00:08:28] Bootstrap tree #73, logLikelihood: -4951.614441
[00:08:34] Bootstrap tree #74, logLikelihood: -5039.567382
[00:08:39] Bootstrap tree #75, logLikelihood: -4996.376460
[00:08:45] Bootstrap tree #76, logLikelihood: -5135.886843
[00:08:52] Bootstrap tree #77, logLikelihood: -5141.830192
[00:08:58] Bootstrap tree #78, logLikelihood: -5019.170480
[00:09:05] Bootstrap tree #79, logLikelihood: -5594.549754
[00:09:12] Bootstrap tree #80, logLikelihood: -4891.296354
[00:09:18] Bootstrap tree #81, logLikelihood: -5190.534567
[00:09:24] Bootstrap tree #82, logLikelihood: -5286.523419
[00:09:31] Bootstrap tree #83, logLikelihood: -5586.845117
[00:09:40] Bootstrap tree #84, logLikelihood: -5027.804009
[00:09:48] Bootstrap tree #85, logLikelihood: -5261.292816
[00:09:56] Bootstrap tree #86, logLikelihood: -5483.142492
[00:10:05] Bootstrap tree #87, logLikelihood: -5443.037909
[00:10:13] Bootstrap tree #88, logLikelihood: -5121.693214
[00:10:20] Bootstrap tree #89, logLikelihood: -5097.079649
[00:10:28] Bootstrap tree #90, logLikelihood: -5112.645119
[00:10:35] Bootstrap tree #91, logLikelihood: -5396.102488
[00:10:44] Bootstrap tree #92, logLikelihood: -6127.449505
[00:10:50] Bootstrap tree #93, logLikelihood: -5117.598502
[00:10:56] Bootstrap tree #94, logLikelihood: -4987.871677
[00:11:03] Bootstrap tree #95, logLikelihood: -5076.788835
[00:11:10] Bootstrap tree #96, logLikelihood: -5261.759863
[00:11:16] Bootstrap tree #97, logLikelihood: -5106.842046
[00:11:24] Bootstrap tree #98, logLikelihood: -5575.463348
[00:11:31] Bootstrap tree #99, logLikelihood: -5083.119077
[00:11:38] Bootstrap tree #100, logLikelihood: -5244.991891

Optimized model parameters:

   Partition 0: noname
   Rate heterogeneity: GAMMA (4 cats, mean),  alpha: 0.252587 (ML),  weights&rates: (0.250000,0.002235) (0.250000,0.068565) (0.250000,0.506911) (0.250000,3.422290) 
   Base frequencies (ML): 0.207111 0.354572 0.295608 0.142709 
   Substitution rates (ML): 0.766435 3.862323 0.629288 0.618714 4.966478 1.000000 

Final LogLikelihood: -5293.662320

All ML trees saved to: /mnt/lustre/scratch/home/uvi/be/avs/cancer_genes_selection/genes/HLF/tree/HLF.raxml.mlTrees
Best ML tree saved to: /mnt/lustre/scratch/home/uvi/be/avs/cancer_genes_selection/genes/HLF/tree/HLF.raxml.bestTree
Best ML tree with bootstrap support values saved to: /mnt/lustre/scratch/home/uvi/be/avs/cancer_genes_selection/genes/HLF/tree/HLF.raxml.support
Optimized model saved to: /mnt/lustre/scratch/home/uvi/be/avs/cancer_genes_selection/genes/HLF/tree/HLF.raxml.bestModel
Bootstrap trees saved to: /mnt/lustre/scratch/home/uvi/be/avs/cancer_genes_selection/genes/HLF/tree/HLF.raxml.bootstraps

Execution log saved to: /mnt/lustre/scratch/home/uvi/be/avs/cancer_genes_selection/genes/HLF/tree/HLF.raxml.log

Analysis started: 21-Mar-2018 19:51:38 / finished: 21-Mar-2018 20:03:20

Elapsed time: 701.594 seconds

