
RAxML-NG v. 0.5.1b BETA released on 01.12.2017 by The Exelixis Lab.
Authors: Alexey Kozlov, Alexandros Stamatakis, Diego Darriba, Tomas Flouri, Benoit Morel.
Latest version: https://github.com/amkozlov/raxml-ng
Questions/problems/suggestions? Please visit: https://groups.google.com/forum/#!forum/raxml

WARNING: This is a BETA release, please use at your own risk!

RAxML-NG was called as follows:

raxml-ng-mpi --all --msa /mnt/lustre/scratch/home/uvi/be/avs/cancer_genes_selection/genes/HLF/align/HLF_align_DNA_trimmed2.fasta --model GTR+G -tree pars{10} --bs-trees 100 --prefix /mnt/lustre/scratch/home/uvi/be/avs/cancer_genes_selection/genes/HLF/tree/HLF_trimmed --redo

Analysis options:
  run mode: ML tree search + bootstrapping
  start tree(s): parsimony (10)
  random seed: 1522094603
  tip-inner: ON
  pattern compression: ON
  per-rate scalers: OFF
  site repeats: OFF
  branch lengths: ML estimate (linked)
  SIMD kernels: AVX2
  parallelization: NONE/sequential

WARNING: Running in REDO mode: existing checkpoints are ignored, and all result files will be overwritten!

[00:00:00] Reading alignment from file: /mnt/lustre/scratch/home/uvi/be/avs/cancer_genes_selection/genes/HLF/align/HLF_align_DNA_trimmed2.fasta
[00:00:01] Loaded alignment with 28 taxa and 888 sites

Alignment comprises 1 partitions and 287 patterns

Partition 0: noname
Model: GTR+FO+G4m
Alignment sites / patterns: 888 / 287
Gaps: 2.02 %
Invariant sites: 66.33 %


[00:00:01] Generating parsimony starting tree(s) with 28 taxa
[00:00:01] Data distribution: partitions/thread: 1-1, patterns/thread: 287-287

Starting ML tree search with 10 distinct starting trees

[00:00:07] ML tree search #1, logLikelihood: -4944.342745
[00:00:13] ML tree search #2, logLikelihood: -4944.323077
[00:00:19] ML tree search #3, logLikelihood: -4946.877679
[00:00:27] ML tree search #4, logLikelihood: -4944.323756
[00:00:34] ML tree search #5, logLikelihood: -4944.323644
[00:00:40] ML tree search #6, logLikelihood: -4944.342418
[00:00:47] ML tree search #7, logLikelihood: -4944.323823
[00:00:52] ML tree search #8, logLikelihood: -4945.598314
[00:00:59] ML tree search #9, logLikelihood: -4944.323931
[00:01:06] ML tree search #10, logLikelihood: -4945.120696

[00:01:06] ML tree search completed, best tree logLH: -4944.323077

[00:01:06] Starting bootstrapping analysis with 100 replicates.

[00:01:13] Bootstrap tree #1, logLikelihood: -4846.390140
[00:01:21] Bootstrap tree #2, logLikelihood: -4590.704796
[00:01:28] Bootstrap tree #3, logLikelihood: -4649.490930
[00:01:34] Bootstrap tree #4, logLikelihood: -5196.969235
[00:01:41] Bootstrap tree #5, logLikelihood: -4830.894577
[00:01:47] Bootstrap tree #6, logLikelihood: -5361.171109
[00:01:53] Bootstrap tree #7, logLikelihood: -5082.013615
[00:02:00] Bootstrap tree #8, logLikelihood: -4783.754030
[00:02:07] Bootstrap tree #9, logLikelihood: -4984.856698
[00:02:14] Bootstrap tree #10, logLikelihood: -4673.765882
[00:02:22] Bootstrap tree #11, logLikelihood: -4891.480687
[00:02:29] Bootstrap tree #12, logLikelihood: -4813.681550
[00:02:35] Bootstrap tree #13, logLikelihood: -5210.535096
[00:02:43] Bootstrap tree #14, logLikelihood: -4974.845853
[00:02:49] Bootstrap tree #15, logLikelihood: -4984.405556
[00:02:56] Bootstrap tree #16, logLikelihood: -5200.098589
[00:03:03] Bootstrap tree #17, logLikelihood: -4998.096652
[00:03:10] Bootstrap tree #18, logLikelihood: -4777.202084
[00:03:17] Bootstrap tree #19, logLikelihood: -4777.438412
[00:03:24] Bootstrap tree #20, logLikelihood: -4857.487442
[00:03:30] Bootstrap tree #21, logLikelihood: -4809.303782
[00:03:37] Bootstrap tree #22, logLikelihood: -4775.785928
[00:03:43] Bootstrap tree #23, logLikelihood: -4907.415097
[00:03:51] Bootstrap tree #24, logLikelihood: -4851.205037
[00:03:59] Bootstrap tree #25, logLikelihood: -5119.138977
[00:04:07] Bootstrap tree #26, logLikelihood: -4939.580061
[00:04:14] Bootstrap tree #27, logLikelihood: -5078.093352
[00:04:22] Bootstrap tree #28, logLikelihood: -4762.115837
[00:04:30] Bootstrap tree #29, logLikelihood: -4975.686113
[00:04:39] Bootstrap tree #30, logLikelihood: -4961.152517
[00:04:49] Bootstrap tree #31, logLikelihood: -4932.297286
[00:04:56] Bootstrap tree #32, logLikelihood: -4950.393859
[00:05:02] Bootstrap tree #33, logLikelihood: -4772.728527
[00:05:11] Bootstrap tree #34, logLikelihood: -4698.300475
[00:05:18] Bootstrap tree #35, logLikelihood: -4819.926128
[00:05:25] Bootstrap tree #36, logLikelihood: -4936.866256
[00:05:33] Bootstrap tree #37, logLikelihood: -4792.850452
[00:05:43] Bootstrap tree #38, logLikelihood: -4816.546092
[00:05:50] Bootstrap tree #39, logLikelihood: -4958.850815
[00:05:57] Bootstrap tree #40, logLikelihood: -4834.393127
[00:06:05] Bootstrap tree #41, logLikelihood: -4491.783165
[00:06:14] Bootstrap tree #42, logLikelihood: -4894.139249
[00:06:21] Bootstrap tree #43, logLikelihood: -4586.991982
[00:06:28] Bootstrap tree #44, logLikelihood: -4920.194644
[00:06:36] Bootstrap tree #45, logLikelihood: -4950.801444
[00:06:43] Bootstrap tree #46, logLikelihood: -4760.641717
[00:06:51] Bootstrap tree #47, logLikelihood: -5088.331765
[00:06:58] Bootstrap tree #48, logLikelihood: -4980.820107
[00:07:06] Bootstrap tree #49, logLikelihood: -5086.079417
[00:07:14] Bootstrap tree #50, logLikelihood: -5036.190254
[00:07:22] Bootstrap tree #51, logLikelihood: -4845.981634
[00:07:30] Bootstrap tree #52, logLikelihood: -4932.680239
[00:07:38] Bootstrap tree #53, logLikelihood: -5442.356892
[00:07:45] Bootstrap tree #54, logLikelihood: -4874.187593
[00:07:53] Bootstrap tree #55, logLikelihood: -4910.801384
[00:08:02] Bootstrap tree #56, logLikelihood: -4836.955673
[00:08:10] Bootstrap tree #57, logLikelihood: -4415.232949
[00:08:17] Bootstrap tree #58, logLikelihood: -5296.806847
[00:08:26] Bootstrap tree #59, logLikelihood: -5038.153716
[00:08:34] Bootstrap tree #60, logLikelihood: -5258.811104
[00:08:42] Bootstrap tree #61, logLikelihood: -5024.128705
[00:08:50] Bootstrap tree #62, logLikelihood: -5008.583196
[00:08:58] Bootstrap tree #63, logLikelihood: -4641.532398
[00:09:07] Bootstrap tree #64, logLikelihood: -4578.302155
[00:09:15] Bootstrap tree #65, logLikelihood: -4801.955778
[00:09:26] Bootstrap tree #66, logLikelihood: -4939.683594
[00:09:35] Bootstrap tree #67, logLikelihood: -5429.459736
[00:09:42] Bootstrap tree #68, logLikelihood: -4962.578415
[00:09:50] Bootstrap tree #69, logLikelihood: -5126.376600
[00:10:00] Bootstrap tree #70, logLikelihood: -4968.198848
[00:10:08] Bootstrap tree #71, logLikelihood: -5148.143666
[00:10:16] Bootstrap tree #72, logLikelihood: -4556.944123
[00:10:23] Bootstrap tree #73, logLikelihood: -4814.341012
[00:10:31] Bootstrap tree #74, logLikelihood: -4972.760386
[00:10:40] Bootstrap tree #75, logLikelihood: -5085.873627
[00:10:47] Bootstrap tree #76, logLikelihood: -5264.234828
[00:10:56] Bootstrap tree #77, logLikelihood: -4823.891776
[00:11:05] Bootstrap tree #78, logLikelihood: -4839.353305
[00:11:13] Bootstrap tree #79, logLikelihood: -4842.129373
[00:11:21] Bootstrap tree #80, logLikelihood: -5091.359736
[00:11:29] Bootstrap tree #81, logLikelihood: -5261.314438
[00:11:37] Bootstrap tree #82, logLikelihood: -4845.281599
[00:11:46] Bootstrap tree #83, logLikelihood: -4886.867897
[00:11:55] Bootstrap tree #84, logLikelihood: -4733.830926
[00:12:04] Bootstrap tree #85, logLikelihood: -4680.474923
[00:12:12] Bootstrap tree #86, logLikelihood: -4871.876171
[00:12:21] Bootstrap tree #87, logLikelihood: -4775.552182
[00:12:30] Bootstrap tree #88, logLikelihood: -5085.907482
[00:12:39] Bootstrap tree #89, logLikelihood: -5097.765231
[00:12:48] Bootstrap tree #90, logLikelihood: -4835.450017
[00:12:56] Bootstrap tree #91, logLikelihood: -5053.396187
[00:13:05] Bootstrap tree #92, logLikelihood: -5046.690086
[00:13:13] Bootstrap tree #93, logLikelihood: -4999.438552
[00:13:22] Bootstrap tree #94, logLikelihood: -4585.007470
[00:13:32] Bootstrap tree #95, logLikelihood: -4788.805187
[00:13:40] Bootstrap tree #96, logLikelihood: -4647.694878
[00:13:48] Bootstrap tree #97, logLikelihood: -4921.463987
[00:13:56] Bootstrap tree #98, logLikelihood: -4619.966024
[00:14:05] Bootstrap tree #99, logLikelihood: -4701.247148
[00:14:14] Bootstrap tree #100, logLikelihood: -4851.976932

Optimized model parameters:

   Partition 0: noname
   Rate heterogeneity: GAMMA (4 cats, mean),  alpha: 0.206084 (ML),  weights&rates: (0.250000,0.000651) (0.250000,0.037358) (0.250000,0.399350) (0.250000,3.562641) 
   Base frequencies (ML): 0.216548 0.326386 0.282187 0.174880 
   Substitution rates (ML): 1.081650 3.939165 0.512984 0.482709 4.076183 1.000000 

Final LogLikelihood: -4944.323077

All ML trees saved to: /mnt/lustre/scratch/home/uvi/be/avs/cancer_genes_selection/genes/HLF/tree/HLF_trimmed.raxml.mlTrees
Best ML tree saved to: /mnt/lustre/scratch/home/uvi/be/avs/cancer_genes_selection/genes/HLF/tree/HLF_trimmed.raxml.bestTree
Best ML tree with bootstrap support values saved to: /mnt/lustre/scratch/home/uvi/be/avs/cancer_genes_selection/genes/HLF/tree/HLF_trimmed.raxml.support
Optimized model saved to: /mnt/lustre/scratch/home/uvi/be/avs/cancer_genes_selection/genes/HLF/tree/HLF_trimmed.raxml.bestModel
Bootstrap trees saved to: /mnt/lustre/scratch/home/uvi/be/avs/cancer_genes_selection/genes/HLF/tree/HLF_trimmed.raxml.bootstraps

Execution log saved to: /mnt/lustre/scratch/home/uvi/be/avs/cancer_genes_selection/genes/HLF/tree/HLF_trimmed.raxml.log

Analysis started: 26-Mar-2018 22:03:23 / finished: 26-Mar-2018 22:17:43

Elapsed time: 859.659 seconds

