
RAxML-NG v. 0.5.1b BETA released on 01.12.2017 by The Exelixis Lab.
Authors: Alexey Kozlov, Alexandros Stamatakis, Diego Darriba, Tomas Flouri, Benoit Morel.
Latest version: https://github.com/amkozlov/raxml-ng
Questions/problems/suggestions? Please visit: https://groups.google.com/forum/#!forum/raxml

WARNING: This is a BETA release, please use at your own risk!

RAxML-NG was called as follows:

raxml-ng-mpi --all --msa /mnt/lustre/scratch/home/uvi/be/avs/cancer_genes_selection/genes/TCF12/align/TCF12_align_DNA_trimmed.fasta --model GTR+G -tree pars{10} --bs-trees 100 --prefix /mnt/lustre/scratch/home/uvi/be/avs/cancer_genes_selection/genes/TCF12/tree/TCF12 --redo

Analysis options:
  run mode: ML tree search + bootstrapping
  start tree(s): parsimony (10)
  random seed: 1521671896
  tip-inner: ON
  pattern compression: ON
  per-rate scalers: OFF
  site repeats: OFF
  branch lengths: ML estimate (linked)
  SIMD kernels: AVX2
  parallelization: NONE/sequential

WARNING: Running in REDO mode: existing checkpoints are ignored, and all result files will be overwritten!

[00:00:00] Reading alignment from file: /mnt/lustre/scratch/home/uvi/be/avs/cancer_genes_selection/genes/TCF12/align/TCF12_align_DNA_trimmed.fasta
[00:00:00] Loaded alignment with 25 taxa and 2121 sites

Alignment comprises 1 partitions and 750 patterns

Partition 0: noname
Model: GTR+FO+G4m
Alignment sites / patterns: 2121 / 750
Gaps: 8.78 %
Invariant sites: 62.66 %


[00:00:00] Generating parsimony starting tree(s) with 25 taxa
[00:00:01] Data distribution: partitions/thread: 1-1, patterns/thread: 750-750

Starting ML tree search with 10 distinct starting trees

[00:00:10] ML tree search #1, logLikelihood: -10475.831986
[00:00:16] ML tree search #2, logLikelihood: -10477.958443
[00:00:23] ML tree search #3, logLikelihood: -10477.958496
[00:00:32] ML tree search #4, logLikelihood: -10477.958912
[00:00:39] ML tree search #5, logLikelihood: -10477.958465
[00:00:46] ML tree search #6, logLikelihood: -10475.831982
[00:00:53] ML tree search #7, logLikelihood: -10477.958671
[00:01:01] ML tree search #8, logLikelihood: -10475.831889
[00:01:07] ML tree search #9, logLikelihood: -10477.958551
[00:01:17] ML tree search #10, logLikelihood: -10475.831668

[00:01:17] ML tree search completed, best tree logLH: -10475.831668

[00:01:17] Starting bootstrapping analysis with 100 replicates.

[00:01:23] Bootstrap tree #1, logLikelihood: -10648.280399
[00:01:30] Bootstrap tree #2, logLikelihood: -10444.764260
[00:01:36] Bootstrap tree #3, logLikelihood: -10100.773856
[00:01:42] Bootstrap tree #4, logLikelihood: -10331.114119
[00:01:49] Bootstrap tree #5, logLikelihood: -10312.393581
[00:01:57] Bootstrap tree #6, logLikelihood: -10669.621288
[00:02:04] Bootstrap tree #7, logLikelihood: -10614.366123
[00:02:11] Bootstrap tree #8, logLikelihood: -10398.147729
[00:02:17] Bootstrap tree #9, logLikelihood: -10337.670790
[00:02:24] Bootstrap tree #10, logLikelihood: -10646.202038
[00:02:30] Bootstrap tree #11, logLikelihood: -10507.990527
[00:02:36] Bootstrap tree #12, logLikelihood: -10156.375767
[00:02:42] Bootstrap tree #13, logLikelihood: -10518.290344
[00:02:49] Bootstrap tree #14, logLikelihood: -10500.850151
[00:02:55] Bootstrap tree #15, logLikelihood: -10522.654322
[00:03:04] Bootstrap tree #16, logLikelihood: -10409.425676
[00:03:11] Bootstrap tree #17, logLikelihood: -10338.608427
[00:03:18] Bootstrap tree #18, logLikelihood: -10692.812240
[00:03:25] Bootstrap tree #19, logLikelihood: -10083.921584
[00:03:31] Bootstrap tree #20, logLikelihood: -10331.934486
[00:03:36] Bootstrap tree #21, logLikelihood: -10459.967934
[00:03:44] Bootstrap tree #22, logLikelihood: -10156.002650
[00:03:53] Bootstrap tree #23, logLikelihood: -10837.478003
[00:04:02] Bootstrap tree #24, logLikelihood: -10175.190329
[00:04:08] Bootstrap tree #25, logLikelihood: -10376.479412
[00:04:15] Bootstrap tree #26, logLikelihood: -10194.789430
[00:04:24] Bootstrap tree #27, logLikelihood: -10690.686430
[00:04:33] Bootstrap tree #28, logLikelihood: -10398.472482
[00:04:39] Bootstrap tree #29, logLikelihood: -10594.356724
[00:04:45] Bootstrap tree #30, logLikelihood: -10352.650602
[00:04:50] Bootstrap tree #31, logLikelihood: -10621.399340
[00:04:59] Bootstrap tree #32, logLikelihood: -10628.762326
[00:05:05] Bootstrap tree #33, logLikelihood: -10194.798190
[00:05:12] Bootstrap tree #34, logLikelihood: -10344.483111
[00:05:19] Bootstrap tree #35, logLikelihood: -10277.912117
[00:05:26] Bootstrap tree #36, logLikelihood: -10227.610612
[00:05:32] Bootstrap tree #37, logLikelihood: -10201.951327
[00:05:38] Bootstrap tree #38, logLikelihood: -10241.440658
[00:05:45] Bootstrap tree #39, logLikelihood: -10019.737844
[00:05:52] Bootstrap tree #40, logLikelihood: -10280.910004
[00:05:58] Bootstrap tree #41, logLikelihood: -10721.193351
[00:06:05] Bootstrap tree #42, logLikelihood: -10357.238070
[00:06:12] Bootstrap tree #43, logLikelihood: -10348.632166
[00:06:18] Bootstrap tree #44, logLikelihood: -10223.917723
[00:06:25] Bootstrap tree #45, logLikelihood: -10945.968375
[00:06:30] Bootstrap tree #46, logLikelihood: -10326.039353
[00:06:38] Bootstrap tree #47, logLikelihood: -10711.943716
[00:06:46] Bootstrap tree #48, logLikelihood: -10597.873000
[00:06:53] Bootstrap tree #49, logLikelihood: -10974.817417
[00:07:02] Bootstrap tree #50, logLikelihood: -10611.228625
[00:07:11] Bootstrap tree #51, logLikelihood: -10464.414280
[00:07:18] Bootstrap tree #52, logLikelihood: -10259.611198
[00:07:26] Bootstrap tree #53, logLikelihood: -10987.307696
[00:07:32] Bootstrap tree #54, logLikelihood: -10481.684844
[00:07:38] Bootstrap tree #55, logLikelihood: -10380.946842
[00:07:46] Bootstrap tree #56, logLikelihood: -10989.447756
[00:07:57] Bootstrap tree #57, logLikelihood: -10469.726148
[00:08:05] Bootstrap tree #58, logLikelihood: -10327.860105
[00:08:13] Bootstrap tree #59, logLikelihood: -10469.138920
[00:08:22] Bootstrap tree #60, logLikelihood: -10644.849908
[00:08:28] Bootstrap tree #61, logLikelihood: -10312.968113
[00:08:36] Bootstrap tree #62, logLikelihood: -10518.965622
[00:08:43] Bootstrap tree #63, logLikelihood: -10511.712842
[00:08:50] Bootstrap tree #64, logLikelihood: -10405.111461
[00:08:56] Bootstrap tree #65, logLikelihood: -10140.309633
[00:09:03] Bootstrap tree #66, logLikelihood: -10172.119806
[00:09:12] Bootstrap tree #67, logLikelihood: -10470.875813
[00:09:20] Bootstrap tree #68, logLikelihood: -10658.603157
[00:09:27] Bootstrap tree #69, logLikelihood: -10801.105936
[00:09:35] Bootstrap tree #70, logLikelihood: -10251.562886
[00:09:42] Bootstrap tree #71, logLikelihood: -10658.709847
[00:09:51] Bootstrap tree #72, logLikelihood: -10585.512271
[00:09:59] Bootstrap tree #73, logLikelihood: -10316.100685
[00:10:07] Bootstrap tree #74, logLikelihood: -10644.040571
[00:10:14] Bootstrap tree #75, logLikelihood: -10252.303444
[00:10:21] Bootstrap tree #76, logLikelihood: -10430.965511
[00:10:28] Bootstrap tree #77, logLikelihood: -10335.032338
[00:10:35] Bootstrap tree #78, logLikelihood: -10785.653814
[00:10:43] Bootstrap tree #79, logLikelihood: -10434.145092
[00:10:50] Bootstrap tree #80, logLikelihood: -10444.027808
[00:10:57] Bootstrap tree #81, logLikelihood: -10435.341868
[00:11:04] Bootstrap tree #82, logLikelihood: -10353.399868
[00:11:12] Bootstrap tree #83, logLikelihood: -10113.611527
[00:11:20] Bootstrap tree #84, logLikelihood: -10341.147735
[00:11:28] Bootstrap tree #85, logLikelihood: -10611.964519
[00:11:36] Bootstrap tree #86, logLikelihood: -10929.128833
[00:11:45] Bootstrap tree #87, logLikelihood: -10742.176747
[00:11:53] Bootstrap tree #88, logLikelihood: -10907.508912
[00:12:01] Bootstrap tree #89, logLikelihood: -10388.096691
[00:12:10] Bootstrap tree #90, logLikelihood: -10184.343744
[00:12:18] Bootstrap tree #91, logLikelihood: -10557.185749
[00:12:26] Bootstrap tree #92, logLikelihood: -10331.049817
[00:12:33] Bootstrap tree #93, logLikelihood: -10457.306138
[00:12:41] Bootstrap tree #94, logLikelihood: -10142.305128
[00:12:51] Bootstrap tree #95, logLikelihood: -10500.334284
[00:12:58] Bootstrap tree #96, logLikelihood: -10269.171791
[00:13:05] Bootstrap tree #97, logLikelihood: -10759.194700
[00:13:14] Bootstrap tree #98, logLikelihood: -10203.601768
[00:13:24] Bootstrap tree #99, logLikelihood: -10430.843548
[00:13:32] Bootstrap tree #100, logLikelihood: -10570.716434

Optimized model parameters:

   Partition 0: noname
   Rate heterogeneity: GAMMA (4 cats, mean),  alpha: 0.364898 (ML),  weights&rates: (0.250000,0.011993) (0.250000,0.155092) (0.250000,0.690320) (0.250000,3.142595) 
   Base frequencies (ML): 0.264570 0.286888 0.241241 0.207302 
   Substitution rates (ML): 1.677328 8.395648 1.612316 0.968654 8.660477 1.000000 

Final LogLikelihood: -10475.831668

All ML trees saved to: /mnt/lustre/scratch/home/uvi/be/avs/cancer_genes_selection/genes/TCF12/tree/TCF12.raxml.mlTrees
Best ML tree saved to: /mnt/lustre/scratch/home/uvi/be/avs/cancer_genes_selection/genes/TCF12/tree/TCF12.raxml.bestTree
Best ML tree with bootstrap support values saved to: /mnt/lustre/scratch/home/uvi/be/avs/cancer_genes_selection/genes/TCF12/tree/TCF12.raxml.support
Optimized model saved to: /mnt/lustre/scratch/home/uvi/be/avs/cancer_genes_selection/genes/TCF12/tree/TCF12.raxml.bestModel
Bootstrap trees saved to: /mnt/lustre/scratch/home/uvi/be/avs/cancer_genes_selection/genes/TCF12/tree/TCF12.raxml.bootstraps

Execution log saved to: /mnt/lustre/scratch/home/uvi/be/avs/cancer_genes_selection/genes/TCF12/tree/TCF12.raxml.log

Analysis started: 21-Mar-2018 23:38:16 / finished: 21-Mar-2018 23:51:51

Elapsed time: 814.419 seconds

