
RAxML-NG v. 0.5.1b BETA released on 01.12.2017 by The Exelixis Lab.
Authors: Alexey Kozlov, Alexandros Stamatakis, Diego Darriba, Tomas Flouri, Benoit Morel.
Latest version: https://github.com/amkozlov/raxml-ng
Questions/problems/suggestions? Please visit: https://groups.google.com/forum/#!forum/raxml

WARNING: This is a BETA release, please use at your own risk!

RAxML-NG was called as follows:

raxml-ng-mpi --all --msa /mnt/lustre/scratch/home/uvi/be/avs/cancer_genes_selection/genes/BRCA2/align/BRCA2_align_DNA_trimmed2.fasta --model GTR+G -tree pars{10} --bs-trees 100 --prefix /mnt/lustre/scratch/home/uvi/be/avs/cancer_genes_selection/genes/BRCA2/tree/BRCA2_trimmed --redo

Analysis options:
  run mode: ML tree search + bootstrapping
  start tree(s): parsimony (10)
  random seed: 1522086860
  tip-inner: ON
  pattern compression: ON
  per-rate scalers: OFF
  site repeats: OFF
  branch lengths: ML estimate (linked)
  SIMD kernels: AVX2
  parallelization: NONE/sequential

WARNING: Running in REDO mode: existing checkpoints are ignored, and all result files will be overwritten!

[00:00:00] Reading alignment from file: /mnt/lustre/scratch/home/uvi/be/avs/cancer_genes_selection/genes/BRCA2/align/BRCA2_align_DNA_trimmed2.fasta
[00:00:01] Loaded alignment with 27 taxa and 10353 sites

Alignment comprises 1 partitions and 8009 patterns

Partition 0: noname
Model: GTR+FO+G4m
Alignment sites / patterns: 10353 / 8009
Gaps: 5.13 %
Invariant sites: 18.00 %


[00:00:01] Generating parsimony starting tree(s) with 27 taxa
[00:00:01] Data distribution: partitions/thread: 1-1, patterns/thread: 8009-8009

Starting ML tree search with 10 distinct starting trees

[00:00:45] ML tree search #1, logLikelihood: -119188.665729
[00:01:25] ML tree search #2, logLikelihood: -119188.674711
[00:02:04] ML tree search #3, logLikelihood: -119188.667640
[00:02:44] ML tree search #4, logLikelihood: -119188.678073
[00:03:27] ML tree search #5, logLikelihood: -119188.669008
[00:04:15] ML tree search #6, logLikelihood: -119188.669653
[00:05:01] ML tree search #7, logLikelihood: -119188.675795
[00:05:46] ML tree search #8, logLikelihood: -119188.673346
[00:06:30] ML tree search #9, logLikelihood: -119188.666559
[00:07:14] ML tree search #10, logLikelihood: -119188.666967

[00:07:14] ML tree search completed, best tree logLH: -119188.665729

[00:07:14] Starting bootstrapping analysis with 100 replicates.

[00:08:01] Bootstrap tree #1, logLikelihood: -119300.654019
[00:08:36] Bootstrap tree #2, logLikelihood: -119840.328327
[00:09:15] Bootstrap tree #3, logLikelihood: -119940.515292
[00:09:53] Bootstrap tree #4, logLikelihood: -119731.718418
[00:10:36] Bootstrap tree #5, logLikelihood: -118061.405250
[00:11:17] Bootstrap tree #6, logLikelihood: -118597.040037
[00:11:56] Bootstrap tree #7, logLikelihood: -118706.412813
[00:12:33] Bootstrap tree #8, logLikelihood: -120357.583630
[00:13:10] Bootstrap tree #9, logLikelihood: -118803.782596
[00:13:47] Bootstrap tree #10, logLikelihood: -120293.129756
[00:14:28] Bootstrap tree #11, logLikelihood: -117715.567292
[00:15:08] Bootstrap tree #12, logLikelihood: -118834.785470
[00:15:48] Bootstrap tree #13, logLikelihood: -119965.876864
[00:16:33] Bootstrap tree #14, logLikelihood: -118617.885596
[00:17:12] Bootstrap tree #15, logLikelihood: -118600.036042
[00:17:50] Bootstrap tree #16, logLikelihood: -118633.819127
[00:18:28] Bootstrap tree #17, logLikelihood: -118628.595604
[00:19:11] Bootstrap tree #18, logLikelihood: -118171.500312
[00:19:49] Bootstrap tree #19, logLikelihood: -120363.072621
[00:20:26] Bootstrap tree #20, logLikelihood: -119719.441552
[00:21:05] Bootstrap tree #21, logLikelihood: -118027.985902
[00:21:42] Bootstrap tree #22, logLikelihood: -119645.810864
[00:22:17] Bootstrap tree #23, logLikelihood: -118577.987940
[00:22:58] Bootstrap tree #24, logLikelihood: -118622.788530
[00:23:33] Bootstrap tree #25, logLikelihood: -120373.394785
[00:24:17] Bootstrap tree #26, logLikelihood: -118926.827431
[00:24:55] Bootstrap tree #27, logLikelihood: -119304.536262
[00:25:34] Bootstrap tree #28, logLikelihood: -120052.556205
[00:26:19] Bootstrap tree #29, logLikelihood: -118940.705197
[00:26:54] Bootstrap tree #30, logLikelihood: -117839.714991
[00:27:34] Bootstrap tree #31, logLikelihood: -119283.734338
[00:28:11] Bootstrap tree #32, logLikelihood: -119259.296149
[00:28:51] Bootstrap tree #33, logLikelihood: -120567.304238
[00:29:27] Bootstrap tree #34, logLikelihood: -119594.033440
[00:30:06] Bootstrap tree #35, logLikelihood: -118513.111024
[00:30:41] Bootstrap tree #36, logLikelihood: -119469.197845
[00:31:25] Bootstrap tree #37, logLikelihood: -119602.544304
[00:32:04] Bootstrap tree #38, logLikelihood: -119272.494147
[00:32:41] Bootstrap tree #39, logLikelihood: -118728.053118
[00:33:23] Bootstrap tree #40, logLikelihood: -120194.966498
[00:34:06] Bootstrap tree #41, logLikelihood: -118522.310876
[00:34:45] Bootstrap tree #42, logLikelihood: -118522.338982
[00:35:28] Bootstrap tree #43, logLikelihood: -119164.216160
[00:36:07] Bootstrap tree #44, logLikelihood: -119038.589934
[00:36:44] Bootstrap tree #45, logLikelihood: -119507.239644
[00:37:28] Bootstrap tree #46, logLikelihood: -118983.470736
[00:38:04] Bootstrap tree #47, logLikelihood: -120314.644658
[00:38:42] Bootstrap tree #48, logLikelihood: -120012.716198
[00:39:17] Bootstrap tree #49, logLikelihood: -119701.763117
[00:39:57] Bootstrap tree #50, logLikelihood: -119840.139454
[00:40:32] Bootstrap tree #51, logLikelihood: -120137.057321
[00:41:11] Bootstrap tree #52, logLikelihood: -119674.351618
[00:41:49] Bootstrap tree #53, logLikelihood: -119078.499014
[00:42:27] Bootstrap tree #54, logLikelihood: -119235.729952
[00:43:10] Bootstrap tree #55, logLikelihood: -119242.029434
[00:43:55] Bootstrap tree #56, logLikelihood: -118518.712380
[00:44:39] Bootstrap tree #57, logLikelihood: -119107.011423
[00:45:18] Bootstrap tree #58, logLikelihood: -118848.898704
[00:46:00] Bootstrap tree #59, logLikelihood: -120588.655800
[00:46:37] Bootstrap tree #60, logLikelihood: -119724.850175
[00:47:22] Bootstrap tree #61, logLikelihood: -119824.182395
[00:47:56] Bootstrap tree #62, logLikelihood: -119673.045986
[00:48:38] Bootstrap tree #63, logLikelihood: -118245.490051
[00:49:31] Bootstrap tree #64, logLikelihood: -118389.316112
[00:50:09] Bootstrap tree #65, logLikelihood: -119742.823889
[00:50:44] Bootstrap tree #66, logLikelihood: -119687.549208
[00:51:25] Bootstrap tree #67, logLikelihood: -118897.692561
[00:52:03] Bootstrap tree #68, logLikelihood: -118313.258150
[00:52:41] Bootstrap tree #69, logLikelihood: -118601.014341
[00:53:20] Bootstrap tree #70, logLikelihood: -118644.719423
[00:53:57] Bootstrap tree #71, logLikelihood: -118346.229249
[00:54:37] Bootstrap tree #72, logLikelihood: -119630.261717
[00:55:21] Bootstrap tree #73, logLikelihood: -117861.148456
[00:55:57] Bootstrap tree #74, logLikelihood: -118334.695875
[00:56:35] Bootstrap tree #75, logLikelihood: -119757.260260
[00:57:21] Bootstrap tree #76, logLikelihood: -118656.727456
[00:58:12] Bootstrap tree #77, logLikelihood: -118929.185157
[00:58:55] Bootstrap tree #78, logLikelihood: -118938.948672
[00:59:32] Bootstrap tree #79, logLikelihood: -118829.887777
[01:00:16] Bootstrap tree #80, logLikelihood: -118646.425690
[01:00:55] Bootstrap tree #81, logLikelihood: -117803.989018
[01:01:36] Bootstrap tree #82, logLikelihood: -118855.437151
[01:02:13] Bootstrap tree #83, logLikelihood: -118745.564995
[01:02:56] Bootstrap tree #84, logLikelihood: -119169.236268
[01:03:42] Bootstrap tree #85, logLikelihood: -119492.426627
[01:04:25] Bootstrap tree #86, logLikelihood: -119216.865382
[01:04:59] Bootstrap tree #87, logLikelihood: -118465.579934
[01:05:43] Bootstrap tree #88, logLikelihood: -119905.619552
[01:06:20] Bootstrap tree #89, logLikelihood: -119305.648544
[01:07:06] Bootstrap tree #90, logLikelihood: -119485.515199
[01:07:42] Bootstrap tree #91, logLikelihood: -120155.114487
[01:08:23] Bootstrap tree #92, logLikelihood: -119524.622698
[01:09:03] Bootstrap tree #93, logLikelihood: -120011.782440
[01:09:44] Bootstrap tree #94, logLikelihood: -119389.492470
[01:10:28] Bootstrap tree #95, logLikelihood: -119045.508555
[01:11:03] Bootstrap tree #96, logLikelihood: -118640.599480
[01:11:42] Bootstrap tree #97, logLikelihood: -119459.173657
[01:12:21] Bootstrap tree #98, logLikelihood: -118536.676321
[01:12:56] Bootstrap tree #99, logLikelihood: -119049.074088
[01:13:43] Bootstrap tree #100, logLikelihood: -119240.032003

Optimized model parameters:

   Partition 0: noname
   Rate heterogeneity: GAMMA (4 cats, mean),  alpha: 1.703084 (ML),  weights&rates: (0.250000,0.255060) (0.250000,0.619205) (0.250000,1.060414) (0.250000,2.065321) 
   Base frequencies (ML): 0.337224 0.204930 0.206976 0.250870 
   Substitution rates (ML): 1.224410 4.223066 0.679957 1.245142 3.868459 1.000000 

Final LogLikelihood: -119188.665729

All ML trees saved to: /mnt/lustre/scratch/home/uvi/be/avs/cancer_genes_selection/genes/BRCA2/tree/BRCA2_trimmed.raxml.mlTrees
Best ML tree saved to: /mnt/lustre/scratch/home/uvi/be/avs/cancer_genes_selection/genes/BRCA2/tree/BRCA2_trimmed.raxml.bestTree
Best ML tree with bootstrap support values saved to: /mnt/lustre/scratch/home/uvi/be/avs/cancer_genes_selection/genes/BRCA2/tree/BRCA2_trimmed.raxml.support
Optimized model saved to: /mnt/lustre/scratch/home/uvi/be/avs/cancer_genes_selection/genes/BRCA2/tree/BRCA2_trimmed.raxml.bestModel
Bootstrap trees saved to: /mnt/lustre/scratch/home/uvi/be/avs/cancer_genes_selection/genes/BRCA2/tree/BRCA2_trimmed.raxml.bootstraps

Execution log saved to: /mnt/lustre/scratch/home/uvi/be/avs/cancer_genes_selection/genes/BRCA2/tree/BRCA2_trimmed.raxml.log

Analysis started: 26-Mar-2018 19:54:20 / finished: 26-Mar-2018 21:08:07

Elapsed time: 4426.850 seconds

