
RAxML-NG v. 0.5.1b BETA released on 01.12.2017 by The Exelixis Lab.
Authors: Alexey Kozlov, Alexandros Stamatakis, Diego Darriba, Tomas Flouri, Benoit Morel.
Latest version: https://github.com/amkozlov/raxml-ng
Questions/problems/suggestions? Please visit: https://groups.google.com/forum/#!forum/raxml

WARNING: This is a BETA release, please use at your own risk!

RAxML-NG was called as follows:

raxml-ng-mpi --all --msa /mnt/lustre/scratch/home/uvi/be/avs/cancer_genes_selection/genes/STAT5B/align/STAT5B_align_DNA_trimmed2.fasta --model GTR+G -tree pars{10} --bs-trees 100 --prefix /mnt/lustre/scratch/home/uvi/be/avs/cancer_genes_selection/genes/STAT5B/tree/STAT5B_trimmed --redo

Analysis options:
  run mode: ML tree search + bootstrapping
  start tree(s): parsimony (10)
  random seed: 1522105827
  tip-inner: ON
  pattern compression: ON
  per-rate scalers: OFF
  site repeats: OFF
  branch lengths: ML estimate (linked)
  SIMD kernels: AVX2
  parallelization: NONE/sequential

WARNING: Running in REDO mode: existing checkpoints are ignored, and all result files will be overwritten!

[00:00:00] Reading alignment from file: /mnt/lustre/scratch/home/uvi/be/avs/cancer_genes_selection/genes/STAT5B/align/STAT5B_align_DNA_trimmed2.fasta
[00:00:01] Loaded alignment with 22 taxa and 2364 sites

Alignment comprises 1 partitions and 968 patterns

Partition 0: noname
Model: GTR+FO+G4m
Alignment sites / patterns: 2364 / 968
Gaps: 3.43 %
Invariant sites: 49.28 %


[00:00:01] Generating parsimony starting tree(s) with 22 taxa
[00:00:01] Data distribution: partitions/thread: 1-1, patterns/thread: 968-968

Starting ML tree search with 10 distinct starting trees

[00:00:10] ML tree search #1, logLikelihood: -16280.278751
[00:00:19] ML tree search #2, logLikelihood: -16280.278897
[00:00:28] ML tree search #3, logLikelihood: -16280.278759
[00:00:35] ML tree search #4, logLikelihood: -16280.278726
[00:00:44] ML tree search #5, logLikelihood: -16280.279124
[00:00:54] ML tree search #6, logLikelihood: -16280.279692
[00:01:02] ML tree search #7, logLikelihood: -16280.279300
[00:01:11] ML tree search #8, logLikelihood: -16280.278525
[00:01:22] ML tree search #9, logLikelihood: -16280.279176
[00:01:31] ML tree search #10, logLikelihood: -16280.279281

[00:01:31] ML tree search completed, best tree logLH: -16280.278525

[00:01:31] Starting bootstrapping analysis with 100 replicates.

[00:01:42] Bootstrap tree #1, logLikelihood: -16000.885436
[00:01:51] Bootstrap tree #2, logLikelihood: -16334.846783
[00:02:00] Bootstrap tree #3, logLikelihood: -16363.199212
[00:02:10] Bootstrap tree #4, logLikelihood: -16412.111871
[00:02:18] Bootstrap tree #5, logLikelihood: -16447.619277
[00:02:29] Bootstrap tree #6, logLikelihood: -16232.684714
[00:02:37] Bootstrap tree #7, logLikelihood: -16336.979521
[00:02:47] Bootstrap tree #8, logLikelihood: -16359.804272
[00:02:58] Bootstrap tree #9, logLikelihood: -16482.694012
[00:03:07] Bootstrap tree #10, logLikelihood: -16811.042175
[00:03:17] Bootstrap tree #11, logLikelihood: -15651.870983
[00:03:25] Bootstrap tree #12, logLikelihood: -16227.811505
[00:03:35] Bootstrap tree #13, logLikelihood: -16008.937174
[00:03:50] Bootstrap tree #14, logLikelihood: -15928.326807
[00:04:00] Bootstrap tree #15, logLikelihood: -16239.171428
[00:04:13] Bootstrap tree #16, logLikelihood: -16441.126547
[00:04:22] Bootstrap tree #17, logLikelihood: -16130.632829
[00:04:32] Bootstrap tree #18, logLikelihood: -16527.129088
[00:04:41] Bootstrap tree #19, logLikelihood: -16457.008570
[00:04:50] Bootstrap tree #20, logLikelihood: -16754.759524
[00:04:59] Bootstrap tree #21, logLikelihood: -16752.136437
[00:05:11] Bootstrap tree #22, logLikelihood: -15805.429299
[00:05:21] Bootstrap tree #23, logLikelihood: -16531.353062
[00:05:30] Bootstrap tree #24, logLikelihood: -16120.114648
[00:05:39] Bootstrap tree #25, logLikelihood: -15979.104106
[00:05:51] Bootstrap tree #26, logLikelihood: -16635.767672
[00:06:01] Bootstrap tree #27, logLikelihood: -16038.045370
[00:06:10] Bootstrap tree #28, logLikelihood: -16382.906599
[00:06:20] Bootstrap tree #29, logLikelihood: -15872.785146
[00:06:29] Bootstrap tree #30, logLikelihood: -16376.451607
[00:06:39] Bootstrap tree #31, logLikelihood: -16275.123743
[00:06:49] Bootstrap tree #32, logLikelihood: -16617.100744
[00:06:59] Bootstrap tree #33, logLikelihood: -16085.078356
[00:07:08] Bootstrap tree #34, logLikelihood: -16369.966856
[00:07:18] Bootstrap tree #35, logLikelihood: -16335.350115
[00:07:28] Bootstrap tree #36, logLikelihood: -16280.108947
[00:07:37] Bootstrap tree #37, logLikelihood: -16344.447224
[00:07:47] Bootstrap tree #38, logLikelihood: -16092.400496
[00:07:58] Bootstrap tree #39, logLikelihood: -16213.045211
[00:08:08] Bootstrap tree #40, logLikelihood: -16221.079234
[00:08:20] Bootstrap tree #41, logLikelihood: -16420.149066
[00:08:30] Bootstrap tree #42, logLikelihood: -16113.171965
[00:08:39] Bootstrap tree #43, logLikelihood: -16509.901867
[00:08:49] Bootstrap tree #44, logLikelihood: -16286.735567
[00:09:00] Bootstrap tree #45, logLikelihood: -16690.455010
[00:09:10] Bootstrap tree #46, logLikelihood: -16347.666848
[00:09:20] Bootstrap tree #47, logLikelihood: -16433.136043
[00:09:32] Bootstrap tree #48, logLikelihood: -16283.549050
[00:09:42] Bootstrap tree #49, logLikelihood: -16296.787654
[00:09:50] Bootstrap tree #50, logLikelihood: -16315.388869
[00:09:59] Bootstrap tree #51, logLikelihood: -16839.686099
[00:10:08] Bootstrap tree #52, logLikelihood: -16537.354686
[00:10:19] Bootstrap tree #53, logLikelihood: -16364.906535
[00:10:29] Bootstrap tree #54, logLikelihood: -16167.808773
[00:10:39] Bootstrap tree #55, logLikelihood: -15906.096523
[00:10:47] Bootstrap tree #56, logLikelihood: -15936.857267
[00:10:59] Bootstrap tree #57, logLikelihood: -16228.888769
[00:11:08] Bootstrap tree #58, logLikelihood: -16304.884226
[00:11:17] Bootstrap tree #59, logLikelihood: -15911.766401
[00:11:28] Bootstrap tree #60, logLikelihood: -16195.314624
[00:11:40] Bootstrap tree #61, logLikelihood: -16000.687889
[00:11:49] Bootstrap tree #62, logLikelihood: -16013.308491
[00:11:58] Bootstrap tree #63, logLikelihood: -16302.278189
[00:12:07] Bootstrap tree #64, logLikelihood: -16632.474743
[00:12:17] Bootstrap tree #65, logLikelihood: -16005.695015
[00:12:25] Bootstrap tree #66, logLikelihood: -16020.404313
[00:12:35] Bootstrap tree #67, logLikelihood: -15979.851425
[00:12:44] Bootstrap tree #68, logLikelihood: -16217.739207
[00:12:54] Bootstrap tree #69, logLikelihood: -15986.728417
[00:13:02] Bootstrap tree #70, logLikelihood: -16254.210064
[00:13:12] Bootstrap tree #71, logLikelihood: -16518.339147
[00:13:21] Bootstrap tree #72, logLikelihood: -16087.258913
[00:13:30] Bootstrap tree #73, logLikelihood: -16148.685626
[00:13:39] Bootstrap tree #74, logLikelihood: -16698.104692
[00:13:49] Bootstrap tree #75, logLikelihood: -15769.053546
[00:13:58] Bootstrap tree #76, logLikelihood: -16494.420165
[00:14:07] Bootstrap tree #77, logLikelihood: -16428.887154
[00:14:15] Bootstrap tree #78, logLikelihood: -16217.230442
[00:14:27] Bootstrap tree #79, logLikelihood: -16298.638874
[00:14:39] Bootstrap tree #80, logLikelihood: -16093.736182
[00:14:53] Bootstrap tree #81, logLikelihood: -16008.701850
[00:15:02] Bootstrap tree #82, logLikelihood: -16259.013505
[00:15:11] Bootstrap tree #83, logLikelihood: -16255.320162
[00:15:22] Bootstrap tree #84, logLikelihood: -15741.634196
[00:15:32] Bootstrap tree #85, logLikelihood: -15884.845122
[00:15:42] Bootstrap tree #86, logLikelihood: -17111.492022
[00:15:51] Bootstrap tree #87, logLikelihood: -15866.392868
[00:15:58] Bootstrap tree #88, logLikelihood: -16467.162520
[00:16:11] Bootstrap tree #89, logLikelihood: -16044.328406
[00:16:20] Bootstrap tree #90, logLikelihood: -16254.973554
[00:16:29] Bootstrap tree #91, logLikelihood: -16822.462681
[00:16:37] Bootstrap tree #92, logLikelihood: -15871.148200
[00:16:49] Bootstrap tree #93, logLikelihood: -16578.734951
[00:16:58] Bootstrap tree #94, logLikelihood: -16611.478973
[00:17:09] Bootstrap tree #95, logLikelihood: -16190.598923
[00:17:18] Bootstrap tree #96, logLikelihood: -15862.875423
[00:17:27] Bootstrap tree #97, logLikelihood: -15881.964963
[00:17:36] Bootstrap tree #98, logLikelihood: -16324.826642
[00:17:45] Bootstrap tree #99, logLikelihood: -15773.018019
[00:17:55] Bootstrap tree #100, logLikelihood: -15812.813287

Optimized model parameters:

   Partition 0: noname
   Rate heterogeneity: GAMMA (4 cats, mean),  alpha: 0.420279 (ML),  weights&rates: (0.250000,0.019745) (0.250000,0.196735) (0.250000,0.752324) (0.250000,3.031196) 
   Base frequencies (ML): 0.235559 0.294226 0.290432 0.179784 
   Substitution rates (ML): 1.087324 3.109654 0.681246 1.129072 4.639509 1.000000 

Final LogLikelihood: -16280.278525

All ML trees saved to: /mnt/lustre/scratch/home/uvi/be/avs/cancer_genes_selection/genes/STAT5B/tree/STAT5B_trimmed.raxml.mlTrees
Best ML tree saved to: /mnt/lustre/scratch/home/uvi/be/avs/cancer_genes_selection/genes/STAT5B/tree/STAT5B_trimmed.raxml.bestTree
Best ML tree with bootstrap support values saved to: /mnt/lustre/scratch/home/uvi/be/avs/cancer_genes_selection/genes/STAT5B/tree/STAT5B_trimmed.raxml.support
Optimized model saved to: /mnt/lustre/scratch/home/uvi/be/avs/cancer_genes_selection/genes/STAT5B/tree/STAT5B_trimmed.raxml.bestModel
Bootstrap trees saved to: /mnt/lustre/scratch/home/uvi/be/avs/cancer_genes_selection/genes/STAT5B/tree/STAT5B_trimmed.raxml.bootstraps

Execution log saved to: /mnt/lustre/scratch/home/uvi/be/avs/cancer_genes_selection/genes/STAT5B/tree/STAT5B_trimmed.raxml.log

Analysis started: 27-Mar-2018 01:10:27 / finished: 27-Mar-2018 01:28:26

Elapsed time: 1079.149 seconds

