
RAxML-NG v. 0.5.1b BETA released on 01.12.2017 by The Exelixis Lab.
Authors: Alexey Kozlov, Alexandros Stamatakis, Diego Darriba, Tomas Flouri, Benoit Morel.
Latest version: https://github.com/amkozlov/raxml-ng
Questions/problems/suggestions? Please visit: https://groups.google.com/forum/#!forum/raxml

WARNING: This is a BETA release, please use at your own risk!

RAxML-NG was called as follows:

raxml-ng-mpi --all --msa /mnt/lustre/scratch/home/uvi/be/avs/cancer_genes_selection/genes/ERBB3/align/ERBB3_align_DNA_trimmed2.fasta --model GTR+G -tree pars{10} --bs-trees 100 --prefix /mnt/lustre/scratch/home/uvi/be/avs/cancer_genes_selection/genes/ERBB3/tree/ERBB3_trimmed --redo

Analysis options:
  run mode: ML tree search + bootstrapping
  start tree(s): parsimony (10)
  random seed: 1522091156
  tip-inner: ON
  pattern compression: ON
  per-rate scalers: OFF
  site repeats: OFF
  branch lengths: ML estimate (linked)
  SIMD kernels: AVX2
  parallelization: NONE/sequential

WARNING: Running in REDO mode: existing checkpoints are ignored, and all result files will be overwritten!

[00:00:00] Reading alignment from file: /mnt/lustre/scratch/home/uvi/be/avs/cancer_genes_selection/genes/ERBB3/align/ERBB3_align_DNA_trimmed2.fasta
[00:00:00] Loaded alignment with 24 taxa and 4026 sites

Alignment comprises 1 partitions and 1644 patterns

Partition 0: noname
Model: GTR+FO+G4m
Alignment sites / patterns: 4026 / 1644
Gaps: 3.38 %
Invariant sites: 54.47 %


[00:00:01] Generating parsimony starting tree(s) with 24 taxa
[00:00:01] Data distribution: partitions/thread: 1-1, patterns/thread: 1644-1644

Starting ML tree search with 10 distinct starting trees

[00:00:12] ML tree search #1, logLikelihood: -26846.089580
[00:00:25] ML tree search #2, logLikelihood: -26846.089545
[00:00:37] ML tree search #3, logLikelihood: -26846.089308
[00:00:50] ML tree search #4, logLikelihood: -26846.089603
[00:01:02] ML tree search #5, logLikelihood: -26846.089450
[00:01:16] ML tree search #6, logLikelihood: -26846.089095
[00:01:27] ML tree search #7, logLikelihood: -26846.089299
[00:01:38] ML tree search #8, logLikelihood: -26846.089165
[00:01:50] ML tree search #9, logLikelihood: -26846.089123
[00:02:00] ML tree search #10, logLikelihood: -26846.089234

[00:02:01] ML tree search completed, best tree logLH: -26846.089095

[00:02:01] Starting bootstrapping analysis with 100 replicates.

[00:02:13] Bootstrap tree #1, logLikelihood: -27573.697958
[00:02:26] Bootstrap tree #2, logLikelihood: -26064.847689
[00:02:38] Bootstrap tree #3, logLikelihood: -26782.394375
[00:02:50] Bootstrap tree #4, logLikelihood: -26632.189918
[00:03:03] Bootstrap tree #5, logLikelihood: -27761.765819
[00:03:16] Bootstrap tree #6, logLikelihood: -26387.952580
[00:03:29] Bootstrap tree #7, logLikelihood: -26233.438907
[00:03:40] Bootstrap tree #8, logLikelihood: -26194.001450
[00:03:52] Bootstrap tree #9, logLikelihood: -27295.311586
[00:04:02] Bootstrap tree #10, logLikelihood: -26413.918814
[00:04:13] Bootstrap tree #11, logLikelihood: -26464.146372
[00:04:25] Bootstrap tree #12, logLikelihood: -26795.379099
[00:04:39] Bootstrap tree #13, logLikelihood: -26598.933832
[00:04:54] Bootstrap tree #14, logLikelihood: -26873.890657
[00:05:05] Bootstrap tree #15, logLikelihood: -26206.828209
[00:05:17] Bootstrap tree #16, logLikelihood: -27256.292980
[00:05:29] Bootstrap tree #17, logLikelihood: -26334.879183
[00:05:41] Bootstrap tree #18, logLikelihood: -27325.292587
[00:05:53] Bootstrap tree #19, logLikelihood: -27430.186807
[00:06:09] Bootstrap tree #20, logLikelihood: -26195.163162
[00:06:23] Bootstrap tree #21, logLikelihood: -26561.522264
[00:06:37] Bootstrap tree #22, logLikelihood: -26839.133861
[00:06:49] Bootstrap tree #23, logLikelihood: -26609.196806
[00:07:06] Bootstrap tree #24, logLikelihood: -26936.694173
[00:07:21] Bootstrap tree #25, logLikelihood: -26934.007987
[00:07:32] Bootstrap tree #26, logLikelihood: -26865.484999
[00:07:47] Bootstrap tree #27, logLikelihood: -26285.049201
[00:08:01] Bootstrap tree #28, logLikelihood: -27175.153199
[00:08:15] Bootstrap tree #29, logLikelihood: -26849.588341
[00:08:29] Bootstrap tree #30, logLikelihood: -26710.710347
[00:08:39] Bootstrap tree #31, logLikelihood: -26220.370200
[00:08:51] Bootstrap tree #32, logLikelihood: -26814.390507
[00:09:03] Bootstrap tree #33, logLikelihood: -27188.187865
[00:09:16] Bootstrap tree #34, logLikelihood: -26781.866237
[00:09:31] Bootstrap tree #35, logLikelihood: -27010.778485
[00:09:42] Bootstrap tree #36, logLikelihood: -26871.149630
[00:09:51] Bootstrap tree #37, logLikelihood: -27028.059877
[00:10:02] Bootstrap tree #38, logLikelihood: -26823.604473
[00:10:17] Bootstrap tree #39, logLikelihood: -26571.026803
[00:10:28] Bootstrap tree #40, logLikelihood: -26418.926862
[00:10:40] Bootstrap tree #41, logLikelihood: -26545.216683
[00:10:52] Bootstrap tree #42, logLikelihood: -26853.335388
[00:11:06] Bootstrap tree #43, logLikelihood: -26875.322868
[00:11:22] Bootstrap tree #44, logLikelihood: -26617.833064
[00:11:35] Bootstrap tree #45, logLikelihood: -26057.210345
[00:11:49] Bootstrap tree #46, logLikelihood: -26808.494895
[00:12:02] Bootstrap tree #47, logLikelihood: -26583.755285
[00:12:16] Bootstrap tree #48, logLikelihood: -26616.867440
[00:12:30] Bootstrap tree #49, logLikelihood: -26914.490636
[00:12:43] Bootstrap tree #50, logLikelihood: -27059.200985
[00:12:59] Bootstrap tree #51, logLikelihood: -26768.254132
[00:13:15] Bootstrap tree #52, logLikelihood: -26573.880966
[00:13:31] Bootstrap tree #53, logLikelihood: -27027.881914
[00:13:43] Bootstrap tree #54, logLikelihood: -26937.122724
[00:13:57] Bootstrap tree #55, logLikelihood: -26103.937657
[00:14:10] Bootstrap tree #56, logLikelihood: -26878.720067
[00:14:23] Bootstrap tree #57, logLikelihood: -26324.351070
[00:14:38] Bootstrap tree #58, logLikelihood: -26661.341913
[00:14:54] Bootstrap tree #59, logLikelihood: -26386.245383
[00:15:05] Bootstrap tree #60, logLikelihood: -26933.791233
[00:15:20] Bootstrap tree #61, logLikelihood: -26729.734246
[00:15:34] Bootstrap tree #62, logLikelihood: -27235.517996
[00:15:48] Bootstrap tree #63, logLikelihood: -27108.559776
[00:16:00] Bootstrap tree #64, logLikelihood: -26087.862973
[00:16:14] Bootstrap tree #65, logLikelihood: -26380.760861
[00:16:30] Bootstrap tree #66, logLikelihood: -27086.798161
[00:16:41] Bootstrap tree #67, logLikelihood: -27117.121055
[00:16:55] Bootstrap tree #68, logLikelihood: -27091.111902
[00:17:07] Bootstrap tree #69, logLikelihood: -26038.153403
[00:17:22] Bootstrap tree #70, logLikelihood: -26358.778255
[00:17:39] Bootstrap tree #71, logLikelihood: -27712.096730
[00:17:52] Bootstrap tree #72, logLikelihood: -26791.015494
[00:18:07] Bootstrap tree #73, logLikelihood: -26253.620402
[00:18:20] Bootstrap tree #74, logLikelihood: -27179.008744
[00:18:37] Bootstrap tree #75, logLikelihood: -26155.234736
[00:18:51] Bootstrap tree #76, logLikelihood: -26063.450988
[00:19:06] Bootstrap tree #77, logLikelihood: -28189.835191
[00:19:24] Bootstrap tree #78, logLikelihood: -26929.157512
[00:19:38] Bootstrap tree #79, logLikelihood: -27056.590111
[00:19:52] Bootstrap tree #80, logLikelihood: -26412.255727
[00:20:07] Bootstrap tree #81, logLikelihood: -26477.516248
[00:20:21] Bootstrap tree #82, logLikelihood: -26530.205375
[00:20:34] Bootstrap tree #83, logLikelihood: -26559.156759
[00:20:49] Bootstrap tree #84, logLikelihood: -27073.234627
[00:21:02] Bootstrap tree #85, logLikelihood: -26305.809944
[00:21:14] Bootstrap tree #86, logLikelihood: -26531.820241
[00:21:30] Bootstrap tree #87, logLikelihood: -25904.659677
[00:21:45] Bootstrap tree #88, logLikelihood: -26875.271067
[00:21:59] Bootstrap tree #89, logLikelihood: -27096.201592
[00:22:13] Bootstrap tree #90, logLikelihood: -26927.909057
[00:22:27] Bootstrap tree #91, logLikelihood: -26550.289944
[00:22:40] Bootstrap tree #92, logLikelihood: -26903.687384
[00:22:55] Bootstrap tree #93, logLikelihood: -26520.225416
[00:23:09] Bootstrap tree #94, logLikelihood: -26770.801852
[00:23:24] Bootstrap tree #95, logLikelihood: -27544.146036
[00:23:42] Bootstrap tree #96, logLikelihood: -27513.301026
[00:23:53] Bootstrap tree #97, logLikelihood: -26775.295482
[00:24:12] Bootstrap tree #98, logLikelihood: -26764.772818
[00:24:25] Bootstrap tree #99, logLikelihood: -26511.497653
[00:24:43] Bootstrap tree #100, logLikelihood: -26607.836503

Optimized model parameters:

   Partition 0: noname
   Rate heterogeneity: GAMMA (4 cats, mean),  alpha: 0.396809 (ML),  weights&rates: (0.250000,0.016257) (0.250000,0.179368) (0.250000,0.727804) (0.250000,3.076571) 
   Base frequencies (ML): 0.233869 0.272052 0.274243 0.219837 
   Substitution rates (ML): 2.408959 6.704073 1.686922 0.955347 8.071343 1.000000 

Final LogLikelihood: -26846.089095

All ML trees saved to: /mnt/lustre/scratch/home/uvi/be/avs/cancer_genes_selection/genes/ERBB3/tree/ERBB3_trimmed.raxml.mlTrees
Best ML tree saved to: /mnt/lustre/scratch/home/uvi/be/avs/cancer_genes_selection/genes/ERBB3/tree/ERBB3_trimmed.raxml.bestTree
Best ML tree with bootstrap support values saved to: /mnt/lustre/scratch/home/uvi/be/avs/cancer_genes_selection/genes/ERBB3/tree/ERBB3_trimmed.raxml.support
Optimized model saved to: /mnt/lustre/scratch/home/uvi/be/avs/cancer_genes_selection/genes/ERBB3/tree/ERBB3_trimmed.raxml.bestModel
Bootstrap trees saved to: /mnt/lustre/scratch/home/uvi/be/avs/cancer_genes_selection/genes/ERBB3/tree/ERBB3_trimmed.raxml.bootstraps

Execution log saved to: /mnt/lustre/scratch/home/uvi/be/avs/cancer_genes_selection/genes/ERBB3/tree/ERBB3_trimmed.raxml.log

Analysis started: 26-Mar-2018 21:05:55 / finished: 26-Mar-2018 21:30:43

Elapsed time: 1487.441 seconds

