
RAxML-NG v. 0.5.1b BETA released on 01.12.2017 by The Exelixis Lab.
Authors: Alexey Kozlov, Alexandros Stamatakis, Diego Darriba, Tomas Flouri, Benoit Morel.
Latest version: https://github.com/amkozlov/raxml-ng
Questions/problems/suggestions? Please visit: https://groups.google.com/forum/#!forum/raxml

WARNING: This is a BETA release, please use at your own risk!

RAxML-NG was called as follows:

raxml-ng-mpi --all --msa /mnt/lustre/scratch/home/uvi/be/avs/cancer_genes_selection/genes/NFATC2/align/NFATC2_align_DNA_trimmed2.fasta --model GTR+G -tree pars{10} --bs-trees 100 --prefix /mnt/lustre/scratch/home/uvi/be/avs/cancer_genes_selection/genes/NFATC2/tree/NFATC2_trimmed --redo

Analysis options:
  run mode: ML tree search + bootstrapping
  start tree(s): parsimony (10)
  random seed: 1522099164
  tip-inner: ON
  pattern compression: ON
  per-rate scalers: OFF
  site repeats: OFF
  branch lengths: ML estimate (linked)
  SIMD kernels: AVX2
  parallelization: NONE/sequential

WARNING: Running in REDO mode: existing checkpoints are ignored, and all result files will be overwritten!

[00:00:00] Reading alignment from file: /mnt/lustre/scratch/home/uvi/be/avs/cancer_genes_selection/genes/NFATC2/align/NFATC2_align_DNA_trimmed2.fasta
[00:00:00] Loaded alignment with 22 taxa and 2778 sites

Alignment comprises 1 partitions and 1192 patterns

Partition 0: noname
Model: GTR+FO+G4m
Alignment sites / patterns: 2778 / 1192
Gaps: 3.04 %
Invariant sites: 48.52 %


[00:00:01] Generating parsimony starting tree(s) with 22 taxa
[00:00:01] Data distribution: partitions/thread: 1-1, patterns/thread: 1192-1192

Starting ML tree search with 10 distinct starting trees

[00:00:11] ML tree search #1, logLikelihood: -20751.227275
[00:00:22] ML tree search #2, logLikelihood: -20750.863412
[00:00:33] ML tree search #3, logLikelihood: -20751.222554
[00:00:43] ML tree search #4, logLikelihood: -20750.860210
[00:00:54] ML tree search #5, logLikelihood: -20750.860036
[00:01:05] ML tree search #6, logLikelihood: -20750.860228
[00:01:13] ML tree search #7, logLikelihood: -20751.220722
[00:01:23] ML tree search #8, logLikelihood: -20750.859910
[00:01:34] ML tree search #9, logLikelihood: -20750.862195
[00:01:46] ML tree search #10, logLikelihood: -20750.862736

[00:01:46] ML tree search completed, best tree logLH: -20750.859910

[00:01:46] Starting bootstrapping analysis with 100 replicates.

[00:01:55] Bootstrap tree #1, logLikelihood: -21138.660322
[00:02:03] Bootstrap tree #2, logLikelihood: -20849.301863
[00:02:12] Bootstrap tree #3, logLikelihood: -20550.152293
[00:02:21] Bootstrap tree #4, logLikelihood: -20690.918844
[00:02:30] Bootstrap tree #5, logLikelihood: -20207.312408
[00:02:37] Bootstrap tree #6, logLikelihood: -21157.020209
[00:02:46] Bootstrap tree #7, logLikelihood: -20985.073397
[00:02:54] Bootstrap tree #8, logLikelihood: -20595.653038
[00:03:03] Bootstrap tree #9, logLikelihood: -20713.778833
[00:03:15] Bootstrap tree #10, logLikelihood: -20321.199361
[00:03:26] Bootstrap tree #11, logLikelihood: -20537.649545
[00:03:35] Bootstrap tree #12, logLikelihood: -20370.029853
[00:03:44] Bootstrap tree #13, logLikelihood: -21189.851180
[00:03:57] Bootstrap tree #14, logLikelihood: -20979.508000
[00:04:09] Bootstrap tree #15, logLikelihood: -20791.992679
[00:04:19] Bootstrap tree #16, logLikelihood: -20901.363522
[00:04:30] Bootstrap tree #17, logLikelihood: -20371.274270
[00:04:41] Bootstrap tree #18, logLikelihood: -21003.615439
[00:04:54] Bootstrap tree #19, logLikelihood: -20229.373967
[00:05:06] Bootstrap tree #20, logLikelihood: -20774.794178
[00:05:18] Bootstrap tree #21, logLikelihood: -20096.406446
[00:05:29] Bootstrap tree #22, logLikelihood: -20793.821698
[00:05:40] Bootstrap tree #23, logLikelihood: -21442.983735
[00:05:55] Bootstrap tree #24, logLikelihood: -21038.490585
[00:06:06] Bootstrap tree #25, logLikelihood: -20910.269764
[00:06:20] Bootstrap tree #26, logLikelihood: -20826.616743
[00:06:33] Bootstrap tree #27, logLikelihood: -20446.445657
[00:06:45] Bootstrap tree #28, logLikelihood: -20057.883157
[00:06:58] Bootstrap tree #29, logLikelihood: -21183.005277
[00:07:08] Bootstrap tree #30, logLikelihood: -20750.430368
[00:07:21] Bootstrap tree #31, logLikelihood: -20956.903474
[00:07:32] Bootstrap tree #32, logLikelihood: -20995.016571
[00:07:42] Bootstrap tree #33, logLikelihood: -21016.226012
[00:07:53] Bootstrap tree #34, logLikelihood: -20058.274054
[00:08:02] Bootstrap tree #35, logLikelihood: -20252.401378
[00:08:11] Bootstrap tree #36, logLikelihood: -21262.522652
[00:08:22] Bootstrap tree #37, logLikelihood: -20309.717717
[00:08:33] Bootstrap tree #38, logLikelihood: -21082.051999
[00:08:44] Bootstrap tree #39, logLikelihood: -20656.581363
[00:08:55] Bootstrap tree #40, logLikelihood: -21013.803932
[00:09:10] Bootstrap tree #41, logLikelihood: -20840.168180
[00:09:20] Bootstrap tree #42, logLikelihood: -20452.875381
[00:09:32] Bootstrap tree #43, logLikelihood: -20294.513501
[00:09:43] Bootstrap tree #44, logLikelihood: -20778.722835
[00:09:54] Bootstrap tree #45, logLikelihood: -20439.156215
[00:10:07] Bootstrap tree #46, logLikelihood: -20210.805331
[00:10:18] Bootstrap tree #47, logLikelihood: -21148.780156
[00:10:29] Bootstrap tree #48, logLikelihood: -20228.476761
[00:10:40] Bootstrap tree #49, logLikelihood: -20863.582485
[00:10:51] Bootstrap tree #50, logLikelihood: -20876.042415
[00:11:03] Bootstrap tree #51, logLikelihood: -21017.321412
[00:11:16] Bootstrap tree #52, logLikelihood: -21465.043778
[00:11:30] Bootstrap tree #53, logLikelihood: -21054.955633
[00:11:47] Bootstrap tree #54, logLikelihood: -20292.616312
[00:12:01] Bootstrap tree #55, logLikelihood: -21733.068805
[00:12:13] Bootstrap tree #56, logLikelihood: -20536.453632
[00:12:27] Bootstrap tree #57, logLikelihood: -20656.544484
[00:12:43] Bootstrap tree #58, logLikelihood: -20545.989225
[00:12:54] Bootstrap tree #59, logLikelihood: -20976.579362
[00:13:05] Bootstrap tree #60, logLikelihood: -20751.317589
[00:13:15] Bootstrap tree #61, logLikelihood: -20574.394151
[00:13:25] Bootstrap tree #62, logLikelihood: -20884.801194
[00:13:36] Bootstrap tree #63, logLikelihood: -20188.779824
[00:13:48] Bootstrap tree #64, logLikelihood: -20785.380608
[00:14:03] Bootstrap tree #65, logLikelihood: -20696.208318
[00:14:14] Bootstrap tree #66, logLikelihood: -20706.743001
[00:14:26] Bootstrap tree #67, logLikelihood: -20561.883278
[00:14:38] Bootstrap tree #68, logLikelihood: -20936.461328
[00:14:48] Bootstrap tree #69, logLikelihood: -20742.053620
[00:15:03] Bootstrap tree #70, logLikelihood: -20963.012406
[00:15:15] Bootstrap tree #71, logLikelihood: -21347.474215
[00:15:26] Bootstrap tree #72, logLikelihood: -20702.964219
[00:15:38] Bootstrap tree #73, logLikelihood: -20628.479294
[00:15:52] Bootstrap tree #74, logLikelihood: -20415.762190
[00:16:07] Bootstrap tree #75, logLikelihood: -21210.486218
[00:16:19] Bootstrap tree #76, logLikelihood: -20987.030300
[00:16:30] Bootstrap tree #77, logLikelihood: -21095.172052
[00:16:42] Bootstrap tree #78, logLikelihood: -20501.761008
[00:16:53] Bootstrap tree #79, logLikelihood: -20946.143302
[00:17:06] Bootstrap tree #80, logLikelihood: -20455.994771
[00:17:20] Bootstrap tree #81, logLikelihood: -20381.576500
[00:17:29] Bootstrap tree #82, logLikelihood: -20379.114604
[00:17:45] Bootstrap tree #83, logLikelihood: -21408.497896
[00:17:56] Bootstrap tree #84, logLikelihood: -19960.841439
[00:18:08] Bootstrap tree #85, logLikelihood: -20478.421787
[00:18:21] Bootstrap tree #86, logLikelihood: -20815.753372
[00:18:32] Bootstrap tree #87, logLikelihood: -21045.259979
[00:18:45] Bootstrap tree #88, logLikelihood: -20768.407037
[00:18:55] Bootstrap tree #89, logLikelihood: -21268.108686
[00:19:07] Bootstrap tree #90, logLikelihood: -21240.109039
[00:19:17] Bootstrap tree #91, logLikelihood: -21082.033462
[00:19:33] Bootstrap tree #92, logLikelihood: -20326.395575
[00:19:50] Bootstrap tree #93, logLikelihood: -20477.981745
[00:20:02] Bootstrap tree #94, logLikelihood: -21154.486049
[00:20:18] Bootstrap tree #95, logLikelihood: -20717.020748
[00:20:29] Bootstrap tree #96, logLikelihood: -20017.928824
[00:20:39] Bootstrap tree #97, logLikelihood: -19963.154336
[00:20:51] Bootstrap tree #98, logLikelihood: -20842.072351
[00:21:02] Bootstrap tree #99, logLikelihood: -21337.950796
[00:21:15] Bootstrap tree #100, logLikelihood: -20402.308057

Optimized model parameters:

   Partition 0: noname
   Rate heterogeneity: GAMMA (4 cats, mean),  alpha: 0.390825 (ML),  weights&rates: (0.250000,0.015413) (0.250000,0.174870) (0.250000,0.721159) (0.250000,3.088558) 
   Base frequencies (ML): 0.218923 0.345167 0.268765 0.167145 
   Substitution rates (ML): 0.953817 2.964677 0.772606 0.878914 3.615045 1.000000 

Final LogLikelihood: -20750.859910

All ML trees saved to: /mnt/lustre/scratch/home/uvi/be/avs/cancer_genes_selection/genes/NFATC2/tree/NFATC2_trimmed.raxml.mlTrees
Best ML tree saved to: /mnt/lustre/scratch/home/uvi/be/avs/cancer_genes_selection/genes/NFATC2/tree/NFATC2_trimmed.raxml.bestTree
Best ML tree with bootstrap support values saved to: /mnt/lustre/scratch/home/uvi/be/avs/cancer_genes_selection/genes/NFATC2/tree/NFATC2_trimmed.raxml.support
Optimized model saved to: /mnt/lustre/scratch/home/uvi/be/avs/cancer_genes_selection/genes/NFATC2/tree/NFATC2_trimmed.raxml.bestModel
Bootstrap trees saved to: /mnt/lustre/scratch/home/uvi/be/avs/cancer_genes_selection/genes/NFATC2/tree/NFATC2_trimmed.raxml.bootstraps

Execution log saved to: /mnt/lustre/scratch/home/uvi/be/avs/cancer_genes_selection/genes/NFATC2/tree/NFATC2_trimmed.raxml.log

Analysis started: 26-Mar-2018 23:19:24 / finished: 26-Mar-2018 23:40:43

Elapsed time: 1279.015 seconds

