
RAxML-NG v. 0.5.1b BETA released on 01.12.2017 by The Exelixis Lab.
Authors: Alexey Kozlov, Alexandros Stamatakis, Diego Darriba, Tomas Flouri, Benoit Morel.
Latest version: https://github.com/amkozlov/raxml-ng
Questions/problems/suggestions? Please visit: https://groups.google.com/forum/#!forum/raxml

WARNING: This is a BETA release, please use at your own risk!

RAxML-NG was called as follows:

raxml-ng-mpi --all --msa /mnt/lustre/scratch/home/uvi/be/avs/cancer_genes_selection/genes/VHL/align/VHL_align_DNA_trimmed2.fasta --model GTR+G -tree pars{10} --bs-trees 100 --prefix /mnt/lustre/scratch/home/uvi/be/avs/cancer_genes_selection/genes/VHL/tree/VHL_trimmed --redo

Analysis options:
  run mode: ML tree search + bootstrapping
  start tree(s): parsimony (10)
  random seed: 1522107899
  tip-inner: ON
  pattern compression: ON
  per-rate scalers: OFF
  site repeats: OFF
  branch lengths: ML estimate (linked)
  SIMD kernels: AVX2
  parallelization: NONE/sequential

WARNING: Running in REDO mode: existing checkpoints are ignored, and all result files will be overwritten!

[00:00:00] Reading alignment from file: /mnt/lustre/scratch/home/uvi/be/avs/cancer_genes_selection/genes/VHL/align/VHL_align_DNA_trimmed2.fasta
[00:00:01] Loaded alignment with 23 taxa and 657 sites

Alignment comprises 1 partitions and 434 patterns

Partition 0: noname
Model: GTR+FO+G4m
Alignment sites / patterns: 657 / 434
Gaps: 8.36 %
Invariant sites: 34.09 %


[00:00:01] Generating parsimony starting tree(s) with 23 taxa
[00:00:01] Data distribution: partitions/thread: 1-1, patterns/thread: 434-434

Starting ML tree search with 10 distinct starting trees

[00:00:07] ML tree search #1, logLikelihood: -5436.805919
[00:00:16] ML tree search #2, logLikelihood: -5436.801902
[00:00:25] ML tree search #3, logLikelihood: -5436.798365
[00:00:33] ML tree search #4, logLikelihood: -5436.801657
[00:00:42] ML tree search #5, logLikelihood: -5436.804973
[00:00:52] ML tree search #6, logLikelihood: -5436.807099
[00:01:00] ML tree search #7, logLikelihood: -5436.808053
[00:01:09] ML tree search #8, logLikelihood: -5436.804360
[00:01:18] ML tree search #9, logLikelihood: -5436.795852
[00:01:28] ML tree search #10, logLikelihood: -5436.803350

[00:01:29] ML tree search completed, best tree logLH: -5436.795852

[00:01:29] Starting bootstrapping analysis with 100 replicates.

[00:01:37] Bootstrap tree #1, logLikelihood: -5300.852446
[00:01:48] Bootstrap tree #2, logLikelihood: -5138.900446
[00:01:57] Bootstrap tree #3, logLikelihood: -5218.185814
[00:02:06] Bootstrap tree #4, logLikelihood: -5388.720160
[00:02:15] Bootstrap tree #5, logLikelihood: -5259.739963
[00:02:23] Bootstrap tree #6, logLikelihood: -5453.767745
[00:02:31] Bootstrap tree #7, logLikelihood: -5086.718579
[00:02:39] Bootstrap tree #8, logLikelihood: -5457.218544
[00:02:49] Bootstrap tree #9, logLikelihood: -5315.187484
[00:02:57] Bootstrap tree #10, logLikelihood: -5483.135615
[00:03:05] Bootstrap tree #11, logLikelihood: -5399.038923
[00:03:14] Bootstrap tree #12, logLikelihood: -5288.180262
[00:03:23] Bootstrap tree #13, logLikelihood: -5104.834623
[00:03:31] Bootstrap tree #14, logLikelihood: -5416.704553
[00:03:39] Bootstrap tree #15, logLikelihood: -5189.839957
[00:03:48] Bootstrap tree #16, logLikelihood: -5316.149621
[00:03:56] Bootstrap tree #17, logLikelihood: -5227.991711
[00:04:05] Bootstrap tree #18, logLikelihood: -5240.709463
[00:04:12] Bootstrap tree #19, logLikelihood: -5103.178297
[00:04:21] Bootstrap tree #20, logLikelihood: -5355.130729
[00:04:29] Bootstrap tree #21, logLikelihood: -5660.803789
[00:04:37] Bootstrap tree #22, logLikelihood: -5668.672987
[00:04:46] Bootstrap tree #23, logLikelihood: -5396.120908
[00:04:58] Bootstrap tree #24, logLikelihood: -5402.469262
[00:05:08] Bootstrap tree #25, logLikelihood: -5703.574474
[00:05:16] Bootstrap tree #26, logLikelihood: -5151.294689
[00:05:23] Bootstrap tree #27, logLikelihood: -5338.209046
[00:05:33] Bootstrap tree #28, logLikelihood: -5717.347512
[00:05:42] Bootstrap tree #29, logLikelihood: -5132.712603
[00:05:51] Bootstrap tree #30, logLikelihood: -5325.630145
[00:06:00] Bootstrap tree #31, logLikelihood: -5418.686756
[00:06:08] Bootstrap tree #32, logLikelihood: -5453.695793
[00:06:17] Bootstrap tree #33, logLikelihood: -5501.909877
[00:06:26] Bootstrap tree #34, logLikelihood: -5293.403646
[00:06:34] Bootstrap tree #35, logLikelihood: -5575.011666
[00:06:43] Bootstrap tree #36, logLikelihood: -5151.101261
[00:06:52] Bootstrap tree #37, logLikelihood: -5255.589180
[00:06:59] Bootstrap tree #38, logLikelihood: -5167.462432
[00:07:08] Bootstrap tree #39, logLikelihood: -5522.092778
[00:07:17] Bootstrap tree #40, logLikelihood: -5344.150068
[00:07:26] Bootstrap tree #41, logLikelihood: -5358.270232
[00:07:35] Bootstrap tree #42, logLikelihood: -5636.637108
[00:07:42] Bootstrap tree #43, logLikelihood: -5392.730270
[00:07:51] Bootstrap tree #44, logLikelihood: -5450.303339
[00:08:00] Bootstrap tree #45, logLikelihood: -5224.570175
[00:08:08] Bootstrap tree #46, logLikelihood: -5296.331885
[00:08:17] Bootstrap tree #47, logLikelihood: -5150.657419
[00:08:25] Bootstrap tree #48, logLikelihood: -5531.749371
[00:08:33] Bootstrap tree #49, logLikelihood: -5350.928462
[00:08:45] Bootstrap tree #50, logLikelihood: -5433.417569
[00:08:56] Bootstrap tree #51, logLikelihood: -5453.821910
[00:09:05] Bootstrap tree #52, logLikelihood: -5353.561085
[00:09:14] Bootstrap tree #53, logLikelihood: -5251.912313
[00:09:25] Bootstrap tree #54, logLikelihood: -5224.396625
[00:09:33] Bootstrap tree #55, logLikelihood: -5569.428355
[00:09:41] Bootstrap tree #56, logLikelihood: -5340.417490
[00:09:52] Bootstrap tree #57, logLikelihood: -5719.234804
[00:10:00] Bootstrap tree #58, logLikelihood: -5392.365264
[00:10:10] Bootstrap tree #59, logLikelihood: -5163.512779
[00:10:18] Bootstrap tree #60, logLikelihood: -5518.209896
[00:10:28] Bootstrap tree #61, logLikelihood: -5338.755100
[00:10:39] Bootstrap tree #62, logLikelihood: -5720.462920
[00:10:54] Bootstrap tree #63, logLikelihood: -5421.579000
[00:11:03] Bootstrap tree #64, logLikelihood: -5449.930665
[00:11:11] Bootstrap tree #65, logLikelihood: -5393.381106
[00:11:19] Bootstrap tree #66, logLikelihood: -5380.907505
[00:11:28] Bootstrap tree #67, logLikelihood: -5361.773637
[00:11:36] Bootstrap tree #68, logLikelihood: -5437.750247
[00:11:46] Bootstrap tree #69, logLikelihood: -5365.373273
[00:11:54] Bootstrap tree #70, logLikelihood: -5252.605654
[00:12:03] Bootstrap tree #71, logLikelihood: -5202.628590
[00:12:12] Bootstrap tree #72, logLikelihood: -5584.096309
[00:12:23] Bootstrap tree #73, logLikelihood: -5721.189887
[00:12:32] Bootstrap tree #74, logLikelihood: -5388.220224
[00:12:40] Bootstrap tree #75, logLikelihood: -5193.793329
[00:12:52] Bootstrap tree #76, logLikelihood: -5444.019607
[00:13:00] Bootstrap tree #77, logLikelihood: -5667.278766
[00:13:11] Bootstrap tree #78, logLikelihood: -5341.112585
[00:13:24] Bootstrap tree #79, logLikelihood: -5342.561413
[00:13:34] Bootstrap tree #80, logLikelihood: -5326.820083
[00:13:42] Bootstrap tree #81, logLikelihood: -5461.805811
[00:13:51] Bootstrap tree #82, logLikelihood: -5653.696071
[00:13:59] Bootstrap tree #83, logLikelihood: -5323.807174
[00:14:11] Bootstrap tree #84, logLikelihood: -5356.351994
[00:14:19] Bootstrap tree #85, logLikelihood: -5359.134006
[00:14:29] Bootstrap tree #86, logLikelihood: -5678.177648
[00:14:37] Bootstrap tree #87, logLikelihood: -5360.986397
[00:14:46] Bootstrap tree #88, logLikelihood: -5513.252766
[00:14:56] Bootstrap tree #89, logLikelihood: -5307.187394
[00:15:08] Bootstrap tree #90, logLikelihood: -5303.717320
[00:15:19] Bootstrap tree #91, logLikelihood: -5409.268192
[00:15:28] Bootstrap tree #92, logLikelihood: -5435.703946
[00:15:38] Bootstrap tree #93, logLikelihood: -5301.869529
[00:15:47] Bootstrap tree #94, logLikelihood: -5228.220996
[00:15:56] Bootstrap tree #95, logLikelihood: -5388.201435
[00:16:06] Bootstrap tree #96, logLikelihood: -5539.000384
[00:16:13] Bootstrap tree #97, logLikelihood: -5116.832524
[00:16:23] Bootstrap tree #98, logLikelihood: -5407.202436
[00:16:32] Bootstrap tree #99, logLikelihood: -5754.457135
[00:16:41] Bootstrap tree #100, logLikelihood: -5277.270846

Optimized model parameters:

   Partition 0: noname
   Rate heterogeneity: GAMMA (4 cats, mean),  alpha: 0.885714 (ML),  weights&rates: (0.250000,0.113625) (0.250000,0.439484) (0.250000,0.978143) (0.250000,2.468748) 
   Base frequencies (ML): 0.257243 0.234121 0.324840 0.183796 
   Substitution rates (ML): 1.051187 2.718465 0.762130 1.771635 4.854241 1.000000 

Final LogLikelihood: -5436.795852

All ML trees saved to: /mnt/lustre/scratch/home/uvi/be/avs/cancer_genes_selection/genes/VHL/tree/VHL_trimmed.raxml.mlTrees
Best ML tree saved to: /mnt/lustre/scratch/home/uvi/be/avs/cancer_genes_selection/genes/VHL/tree/VHL_trimmed.raxml.bestTree
Best ML tree with bootstrap support values saved to: /mnt/lustre/scratch/home/uvi/be/avs/cancer_genes_selection/genes/VHL/tree/VHL_trimmed.raxml.support
Optimized model saved to: /mnt/lustre/scratch/home/uvi/be/avs/cancer_genes_selection/genes/VHL/tree/VHL_trimmed.raxml.bestModel
Bootstrap trees saved to: /mnt/lustre/scratch/home/uvi/be/avs/cancer_genes_selection/genes/VHL/tree/VHL_trimmed.raxml.bootstraps

Execution log saved to: /mnt/lustre/scratch/home/uvi/be/avs/cancer_genes_selection/genes/VHL/tree/VHL_trimmed.raxml.log

Analysis started: 27-Mar-2018 01:44:59 / finished: 27-Mar-2018 02:01:43

Elapsed time: 1004.739 seconds

