
RAxML-NG v. 0.5.1b BETA released on 01.12.2017 by The Exelixis Lab.
Authors: Alexey Kozlov, Alexandros Stamatakis, Diego Darriba, Tomas Flouri, Benoit Morel.
Latest version: https://github.com/amkozlov/raxml-ng
Questions/problems/suggestions? Please visit: https://groups.google.com/forum/#!forum/raxml

WARNING: This is a BETA release, please use at your own risk!

RAxML-NG was called as follows:

raxml-ng-mpi --all --msa /mnt/lustre/scratch/home/uvi/be/avs/cancer_genes_selection/genes/CDKN1B/align/CDKN1B_align_DNA_trimmed.fasta --model GTR+G -tree pars{10} --bs-trees 100 --prefix /mnt/lustre/scratch/home/uvi/be/avs/cancer_genes_selection/genes/CDKN1B/tree/CDKN1B --redo

Analysis options:
  run mode: ML tree search + bootstrapping
  start tree(s): parsimony (10)
  random seed: 1521650648
  tip-inner: ON
  pattern compression: ON
  per-rate scalers: OFF
  site repeats: OFF
  branch lengths: ML estimate (linked)
  SIMD kernels: AVX2
  parallelization: NONE/sequential

WARNING: Running in REDO mode: existing checkpoints are ignored, and all result files will be overwritten!

[00:00:00] Reading alignment from file: /mnt/lustre/scratch/home/uvi/be/avs/cancer_genes_selection/genes/CDKN1B/align/CDKN1B_align_DNA_trimmed.fasta
[00:00:00] Loaded alignment with 30 taxa and 597 sites

WARNING: Duplicate sequences found: 1
WARNING: Sequences ENSG00000111276 and ENSPTRG00000004707 are exactly identical!

Alignment comprises 1 partitions and 382 patterns

Partition 0: noname
Model: GTR+FO+G4m
Alignment sites / patterns: 597 / 382
Gaps: 2.50 %
Invariant sites: 30.99 %


[00:00:00] Generating parsimony starting tree(s) with 30 taxa
[00:00:01] Data distribution: partitions/thread: 1-1, patterns/thread: 382-382

Starting ML tree search with 10 distinct starting trees

[00:00:07] ML tree search #1, logLikelihood: -5496.154700
[00:00:12] ML tree search #2, logLikelihood: -5500.473452
[00:00:18] ML tree search #3, logLikelihood: -5495.985907
[00:00:23] ML tree search #4, logLikelihood: -5496.328202
[00:00:29] ML tree search #5, logLikelihood: -5496.137709
[00:00:34] ML tree search #6, logLikelihood: -5500.475510
[00:00:40] ML tree search #7, logLikelihood: -5496.883734
[00:00:46] ML tree search #8, logLikelihood: -5496.152615
[00:00:50] ML tree search #9, logLikelihood: -5496.145761
[00:00:56] ML tree search #10, logLikelihood: -5496.127876

[00:00:57] ML tree search completed, best tree logLH: -5495.985907

[00:00:57] Starting bootstrapping analysis with 100 replicates.

[00:01:03] Bootstrap tree #1, logLikelihood: -5290.530430
[00:01:09] Bootstrap tree #2, logLikelihood: -5239.759735
[00:01:15] Bootstrap tree #3, logLikelihood: -5256.005367
[00:01:24] Bootstrap tree #4, logLikelihood: -4998.771612
[00:01:29] Bootstrap tree #5, logLikelihood: -5698.359678
[00:01:35] Bootstrap tree #6, logLikelihood: -5163.420334
[00:01:40] Bootstrap tree #7, logLikelihood: -5391.268549
[00:01:46] Bootstrap tree #8, logLikelihood: -5374.309720
[00:01:50] Bootstrap tree #9, logLikelihood: -5151.081305
[00:01:56] Bootstrap tree #10, logLikelihood: -5528.936396
[00:02:01] Bootstrap tree #11, logLikelihood: -5371.421864
[00:02:08] Bootstrap tree #12, logLikelihood: -5461.017718
[00:02:14] Bootstrap tree #13, logLikelihood: -5371.562137
[00:02:20] Bootstrap tree #14, logLikelihood: -5231.728479
[00:02:27] Bootstrap tree #15, logLikelihood: -5309.852786
[00:02:34] Bootstrap tree #16, logLikelihood: -5478.917381
[00:02:40] Bootstrap tree #17, logLikelihood: -5586.458064
[00:02:45] Bootstrap tree #18, logLikelihood: -5292.160781
[00:02:50] Bootstrap tree #19, logLikelihood: -5234.678961
[00:02:54] Bootstrap tree #20, logLikelihood: -5109.533502
[00:03:01] Bootstrap tree #21, logLikelihood: -5585.004794
[00:03:08] Bootstrap tree #22, logLikelihood: -5429.593582
[00:03:15] Bootstrap tree #23, logLikelihood: -5554.909205
[00:03:21] Bootstrap tree #24, logLikelihood: -5339.661179
[00:03:28] Bootstrap tree #25, logLikelihood: -5495.482403
[00:03:33] Bootstrap tree #26, logLikelihood: -5278.888296
[00:03:39] Bootstrap tree #27, logLikelihood: -5270.353852
[00:03:45] Bootstrap tree #28, logLikelihood: -5325.566209
[00:03:52] Bootstrap tree #29, logLikelihood: -5544.599823
[00:04:02] Bootstrap tree #30, logLikelihood: -5546.461869
[00:04:12] Bootstrap tree #31, logLikelihood: -5139.547967
[00:04:21] Bootstrap tree #32, logLikelihood: -5453.709028
[00:04:29] Bootstrap tree #33, logLikelihood: -5388.518565
[00:04:35] Bootstrap tree #34, logLikelihood: -5098.682616
[00:04:42] Bootstrap tree #35, logLikelihood: -5428.529087
[00:04:49] Bootstrap tree #36, logLikelihood: -5489.843076
[00:04:59] Bootstrap tree #37, logLikelihood: -5708.502957
[00:05:06] Bootstrap tree #38, logLikelihood: -5736.176950
[00:05:12] Bootstrap tree #39, logLikelihood: -5472.595563
[00:05:19] Bootstrap tree #40, logLikelihood: -5578.619851
[00:05:27] Bootstrap tree #41, logLikelihood: -5512.442085
[00:05:34] Bootstrap tree #42, logLikelihood: -5715.468598
[00:05:41] Bootstrap tree #43, logLikelihood: -5091.996267
[00:05:51] Bootstrap tree #44, logLikelihood: -5316.201234
[00:05:56] Bootstrap tree #45, logLikelihood: -5484.257355
[00:06:05] Bootstrap tree #46, logLikelihood: -5814.409912
[00:06:13] Bootstrap tree #47, logLikelihood: -5485.004295
[00:06:23] Bootstrap tree #48, logLikelihood: -5179.259338
[00:06:29] Bootstrap tree #49, logLikelihood: -5379.734550
[00:06:36] Bootstrap tree #50, logLikelihood: -5289.546119
[00:06:43] Bootstrap tree #51, logLikelihood: -5360.177898
[00:06:51] Bootstrap tree #52, logLikelihood: -5498.381929
[00:06:59] Bootstrap tree #53, logLikelihood: -5541.817811
[00:07:05] Bootstrap tree #54, logLikelihood: -5428.148623
[00:07:11] Bootstrap tree #55, logLikelihood: -5399.802512
[00:07:18] Bootstrap tree #56, logLikelihood: -5659.698353
[00:07:31] Bootstrap tree #57, logLikelihood: -5387.527553
[00:07:38] Bootstrap tree #58, logLikelihood: -5522.168039
[00:07:46] Bootstrap tree #59, logLikelihood: -5288.462190
[00:07:53] Bootstrap tree #60, logLikelihood: -5457.489445
[00:08:00] Bootstrap tree #61, logLikelihood: -5393.305649
[00:08:07] Bootstrap tree #62, logLikelihood: -5246.069598
[00:08:14] Bootstrap tree #63, logLikelihood: -5511.909649
[00:08:21] Bootstrap tree #64, logLikelihood: -5189.124003
[00:08:28] Bootstrap tree #65, logLikelihood: -5397.671496
[00:08:36] Bootstrap tree #66, logLikelihood: -5883.479856
[00:08:43] Bootstrap tree #67, logLikelihood: -5590.560749
[00:08:50] Bootstrap tree #68, logLikelihood: -5464.669361
[00:08:56] Bootstrap tree #69, logLikelihood: -5309.452180
[00:09:04] Bootstrap tree #70, logLikelihood: -5627.009319
[00:09:10] Bootstrap tree #71, logLikelihood: -5544.608396
[00:09:18] Bootstrap tree #72, logLikelihood: -5463.707893
[00:09:26] Bootstrap tree #73, logLikelihood: -5459.753144
[00:09:32] Bootstrap tree #74, logLikelihood: -5447.399997
[00:09:39] Bootstrap tree #75, logLikelihood: -5358.089860
[00:09:48] Bootstrap tree #76, logLikelihood: -5459.853931
[00:09:54] Bootstrap tree #77, logLikelihood: -5299.408515
[00:10:02] Bootstrap tree #78, logLikelihood: -5449.960242
[00:10:10] Bootstrap tree #79, logLikelihood: -5909.171184
[00:10:16] Bootstrap tree #80, logLikelihood: -5409.085391
[00:10:25] Bootstrap tree #81, logLikelihood: -5556.645692
[00:10:32] Bootstrap tree #82, logLikelihood: -5622.533883
[00:10:40] Bootstrap tree #83, logLikelihood: -5399.087235
[00:10:49] Bootstrap tree #84, logLikelihood: -5475.556653
[00:10:57] Bootstrap tree #85, logLikelihood: -5623.574251
[00:11:05] Bootstrap tree #86, logLikelihood: -5427.151762
[00:11:11] Bootstrap tree #87, logLikelihood: -5663.266076
[00:11:20] Bootstrap tree #88, logLikelihood: -5340.966155
[00:11:28] Bootstrap tree #89, logLikelihood: -5348.053546
[00:11:39] Bootstrap tree #90, logLikelihood: -5313.161329
[00:11:50] Bootstrap tree #91, logLikelihood: -5480.465522
[00:11:56] Bootstrap tree #92, logLikelihood: -5379.395136
[00:12:03] Bootstrap tree #93, logLikelihood: -5318.078102
[00:12:11] Bootstrap tree #94, logLikelihood: -5364.870890
[00:12:20] Bootstrap tree #95, logLikelihood: -5616.202518
[00:12:28] Bootstrap tree #96, logLikelihood: -5657.361513
[00:12:37] Bootstrap tree #97, logLikelihood: -5234.517340
[00:12:46] Bootstrap tree #98, logLikelihood: -5539.295282
[00:12:53] Bootstrap tree #99, logLikelihood: -5593.257765
[00:13:00] Bootstrap tree #100, logLikelihood: -5325.309698

Optimized model parameters:

   Partition 0: noname
   Rate heterogeneity: GAMMA (4 cats, mean),  alpha: 0.899162 (ML),  weights&rates: (0.250000,0.116421) (0.250000,0.444193) (0.250000,0.981052) (0.250000,2.458334) 
   Base frequencies (ML): 0.250198 0.297166 0.308653 0.143983 
   Substitution rates (ML): 0.963449 2.138521 0.781145 1.212753 4.033128 1.000000 

Final LogLikelihood: -5495.985907

All ML trees saved to: /mnt/lustre/scratch/home/uvi/be/avs/cancer_genes_selection/genes/CDKN1B/tree/CDKN1B.raxml.mlTrees
Best ML tree saved to: /mnt/lustre/scratch/home/uvi/be/avs/cancer_genes_selection/genes/CDKN1B/tree/CDKN1B.raxml.bestTree
Best ML tree with bootstrap support values saved to: /mnt/lustre/scratch/home/uvi/be/avs/cancer_genes_selection/genes/CDKN1B/tree/CDKN1B.raxml.support
Optimized model saved to: /mnt/lustre/scratch/home/uvi/be/avs/cancer_genes_selection/genes/CDKN1B/tree/CDKN1B.raxml.bestModel
Bootstrap trees saved to: /mnt/lustre/scratch/home/uvi/be/avs/cancer_genes_selection/genes/CDKN1B/tree/CDKN1B.raxml.bootstraps

Execution log saved to: /mnt/lustre/scratch/home/uvi/be/avs/cancer_genes_selection/genes/CDKN1B/tree/CDKN1B.raxml.log

Analysis started: 21-Mar-2018 17:44:08 / finished: 21-Mar-2018 17:57:12

Elapsed time: 784.327 seconds

