
RAxML-NG v. 0.5.1b BETA released on 01.12.2017 by The Exelixis Lab.
Authors: Alexey Kozlov, Alexandros Stamatakis, Diego Darriba, Tomas Flouri, Benoit Morel.
Latest version: https://github.com/amkozlov/raxml-ng
Questions/problems/suggestions? Please visit: https://groups.google.com/forum/#!forum/raxml

WARNING: This is a BETA release, please use at your own risk!

RAxML-NG was called as follows:

raxml-ng-mpi --all --msa /mnt/lustre/scratch/home/uvi/be/avs/cancer_genes_selection/genes/ATIC/align/ATIC_align_DNA_trimmed2.fasta --model GTR+G -tree pars{10} --bs-trees 100 --prefix /mnt/lustre/scratch/home/uvi/be/avs/cancer_genes_selection/genes/ATIC/tree/ATIC_trimmed --redo

Analysis options:
  run mode: ML tree search + bootstrapping
  start tree(s): parsimony (10)
  random seed: 1522085300
  tip-inner: ON
  pattern compression: ON
  per-rate scalers: OFF
  site repeats: OFF
  branch lengths: ML estimate (linked)
  SIMD kernels: AVX2
  parallelization: NONE/sequential

WARNING: Running in REDO mode: existing checkpoints are ignored, and all result files will be overwritten!

[00:00:01] Reading alignment from file: /mnt/lustre/scratch/home/uvi/be/avs/cancer_genes_selection/genes/ATIC/align/ATIC_align_DNA_trimmed2.fasta
[00:00:01] Loaded alignment with 27 taxa and 1779 sites

Alignment comprises 1 partitions and 838 patterns

Partition 0: noname
Model: GTR+FO+G4m
Alignment sites / patterns: 1779 / 838
Gaps: 1.49 %
Invariant sites: 50.42 %


[00:00:01] Generating parsimony starting tree(s) with 27 taxa
[00:00:01] Data distribution: partitions/thread: 1-1, patterns/thread: 838-838

Starting ML tree search with 10 distinct starting trees

[00:00:12] ML tree search #1, logLikelihood: -14772.811248
[00:00:19] ML tree search #2, logLikelihood: -14772.811407
[00:00:25] ML tree search #3, logLikelihood: -14772.809451
[00:00:33] ML tree search #4, logLikelihood: -14772.812145
[00:00:39] ML tree search #5, logLikelihood: -14772.811901
[00:00:48] ML tree search #6, logLikelihood: -14772.811656
[00:00:55] ML tree search #7, logLikelihood: -14772.809108
[00:01:04] ML tree search #8, logLikelihood: -14772.810880
[00:01:11] ML tree search #9, logLikelihood: -14772.809713
[00:01:18] ML tree search #10, logLikelihood: -14772.812564

[00:01:18] ML tree search completed, best tree logLH: -14772.809108

[00:01:18] Starting bootstrapping analysis with 100 replicates.

[00:01:26] Bootstrap tree #1, logLikelihood: -15033.438022
[00:01:34] Bootstrap tree #2, logLikelihood: -14783.273081
[00:01:42] Bootstrap tree #3, logLikelihood: -15063.883898
[00:01:48] Bootstrap tree #4, logLikelihood: -14906.969471
[00:01:56] Bootstrap tree #5, logLikelihood: -14563.001841
[00:02:04] Bootstrap tree #6, logLikelihood: -15448.510053
[00:02:10] Bootstrap tree #7, logLikelihood: -14515.202355
[00:02:18] Bootstrap tree #8, logLikelihood: -14833.025000
[00:02:26] Bootstrap tree #9, logLikelihood: -14478.448450
[00:02:35] Bootstrap tree #10, logLikelihood: -15071.438360
[00:02:45] Bootstrap tree #11, logLikelihood: -15009.125032
[00:02:54] Bootstrap tree #12, logLikelihood: -14654.457170
[00:03:03] Bootstrap tree #13, logLikelihood: -14500.457272
[00:03:12] Bootstrap tree #14, logLikelihood: -15085.584399
[00:03:20] Bootstrap tree #15, logLikelihood: -14716.929214
[00:03:29] Bootstrap tree #16, logLikelihood: -15072.539445
[00:03:38] Bootstrap tree #17, logLikelihood: -14374.992165
[00:03:47] Bootstrap tree #18, logLikelihood: -14531.861948
[00:03:56] Bootstrap tree #19, logLikelihood: -15181.782771
[00:04:04] Bootstrap tree #20, logLikelihood: -14634.519232
[00:04:15] Bootstrap tree #21, logLikelihood: -14865.240158
[00:04:25] Bootstrap tree #22, logLikelihood: -14602.993196
[00:04:34] Bootstrap tree #23, logLikelihood: -14677.220273
[00:04:41] Bootstrap tree #24, logLikelihood: -14857.426546
[00:04:51] Bootstrap tree #25, logLikelihood: -15416.977138
[00:05:00] Bootstrap tree #26, logLikelihood: -14823.088742
[00:05:08] Bootstrap tree #27, logLikelihood: -14913.096051
[00:05:17] Bootstrap tree #28, logLikelihood: -14430.347160
[00:05:28] Bootstrap tree #29, logLikelihood: -14435.869433
[00:05:38] Bootstrap tree #30, logLikelihood: -14737.091144
[00:05:48] Bootstrap tree #31, logLikelihood: -14766.818419
[00:05:58] Bootstrap tree #32, logLikelihood: -14691.894008
[00:06:08] Bootstrap tree #33, logLikelihood: -15118.508713
[00:06:18] Bootstrap tree #34, logLikelihood: -14859.294431
[00:06:25] Bootstrap tree #35, logLikelihood: -14491.049220
[00:06:36] Bootstrap tree #36, logLikelihood: -14876.853768
[00:06:46] Bootstrap tree #37, logLikelihood: -14160.541469
[00:06:57] Bootstrap tree #38, logLikelihood: -14771.051884
[00:07:06] Bootstrap tree #39, logLikelihood: -15129.459160
[00:07:16] Bootstrap tree #40, logLikelihood: -14760.056486
[00:07:26] Bootstrap tree #41, logLikelihood: -15168.471388
[00:07:37] Bootstrap tree #42, logLikelihood: -14413.661194
[00:07:49] Bootstrap tree #43, logLikelihood: -14619.467040
[00:08:00] Bootstrap tree #44, logLikelihood: -14727.326099
[00:08:12] Bootstrap tree #45, logLikelihood: -14640.306579
[00:08:20] Bootstrap tree #46, logLikelihood: -14453.922299
[00:08:31] Bootstrap tree #47, logLikelihood: -14982.765054
[00:08:42] Bootstrap tree #48, logLikelihood: -14887.911054
[00:08:51] Bootstrap tree #49, logLikelihood: -15221.012971
[00:09:01] Bootstrap tree #50, logLikelihood: -14953.085143
[00:09:11] Bootstrap tree #51, logLikelihood: -14858.678698
[00:09:21] Bootstrap tree #52, logLikelihood: -14532.508067
[00:09:31] Bootstrap tree #53, logLikelihood: -14191.974378
[00:09:41] Bootstrap tree #54, logLikelihood: -14964.717558
[00:09:51] Bootstrap tree #55, logLikelihood: -14560.397042
[00:10:00] Bootstrap tree #56, logLikelihood: -14400.697949
[00:10:11] Bootstrap tree #57, logLikelihood: -14289.805072
[00:10:23] Bootstrap tree #58, logLikelihood: -14560.076032
[00:10:35] Bootstrap tree #59, logLikelihood: -15032.778440
[00:10:47] Bootstrap tree #60, logLikelihood: -15633.821192
[00:11:01] Bootstrap tree #61, logLikelihood: -15221.366522
[00:11:12] Bootstrap tree #62, logLikelihood: -14801.535326
[00:11:22] Bootstrap tree #63, logLikelihood: -15162.649628
[00:11:33] Bootstrap tree #64, logLikelihood: -15480.726675
[00:11:43] Bootstrap tree #65, logLikelihood: -15259.234483
[00:11:54] Bootstrap tree #66, logLikelihood: -14302.929685
[00:12:05] Bootstrap tree #67, logLikelihood: -14558.170835
[00:12:16] Bootstrap tree #68, logLikelihood: -14053.951442
[00:12:28] Bootstrap tree #69, logLikelihood: -14719.271438
[00:12:38] Bootstrap tree #70, logLikelihood: -14693.452823
[00:12:47] Bootstrap tree #71, logLikelihood: -14179.719840
[00:12:57] Bootstrap tree #72, logLikelihood: -14632.893102
[00:13:06] Bootstrap tree #73, logLikelihood: -14547.568857
[00:13:17] Bootstrap tree #74, logLikelihood: -14330.428793
[00:13:28] Bootstrap tree #75, logLikelihood: -15145.964818
[00:13:43] Bootstrap tree #76, logLikelihood: -14990.223075
[00:13:52] Bootstrap tree #77, logLikelihood: -15008.911722
[00:14:03] Bootstrap tree #78, logLikelihood: -14896.071864
[00:14:13] Bootstrap tree #79, logLikelihood: -14722.435998
[00:14:23] Bootstrap tree #80, logLikelihood: -14991.079867
[00:14:37] Bootstrap tree #81, logLikelihood: -15080.144915
[00:14:47] Bootstrap tree #82, logLikelihood: -14760.371412
[00:14:59] Bootstrap tree #83, logLikelihood: -15051.972276
[00:15:12] Bootstrap tree #84, logLikelihood: -14411.582826
[00:15:22] Bootstrap tree #85, logLikelihood: -14694.142912
[00:15:32] Bootstrap tree #86, logLikelihood: -14499.904376
[00:15:42] Bootstrap tree #87, logLikelihood: -14705.941480
[00:15:53] Bootstrap tree #88, logLikelihood: -15037.426909
[00:16:05] Bootstrap tree #89, logLikelihood: -14696.502351
[00:16:18] Bootstrap tree #90, logLikelihood: -14933.570717
[00:16:27] Bootstrap tree #91, logLikelihood: -14825.657247
[00:16:37] Bootstrap tree #92, logLikelihood: -14522.588449
[00:16:47] Bootstrap tree #93, logLikelihood: -14288.771595
[00:16:57] Bootstrap tree #94, logLikelihood: -14679.143917
[00:17:08] Bootstrap tree #95, logLikelihood: -14622.484668
[00:17:20] Bootstrap tree #96, logLikelihood: -14728.293667
[00:17:33] Bootstrap tree #97, logLikelihood: -14357.779675
[00:17:44] Bootstrap tree #98, logLikelihood: -14098.859372
[00:17:57] Bootstrap tree #99, logLikelihood: -14669.954101
[00:18:07] Bootstrap tree #100, logLikelihood: -14992.899019

Optimized model parameters:

   Partition 0: noname
   Rate heterogeneity: GAMMA (4 cats, mean),  alpha: 0.365575 (ML),  weights&rates: (0.250000,0.012077) (0.250000,0.155613) (0.250000,0.691170) (0.250000,3.141139) 
   Base frequencies (ML): 0.258176 0.236896 0.246502 0.258427 
   Substitution rates (ML): 1.684203 5.427207 0.793941 1.322593 5.890357 1.000000 

Final LogLikelihood: -14772.809108

All ML trees saved to: /mnt/lustre/scratch/home/uvi/be/avs/cancer_genes_selection/genes/ATIC/tree/ATIC_trimmed.raxml.mlTrees
Best ML tree saved to: /mnt/lustre/scratch/home/uvi/be/avs/cancer_genes_selection/genes/ATIC/tree/ATIC_trimmed.raxml.bestTree
Best ML tree with bootstrap support values saved to: /mnt/lustre/scratch/home/uvi/be/avs/cancer_genes_selection/genes/ATIC/tree/ATIC_trimmed.raxml.support
Optimized model saved to: /mnt/lustre/scratch/home/uvi/be/avs/cancer_genes_selection/genes/ATIC/tree/ATIC_trimmed.raxml.bestModel
Bootstrap trees saved to: /mnt/lustre/scratch/home/uvi/be/avs/cancer_genes_selection/genes/ATIC/tree/ATIC_trimmed.raxml.bootstraps

Execution log saved to: /mnt/lustre/scratch/home/uvi/be/avs/cancer_genes_selection/genes/ATIC/tree/ATIC_trimmed.raxml.log

Analysis started: 26-Mar-2018 19:28:20 / finished: 26-Mar-2018 19:46:31

Elapsed time: 1091.058 seconds

