
RAxML-NG v. 0.5.1b BETA released on 01.12.2017 by The Exelixis Lab.
Authors: Alexey Kozlov, Alexandros Stamatakis, Diego Darriba, Tomas Flouri, Benoit Morel.
Latest version: https://github.com/amkozlov/raxml-ng
Questions/problems/suggestions? Please visit: https://groups.google.com/forum/#!forum/raxml

WARNING: This is a BETA release, please use at your own risk!

RAxML-NG was called as follows:

raxml-ng-mpi --all --msa /mnt/lustre/scratch/home/uvi/be/avs/cancer_genes_selection/genes/TRIM27/align/TRIM27_align_DNA_trimmed2.fasta --model GTR+G -tree pars{10} --bs-trees 100 --prefix /mnt/lustre/scratch/home/uvi/be/avs/cancer_genes_selection/genes/TRIM27/tree/TRIM27_trimmed --redo

Analysis options:
  run mode: ML tree search + bootstrapping
  start tree(s): parsimony (10)
  random seed: 1522107390
  tip-inner: ON
  pattern compression: ON
  per-rate scalers: OFF
  site repeats: OFF
  branch lengths: ML estimate (linked)
  SIMD kernels: AVX2
  parallelization: NONE/sequential

WARNING: Running in REDO mode: existing checkpoints are ignored, and all result files will be overwritten!

[00:00:00] Reading alignment from file: /mnt/lustre/scratch/home/uvi/be/avs/cancer_genes_selection/genes/TRIM27/align/TRIM27_align_DNA_trimmed2.fasta
[00:00:01] Loaded alignment with 26 taxa and 1542 sites

Alignment comprises 1 partitions and 694 patterns

Partition 0: noname
Model: GTR+FO+G4m
Alignment sites / patterns: 1542 / 694
Gaps: 5.95 %
Invariant sites: 53.24 %


[00:00:01] Generating parsimony starting tree(s) with 26 taxa
[00:00:01] Data distribution: partitions/thread: 1-1, patterns/thread: 694-694

Starting ML tree search with 10 distinct starting trees

[00:00:09] ML tree search #1, logLikelihood: -9858.459453
[00:00:17] ML tree search #2, logLikelihood: -9860.834826
[00:00:26] ML tree search #3, logLikelihood: -9858.460151
[00:00:34] ML tree search #4, logLikelihood: -9858.459531
[00:00:43] ML tree search #5, logLikelihood: -9858.470825
[00:00:54] ML tree search #6, logLikelihood: -9858.460313
[00:01:03] ML tree search #7, logLikelihood: -9858.462982
[00:01:11] ML tree search #8, logLikelihood: -9859.517549
[00:01:19] ML tree search #9, logLikelihood: -9858.471123
[00:01:27] ML tree search #10, logLikelihood: -9859.510960

[00:01:27] ML tree search completed, best tree logLH: -9858.459453

[00:01:27] Starting bootstrapping analysis with 100 replicates.

[00:01:37] Bootstrap tree #1, logLikelihood: -9726.854788
[00:01:45] Bootstrap tree #2, logLikelihood: -10058.514083
[00:01:53] Bootstrap tree #3, logLikelihood: -9311.510959
[00:02:04] Bootstrap tree #4, logLikelihood: -10090.070497
[00:02:16] Bootstrap tree #5, logLikelihood: -9570.544498
[00:02:24] Bootstrap tree #6, logLikelihood: -10304.050670
[00:02:33] Bootstrap tree #7, logLikelihood: -9949.779603
[00:02:44] Bootstrap tree #8, logLikelihood: -10597.512722
[00:02:53] Bootstrap tree #9, logLikelihood: -10124.245864
[00:03:00] Bootstrap tree #10, logLikelihood: -9157.589232
[00:03:09] Bootstrap tree #11, logLikelihood: -9722.394059
[00:03:20] Bootstrap tree #12, logLikelihood: -9671.606623
[00:03:28] Bootstrap tree #13, logLikelihood: -10171.314573
[00:03:39] Bootstrap tree #14, logLikelihood: -9544.827218
[00:03:48] Bootstrap tree #15, logLikelihood: -9792.092716
[00:03:57] Bootstrap tree #16, logLikelihood: -10266.415032
[00:04:07] Bootstrap tree #17, logLikelihood: -9753.223850
[00:04:16] Bootstrap tree #18, logLikelihood: -9902.913186
[00:04:26] Bootstrap tree #19, logLikelihood: -10015.790930
[00:04:36] Bootstrap tree #20, logLikelihood: -9795.283442
[00:04:46] Bootstrap tree #21, logLikelihood: -10019.950092
[00:04:56] Bootstrap tree #22, logLikelihood: -10188.383671
[00:05:04] Bootstrap tree #23, logLikelihood: -9789.367631
[00:05:13] Bootstrap tree #24, logLikelihood: -9609.171763
[00:05:24] Bootstrap tree #25, logLikelihood: -9897.516028
[00:05:32] Bootstrap tree #26, logLikelihood: -9737.373017
[00:05:43] Bootstrap tree #27, logLikelihood: -9779.007347
[00:05:52] Bootstrap tree #28, logLikelihood: -10031.768154
[00:06:04] Bootstrap tree #29, logLikelihood: -9976.802648
[00:06:14] Bootstrap tree #30, logLikelihood: -9849.278531
[00:06:24] Bootstrap tree #31, logLikelihood: -10183.568876
[00:06:35] Bootstrap tree #32, logLikelihood: -9665.311462
[00:06:48] Bootstrap tree #33, logLikelihood: -9283.559261
[00:06:57] Bootstrap tree #34, logLikelihood: -9921.074067
[00:07:07] Bootstrap tree #35, logLikelihood: -9709.320019
[00:07:16] Bootstrap tree #36, logLikelihood: -10584.404709
[00:07:27] Bootstrap tree #37, logLikelihood: -9619.258196
[00:07:35] Bootstrap tree #38, logLikelihood: -9518.424788
[00:07:45] Bootstrap tree #39, logLikelihood: -9900.211685
[00:08:01] Bootstrap tree #40, logLikelihood: -9826.468907
[00:08:11] Bootstrap tree #41, logLikelihood: -10115.262880
[00:08:21] Bootstrap tree #42, logLikelihood: -9759.161816
[00:08:32] Bootstrap tree #43, logLikelihood: -9822.591221
[00:08:41] Bootstrap tree #44, logLikelihood: -9875.112815
[00:08:52] Bootstrap tree #45, logLikelihood: -9860.424068
[00:09:06] Bootstrap tree #46, logLikelihood: -10151.647358
[00:09:20] Bootstrap tree #47, logLikelihood: -9774.405220
[00:09:30] Bootstrap tree #48, logLikelihood: -9717.518091
[00:09:43] Bootstrap tree #49, logLikelihood: -9656.717413
[00:09:53] Bootstrap tree #50, logLikelihood: -9565.217843
[00:10:03] Bootstrap tree #51, logLikelihood: -9637.818280
[00:10:13] Bootstrap tree #52, logLikelihood: -9517.195300
[00:10:23] Bootstrap tree #53, logLikelihood: -9994.295552
[00:10:35] Bootstrap tree #54, logLikelihood: -10205.511089
[00:10:45] Bootstrap tree #55, logLikelihood: -9472.052938
[00:10:56] Bootstrap tree #56, logLikelihood: -9997.927258
[00:11:05] Bootstrap tree #57, logLikelihood: -9624.629508
[00:11:16] Bootstrap tree #58, logLikelihood: -9775.161348
[00:11:26] Bootstrap tree #59, logLikelihood: -9447.284145
[00:11:36] Bootstrap tree #60, logLikelihood: -10080.413210
[00:11:48] Bootstrap tree #61, logLikelihood: -9842.953926
[00:11:57] Bootstrap tree #62, logLikelihood: -9512.977810
[00:12:10] Bootstrap tree #63, logLikelihood: -9841.804391
[00:12:26] Bootstrap tree #64, logLikelihood: -9976.855071
[00:12:36] Bootstrap tree #65, logLikelihood: -9555.611269
[00:12:47] Bootstrap tree #66, logLikelihood: -9825.034153
[00:12:56] Bootstrap tree #67, logLikelihood: -10170.172007
[00:13:04] Bootstrap tree #68, logLikelihood: -9774.918142
[00:13:13] Bootstrap tree #69, logLikelihood: -9886.054898
[00:13:22] Bootstrap tree #70, logLikelihood: -9645.044887
[00:13:33] Bootstrap tree #71, logLikelihood: -9947.323174
[00:13:43] Bootstrap tree #72, logLikelihood: -9834.838035
[00:13:52] Bootstrap tree #73, logLikelihood: -10000.878152
[00:14:03] Bootstrap tree #74, logLikelihood: -9746.639937
[00:14:14] Bootstrap tree #75, logLikelihood: -10280.674443
[00:14:25] Bootstrap tree #76, logLikelihood: -10042.132620
[00:14:34] Bootstrap tree #77, logLikelihood: -9935.890469
[00:14:44] Bootstrap tree #78, logLikelihood: -9300.983662
[00:14:53] Bootstrap tree #79, logLikelihood: -10000.564801
[00:15:02] Bootstrap tree #80, logLikelihood: -10075.447736
[00:15:12] Bootstrap tree #81, logLikelihood: -10015.014451
[00:15:21] Bootstrap tree #82, logLikelihood: -9678.611765
[00:15:31] Bootstrap tree #83, logLikelihood: -9972.040570
[00:15:44] Bootstrap tree #84, logLikelihood: -10163.162962
[00:15:56] Bootstrap tree #85, logLikelihood: -9908.330204
[00:16:06] Bootstrap tree #86, logLikelihood: -10101.575537
[00:16:16] Bootstrap tree #87, logLikelihood: -9740.011102
[00:16:26] Bootstrap tree #88, logLikelihood: -10180.095595
[00:16:36] Bootstrap tree #89, logLikelihood: -10286.202453
[00:16:53] Bootstrap tree #90, logLikelihood: -9498.941638
[00:17:05] Bootstrap tree #91, logLikelihood: -10295.996361
[00:17:17] Bootstrap tree #92, logLikelihood: -9763.292357
[00:17:29] Bootstrap tree #93, logLikelihood: -9831.985097
[00:17:43] Bootstrap tree #94, logLikelihood: -9678.264712
[00:17:54] Bootstrap tree #95, logLikelihood: -9757.072945
[00:18:04] Bootstrap tree #96, logLikelihood: -9895.429272
[00:18:18] Bootstrap tree #97, logLikelihood: -9803.713264
[00:18:28] Bootstrap tree #98, logLikelihood: -10000.715941
[00:18:39] Bootstrap tree #99, logLikelihood: -9731.342544
[00:18:49] Bootstrap tree #100, logLikelihood: -9865.530154

Optimized model parameters:

   Partition 0: noname
   Rate heterogeneity: GAMMA (4 cats, mean),  alpha: 0.419512 (ML),  weights&rates: (0.250000,0.019627) (0.250000,0.196175) (0.250000,0.751559) (0.250000,3.032639) 
   Base frequencies (ML): 0.220837 0.290893 0.292575 0.195694 
   Substitution rates (ML): 1.596115 4.883441 1.102625 1.832980 9.530928 1.000000 

Final LogLikelihood: -9858.459453

All ML trees saved to: /mnt/lustre/scratch/home/uvi/be/avs/cancer_genes_selection/genes/TRIM27/tree/TRIM27_trimmed.raxml.mlTrees
Best ML tree saved to: /mnt/lustre/scratch/home/uvi/be/avs/cancer_genes_selection/genes/TRIM27/tree/TRIM27_trimmed.raxml.bestTree
Best ML tree with bootstrap support values saved to: /mnt/lustre/scratch/home/uvi/be/avs/cancer_genes_selection/genes/TRIM27/tree/TRIM27_trimmed.raxml.support
Optimized model saved to: /mnt/lustre/scratch/home/uvi/be/avs/cancer_genes_selection/genes/TRIM27/tree/TRIM27_trimmed.raxml.bestModel
Bootstrap trees saved to: /mnt/lustre/scratch/home/uvi/be/avs/cancer_genes_selection/genes/TRIM27/tree/TRIM27_trimmed.raxml.bootstraps

Execution log saved to: /mnt/lustre/scratch/home/uvi/be/avs/cancer_genes_selection/genes/TRIM27/tree/TRIM27_trimmed.raxml.log

Analysis started: 27-Mar-2018 01:36:30 / finished: 27-Mar-2018 01:55:23

Elapsed time: 1132.650 seconds

