
RAxML-NG v. 0.5.1b BETA released on 01.12.2017 by The Exelixis Lab.
Authors: Alexey Kozlov, Alexandros Stamatakis, Diego Darriba, Tomas Flouri, Benoit Morel.
Latest version: https://github.com/amkozlov/raxml-ng
Questions/problems/suggestions? Please visit: https://groups.google.com/forum/#!forum/raxml

WARNING: This is a BETA release, please use at your own risk!

RAxML-NG was called as follows:

raxml-ng-mpi --all --msa /mnt/lustre/scratch/home/uvi/be/avs/cancer_genes_selection/genes/ZNF331/align/ZNF331_align_DNA_trimmed.fasta --model GTR+G -tree pars{10} --bs-trees 100 --prefix /mnt/lustre/scratch/home/uvi/be/avs/cancer_genes_selection/genes/ZNF331/tree/ZNF331 --redo

Analysis options:
  run mode: ML tree search + bootstrapping
  start tree(s): parsimony (10)
  random seed: 1521675808
  tip-inner: ON
  pattern compression: ON
  per-rate scalers: OFF
  site repeats: OFF
  branch lengths: ML estimate (linked)
  SIMD kernels: AVX2
  parallelization: NONE/sequential

WARNING: Running in REDO mode: existing checkpoints are ignored, and all result files will be overwritten!

[00:00:00] Reading alignment from file: /mnt/lustre/scratch/home/uvi/be/avs/cancer_genes_selection/genes/ZNF331/align/ZNF331_align_DNA_trimmed.fasta
[00:00:00] Loaded alignment with 21 taxa and 1395 sites

Alignment comprises 1 partitions and 649 patterns

Partition 0: noname
Model: GTR+FO+G4m
Alignment sites / patterns: 1395 / 649
Gaps: 1.55 %
Invariant sites: 50.75 %


[00:00:00] Generating parsimony starting tree(s) with 21 taxa
[00:00:01] Data distribution: partitions/thread: 1-1, patterns/thread: 649-649

Starting ML tree search with 10 distinct starting trees

[00:00:05] ML tree search #1, logLikelihood: -10246.481440
[00:00:10] ML tree search #2, logLikelihood: -10246.471742
[00:00:14] ML tree search #3, logLikelihood: -10246.471872
[00:00:19] ML tree search #4, logLikelihood: -10246.471715
[00:00:23] ML tree search #5, logLikelihood: -10246.471638
[00:00:28] ML tree search #6, logLikelihood: -10246.471751
[00:00:33] ML tree search #7, logLikelihood: -10246.472401
[00:00:37] ML tree search #8, logLikelihood: -10246.472252
[00:00:42] ML tree search #9, logLikelihood: -10246.471648
[00:00:47] ML tree search #10, logLikelihood: -10246.473829

[00:00:47] ML tree search completed, best tree logLH: -10246.471638

[00:00:47] Starting bootstrapping analysis with 100 replicates.

[00:00:52] Bootstrap tree #1, logLikelihood: -9769.654476
[00:00:59] Bootstrap tree #2, logLikelihood: -10279.410899
[00:01:04] Bootstrap tree #3, logLikelihood: -10714.837064
[00:01:09] Bootstrap tree #4, logLikelihood: -10306.353780
[00:01:13] Bootstrap tree #5, logLikelihood: -10482.347850
[00:01:18] Bootstrap tree #6, logLikelihood: -10440.452940
[00:01:23] Bootstrap tree #7, logLikelihood: -10335.468577
[00:01:28] Bootstrap tree #8, logLikelihood: -10555.341917
[00:01:33] Bootstrap tree #9, logLikelihood: -10467.302077
[00:01:38] Bootstrap tree #10, logLikelihood: -10341.413089
[00:01:43] Bootstrap tree #11, logLikelihood: -10345.789953
[00:01:49] Bootstrap tree #12, logLikelihood: -9922.893163
[00:01:54] Bootstrap tree #13, logLikelihood: -10448.131826
[00:01:59] Bootstrap tree #14, logLikelihood: -10572.952509
[00:02:04] Bootstrap tree #15, logLikelihood: -10359.163508
[00:02:09] Bootstrap tree #16, logLikelihood: -10087.435011
[00:02:14] Bootstrap tree #17, logLikelihood: -10270.839195
[00:02:20] Bootstrap tree #18, logLikelihood: -10374.419891
[00:02:25] Bootstrap tree #19, logLikelihood: -10161.388944
[00:02:31] Bootstrap tree #20, logLikelihood: -10115.449238
[00:02:37] Bootstrap tree #21, logLikelihood: -10290.446535
[00:02:50] Bootstrap tree #22, logLikelihood: -10027.112451
[00:02:55] Bootstrap tree #23, logLikelihood: -10357.640547
[00:03:00] Bootstrap tree #24, logLikelihood: -10189.702894
[00:03:05] Bootstrap tree #25, logLikelihood: -10357.658142
[00:03:10] Bootstrap tree #26, logLikelihood: -10240.188984
[00:03:16] Bootstrap tree #27, logLikelihood: -9967.900389
[00:03:21] Bootstrap tree #28, logLikelihood: -10092.140787
[00:03:26] Bootstrap tree #29, logLikelihood: -10502.441087
[00:03:31] Bootstrap tree #30, logLikelihood: -10517.848683
[00:03:35] Bootstrap tree #31, logLikelihood: -10377.925706
[00:03:40] Bootstrap tree #32, logLikelihood: -10047.879387
[00:03:48] Bootstrap tree #33, logLikelihood: -9931.803356
[00:03:54] Bootstrap tree #34, logLikelihood: -9959.520682
[00:03:59] Bootstrap tree #35, logLikelihood: -9884.820529
[00:04:05] Bootstrap tree #36, logLikelihood: -10472.094926
[00:04:10] Bootstrap tree #37, logLikelihood: -9967.558788
[00:04:15] Bootstrap tree #38, logLikelihood: -10142.423908
[00:04:21] Bootstrap tree #39, logLikelihood: -10263.541979
[00:04:27] Bootstrap tree #40, logLikelihood: -9810.125970
[00:04:32] Bootstrap tree #41, logLikelihood: -10289.374818
[00:04:37] Bootstrap tree #42, logLikelihood: -10261.363697
[00:04:45] Bootstrap tree #43, logLikelihood: -10295.585966
[00:04:50] Bootstrap tree #44, logLikelihood: -9978.232666
[00:04:57] Bootstrap tree #45, logLikelihood: -10182.366942
[00:05:02] Bootstrap tree #46, logLikelihood: -10128.254870
[00:05:08] Bootstrap tree #47, logLikelihood: -9800.810349
[00:05:13] Bootstrap tree #48, logLikelihood: -10729.181019
[00:05:18] Bootstrap tree #49, logLikelihood: -10147.868772
[00:05:24] Bootstrap tree #50, logLikelihood: -10292.599410
[00:05:30] Bootstrap tree #51, logLikelihood: -10360.636339
[00:05:36] Bootstrap tree #52, logLikelihood: -10001.124237
[00:05:42] Bootstrap tree #53, logLikelihood: -10099.729979
[00:05:48] Bootstrap tree #54, logLikelihood: -9935.043378
[00:05:53] Bootstrap tree #55, logLikelihood: -10389.267615
[00:05:58] Bootstrap tree #56, logLikelihood: -10066.898950
[00:06:03] Bootstrap tree #57, logLikelihood: -10149.303789
[00:06:08] Bootstrap tree #58, logLikelihood: -10025.637807
[00:06:14] Bootstrap tree #59, logLikelihood: -10322.886670
[00:06:19] Bootstrap tree #60, logLikelihood: -10504.604269
[00:06:25] Bootstrap tree #61, logLikelihood: -10111.571741
[00:06:30] Bootstrap tree #62, logLikelihood: -9955.106128
[00:06:36] Bootstrap tree #63, logLikelihood: -10242.945268
[00:06:41] Bootstrap tree #64, logLikelihood: -10648.585865
[00:06:48] Bootstrap tree #65, logLikelihood: -9995.739077
[00:06:54] Bootstrap tree #66, logLikelihood: -10389.600130
[00:07:00] Bootstrap tree #67, logLikelihood: -10257.575392
[00:07:06] Bootstrap tree #68, logLikelihood: -10059.781330
[00:07:11] Bootstrap tree #69, logLikelihood: -10281.501881
[00:07:18] Bootstrap tree #70, logLikelihood: -9942.177351
[00:07:24] Bootstrap tree #71, logLikelihood: -10729.798073
[00:07:30] Bootstrap tree #72, logLikelihood: -9782.346692
[00:07:37] Bootstrap tree #73, logLikelihood: -10266.987559
[00:07:43] Bootstrap tree #74, logLikelihood: -9916.337406
[00:07:51] Bootstrap tree #75, logLikelihood: -9806.921333
[00:07:56] Bootstrap tree #76, logLikelihood: -10045.850504
[00:08:02] Bootstrap tree #77, logLikelihood: -10520.018608
[00:08:08] Bootstrap tree #78, logLikelihood: -10106.057005
[00:08:14] Bootstrap tree #79, logLikelihood: -10184.183169
[00:08:19] Bootstrap tree #80, logLikelihood: -10557.210060
[00:08:26] Bootstrap tree #81, logLikelihood: -10041.077908
[00:08:32] Bootstrap tree #82, logLikelihood: -10346.706229
[00:08:38] Bootstrap tree #83, logLikelihood: -10484.986131
[00:08:43] Bootstrap tree #84, logLikelihood: -10207.801556
[00:08:50] Bootstrap tree #85, logLikelihood: -10427.125343
[00:08:56] Bootstrap tree #86, logLikelihood: -10458.192482
[00:09:02] Bootstrap tree #87, logLikelihood: -10283.532531
[00:09:07] Bootstrap tree #88, logLikelihood: -9618.971278
[00:09:14] Bootstrap tree #89, logLikelihood: -10548.494348
[00:09:19] Bootstrap tree #90, logLikelihood: -10509.508530
[00:09:25] Bootstrap tree #91, logLikelihood: -10215.117122
[00:09:32] Bootstrap tree #92, logLikelihood: -10274.244158
[00:09:37] Bootstrap tree #93, logLikelihood: -10250.905174
[00:09:43] Bootstrap tree #94, logLikelihood: -10258.894055
[00:09:49] Bootstrap tree #95, logLikelihood: -10270.742708
[00:09:57] Bootstrap tree #96, logLikelihood: -9836.766171
[00:10:02] Bootstrap tree #97, logLikelihood: -9804.089643
[00:10:09] Bootstrap tree #98, logLikelihood: -10238.030346
[00:10:15] Bootstrap tree #99, logLikelihood: -10286.665877
[00:10:22] Bootstrap tree #100, logLikelihood: -10506.215440

Optimized model parameters:

   Partition 0: noname
   Rate heterogeneity: GAMMA (4 cats, mean),  alpha: 0.387555 (ML),  weights&rates: (0.250000,0.014961) (0.250000,0.172400) (0.250000,0.717455) (0.250000,3.095185) 
   Base frequencies (ML): 0.259069 0.293727 0.297456 0.149747 
   Substitution rates (ML): 1.139274 4.603016 0.475701 0.883892 8.573046 1.000000 

Final LogLikelihood: -10246.471638

All ML trees saved to: /mnt/lustre/scratch/home/uvi/be/avs/cancer_genes_selection/genes/ZNF331/tree/ZNF331.raxml.mlTrees
Best ML tree saved to: /mnt/lustre/scratch/home/uvi/be/avs/cancer_genes_selection/genes/ZNF331/tree/ZNF331.raxml.bestTree
Best ML tree with bootstrap support values saved to: /mnt/lustre/scratch/home/uvi/be/avs/cancer_genes_selection/genes/ZNF331/tree/ZNF331.raxml.support
Optimized model saved to: /mnt/lustre/scratch/home/uvi/be/avs/cancer_genes_selection/genes/ZNF331/tree/ZNF331.raxml.bestModel
Bootstrap trees saved to: /mnt/lustre/scratch/home/uvi/be/avs/cancer_genes_selection/genes/ZNF331/tree/ZNF331.raxml.bootstraps

Execution log saved to: /mnt/lustre/scratch/home/uvi/be/avs/cancer_genes_selection/genes/ZNF331/tree/ZNF331.raxml.log

Analysis started: 22-Mar-2018 00:43:28 / finished: 22-Mar-2018 00:53:53

Elapsed time: 624.636 seconds

