
RAxML-NG v. 0.5.1b BETA released on 01.12.2017 by The Exelixis Lab.
Authors: Alexey Kozlov, Alexandros Stamatakis, Diego Darriba, Tomas Flouri, Benoit Morel.
Latest version: https://github.com/amkozlov/raxml-ng
Questions/problems/suggestions? Please visit: https://groups.google.com/forum/#!forum/raxml

WARNING: This is a BETA release, please use at your own risk!

RAxML-NG was called as follows:

raxml-ng-mpi --all --msa /mnt/lustre/scratch/home/uvi/be/avs/cancer_genes_selection/genes/ZNF331/align/ZNF331_align_DNA_trimmed2.fasta --model GTR+G -tree pars{10} --bs-trees 100 --prefix /mnt/lustre/scratch/home/uvi/be/avs/cancer_genes_selection/genes/ZNF331/tree/ZNF331_trimmed --redo

Analysis options:
  run mode: ML tree search + bootstrapping
  start tree(s): parsimony (10)
  random seed: 1522108350
  tip-inner: ON
  pattern compression: ON
  per-rate scalers: OFF
  site repeats: OFF
  branch lengths: ML estimate (linked)
  SIMD kernels: AVX2
  parallelization: NONE/sequential

WARNING: Running in REDO mode: existing checkpoints are ignored, and all result files will be overwritten!

[00:00:00] Reading alignment from file: /mnt/lustre/scratch/home/uvi/be/avs/cancer_genes_selection/genes/ZNF331/align/ZNF331_align_DNA_trimmed2.fasta
[00:00:00] Loaded alignment with 21 taxa and 1395 sites

Alignment comprises 1 partitions and 649 patterns

Partition 0: noname
Model: GTR+FO+G4m
Alignment sites / patterns: 1395 / 649
Gaps: 1.55 %
Invariant sites: 50.75 %


[00:00:01] Generating parsimony starting tree(s) with 21 taxa
[00:00:01] Data distribution: partitions/thread: 1-1, patterns/thread: 649-649

Starting ML tree search with 10 distinct starting trees

[00:00:06] ML tree search #1, logLikelihood: -10246.471870
[00:00:12] ML tree search #2, logLikelihood: -10246.475307
[00:00:19] ML tree search #3, logLikelihood: -10246.473462
[00:00:25] ML tree search #4, logLikelihood: -10246.471646
[00:00:31] ML tree search #5, logLikelihood: -10246.472131
[00:00:38] ML tree search #6, logLikelihood: -10246.471631
[00:00:46] ML tree search #7, logLikelihood: -10246.474366
[00:00:52] ML tree search #8, logLikelihood: -10246.473429
[00:00:58] ML tree search #9, logLikelihood: -10246.471291
[00:01:05] ML tree search #10, logLikelihood: -10246.471558

[00:01:05] ML tree search completed, best tree logLH: -10246.471291

[00:01:05] Starting bootstrapping analysis with 100 replicates.

[00:01:12] Bootstrap tree #1, logLikelihood: -9938.404493
[00:01:19] Bootstrap tree #2, logLikelihood: -10131.513325
[00:01:25] Bootstrap tree #3, logLikelihood: -10522.831801
[00:01:32] Bootstrap tree #4, logLikelihood: -10077.266539
[00:01:39] Bootstrap tree #5, logLikelihood: -10309.789793
[00:01:46] Bootstrap tree #6, logLikelihood: -10168.095541
[00:01:54] Bootstrap tree #7, logLikelihood: -10013.563822
[00:02:00] Bootstrap tree #8, logLikelihood: -10373.750452
[00:02:08] Bootstrap tree #9, logLikelihood: -10267.015842
[00:02:14] Bootstrap tree #10, logLikelihood: -10384.987113
[00:02:22] Bootstrap tree #11, logLikelihood: -10115.255936
[00:02:28] Bootstrap tree #12, logLikelihood: -9889.779785
[00:02:37] Bootstrap tree #13, logLikelihood: -10139.168467
[00:02:44] Bootstrap tree #14, logLikelihood: -10410.084266
[00:02:49] Bootstrap tree #15, logLikelihood: -10522.615582
[00:02:56] Bootstrap tree #16, logLikelihood: -10073.952354
[00:03:02] Bootstrap tree #17, logLikelihood: -10316.889771
[00:03:15] Bootstrap tree #18, logLikelihood: -10622.186740
[00:03:21] Bootstrap tree #19, logLikelihood: -9923.124185
[00:03:29] Bootstrap tree #20, logLikelihood: -10240.121791
[00:03:36] Bootstrap tree #21, logLikelihood: -9810.491256
[00:03:44] Bootstrap tree #22, logLikelihood: -10207.039834
[00:03:51] Bootstrap tree #23, logLikelihood: -10302.362204
[00:03:58] Bootstrap tree #24, logLikelihood: -10431.793906
[00:04:06] Bootstrap tree #25, logLikelihood: -9917.665743
[00:04:12] Bootstrap tree #26, logLikelihood: -9983.030905
[00:04:20] Bootstrap tree #27, logLikelihood: -10063.718085
[00:04:28] Bootstrap tree #28, logLikelihood: -10062.552592
[00:04:35] Bootstrap tree #29, logLikelihood: -10132.270829
[00:04:43] Bootstrap tree #30, logLikelihood: -10325.438052
[00:04:50] Bootstrap tree #31, logLikelihood: -10180.234836
[00:04:58] Bootstrap tree #32, logLikelihood: -10050.973609
[00:05:06] Bootstrap tree #33, logLikelihood: -10050.732652
[00:05:15] Bootstrap tree #34, logLikelihood: -10182.151995
[00:05:24] Bootstrap tree #35, logLikelihood: -10019.511584
[00:05:31] Bootstrap tree #36, logLikelihood: -9920.671337
[00:05:39] Bootstrap tree #37, logLikelihood: -10002.021930
[00:05:47] Bootstrap tree #38, logLikelihood: -10310.179080
[00:05:54] Bootstrap tree #39, logLikelihood: -9947.896542
[00:06:02] Bootstrap tree #40, logLikelihood: -10322.463445
[00:06:09] Bootstrap tree #41, logLikelihood: -10257.230148
[00:06:17] Bootstrap tree #42, logLikelihood: -10268.443958
[00:06:25] Bootstrap tree #43, logLikelihood: -10170.169769
[00:06:32] Bootstrap tree #44, logLikelihood: -9967.642178
[00:06:40] Bootstrap tree #45, logLikelihood: -10291.190998
[00:06:48] Bootstrap tree #46, logLikelihood: -9901.710313
[00:06:54] Bootstrap tree #47, logLikelihood: -10113.080185
[00:07:03] Bootstrap tree #48, logLikelihood: -10060.220928
[00:07:11] Bootstrap tree #49, logLikelihood: -9896.890685
[00:07:20] Bootstrap tree #50, logLikelihood: -10093.748192
[00:07:28] Bootstrap tree #51, logLikelihood: -10129.641187
[00:07:35] Bootstrap tree #52, logLikelihood: -10098.350282
[00:07:43] Bootstrap tree #53, logLikelihood: -10174.717278
[00:07:52] Bootstrap tree #54, logLikelihood: -10204.383318
[00:07:59] Bootstrap tree #55, logLikelihood: -9657.676766
[00:08:07] Bootstrap tree #56, logLikelihood: -10034.022531
[00:08:17] Bootstrap tree #57, logLikelihood: -10224.515179
[00:08:23] Bootstrap tree #58, logLikelihood: -10128.165399
[00:08:33] Bootstrap tree #59, logLikelihood: -10543.036621
[00:08:40] Bootstrap tree #60, logLikelihood: -10174.682088
[00:08:49] Bootstrap tree #61, logLikelihood: -10139.391931
[00:08:58] Bootstrap tree #62, logLikelihood: -9788.314880
[00:09:04] Bootstrap tree #63, logLikelihood: -10413.709877
[00:09:13] Bootstrap tree #64, logLikelihood: -10669.727762
[00:09:23] Bootstrap tree #65, logLikelihood: -10512.578770
[00:09:31] Bootstrap tree #66, logLikelihood: -10128.483517
[00:09:40] Bootstrap tree #67, logLikelihood: -10352.951663
[00:09:47] Bootstrap tree #68, logLikelihood: -10315.148476
[00:09:54] Bootstrap tree #69, logLikelihood: -10400.776718
[00:10:03] Bootstrap tree #70, logLikelihood: -10302.516381
[00:10:11] Bootstrap tree #71, logLikelihood: -10006.501620
[00:10:19] Bootstrap tree #72, logLikelihood: -9931.607047
[00:10:28] Bootstrap tree #73, logLikelihood: -10237.013469
[00:10:36] Bootstrap tree #74, logLikelihood: -10023.526242
[00:10:43] Bootstrap tree #75, logLikelihood: -10358.741464
[00:10:52] Bootstrap tree #76, logLikelihood: -10033.943229
[00:10:59] Bootstrap tree #77, logLikelihood: -9815.814374
[00:11:08] Bootstrap tree #78, logLikelihood: -9957.343080
[00:11:16] Bootstrap tree #79, logLikelihood: -10291.323732
[00:11:24] Bootstrap tree #80, logLikelihood: -10152.289476
[00:11:32] Bootstrap tree #81, logLikelihood: -10505.805661
[00:11:39] Bootstrap tree #82, logLikelihood: -10003.306266
[00:11:49] Bootstrap tree #83, logLikelihood: -10073.187525
[00:11:58] Bootstrap tree #84, logLikelihood: -10410.634205
[00:12:07] Bootstrap tree #85, logLikelihood: -10359.384769
[00:12:16] Bootstrap tree #86, logLikelihood: -10456.982819
[00:12:24] Bootstrap tree #87, logLikelihood: -9968.078320
[00:12:41] Bootstrap tree #88, logLikelihood: -10444.449725
[00:12:52] Bootstrap tree #89, logLikelihood: -10091.063437
[00:13:04] Bootstrap tree #90, logLikelihood: -10474.394005
[00:13:14] Bootstrap tree #91, logLikelihood: -10071.607030
[00:13:29] Bootstrap tree #92, logLikelihood: -10099.850138
[00:13:42] Bootstrap tree #93, logLikelihood: -10191.546025
[00:13:53] Bootstrap tree #94, logLikelihood: -10599.792753
[00:14:04] Bootstrap tree #95, logLikelihood: -10404.352569
[00:14:14] Bootstrap tree #96, logLikelihood: -10248.661292
[00:14:24] Bootstrap tree #97, logLikelihood: -10039.871151
[00:14:32] Bootstrap tree #98, logLikelihood: -10336.531166
[00:14:40] Bootstrap tree #99, logLikelihood: -9784.740363
[00:14:50] Bootstrap tree #100, logLikelihood: -10345.467076

Optimized model parameters:

   Partition 0: noname
   Rate heterogeneity: GAMMA (4 cats, mean),  alpha: 0.381881 (ML),  weights&rates: (0.250000,0.014190) (0.250000,0.168097) (0.250000,0.710905) (0.250000,3.106808) 
   Base frequencies (ML): 0.256635 0.284942 0.271614 0.186809 
   Substitution rates (ML): 1.753959 5.293886 0.656945 1.623703 8.687681 1.000000 

Final LogLikelihood: -10246.471291

All ML trees saved to: /mnt/lustre/scratch/home/uvi/be/avs/cancer_genes_selection/genes/ZNF331/tree/ZNF331_trimmed.raxml.mlTrees
Best ML tree saved to: /mnt/lustre/scratch/home/uvi/be/avs/cancer_genes_selection/genes/ZNF331/tree/ZNF331_trimmed.raxml.bestTree
Best ML tree with bootstrap support values saved to: /mnt/lustre/scratch/home/uvi/be/avs/cancer_genes_selection/genes/ZNF331/tree/ZNF331_trimmed.raxml.support
Optimized model saved to: /mnt/lustre/scratch/home/uvi/be/avs/cancer_genes_selection/genes/ZNF331/tree/ZNF331_trimmed.raxml.bestModel
Bootstrap trees saved to: /mnt/lustre/scratch/home/uvi/be/avs/cancer_genes_selection/genes/ZNF331/tree/ZNF331_trimmed.raxml.bootstraps

Execution log saved to: /mnt/lustre/scratch/home/uvi/be/avs/cancer_genes_selection/genes/ZNF331/tree/ZNF331_trimmed.raxml.log

Analysis started: 27-Mar-2018 01:52:30 / finished: 27-Mar-2018 02:07:23

Elapsed time: 893.389 seconds

