
RAxML-NG v. 0.5.1b BETA released on 01.12.2017 by The Exelixis Lab.
Authors: Alexey Kozlov, Alexandros Stamatakis, Diego Darriba, Tomas Flouri, Benoit Morel.
Latest version: https://github.com/amkozlov/raxml-ng
Questions/problems/suggestions? Please visit: https://groups.google.com/forum/#!forum/raxml

WARNING: This is a BETA release, please use at your own risk!

RAxML-NG was called as follows:

raxml-ng-mpi --all --msa /mnt/lustre/scratch/home/uvi/be/avs/cancer_genes_selection/genes/FGFR4/align/FGFR4_align_DNA_trimmed2.fasta --model GTR+G -tree pars{10} --bs-trees 100 --prefix /mnt/lustre/scratch/home/uvi/be/avs/cancer_genes_selection/genes/FGFR4/tree/FGFR4_trimmed --redo

Analysis options:
  run mode: ML tree search + bootstrapping
  start tree(s): parsimony (10)
  random seed: 1522092919
  tip-inner: ON
  pattern compression: ON
  per-rate scalers: OFF
  site repeats: OFF
  branch lengths: ML estimate (linked)
  SIMD kernels: AVX2
  parallelization: NONE/sequential

WARNING: Running in REDO mode: existing checkpoints are ignored, and all result files will be overwritten!

[00:00:00] Reading alignment from file: /mnt/lustre/scratch/home/uvi/be/avs/cancer_genes_selection/genes/FGFR4/align/FGFR4_align_DNA_trimmed2.fasta
[00:00:01] Loaded alignment with 27 taxa and 2406 sites

Alignment comprises 1 partitions and 1174 patterns

Partition 0: noname
Model: GTR+FO+G4m
Alignment sites / patterns: 2406 / 1174
Gaps: 1.44 %
Invariant sites: 38.32 %


[00:00:01] Generating parsimony starting tree(s) with 27 taxa
[00:00:01] Data distribution: partitions/thread: 1-1, patterns/thread: 1174-1174

Starting ML tree search with 10 distinct starting trees

[00:00:14] ML tree search #1, logLikelihood: -21696.368301
[00:00:26] ML tree search #2, logLikelihood: -21696.369963
[00:00:39] ML tree search #3, logLikelihood: -21696.369870
[00:00:51] ML tree search #4, logLikelihood: -21696.368648
[00:01:02] ML tree search #5, logLikelihood: -21696.369945
[00:01:12] ML tree search #6, logLikelihood: -21696.368641
[00:01:23] ML tree search #7, logLikelihood: -21696.370312
[00:01:34] ML tree search #8, logLikelihood: -21696.373895
[00:01:47] ML tree search #9, logLikelihood: -21696.368670
[00:01:56] ML tree search #10, logLikelihood: -21696.368160

[00:01:57] ML tree search completed, best tree logLH: -21696.368160

[00:01:57] Starting bootstrapping analysis with 100 replicates.

[00:02:09] Bootstrap tree #1, logLikelihood: -21296.621652
[00:02:18] Bootstrap tree #2, logLikelihood: -21883.051714
[00:02:28] Bootstrap tree #3, logLikelihood: -21681.245147
[00:02:40] Bootstrap tree #4, logLikelihood: -21317.693405
[00:02:49] Bootstrap tree #5, logLikelihood: -21721.340264
[00:03:00] Bootstrap tree #6, logLikelihood: -21993.732816
[00:03:09] Bootstrap tree #7, logLikelihood: -21907.954293
[00:03:19] Bootstrap tree #8, logLikelihood: -21893.239009
[00:03:29] Bootstrap tree #9, logLikelihood: -21484.281543
[00:03:42] Bootstrap tree #10, logLikelihood: -20999.272528
[00:03:54] Bootstrap tree #11, logLikelihood: -21498.503416
[00:04:06] Bootstrap tree #12, logLikelihood: -21972.493204
[00:04:17] Bootstrap tree #13, logLikelihood: -22244.060051
[00:04:28] Bootstrap tree #14, logLikelihood: -21824.658860
[00:04:40] Bootstrap tree #15, logLikelihood: -21283.221567
[00:04:52] Bootstrap tree #16, logLikelihood: -21846.714997
[00:05:01] Bootstrap tree #17, logLikelihood: -21708.735024
[00:05:16] Bootstrap tree #18, logLikelihood: -22148.398861
[00:05:26] Bootstrap tree #19, logLikelihood: -22063.589608
[00:05:36] Bootstrap tree #20, logLikelihood: -22260.390898
[00:05:47] Bootstrap tree #21, logLikelihood: -21428.219267
[00:05:57] Bootstrap tree #22, logLikelihood: -22040.147522
[00:06:08] Bootstrap tree #23, logLikelihood: -21357.993053
[00:06:19] Bootstrap tree #24, logLikelihood: -21609.306379
[00:06:31] Bootstrap tree #25, logLikelihood: -21857.332279
[00:06:43] Bootstrap tree #26, logLikelihood: -21400.015592
[00:06:53] Bootstrap tree #27, logLikelihood: -21992.070996
[00:07:04] Bootstrap tree #28, logLikelihood: -21940.373840
[00:07:15] Bootstrap tree #29, logLikelihood: -21921.154217
[00:07:27] Bootstrap tree #30, logLikelihood: -21966.314971
[00:07:40] Bootstrap tree #31, logLikelihood: -20883.250239
[00:07:54] Bootstrap tree #32, logLikelihood: -21980.878083
[00:08:05] Bootstrap tree #33, logLikelihood: -21665.831047
[00:08:16] Bootstrap tree #34, logLikelihood: -21561.759521
[00:08:26] Bootstrap tree #35, logLikelihood: -22226.997983
[00:08:37] Bootstrap tree #36, logLikelihood: -22373.723589
[00:08:49] Bootstrap tree #37, logLikelihood: -21336.764024
[00:09:00] Bootstrap tree #38, logLikelihood: -22071.280258
[00:09:11] Bootstrap tree #39, logLikelihood: -22132.721516
[00:09:22] Bootstrap tree #40, logLikelihood: -21289.290693
[00:09:33] Bootstrap tree #41, logLikelihood: -21549.319223
[00:09:43] Bootstrap tree #42, logLikelihood: -21069.875065
[00:09:56] Bootstrap tree #43, logLikelihood: -22151.869595
[00:10:09] Bootstrap tree #44, logLikelihood: -21690.410476
[00:10:20] Bootstrap tree #45, logLikelihood: -21553.974687
[00:10:32] Bootstrap tree #46, logLikelihood: -21253.701600
[00:10:43] Bootstrap tree #47, logLikelihood: -21230.787705
[00:10:55] Bootstrap tree #48, logLikelihood: -22296.898799
[00:11:08] Bootstrap tree #49, logLikelihood: -21940.540548
[00:11:21] Bootstrap tree #50, logLikelihood: -21730.254531
[00:11:33] Bootstrap tree #51, logLikelihood: -21574.480773
[00:11:46] Bootstrap tree #52, logLikelihood: -22406.883419
[00:11:59] Bootstrap tree #53, logLikelihood: -21633.250446
[00:12:11] Bootstrap tree #54, logLikelihood: -21411.032807
[00:12:23] Bootstrap tree #55, logLikelihood: -21355.145843
[00:12:35] Bootstrap tree #56, logLikelihood: -21816.043611
[00:12:48] Bootstrap tree #57, logLikelihood: -22095.482537
[00:13:00] Bootstrap tree #58, logLikelihood: -21763.296786
[00:13:12] Bootstrap tree #59, logLikelihood: -21715.557738
[00:13:23] Bootstrap tree #60, logLikelihood: -21390.481623
[00:13:32] Bootstrap tree #61, logLikelihood: -21805.600462
[00:13:43] Bootstrap tree #62, logLikelihood: -21616.580409
[00:13:56] Bootstrap tree #63, logLikelihood: -21826.333280
[00:14:08] Bootstrap tree #64, logLikelihood: -21654.017771
[00:14:20] Bootstrap tree #65, logLikelihood: -21074.841469
[00:14:31] Bootstrap tree #66, logLikelihood: -20856.763610
[00:14:44] Bootstrap tree #67, logLikelihood: -21486.434983
[00:14:54] Bootstrap tree #68, logLikelihood: -21181.315171
[00:15:07] Bootstrap tree #69, logLikelihood: -21821.433638
[00:15:19] Bootstrap tree #70, logLikelihood: -21701.016398
[00:15:33] Bootstrap tree #71, logLikelihood: -21634.017687
[00:15:46] Bootstrap tree #72, logLikelihood: -21397.049102
[00:15:59] Bootstrap tree #73, logLikelihood: -21994.871155
[00:16:10] Bootstrap tree #74, logLikelihood: -21704.798618
[00:16:23] Bootstrap tree #75, logLikelihood: -21503.878450
[00:16:35] Bootstrap tree #76, logLikelihood: -21267.646167
[00:16:51] Bootstrap tree #77, logLikelihood: -21631.352417
[00:17:03] Bootstrap tree #78, logLikelihood: -21726.692907
[00:17:13] Bootstrap tree #79, logLikelihood: -22009.263955
[00:17:24] Bootstrap tree #80, logLikelihood: -22089.232090
[00:17:35] Bootstrap tree #81, logLikelihood: -20823.099254
[00:17:51] Bootstrap tree #82, logLikelihood: -21390.434048
[00:18:02] Bootstrap tree #83, logLikelihood: -20926.414794
[00:18:15] Bootstrap tree #84, logLikelihood: -22122.131444
[00:18:27] Bootstrap tree #85, logLikelihood: -21350.262531
[00:18:41] Bootstrap tree #86, logLikelihood: -21816.707524
[00:18:55] Bootstrap tree #87, logLikelihood: -21227.293746
[00:19:13] Bootstrap tree #88, logLikelihood: -21396.236716
[00:19:26] Bootstrap tree #89, logLikelihood: -22119.266122
[00:19:36] Bootstrap tree #90, logLikelihood: -21815.621907
[00:19:49] Bootstrap tree #91, logLikelihood: -21787.990580
[00:20:00] Bootstrap tree #92, logLikelihood: -21394.548155
[00:20:12] Bootstrap tree #93, logLikelihood: -21226.490741
[00:20:22] Bootstrap tree #94, logLikelihood: -21582.102052
[00:20:37] Bootstrap tree #95, logLikelihood: -21523.251679
[00:20:48] Bootstrap tree #96, logLikelihood: -21078.777325
[00:21:00] Bootstrap tree #97, logLikelihood: -22255.916316
[00:21:14] Bootstrap tree #98, logLikelihood: -21414.530370
[00:21:26] Bootstrap tree #99, logLikelihood: -22239.502663
[00:21:38] Bootstrap tree #100, logLikelihood: -21992.587284

Optimized model parameters:

   Partition 0: noname
   Rate heterogeneity: GAMMA (4 cats, mean),  alpha: 0.413599 (ML),  weights&rates: (0.250000,0.018724) (0.250000,0.191839) (0.250000,0.745586) (0.250000,3.043850) 
   Base frequencies (ML): 0.193699 0.320601 0.298160 0.187540 
   Substitution rates (ML): 0.924483 3.600825 1.490633 0.537363 4.364543 1.000000 

Final LogLikelihood: -21696.368160

All ML trees saved to: /mnt/lustre/scratch/home/uvi/be/avs/cancer_genes_selection/genes/FGFR4/tree/FGFR4_trimmed.raxml.mlTrees
Best ML tree saved to: /mnt/lustre/scratch/home/uvi/be/avs/cancer_genes_selection/genes/FGFR4/tree/FGFR4_trimmed.raxml.bestTree
Best ML tree with bootstrap support values saved to: /mnt/lustre/scratch/home/uvi/be/avs/cancer_genes_selection/genes/FGFR4/tree/FGFR4_trimmed.raxml.support
Optimized model saved to: /mnt/lustre/scratch/home/uvi/be/avs/cancer_genes_selection/genes/FGFR4/tree/FGFR4_trimmed.raxml.bestModel
Bootstrap trees saved to: /mnt/lustre/scratch/home/uvi/be/avs/cancer_genes_selection/genes/FGFR4/tree/FGFR4_trimmed.raxml.bootstraps

Execution log saved to: /mnt/lustre/scratch/home/uvi/be/avs/cancer_genes_selection/genes/FGFR4/tree/FGFR4_trimmed.raxml.log

Analysis started: 26-Mar-2018 21:35:19 / finished: 26-Mar-2018 21:57:01

Elapsed time: 1302.213 seconds

