
RAxML-NG v. 0.5.1b BETA released on 01.12.2017 by The Exelixis Lab.
Authors: Alexey Kozlov, Alexandros Stamatakis, Diego Darriba, Tomas Flouri, Benoit Morel.
Latest version: https://github.com/amkozlov/raxml-ng
Questions/problems/suggestions? Please visit: https://groups.google.com/forum/#!forum/raxml

WARNING: This is a BETA release, please use at your own risk!

RAxML-NG was called as follows:

raxml-ng-mpi --all --msa /mnt/lustre/scratch/home/uvi/be/avs/cancer_genes_selection/genes/SMAD3/align/SMAD3_align_DNA_trimmed.fasta --model GTR+G -tree pars{10} --bs-trees 100 --prefix /mnt/lustre/scratch/home/uvi/be/avs/cancer_genes_selection/genes/SMAD3/tree/SMAD3 --redo

Analysis options:
  run mode: ML tree search + bootstrapping
  start tree(s): parsimony (10)
  random seed: 1521669792
  tip-inner: ON
  pattern compression: ON
  per-rate scalers: OFF
  site repeats: OFF
  branch lengths: ML estimate (linked)
  SIMD kernels: AVX2
  parallelization: NONE/sequential

WARNING: Running in REDO mode: existing checkpoints are ignored, and all result files will be overwritten!

[00:00:00] Reading alignment from file: /mnt/lustre/scratch/home/uvi/be/avs/cancer_genes_selection/genes/SMAD3/align/SMAD3_align_DNA_trimmed.fasta
[00:00:00] Loaded alignment with 29 taxa and 1278 sites

Alignment comprises 1 partitions and 511 patterns

Partition 0: noname
Model: GTR+FO+G4m
Alignment sites / patterns: 1278 / 511
Gaps: 11.05 %
Invariant sites: 60.72 %


[00:00:01] Generating parsimony starting tree(s) with 29 taxa
[00:00:01] Data distribution: partitions/thread: 1-1, patterns/thread: 511-511

Starting ML tree search with 10 distinct starting trees

[00:00:08] ML tree search #1, logLikelihood: -8034.477956
[00:00:15] ML tree search #2, logLikelihood: -8037.087471
[00:00:22] ML tree search #3, logLikelihood: -8035.074431
[00:00:28] ML tree search #4, logLikelihood: -8037.047393
[00:00:35] ML tree search #5, logLikelihood: -8037.087955
[00:00:44] ML tree search #6, logLikelihood: -8035.128888
[00:00:50] ML tree search #7, logLikelihood: -8035.087528
[00:00:57] ML tree search #8, logLikelihood: -8037.045410
[00:01:04] ML tree search #9, logLikelihood: -8037.045107
[00:01:12] ML tree search #10, logLikelihood: -8037.168620

[00:01:12] ML tree search completed, best tree logLH: -8034.477956

[00:01:12] Starting bootstrapping analysis with 100 replicates.

[00:01:17] Bootstrap tree #1, logLikelihood: -8035.667009
[00:01:25] Bootstrap tree #2, logLikelihood: -8182.173088
[00:01:33] Bootstrap tree #3, logLikelihood: -8518.362153
[00:01:40] Bootstrap tree #4, logLikelihood: -7991.595175
[00:01:47] Bootstrap tree #5, logLikelihood: -7751.313591
[00:01:54] Bootstrap tree #6, logLikelihood: -7890.548657
[00:02:00] Bootstrap tree #7, logLikelihood: -7826.913277
[00:02:06] Bootstrap tree #8, logLikelihood: -8333.023276
[00:02:12] Bootstrap tree #9, logLikelihood: -7842.101933
[00:02:20] Bootstrap tree #10, logLikelihood: -8330.353460
[00:02:27] Bootstrap tree #11, logLikelihood: -8294.374833
[00:02:35] Bootstrap tree #12, logLikelihood: -7987.741333
[00:02:43] Bootstrap tree #13, logLikelihood: -8086.410465
[00:02:49] Bootstrap tree #14, logLikelihood: -7919.721569
[00:02:56] Bootstrap tree #15, logLikelihood: -8059.036703
[00:03:03] Bootstrap tree #16, logLikelihood: -8063.957309
[00:03:09] Bootstrap tree #17, logLikelihood: -8058.806594
[00:03:17] Bootstrap tree #18, logLikelihood: -8130.805501
[00:03:24] Bootstrap tree #19, logLikelihood: -7621.287647
[00:03:32] Bootstrap tree #20, logLikelihood: -8142.590668
[00:03:38] Bootstrap tree #21, logLikelihood: -7919.358348
[00:03:47] Bootstrap tree #22, logLikelihood: -7465.458345
[00:03:54] Bootstrap tree #23, logLikelihood: -8090.144284
[00:04:00] Bootstrap tree #24, logLikelihood: -8063.925316
[00:04:07] Bootstrap tree #25, logLikelihood: -7600.327238
[00:04:13] Bootstrap tree #26, logLikelihood: -8352.596951
[00:04:20] Bootstrap tree #27, logLikelihood: -8106.539985
[00:04:27] Bootstrap tree #28, logLikelihood: -7782.187988
[00:04:37] Bootstrap tree #29, logLikelihood: -8415.218345
[00:04:43] Bootstrap tree #30, logLikelihood: -8433.041799
[00:04:52] Bootstrap tree #31, logLikelihood: -8242.403227
[00:05:00] Bootstrap tree #32, logLikelihood: -8183.123391
[00:05:09] Bootstrap tree #33, logLikelihood: -7990.057178
[00:05:17] Bootstrap tree #34, logLikelihood: -8600.135738
[00:05:24] Bootstrap tree #35, logLikelihood: -7821.062944
[00:05:30] Bootstrap tree #36, logLikelihood: -7795.672313
[00:05:38] Bootstrap tree #37, logLikelihood: -8090.567594
[00:05:47] Bootstrap tree #38, logLikelihood: -7837.485768
[00:05:56] Bootstrap tree #39, logLikelihood: -8156.774111
[00:06:04] Bootstrap tree #40, logLikelihood: -8102.090870
[00:06:13] Bootstrap tree #41, logLikelihood: -8275.027862
[00:06:23] Bootstrap tree #42, logLikelihood: -8100.475574
[00:06:34] Bootstrap tree #43, logLikelihood: -8196.186431
[00:06:42] Bootstrap tree #44, logLikelihood: -7803.258317
[00:06:50] Bootstrap tree #45, logLikelihood: -7794.333353
[00:06:57] Bootstrap tree #46, logLikelihood: -8226.241088
[00:07:04] Bootstrap tree #47, logLikelihood: -7457.512401
[00:07:13] Bootstrap tree #48, logLikelihood: -8306.872308
[00:07:21] Bootstrap tree #49, logLikelihood: -7917.891513
[00:07:29] Bootstrap tree #50, logLikelihood: -7979.190358
[00:07:37] Bootstrap tree #51, logLikelihood: -8223.505059
[00:07:46] Bootstrap tree #52, logLikelihood: -7790.749290
[00:07:53] Bootstrap tree #53, logLikelihood: -7743.801789
[00:08:03] Bootstrap tree #54, logLikelihood: -8225.591237
[00:08:10] Bootstrap tree #55, logLikelihood: -7917.744100
[00:08:18] Bootstrap tree #56, logLikelihood: -8119.411117
[00:08:31] Bootstrap tree #57, logLikelihood: -8303.710510
[00:08:41] Bootstrap tree #58, logLikelihood: -8357.696923
[00:08:48] Bootstrap tree #59, logLikelihood: -8023.598899
[00:08:55] Bootstrap tree #60, logLikelihood: -7806.104117
[00:09:01] Bootstrap tree #61, logLikelihood: -7840.540213
[00:09:09] Bootstrap tree #62, logLikelihood: -8232.150396
[00:09:16] Bootstrap tree #63, logLikelihood: -7611.921510
[00:09:26] Bootstrap tree #64, logLikelihood: -7761.128129
[00:09:34] Bootstrap tree #65, logLikelihood: -7654.727597
[00:09:41] Bootstrap tree #66, logLikelihood: -7678.168842
[00:09:49] Bootstrap tree #67, logLikelihood: -7876.313348
[00:09:56] Bootstrap tree #68, logLikelihood: -8106.759837
[00:10:06] Bootstrap tree #69, logLikelihood: -7547.660090
[00:10:14] Bootstrap tree #70, logLikelihood: -8191.343393
[00:10:21] Bootstrap tree #71, logLikelihood: -7685.732216
[00:10:28] Bootstrap tree #72, logLikelihood: -7849.323486
[00:10:37] Bootstrap tree #73, logLikelihood: -7826.281118
[00:10:44] Bootstrap tree #74, logLikelihood: -8047.681631
[00:10:52] Bootstrap tree #75, logLikelihood: -7953.272757
[00:11:01] Bootstrap tree #76, logLikelihood: -8079.495158
[00:11:10] Bootstrap tree #77, logLikelihood: -7873.515640
[00:11:18] Bootstrap tree #78, logLikelihood: -7768.154856
[00:11:27] Bootstrap tree #79, logLikelihood: -8353.723927
[00:11:42] Bootstrap tree #80, logLikelihood: -8310.613004
[00:11:49] Bootstrap tree #81, logLikelihood: -7997.366236
[00:11:57] Bootstrap tree #82, logLikelihood: -7710.160326
[00:12:05] Bootstrap tree #83, logLikelihood: -7813.061889
[00:12:12] Bootstrap tree #84, logLikelihood: -8028.450764
[00:12:20] Bootstrap tree #85, logLikelihood: -8058.783634
[00:12:29] Bootstrap tree #86, logLikelihood: -8540.039579
[00:12:41] Bootstrap tree #87, logLikelihood: -8428.136829
[00:12:49] Bootstrap tree #88, logLikelihood: -8263.005444
[00:12:59] Bootstrap tree #89, logLikelihood: -7959.315108
[00:13:07] Bootstrap tree #90, logLikelihood: -7910.181714
[00:13:16] Bootstrap tree #91, logLikelihood: -8565.244902
[00:13:24] Bootstrap tree #92, logLikelihood: -8453.697958
[00:13:33] Bootstrap tree #93, logLikelihood: -7775.571435
[00:13:44] Bootstrap tree #94, logLikelihood: -7754.497724
[00:13:54] Bootstrap tree #95, logLikelihood: -7978.520191
[00:14:02] Bootstrap tree #96, logLikelihood: -8001.389306
[00:14:10] Bootstrap tree #97, logLikelihood: -8092.616429
[00:14:19] Bootstrap tree #98, logLikelihood: -8313.909543
[00:14:27] Bootstrap tree #99, logLikelihood: -8568.309325
[00:14:36] Bootstrap tree #100, logLikelihood: -8249.381530

Optimized model parameters:

   Partition 0: noname
   Rate heterogeneity: GAMMA (4 cats, mean),  alpha: 0.319634 (ML),  weights&rates: (0.250000,0.007022) (0.250000,0.119829) (0.250000,0.627348) (0.250000,3.245800) 
   Base frequencies (ML): 0.212263 0.334793 0.250957 0.201987 
   Substitution rates (ML): 1.312093 4.001203 0.896346 0.985798 5.908109 1.000000 

Final LogLikelihood: -8034.477956

All ML trees saved to: /mnt/lustre/scratch/home/uvi/be/avs/cancer_genes_selection/genes/SMAD3/tree/SMAD3.raxml.mlTrees
Best ML tree saved to: /mnt/lustre/scratch/home/uvi/be/avs/cancer_genes_selection/genes/SMAD3/tree/SMAD3.raxml.bestTree
Best ML tree with bootstrap support values saved to: /mnt/lustre/scratch/home/uvi/be/avs/cancer_genes_selection/genes/SMAD3/tree/SMAD3.raxml.support
Optimized model saved to: /mnt/lustre/scratch/home/uvi/be/avs/cancer_genes_selection/genes/SMAD3/tree/SMAD3.raxml.bestModel
Bootstrap trees saved to: /mnt/lustre/scratch/home/uvi/be/avs/cancer_genes_selection/genes/SMAD3/tree/SMAD3.raxml.bootstraps

Execution log saved to: /mnt/lustre/scratch/home/uvi/be/avs/cancer_genes_selection/genes/SMAD3/tree/SMAD3.raxml.log

Analysis started: 21-Mar-2018 23:03:12 / finished: 21-Mar-2018 23:17:52

Elapsed time: 879.539 seconds

