
RAxML-NG v. 0.5.1b BETA released on 01.12.2017 by The Exelixis Lab.
Authors: Alexey Kozlov, Alexandros Stamatakis, Diego Darriba, Tomas Flouri, Benoit Morel.
Latest version: https://github.com/amkozlov/raxml-ng
Questions/problems/suggestions? Please visit: https://groups.google.com/forum/#!forum/raxml

WARNING: This is a BETA release, please use at your own risk!

RAxML-NG was called as follows:

raxml-ng-mpi --all --msa /mnt/lustre/scratch/home/uvi/be/avs/cancer_genes_selection/genes/KIT/align/KIT_align_DNA_trimmed2.fasta --model GTR+G -tree pars{10} --bs-trees 100 --prefix /mnt/lustre/scratch/home/uvi/be/avs/cancer_genes_selection/genes/KIT/tree/KIT_trimmed --redo

Analysis options:
  run mode: ML tree search + bootstrapping
  start tree(s): parsimony (10)
  random seed: 1522096078
  tip-inner: ON
  pattern compression: ON
  per-rate scalers: OFF
  site repeats: OFF
  branch lengths: ML estimate (linked)
  SIMD kernels: AVX2
  parallelization: NONE/sequential

WARNING: Running in REDO mode: existing checkpoints are ignored, and all result files will be overwritten!

[00:00:00] Reading alignment from file: /mnt/lustre/scratch/home/uvi/be/avs/cancer_genes_selection/genes/KIT/align/KIT_align_DNA_trimmed2.fasta
[00:00:01] Loaded alignment with 17 taxa and 2931 sites

Alignment comprises 1 partitions and 1277 patterns

Partition 0: noname
Model: GTR+FO+G4m
Alignment sites / patterns: 2931 / 1277
Gaps: 2.16 %
Invariant sites: 43.94 %


[00:00:01] Generating parsimony starting tree(s) with 17 taxa
[00:00:01] Data distribution: partitions/thread: 1-1, patterns/thread: 1277-1277

Starting ML tree search with 10 distinct starting trees

[00:00:07] ML tree search #1, logLikelihood: -20830.311016
[00:00:14] ML tree search #2, logLikelihood: -20830.310861
[00:00:21] ML tree search #3, logLikelihood: -20830.310520
[00:00:27] ML tree search #4, logLikelihood: -20830.310842
[00:00:34] ML tree search #5, logLikelihood: -20830.310364
[00:00:43] ML tree search #6, logLikelihood: -20830.311102
[00:00:50] ML tree search #7, logLikelihood: -20830.310560
[00:00:57] ML tree search #8, logLikelihood: -20830.310447
[00:01:05] ML tree search #9, logLikelihood: -20830.310433
[00:01:12] ML tree search #10, logLikelihood: -20830.310741

[00:01:12] ML tree search completed, best tree logLH: -20830.310364

[00:01:12] Starting bootstrapping analysis with 100 replicates.

[00:01:20] Bootstrap tree #1, logLikelihood: -21016.683281
[00:01:27] Bootstrap tree #2, logLikelihood: -20782.777537
[00:01:34] Bootstrap tree #3, logLikelihood: -20874.731638
[00:01:41] Bootstrap tree #4, logLikelihood: -20955.590295
[00:01:49] Bootstrap tree #5, logLikelihood: -20746.011088
[00:01:56] Bootstrap tree #6, logLikelihood: -19801.025069
[00:02:03] Bootstrap tree #7, logLikelihood: -21015.860473
[00:02:11] Bootstrap tree #8, logLikelihood: -20629.424844
[00:02:18] Bootstrap tree #9, logLikelihood: -21187.895607
[00:02:25] Bootstrap tree #10, logLikelihood: -20416.253360
[00:02:34] Bootstrap tree #11, logLikelihood: -20941.716353
[00:02:40] Bootstrap tree #12, logLikelihood: -20656.246777
[00:02:47] Bootstrap tree #13, logLikelihood: -20700.439357
[00:02:53] Bootstrap tree #14, logLikelihood: -20763.663376
[00:03:01] Bootstrap tree #15, logLikelihood: -20893.524727
[00:03:08] Bootstrap tree #16, logLikelihood: -20865.082913
[00:03:14] Bootstrap tree #17, logLikelihood: -21110.918801
[00:03:22] Bootstrap tree #18, logLikelihood: -20303.716266
[00:03:29] Bootstrap tree #19, logLikelihood: -20823.743999
[00:03:36] Bootstrap tree #20, logLikelihood: -20458.755846
[00:03:42] Bootstrap tree #21, logLikelihood: -20887.587023
[00:03:51] Bootstrap tree #22, logLikelihood: -20242.625453
[00:04:00] Bootstrap tree #23, logLikelihood: -20759.193694
[00:04:08] Bootstrap tree #24, logLikelihood: -20358.926080
[00:04:15] Bootstrap tree #25, logLikelihood: -21068.615673
[00:04:24] Bootstrap tree #26, logLikelihood: -20712.507109
[00:04:32] Bootstrap tree #27, logLikelihood: -20718.283761
[00:04:41] Bootstrap tree #28, logLikelihood: -20935.926192
[00:04:48] Bootstrap tree #29, logLikelihood: -20482.046802
[00:04:55] Bootstrap tree #30, logLikelihood: -20544.661360
[00:05:03] Bootstrap tree #31, logLikelihood: -20649.823720
[00:05:10] Bootstrap tree #32, logLikelihood: -21050.205192
[00:05:19] Bootstrap tree #33, logLikelihood: -20865.308895
[00:05:26] Bootstrap tree #34, logLikelihood: -21158.707036
[00:05:34] Bootstrap tree #35, logLikelihood: -21028.752700
[00:05:42] Bootstrap tree #36, logLikelihood: -21109.535256
[00:05:50] Bootstrap tree #37, logLikelihood: -20837.874025
[00:05:57] Bootstrap tree #38, logLikelihood: -21200.825393
[00:06:03] Bootstrap tree #39, logLikelihood: -20250.153579
[00:06:12] Bootstrap tree #40, logLikelihood: -20455.092228
[00:06:21] Bootstrap tree #41, logLikelihood: -21047.620769
[00:06:28] Bootstrap tree #42, logLikelihood: -20750.388677
[00:06:37] Bootstrap tree #43, logLikelihood: -20914.626649
[00:06:46] Bootstrap tree #44, logLikelihood: -20690.655151
[00:06:54] Bootstrap tree #45, logLikelihood: -20782.842969
[00:07:02] Bootstrap tree #46, logLikelihood: -20890.286882
[00:07:10] Bootstrap tree #47, logLikelihood: -20284.167591
[00:07:18] Bootstrap tree #48, logLikelihood: -20276.272529
[00:07:25] Bootstrap tree #49, logLikelihood: -21188.890796
[00:07:32] Bootstrap tree #50, logLikelihood: -20633.448865
[00:07:41] Bootstrap tree #51, logLikelihood: -21033.645779
[00:07:50] Bootstrap tree #52, logLikelihood: -20568.513705
[00:07:59] Bootstrap tree #53, logLikelihood: -20546.501446
[00:08:08] Bootstrap tree #54, logLikelihood: -20782.745525
[00:08:16] Bootstrap tree #55, logLikelihood: -20990.387757
[00:08:23] Bootstrap tree #56, logLikelihood: -21012.208252
[00:08:31] Bootstrap tree #57, logLikelihood: -20782.711774
[00:08:40] Bootstrap tree #58, logLikelihood: -20374.011784
[00:08:48] Bootstrap tree #59, logLikelihood: -20567.475567
[00:08:57] Bootstrap tree #60, logLikelihood: -20454.058526
[00:09:05] Bootstrap tree #61, logLikelihood: -20251.073068
[00:09:15] Bootstrap tree #62, logLikelihood: -20386.801608
[00:09:23] Bootstrap tree #63, logLikelihood: -20753.762705
[00:09:32] Bootstrap tree #64, logLikelihood: -20713.481643
[00:09:39] Bootstrap tree #65, logLikelihood: -20708.132574
[00:09:48] Bootstrap tree #66, logLikelihood: -21137.316086
[00:09:56] Bootstrap tree #67, logLikelihood: -20725.076380
[00:10:04] Bootstrap tree #68, logLikelihood: -20655.636001
[00:10:12] Bootstrap tree #69, logLikelihood: -20985.663904
[00:10:20] Bootstrap tree #70, logLikelihood: -20617.804262
[00:10:29] Bootstrap tree #71, logLikelihood: -20568.566083
[00:10:37] Bootstrap tree #72, logLikelihood: -20685.705046
[00:10:45] Bootstrap tree #73, logLikelihood: -20706.831712
[00:10:54] Bootstrap tree #74, logLikelihood: -20654.969191
[00:11:01] Bootstrap tree #75, logLikelihood: -20696.632062
[00:11:09] Bootstrap tree #76, logLikelihood: -21005.211766
[00:11:16] Bootstrap tree #77, logLikelihood: -20767.776016
[00:11:24] Bootstrap tree #78, logLikelihood: -20469.556922
[00:11:32] Bootstrap tree #79, logLikelihood: -21033.709150
[00:11:40] Bootstrap tree #80, logLikelihood: -21146.682293
[00:11:48] Bootstrap tree #81, logLikelihood: -20696.511703
[00:11:59] Bootstrap tree #82, logLikelihood: -20504.794218
[00:12:08] Bootstrap tree #83, logLikelihood: -21019.052961
[00:12:16] Bootstrap tree #84, logLikelihood: -21301.267344
[00:12:25] Bootstrap tree #85, logLikelihood: -21253.331939
[00:12:32] Bootstrap tree #86, logLikelihood: -20567.045000
[00:12:40] Bootstrap tree #87, logLikelihood: -20776.396281
[00:12:49] Bootstrap tree #88, logLikelihood: -21200.118153
[00:12:58] Bootstrap tree #89, logLikelihood: -21367.109287
[00:13:08] Bootstrap tree #90, logLikelihood: -20752.864544
[00:13:16] Bootstrap tree #91, logLikelihood: -20980.705473
[00:13:24] Bootstrap tree #92, logLikelihood: -21180.421669
[00:13:32] Bootstrap tree #93, logLikelihood: -20304.651277
[00:13:39] Bootstrap tree #94, logLikelihood: -21228.800916
[00:13:48] Bootstrap tree #95, logLikelihood: -20911.764752
[00:13:56] Bootstrap tree #96, logLikelihood: -21153.000607
[00:14:04] Bootstrap tree #97, logLikelihood: -20668.735440
[00:14:12] Bootstrap tree #98, logLikelihood: -21316.649967
[00:14:19] Bootstrap tree #99, logLikelihood: -20831.573558
[00:14:27] Bootstrap tree #100, logLikelihood: -20940.457236

Optimized model parameters:

   Partition 0: noname
   Rate heterogeneity: GAMMA (4 cats, mean),  alpha: 0.434502 (ML),  weights&rates: (0.250000,0.021990) (0.250000,0.207027) (0.250000,0.766071) (0.250000,3.004911) 
   Base frequencies (ML): 0.237431 0.282076 0.263575 0.216919 
   Substitution rates (ML): 1.575422 4.927258 0.869745 1.246769 5.876335 1.000000 

Final LogLikelihood: -20830.310364

All ML trees saved to: /mnt/lustre/scratch/home/uvi/be/avs/cancer_genes_selection/genes/KIT/tree/KIT_trimmed.raxml.mlTrees
Best ML tree saved to: /mnt/lustre/scratch/home/uvi/be/avs/cancer_genes_selection/genes/KIT/tree/KIT_trimmed.raxml.bestTree
Best ML tree with bootstrap support values saved to: /mnt/lustre/scratch/home/uvi/be/avs/cancer_genes_selection/genes/KIT/tree/KIT_trimmed.raxml.support
Optimized model saved to: /mnt/lustre/scratch/home/uvi/be/avs/cancer_genes_selection/genes/KIT/tree/KIT_trimmed.raxml.bestModel
Bootstrap trees saved to: /mnt/lustre/scratch/home/uvi/be/avs/cancer_genes_selection/genes/KIT/tree/KIT_trimmed.raxml.bootstraps

Execution log saved to: /mnt/lustre/scratch/home/uvi/be/avs/cancer_genes_selection/genes/KIT/tree/KIT_trimmed.raxml.log

Analysis started: 26-Mar-2018 22:27:58 / finished: 26-Mar-2018 22:42:29

Elapsed time: 870.638 seconds

