
RAxML-NG v. 0.5.1b BETA released on 01.12.2017 by The Exelixis Lab.
Authors: Alexey Kozlov, Alexandros Stamatakis, Diego Darriba, Tomas Flouri, Benoit Morel.
Latest version: https://github.com/amkozlov/raxml-ng
Questions/problems/suggestions? Please visit: https://groups.google.com/forum/#!forum/raxml

WARNING: This is a BETA release, please use at your own risk!

RAxML-NG was called as follows:

raxml-ng-mpi --all --msa /mnt/lustre/scratch/home/uvi/be/avs/cancer_genes_selection/genes/ATR/align/ATR_align_DNA_trimmed2.fasta --model GTR+G -tree pars{10} --bs-trees 100 --prefix /mnt/lustre/scratch/home/uvi/be/avs/cancer_genes_selection/genes/ATR/tree/ATR_trimmed --redo

Analysis options:
  run mode: ML tree search + bootstrapping
  start tree(s): parsimony (10)
  random seed: 1522085300
  tip-inner: ON
  pattern compression: ON
  per-rate scalers: OFF
  site repeats: OFF
  branch lengths: ML estimate (linked)
  SIMD kernels: AVX2
  parallelization: NONE/sequential

WARNING: Running in REDO mode: existing checkpoints are ignored, and all result files will be overwritten!

[00:00:01] Reading alignment from file: /mnt/lustre/scratch/home/uvi/be/avs/cancer_genes_selection/genes/ATR/align/ATR_align_DNA_trimmed2.fasta
[00:00:01] Loaded alignment with 28 taxa and 7935 sites

Alignment comprises 1 partitions and 3451 patterns

Partition 0: noname
Model: GTR+FO+G4m
Alignment sites / patterns: 7935 / 3451
Gaps: 3.66 %
Invariant sites: 50.72 %


[00:00:01] Generating parsimony starting tree(s) with 28 taxa
[00:00:02] Data distribution: partitions/thread: 1-1, patterns/thread: 3451-3451

Starting ML tree search with 10 distinct starting trees

[00:00:18] ML tree search #1, logLikelihood: -54232.533025
[00:00:38] ML tree search #2, logLikelihood: -54232.533041
[00:00:59] ML tree search #3, logLikelihood: -54232.532997
[00:01:21] ML tree search #4, logLikelihood: -54232.533163
[00:01:40] ML tree search #5, logLikelihood: -54232.533250
[00:02:00] ML tree search #6, logLikelihood: -54232.532827
[00:02:20] ML tree search #7, logLikelihood: -54232.533236
[00:02:43] ML tree search #8, logLikelihood: -54232.533339
[00:03:04] ML tree search #9, logLikelihood: -54232.533996
[00:03:27] ML tree search #10, logLikelihood: -54232.533284

[00:03:28] ML tree search completed, best tree logLH: -54232.532827

[00:03:28] Starting bootstrapping analysis with 100 replicates.

[00:03:47] Bootstrap tree #1, logLikelihood: -53676.440306
[00:04:05] Bootstrap tree #2, logLikelihood: -53846.633978
[00:04:25] Bootstrap tree #3, logLikelihood: -54032.154748
[00:04:47] Bootstrap tree #4, logLikelihood: -54460.585429
[00:05:06] Bootstrap tree #5, logLikelihood: -54786.715901
[00:05:24] Bootstrap tree #6, logLikelihood: -54455.049450
[00:05:46] Bootstrap tree #7, logLikelihood: -53875.071291
[00:06:06] Bootstrap tree #8, logLikelihood: -54033.866734
[00:06:26] Bootstrap tree #9, logLikelihood: -54917.601647
[00:06:48] Bootstrap tree #10, logLikelihood: -54108.750466
[00:07:11] Bootstrap tree #11, logLikelihood: -54115.878980
[00:07:33] Bootstrap tree #12, logLikelihood: -53823.136655
[00:07:54] Bootstrap tree #13, logLikelihood: -54191.214260
[00:08:13] Bootstrap tree #14, logLikelihood: -53687.684317
[00:08:35] Bootstrap tree #15, logLikelihood: -54057.859511
[00:08:55] Bootstrap tree #16, logLikelihood: -54650.606375
[00:09:19] Bootstrap tree #17, logLikelihood: -54351.178395
[00:09:44] Bootstrap tree #18, logLikelihood: -53352.569896
[00:10:07] Bootstrap tree #19, logLikelihood: -53273.038685
[00:10:32] Bootstrap tree #20, logLikelihood: -54672.072148
[00:10:56] Bootstrap tree #21, logLikelihood: -54398.305286
[00:11:19] Bootstrap tree #22, logLikelihood: -53590.007740
[00:11:41] Bootstrap tree #23, logLikelihood: -53652.243515
[00:12:07] Bootstrap tree #24, logLikelihood: -53878.933819
[00:12:32] Bootstrap tree #25, logLikelihood: -53805.247899
[00:12:52] Bootstrap tree #26, logLikelihood: -54479.020452
[00:13:13] Bootstrap tree #27, logLikelihood: -54948.975759
[00:13:38] Bootstrap tree #28, logLikelihood: -55230.432015
[00:14:02] Bootstrap tree #29, logLikelihood: -53226.180061
[00:14:23] Bootstrap tree #30, logLikelihood: -54515.186732
[00:14:45] Bootstrap tree #31, logLikelihood: -53634.619803
[00:15:08] Bootstrap tree #32, logLikelihood: -55133.665608
[00:15:28] Bootstrap tree #33, logLikelihood: -53913.134319
[00:15:54] Bootstrap tree #34, logLikelihood: -54116.686157
[00:16:19] Bootstrap tree #35, logLikelihood: -53974.407826
[00:16:40] Bootstrap tree #36, logLikelihood: -54237.776290
[00:16:57] Bootstrap tree #37, logLikelihood: -54148.151899
[00:17:21] Bootstrap tree #38, logLikelihood: -54048.283660
[00:17:44] Bootstrap tree #39, logLikelihood: -54493.888558
[00:18:10] Bootstrap tree #40, logLikelihood: -54757.842683
[00:18:32] Bootstrap tree #41, logLikelihood: -54409.320602
[00:18:53] Bootstrap tree #42, logLikelihood: -54020.001286
[00:19:13] Bootstrap tree #43, logLikelihood: -54118.007995
[00:19:38] Bootstrap tree #44, logLikelihood: -55007.554305
[00:20:10] Bootstrap tree #45, logLikelihood: -54200.263635
[00:20:32] Bootstrap tree #46, logLikelihood: -54702.526497
[00:21:00] Bootstrap tree #47, logLikelihood: -54739.788008
[00:21:19] Bootstrap tree #48, logLikelihood: -54273.410156
[00:21:46] Bootstrap tree #49, logLikelihood: -54070.603219
[00:22:07] Bootstrap tree #50, logLikelihood: -53564.021711
[00:22:31] Bootstrap tree #51, logLikelihood: -54480.718094
[00:22:58] Bootstrap tree #52, logLikelihood: -54391.364283
[00:23:20] Bootstrap tree #53, logLikelihood: -54011.096578
[00:23:40] Bootstrap tree #54, logLikelihood: -53004.427235
[00:24:02] Bootstrap tree #55, logLikelihood: -54257.005185
[00:24:26] Bootstrap tree #56, logLikelihood: -54199.330864
[00:24:49] Bootstrap tree #57, logLikelihood: -54471.962231
[00:25:12] Bootstrap tree #58, logLikelihood: -54907.913813
[00:25:37] Bootstrap tree #59, logLikelihood: -53478.264987
[00:26:11] Bootstrap tree #60, logLikelihood: -54798.247351
[00:26:37] Bootstrap tree #61, logLikelihood: -53451.553420
[00:27:02] Bootstrap tree #62, logLikelihood: -54178.529447
[00:27:24] Bootstrap tree #63, logLikelihood: -53883.953663
[00:27:47] Bootstrap tree #64, logLikelihood: -54604.701971
[00:28:11] Bootstrap tree #65, logLikelihood: -53449.364864
[00:28:36] Bootstrap tree #66, logLikelihood: -55037.814324
[00:29:03] Bootstrap tree #67, logLikelihood: -54558.549764
[00:29:27] Bootstrap tree #68, logLikelihood: -55442.187734
[00:29:50] Bootstrap tree #69, logLikelihood: -54563.686034
[00:30:19] Bootstrap tree #70, logLikelihood: -53465.951627
[00:30:39] Bootstrap tree #71, logLikelihood: -55265.495754
[00:31:07] Bootstrap tree #72, logLikelihood: -54708.710374
[00:31:32] Bootstrap tree #73, logLikelihood: -54024.263850
[00:31:57] Bootstrap tree #74, logLikelihood: -54421.552909
[00:32:22] Bootstrap tree #75, logLikelihood: -54844.042291
[00:32:46] Bootstrap tree #76, logLikelihood: -53720.210190
[00:33:13] Bootstrap tree #77, logLikelihood: -53496.254439
[00:33:37] Bootstrap tree #78, logLikelihood: -54449.329897
[00:34:02] Bootstrap tree #79, logLikelihood: -54308.440910
[00:34:29] Bootstrap tree #80, logLikelihood: -55469.385039
[00:34:55] Bootstrap tree #81, logLikelihood: -53978.070568
[00:35:19] Bootstrap tree #82, logLikelihood: -54326.636815
[00:35:40] Bootstrap tree #83, logLikelihood: -54137.513624
[00:36:00] Bootstrap tree #84, logLikelihood: -53917.150777
[00:36:24] Bootstrap tree #85, logLikelihood: -54120.224543
[00:36:49] Bootstrap tree #86, logLikelihood: -54574.722511
[00:37:15] Bootstrap tree #87, logLikelihood: -54001.433962
[00:37:39] Bootstrap tree #88, logLikelihood: -53745.208752
[00:38:04] Bootstrap tree #89, logLikelihood: -54402.793213
[00:38:24] Bootstrap tree #90, logLikelihood: -54406.804449
[00:38:48] Bootstrap tree #91, logLikelihood: -53539.253296
[00:39:17] Bootstrap tree #92, logLikelihood: -53986.407814
[00:39:40] Bootstrap tree #93, logLikelihood: -53759.547332
[00:40:03] Bootstrap tree #94, logLikelihood: -53302.457499
[00:40:29] Bootstrap tree #95, logLikelihood: -55026.749890
[00:40:50] Bootstrap tree #96, logLikelihood: -53195.703684
[00:41:12] Bootstrap tree #97, logLikelihood: -53977.255762
[00:41:36] Bootstrap tree #98, logLikelihood: -54297.654536
[00:42:03] Bootstrap tree #99, logLikelihood: -54693.217056
[00:42:30] Bootstrap tree #100, logLikelihood: -54625.713784

Optimized model parameters:

   Partition 0: noname
   Rate heterogeneity: GAMMA (4 cats, mean),  alpha: 0.513131 (ML),  weights&rates: (0.250000,0.035847) (0.250000,0.260402) (0.250000,0.829593) (0.250000,2.874159) 
   Base frequencies (ML): 0.298979 0.201002 0.213147 0.286872 
   Substitution rates (ML): 1.620309 6.277202 1.046798 1.311410 6.671673 1.000000 

Final LogLikelihood: -54232.532827

All ML trees saved to: /mnt/lustre/scratch/home/uvi/be/avs/cancer_genes_selection/genes/ATR/tree/ATR_trimmed.raxml.mlTrees
Best ML tree saved to: /mnt/lustre/scratch/home/uvi/be/avs/cancer_genes_selection/genes/ATR/tree/ATR_trimmed.raxml.bestTree
Best ML tree with bootstrap support values saved to: /mnt/lustre/scratch/home/uvi/be/avs/cancer_genes_selection/genes/ATR/tree/ATR_trimmed.raxml.support
Optimized model saved to: /mnt/lustre/scratch/home/uvi/be/avs/cancer_genes_selection/genes/ATR/tree/ATR_trimmed.raxml.bestModel
Bootstrap trees saved to: /mnt/lustre/scratch/home/uvi/be/avs/cancer_genes_selection/genes/ATR/tree/ATR_trimmed.raxml.bootstraps

Execution log saved to: /mnt/lustre/scratch/home/uvi/be/avs/cancer_genes_selection/genes/ATR/tree/ATR_trimmed.raxml.log

Analysis started: 26-Mar-2018 19:28:20 / finished: 26-Mar-2018 20:10:54

Elapsed time: 2554.867 seconds

